python optAnhark2optZ.py 15 0.24 0.27 10 -0.06 -0.048 /p/QSOpt/NAEopt/optZ/runZn4k2resplus/part081/
0 /p/QSOpt/NAEopt/optZ/runZn4k2resplus/part081/
1 /p/QSOpt/NAEopt/optZ/runZn4k2resplus/part081/
2 /p/QSOpt/NAEopt/optZ/runZn4k2resplus/part081/
3 /p/QSOpt/NAEopt/optZ/runZn4k2resplus/part081/
4 /p/QSOpt/NAEopt/optZ/runZn4k2resplus/part081/
5 /p/QSOpt/NAEopt/optZ/runZn4k2resplus/part081/
6 /p/QSOpt/NAEopt/optZ/runZn4k2resplus/part081/
7 /p/QSOpt/NAEopt/optZ/runZn4k2resplus/part081/
8 /p/QSOpt/NAEopt/optZ/runZn4k2resplus/part081/
9 /p/QSOpt/NAEopt/optZ/runZn4k2resplus/part081/
0 /p/QSOpt/NAEopt/optZ/runZn4k2resplus/part081/
0 /p/QSOpt/NAEopt/optZ/runZn4k2resplus/part081/
1 /p/QSOpt/NAEopt/optZ/runZn4k2resplus/part081/
2 /p/QSOpt/NAEopt/optZ/runZn4k2resplus/part081/
3 /p/QSOpt/NAEopt/optZ/runZn4k2resplus/part081/
4 /p/QSOpt/NAEopt/optZ/runZn4k2resplus/part081/
5 /p/QSOpt/NAEopt/optZ/runZn4k2resplus/part081/
6 /p/QSOpt/NAEopt/optZ/runZn4k2resplus/part081/
7 /p/QSOpt/NAEopt/optZ/runZn4k2resplus/part081/
8 /p/QSOpt/NAEopt/optZ/runZn4k2resplus/part081/
9 /p/QSOpt/NAEopt/optZ/runZn4k2resplus/part081/
1 /p/QSOpt/NAEopt/optZ/runZn4k2resplus/part081/
0 /p/QSOpt/NAEopt/optZ/runZn4k2resplus/part081/
1 /p/QSOpt/NAEopt/optZ/runZn4k2resplus/part081/
2 /p/QSOpt/NAEopt/optZ/runZn4k2resplus/part081/
3 /p/QSOpt/NAEopt/optZ/runZn4k2resplus/part081/
4 /p/QSOpt/NAEopt/optZ/runZn4k2resplus/part081/
5 /p/QSOpt/NAEopt/optZ/runZn4k2resplus/part081/
6 /p/QSOpt/NAEopt/optZ/runZn4k2resplus/part081/
7 /p/QSOpt/NAEopt/optZ/runZn4k2resplus/part081/
8 /p/QSOpt/NAEopt/optZ/runZn4k2resplus/part081/
9 /p/QSOpt/NAEopt/optZ/runZn4k2resplus/part081/
2 /p/QSOpt/NAEopt/optZ/runZn4k2resplus/part081/
0 /p/QSOpt/NAEopt/optZ/runZn4k2resplus/part081/
1 /p/QSOpt/NAEopt/optZ/runZn4k2resplus/part081/
2 /p/QSOpt/NAEopt/optZ/runZn4k2resplus/part081/
3 /p/QSOpt/NAEopt/optZ/runZn4k2resplus/part081/
4 /p/QSOpt/NAEopt/optZ/runZn4k2resplus/part081/
5 /p/QSOpt/NAEopt/optZ/runZn4k2resplus/part081/
6 /p/QSOpt/NAEopt/optZ/runZn4k2resplus/part081/
7 /p/QSOpt/NAEopt/optZ/runZn4k2resplus/part081/
8 /p/QSOpt/NAEopt/optZ/runZn4k2resplus/part081/
9 /p/QSOpt/NAEopt/optZ/runZn4k2resplus/part081/
3 /p/QSOpt/NAEopt/optZ/runZn4k2resplus/part081/
0 /p/QSOpt/NAEopt/optZ/runZn4k2resplus/part081/
1 /p/QSOpt/NAEopt/optZ/runZn4k2resplus/part081/
2 /p/QSOpt/NAEopt/optZ/runZn4k2resplus/part081/
3 /p/QSOpt/NAEopt/optZ/runZn4k2resplus/part081/
4 /p/QSOpt/NAEopt/optZ/runZn4k2resplus/part081/
5 /p/QSOpt/NAEopt/optZ/runZn4k2resplus/part081/
6 /p/QSOpt/NAEopt/optZ/runZn4k2resplus/part081/
7 /p/QSOpt/NAEopt/optZ/runZn4k2resplus/part081/
8 /p/QSOpt/NAEopt/optZ/runZn4k2resplus/part081/
9 /p/QSOpt/NAEopt/optZ/runZn4k2resplus/part081/
4 /p/QSOpt/NAEopt/optZ/runZn4k2resplus/part081/
0 /p/QSOpt/NAEopt/optZ/runZn4k2resplus/part081/
1 /p/QSOpt/NAEopt/optZ/runZn4k2resplus/part081/
2 /p/QSOpt/NAEopt/optZ/runZn4k2resplus/part081/
3 /p/QSOpt/NAEopt/optZ/runZn4k2resplus/part081/
4 /p/QSOpt/NAEopt/optZ/runZn4k2resplus/part081/
5 /p/QSOpt/NAEopt/optZ/runZn4k2resplus/part081/
6 /p/QSOpt/NAEopt/optZ/runZn4k2resplus/part081/
7 /p/QSOpt/NAEopt/optZ/runZn4k2resplus/part081/
8 /p/QSOpt/NAEopt/optZ/runZn4k2resplus/part081/
9 /p/QSOpt/NAEopt/optZ/runZn4k2resplus/part081/
5 /p/QSOpt/NAEopt/optZ/runZn4k2resplus/part081/
0 /p/QSOpt/NAEopt/optZ/runZn4k2resplus/part081/
1 /p/QSOpt/NAEopt/optZ/runZn4k2resplus/part081/
2 /p/QSOpt/NAEopt/optZ/runZn4k2resplus/part081/
3 /p/QSOpt/NAEopt/optZ/runZn4k2resplus/part081/
4 /p/QSOpt/NAEopt/optZ/runZn4k2resplus/part081/
5 /p/QSOpt/NAEopt/optZ/runZn4k2resplus/part081/
6 /p/QSOpt/NAEopt/optZ/runZn4k2resplus/part081/
7 /p/QSOpt/NAEopt/optZ/runZn4k2resplus/part081/
8 /p/QSOpt/NAEopt/optZ/runZn4k2resplus/part081/
9 /p/QSOpt/NAEopt/optZ/runZn4k2resplus/part081/
6 /p/QSOpt/NAEopt/optZ/runZn4k2resplus/part081/
0 /p/QSOpt/NAEopt/optZ/runZn4k2resplus/part081/
1 /p/QSOpt/NAEopt/optZ/runZn4k2resplus/part081/
2 /p/QSOpt/NAEopt/optZ/runZn4k2resplus/part081/
3 /p/QSOpt/NAEopt/optZ/runZn4k2resplus/part081/
4 /p/QSOpt/NAEopt/optZ/runZn4k2resplus/part081/
5 /p/QSOpt/NAEopt/optZ/runZn4k2resplus/part081/
6 /p/QSOpt/NAEopt/optZ/runZn4k2resplus/part081/
7 /p/QSOpt/NAEopt/optZ/runZn4k2resplus/part081/
8 /p/QSOpt/NAEopt/optZ/runZn4k2resplus/part081/
9 /p/QSOpt/NAEopt/optZ/runZn4k2resplus/part081/
7 /p/QSOpt/NAEopt/optZ/runZn4k2resplus/part081/
0 /p/QSOpt/NAEopt/optZ/runZn4k2resplus/part081/
1 /p/QSOpt/NAEopt/optZ/runZn4k2resplus/part081/
2 /p/QSOpt/NAEopt/optZ/runZn4k2resplus/part081/
3 /p/QSOpt/NAEopt/optZ/runZn4k2resplus/part081/
4 /p/QSOpt/NAEopt/optZ/runZn4k2resplus/part081/
5 /p/QSOpt/NAEopt/optZ/runZn4k2resplus/part081/
6 /p/QSOpt/NAEopt/optZ/runZn4k2resplus/part081/
7 /p/QSOpt/NAEopt/optZ/runZn4k2resplus/part081/
8 /p/QSOpt/NAEopt/optZ/runZn4k2resplus/part081/
9 /p/QSOpt/NAEopt/optZ/runZn4k2resplus/part081/
8 /p/QSOpt/NAEopt/optZ/runZn4k2resplus/part081/
0 /p/QSOpt/NAEopt/optZ/runZn4k2resplus/part081/
1 /p/QSOpt/NAEopt/optZ/runZn4k2resplus/part081/
2 /p/QSOpt/NAEopt/optZ/runZn4k2resplus/part081/
3 /p/QSOpt/NAEopt/optZ/runZn4k2resplus/part081/
4 /p/QSOpt/NAEopt/optZ/runZn4k2resplus/part081/
5 /p/QSOpt/NAEopt/optZ/runZn4k2resplus/part081/
6 /p/QSOpt/NAEopt/optZ/runZn4k2resplus/part081/
7 /p/QSOpt/NAEopt/optZ/runZn4k2resplus/part081/
8 /p/QSOpt/NAEopt/optZ/runZn4k2resplus/part081/
9 /p/QSOpt/NAEopt/optZ/runZn4k2resplus/part081/
9 /p/QSOpt/NAEopt/optZ/runZn4k2resplus/part081/
0 /p/QSOpt/NAEopt/optZ/runZn4k2resplus/part081/
1 /p/QSOpt/NAEopt/optZ/runZn4k2resplus/part081/
2 /p/QSOpt/NAEopt/optZ/runZn4k2resplus/part081/
3 /p/QSOpt/NAEopt/optZ/runZn4k2resplus/part081/
4 /p/QSOpt/NAEopt/optZ/runZn4k2resplus/part081/
5 /p/QSOpt/NAEopt/optZ/runZn4k2resplus/part081/
6 /p/QSOpt/NAEopt/optZ/runZn4k2resplus/part081/
7 /p/QSOpt/NAEopt/optZ/runZn4k2resplus/part081/
8 /p/QSOpt/NAEopt/optZ/runZn4k2resplus/part081/
9 /p/QSOpt/NAEopt/optZ/runZn4k2resplus/part081/
10 /p/QSOpt/NAEopt/optZ/runZn4k2resplus/part081/
0 /p/QSOpt/NAEopt/optZ/runZn4k2resplus/part081/
1 /p/QSOpt/NAEopt/optZ/runZn4k2resplus/part081/
2 /p/QSOpt/NAEopt/optZ/runZn4k2resplus/part081/
3 /p/QSOpt/NAEopt/optZ/runZn4k2resplus/part081/
4 /p/QSOpt/NAEopt/optZ/runZn4k2resplus/part081/
5 /p/QSOpt/NAEopt/optZ/runZn4k2resplus/part081/
6 /p/QSOpt/NAEopt/optZ/runZn4k2resplus/part081/
7 /p/QSOpt/NAEopt/optZ/runZn4k2resplus/part081/
8 /p/QSOpt/NAEopt/optZ/runZn4k2resplus/part081/
9 /p/QSOpt/NAEopt/optZ/runZn4k2resplus/part081/
11 /p/QSOpt/NAEopt/optZ/runZn4k2resplus/part081/
0 /p/QSOpt/NAEopt/optZ/runZn4k2resplus/part081/
1 /p/QSOpt/NAEopt/optZ/runZn4k2resplus/part081/
2 /p/QSOpt/NAEopt/optZ/runZn4k2resplus/part081/
3 /p/QSOpt/NAEopt/optZ/runZn4k2resplus/part081/
4 /p/QSOpt/NAEopt/optZ/runZn4k2resplus/part081/
5 /p/QSOpt/NAEopt/optZ/runZn4k2resplus/part081/
6 /p/QSOpt/NAEopt/optZ/runZn4k2resplus/part081/
7 /p/QSOpt/NAEopt/optZ/runZn4k2resplus/part081/
8 /p/QSOpt/NAEopt/optZ/runZn4k2resplus/part081/
9 /p/QSOpt/NAEopt/optZ/runZn4k2resplus/part081/
12 /p/QSOpt/NAEopt/optZ/runZn4k2resplus/part081/
0 /p/QSOpt/NAEopt/optZ/runZn4k2resplus/part081/
1 /p/QSOpt/NAEopt/optZ/runZn4k2resplus/part081/
2 /p/QSOpt/NAEopt/optZ/runZn4k2resplus/part081/
3 /p/QSOpt/NAEopt/optZ/runZn4k2resplus/part081/
4 /p/QSOpt/NAEopt/optZ/runZn4k2resplus/part081/
5 /p/QSOpt/NAEopt/optZ/runZn4k2resplus/part081/
6 /p/QSOpt/NAEopt/optZ/runZn4k2resplus/part081/
7 /p/QSOpt/NAEopt/optZ/runZn4k2resplus/part081/
8 /p/QSOpt/NAEopt/optZ/runZn4k2resplus/part081/
9 /p/QSOpt/NAEopt/optZ/runZn4k2resplus/part081/
13 /p/QSOpt/NAEopt/optZ/runZn4k2resplus/part081/
0 /p/QSOpt/NAEopt/optZ/runZn4k2resplus/part081/
1 /p/QSOpt/NAEopt/optZ/runZn4k2resplus/part081/
2 /p/QSOpt/NAEopt/optZ/runZn4k2resplus/part081/
3 /p/QSOpt/NAEopt/optZ/runZn4k2resplus/part081/
4 /p/QSOpt/NAEopt/optZ/runZn4k2resplus/part081/
5 /p/QSOpt/NAEopt/optZ/runZn4k2resplus/part081/
6 /p/QSOpt/NAEopt/optZ/runZn4k2resplus/part081/
7 /p/QSOpt/NAEopt/optZ/runZn4k2resplus/part081/
8 /p/QSOpt/NAEopt/optZ/runZn4k2resplus/part081/
9 /p/QSOpt/NAEopt/optZ/runZn4k2resplus/part081/
14 /p/QSOpt/NAEopt/optZ/runZn4k2resplus/part081/
