python optAnhark2optZ.py 15 0.21 0.24 10 -0.011999999999999997 0.0 /p/QSOpt/NAEopt/optZ/runZn4k2resplus/part075/
0 /p/QSOpt/NAEopt/optZ/runZn4k2resplus/part075/
1 /p/QSOpt/NAEopt/optZ/runZn4k2resplus/part075/
2 /p/QSOpt/NAEopt/optZ/runZn4k2resplus/part075/
3 /p/QSOpt/NAEopt/optZ/runZn4k2resplus/part075/
4 /p/QSOpt/NAEopt/optZ/runZn4k2resplus/part075/
5 /p/QSOpt/NAEopt/optZ/runZn4k2resplus/part075/
6 /p/QSOpt/NAEopt/optZ/runZn4k2resplus/part075/
7 /p/QSOpt/NAEopt/optZ/runZn4k2resplus/part075/
8 /p/QSOpt/NAEopt/optZ/runZn4k2resplus/part075/
9 /p/QSOpt/NAEopt/optZ/runZn4k2resplus/part075/
0 /p/QSOpt/NAEopt/optZ/runZn4k2resplus/part075/
0 /p/QSOpt/NAEopt/optZ/runZn4k2resplus/part075/
1 /p/QSOpt/NAEopt/optZ/runZn4k2resplus/part075/
2 /p/QSOpt/NAEopt/optZ/runZn4k2resplus/part075/
3 /p/QSOpt/NAEopt/optZ/runZn4k2resplus/part075/
4 /p/QSOpt/NAEopt/optZ/runZn4k2resplus/part075/
5 /p/QSOpt/NAEopt/optZ/runZn4k2resplus/part075/
6 /p/QSOpt/NAEopt/optZ/runZn4k2resplus/part075/
7 /p/QSOpt/NAEopt/optZ/runZn4k2resplus/part075/
8 /p/QSOpt/NAEopt/optZ/runZn4k2resplus/part075/
9 /p/QSOpt/NAEopt/optZ/runZn4k2resplus/part075/
1 /p/QSOpt/NAEopt/optZ/runZn4k2resplus/part075/
0 /p/QSOpt/NAEopt/optZ/runZn4k2resplus/part075/
1 /p/QSOpt/NAEopt/optZ/runZn4k2resplus/part075/
2 /p/QSOpt/NAEopt/optZ/runZn4k2resplus/part075/
3 /p/QSOpt/NAEopt/optZ/runZn4k2resplus/part075/
4 /p/QSOpt/NAEopt/optZ/runZn4k2resplus/part075/
5 /p/QSOpt/NAEopt/optZ/runZn4k2resplus/part075/
6 /p/QSOpt/NAEopt/optZ/runZn4k2resplus/part075/
7 /p/QSOpt/NAEopt/optZ/runZn4k2resplus/part075/
8 /p/QSOpt/NAEopt/optZ/runZn4k2resplus/part075/
9 /p/QSOpt/NAEopt/optZ/runZn4k2resplus/part075/
2 /p/QSOpt/NAEopt/optZ/runZn4k2resplus/part075/
0 /p/QSOpt/NAEopt/optZ/runZn4k2resplus/part075/
1 /p/QSOpt/NAEopt/optZ/runZn4k2resplus/part075/
2 /p/QSOpt/NAEopt/optZ/runZn4k2resplus/part075/
3 /p/QSOpt/NAEopt/optZ/runZn4k2resplus/part075/
4 /p/QSOpt/NAEopt/optZ/runZn4k2resplus/part075/
5 /p/QSOpt/NAEopt/optZ/runZn4k2resplus/part075/
6 /p/QSOpt/NAEopt/optZ/runZn4k2resplus/part075/
7 /p/QSOpt/NAEopt/optZ/runZn4k2resplus/part075/
8 /p/QSOpt/NAEopt/optZ/runZn4k2resplus/part075/
9 /p/QSOpt/NAEopt/optZ/runZn4k2resplus/part075/
3 /p/QSOpt/NAEopt/optZ/runZn4k2resplus/part075/
0 /p/QSOpt/NAEopt/optZ/runZn4k2resplus/part075/
1 /p/QSOpt/NAEopt/optZ/runZn4k2resplus/part075/
2 /p/QSOpt/NAEopt/optZ/runZn4k2resplus/part075/
3 /p/QSOpt/NAEopt/optZ/runZn4k2resplus/part075/
4 /p/QSOpt/NAEopt/optZ/runZn4k2resplus/part075/
5 /p/QSOpt/NAEopt/optZ/runZn4k2resplus/part075/
6 /p/QSOpt/NAEopt/optZ/runZn4k2resplus/part075/
7 /p/QSOpt/NAEopt/optZ/runZn4k2resplus/part075/
8 /p/QSOpt/NAEopt/optZ/runZn4k2resplus/part075/
9 /p/QSOpt/NAEopt/optZ/runZn4k2resplus/part075/
4 /p/QSOpt/NAEopt/optZ/runZn4k2resplus/part075/
0 /p/QSOpt/NAEopt/optZ/runZn4k2resplus/part075/
1 /p/QSOpt/NAEopt/optZ/runZn4k2resplus/part075/
2 /p/QSOpt/NAEopt/optZ/runZn4k2resplus/part075/
3 /p/QSOpt/NAEopt/optZ/runZn4k2resplus/part075/
4 /p/QSOpt/NAEopt/optZ/runZn4k2resplus/part075/
5 /p/QSOpt/NAEopt/optZ/runZn4k2resplus/part075/
6 /p/QSOpt/NAEopt/optZ/runZn4k2resplus/part075/
7 /p/QSOpt/NAEopt/optZ/runZn4k2resplus/part075/
8 /p/QSOpt/NAEopt/optZ/runZn4k2resplus/part075/
9 /p/QSOpt/NAEopt/optZ/runZn4k2resplus/part075/
5 /p/QSOpt/NAEopt/optZ/runZn4k2resplus/part075/
0 /p/QSOpt/NAEopt/optZ/runZn4k2resplus/part075/
1 /p/QSOpt/NAEopt/optZ/runZn4k2resplus/part075/
2 /p/QSOpt/NAEopt/optZ/runZn4k2resplus/part075/
3 /p/QSOpt/NAEopt/optZ/runZn4k2resplus/part075/
4 /p/QSOpt/NAEopt/optZ/runZn4k2resplus/part075/
5 /p/QSOpt/NAEopt/optZ/runZn4k2resplus/part075/
6 /p/QSOpt/NAEopt/optZ/runZn4k2resplus/part075/
7 /p/QSOpt/NAEopt/optZ/runZn4k2resplus/part075/
8 /p/QSOpt/NAEopt/optZ/runZn4k2resplus/part075/
9 /p/QSOpt/NAEopt/optZ/runZn4k2resplus/part075/
6 /p/QSOpt/NAEopt/optZ/runZn4k2resplus/part075/
0 /p/QSOpt/NAEopt/optZ/runZn4k2resplus/part075/
1 /p/QSOpt/NAEopt/optZ/runZn4k2resplus/part075/
2 /p/QSOpt/NAEopt/optZ/runZn4k2resplus/part075/
3 /p/QSOpt/NAEopt/optZ/runZn4k2resplus/part075/
4 /p/QSOpt/NAEopt/optZ/runZn4k2resplus/part075/
5 /p/QSOpt/NAEopt/optZ/runZn4k2resplus/part075/
6 /p/QSOpt/NAEopt/optZ/runZn4k2resplus/part075/
7 /p/QSOpt/NAEopt/optZ/runZn4k2resplus/part075/
8 /p/QSOpt/NAEopt/optZ/runZn4k2resplus/part075/
9 /p/QSOpt/NAEopt/optZ/runZn4k2resplus/part075/
7 /p/QSOpt/NAEopt/optZ/runZn4k2resplus/part075/
0 /p/QSOpt/NAEopt/optZ/runZn4k2resplus/part075/
1 /p/QSOpt/NAEopt/optZ/runZn4k2resplus/part075/
2 /p/QSOpt/NAEopt/optZ/runZn4k2resplus/part075/
3 /p/QSOpt/NAEopt/optZ/runZn4k2resplus/part075/
4 /p/QSOpt/NAEopt/optZ/runZn4k2resplus/part075/
5 /p/QSOpt/NAEopt/optZ/runZn4k2resplus/part075/
6 /p/QSOpt/NAEopt/optZ/runZn4k2resplus/part075/
7 /p/QSOpt/NAEopt/optZ/runZn4k2resplus/part075/
8 /p/QSOpt/NAEopt/optZ/runZn4k2resplus/part075/
9 /p/QSOpt/NAEopt/optZ/runZn4k2resplus/part075/
8 /p/QSOpt/NAEopt/optZ/runZn4k2resplus/part075/
0 /p/QSOpt/NAEopt/optZ/runZn4k2resplus/part075/
1 /p/QSOpt/NAEopt/optZ/runZn4k2resplus/part075/
2 /p/QSOpt/NAEopt/optZ/runZn4k2resplus/part075/
3 /p/QSOpt/NAEopt/optZ/runZn4k2resplus/part075/
4 /p/QSOpt/NAEopt/optZ/runZn4k2resplus/part075/
5 /p/QSOpt/NAEopt/optZ/runZn4k2resplus/part075/
6 /p/QSOpt/NAEopt/optZ/runZn4k2resplus/part075/
7 /p/QSOpt/NAEopt/optZ/runZn4k2resplus/part075/
8 /p/QSOpt/NAEopt/optZ/runZn4k2resplus/part075/
9 /p/QSOpt/NAEopt/optZ/runZn4k2resplus/part075/
9 /p/QSOpt/NAEopt/optZ/runZn4k2resplus/part075/
0 /p/QSOpt/NAEopt/optZ/runZn4k2resplus/part075/
1 /p/QSOpt/NAEopt/optZ/runZn4k2resplus/part075/
2 /p/QSOpt/NAEopt/optZ/runZn4k2resplus/part075/
3 /p/QSOpt/NAEopt/optZ/runZn4k2resplus/part075/
4 /p/QSOpt/NAEopt/optZ/runZn4k2resplus/part075/
5 /p/QSOpt/NAEopt/optZ/runZn4k2resplus/part075/
6 /p/QSOpt/NAEopt/optZ/runZn4k2resplus/part075/
7 /p/QSOpt/NAEopt/optZ/runZn4k2resplus/part075/
8 /p/QSOpt/NAEopt/optZ/runZn4k2resplus/part075/
9 /p/QSOpt/NAEopt/optZ/runZn4k2resplus/part075/
10 /p/QSOpt/NAEopt/optZ/runZn4k2resplus/part075/
0 /p/QSOpt/NAEopt/optZ/runZn4k2resplus/part075/
1 /p/QSOpt/NAEopt/optZ/runZn4k2resplus/part075/
2 /p/QSOpt/NAEopt/optZ/runZn4k2resplus/part075/
3 /p/QSOpt/NAEopt/optZ/runZn4k2resplus/part075/
4 /p/QSOpt/NAEopt/optZ/runZn4k2resplus/part075/
5 /p/QSOpt/NAEopt/optZ/runZn4k2resplus/part075/
6 /p/QSOpt/NAEopt/optZ/runZn4k2resplus/part075/
7 /p/QSOpt/NAEopt/optZ/runZn4k2resplus/part075/
8 /p/QSOpt/NAEopt/optZ/runZn4k2resplus/part075/
9 /p/QSOpt/NAEopt/optZ/runZn4k2resplus/part075/
11 /p/QSOpt/NAEopt/optZ/runZn4k2resplus/part075/
0 /p/QSOpt/NAEopt/optZ/runZn4k2resplus/part075/
1 /p/QSOpt/NAEopt/optZ/runZn4k2resplus/part075/
2 /p/QSOpt/NAEopt/optZ/runZn4k2resplus/part075/
3 /p/QSOpt/NAEopt/optZ/runZn4k2resplus/part075/
4 /p/QSOpt/NAEopt/optZ/runZn4k2resplus/part075/
5 /p/QSOpt/NAEopt/optZ/runZn4k2resplus/part075/
6 /p/QSOpt/NAEopt/optZ/runZn4k2resplus/part075/
7 /p/QSOpt/NAEopt/optZ/runZn4k2resplus/part075/
8 /p/QSOpt/NAEopt/optZ/runZn4k2resplus/part075/
9 /p/QSOpt/NAEopt/optZ/runZn4k2resplus/part075/
12 /p/QSOpt/NAEopt/optZ/runZn4k2resplus/part075/
0 /p/QSOpt/NAEopt/optZ/runZn4k2resplus/part075/
1 /p/QSOpt/NAEopt/optZ/runZn4k2resplus/part075/
2 /p/QSOpt/NAEopt/optZ/runZn4k2resplus/part075/
3 /p/QSOpt/NAEopt/optZ/runZn4k2resplus/part075/
4 /p/QSOpt/NAEopt/optZ/runZn4k2resplus/part075/
5 /p/QSOpt/NAEopt/optZ/runZn4k2resplus/part075/
6 /p/QSOpt/NAEopt/optZ/runZn4k2resplus/part075/
7 /p/QSOpt/NAEopt/optZ/runZn4k2resplus/part075/
8 /p/QSOpt/NAEopt/optZ/runZn4k2resplus/part075/
9 /p/QSOpt/NAEopt/optZ/runZn4k2resplus/part075/
13 /p/QSOpt/NAEopt/optZ/runZn4k2resplus/part075/
0 /p/QSOpt/NAEopt/optZ/runZn4k2resplus/part075/
1 /p/QSOpt/NAEopt/optZ/runZn4k2resplus/part075/
2 /p/QSOpt/NAEopt/optZ/runZn4k2resplus/part075/
3 /p/QSOpt/NAEopt/optZ/runZn4k2resplus/part075/
4 /p/QSOpt/NAEopt/optZ/runZn4k2resplus/part075/
5 /p/QSOpt/NAEopt/optZ/runZn4k2resplus/part075/
6 /p/QSOpt/NAEopt/optZ/runZn4k2resplus/part075/
7 /p/QSOpt/NAEopt/optZ/runZn4k2resplus/part075/
8 /p/QSOpt/NAEopt/optZ/runZn4k2resplus/part075/
9 /p/QSOpt/NAEopt/optZ/runZn4k2resplus/part075/
14 /p/QSOpt/NAEopt/optZ/runZn4k2resplus/part075/
