python optAnhark2optZ.py 15 0.03 0.06 10 -0.036 -0.023999999999999994 /p/QSOpt/NAEopt/optZ/runZn4k2resplus/part013/
0 /p/QSOpt/NAEopt/optZ/runZn4k2resplus/part013/
1 /p/QSOpt/NAEopt/optZ/runZn4k2resplus/part013/
2 /p/QSOpt/NAEopt/optZ/runZn4k2resplus/part013/
3 /p/QSOpt/NAEopt/optZ/runZn4k2resplus/part013/
4 /p/QSOpt/NAEopt/optZ/runZn4k2resplus/part013/
5 /p/QSOpt/NAEopt/optZ/runZn4k2resplus/part013/
6 /p/QSOpt/NAEopt/optZ/runZn4k2resplus/part013/
7 /p/QSOpt/NAEopt/optZ/runZn4k2resplus/part013/
8 /p/QSOpt/NAEopt/optZ/runZn4k2resplus/part013/
9 /p/QSOpt/NAEopt/optZ/runZn4k2resplus/part013/
0 /p/QSOpt/NAEopt/optZ/runZn4k2resplus/part013/
0 /p/QSOpt/NAEopt/optZ/runZn4k2resplus/part013/
1 /p/QSOpt/NAEopt/optZ/runZn4k2resplus/part013/
2 /p/QSOpt/NAEopt/optZ/runZn4k2resplus/part013/
3 /p/QSOpt/NAEopt/optZ/runZn4k2resplus/part013/
4 /p/QSOpt/NAEopt/optZ/runZn4k2resplus/part013/
5 /p/QSOpt/NAEopt/optZ/runZn4k2resplus/part013/
6 /p/QSOpt/NAEopt/optZ/runZn4k2resplus/part013/
7 /p/QSOpt/NAEopt/optZ/runZn4k2resplus/part013/
8 /p/QSOpt/NAEopt/optZ/runZn4k2resplus/part013/
9 /p/QSOpt/NAEopt/optZ/runZn4k2resplus/part013/
1 /p/QSOpt/NAEopt/optZ/runZn4k2resplus/part013/
0 /p/QSOpt/NAEopt/optZ/runZn4k2resplus/part013/
1 /p/QSOpt/NAEopt/optZ/runZn4k2resplus/part013/
2 /p/QSOpt/NAEopt/optZ/runZn4k2resplus/part013/
3 /p/QSOpt/NAEopt/optZ/runZn4k2resplus/part013/
4 /p/QSOpt/NAEopt/optZ/runZn4k2resplus/part013/
5 /p/QSOpt/NAEopt/optZ/runZn4k2resplus/part013/
6 /p/QSOpt/NAEopt/optZ/runZn4k2resplus/part013/
7 /p/QSOpt/NAEopt/optZ/runZn4k2resplus/part013/
8 /p/QSOpt/NAEopt/optZ/runZn4k2resplus/part013/
9 /p/QSOpt/NAEopt/optZ/runZn4k2resplus/part013/
2 /p/QSOpt/NAEopt/optZ/runZn4k2resplus/part013/
0 /p/QSOpt/NAEopt/optZ/runZn4k2resplus/part013/
1 /p/QSOpt/NAEopt/optZ/runZn4k2resplus/part013/
2 /p/QSOpt/NAEopt/optZ/runZn4k2resplus/part013/
3 /p/QSOpt/NAEopt/optZ/runZn4k2resplus/part013/
4 /p/QSOpt/NAEopt/optZ/runZn4k2resplus/part013/
5 /p/QSOpt/NAEopt/optZ/runZn4k2resplus/part013/
6 /p/QSOpt/NAEopt/optZ/runZn4k2resplus/part013/
7 /p/QSOpt/NAEopt/optZ/runZn4k2resplus/part013/
8 /p/QSOpt/NAEopt/optZ/runZn4k2resplus/part013/
9 /p/QSOpt/NAEopt/optZ/runZn4k2resplus/part013/
3 /p/QSOpt/NAEopt/optZ/runZn4k2resplus/part013/
0 /p/QSOpt/NAEopt/optZ/runZn4k2resplus/part013/
1 /p/QSOpt/NAEopt/optZ/runZn4k2resplus/part013/
2 /p/QSOpt/NAEopt/optZ/runZn4k2resplus/part013/
3 /p/QSOpt/NAEopt/optZ/runZn4k2resplus/part013/
4 /p/QSOpt/NAEopt/optZ/runZn4k2resplus/part013/
5 /p/QSOpt/NAEopt/optZ/runZn4k2resplus/part013/
6 /p/QSOpt/NAEopt/optZ/runZn4k2resplus/part013/
7 /p/QSOpt/NAEopt/optZ/runZn4k2resplus/part013/
8 /p/QSOpt/NAEopt/optZ/runZn4k2resplus/part013/
9 /p/QSOpt/NAEopt/optZ/runZn4k2resplus/part013/
4 /p/QSOpt/NAEopt/optZ/runZn4k2resplus/part013/
0 /p/QSOpt/NAEopt/optZ/runZn4k2resplus/part013/
1 /p/QSOpt/NAEopt/optZ/runZn4k2resplus/part013/
2 /p/QSOpt/NAEopt/optZ/runZn4k2resplus/part013/
3 /p/QSOpt/NAEopt/optZ/runZn4k2resplus/part013/
4 /p/QSOpt/NAEopt/optZ/runZn4k2resplus/part013/
5 /p/QSOpt/NAEopt/optZ/runZn4k2resplus/part013/
6 /p/QSOpt/NAEopt/optZ/runZn4k2resplus/part013/
7 /p/QSOpt/NAEopt/optZ/runZn4k2resplus/part013/
8 /p/QSOpt/NAEopt/optZ/runZn4k2resplus/part013/
9 /p/QSOpt/NAEopt/optZ/runZn4k2resplus/part013/
5 /p/QSOpt/NAEopt/optZ/runZn4k2resplus/part013/
0 /p/QSOpt/NAEopt/optZ/runZn4k2resplus/part013/
1 /p/QSOpt/NAEopt/optZ/runZn4k2resplus/part013/
2 /p/QSOpt/NAEopt/optZ/runZn4k2resplus/part013/
3 /p/QSOpt/NAEopt/optZ/runZn4k2resplus/part013/
4 /p/QSOpt/NAEopt/optZ/runZn4k2resplus/part013/
5 /p/QSOpt/NAEopt/optZ/runZn4k2resplus/part013/
6 /p/QSOpt/NAEopt/optZ/runZn4k2resplus/part013/
7 /p/QSOpt/NAEopt/optZ/runZn4k2resplus/part013/
8 /p/QSOpt/NAEopt/optZ/runZn4k2resplus/part013/
9 /p/QSOpt/NAEopt/optZ/runZn4k2resplus/part013/
6 /p/QSOpt/NAEopt/optZ/runZn4k2resplus/part013/
0 /p/QSOpt/NAEopt/optZ/runZn4k2resplus/part013/
1 /p/QSOpt/NAEopt/optZ/runZn4k2resplus/part013/
2 /p/QSOpt/NAEopt/optZ/runZn4k2resplus/part013/
3 /p/QSOpt/NAEopt/optZ/runZn4k2resplus/part013/
4 /p/QSOpt/NAEopt/optZ/runZn4k2resplus/part013/
5 /p/QSOpt/NAEopt/optZ/runZn4k2resplus/part013/
6 /p/QSOpt/NAEopt/optZ/runZn4k2resplus/part013/
7 /p/QSOpt/NAEopt/optZ/runZn4k2resplus/part013/
8 /p/QSOpt/NAEopt/optZ/runZn4k2resplus/part013/
9 /p/QSOpt/NAEopt/optZ/runZn4k2resplus/part013/
7 /p/QSOpt/NAEopt/optZ/runZn4k2resplus/part013/
0 /p/QSOpt/NAEopt/optZ/runZn4k2resplus/part013/
1 /p/QSOpt/NAEopt/optZ/runZn4k2resplus/part013/
2 /p/QSOpt/NAEopt/optZ/runZn4k2resplus/part013/
3 /p/QSOpt/NAEopt/optZ/runZn4k2resplus/part013/
4 /p/QSOpt/NAEopt/optZ/runZn4k2resplus/part013/
5 /p/QSOpt/NAEopt/optZ/runZn4k2resplus/part013/
6 /p/QSOpt/NAEopt/optZ/runZn4k2resplus/part013/
7 /p/QSOpt/NAEopt/optZ/runZn4k2resplus/part013/
8 /p/QSOpt/NAEopt/optZ/runZn4k2resplus/part013/
9 /p/QSOpt/NAEopt/optZ/runZn4k2resplus/part013/
8 /p/QSOpt/NAEopt/optZ/runZn4k2resplus/part013/
0 /p/QSOpt/NAEopt/optZ/runZn4k2resplus/part013/
1 /p/QSOpt/NAEopt/optZ/runZn4k2resplus/part013/
2 /p/QSOpt/NAEopt/optZ/runZn4k2resplus/part013/
3 /p/QSOpt/NAEopt/optZ/runZn4k2resplus/part013/
4 /p/QSOpt/NAEopt/optZ/runZn4k2resplus/part013/
5 /p/QSOpt/NAEopt/optZ/runZn4k2resplus/part013/
6 /p/QSOpt/NAEopt/optZ/runZn4k2resplus/part013/
7 /p/QSOpt/NAEopt/optZ/runZn4k2resplus/part013/
8 /p/QSOpt/NAEopt/optZ/runZn4k2resplus/part013/
9 /p/QSOpt/NAEopt/optZ/runZn4k2resplus/part013/
9 /p/QSOpt/NAEopt/optZ/runZn4k2resplus/part013/
0 /p/QSOpt/NAEopt/optZ/runZn4k2resplus/part013/
1 /p/QSOpt/NAEopt/optZ/runZn4k2resplus/part013/
2 /p/QSOpt/NAEopt/optZ/runZn4k2resplus/part013/
3 /p/QSOpt/NAEopt/optZ/runZn4k2resplus/part013/
4 /p/QSOpt/NAEopt/optZ/runZn4k2resplus/part013/
5 /p/QSOpt/NAEopt/optZ/runZn4k2resplus/part013/
6 /p/QSOpt/NAEopt/optZ/runZn4k2resplus/part013/
7 /p/QSOpt/NAEopt/optZ/runZn4k2resplus/part013/
8 /p/QSOpt/NAEopt/optZ/runZn4k2resplus/part013/
9 /p/QSOpt/NAEopt/optZ/runZn4k2resplus/part013/
10 /p/QSOpt/NAEopt/optZ/runZn4k2resplus/part013/
0 /p/QSOpt/NAEopt/optZ/runZn4k2resplus/part013/
1 /p/QSOpt/NAEopt/optZ/runZn4k2resplus/part013/
2 /p/QSOpt/NAEopt/optZ/runZn4k2resplus/part013/
3 /p/QSOpt/NAEopt/optZ/runZn4k2resplus/part013/
4 /p/QSOpt/NAEopt/optZ/runZn4k2resplus/part013/
5 /p/QSOpt/NAEopt/optZ/runZn4k2resplus/part013/
6 /p/QSOpt/NAEopt/optZ/runZn4k2resplus/part013/
7 /p/QSOpt/NAEopt/optZ/runZn4k2resplus/part013/
8 /p/QSOpt/NAEopt/optZ/runZn4k2resplus/part013/
9 /p/QSOpt/NAEopt/optZ/runZn4k2resplus/part013/
11 /p/QSOpt/NAEopt/optZ/runZn4k2resplus/part013/
0 /p/QSOpt/NAEopt/optZ/runZn4k2resplus/part013/
1 /p/QSOpt/NAEopt/optZ/runZn4k2resplus/part013/
2 /p/QSOpt/NAEopt/optZ/runZn4k2resplus/part013/
3 /p/QSOpt/NAEopt/optZ/runZn4k2resplus/part013/
4 /p/QSOpt/NAEopt/optZ/runZn4k2resplus/part013/
5 /p/QSOpt/NAEopt/optZ/runZn4k2resplus/part013/
6 /p/QSOpt/NAEopt/optZ/runZn4k2resplus/part013/
7 /p/QSOpt/NAEopt/optZ/runZn4k2resplus/part013/
8 /p/QSOpt/NAEopt/optZ/runZn4k2resplus/part013/
9 /p/QSOpt/NAEopt/optZ/runZn4k2resplus/part013/
12 /p/QSOpt/NAEopt/optZ/runZn4k2resplus/part013/
0 /p/QSOpt/NAEopt/optZ/runZn4k2resplus/part013/
1 /p/QSOpt/NAEopt/optZ/runZn4k2resplus/part013/
2 /p/QSOpt/NAEopt/optZ/runZn4k2resplus/part013/
3 /p/QSOpt/NAEopt/optZ/runZn4k2resplus/part013/
4 /p/QSOpt/NAEopt/optZ/runZn4k2resplus/part013/
5 /p/QSOpt/NAEopt/optZ/runZn4k2resplus/part013/
6 /p/QSOpt/NAEopt/optZ/runZn4k2resplus/part013/
7 /p/QSOpt/NAEopt/optZ/runZn4k2resplus/part013/
8 /p/QSOpt/NAEopt/optZ/runZn4k2resplus/part013/
9 /p/QSOpt/NAEopt/optZ/runZn4k2resplus/part013/
13 /p/QSOpt/NAEopt/optZ/runZn4k2resplus/part013/
0 /p/QSOpt/NAEopt/optZ/runZn4k2resplus/part013/
1 /p/QSOpt/NAEopt/optZ/runZn4k2resplus/part013/
2 /p/QSOpt/NAEopt/optZ/runZn4k2resplus/part013/
3 /p/QSOpt/NAEopt/optZ/runZn4k2resplus/part013/
4 /p/QSOpt/NAEopt/optZ/runZn4k2resplus/part013/
5 /p/QSOpt/NAEopt/optZ/runZn4k2resplus/part013/
6 /p/QSOpt/NAEopt/optZ/runZn4k2resplus/part013/
7 /p/QSOpt/NAEopt/optZ/runZn4k2resplus/part013/
8 /p/QSOpt/NAEopt/optZ/runZn4k2resplus/part013/
9 /p/QSOpt/NAEopt/optZ/runZn4k2resplus/part013/
14 /p/QSOpt/NAEopt/optZ/runZn4k2resplus/part013/
