python optAnhark2optZ.py 15 0.12 0.15 10 -0.06 -0.048 /p/QSOpt/NAEopt/optZ/runZn4k2resplus/part041/
0 /p/QSOpt/NAEopt/optZ/runZn4k2resplus/part041/
1 /p/QSOpt/NAEopt/optZ/runZn4k2resplus/part041/
2 /p/QSOpt/NAEopt/optZ/runZn4k2resplus/part041/
3 /p/QSOpt/NAEopt/optZ/runZn4k2resplus/part041/
4 /p/QSOpt/NAEopt/optZ/runZn4k2resplus/part041/
5 /p/QSOpt/NAEopt/optZ/runZn4k2resplus/part041/
6 /p/QSOpt/NAEopt/optZ/runZn4k2resplus/part041/
7 /p/QSOpt/NAEopt/optZ/runZn4k2resplus/part041/
8 /p/QSOpt/NAEopt/optZ/runZn4k2resplus/part041/
9 /p/QSOpt/NAEopt/optZ/runZn4k2resplus/part041/
0 /p/QSOpt/NAEopt/optZ/runZn4k2resplus/part041/
0 /p/QSOpt/NAEopt/optZ/runZn4k2resplus/part041/
1 /p/QSOpt/NAEopt/optZ/runZn4k2resplus/part041/
2 /p/QSOpt/NAEopt/optZ/runZn4k2resplus/part041/
3 /p/QSOpt/NAEopt/optZ/runZn4k2resplus/part041/
4 /p/QSOpt/NAEopt/optZ/runZn4k2resplus/part041/
5 /p/QSOpt/NAEopt/optZ/runZn4k2resplus/part041/
6 /p/QSOpt/NAEopt/optZ/runZn4k2resplus/part041/
7 /p/QSOpt/NAEopt/optZ/runZn4k2resplus/part041/
8 /p/QSOpt/NAEopt/optZ/runZn4k2resplus/part041/
9 /p/QSOpt/NAEopt/optZ/runZn4k2resplus/part041/
1 /p/QSOpt/NAEopt/optZ/runZn4k2resplus/part041/
0 /p/QSOpt/NAEopt/optZ/runZn4k2resplus/part041/
1 /p/QSOpt/NAEopt/optZ/runZn4k2resplus/part041/
2 /p/QSOpt/NAEopt/optZ/runZn4k2resplus/part041/
3 /p/QSOpt/NAEopt/optZ/runZn4k2resplus/part041/
4 /p/QSOpt/NAEopt/optZ/runZn4k2resplus/part041/
5 /p/QSOpt/NAEopt/optZ/runZn4k2resplus/part041/
6 /p/QSOpt/NAEopt/optZ/runZn4k2resplus/part041/
7 /p/QSOpt/NAEopt/optZ/runZn4k2resplus/part041/
8 /p/QSOpt/NAEopt/optZ/runZn4k2resplus/part041/
9 /p/QSOpt/NAEopt/optZ/runZn4k2resplus/part041/
2 /p/QSOpt/NAEopt/optZ/runZn4k2resplus/part041/
0 /p/QSOpt/NAEopt/optZ/runZn4k2resplus/part041/
1 /p/QSOpt/NAEopt/optZ/runZn4k2resplus/part041/
2 /p/QSOpt/NAEopt/optZ/runZn4k2resplus/part041/
3 /p/QSOpt/NAEopt/optZ/runZn4k2resplus/part041/
4 /p/QSOpt/NAEopt/optZ/runZn4k2resplus/part041/
5 /p/QSOpt/NAEopt/optZ/runZn4k2resplus/part041/
6 /p/QSOpt/NAEopt/optZ/runZn4k2resplus/part041/
7 /p/QSOpt/NAEopt/optZ/runZn4k2resplus/part041/
8 /p/QSOpt/NAEopt/optZ/runZn4k2resplus/part041/
9 /p/QSOpt/NAEopt/optZ/runZn4k2resplus/part041/
3 /p/QSOpt/NAEopt/optZ/runZn4k2resplus/part041/
0 /p/QSOpt/NAEopt/optZ/runZn4k2resplus/part041/
1 /p/QSOpt/NAEopt/optZ/runZn4k2resplus/part041/
2 /p/QSOpt/NAEopt/optZ/runZn4k2resplus/part041/
3 /p/QSOpt/NAEopt/optZ/runZn4k2resplus/part041/
4 /p/QSOpt/NAEopt/optZ/runZn4k2resplus/part041/
5 /p/QSOpt/NAEopt/optZ/runZn4k2resplus/part041/
6 /p/QSOpt/NAEopt/optZ/runZn4k2resplus/part041/
7 /p/QSOpt/NAEopt/optZ/runZn4k2resplus/part041/
8 /p/QSOpt/NAEopt/optZ/runZn4k2resplus/part041/
9 /p/QSOpt/NAEopt/optZ/runZn4k2resplus/part041/
4 /p/QSOpt/NAEopt/optZ/runZn4k2resplus/part041/
0 /p/QSOpt/NAEopt/optZ/runZn4k2resplus/part041/
1 /p/QSOpt/NAEopt/optZ/runZn4k2resplus/part041/
2 /p/QSOpt/NAEopt/optZ/runZn4k2resplus/part041/
3 /p/QSOpt/NAEopt/optZ/runZn4k2resplus/part041/
4 /p/QSOpt/NAEopt/optZ/runZn4k2resplus/part041/
5 /p/QSOpt/NAEopt/optZ/runZn4k2resplus/part041/
6 /p/QSOpt/NAEopt/optZ/runZn4k2resplus/part041/
7 /p/QSOpt/NAEopt/optZ/runZn4k2resplus/part041/
8 /p/QSOpt/NAEopt/optZ/runZn4k2resplus/part041/
9 /p/QSOpt/NAEopt/optZ/runZn4k2resplus/part041/
5 /p/QSOpt/NAEopt/optZ/runZn4k2resplus/part041/
0 /p/QSOpt/NAEopt/optZ/runZn4k2resplus/part041/
1 /p/QSOpt/NAEopt/optZ/runZn4k2resplus/part041/
2 /p/QSOpt/NAEopt/optZ/runZn4k2resplus/part041/
3 /p/QSOpt/NAEopt/optZ/runZn4k2resplus/part041/
4 /p/QSOpt/NAEopt/optZ/runZn4k2resplus/part041/
5 /p/QSOpt/NAEopt/optZ/runZn4k2resplus/part041/
6 /p/QSOpt/NAEopt/optZ/runZn4k2resplus/part041/
7 /p/QSOpt/NAEopt/optZ/runZn4k2resplus/part041/
8 /p/QSOpt/NAEopt/optZ/runZn4k2resplus/part041/
9 /p/QSOpt/NAEopt/optZ/runZn4k2resplus/part041/
6 /p/QSOpt/NAEopt/optZ/runZn4k2resplus/part041/
0 /p/QSOpt/NAEopt/optZ/runZn4k2resplus/part041/
1 /p/QSOpt/NAEopt/optZ/runZn4k2resplus/part041/
2 /p/QSOpt/NAEopt/optZ/runZn4k2resplus/part041/
3 /p/QSOpt/NAEopt/optZ/runZn4k2resplus/part041/
4 /p/QSOpt/NAEopt/optZ/runZn4k2resplus/part041/
5 /p/QSOpt/NAEopt/optZ/runZn4k2resplus/part041/
6 /p/QSOpt/NAEopt/optZ/runZn4k2resplus/part041/
7 /p/QSOpt/NAEopt/optZ/runZn4k2resplus/part041/
8 /p/QSOpt/NAEopt/optZ/runZn4k2resplus/part041/
9 /p/QSOpt/NAEopt/optZ/runZn4k2resplus/part041/
7 /p/QSOpt/NAEopt/optZ/runZn4k2resplus/part041/
0 /p/QSOpt/NAEopt/optZ/runZn4k2resplus/part041/
1 /p/QSOpt/NAEopt/optZ/runZn4k2resplus/part041/
2 /p/QSOpt/NAEopt/optZ/runZn4k2resplus/part041/
3 /p/QSOpt/NAEopt/optZ/runZn4k2resplus/part041/
4 /p/QSOpt/NAEopt/optZ/runZn4k2resplus/part041/
5 /p/QSOpt/NAEopt/optZ/runZn4k2resplus/part041/
6 /p/QSOpt/NAEopt/optZ/runZn4k2resplus/part041/
7 /p/QSOpt/NAEopt/optZ/runZn4k2resplus/part041/
8 /p/QSOpt/NAEopt/optZ/runZn4k2resplus/part041/
9 /p/QSOpt/NAEopt/optZ/runZn4k2resplus/part041/
8 /p/QSOpt/NAEopt/optZ/runZn4k2resplus/part041/
0 /p/QSOpt/NAEopt/optZ/runZn4k2resplus/part041/
1 /p/QSOpt/NAEopt/optZ/runZn4k2resplus/part041/
2 /p/QSOpt/NAEopt/optZ/runZn4k2resplus/part041/
3 /p/QSOpt/NAEopt/optZ/runZn4k2resplus/part041/
4 /p/QSOpt/NAEopt/optZ/runZn4k2resplus/part041/
5 /p/QSOpt/NAEopt/optZ/runZn4k2resplus/part041/
6 /p/QSOpt/NAEopt/optZ/runZn4k2resplus/part041/
7 /p/QSOpt/NAEopt/optZ/runZn4k2resplus/part041/
8 /p/QSOpt/NAEopt/optZ/runZn4k2resplus/part041/
9 /p/QSOpt/NAEopt/optZ/runZn4k2resplus/part041/
9 /p/QSOpt/NAEopt/optZ/runZn4k2resplus/part041/
0 /p/QSOpt/NAEopt/optZ/runZn4k2resplus/part041/
1 /p/QSOpt/NAEopt/optZ/runZn4k2resplus/part041/
2 /p/QSOpt/NAEopt/optZ/runZn4k2resplus/part041/
3 /p/QSOpt/NAEopt/optZ/runZn4k2resplus/part041/
4 /p/QSOpt/NAEopt/optZ/runZn4k2resplus/part041/
5 /p/QSOpt/NAEopt/optZ/runZn4k2resplus/part041/
6 /p/QSOpt/NAEopt/optZ/runZn4k2resplus/part041/
7 /p/QSOpt/NAEopt/optZ/runZn4k2resplus/part041/
8 /p/QSOpt/NAEopt/optZ/runZn4k2resplus/part041/
9 /p/QSOpt/NAEopt/optZ/runZn4k2resplus/part041/
10 /p/QSOpt/NAEopt/optZ/runZn4k2resplus/part041/
0 /p/QSOpt/NAEopt/optZ/runZn4k2resplus/part041/
1 /p/QSOpt/NAEopt/optZ/runZn4k2resplus/part041/
2 /p/QSOpt/NAEopt/optZ/runZn4k2resplus/part041/
3 /p/QSOpt/NAEopt/optZ/runZn4k2resplus/part041/
4 /p/QSOpt/NAEopt/optZ/runZn4k2resplus/part041/
5 /p/QSOpt/NAEopt/optZ/runZn4k2resplus/part041/
6 /p/QSOpt/NAEopt/optZ/runZn4k2resplus/part041/
7 /p/QSOpt/NAEopt/optZ/runZn4k2resplus/part041/
8 /p/QSOpt/NAEopt/optZ/runZn4k2resplus/part041/
9 /p/QSOpt/NAEopt/optZ/runZn4k2resplus/part041/
11 /p/QSOpt/NAEopt/optZ/runZn4k2resplus/part041/
0 /p/QSOpt/NAEopt/optZ/runZn4k2resplus/part041/
1 /p/QSOpt/NAEopt/optZ/runZn4k2resplus/part041/
2 /p/QSOpt/NAEopt/optZ/runZn4k2resplus/part041/
3 /p/QSOpt/NAEopt/optZ/runZn4k2resplus/part041/
4 /p/QSOpt/NAEopt/optZ/runZn4k2resplus/part041/
5 /p/QSOpt/NAEopt/optZ/runZn4k2resplus/part041/
6 /p/QSOpt/NAEopt/optZ/runZn4k2resplus/part041/
7 /p/QSOpt/NAEopt/optZ/runZn4k2resplus/part041/
8 /p/QSOpt/NAEopt/optZ/runZn4k2resplus/part041/
9 /p/QSOpt/NAEopt/optZ/runZn4k2resplus/part041/
12 /p/QSOpt/NAEopt/optZ/runZn4k2resplus/part041/
0 /p/QSOpt/NAEopt/optZ/runZn4k2resplus/part041/
1 /p/QSOpt/NAEopt/optZ/runZn4k2resplus/part041/
2 /p/QSOpt/NAEopt/optZ/runZn4k2resplus/part041/
3 /p/QSOpt/NAEopt/optZ/runZn4k2resplus/part041/
4 /p/QSOpt/NAEopt/optZ/runZn4k2resplus/part041/
5 /p/QSOpt/NAEopt/optZ/runZn4k2resplus/part041/
6 /p/QSOpt/NAEopt/optZ/runZn4k2resplus/part041/
7 /p/QSOpt/NAEopt/optZ/runZn4k2resplus/part041/
8 /p/QSOpt/NAEopt/optZ/runZn4k2resplus/part041/
9 /p/QSOpt/NAEopt/optZ/runZn4k2resplus/part041/
13 /p/QSOpt/NAEopt/optZ/runZn4k2resplus/part041/
0 /p/QSOpt/NAEopt/optZ/runZn4k2resplus/part041/
1 /p/QSOpt/NAEopt/optZ/runZn4k2resplus/part041/
2 /p/QSOpt/NAEopt/optZ/runZn4k2resplus/part041/
3 /p/QSOpt/NAEopt/optZ/runZn4k2resplus/part041/
4 /p/QSOpt/NAEopt/optZ/runZn4k2resplus/part041/
5 /p/QSOpt/NAEopt/optZ/runZn4k2resplus/part041/
6 /p/QSOpt/NAEopt/optZ/runZn4k2resplus/part041/
7 /p/QSOpt/NAEopt/optZ/runZn4k2resplus/part041/
8 /p/QSOpt/NAEopt/optZ/runZn4k2resplus/part041/
9 /p/QSOpt/NAEopt/optZ/runZn4k2resplus/part041/
14 /p/QSOpt/NAEopt/optZ/runZn4k2resplus/part041/
