python optAnhark2optZ.py 15 0.27 0.3 10 -0.023999999999999994 -0.011999999999999997 /p/QSOpt/NAEopt/optZ/runZn4k2resplus/part094/
0 /p/QSOpt/NAEopt/optZ/runZn4k2resplus/part094/
1 /p/QSOpt/NAEopt/optZ/runZn4k2resplus/part094/
2 /p/QSOpt/NAEopt/optZ/runZn4k2resplus/part094/
3 /p/QSOpt/NAEopt/optZ/runZn4k2resplus/part094/
4 /p/QSOpt/NAEopt/optZ/runZn4k2resplus/part094/
5 /p/QSOpt/NAEopt/optZ/runZn4k2resplus/part094/
6 /p/QSOpt/NAEopt/optZ/runZn4k2resplus/part094/
7 /p/QSOpt/NAEopt/optZ/runZn4k2resplus/part094/
8 /p/QSOpt/NAEopt/optZ/runZn4k2resplus/part094/
9 /p/QSOpt/NAEopt/optZ/runZn4k2resplus/part094/
0 /p/QSOpt/NAEopt/optZ/runZn4k2resplus/part094/
0 /p/QSOpt/NAEopt/optZ/runZn4k2resplus/part094/
1 /p/QSOpt/NAEopt/optZ/runZn4k2resplus/part094/
2 /p/QSOpt/NAEopt/optZ/runZn4k2resplus/part094/
3 /p/QSOpt/NAEopt/optZ/runZn4k2resplus/part094/
4 /p/QSOpt/NAEopt/optZ/runZn4k2resplus/part094/
5 /p/QSOpt/NAEopt/optZ/runZn4k2resplus/part094/
6 /p/QSOpt/NAEopt/optZ/runZn4k2resplus/part094/
7 /p/QSOpt/NAEopt/optZ/runZn4k2resplus/part094/
8 /p/QSOpt/NAEopt/optZ/runZn4k2resplus/part094/
9 /p/QSOpt/NAEopt/optZ/runZn4k2resplus/part094/
1 /p/QSOpt/NAEopt/optZ/runZn4k2resplus/part094/
0 /p/QSOpt/NAEopt/optZ/runZn4k2resplus/part094/
1 /p/QSOpt/NAEopt/optZ/runZn4k2resplus/part094/
2 /p/QSOpt/NAEopt/optZ/runZn4k2resplus/part094/
3 /p/QSOpt/NAEopt/optZ/runZn4k2resplus/part094/
4 /p/QSOpt/NAEopt/optZ/runZn4k2resplus/part094/
5 /p/QSOpt/NAEopt/optZ/runZn4k2resplus/part094/
6 /p/QSOpt/NAEopt/optZ/runZn4k2resplus/part094/
7 /p/QSOpt/NAEopt/optZ/runZn4k2resplus/part094/
8 /p/QSOpt/NAEopt/optZ/runZn4k2resplus/part094/
9 /p/QSOpt/NAEopt/optZ/runZn4k2resplus/part094/
2 /p/QSOpt/NAEopt/optZ/runZn4k2resplus/part094/
0 /p/QSOpt/NAEopt/optZ/runZn4k2resplus/part094/
1 /p/QSOpt/NAEopt/optZ/runZn4k2resplus/part094/
2 /p/QSOpt/NAEopt/optZ/runZn4k2resplus/part094/
3 /p/QSOpt/NAEopt/optZ/runZn4k2resplus/part094/
4 /p/QSOpt/NAEopt/optZ/runZn4k2resplus/part094/
5 /p/QSOpt/NAEopt/optZ/runZn4k2resplus/part094/
6 /p/QSOpt/NAEopt/optZ/runZn4k2resplus/part094/
7 /p/QSOpt/NAEopt/optZ/runZn4k2resplus/part094/
8 /p/QSOpt/NAEopt/optZ/runZn4k2resplus/part094/
9 /p/QSOpt/NAEopt/optZ/runZn4k2resplus/part094/
3 /p/QSOpt/NAEopt/optZ/runZn4k2resplus/part094/
0 /p/QSOpt/NAEopt/optZ/runZn4k2resplus/part094/
1 /p/QSOpt/NAEopt/optZ/runZn4k2resplus/part094/
2 /p/QSOpt/NAEopt/optZ/runZn4k2resplus/part094/
3 /p/QSOpt/NAEopt/optZ/runZn4k2resplus/part094/
4 /p/QSOpt/NAEopt/optZ/runZn4k2resplus/part094/
5 /p/QSOpt/NAEopt/optZ/runZn4k2resplus/part094/
6 /p/QSOpt/NAEopt/optZ/runZn4k2resplus/part094/
7 /p/QSOpt/NAEopt/optZ/runZn4k2resplus/part094/
8 /p/QSOpt/NAEopt/optZ/runZn4k2resplus/part094/
9 /p/QSOpt/NAEopt/optZ/runZn4k2resplus/part094/
4 /p/QSOpt/NAEopt/optZ/runZn4k2resplus/part094/
0 /p/QSOpt/NAEopt/optZ/runZn4k2resplus/part094/
1 /p/QSOpt/NAEopt/optZ/runZn4k2resplus/part094/
2 /p/QSOpt/NAEopt/optZ/runZn4k2resplus/part094/
3 /p/QSOpt/NAEopt/optZ/runZn4k2resplus/part094/
4 /p/QSOpt/NAEopt/optZ/runZn4k2resplus/part094/
5 /p/QSOpt/NAEopt/optZ/runZn4k2resplus/part094/
6 /p/QSOpt/NAEopt/optZ/runZn4k2resplus/part094/
7 /p/QSOpt/NAEopt/optZ/runZn4k2resplus/part094/
8 /p/QSOpt/NAEopt/optZ/runZn4k2resplus/part094/
9 /p/QSOpt/NAEopt/optZ/runZn4k2resplus/part094/
5 /p/QSOpt/NAEopt/optZ/runZn4k2resplus/part094/
0 /p/QSOpt/NAEopt/optZ/runZn4k2resplus/part094/
1 /p/QSOpt/NAEopt/optZ/runZn4k2resplus/part094/
2 /p/QSOpt/NAEopt/optZ/runZn4k2resplus/part094/
3 /p/QSOpt/NAEopt/optZ/runZn4k2resplus/part094/
4 /p/QSOpt/NAEopt/optZ/runZn4k2resplus/part094/
5 /p/QSOpt/NAEopt/optZ/runZn4k2resplus/part094/
6 /p/QSOpt/NAEopt/optZ/runZn4k2resplus/part094/
7 /p/QSOpt/NAEopt/optZ/runZn4k2resplus/part094/
8 /p/QSOpt/NAEopt/optZ/runZn4k2resplus/part094/
9 /p/QSOpt/NAEopt/optZ/runZn4k2resplus/part094/
6 /p/QSOpt/NAEopt/optZ/runZn4k2resplus/part094/
0 /p/QSOpt/NAEopt/optZ/runZn4k2resplus/part094/
1 /p/QSOpt/NAEopt/optZ/runZn4k2resplus/part094/
2 /p/QSOpt/NAEopt/optZ/runZn4k2resplus/part094/
3 /p/QSOpt/NAEopt/optZ/runZn4k2resplus/part094/
4 /p/QSOpt/NAEopt/optZ/runZn4k2resplus/part094/
5 /p/QSOpt/NAEopt/optZ/runZn4k2resplus/part094/
6 /p/QSOpt/NAEopt/optZ/runZn4k2resplus/part094/
7 /p/QSOpt/NAEopt/optZ/runZn4k2resplus/part094/
8 /p/QSOpt/NAEopt/optZ/runZn4k2resplus/part094/
9 /p/QSOpt/NAEopt/optZ/runZn4k2resplus/part094/
7 /p/QSOpt/NAEopt/optZ/runZn4k2resplus/part094/
0 /p/QSOpt/NAEopt/optZ/runZn4k2resplus/part094/
1 /p/QSOpt/NAEopt/optZ/runZn4k2resplus/part094/
2 /p/QSOpt/NAEopt/optZ/runZn4k2resplus/part094/
3 /p/QSOpt/NAEopt/optZ/runZn4k2resplus/part094/
4 /p/QSOpt/NAEopt/optZ/runZn4k2resplus/part094/
5 /p/QSOpt/NAEopt/optZ/runZn4k2resplus/part094/
6 /p/QSOpt/NAEopt/optZ/runZn4k2resplus/part094/
7 /p/QSOpt/NAEopt/optZ/runZn4k2resplus/part094/
8 /p/QSOpt/NAEopt/optZ/runZn4k2resplus/part094/
9 /p/QSOpt/NAEopt/optZ/runZn4k2resplus/part094/
8 /p/QSOpt/NAEopt/optZ/runZn4k2resplus/part094/
0 /p/QSOpt/NAEopt/optZ/runZn4k2resplus/part094/
1 /p/QSOpt/NAEopt/optZ/runZn4k2resplus/part094/
2 /p/QSOpt/NAEopt/optZ/runZn4k2resplus/part094/
3 /p/QSOpt/NAEopt/optZ/runZn4k2resplus/part094/
4 /p/QSOpt/NAEopt/optZ/runZn4k2resplus/part094/
5 /p/QSOpt/NAEopt/optZ/runZn4k2resplus/part094/
6 /p/QSOpt/NAEopt/optZ/runZn4k2resplus/part094/
7 /p/QSOpt/NAEopt/optZ/runZn4k2resplus/part094/
8 /p/QSOpt/NAEopt/optZ/runZn4k2resplus/part094/
9 /p/QSOpt/NAEopt/optZ/runZn4k2resplus/part094/
9 /p/QSOpt/NAEopt/optZ/runZn4k2resplus/part094/
0 /p/QSOpt/NAEopt/optZ/runZn4k2resplus/part094/
1 /p/QSOpt/NAEopt/optZ/runZn4k2resplus/part094/
2 /p/QSOpt/NAEopt/optZ/runZn4k2resplus/part094/
3 /p/QSOpt/NAEopt/optZ/runZn4k2resplus/part094/
4 /p/QSOpt/NAEopt/optZ/runZn4k2resplus/part094/
5 /p/QSOpt/NAEopt/optZ/runZn4k2resplus/part094/
6 /p/QSOpt/NAEopt/optZ/runZn4k2resplus/part094/
7 /p/QSOpt/NAEopt/optZ/runZn4k2resplus/part094/
8 /p/QSOpt/NAEopt/optZ/runZn4k2resplus/part094/
9 /p/QSOpt/NAEopt/optZ/runZn4k2resplus/part094/
10 /p/QSOpt/NAEopt/optZ/runZn4k2resplus/part094/
0 /p/QSOpt/NAEopt/optZ/runZn4k2resplus/part094/
1 /p/QSOpt/NAEopt/optZ/runZn4k2resplus/part094/
2 /p/QSOpt/NAEopt/optZ/runZn4k2resplus/part094/
3 /p/QSOpt/NAEopt/optZ/runZn4k2resplus/part094/
4 /p/QSOpt/NAEopt/optZ/runZn4k2resplus/part094/
5 /p/QSOpt/NAEopt/optZ/runZn4k2resplus/part094/
6 /p/QSOpt/NAEopt/optZ/runZn4k2resplus/part094/
7 /p/QSOpt/NAEopt/optZ/runZn4k2resplus/part094/
8 /p/QSOpt/NAEopt/optZ/runZn4k2resplus/part094/
9 /p/QSOpt/NAEopt/optZ/runZn4k2resplus/part094/
11 /p/QSOpt/NAEopt/optZ/runZn4k2resplus/part094/
0 /p/QSOpt/NAEopt/optZ/runZn4k2resplus/part094/
1 /p/QSOpt/NAEopt/optZ/runZn4k2resplus/part094/
2 /p/QSOpt/NAEopt/optZ/runZn4k2resplus/part094/
3 /p/QSOpt/NAEopt/optZ/runZn4k2resplus/part094/
4 /p/QSOpt/NAEopt/optZ/runZn4k2resplus/part094/
5 /p/QSOpt/NAEopt/optZ/runZn4k2resplus/part094/
6 /p/QSOpt/NAEopt/optZ/runZn4k2resplus/part094/
7 /p/QSOpt/NAEopt/optZ/runZn4k2resplus/part094/
8 /p/QSOpt/NAEopt/optZ/runZn4k2resplus/part094/
9 /p/QSOpt/NAEopt/optZ/runZn4k2resplus/part094/
12 /p/QSOpt/NAEopt/optZ/runZn4k2resplus/part094/
0 /p/QSOpt/NAEopt/optZ/runZn4k2resplus/part094/
1 /p/QSOpt/NAEopt/optZ/runZn4k2resplus/part094/
2 /p/QSOpt/NAEopt/optZ/runZn4k2resplus/part094/
3 /p/QSOpt/NAEopt/optZ/runZn4k2resplus/part094/
4 /p/QSOpt/NAEopt/optZ/runZn4k2resplus/part094/
5 /p/QSOpt/NAEopt/optZ/runZn4k2resplus/part094/
6 /p/QSOpt/NAEopt/optZ/runZn4k2resplus/part094/
7 /p/QSOpt/NAEopt/optZ/runZn4k2resplus/part094/
8 /p/QSOpt/NAEopt/optZ/runZn4k2resplus/part094/
9 /p/QSOpt/NAEopt/optZ/runZn4k2resplus/part094/
13 /p/QSOpt/NAEopt/optZ/runZn4k2resplus/part094/
0 /p/QSOpt/NAEopt/optZ/runZn4k2resplus/part094/
1 /p/QSOpt/NAEopt/optZ/runZn4k2resplus/part094/
2 /p/QSOpt/NAEopt/optZ/runZn4k2resplus/part094/
3 /p/QSOpt/NAEopt/optZ/runZn4k2resplus/part094/
4 /p/QSOpt/NAEopt/optZ/runZn4k2resplus/part094/
5 /p/QSOpt/NAEopt/optZ/runZn4k2resplus/part094/
6 /p/QSOpt/NAEopt/optZ/runZn4k2resplus/part094/
7 /p/QSOpt/NAEopt/optZ/runZn4k2resplus/part094/
8 /p/QSOpt/NAEopt/optZ/runZn4k2resplus/part094/
9 /p/QSOpt/NAEopt/optZ/runZn4k2resplus/part094/
14 /p/QSOpt/NAEopt/optZ/runZn4k2resplus/part094/
