python optAnhark2optZ.py 15 0.27 0.3 10 0.048 0.06 /p/QSOpt/NAEopt/optZ/runZn4k2resplus/part100/
0 /p/QSOpt/NAEopt/optZ/runZn4k2resplus/part100/
1 /p/QSOpt/NAEopt/optZ/runZn4k2resplus/part100/
2 /p/QSOpt/NAEopt/optZ/runZn4k2resplus/part100/
3 /p/QSOpt/NAEopt/optZ/runZn4k2resplus/part100/
4 /p/QSOpt/NAEopt/optZ/runZn4k2resplus/part100/
5 /p/QSOpt/NAEopt/optZ/runZn4k2resplus/part100/
6 /p/QSOpt/NAEopt/optZ/runZn4k2resplus/part100/
7 /p/QSOpt/NAEopt/optZ/runZn4k2resplus/part100/
8 /p/QSOpt/NAEopt/optZ/runZn4k2resplus/part100/
9 /p/QSOpt/NAEopt/optZ/runZn4k2resplus/part100/
0 /p/QSOpt/NAEopt/optZ/runZn4k2resplus/part100/
0 /p/QSOpt/NAEopt/optZ/runZn4k2resplus/part100/
1 /p/QSOpt/NAEopt/optZ/runZn4k2resplus/part100/
2 /p/QSOpt/NAEopt/optZ/runZn4k2resplus/part100/
3 /p/QSOpt/NAEopt/optZ/runZn4k2resplus/part100/
4 /p/QSOpt/NAEopt/optZ/runZn4k2resplus/part100/
5 /p/QSOpt/NAEopt/optZ/runZn4k2resplus/part100/
6 /p/QSOpt/NAEopt/optZ/runZn4k2resplus/part100/
7 /p/QSOpt/NAEopt/optZ/runZn4k2resplus/part100/
8 /p/QSOpt/NAEopt/optZ/runZn4k2resplus/part100/
9 /p/QSOpt/NAEopt/optZ/runZn4k2resplus/part100/
1 /p/QSOpt/NAEopt/optZ/runZn4k2resplus/part100/
0 /p/QSOpt/NAEopt/optZ/runZn4k2resplus/part100/
1 /p/QSOpt/NAEopt/optZ/runZn4k2resplus/part100/
2 /p/QSOpt/NAEopt/optZ/runZn4k2resplus/part100/
3 /p/QSOpt/NAEopt/optZ/runZn4k2resplus/part100/
4 /p/QSOpt/NAEopt/optZ/runZn4k2resplus/part100/
5 /p/QSOpt/NAEopt/optZ/runZn4k2resplus/part100/
6 /p/QSOpt/NAEopt/optZ/runZn4k2resplus/part100/
7 /p/QSOpt/NAEopt/optZ/runZn4k2resplus/part100/
8 /p/QSOpt/NAEopt/optZ/runZn4k2resplus/part100/
9 /p/QSOpt/NAEopt/optZ/runZn4k2resplus/part100/
2 /p/QSOpt/NAEopt/optZ/runZn4k2resplus/part100/
0 /p/QSOpt/NAEopt/optZ/runZn4k2resplus/part100/
1 /p/QSOpt/NAEopt/optZ/runZn4k2resplus/part100/
2 /p/QSOpt/NAEopt/optZ/runZn4k2resplus/part100/
3 /p/QSOpt/NAEopt/optZ/runZn4k2resplus/part100/
4 /p/QSOpt/NAEopt/optZ/runZn4k2resplus/part100/
5 /p/QSOpt/NAEopt/optZ/runZn4k2resplus/part100/
6 /p/QSOpt/NAEopt/optZ/runZn4k2resplus/part100/
7 /p/QSOpt/NAEopt/optZ/runZn4k2resplus/part100/
8 /p/QSOpt/NAEopt/optZ/runZn4k2resplus/part100/
9 /p/QSOpt/NAEopt/optZ/runZn4k2resplus/part100/
3 /p/QSOpt/NAEopt/optZ/runZn4k2resplus/part100/
0 /p/QSOpt/NAEopt/optZ/runZn4k2resplus/part100/
1 /p/QSOpt/NAEopt/optZ/runZn4k2resplus/part100/
2 /p/QSOpt/NAEopt/optZ/runZn4k2resplus/part100/
3 /p/QSOpt/NAEopt/optZ/runZn4k2resplus/part100/
4 /p/QSOpt/NAEopt/optZ/runZn4k2resplus/part100/
5 /p/QSOpt/NAEopt/optZ/runZn4k2resplus/part100/
6 /p/QSOpt/NAEopt/optZ/runZn4k2resplus/part100/
7 /p/QSOpt/NAEopt/optZ/runZn4k2resplus/part100/
8 /p/QSOpt/NAEopt/optZ/runZn4k2resplus/part100/
9 /p/QSOpt/NAEopt/optZ/runZn4k2resplus/part100/
4 /p/QSOpt/NAEopt/optZ/runZn4k2resplus/part100/
0 /p/QSOpt/NAEopt/optZ/runZn4k2resplus/part100/
1 /p/QSOpt/NAEopt/optZ/runZn4k2resplus/part100/
2 /p/QSOpt/NAEopt/optZ/runZn4k2resplus/part100/
3 /p/QSOpt/NAEopt/optZ/runZn4k2resplus/part100/
4 /p/QSOpt/NAEopt/optZ/runZn4k2resplus/part100/
5 /p/QSOpt/NAEopt/optZ/runZn4k2resplus/part100/
6 /p/QSOpt/NAEopt/optZ/runZn4k2resplus/part100/
7 /p/QSOpt/NAEopt/optZ/runZn4k2resplus/part100/
8 /p/QSOpt/NAEopt/optZ/runZn4k2resplus/part100/
9 /p/QSOpt/NAEopt/optZ/runZn4k2resplus/part100/
5 /p/QSOpt/NAEopt/optZ/runZn4k2resplus/part100/
0 /p/QSOpt/NAEopt/optZ/runZn4k2resplus/part100/
1 /p/QSOpt/NAEopt/optZ/runZn4k2resplus/part100/
2 /p/QSOpt/NAEopt/optZ/runZn4k2resplus/part100/
3 /p/QSOpt/NAEopt/optZ/runZn4k2resplus/part100/
4 /p/QSOpt/NAEopt/optZ/runZn4k2resplus/part100/
5 /p/QSOpt/NAEopt/optZ/runZn4k2resplus/part100/
6 /p/QSOpt/NAEopt/optZ/runZn4k2resplus/part100/
7 /p/QSOpt/NAEopt/optZ/runZn4k2resplus/part100/
8 /p/QSOpt/NAEopt/optZ/runZn4k2resplus/part100/
9 /p/QSOpt/NAEopt/optZ/runZn4k2resplus/part100/
6 /p/QSOpt/NAEopt/optZ/runZn4k2resplus/part100/
0 /p/QSOpt/NAEopt/optZ/runZn4k2resplus/part100/
1 /p/QSOpt/NAEopt/optZ/runZn4k2resplus/part100/
2 /p/QSOpt/NAEopt/optZ/runZn4k2resplus/part100/
3 /p/QSOpt/NAEopt/optZ/runZn4k2resplus/part100/
4 /p/QSOpt/NAEopt/optZ/runZn4k2resplus/part100/
5 /p/QSOpt/NAEopt/optZ/runZn4k2resplus/part100/
6 /p/QSOpt/NAEopt/optZ/runZn4k2resplus/part100/
7 /p/QSOpt/NAEopt/optZ/runZn4k2resplus/part100/
8 /p/QSOpt/NAEopt/optZ/runZn4k2resplus/part100/
9 /p/QSOpt/NAEopt/optZ/runZn4k2resplus/part100/
7 /p/QSOpt/NAEopt/optZ/runZn4k2resplus/part100/
0 /p/QSOpt/NAEopt/optZ/runZn4k2resplus/part100/
1 /p/QSOpt/NAEopt/optZ/runZn4k2resplus/part100/
2 /p/QSOpt/NAEopt/optZ/runZn4k2resplus/part100/
3 /p/QSOpt/NAEopt/optZ/runZn4k2resplus/part100/
4 /p/QSOpt/NAEopt/optZ/runZn4k2resplus/part100/
5 /p/QSOpt/NAEopt/optZ/runZn4k2resplus/part100/
6 /p/QSOpt/NAEopt/optZ/runZn4k2resplus/part100/
7 /p/QSOpt/NAEopt/optZ/runZn4k2resplus/part100/
8 /p/QSOpt/NAEopt/optZ/runZn4k2resplus/part100/
9 /p/QSOpt/NAEopt/optZ/runZn4k2resplus/part100/
8 /p/QSOpt/NAEopt/optZ/runZn4k2resplus/part100/
0 /p/QSOpt/NAEopt/optZ/runZn4k2resplus/part100/
1 /p/QSOpt/NAEopt/optZ/runZn4k2resplus/part100/
2 /p/QSOpt/NAEopt/optZ/runZn4k2resplus/part100/
3 /p/QSOpt/NAEopt/optZ/runZn4k2resplus/part100/
4 /p/QSOpt/NAEopt/optZ/runZn4k2resplus/part100/
5 /p/QSOpt/NAEopt/optZ/runZn4k2resplus/part100/
6 /p/QSOpt/NAEopt/optZ/runZn4k2resplus/part100/
7 /p/QSOpt/NAEopt/optZ/runZn4k2resplus/part100/
8 /p/QSOpt/NAEopt/optZ/runZn4k2resplus/part100/
9 /p/QSOpt/NAEopt/optZ/runZn4k2resplus/part100/
9 /p/QSOpt/NAEopt/optZ/runZn4k2resplus/part100/
0 /p/QSOpt/NAEopt/optZ/runZn4k2resplus/part100/
1 /p/QSOpt/NAEopt/optZ/runZn4k2resplus/part100/
2 /p/QSOpt/NAEopt/optZ/runZn4k2resplus/part100/
3 /p/QSOpt/NAEopt/optZ/runZn4k2resplus/part100/
4 /p/QSOpt/NAEopt/optZ/runZn4k2resplus/part100/
5 /p/QSOpt/NAEopt/optZ/runZn4k2resplus/part100/
6 /p/QSOpt/NAEopt/optZ/runZn4k2resplus/part100/
7 /p/QSOpt/NAEopt/optZ/runZn4k2resplus/part100/
8 /p/QSOpt/NAEopt/optZ/runZn4k2resplus/part100/
9 /p/QSOpt/NAEopt/optZ/runZn4k2resplus/part100/
10 /p/QSOpt/NAEopt/optZ/runZn4k2resplus/part100/
0 /p/QSOpt/NAEopt/optZ/runZn4k2resplus/part100/
1 /p/QSOpt/NAEopt/optZ/runZn4k2resplus/part100/
2 /p/QSOpt/NAEopt/optZ/runZn4k2resplus/part100/
3 /p/QSOpt/NAEopt/optZ/runZn4k2resplus/part100/
4 /p/QSOpt/NAEopt/optZ/runZn4k2resplus/part100/
5 /p/QSOpt/NAEopt/optZ/runZn4k2resplus/part100/
6 /p/QSOpt/NAEopt/optZ/runZn4k2resplus/part100/
7 /p/QSOpt/NAEopt/optZ/runZn4k2resplus/part100/
8 /p/QSOpt/NAEopt/optZ/runZn4k2resplus/part100/
9 /p/QSOpt/NAEopt/optZ/runZn4k2resplus/part100/
11 /p/QSOpt/NAEopt/optZ/runZn4k2resplus/part100/
0 /p/QSOpt/NAEopt/optZ/runZn4k2resplus/part100/
1 /p/QSOpt/NAEopt/optZ/runZn4k2resplus/part100/
2 /p/QSOpt/NAEopt/optZ/runZn4k2resplus/part100/
3 /p/QSOpt/NAEopt/optZ/runZn4k2resplus/part100/
4 /p/QSOpt/NAEopt/optZ/runZn4k2resplus/part100/
5 /p/QSOpt/NAEopt/optZ/runZn4k2resplus/part100/
6 /p/QSOpt/NAEopt/optZ/runZn4k2resplus/part100/
7 /p/QSOpt/NAEopt/optZ/runZn4k2resplus/part100/
8 /p/QSOpt/NAEopt/optZ/runZn4k2resplus/part100/
9 /p/QSOpt/NAEopt/optZ/runZn4k2resplus/part100/
12 /p/QSOpt/NAEopt/optZ/runZn4k2resplus/part100/
0 /p/QSOpt/NAEopt/optZ/runZn4k2resplus/part100/
1 /p/QSOpt/NAEopt/optZ/runZn4k2resplus/part100/
2 /p/QSOpt/NAEopt/optZ/runZn4k2resplus/part100/
3 /p/QSOpt/NAEopt/optZ/runZn4k2resplus/part100/
4 /p/QSOpt/NAEopt/optZ/runZn4k2resplus/part100/
5 /p/QSOpt/NAEopt/optZ/runZn4k2resplus/part100/
6 /p/QSOpt/NAEopt/optZ/runZn4k2resplus/part100/
7 /p/QSOpt/NAEopt/optZ/runZn4k2resplus/part100/
8 /p/QSOpt/NAEopt/optZ/runZn4k2resplus/part100/
9 /p/QSOpt/NAEopt/optZ/runZn4k2resplus/part100/
13 /p/QSOpt/NAEopt/optZ/runZn4k2resplus/part100/
0 /p/QSOpt/NAEopt/optZ/runZn4k2resplus/part100/
1 /p/QSOpt/NAEopt/optZ/runZn4k2resplus/part100/
2 /p/QSOpt/NAEopt/optZ/runZn4k2resplus/part100/
3 /p/QSOpt/NAEopt/optZ/runZn4k2resplus/part100/
4 /p/QSOpt/NAEopt/optZ/runZn4k2resplus/part100/
5 /p/QSOpt/NAEopt/optZ/runZn4k2resplus/part100/
6 /p/QSOpt/NAEopt/optZ/runZn4k2resplus/part100/
7 /p/QSOpt/NAEopt/optZ/runZn4k2resplus/part100/
8 /p/QSOpt/NAEopt/optZ/runZn4k2resplus/part100/
9 /p/QSOpt/NAEopt/optZ/runZn4k2resplus/part100/
14 /p/QSOpt/NAEopt/optZ/runZn4k2resplus/part100/
