python optAnhark2optZ.py 15 0.18 0.21 10 -0.011999999999999997 0.0 /p/QSOpt/NAEopt/optZ/runZn4k2resplus/part065/
0 /p/QSOpt/NAEopt/optZ/runZn4k2resplus/part065/
1 /p/QSOpt/NAEopt/optZ/runZn4k2resplus/part065/
2 /p/QSOpt/NAEopt/optZ/runZn4k2resplus/part065/
3 /p/QSOpt/NAEopt/optZ/runZn4k2resplus/part065/
4 /p/QSOpt/NAEopt/optZ/runZn4k2resplus/part065/
5 /p/QSOpt/NAEopt/optZ/runZn4k2resplus/part065/
6 /p/QSOpt/NAEopt/optZ/runZn4k2resplus/part065/
7 /p/QSOpt/NAEopt/optZ/runZn4k2resplus/part065/
8 /p/QSOpt/NAEopt/optZ/runZn4k2resplus/part065/
9 /p/QSOpt/NAEopt/optZ/runZn4k2resplus/part065/
0 /p/QSOpt/NAEopt/optZ/runZn4k2resplus/part065/
0 /p/QSOpt/NAEopt/optZ/runZn4k2resplus/part065/
1 /p/QSOpt/NAEopt/optZ/runZn4k2resplus/part065/
2 /p/QSOpt/NAEopt/optZ/runZn4k2resplus/part065/
3 /p/QSOpt/NAEopt/optZ/runZn4k2resplus/part065/
4 /p/QSOpt/NAEopt/optZ/runZn4k2resplus/part065/
5 /p/QSOpt/NAEopt/optZ/runZn4k2resplus/part065/
6 /p/QSOpt/NAEopt/optZ/runZn4k2resplus/part065/
7 /p/QSOpt/NAEopt/optZ/runZn4k2resplus/part065/
8 /p/QSOpt/NAEopt/optZ/runZn4k2resplus/part065/
9 /p/QSOpt/NAEopt/optZ/runZn4k2resplus/part065/
1 /p/QSOpt/NAEopt/optZ/runZn4k2resplus/part065/
0 /p/QSOpt/NAEopt/optZ/runZn4k2resplus/part065/
1 /p/QSOpt/NAEopt/optZ/runZn4k2resplus/part065/
2 /p/QSOpt/NAEopt/optZ/runZn4k2resplus/part065/
3 /p/QSOpt/NAEopt/optZ/runZn4k2resplus/part065/
4 /p/QSOpt/NAEopt/optZ/runZn4k2resplus/part065/
5 /p/QSOpt/NAEopt/optZ/runZn4k2resplus/part065/
6 /p/QSOpt/NAEopt/optZ/runZn4k2resplus/part065/
7 /p/QSOpt/NAEopt/optZ/runZn4k2resplus/part065/
8 /p/QSOpt/NAEopt/optZ/runZn4k2resplus/part065/
9 /p/QSOpt/NAEopt/optZ/runZn4k2resplus/part065/
2 /p/QSOpt/NAEopt/optZ/runZn4k2resplus/part065/
0 /p/QSOpt/NAEopt/optZ/runZn4k2resplus/part065/
1 /p/QSOpt/NAEopt/optZ/runZn4k2resplus/part065/
2 /p/QSOpt/NAEopt/optZ/runZn4k2resplus/part065/
3 /p/QSOpt/NAEopt/optZ/runZn4k2resplus/part065/
4 /p/QSOpt/NAEopt/optZ/runZn4k2resplus/part065/
5 /p/QSOpt/NAEopt/optZ/runZn4k2resplus/part065/
6 /p/QSOpt/NAEopt/optZ/runZn4k2resplus/part065/
7 /p/QSOpt/NAEopt/optZ/runZn4k2resplus/part065/
8 /p/QSOpt/NAEopt/optZ/runZn4k2resplus/part065/
9 /p/QSOpt/NAEopt/optZ/runZn4k2resplus/part065/
3 /p/QSOpt/NAEopt/optZ/runZn4k2resplus/part065/
0 /p/QSOpt/NAEopt/optZ/runZn4k2resplus/part065/
1 /p/QSOpt/NAEopt/optZ/runZn4k2resplus/part065/
2 /p/QSOpt/NAEopt/optZ/runZn4k2resplus/part065/
3 /p/QSOpt/NAEopt/optZ/runZn4k2resplus/part065/
4 /p/QSOpt/NAEopt/optZ/runZn4k2resplus/part065/
5 /p/QSOpt/NAEopt/optZ/runZn4k2resplus/part065/
6 /p/QSOpt/NAEopt/optZ/runZn4k2resplus/part065/
7 /p/QSOpt/NAEopt/optZ/runZn4k2resplus/part065/
8 /p/QSOpt/NAEopt/optZ/runZn4k2resplus/part065/
9 /p/QSOpt/NAEopt/optZ/runZn4k2resplus/part065/
4 /p/QSOpt/NAEopt/optZ/runZn4k2resplus/part065/
0 /p/QSOpt/NAEopt/optZ/runZn4k2resplus/part065/
1 /p/QSOpt/NAEopt/optZ/runZn4k2resplus/part065/
2 /p/QSOpt/NAEopt/optZ/runZn4k2resplus/part065/
3 /p/QSOpt/NAEopt/optZ/runZn4k2resplus/part065/
4 /p/QSOpt/NAEopt/optZ/runZn4k2resplus/part065/
5 /p/QSOpt/NAEopt/optZ/runZn4k2resplus/part065/
6 /p/QSOpt/NAEopt/optZ/runZn4k2resplus/part065/
7 /p/QSOpt/NAEopt/optZ/runZn4k2resplus/part065/
8 /p/QSOpt/NAEopt/optZ/runZn4k2resplus/part065/
9 /p/QSOpt/NAEopt/optZ/runZn4k2resplus/part065/
5 /p/QSOpt/NAEopt/optZ/runZn4k2resplus/part065/
0 /p/QSOpt/NAEopt/optZ/runZn4k2resplus/part065/
1 /p/QSOpt/NAEopt/optZ/runZn4k2resplus/part065/
2 /p/QSOpt/NAEopt/optZ/runZn4k2resplus/part065/
3 /p/QSOpt/NAEopt/optZ/runZn4k2resplus/part065/
4 /p/QSOpt/NAEopt/optZ/runZn4k2resplus/part065/
5 /p/QSOpt/NAEopt/optZ/runZn4k2resplus/part065/
6 /p/QSOpt/NAEopt/optZ/runZn4k2resplus/part065/
7 /p/QSOpt/NAEopt/optZ/runZn4k2resplus/part065/
8 /p/QSOpt/NAEopt/optZ/runZn4k2resplus/part065/
9 /p/QSOpt/NAEopt/optZ/runZn4k2resplus/part065/
6 /p/QSOpt/NAEopt/optZ/runZn4k2resplus/part065/
0 /p/QSOpt/NAEopt/optZ/runZn4k2resplus/part065/
1 /p/QSOpt/NAEopt/optZ/runZn4k2resplus/part065/
2 /p/QSOpt/NAEopt/optZ/runZn4k2resplus/part065/
3 /p/QSOpt/NAEopt/optZ/runZn4k2resplus/part065/
4 /p/QSOpt/NAEopt/optZ/runZn4k2resplus/part065/
5 /p/QSOpt/NAEopt/optZ/runZn4k2resplus/part065/
6 /p/QSOpt/NAEopt/optZ/runZn4k2resplus/part065/
7 /p/QSOpt/NAEopt/optZ/runZn4k2resplus/part065/
8 /p/QSOpt/NAEopt/optZ/runZn4k2resplus/part065/
9 /p/QSOpt/NAEopt/optZ/runZn4k2resplus/part065/
7 /p/QSOpt/NAEopt/optZ/runZn4k2resplus/part065/
0 /p/QSOpt/NAEopt/optZ/runZn4k2resplus/part065/
1 /p/QSOpt/NAEopt/optZ/runZn4k2resplus/part065/
2 /p/QSOpt/NAEopt/optZ/runZn4k2resplus/part065/
3 /p/QSOpt/NAEopt/optZ/runZn4k2resplus/part065/
4 /p/QSOpt/NAEopt/optZ/runZn4k2resplus/part065/
5 /p/QSOpt/NAEopt/optZ/runZn4k2resplus/part065/
6 /p/QSOpt/NAEopt/optZ/runZn4k2resplus/part065/
7 /p/QSOpt/NAEopt/optZ/runZn4k2resplus/part065/
8 /p/QSOpt/NAEopt/optZ/runZn4k2resplus/part065/
9 /p/QSOpt/NAEopt/optZ/runZn4k2resplus/part065/
8 /p/QSOpt/NAEopt/optZ/runZn4k2resplus/part065/
0 /p/QSOpt/NAEopt/optZ/runZn4k2resplus/part065/
1 /p/QSOpt/NAEopt/optZ/runZn4k2resplus/part065/
2 /p/QSOpt/NAEopt/optZ/runZn4k2resplus/part065/
3 /p/QSOpt/NAEopt/optZ/runZn4k2resplus/part065/
4 /p/QSOpt/NAEopt/optZ/runZn4k2resplus/part065/
5 /p/QSOpt/NAEopt/optZ/runZn4k2resplus/part065/
6 /p/QSOpt/NAEopt/optZ/runZn4k2resplus/part065/
7 /p/QSOpt/NAEopt/optZ/runZn4k2resplus/part065/
8 /p/QSOpt/NAEopt/optZ/runZn4k2resplus/part065/
9 /p/QSOpt/NAEopt/optZ/runZn4k2resplus/part065/
9 /p/QSOpt/NAEopt/optZ/runZn4k2resplus/part065/
0 /p/QSOpt/NAEopt/optZ/runZn4k2resplus/part065/
1 /p/QSOpt/NAEopt/optZ/runZn4k2resplus/part065/
2 /p/QSOpt/NAEopt/optZ/runZn4k2resplus/part065/
3 /p/QSOpt/NAEopt/optZ/runZn4k2resplus/part065/
4 /p/QSOpt/NAEopt/optZ/runZn4k2resplus/part065/
5 /p/QSOpt/NAEopt/optZ/runZn4k2resplus/part065/
6 /p/QSOpt/NAEopt/optZ/runZn4k2resplus/part065/
7 /p/QSOpt/NAEopt/optZ/runZn4k2resplus/part065/
8 /p/QSOpt/NAEopt/optZ/runZn4k2resplus/part065/
9 /p/QSOpt/NAEopt/optZ/runZn4k2resplus/part065/
10 /p/QSOpt/NAEopt/optZ/runZn4k2resplus/part065/
0 /p/QSOpt/NAEopt/optZ/runZn4k2resplus/part065/
1 /p/QSOpt/NAEopt/optZ/runZn4k2resplus/part065/
2 /p/QSOpt/NAEopt/optZ/runZn4k2resplus/part065/
3 /p/QSOpt/NAEopt/optZ/runZn4k2resplus/part065/
4 /p/QSOpt/NAEopt/optZ/runZn4k2resplus/part065/
5 /p/QSOpt/NAEopt/optZ/runZn4k2resplus/part065/
6 /p/QSOpt/NAEopt/optZ/runZn4k2resplus/part065/
7 /p/QSOpt/NAEopt/optZ/runZn4k2resplus/part065/
8 /p/QSOpt/NAEopt/optZ/runZn4k2resplus/part065/
9 /p/QSOpt/NAEopt/optZ/runZn4k2resplus/part065/
11 /p/QSOpt/NAEopt/optZ/runZn4k2resplus/part065/
0 /p/QSOpt/NAEopt/optZ/runZn4k2resplus/part065/
1 /p/QSOpt/NAEopt/optZ/runZn4k2resplus/part065/
2 /p/QSOpt/NAEopt/optZ/runZn4k2resplus/part065/
3 /p/QSOpt/NAEopt/optZ/runZn4k2resplus/part065/
4 /p/QSOpt/NAEopt/optZ/runZn4k2resplus/part065/
5 /p/QSOpt/NAEopt/optZ/runZn4k2resplus/part065/
6 /p/QSOpt/NAEopt/optZ/runZn4k2resplus/part065/
7 /p/QSOpt/NAEopt/optZ/runZn4k2resplus/part065/
8 /p/QSOpt/NAEopt/optZ/runZn4k2resplus/part065/
9 /p/QSOpt/NAEopt/optZ/runZn4k2resplus/part065/
12 /p/QSOpt/NAEopt/optZ/runZn4k2resplus/part065/
0 /p/QSOpt/NAEopt/optZ/runZn4k2resplus/part065/
1 /p/QSOpt/NAEopt/optZ/runZn4k2resplus/part065/
2 /p/QSOpt/NAEopt/optZ/runZn4k2resplus/part065/
3 /p/QSOpt/NAEopt/optZ/runZn4k2resplus/part065/
4 /p/QSOpt/NAEopt/optZ/runZn4k2resplus/part065/
5 /p/QSOpt/NAEopt/optZ/runZn4k2resplus/part065/
6 /p/QSOpt/NAEopt/optZ/runZn4k2resplus/part065/
7 /p/QSOpt/NAEopt/optZ/runZn4k2resplus/part065/
8 /p/QSOpt/NAEopt/optZ/runZn4k2resplus/part065/
9 /p/QSOpt/NAEopt/optZ/runZn4k2resplus/part065/
13 /p/QSOpt/NAEopt/optZ/runZn4k2resplus/part065/
0 /p/QSOpt/NAEopt/optZ/runZn4k2resplus/part065/
1 /p/QSOpt/NAEopt/optZ/runZn4k2resplus/part065/
2 /p/QSOpt/NAEopt/optZ/runZn4k2resplus/part065/
3 /p/QSOpt/NAEopt/optZ/runZn4k2resplus/part065/
4 /p/QSOpt/NAEopt/optZ/runZn4k2resplus/part065/
5 /p/QSOpt/NAEopt/optZ/runZn4k2resplus/part065/
6 /p/QSOpt/NAEopt/optZ/runZn4k2resplus/part065/
7 /p/QSOpt/NAEopt/optZ/runZn4k2resplus/part065/
8 /p/QSOpt/NAEopt/optZ/runZn4k2resplus/part065/
9 /p/QSOpt/NAEopt/optZ/runZn4k2resplus/part065/
14 /p/QSOpt/NAEopt/optZ/runZn4k2resplus/part065/
