python optAnhark2optZ.py 15 0.18 0.21 10 0.024000000000000007 0.036000000000000004 /p/QSOpt/NAEopt/optZ/runZn4k2resplus/part068/
0 /p/QSOpt/NAEopt/optZ/runZn4k2resplus/part068/
1 /p/QSOpt/NAEopt/optZ/runZn4k2resplus/part068/
2 /p/QSOpt/NAEopt/optZ/runZn4k2resplus/part068/
3 /p/QSOpt/NAEopt/optZ/runZn4k2resplus/part068/
4 /p/QSOpt/NAEopt/optZ/runZn4k2resplus/part068/
5 /p/QSOpt/NAEopt/optZ/runZn4k2resplus/part068/
6 /p/QSOpt/NAEopt/optZ/runZn4k2resplus/part068/
7 /p/QSOpt/NAEopt/optZ/runZn4k2resplus/part068/
8 /p/QSOpt/NAEopt/optZ/runZn4k2resplus/part068/
9 /p/QSOpt/NAEopt/optZ/runZn4k2resplus/part068/
0 /p/QSOpt/NAEopt/optZ/runZn4k2resplus/part068/
0 /p/QSOpt/NAEopt/optZ/runZn4k2resplus/part068/
1 /p/QSOpt/NAEopt/optZ/runZn4k2resplus/part068/
2 /p/QSOpt/NAEopt/optZ/runZn4k2resplus/part068/
3 /p/QSOpt/NAEopt/optZ/runZn4k2resplus/part068/
4 /p/QSOpt/NAEopt/optZ/runZn4k2resplus/part068/
5 /p/QSOpt/NAEopt/optZ/runZn4k2resplus/part068/
6 /p/QSOpt/NAEopt/optZ/runZn4k2resplus/part068/
7 /p/QSOpt/NAEopt/optZ/runZn4k2resplus/part068/
8 /p/QSOpt/NAEopt/optZ/runZn4k2resplus/part068/
9 /p/QSOpt/NAEopt/optZ/runZn4k2resplus/part068/
1 /p/QSOpt/NAEopt/optZ/runZn4k2resplus/part068/
0 /p/QSOpt/NAEopt/optZ/runZn4k2resplus/part068/
1 /p/QSOpt/NAEopt/optZ/runZn4k2resplus/part068/
2 /p/QSOpt/NAEopt/optZ/runZn4k2resplus/part068/
3 /p/QSOpt/NAEopt/optZ/runZn4k2resplus/part068/
4 /p/QSOpt/NAEopt/optZ/runZn4k2resplus/part068/
5 /p/QSOpt/NAEopt/optZ/runZn4k2resplus/part068/
6 /p/QSOpt/NAEopt/optZ/runZn4k2resplus/part068/
7 /p/QSOpt/NAEopt/optZ/runZn4k2resplus/part068/
8 /p/QSOpt/NAEopt/optZ/runZn4k2resplus/part068/
9 /p/QSOpt/NAEopt/optZ/runZn4k2resplus/part068/
2 /p/QSOpt/NAEopt/optZ/runZn4k2resplus/part068/
0 /p/QSOpt/NAEopt/optZ/runZn4k2resplus/part068/
1 /p/QSOpt/NAEopt/optZ/runZn4k2resplus/part068/
2 /p/QSOpt/NAEopt/optZ/runZn4k2resplus/part068/
3 /p/QSOpt/NAEopt/optZ/runZn4k2resplus/part068/
4 /p/QSOpt/NAEopt/optZ/runZn4k2resplus/part068/
5 /p/QSOpt/NAEopt/optZ/runZn4k2resplus/part068/
6 /p/QSOpt/NAEopt/optZ/runZn4k2resplus/part068/
7 /p/QSOpt/NAEopt/optZ/runZn4k2resplus/part068/
8 /p/QSOpt/NAEopt/optZ/runZn4k2resplus/part068/
9 /p/QSOpt/NAEopt/optZ/runZn4k2resplus/part068/
3 /p/QSOpt/NAEopt/optZ/runZn4k2resplus/part068/
0 /p/QSOpt/NAEopt/optZ/runZn4k2resplus/part068/
1 /p/QSOpt/NAEopt/optZ/runZn4k2resplus/part068/
2 /p/QSOpt/NAEopt/optZ/runZn4k2resplus/part068/
3 /p/QSOpt/NAEopt/optZ/runZn4k2resplus/part068/
4 /p/QSOpt/NAEopt/optZ/runZn4k2resplus/part068/
5 /p/QSOpt/NAEopt/optZ/runZn4k2resplus/part068/
6 /p/QSOpt/NAEopt/optZ/runZn4k2resplus/part068/
7 /p/QSOpt/NAEopt/optZ/runZn4k2resplus/part068/
8 /p/QSOpt/NAEopt/optZ/runZn4k2resplus/part068/
9 /p/QSOpt/NAEopt/optZ/runZn4k2resplus/part068/
4 /p/QSOpt/NAEopt/optZ/runZn4k2resplus/part068/
0 /p/QSOpt/NAEopt/optZ/runZn4k2resplus/part068/
1 /p/QSOpt/NAEopt/optZ/runZn4k2resplus/part068/
2 /p/QSOpt/NAEopt/optZ/runZn4k2resplus/part068/
3 /p/QSOpt/NAEopt/optZ/runZn4k2resplus/part068/
4 /p/QSOpt/NAEopt/optZ/runZn4k2resplus/part068/
5 /p/QSOpt/NAEopt/optZ/runZn4k2resplus/part068/
6 /p/QSOpt/NAEopt/optZ/runZn4k2resplus/part068/
7 /p/QSOpt/NAEopt/optZ/runZn4k2resplus/part068/
8 /p/QSOpt/NAEopt/optZ/runZn4k2resplus/part068/
9 /p/QSOpt/NAEopt/optZ/runZn4k2resplus/part068/
5 /p/QSOpt/NAEopt/optZ/runZn4k2resplus/part068/
0 /p/QSOpt/NAEopt/optZ/runZn4k2resplus/part068/
1 /p/QSOpt/NAEopt/optZ/runZn4k2resplus/part068/
2 /p/QSOpt/NAEopt/optZ/runZn4k2resplus/part068/
3 /p/QSOpt/NAEopt/optZ/runZn4k2resplus/part068/
4 /p/QSOpt/NAEopt/optZ/runZn4k2resplus/part068/
5 /p/QSOpt/NAEopt/optZ/runZn4k2resplus/part068/
6 /p/QSOpt/NAEopt/optZ/runZn4k2resplus/part068/
7 /p/QSOpt/NAEopt/optZ/runZn4k2resplus/part068/
8 /p/QSOpt/NAEopt/optZ/runZn4k2resplus/part068/
9 /p/QSOpt/NAEopt/optZ/runZn4k2resplus/part068/
6 /p/QSOpt/NAEopt/optZ/runZn4k2resplus/part068/
0 /p/QSOpt/NAEopt/optZ/runZn4k2resplus/part068/
1 /p/QSOpt/NAEopt/optZ/runZn4k2resplus/part068/
2 /p/QSOpt/NAEopt/optZ/runZn4k2resplus/part068/
3 /p/QSOpt/NAEopt/optZ/runZn4k2resplus/part068/
4 /p/QSOpt/NAEopt/optZ/runZn4k2resplus/part068/
5 /p/QSOpt/NAEopt/optZ/runZn4k2resplus/part068/
6 /p/QSOpt/NAEopt/optZ/runZn4k2resplus/part068/
7 /p/QSOpt/NAEopt/optZ/runZn4k2resplus/part068/
8 /p/QSOpt/NAEopt/optZ/runZn4k2resplus/part068/
9 /p/QSOpt/NAEopt/optZ/runZn4k2resplus/part068/
7 /p/QSOpt/NAEopt/optZ/runZn4k2resplus/part068/
/p/QSOpt/NAEopt/pyQSC/qsc/r_singularity.py:451: UserWarning:   Difference between linear solution 172.50005758043272 and quadratic solution 172.5000753141795 is 1.7733746773274106e-05
  warnings.warn("  Difference between linear solution {} and quadratic solution {} is {}".format(linear_solutions[0], quadratic_solutions[0], diff))
/p/QSOpt/NAEopt/pyQSC/qsc/r_singularity.py:451: UserWarning:   Difference between linear solution 179.9614134685913 and quadratic solution 179.96139913787866 is 1.4330712645005406e-05
  warnings.warn("  Difference between linear solution {} and quadratic solution {} is {}".format(linear_solutions[0], quadratic_solutions[0], diff))
/p/QSOpt/NAEopt/pyQSC/qsc/r_singularity.py:451: UserWarning:   Difference between linear solution 1669.0312162179482 and quadratic solution 1669.0311969063869 is 1.9311561345602968e-05
  warnings.warn("  Difference between linear solution {} and quadratic solution {} is {}".format(linear_solutions[0], quadratic_solutions[0], diff))
0 /p/QSOpt/NAEopt/optZ/runZn4k2resplus/part068/
1 /p/QSOpt/NAEopt/optZ/runZn4k2resplus/part068/
2 /p/QSOpt/NAEopt/optZ/runZn4k2resplus/part068/
3 /p/QSOpt/NAEopt/optZ/runZn4k2resplus/part068/
4 /p/QSOpt/NAEopt/optZ/runZn4k2resplus/part068/
5 /p/QSOpt/NAEopt/optZ/runZn4k2resplus/part068/
6 /p/QSOpt/NAEopt/optZ/runZn4k2resplus/part068/
7 /p/QSOpt/NAEopt/optZ/runZn4k2resplus/part068/
8 /p/QSOpt/NAEopt/optZ/runZn4k2resplus/part068/
9 /p/QSOpt/NAEopt/optZ/runZn4k2resplus/part068/
8 /p/QSOpt/NAEopt/optZ/runZn4k2resplus/part068/
0 /p/QSOpt/NAEopt/optZ/runZn4k2resplus/part068/
1 /p/QSOpt/NAEopt/optZ/runZn4k2resplus/part068/
2 /p/QSOpt/NAEopt/optZ/runZn4k2resplus/part068/
3 /p/QSOpt/NAEopt/optZ/runZn4k2resplus/part068/
4 /p/QSOpt/NAEopt/optZ/runZn4k2resplus/part068/
5 /p/QSOpt/NAEopt/optZ/runZn4k2resplus/part068/
6 /p/QSOpt/NAEopt/optZ/runZn4k2resplus/part068/
7 /p/QSOpt/NAEopt/optZ/runZn4k2resplus/part068/
8 /p/QSOpt/NAEopt/optZ/runZn4k2resplus/part068/
9 /p/QSOpt/NAEopt/optZ/runZn4k2resplus/part068/
9 /p/QSOpt/NAEopt/optZ/runZn4k2resplus/part068/
0 /p/QSOpt/NAEopt/optZ/runZn4k2resplus/part068/
1 /p/QSOpt/NAEopt/optZ/runZn4k2resplus/part068/
2 /p/QSOpt/NAEopt/optZ/runZn4k2resplus/part068/
3 /p/QSOpt/NAEopt/optZ/runZn4k2resplus/part068/
4 /p/QSOpt/NAEopt/optZ/runZn4k2resplus/part068/
5 /p/QSOpt/NAEopt/optZ/runZn4k2resplus/part068/
6 /p/QSOpt/NAEopt/optZ/runZn4k2resplus/part068/
7 /p/QSOpt/NAEopt/optZ/runZn4k2resplus/part068/
8 /p/QSOpt/NAEopt/optZ/runZn4k2resplus/part068/
9 /p/QSOpt/NAEopt/optZ/runZn4k2resplus/part068/
10 /p/QSOpt/NAEopt/optZ/runZn4k2resplus/part068/
0 /p/QSOpt/NAEopt/optZ/runZn4k2resplus/part068/
1 /p/QSOpt/NAEopt/optZ/runZn4k2resplus/part068/
2 /p/QSOpt/NAEopt/optZ/runZn4k2resplus/part068/
3 /p/QSOpt/NAEopt/optZ/runZn4k2resplus/part068/
4 /p/QSOpt/NAEopt/optZ/runZn4k2resplus/part068/
5 /p/QSOpt/NAEopt/optZ/runZn4k2resplus/part068/
6 /p/QSOpt/NAEopt/optZ/runZn4k2resplus/part068/
7 /p/QSOpt/NAEopt/optZ/runZn4k2resplus/part068/
8 /p/QSOpt/NAEopt/optZ/runZn4k2resplus/part068/
9 /p/QSOpt/NAEopt/optZ/runZn4k2resplus/part068/
11 /p/QSOpt/NAEopt/optZ/runZn4k2resplus/part068/
0 /p/QSOpt/NAEopt/optZ/runZn4k2resplus/part068/
1 /p/QSOpt/NAEopt/optZ/runZn4k2resplus/part068/
2 /p/QSOpt/NAEopt/optZ/runZn4k2resplus/part068/
3 /p/QSOpt/NAEopt/optZ/runZn4k2resplus/part068/
4 /p/QSOpt/NAEopt/optZ/runZn4k2resplus/part068/
5 /p/QSOpt/NAEopt/optZ/runZn4k2resplus/part068/
6 /p/QSOpt/NAEopt/optZ/runZn4k2resplus/part068/
7 /p/QSOpt/NAEopt/optZ/runZn4k2resplus/part068/
8 /p/QSOpt/NAEopt/optZ/runZn4k2resplus/part068/
9 /p/QSOpt/NAEopt/optZ/runZn4k2resplus/part068/
12 /p/QSOpt/NAEopt/optZ/runZn4k2resplus/part068/
0 /p/QSOpt/NAEopt/optZ/runZn4k2resplus/part068/
1 /p/QSOpt/NAEopt/optZ/runZn4k2resplus/part068/
2 /p/QSOpt/NAEopt/optZ/runZn4k2resplus/part068/
3 /p/QSOpt/NAEopt/optZ/runZn4k2resplus/part068/
/p/QSOpt/NAEopt/pyQSC/qsc/r_singularity.py:451: UserWarning:   Difference between linear solution 39.446588329129 and quadratic solution 39.446606639219 is 1.8310089998863077e-05
  warnings.warn("  Difference between linear solution {} and quadratic solution {} is {}".format(linear_solutions[0], quadratic_solutions[0], diff))
/p/QSOpt/NAEopt/pyQSC/qsc/r_singularity.py:451: UserWarning:   Difference between linear solution 57.20441262256932 and quadratic solution 57.204450915875164 is 3.829330584181889e-05
  warnings.warn("  Difference between linear solution {} and quadratic solution {} is {}".format(linear_solutions[0], quadratic_solutions[0], diff))
/p/QSOpt/NAEopt/pyQSC/qsc/r_singularity.py:451: UserWarning:   Difference between linear solution 57.204311520093945 and quadratic solution 57.2044413056946 is 0.00012978560065590727
  warnings.warn("  Difference between linear solution {} and quadratic solution {} is {}".format(linear_solutions[0], quadratic_solutions[0], diff))
/p/QSOpt/NAEopt/pyQSC/qsc/r_singularity.py:451: UserWarning:   Difference between linear solution 39.44654003967486 and quadratic solution 39.446601961039086 is 6.192136422811245e-05
  warnings.warn("  Difference between linear solution {} and quadratic solution {} is {}".format(linear_solutions[0], quadratic_solutions[0], diff))
4 /p/QSOpt/NAEopt/optZ/runZn4k2resplus/part068/
/p/QSOpt/NAEopt/pyQSC/qsc/r_singularity.py:451: UserWarning:   Difference between linear solution 2.9153032177229536 and quadratic solution 2.915340824561936 is 3.760683898246242e-05
  warnings.warn("  Difference between linear solution {} and quadratic solution {} is {}".format(linear_solutions[0], quadratic_solutions[0], diff))
5 /p/QSOpt/NAEopt/optZ/runZn4k2resplus/part068/
6 /p/QSOpt/NAEopt/optZ/runZn4k2resplus/part068/
7 /p/QSOpt/NAEopt/optZ/runZn4k2resplus/part068/
8 /p/QSOpt/NAEopt/optZ/runZn4k2resplus/part068/
9 /p/QSOpt/NAEopt/optZ/runZn4k2resplus/part068/
13 /p/QSOpt/NAEopt/optZ/runZn4k2resplus/part068/
0 /p/QSOpt/NAEopt/optZ/runZn4k2resplus/part068/
1 /p/QSOpt/NAEopt/optZ/runZn4k2resplus/part068/
2 /p/QSOpt/NAEopt/optZ/runZn4k2resplus/part068/
3 /p/QSOpt/NAEopt/optZ/runZn4k2resplus/part068/
4 /p/QSOpt/NAEopt/optZ/runZn4k2resplus/part068/
5 /p/QSOpt/NAEopt/optZ/runZn4k2resplus/part068/
6 /p/QSOpt/NAEopt/optZ/runZn4k2resplus/part068/
7 /p/QSOpt/NAEopt/optZ/runZn4k2resplus/part068/
8 /p/QSOpt/NAEopt/optZ/runZn4k2resplus/part068/
9 /p/QSOpt/NAEopt/optZ/runZn4k2resplus/part068/
14 /p/QSOpt/NAEopt/optZ/runZn4k2resplus/part068/
