python optAnhark2optZ.py 15 0.15 0.18 10 0.048 0.06 /p/QSOpt/NAEopt/optZ/runZn4k2resplus/part060/
0 /p/QSOpt/NAEopt/optZ/runZn4k2resplus/part060/
1 /p/QSOpt/NAEopt/optZ/runZn4k2resplus/part060/
2 /p/QSOpt/NAEopt/optZ/runZn4k2resplus/part060/
3 /p/QSOpt/NAEopt/optZ/runZn4k2resplus/part060/
4 /p/QSOpt/NAEopt/optZ/runZn4k2resplus/part060/
5 /p/QSOpt/NAEopt/optZ/runZn4k2resplus/part060/
6 /p/QSOpt/NAEopt/optZ/runZn4k2resplus/part060/
7 /p/QSOpt/NAEopt/optZ/runZn4k2resplus/part060/
8 /p/QSOpt/NAEopt/optZ/runZn4k2resplus/part060/
/p/QSOpt/NAEopt/pyQSC/qsc/r_singularity.py:451: UserWarning:   Difference between linear solution 0.543719289273823 and quadratic solution 0.31501621088974596 is 0.228703078384077
  warnings.warn("  Difference between linear solution {} and quadratic solution {} is {}".format(linear_solutions[0], quadratic_solutions[0], diff))
9 /p/QSOpt/NAEopt/optZ/runZn4k2resplus/part060/
0 /p/QSOpt/NAEopt/optZ/runZn4k2resplus/part060/
0 /p/QSOpt/NAEopt/optZ/runZn4k2resplus/part060/
1 /p/QSOpt/NAEopt/optZ/runZn4k2resplus/part060/
2 /p/QSOpt/NAEopt/optZ/runZn4k2resplus/part060/
/p/QSOpt/NAEopt/pyQSC/qsc/r_singularity.py:451: UserWarning:   Difference between linear solution 102.19104607642092 and quadratic solution 102.19111928318723 is 7.320676631650258e-05
  warnings.warn("  Difference between linear solution {} and quadratic solution {} is {}".format(linear_solutions[0], quadratic_solutions[0], diff))
/p/QSOpt/NAEopt/pyQSC/qsc/r_singularity.py:451: UserWarning:   Difference between linear solution 102.19360552811678 and quadratic solution 102.19363973382649 is 3.420570971002235e-05
  warnings.warn("  Difference between linear solution {} and quadratic solution {} is {}".format(linear_solutions[0], quadratic_solutions[0], diff))
3 /p/QSOpt/NAEopt/optZ/runZn4k2resplus/part060/
4 /p/QSOpt/NAEopt/optZ/runZn4k2resplus/part060/
5 /p/QSOpt/NAEopt/optZ/runZn4k2resplus/part060/
6 /p/QSOpt/NAEopt/optZ/runZn4k2resplus/part060/
7 /p/QSOpt/NAEopt/optZ/runZn4k2resplus/part060/
8 /p/QSOpt/NAEopt/optZ/runZn4k2resplus/part060/
9 /p/QSOpt/NAEopt/optZ/runZn4k2resplus/part060/
1 /p/QSOpt/NAEopt/optZ/runZn4k2resplus/part060/
0 /p/QSOpt/NAEopt/optZ/runZn4k2resplus/part060/
1 /p/QSOpt/NAEopt/optZ/runZn4k2resplus/part060/
2 /p/QSOpt/NAEopt/optZ/runZn4k2resplus/part060/
3 /p/QSOpt/NAEopt/optZ/runZn4k2resplus/part060/
4 /p/QSOpt/NAEopt/optZ/runZn4k2resplus/part060/
5 /p/QSOpt/NAEopt/optZ/runZn4k2resplus/part060/
6 /p/QSOpt/NAEopt/optZ/runZn4k2resplus/part060/
7 /p/QSOpt/NAEopt/optZ/runZn4k2resplus/part060/
8 /p/QSOpt/NAEopt/optZ/runZn4k2resplus/part060/
9 /p/QSOpt/NAEopt/optZ/runZn4k2resplus/part060/
2 /p/QSOpt/NAEopt/optZ/runZn4k2resplus/part060/
0 /p/QSOpt/NAEopt/optZ/runZn4k2resplus/part060/
1 /p/QSOpt/NAEopt/optZ/runZn4k2resplus/part060/
2 /p/QSOpt/NAEopt/optZ/runZn4k2resplus/part060/
3 /p/QSOpt/NAEopt/optZ/runZn4k2resplus/part060/
4 /p/QSOpt/NAEopt/optZ/runZn4k2resplus/part060/
5 /p/QSOpt/NAEopt/optZ/runZn4k2resplus/part060/
6 /p/QSOpt/NAEopt/optZ/runZn4k2resplus/part060/
7 /p/QSOpt/NAEopt/optZ/runZn4k2resplus/part060/
8 /p/QSOpt/NAEopt/optZ/runZn4k2resplus/part060/
9 /p/QSOpt/NAEopt/optZ/runZn4k2resplus/part060/
3 /p/QSOpt/NAEopt/optZ/runZn4k2resplus/part060/
0 /p/QSOpt/NAEopt/optZ/runZn4k2resplus/part060/
1 /p/QSOpt/NAEopt/optZ/runZn4k2resplus/part060/
2 /p/QSOpt/NAEopt/optZ/runZn4k2resplus/part060/
3 /p/QSOpt/NAEopt/optZ/runZn4k2resplus/part060/
4 /p/QSOpt/NAEopt/optZ/runZn4k2resplus/part060/
5 /p/QSOpt/NAEopt/optZ/runZn4k2resplus/part060/
6 /p/QSOpt/NAEopt/optZ/runZn4k2resplus/part060/
7 /p/QSOpt/NAEopt/optZ/runZn4k2resplus/part060/
8 /p/QSOpt/NAEopt/optZ/runZn4k2resplus/part060/
9 /p/QSOpt/NAEopt/optZ/runZn4k2resplus/part060/
4 /p/QSOpt/NAEopt/optZ/runZn4k2resplus/part060/
0 /p/QSOpt/NAEopt/optZ/runZn4k2resplus/part060/
1 /p/QSOpt/NAEopt/optZ/runZn4k2resplus/part060/
2 /p/QSOpt/NAEopt/optZ/runZn4k2resplus/part060/
3 /p/QSOpt/NAEopt/optZ/runZn4k2resplus/part060/
4 /p/QSOpt/NAEopt/optZ/runZn4k2resplus/part060/
/p/QSOpt/NAEopt/pyQSC/qsc/r_singularity.py:451: UserWarning:   Difference between linear solution 49.35980771048356 and quadratic solution 49.359786808607616 is 2.0901875942058723e-05
  warnings.warn("  Difference between linear solution {} and quadratic solution {} is {}".format(linear_solutions[0], quadratic_solutions[0], diff))
5 /p/QSOpt/NAEopt/optZ/runZn4k2resplus/part060/
6 /p/QSOpt/NAEopt/optZ/runZn4k2resplus/part060/
7 /p/QSOpt/NAEopt/optZ/runZn4k2resplus/part060/
8 /p/QSOpt/NAEopt/optZ/runZn4k2resplus/part060/
9 /p/QSOpt/NAEopt/optZ/runZn4k2resplus/part060/
5 /p/QSOpt/NAEopt/optZ/runZn4k2resplus/part060/
0 /p/QSOpt/NAEopt/optZ/runZn4k2resplus/part060/
1 /p/QSOpt/NAEopt/optZ/runZn4k2resplus/part060/
2 /p/QSOpt/NAEopt/optZ/runZn4k2resplus/part060/
3 /p/QSOpt/NAEopt/optZ/runZn4k2resplus/part060/
4 /p/QSOpt/NAEopt/optZ/runZn4k2resplus/part060/
5 /p/QSOpt/NAEopt/optZ/runZn4k2resplus/part060/
6 /p/QSOpt/NAEopt/optZ/runZn4k2resplus/part060/
7 /p/QSOpt/NAEopt/optZ/runZn4k2resplus/part060/
8 /p/QSOpt/NAEopt/optZ/runZn4k2resplus/part060/
9 /p/QSOpt/NAEopt/optZ/runZn4k2resplus/part060/
6 /p/QSOpt/NAEopt/optZ/runZn4k2resplus/part060/
0 /p/QSOpt/NAEopt/optZ/runZn4k2resplus/part060/
1 /p/QSOpt/NAEopt/optZ/runZn4k2resplus/part060/
2 /p/QSOpt/NAEopt/optZ/runZn4k2resplus/part060/
3 /p/QSOpt/NAEopt/optZ/runZn4k2resplus/part060/
4 /p/QSOpt/NAEopt/optZ/runZn4k2resplus/part060/
5 /p/QSOpt/NAEopt/optZ/runZn4k2resplus/part060/
6 /p/QSOpt/NAEopt/optZ/runZn4k2resplus/part060/
7 /p/QSOpt/NAEopt/optZ/runZn4k2resplus/part060/
8 /p/QSOpt/NAEopt/optZ/runZn4k2resplus/part060/
9 /p/QSOpt/NAEopt/optZ/runZn4k2resplus/part060/
7 /p/QSOpt/NAEopt/optZ/runZn4k2resplus/part060/
0 /p/QSOpt/NAEopt/optZ/runZn4k2resplus/part060/
1 /p/QSOpt/NAEopt/optZ/runZn4k2resplus/part060/
2 /p/QSOpt/NAEopt/optZ/runZn4k2resplus/part060/
3 /p/QSOpt/NAEopt/optZ/runZn4k2resplus/part060/
4 /p/QSOpt/NAEopt/optZ/runZn4k2resplus/part060/
5 /p/QSOpt/NAEopt/optZ/runZn4k2resplus/part060/
6 /p/QSOpt/NAEopt/optZ/runZn4k2resplus/part060/
7 /p/QSOpt/NAEopt/optZ/runZn4k2resplus/part060/
8 /p/QSOpt/NAEopt/optZ/runZn4k2resplus/part060/
9 /p/QSOpt/NAEopt/optZ/runZn4k2resplus/part060/
8 /p/QSOpt/NAEopt/optZ/runZn4k2resplus/part060/
0 /p/QSOpt/NAEopt/optZ/runZn4k2resplus/part060/
1 /p/QSOpt/NAEopt/optZ/runZn4k2resplus/part060/
2 /p/QSOpt/NAEopt/optZ/runZn4k2resplus/part060/
3 /p/QSOpt/NAEopt/optZ/runZn4k2resplus/part060/
4 /p/QSOpt/NAEopt/optZ/runZn4k2resplus/part060/
5 /p/QSOpt/NAEopt/optZ/runZn4k2resplus/part060/
6 /p/QSOpt/NAEopt/optZ/runZn4k2resplus/part060/
7 /p/QSOpt/NAEopt/optZ/runZn4k2resplus/part060/
8 /p/QSOpt/NAEopt/optZ/runZn4k2resplus/part060/
9 /p/QSOpt/NAEopt/optZ/runZn4k2resplus/part060/
9 /p/QSOpt/NAEopt/optZ/runZn4k2resplus/part060/
0 /p/QSOpt/NAEopt/optZ/runZn4k2resplus/part060/
1 /p/QSOpt/NAEopt/optZ/runZn4k2resplus/part060/
2 /p/QSOpt/NAEopt/optZ/runZn4k2resplus/part060/
3 /p/QSOpt/NAEopt/optZ/runZn4k2resplus/part060/
4 /p/QSOpt/NAEopt/optZ/runZn4k2resplus/part060/
5 /p/QSOpt/NAEopt/optZ/runZn4k2resplus/part060/
6 /p/QSOpt/NAEopt/optZ/runZn4k2resplus/part060/
7 /p/QSOpt/NAEopt/optZ/runZn4k2resplus/part060/
8 /p/QSOpt/NAEopt/optZ/runZn4k2resplus/part060/
9 /p/QSOpt/NAEopt/optZ/runZn4k2resplus/part060/
10 /p/QSOpt/NAEopt/optZ/runZn4k2resplus/part060/
0 /p/QSOpt/NAEopt/optZ/runZn4k2resplus/part060/
1 /p/QSOpt/NAEopt/optZ/runZn4k2resplus/part060/
2 /p/QSOpt/NAEopt/optZ/runZn4k2resplus/part060/
3 /p/QSOpt/NAEopt/optZ/runZn4k2resplus/part060/
4 /p/QSOpt/NAEopt/optZ/runZn4k2resplus/part060/
5 /p/QSOpt/NAEopt/optZ/runZn4k2resplus/part060/
6 /p/QSOpt/NAEopt/optZ/runZn4k2resplus/part060/
7 /p/QSOpt/NAEopt/optZ/runZn4k2resplus/part060/
8 /p/QSOpt/NAEopt/optZ/runZn4k2resplus/part060/
9 /p/QSOpt/NAEopt/optZ/runZn4k2resplus/part060/
11 /p/QSOpt/NAEopt/optZ/runZn4k2resplus/part060/
0 /p/QSOpt/NAEopt/optZ/runZn4k2resplus/part060/
1 /p/QSOpt/NAEopt/optZ/runZn4k2resplus/part060/
2 /p/QSOpt/NAEopt/optZ/runZn4k2resplus/part060/
3 /p/QSOpt/NAEopt/optZ/runZn4k2resplus/part060/
4 /p/QSOpt/NAEopt/optZ/runZn4k2resplus/part060/
5 /p/QSOpt/NAEopt/optZ/runZn4k2resplus/part060/
6 /p/QSOpt/NAEopt/optZ/runZn4k2resplus/part060/
7 /p/QSOpt/NAEopt/optZ/runZn4k2resplus/part060/
8 /p/QSOpt/NAEopt/optZ/runZn4k2resplus/part060/
9 /p/QSOpt/NAEopt/optZ/runZn4k2resplus/part060/
12 /p/QSOpt/NAEopt/optZ/runZn4k2resplus/part060/
0 /p/QSOpt/NAEopt/optZ/runZn4k2resplus/part060/
1 /p/QSOpt/NAEopt/optZ/runZn4k2resplus/part060/
2 /p/QSOpt/NAEopt/optZ/runZn4k2resplus/part060/
3 /p/QSOpt/NAEopt/optZ/runZn4k2resplus/part060/
4 /p/QSOpt/NAEopt/optZ/runZn4k2resplus/part060/
5 /p/QSOpt/NAEopt/optZ/runZn4k2resplus/part060/
6 /p/QSOpt/NAEopt/optZ/runZn4k2resplus/part060/
7 /p/QSOpt/NAEopt/optZ/runZn4k2resplus/part060/
8 /p/QSOpt/NAEopt/optZ/runZn4k2resplus/part060/
9 /p/QSOpt/NAEopt/optZ/runZn4k2resplus/part060/
13 /p/QSOpt/NAEopt/optZ/runZn4k2resplus/part060/
0 /p/QSOpt/NAEopt/optZ/runZn4k2resplus/part060/
1 /p/QSOpt/NAEopt/optZ/runZn4k2resplus/part060/
2 /p/QSOpt/NAEopt/optZ/runZn4k2resplus/part060/
3 /p/QSOpt/NAEopt/optZ/runZn4k2resplus/part060/
4 /p/QSOpt/NAEopt/optZ/runZn4k2resplus/part060/
5 /p/QSOpt/NAEopt/optZ/runZn4k2resplus/part060/
6 /p/QSOpt/NAEopt/optZ/runZn4k2resplus/part060/
7 /p/QSOpt/NAEopt/optZ/runZn4k2resplus/part060/
8 /p/QSOpt/NAEopt/optZ/runZn4k2resplus/part060/
9 /p/QSOpt/NAEopt/optZ/runZn4k2resplus/part060/
14 /p/QSOpt/NAEopt/optZ/runZn4k2resplus/part060/
