python optAnhark2optZ.py 15 0.21 0.24 10 -0.06 -0.048 /p/QSOpt/NAEopt/optZ/runZn4k2resplus/part071/
0 /p/QSOpt/NAEopt/optZ/runZn4k2resplus/part071/
1 /p/QSOpt/NAEopt/optZ/runZn4k2resplus/part071/
2 /p/QSOpt/NAEopt/optZ/runZn4k2resplus/part071/
3 /p/QSOpt/NAEopt/optZ/runZn4k2resplus/part071/
4 /p/QSOpt/NAEopt/optZ/runZn4k2resplus/part071/
5 /p/QSOpt/NAEopt/optZ/runZn4k2resplus/part071/
6 /p/QSOpt/NAEopt/optZ/runZn4k2resplus/part071/
7 /p/QSOpt/NAEopt/optZ/runZn4k2resplus/part071/
8 /p/QSOpt/NAEopt/optZ/runZn4k2resplus/part071/
9 /p/QSOpt/NAEopt/optZ/runZn4k2resplus/part071/
0 /p/QSOpt/NAEopt/optZ/runZn4k2resplus/part071/
0 /p/QSOpt/NAEopt/optZ/runZn4k2resplus/part071/
1 /p/QSOpt/NAEopt/optZ/runZn4k2resplus/part071/
2 /p/QSOpt/NAEopt/optZ/runZn4k2resplus/part071/
3 /p/QSOpt/NAEopt/optZ/runZn4k2resplus/part071/
4 /p/QSOpt/NAEopt/optZ/runZn4k2resplus/part071/
5 /p/QSOpt/NAEopt/optZ/runZn4k2resplus/part071/
6 /p/QSOpt/NAEopt/optZ/runZn4k2resplus/part071/
7 /p/QSOpt/NAEopt/optZ/runZn4k2resplus/part071/
8 /p/QSOpt/NAEopt/optZ/runZn4k2resplus/part071/
9 /p/QSOpt/NAEopt/optZ/runZn4k2resplus/part071/
1 /p/QSOpt/NAEopt/optZ/runZn4k2resplus/part071/
0 /p/QSOpt/NAEopt/optZ/runZn4k2resplus/part071/
1 /p/QSOpt/NAEopt/optZ/runZn4k2resplus/part071/
2 /p/QSOpt/NAEopt/optZ/runZn4k2resplus/part071/
3 /p/QSOpt/NAEopt/optZ/runZn4k2resplus/part071/
4 /p/QSOpt/NAEopt/optZ/runZn4k2resplus/part071/
5 /p/QSOpt/NAEopt/optZ/runZn4k2resplus/part071/
6 /p/QSOpt/NAEopt/optZ/runZn4k2resplus/part071/
7 /p/QSOpt/NAEopt/optZ/runZn4k2resplus/part071/
8 /p/QSOpt/NAEopt/optZ/runZn4k2resplus/part071/
9 /p/QSOpt/NAEopt/optZ/runZn4k2resplus/part071/
2 /p/QSOpt/NAEopt/optZ/runZn4k2resplus/part071/
0 /p/QSOpt/NAEopt/optZ/runZn4k2resplus/part071/
1 /p/QSOpt/NAEopt/optZ/runZn4k2resplus/part071/
2 /p/QSOpt/NAEopt/optZ/runZn4k2resplus/part071/
3 /p/QSOpt/NAEopt/optZ/runZn4k2resplus/part071/
4 /p/QSOpt/NAEopt/optZ/runZn4k2resplus/part071/
5 /p/QSOpt/NAEopt/optZ/runZn4k2resplus/part071/
6 /p/QSOpt/NAEopt/optZ/runZn4k2resplus/part071/
7 /p/QSOpt/NAEopt/optZ/runZn4k2resplus/part071/
8 /p/QSOpt/NAEopt/optZ/runZn4k2resplus/part071/
9 /p/QSOpt/NAEopt/optZ/runZn4k2resplus/part071/
3 /p/QSOpt/NAEopt/optZ/runZn4k2resplus/part071/
0 /p/QSOpt/NAEopt/optZ/runZn4k2resplus/part071/
1 /p/QSOpt/NAEopt/optZ/runZn4k2resplus/part071/
2 /p/QSOpt/NAEopt/optZ/runZn4k2resplus/part071/
3 /p/QSOpt/NAEopt/optZ/runZn4k2resplus/part071/
4 /p/QSOpt/NAEopt/optZ/runZn4k2resplus/part071/
5 /p/QSOpt/NAEopt/optZ/runZn4k2resplus/part071/
6 /p/QSOpt/NAEopt/optZ/runZn4k2resplus/part071/
7 /p/QSOpt/NAEopt/optZ/runZn4k2resplus/part071/
8 /p/QSOpt/NAEopt/optZ/runZn4k2resplus/part071/
9 /p/QSOpt/NAEopt/optZ/runZn4k2resplus/part071/
4 /p/QSOpt/NAEopt/optZ/runZn4k2resplus/part071/
0 /p/QSOpt/NAEopt/optZ/runZn4k2resplus/part071/
1 /p/QSOpt/NAEopt/optZ/runZn4k2resplus/part071/
2 /p/QSOpt/NAEopt/optZ/runZn4k2resplus/part071/
3 /p/QSOpt/NAEopt/optZ/runZn4k2resplus/part071/
4 /p/QSOpt/NAEopt/optZ/runZn4k2resplus/part071/
5 /p/QSOpt/NAEopt/optZ/runZn4k2resplus/part071/
6 /p/QSOpt/NAEopt/optZ/runZn4k2resplus/part071/
7 /p/QSOpt/NAEopt/optZ/runZn4k2resplus/part071/
8 /p/QSOpt/NAEopt/optZ/runZn4k2resplus/part071/
9 /p/QSOpt/NAEopt/optZ/runZn4k2resplus/part071/
5 /p/QSOpt/NAEopt/optZ/runZn4k2resplus/part071/
0 /p/QSOpt/NAEopt/optZ/runZn4k2resplus/part071/
1 /p/QSOpt/NAEopt/optZ/runZn4k2resplus/part071/
2 /p/QSOpt/NAEopt/optZ/runZn4k2resplus/part071/
3 /p/QSOpt/NAEopt/optZ/runZn4k2resplus/part071/
4 /p/QSOpt/NAEopt/optZ/runZn4k2resplus/part071/
5 /p/QSOpt/NAEopt/optZ/runZn4k2resplus/part071/
6 /p/QSOpt/NAEopt/optZ/runZn4k2resplus/part071/
7 /p/QSOpt/NAEopt/optZ/runZn4k2resplus/part071/
8 /p/QSOpt/NAEopt/optZ/runZn4k2resplus/part071/
9 /p/QSOpt/NAEopt/optZ/runZn4k2resplus/part071/
6 /p/QSOpt/NAEopt/optZ/runZn4k2resplus/part071/
0 /p/QSOpt/NAEopt/optZ/runZn4k2resplus/part071/
1 /p/QSOpt/NAEopt/optZ/runZn4k2resplus/part071/
2 /p/QSOpt/NAEopt/optZ/runZn4k2resplus/part071/
3 /p/QSOpt/NAEopt/optZ/runZn4k2resplus/part071/
4 /p/QSOpt/NAEopt/optZ/runZn4k2resplus/part071/
5 /p/QSOpt/NAEopt/optZ/runZn4k2resplus/part071/
6 /p/QSOpt/NAEopt/optZ/runZn4k2resplus/part071/
7 /p/QSOpt/NAEopt/optZ/runZn4k2resplus/part071/
8 /p/QSOpt/NAEopt/optZ/runZn4k2resplus/part071/
9 /p/QSOpt/NAEopt/optZ/runZn4k2resplus/part071/
7 /p/QSOpt/NAEopt/optZ/runZn4k2resplus/part071/
0 /p/QSOpt/NAEopt/optZ/runZn4k2resplus/part071/
1 /p/QSOpt/NAEopt/optZ/runZn4k2resplus/part071/
2 /p/QSOpt/NAEopt/optZ/runZn4k2resplus/part071/
3 /p/QSOpt/NAEopt/optZ/runZn4k2resplus/part071/
4 /p/QSOpt/NAEopt/optZ/runZn4k2resplus/part071/
5 /p/QSOpt/NAEopt/optZ/runZn4k2resplus/part071/
6 /p/QSOpt/NAEopt/optZ/runZn4k2resplus/part071/
7 /p/QSOpt/NAEopt/optZ/runZn4k2resplus/part071/
8 /p/QSOpt/NAEopt/optZ/runZn4k2resplus/part071/
9 /p/QSOpt/NAEopt/optZ/runZn4k2resplus/part071/
8 /p/QSOpt/NAEopt/optZ/runZn4k2resplus/part071/
0 /p/QSOpt/NAEopt/optZ/runZn4k2resplus/part071/
1 /p/QSOpt/NAEopt/optZ/runZn4k2resplus/part071/
2 /p/QSOpt/NAEopt/optZ/runZn4k2resplus/part071/
3 /p/QSOpt/NAEopt/optZ/runZn4k2resplus/part071/
4 /p/QSOpt/NAEopt/optZ/runZn4k2resplus/part071/
5 /p/QSOpt/NAEopt/optZ/runZn4k2resplus/part071/
6 /p/QSOpt/NAEopt/optZ/runZn4k2resplus/part071/
7 /p/QSOpt/NAEopt/optZ/runZn4k2resplus/part071/
8 /p/QSOpt/NAEopt/optZ/runZn4k2resplus/part071/
9 /p/QSOpt/NAEopt/optZ/runZn4k2resplus/part071/
9 /p/QSOpt/NAEopt/optZ/runZn4k2resplus/part071/
0 /p/QSOpt/NAEopt/optZ/runZn4k2resplus/part071/
1 /p/QSOpt/NAEopt/optZ/runZn4k2resplus/part071/
2 /p/QSOpt/NAEopt/optZ/runZn4k2resplus/part071/
3 /p/QSOpt/NAEopt/optZ/runZn4k2resplus/part071/
4 /p/QSOpt/NAEopt/optZ/runZn4k2resplus/part071/
5 /p/QSOpt/NAEopt/optZ/runZn4k2resplus/part071/
6 /p/QSOpt/NAEopt/optZ/runZn4k2resplus/part071/
7 /p/QSOpt/NAEopt/optZ/runZn4k2resplus/part071/
8 /p/QSOpt/NAEopt/optZ/runZn4k2resplus/part071/
9 /p/QSOpt/NAEopt/optZ/runZn4k2resplus/part071/
10 /p/QSOpt/NAEopt/optZ/runZn4k2resplus/part071/
0 /p/QSOpt/NAEopt/optZ/runZn4k2resplus/part071/
1 /p/QSOpt/NAEopt/optZ/runZn4k2resplus/part071/
2 /p/QSOpt/NAEopt/optZ/runZn4k2resplus/part071/
3 /p/QSOpt/NAEopt/optZ/runZn4k2resplus/part071/
4 /p/QSOpt/NAEopt/optZ/runZn4k2resplus/part071/
5 /p/QSOpt/NAEopt/optZ/runZn4k2resplus/part071/
6 /p/QSOpt/NAEopt/optZ/runZn4k2resplus/part071/
7 /p/QSOpt/NAEopt/optZ/runZn4k2resplus/part071/
8 /p/QSOpt/NAEopt/optZ/runZn4k2resplus/part071/
9 /p/QSOpt/NAEopt/optZ/runZn4k2resplus/part071/
11 /p/QSOpt/NAEopt/optZ/runZn4k2resplus/part071/
0 /p/QSOpt/NAEopt/optZ/runZn4k2resplus/part071/
1 /p/QSOpt/NAEopt/optZ/runZn4k2resplus/part071/
2 /p/QSOpt/NAEopt/optZ/runZn4k2resplus/part071/
3 /p/QSOpt/NAEopt/optZ/runZn4k2resplus/part071/
4 /p/QSOpt/NAEopt/optZ/runZn4k2resplus/part071/
5 /p/QSOpt/NAEopt/optZ/runZn4k2resplus/part071/
6 /p/QSOpt/NAEopt/optZ/runZn4k2resplus/part071/
7 /p/QSOpt/NAEopt/optZ/runZn4k2resplus/part071/
8 /p/QSOpt/NAEopt/optZ/runZn4k2resplus/part071/
9 /p/QSOpt/NAEopt/optZ/runZn4k2resplus/part071/
12 /p/QSOpt/NAEopt/optZ/runZn4k2resplus/part071/
0 /p/QSOpt/NAEopt/optZ/runZn4k2resplus/part071/
1 /p/QSOpt/NAEopt/optZ/runZn4k2resplus/part071/
2 /p/QSOpt/NAEopt/optZ/runZn4k2resplus/part071/
3 /p/QSOpt/NAEopt/optZ/runZn4k2resplus/part071/
4 /p/QSOpt/NAEopt/optZ/runZn4k2resplus/part071/
5 /p/QSOpt/NAEopt/optZ/runZn4k2resplus/part071/
6 /p/QSOpt/NAEopt/optZ/runZn4k2resplus/part071/
7 /p/QSOpt/NAEopt/optZ/runZn4k2resplus/part071/
8 /p/QSOpt/NAEopt/optZ/runZn4k2resplus/part071/
9 /p/QSOpt/NAEopt/optZ/runZn4k2resplus/part071/
13 /p/QSOpt/NAEopt/optZ/runZn4k2resplus/part071/
0 /p/QSOpt/NAEopt/optZ/runZn4k2resplus/part071/
1 /p/QSOpt/NAEopt/optZ/runZn4k2resplus/part071/
2 /p/QSOpt/NAEopt/optZ/runZn4k2resplus/part071/
3 /p/QSOpt/NAEopt/optZ/runZn4k2resplus/part071/
4 /p/QSOpt/NAEopt/optZ/runZn4k2resplus/part071/
5 /p/QSOpt/NAEopt/optZ/runZn4k2resplus/part071/
6 /p/QSOpt/NAEopt/optZ/runZn4k2resplus/part071/
7 /p/QSOpt/NAEopt/optZ/runZn4k2resplus/part071/
8 /p/QSOpt/NAEopt/optZ/runZn4k2resplus/part071/
9 /p/QSOpt/NAEopt/optZ/runZn4k2resplus/part071/
14 /p/QSOpt/NAEopt/optZ/runZn4k2resplus/part071/
