python optAnhark2optZ.py 15 0.06 0.09 10 -0.06 -0.048 /p/QSOpt/NAEopt/optZ/runZn4k2resplus/part021/
0 /p/QSOpt/NAEopt/optZ/runZn4k2resplus/part021/
1 /p/QSOpt/NAEopt/optZ/runZn4k2resplus/part021/
2 /p/QSOpt/NAEopt/optZ/runZn4k2resplus/part021/
3 /p/QSOpt/NAEopt/optZ/runZn4k2resplus/part021/
4 /p/QSOpt/NAEopt/optZ/runZn4k2resplus/part021/
5 /p/QSOpt/NAEopt/optZ/runZn4k2resplus/part021/
6 /p/QSOpt/NAEopt/optZ/runZn4k2resplus/part021/
7 /p/QSOpt/NAEopt/optZ/runZn4k2resplus/part021/
8 /p/QSOpt/NAEopt/optZ/runZn4k2resplus/part021/
9 /p/QSOpt/NAEopt/optZ/runZn4k2resplus/part021/
0 /p/QSOpt/NAEopt/optZ/runZn4k2resplus/part021/
0 /p/QSOpt/NAEopt/optZ/runZn4k2resplus/part021/
1 /p/QSOpt/NAEopt/optZ/runZn4k2resplus/part021/
2 /p/QSOpt/NAEopt/optZ/runZn4k2resplus/part021/
3 /p/QSOpt/NAEopt/optZ/runZn4k2resplus/part021/
4 /p/QSOpt/NAEopt/optZ/runZn4k2resplus/part021/
5 /p/QSOpt/NAEopt/optZ/runZn4k2resplus/part021/
6 /p/QSOpt/NAEopt/optZ/runZn4k2resplus/part021/
7 /p/QSOpt/NAEopt/optZ/runZn4k2resplus/part021/
8 /p/QSOpt/NAEopt/optZ/runZn4k2resplus/part021/
9 /p/QSOpt/NAEopt/optZ/runZn4k2resplus/part021/
1 /p/QSOpt/NAEopt/optZ/runZn4k2resplus/part021/
0 /p/QSOpt/NAEopt/optZ/runZn4k2resplus/part021/
1 /p/QSOpt/NAEopt/optZ/runZn4k2resplus/part021/
2 /p/QSOpt/NAEopt/optZ/runZn4k2resplus/part021/
3 /p/QSOpt/NAEopt/optZ/runZn4k2resplus/part021/
4 /p/QSOpt/NAEopt/optZ/runZn4k2resplus/part021/
5 /p/QSOpt/NAEopt/optZ/runZn4k2resplus/part021/
6 /p/QSOpt/NAEopt/optZ/runZn4k2resplus/part021/
7 /p/QSOpt/NAEopt/optZ/runZn4k2resplus/part021/
8 /p/QSOpt/NAEopt/optZ/runZn4k2resplus/part021/
9 /p/QSOpt/NAEopt/optZ/runZn4k2resplus/part021/
2 /p/QSOpt/NAEopt/optZ/runZn4k2resplus/part021/
0 /p/QSOpt/NAEopt/optZ/runZn4k2resplus/part021/
1 /p/QSOpt/NAEopt/optZ/runZn4k2resplus/part021/
2 /p/QSOpt/NAEopt/optZ/runZn4k2resplus/part021/
3 /p/QSOpt/NAEopt/optZ/runZn4k2resplus/part021/
4 /p/QSOpt/NAEopt/optZ/runZn4k2resplus/part021/
5 /p/QSOpt/NAEopt/optZ/runZn4k2resplus/part021/
6 /p/QSOpt/NAEopt/optZ/runZn4k2resplus/part021/
7 /p/QSOpt/NAEopt/optZ/runZn4k2resplus/part021/
8 /p/QSOpt/NAEopt/optZ/runZn4k2resplus/part021/
9 /p/QSOpt/NAEopt/optZ/runZn4k2resplus/part021/
3 /p/QSOpt/NAEopt/optZ/runZn4k2resplus/part021/
0 /p/QSOpt/NAEopt/optZ/runZn4k2resplus/part021/
1 /p/QSOpt/NAEopt/optZ/runZn4k2resplus/part021/
2 /p/QSOpt/NAEopt/optZ/runZn4k2resplus/part021/
3 /p/QSOpt/NAEopt/optZ/runZn4k2resplus/part021/
4 /p/QSOpt/NAEopt/optZ/runZn4k2resplus/part021/
5 /p/QSOpt/NAEopt/optZ/runZn4k2resplus/part021/
6 /p/QSOpt/NAEopt/optZ/runZn4k2resplus/part021/
7 /p/QSOpt/NAEopt/optZ/runZn4k2resplus/part021/
8 /p/QSOpt/NAEopt/optZ/runZn4k2resplus/part021/
9 /p/QSOpt/NAEopt/optZ/runZn4k2resplus/part021/
4 /p/QSOpt/NAEopt/optZ/runZn4k2resplus/part021/
0 /p/QSOpt/NAEopt/optZ/runZn4k2resplus/part021/
1 /p/QSOpt/NAEopt/optZ/runZn4k2resplus/part021/
2 /p/QSOpt/NAEopt/optZ/runZn4k2resplus/part021/
3 /p/QSOpt/NAEopt/optZ/runZn4k2resplus/part021/
4 /p/QSOpt/NAEopt/optZ/runZn4k2resplus/part021/
5 /p/QSOpt/NAEopt/optZ/runZn4k2resplus/part021/
6 /p/QSOpt/NAEopt/optZ/runZn4k2resplus/part021/
7 /p/QSOpt/NAEopt/optZ/runZn4k2resplus/part021/
8 /p/QSOpt/NAEopt/optZ/runZn4k2resplus/part021/
9 /p/QSOpt/NAEopt/optZ/runZn4k2resplus/part021/
5 /p/QSOpt/NAEopt/optZ/runZn4k2resplus/part021/
0 /p/QSOpt/NAEopt/optZ/runZn4k2resplus/part021/
1 /p/QSOpt/NAEopt/optZ/runZn4k2resplus/part021/
2 /p/QSOpt/NAEopt/optZ/runZn4k2resplus/part021/
3 /p/QSOpt/NAEopt/optZ/runZn4k2resplus/part021/
4 /p/QSOpt/NAEopt/optZ/runZn4k2resplus/part021/
5 /p/QSOpt/NAEopt/optZ/runZn4k2resplus/part021/
6 /p/QSOpt/NAEopt/optZ/runZn4k2resplus/part021/
7 /p/QSOpt/NAEopt/optZ/runZn4k2resplus/part021/
8 /p/QSOpt/NAEopt/optZ/runZn4k2resplus/part021/
9 /p/QSOpt/NAEopt/optZ/runZn4k2resplus/part021/
6 /p/QSOpt/NAEopt/optZ/runZn4k2resplus/part021/
0 /p/QSOpt/NAEopt/optZ/runZn4k2resplus/part021/
1 /p/QSOpt/NAEopt/optZ/runZn4k2resplus/part021/
2 /p/QSOpt/NAEopt/optZ/runZn4k2resplus/part021/
3 /p/QSOpt/NAEopt/optZ/runZn4k2resplus/part021/
4 /p/QSOpt/NAEopt/optZ/runZn4k2resplus/part021/
5 /p/QSOpt/NAEopt/optZ/runZn4k2resplus/part021/
6 /p/QSOpt/NAEopt/optZ/runZn4k2resplus/part021/
7 /p/QSOpt/NAEopt/optZ/runZn4k2resplus/part021/
8 /p/QSOpt/NAEopt/optZ/runZn4k2resplus/part021/
9 /p/QSOpt/NAEopt/optZ/runZn4k2resplus/part021/
7 /p/QSOpt/NAEopt/optZ/runZn4k2resplus/part021/
0 /p/QSOpt/NAEopt/optZ/runZn4k2resplus/part021/
1 /p/QSOpt/NAEopt/optZ/runZn4k2resplus/part021/
2 /p/QSOpt/NAEopt/optZ/runZn4k2resplus/part021/
3 /p/QSOpt/NAEopt/optZ/runZn4k2resplus/part021/
4 /p/QSOpt/NAEopt/optZ/runZn4k2resplus/part021/
5 /p/QSOpt/NAEopt/optZ/runZn4k2resplus/part021/
6 /p/QSOpt/NAEopt/optZ/runZn4k2resplus/part021/
7 /p/QSOpt/NAEopt/optZ/runZn4k2resplus/part021/
8 /p/QSOpt/NAEopt/optZ/runZn4k2resplus/part021/
9 /p/QSOpt/NAEopt/optZ/runZn4k2resplus/part021/
8 /p/QSOpt/NAEopt/optZ/runZn4k2resplus/part021/
0 /p/QSOpt/NAEopt/optZ/runZn4k2resplus/part021/
1 /p/QSOpt/NAEopt/optZ/runZn4k2resplus/part021/
2 /p/QSOpt/NAEopt/optZ/runZn4k2resplus/part021/
3 /p/QSOpt/NAEopt/optZ/runZn4k2resplus/part021/
4 /p/QSOpt/NAEopt/optZ/runZn4k2resplus/part021/
5 /p/QSOpt/NAEopt/optZ/runZn4k2resplus/part021/
6 /p/QSOpt/NAEopt/optZ/runZn4k2resplus/part021/
7 /p/QSOpt/NAEopt/optZ/runZn4k2resplus/part021/
8 /p/QSOpt/NAEopt/optZ/runZn4k2resplus/part021/
9 /p/QSOpt/NAEopt/optZ/runZn4k2resplus/part021/
9 /p/QSOpt/NAEopt/optZ/runZn4k2resplus/part021/
0 /p/QSOpt/NAEopt/optZ/runZn4k2resplus/part021/
1 /p/QSOpt/NAEopt/optZ/runZn4k2resplus/part021/
2 /p/QSOpt/NAEopt/optZ/runZn4k2resplus/part021/
3 /p/QSOpt/NAEopt/optZ/runZn4k2resplus/part021/
4 /p/QSOpt/NAEopt/optZ/runZn4k2resplus/part021/
5 /p/QSOpt/NAEopt/optZ/runZn4k2resplus/part021/
6 /p/QSOpt/NAEopt/optZ/runZn4k2resplus/part021/
7 /p/QSOpt/NAEopt/optZ/runZn4k2resplus/part021/
8 /p/QSOpt/NAEopt/optZ/runZn4k2resplus/part021/
9 /p/QSOpt/NAEopt/optZ/runZn4k2resplus/part021/
10 /p/QSOpt/NAEopt/optZ/runZn4k2resplus/part021/
0 /p/QSOpt/NAEopt/optZ/runZn4k2resplus/part021/
1 /p/QSOpt/NAEopt/optZ/runZn4k2resplus/part021/
2 /p/QSOpt/NAEopt/optZ/runZn4k2resplus/part021/
3 /p/QSOpt/NAEopt/optZ/runZn4k2resplus/part021/
4 /p/QSOpt/NAEopt/optZ/runZn4k2resplus/part021/
5 /p/QSOpt/NAEopt/optZ/runZn4k2resplus/part021/
6 /p/QSOpt/NAEopt/optZ/runZn4k2resplus/part021/
7 /p/QSOpt/NAEopt/optZ/runZn4k2resplus/part021/
8 /p/QSOpt/NAEopt/optZ/runZn4k2resplus/part021/
9 /p/QSOpt/NAEopt/optZ/runZn4k2resplus/part021/
11 /p/QSOpt/NAEopt/optZ/runZn4k2resplus/part021/
0 /p/QSOpt/NAEopt/optZ/runZn4k2resplus/part021/
1 /p/QSOpt/NAEopt/optZ/runZn4k2resplus/part021/
2 /p/QSOpt/NAEopt/optZ/runZn4k2resplus/part021/
3 /p/QSOpt/NAEopt/optZ/runZn4k2resplus/part021/
4 /p/QSOpt/NAEopt/optZ/runZn4k2resplus/part021/
5 /p/QSOpt/NAEopt/optZ/runZn4k2resplus/part021/
6 /p/QSOpt/NAEopt/optZ/runZn4k2resplus/part021/
7 /p/QSOpt/NAEopt/optZ/runZn4k2resplus/part021/
8 /p/QSOpt/NAEopt/optZ/runZn4k2resplus/part021/
9 /p/QSOpt/NAEopt/optZ/runZn4k2resplus/part021/
12 /p/QSOpt/NAEopt/optZ/runZn4k2resplus/part021/
0 /p/QSOpt/NAEopt/optZ/runZn4k2resplus/part021/
1 /p/QSOpt/NAEopt/optZ/runZn4k2resplus/part021/
2 /p/QSOpt/NAEopt/optZ/runZn4k2resplus/part021/
3 /p/QSOpt/NAEopt/optZ/runZn4k2resplus/part021/
4 /p/QSOpt/NAEopt/optZ/runZn4k2resplus/part021/
5 /p/QSOpt/NAEopt/optZ/runZn4k2resplus/part021/
6 /p/QSOpt/NAEopt/optZ/runZn4k2resplus/part021/
7 /p/QSOpt/NAEopt/optZ/runZn4k2resplus/part021/
8 /p/QSOpt/NAEopt/optZ/runZn4k2resplus/part021/
9 /p/QSOpt/NAEopt/optZ/runZn4k2resplus/part021/
13 /p/QSOpt/NAEopt/optZ/runZn4k2resplus/part021/
0 /p/QSOpt/NAEopt/optZ/runZn4k2resplus/part021/
1 /p/QSOpt/NAEopt/optZ/runZn4k2resplus/part021/
2 /p/QSOpt/NAEopt/optZ/runZn4k2resplus/part021/
3 /p/QSOpt/NAEopt/optZ/runZn4k2resplus/part021/
4 /p/QSOpt/NAEopt/optZ/runZn4k2resplus/part021/
5 /p/QSOpt/NAEopt/optZ/runZn4k2resplus/part021/
6 /p/QSOpt/NAEopt/optZ/runZn4k2resplus/part021/
7 /p/QSOpt/NAEopt/optZ/runZn4k2resplus/part021/
8 /p/QSOpt/NAEopt/optZ/runZn4k2resplus/part021/
9 /p/QSOpt/NAEopt/optZ/runZn4k2resplus/part021/
14 /p/QSOpt/NAEopt/optZ/runZn4k2resplus/part021/
