python optAnhark2optZ.py 15 0.0 0.03 10 0.01200000000000001 0.024000000000000007 /p/QSOpt/NAEopt/optZ/runZn4k2resplus/part007/
Warning: |iota_N| is very small so O(r^2) solve will be poorly conditioned. iota_N= -6.7533550290457e-15
Warning: |iota_N| is very small so O(r^2) solve will be poorly conditioned. iota_N= -6.7533550290457e-15
Warning: |iota_N| is very small so O(r^2) solve will be poorly conditioned. iota_N= -6.7533550290457e-15
Warning: |iota_N| is very small so O(r^2) solve will be poorly conditioned. iota_N= -6.7533550290457e-15
Warning: |iota_N| is very small so O(r^2) solve will be poorly conditioned. iota_N= -6.7533550290457e-15
Warning: |iota_N| is very small so O(r^2) solve will be poorly conditioned. iota_N= -6.7533550290457e-15
Warning: |iota_N| is very small so O(r^2) solve will be poorly conditioned. iota_N= -6.7533550290457e-15
Warning: |iota_N| is very small so O(r^2) solve will be poorly conditioned. iota_N= -6.7533550290457e-15
Warning: |iota_N| is very small so O(r^2) solve will be poorly conditioned. iota_N= -6.7533550290457e-15
Warning: |iota_N| is very small so O(r^2) solve will be poorly conditioned. iota_N= -6.7533550290457e-15
Warning: |iota_N| is very small so O(r^2) solve will be poorly conditioned. iota_N= -6.7533550290457e-15
Warning: |iota_N| is very small so O(r^2) solve will be poorly conditioned. iota_N= -6.7533550290457e-15
Warning: |iota_N| is very small so O(r^2) solve will be poorly conditioned. iota_N= -6.7533550290457e-15
Warning: |iota_N| is very small so O(r^2) solve will be poorly conditioned. iota_N= -6.7533550290457e-15
Warning: |iota_N| is very small so O(r^2) solve will be poorly conditioned. iota_N= -6.7533550290457e-15
Warning: |iota_N| is very small so O(r^2) solve will be poorly conditioned. iota_N= -6.7533550290457e-15
Warning: |iota_N| is very small so O(r^2) solve will be poorly conditioned. iota_N= -6.7533550290457e-15
Warning: |iota_N| is very small so O(r^2) solve will be poorly conditioned. iota_N= -6.7533550290457e-15
Warning: |iota_N| is very small so O(r^2) solve will be poorly conditioned. iota_N= -6.7533550290457e-15
Warning: |iota_N| is very small so O(r^2) solve will be poorly conditioned. iota_N= -6.7533550290457e-15
Warning: |iota_N| is very small so O(r^2) solve will be poorly conditioned. iota_N= -6.7533550290457e-15
Warning: |iota_N| is very small so O(r^2) solve will be poorly conditioned. iota_N= -6.7533550290457e-15
Warning: |iota_N| is very small so O(r^2) solve will be poorly conditioned. iota_N= -6.7533550290457e-15
Warning: |iota_N| is very small so O(r^2) solve will be poorly conditioned. iota_N= -6.7533550290457e-15
Warning: |iota_N| is very small so O(r^2) solve will be poorly conditioned. iota_N= -6.7533550290457e-15
Warning: |iota_N| is very small so O(r^2) solve will be poorly conditioned. iota_N= -6.7533550290457e-15
Warning: |iota_N| is very small so O(r^2) solve will be poorly conditioned. iota_N= -6.7533550290457e-15
Warning: |iota_N| is very small so O(r^2) solve will be poorly conditioned. iota_N= -6.7533550290457e-15
Warning: |iota_N| is very small so O(r^2) solve will be poorly conditioned. iota_N= -6.7533550290457e-15
Warning: |iota_N| is very small so O(r^2) solve will be poorly conditioned. iota_N= -6.7533550290457e-15
Warning: |iota_N| is very small so O(r^2) solve will be poorly conditioned. iota_N= -6.7533550290457e-15
Warning: |iota_N| is very small so O(r^2) solve will be poorly conditioned. iota_N= -6.7533550290457e-15
Warning: |iota_N| is very small so O(r^2) solve will be poorly conditioned. iota_N= -6.7533550290457e-15
Warning: |iota_N| is very small so O(r^2) solve will be poorly conditioned. iota_N= -6.7533550290457e-15
Warning: |iota_N| is very small so O(r^2) solve will be poorly conditioned. iota_N= -6.7533550290457e-15
Warning: |iota_N| is very small so O(r^2) solve will be poorly conditioned. iota_N= -6.7533550290457e-15
Warning: |iota_N| is very small so O(r^2) solve will be poorly conditioned. iota_N= -6.7533550290457e-15
Warning: |iota_N| is very small so O(r^2) solve will be poorly conditioned. iota_N= -6.7533550290457e-15
Warning: |iota_N| is very small so O(r^2) solve will be poorly conditioned. iota_N= -6.7533550290457e-15
Warning: |iota_N| is very small so O(r^2) solve will be poorly conditioned. iota_N= -6.7533550290457e-15
Warning: |iota_N| is very small so O(r^2) solve will be poorly conditioned. iota_N= -6.7533550290457e-15
Warning: |iota_N| is very small so O(r^2) solve will be poorly conditioned. iota_N= -6.7533550290457e-15
Warning: |iota_N| is very small so O(r^2) solve will be poorly conditioned. iota_N= -6.7533550290457e-15
Warning: |iota_N| is very small so O(r^2) solve will be poorly conditioned. iota_N= -6.7533550290457e-15
Warning: |iota_N| is very small so O(r^2) solve will be poorly conditioned. iota_N= -6.7533550290457e-15
Warning: |iota_N| is very small so O(r^2) solve will be poorly conditioned. iota_N= -6.7533550290457e-15
Warning: |iota_N| is very small so O(r^2) solve will be poorly conditioned. iota_N= -6.7533550290457e-15
Warning: |iota_N| is very small so O(r^2) solve will be poorly conditioned. iota_N= -6.7533550290457e-15
Warning: |iota_N| is very small so O(r^2) solve will be poorly conditioned. iota_N= -6.7533550290457e-15
Warning: |iota_N| is very small so O(r^2) solve will be poorly conditioned. iota_N= -6.7533550290457e-15
Warning: |iota_N| is very small so O(r^2) solve will be poorly conditioned. iota_N= -6.7533550290457e-15
Warning: |iota_N| is very small so O(r^2) solve will be poorly conditioned. iota_N= -6.7533550290457e-15
Warning: |iota_N| is very small so O(r^2) solve will be poorly conditioned. iota_N= -6.7533550290457e-15
Warning: |iota_N| is very small so O(r^2) solve will be poorly conditioned. iota_N= -6.7533550290457e-15
Warning: |iota_N| is very small so O(r^2) solve will be poorly conditioned. iota_N= -6.7533550290457e-15
Warning: |iota_N| is very small so O(r^2) solve will be poorly conditioned. iota_N= -6.7533550290457e-15
Warning: |iota_N| is very small so O(r^2) solve will be poorly conditioned. iota_N= -6.7533550290457e-15
Warning: |iota_N| is very small so O(r^2) solve will be poorly conditioned. iota_N= -6.7533550290457e-15
Warning: |iota_N| is very small so O(r^2) solve will be poorly conditioned. iota_N= -6.7533550290457e-15
Warning: |iota_N| is very small so O(r^2) solve will be poorly conditioned. iota_N= -6.7533550290457e-15
Warning: |iota_N| is very small so O(r^2) solve will be poorly conditioned. iota_N= -6.7533550290457e-15
Warning: |iota_N| is very small so O(r^2) solve will be poorly conditioned. iota_N= -6.7533550290457e-15
Warning: |iota_N| is very small so O(r^2) solve will be poorly conditioned. iota_N= -6.7533550290457e-15
Warning: |iota_N| is very small so O(r^2) solve will be poorly conditioned. iota_N= -6.7533550290457e-15
Warning: |iota_N| is very small so O(r^2) solve will be poorly conditioned. iota_N= -6.7533550290457e-15
Warning: |iota_N| is very small so O(r^2) solve will be poorly conditioned. iota_N= -6.7533550290457e-15
Warning: |iota_N| is very small so O(r^2) solve will be poorly conditioned. iota_N= -6.7533550290457e-15
Warning: |iota_N| is very small so O(r^2) solve will be poorly conditioned. iota_N= -6.7533550290457e-15
Warning: |iota_N| is very small so O(r^2) solve will be poorly conditioned. iota_N= -6.7533550290457e-15
Warning: |iota_N| is very small so O(r^2) solve will be poorly conditioned. iota_N= -6.7533550290457e-15
Warning: |iota_N| is very small so O(r^2) solve will be poorly conditioned. iota_N= -6.7533550290457e-15
Warning: |iota_N| is very small so O(r^2) solve will be poorly conditioned. iota_N= -6.7533550290457e-15
Warning: |iota_N| is very small so O(r^2) solve will be poorly conditioned. iota_N= -6.7533550290457e-15
Warning: |iota_N| is very small so O(r^2) solve will be poorly conditioned. iota_N= -6.7533550290457e-15
Warning: |iota_N| is very small so O(r^2) solve will be poorly conditioned. iota_N= -6.7533550290457e-15
Warning: |iota_N| is very small so O(r^2) solve will be poorly conditioned. iota_N= -6.7533550290457e-15
Warning: |iota_N| is very small so O(r^2) solve will be poorly conditioned. iota_N= -6.7533550290457e-15
Warning: |iota_N| is very small so O(r^2) solve will be poorly conditioned. iota_N= -6.7533550290457e-15
Warning: |iota_N| is very small so O(r^2) solve will be poorly conditioned. iota_N= -6.7533550290457e-15
Warning: |iota_N| is very small so O(r^2) solve will be poorly conditioned. iota_N= -6.7533550290457e-15
Warning: |iota_N| is very small so O(r^2) solve will be poorly conditioned. iota_N= -6.7533550290457e-15
Warning: |iota_N| is very small so O(r^2) solve will be poorly conditioned. iota_N= -6.7533550290457e-15
0 /p/QSOpt/NAEopt/optZ/runZn4k2resplus/part007/
1 /p/QSOpt/NAEopt/optZ/runZn4k2resplus/part007/
2 /p/QSOpt/NAEopt/optZ/runZn4k2resplus/part007/
3 /p/QSOpt/NAEopt/optZ/runZn4k2resplus/part007/
4 /p/QSOpt/NAEopt/optZ/runZn4k2resplus/part007/
5 /p/QSOpt/NAEopt/optZ/runZn4k2resplus/part007/
6 /p/QSOpt/NAEopt/optZ/runZn4k2resplus/part007/
7 /p/QSOpt/NAEopt/optZ/runZn4k2resplus/part007/
8 /p/QSOpt/NAEopt/optZ/runZn4k2resplus/part007/
9 /p/QSOpt/NAEopt/optZ/runZn4k2resplus/part007/
0 /p/QSOpt/NAEopt/optZ/runZn4k2resplus/part007/
0 /p/QSOpt/NAEopt/optZ/runZn4k2resplus/part007/
1 /p/QSOpt/NAEopt/optZ/runZn4k2resplus/part007/
2 /p/QSOpt/NAEopt/optZ/runZn4k2resplus/part007/
3 /p/QSOpt/NAEopt/optZ/runZn4k2resplus/part007/
4 /p/QSOpt/NAEopt/optZ/runZn4k2resplus/part007/
5 /p/QSOpt/NAEopt/optZ/runZn4k2resplus/part007/
6 /p/QSOpt/NAEopt/optZ/runZn4k2resplus/part007/
7 /p/QSOpt/NAEopt/optZ/runZn4k2resplus/part007/
8 /p/QSOpt/NAEopt/optZ/runZn4k2resplus/part007/
9 /p/QSOpt/NAEopt/optZ/runZn4k2resplus/part007/
1 /p/QSOpt/NAEopt/optZ/runZn4k2resplus/part007/
/p/QSOpt/NAEopt/pyQSC/qsc/r_singularity.py:451: UserWarning:   Difference between linear solution 1.2271170560717795 and quadratic solution 1.227129632721642 is 1.2576649862650058e-05
  warnings.warn("  Difference between linear solution {} and quadratic solution {} is {}".format(linear_solutions[0], quadratic_solutions[0], diff))
0 /p/QSOpt/NAEopt/optZ/runZn4k2resplus/part007/
1 /p/QSOpt/NAEopt/optZ/runZn4k2resplus/part007/
2 /p/QSOpt/NAEopt/optZ/runZn4k2resplus/part007/
3 /p/QSOpt/NAEopt/optZ/runZn4k2resplus/part007/
4 /p/QSOpt/NAEopt/optZ/runZn4k2resplus/part007/
5 /p/QSOpt/NAEopt/optZ/runZn4k2resplus/part007/
6 /p/QSOpt/NAEopt/optZ/runZn4k2resplus/part007/
7 /p/QSOpt/NAEopt/optZ/runZn4k2resplus/part007/
8 /p/QSOpt/NAEopt/optZ/runZn4k2resplus/part007/
9 /p/QSOpt/NAEopt/optZ/runZn4k2resplus/part007/
2 /p/QSOpt/NAEopt/optZ/runZn4k2resplus/part007/
0 /p/QSOpt/NAEopt/optZ/runZn4k2resplus/part007/
1 /p/QSOpt/NAEopt/optZ/runZn4k2resplus/part007/
2 /p/QSOpt/NAEopt/optZ/runZn4k2resplus/part007/
3 /p/QSOpt/NAEopt/optZ/runZn4k2resplus/part007/
4 /p/QSOpt/NAEopt/optZ/runZn4k2resplus/part007/
5 /p/QSOpt/NAEopt/optZ/runZn4k2resplus/part007/
6 /p/QSOpt/NAEopt/optZ/runZn4k2resplus/part007/
7 /p/QSOpt/NAEopt/optZ/runZn4k2resplus/part007/
8 /p/QSOpt/NAEopt/optZ/runZn4k2resplus/part007/
9 /p/QSOpt/NAEopt/optZ/runZn4k2resplus/part007/
3 /p/QSOpt/NAEopt/optZ/runZn4k2resplus/part007/
/p/QSOpt/NAEopt/pyQSC/qsc/r_singularity.py:451: UserWarning:   Difference between linear solution 1.9565860260849204 and quadratic solution 1.956609841064307 is 2.3814979386527213e-05
  warnings.warn("  Difference between linear solution {} and quadratic solution {} is {}".format(linear_solutions[0], quadratic_solutions[0], diff))
/p/QSOpt/NAEopt/pyQSC/qsc/r_singularity.py:451: UserWarning:   Difference between linear solution 2.9039755226995845 and quadratic solution 2.903922845437824 is 5.267726176061416e-05
  warnings.warn("  Difference between linear solution {} and quadratic solution {} is {}".format(linear_solutions[0], quadratic_solutions[0], diff))
0 /p/QSOpt/NAEopt/optZ/runZn4k2resplus/part007/
1 /p/QSOpt/NAEopt/optZ/runZn4k2resplus/part007/
2 /p/QSOpt/NAEopt/optZ/runZn4k2resplus/part007/
3 /p/QSOpt/NAEopt/optZ/runZn4k2resplus/part007/
4 /p/QSOpt/NAEopt/optZ/runZn4k2resplus/part007/
5 /p/QSOpt/NAEopt/optZ/runZn4k2resplus/part007/
6 /p/QSOpt/NAEopt/optZ/runZn4k2resplus/part007/
7 /p/QSOpt/NAEopt/optZ/runZn4k2resplus/part007/
8 /p/QSOpt/NAEopt/optZ/runZn4k2resplus/part007/
9 /p/QSOpt/NAEopt/optZ/runZn4k2resplus/part007/
4 /p/QSOpt/NAEopt/optZ/runZn4k2resplus/part007/
0 /p/QSOpt/NAEopt/optZ/runZn4k2resplus/part007/
1 /p/QSOpt/NAEopt/optZ/runZn4k2resplus/part007/
2 /p/QSOpt/NAEopt/optZ/runZn4k2resplus/part007/
3 /p/QSOpt/NAEopt/optZ/runZn4k2resplus/part007/
4 /p/QSOpt/NAEopt/optZ/runZn4k2resplus/part007/
5 /p/QSOpt/NAEopt/optZ/runZn4k2resplus/part007/
6 /p/QSOpt/NAEopt/optZ/runZn4k2resplus/part007/
7 /p/QSOpt/NAEopt/optZ/runZn4k2resplus/part007/
8 /p/QSOpt/NAEopt/optZ/runZn4k2resplus/part007/
9 /p/QSOpt/NAEopt/optZ/runZn4k2resplus/part007/
5 /p/QSOpt/NAEopt/optZ/runZn4k2resplus/part007/
0 /p/QSOpt/NAEopt/optZ/runZn4k2resplus/part007/
1 /p/QSOpt/NAEopt/optZ/runZn4k2resplus/part007/
2 /p/QSOpt/NAEopt/optZ/runZn4k2resplus/part007/
3 /p/QSOpt/NAEopt/optZ/runZn4k2resplus/part007/
4 /p/QSOpt/NAEopt/optZ/runZn4k2resplus/part007/
5 /p/QSOpt/NAEopt/optZ/runZn4k2resplus/part007/
6 /p/QSOpt/NAEopt/optZ/runZn4k2resplus/part007/
7 /p/QSOpt/NAEopt/optZ/runZn4k2resplus/part007/
8 /p/QSOpt/NAEopt/optZ/runZn4k2resplus/part007/
9 /p/QSOpt/NAEopt/optZ/runZn4k2resplus/part007/
6 /p/QSOpt/NAEopt/optZ/runZn4k2resplus/part007/
0 /p/QSOpt/NAEopt/optZ/runZn4k2resplus/part007/
1 /p/QSOpt/NAEopt/optZ/runZn4k2resplus/part007/
2 /p/QSOpt/NAEopt/optZ/runZn4k2resplus/part007/
3 /p/QSOpt/NAEopt/optZ/runZn4k2resplus/part007/
4 /p/QSOpt/NAEopt/optZ/runZn4k2resplus/part007/
5 /p/QSOpt/NAEopt/optZ/runZn4k2resplus/part007/
6 /p/QSOpt/NAEopt/optZ/runZn4k2resplus/part007/
7 /p/QSOpt/NAEopt/optZ/runZn4k2resplus/part007/
8 /p/QSOpt/NAEopt/optZ/runZn4k2resplus/part007/
9 /p/QSOpt/NAEopt/optZ/runZn4k2resplus/part007/
7 /p/QSOpt/NAEopt/optZ/runZn4k2resplus/part007/
0 /p/QSOpt/NAEopt/optZ/runZn4k2resplus/part007/
1 /p/QSOpt/NAEopt/optZ/runZn4k2resplus/part007/
2 /p/QSOpt/NAEopt/optZ/runZn4k2resplus/part007/
3 /p/QSOpt/NAEopt/optZ/runZn4k2resplus/part007/
4 /p/QSOpt/NAEopt/optZ/runZn4k2resplus/part007/
5 /p/QSOpt/NAEopt/optZ/runZn4k2resplus/part007/
6 /p/QSOpt/NAEopt/optZ/runZn4k2resplus/part007/
7 /p/QSOpt/NAEopt/optZ/runZn4k2resplus/part007/
8 /p/QSOpt/NAEopt/optZ/runZn4k2resplus/part007/
9 /p/QSOpt/NAEopt/optZ/runZn4k2resplus/part007/
8 /p/QSOpt/NAEopt/optZ/runZn4k2resplus/part007/
0 /p/QSOpt/NAEopt/optZ/runZn4k2resplus/part007/
1 /p/QSOpt/NAEopt/optZ/runZn4k2resplus/part007/
2 /p/QSOpt/NAEopt/optZ/runZn4k2resplus/part007/
3 /p/QSOpt/NAEopt/optZ/runZn4k2resplus/part007/
4 /p/QSOpt/NAEopt/optZ/runZn4k2resplus/part007/
5 /p/QSOpt/NAEopt/optZ/runZn4k2resplus/part007/
6 /p/QSOpt/NAEopt/optZ/runZn4k2resplus/part007/
7 /p/QSOpt/NAEopt/optZ/runZn4k2resplus/part007/
8 /p/QSOpt/NAEopt/optZ/runZn4k2resplus/part007/
9 /p/QSOpt/NAEopt/optZ/runZn4k2resplus/part007/
9 /p/QSOpt/NAEopt/optZ/runZn4k2resplus/part007/
0 /p/QSOpt/NAEopt/optZ/runZn4k2resplus/part007/
1 /p/QSOpt/NAEopt/optZ/runZn4k2resplus/part007/
2 /p/QSOpt/NAEopt/optZ/runZn4k2resplus/part007/
3 /p/QSOpt/NAEopt/optZ/runZn4k2resplus/part007/
4 /p/QSOpt/NAEopt/optZ/runZn4k2resplus/part007/
5 /p/QSOpt/NAEopt/optZ/runZn4k2resplus/part007/
6 /p/QSOpt/NAEopt/optZ/runZn4k2resplus/part007/
7 /p/QSOpt/NAEopt/optZ/runZn4k2resplus/part007/
8 /p/QSOpt/NAEopt/optZ/runZn4k2resplus/part007/
9 /p/QSOpt/NAEopt/optZ/runZn4k2resplus/part007/
10 /p/QSOpt/NAEopt/optZ/runZn4k2resplus/part007/
0 /p/QSOpt/NAEopt/optZ/runZn4k2resplus/part007/
1 /p/QSOpt/NAEopt/optZ/runZn4k2resplus/part007/
2 /p/QSOpt/NAEopt/optZ/runZn4k2resplus/part007/
3 /p/QSOpt/NAEopt/optZ/runZn4k2resplus/part007/
4 /p/QSOpt/NAEopt/optZ/runZn4k2resplus/part007/
5 /p/QSOpt/NAEopt/optZ/runZn4k2resplus/part007/
6 /p/QSOpt/NAEopt/optZ/runZn4k2resplus/part007/
7 /p/QSOpt/NAEopt/optZ/runZn4k2resplus/part007/
8 /p/QSOpt/NAEopt/optZ/runZn4k2resplus/part007/
9 /p/QSOpt/NAEopt/optZ/runZn4k2resplus/part007/
11 /p/QSOpt/NAEopt/optZ/runZn4k2resplus/part007/
0 /p/QSOpt/NAEopt/optZ/runZn4k2resplus/part007/
1 /p/QSOpt/NAEopt/optZ/runZn4k2resplus/part007/
2 /p/QSOpt/NAEopt/optZ/runZn4k2resplus/part007/
3 /p/QSOpt/NAEopt/optZ/runZn4k2resplus/part007/
4 /p/QSOpt/NAEopt/optZ/runZn4k2resplus/part007/
5 /p/QSOpt/NAEopt/optZ/runZn4k2resplus/part007/
6 /p/QSOpt/NAEopt/optZ/runZn4k2resplus/part007/
7 /p/QSOpt/NAEopt/optZ/runZn4k2resplus/part007/
8 /p/QSOpt/NAEopt/optZ/runZn4k2resplus/part007/
9 /p/QSOpt/NAEopt/optZ/runZn4k2resplus/part007/
12 /p/QSOpt/NAEopt/optZ/runZn4k2resplus/part007/
0 /p/QSOpt/NAEopt/optZ/runZn4k2resplus/part007/
1 /p/QSOpt/NAEopt/optZ/runZn4k2resplus/part007/
2 /p/QSOpt/NAEopt/optZ/runZn4k2resplus/part007/
3 /p/QSOpt/NAEopt/optZ/runZn4k2resplus/part007/
4 /p/QSOpt/NAEopt/optZ/runZn4k2resplus/part007/
5 /p/QSOpt/NAEopt/optZ/runZn4k2resplus/part007/
6 /p/QSOpt/NAEopt/optZ/runZn4k2resplus/part007/
7 /p/QSOpt/NAEopt/optZ/runZn4k2resplus/part007/
8 /p/QSOpt/NAEopt/optZ/runZn4k2resplus/part007/
9 /p/QSOpt/NAEopt/optZ/runZn4k2resplus/part007/
13 /p/QSOpt/NAEopt/optZ/runZn4k2resplus/part007/
0 /p/QSOpt/NAEopt/optZ/runZn4k2resplus/part007/
1 /p/QSOpt/NAEopt/optZ/runZn4k2resplus/part007/
2 /p/QSOpt/NAEopt/optZ/runZn4k2resplus/part007/
3 /p/QSOpt/NAEopt/optZ/runZn4k2resplus/part007/
4 /p/QSOpt/NAEopt/optZ/runZn4k2resplus/part007/
5 /p/QSOpt/NAEopt/optZ/runZn4k2resplus/part007/
6 /p/QSOpt/NAEopt/optZ/runZn4k2resplus/part007/
7 /p/QSOpt/NAEopt/optZ/runZn4k2resplus/part007/
8 /p/QSOpt/NAEopt/optZ/runZn4k2resplus/part007/
9 /p/QSOpt/NAEopt/optZ/runZn4k2resplus/part007/
14 /p/QSOpt/NAEopt/optZ/runZn4k2resplus/part007/
