python optAnhark2optZ.py 15 0.0 0.03 10 -0.011999999999999997 0.0 /p/QSOpt/NAEopt/optZ/runZn4k2resplus/part005/
Warning: |iota_N| is very small so O(r^2) solve will be poorly conditioned. iota_N= -6.701892170051962e-15
Warning: |iota_N| is very small so O(r^2) solve will be poorly conditioned. iota_N= -6.701892170051962e-15
Warning: |iota_N| is very small so O(r^2) solve will be poorly conditioned. iota_N= -6.701892170051962e-15
Warning: |iota_N| is very small so O(r^2) solve will be poorly conditioned. iota_N= -6.701892170051962e-15
Warning: |iota_N| is very small so O(r^2) solve will be poorly conditioned. iota_N= -6.701892170051962e-15
Warning: |iota_N| is very small so O(r^2) solve will be poorly conditioned. iota_N= -6.701892170051962e-15
Warning: |iota_N| is very small so O(r^2) solve will be poorly conditioned. iota_N= -6.701892170051962e-15
Warning: |iota_N| is very small so O(r^2) solve will be poorly conditioned. iota_N= -6.701892170051962e-15
Warning: |iota_N| is very small so O(r^2) solve will be poorly conditioned. iota_N= -6.701892170051962e-15
Warning: |iota_N| is very small so O(r^2) solve will be poorly conditioned. iota_N= -6.701892170051962e-15
Warning: |iota_N| is very small so O(r^2) solve will be poorly conditioned. iota_N= -6.701892170051962e-15
Warning: |iota_N| is very small so O(r^2) solve will be poorly conditioned. iota_N= -6.701892170051962e-15
Warning: |iota_N| is very small so O(r^2) solve will be poorly conditioned. iota_N= -6.701892170051962e-15
Warning: |iota_N| is very small so O(r^2) solve will be poorly conditioned. iota_N= -6.701892170051962e-15
Warning: |iota_N| is very small so O(r^2) solve will be poorly conditioned. iota_N= -6.701892170051962e-15
Warning: |iota_N| is very small so O(r^2) solve will be poorly conditioned. iota_N= -6.701892170051962e-15
Warning: |iota_N| is very small so O(r^2) solve will be poorly conditioned. iota_N= -6.701892170051962e-15
Warning: |iota_N| is very small so O(r^2) solve will be poorly conditioned. iota_N= -6.701892170051962e-15
Warning: |iota_N| is very small so O(r^2) solve will be poorly conditioned. iota_N= -6.701892170051962e-15
Warning: |iota_N| is very small so O(r^2) solve will be poorly conditioned. iota_N= -6.701892170051962e-15
Warning: |iota_N| is very small so O(r^2) solve will be poorly conditioned. iota_N= -6.701892170051962e-15
Warning: |iota_N| is very small so O(r^2) solve will be poorly conditioned. iota_N= -6.701892170051962e-15
Warning: |iota_N| is very small so O(r^2) solve will be poorly conditioned. iota_N= -6.701892170051962e-15
Warning: |iota_N| is very small so O(r^2) solve will be poorly conditioned. iota_N= -6.701892170051962e-15
Warning: |iota_N| is very small so O(r^2) solve will be poorly conditioned. iota_N= -6.701892170051962e-15
Warning: |iota_N| is very small so O(r^2) solve will be poorly conditioned. iota_N= -6.701892170051962e-15
Warning: |iota_N| is very small so O(r^2) solve will be poorly conditioned. iota_N= -6.701892170051962e-15
Warning: |iota_N| is very small so O(r^2) solve will be poorly conditioned. iota_N= -6.701892170051962e-15
Warning: |iota_N| is very small so O(r^2) solve will be poorly conditioned. iota_N= -6.701892170051962e-15
Warning: |iota_N| is very small so O(r^2) solve will be poorly conditioned. iota_N= -6.701892170051962e-15
Warning: |iota_N| is very small so O(r^2) solve will be poorly conditioned. iota_N= -6.701892170051962e-15
Warning: |iota_N| is very small so O(r^2) solve will be poorly conditioned. iota_N= -6.701892170051962e-15
Warning: |iota_N| is very small so O(r^2) solve will be poorly conditioned. iota_N= -6.701892170051962e-15
Warning: |iota_N| is very small so O(r^2) solve will be poorly conditioned. iota_N= -6.701892170051962e-15
Warning: |iota_N| is very small so O(r^2) solve will be poorly conditioned. iota_N= -6.701892170051962e-15
Warning: |iota_N| is very small so O(r^2) solve will be poorly conditioned. iota_N= -6.701892170051962e-15
Warning: |iota_N| is very small so O(r^2) solve will be poorly conditioned. iota_N= -6.701892170051962e-15
Warning: |iota_N| is very small so O(r^2) solve will be poorly conditioned. iota_N= -6.701892170051962e-15
Warning: |iota_N| is very small so O(r^2) solve will be poorly conditioned. iota_N= -6.701892170051962e-15
Warning: |iota_N| is very small so O(r^2) solve will be poorly conditioned. iota_N= -6.701892170051962e-15
Warning: |iota_N| is very small so O(r^2) solve will be poorly conditioned. iota_N= -6.701892170051962e-15
Warning: |iota_N| is very small so O(r^2) solve will be poorly conditioned. iota_N= -6.701892170051962e-15
Warning: |iota_N| is very small so O(r^2) solve will be poorly conditioned. iota_N= -6.701892170051962e-15
Warning: |iota_N| is very small so O(r^2) solve will be poorly conditioned. iota_N= -6.701892170051962e-15
Warning: |iota_N| is very small so O(r^2) solve will be poorly conditioned. iota_N= -6.701892170051962e-15
Warning: |iota_N| is very small so O(r^2) solve will be poorly conditioned. iota_N= -6.701892170051962e-15
Warning: |iota_N| is very small so O(r^2) solve will be poorly conditioned. iota_N= -6.701892170051962e-15
Warning: |iota_N| is very small so O(r^2) solve will be poorly conditioned. iota_N= -6.701892170051962e-15
Warning: |iota_N| is very small so O(r^2) solve will be poorly conditioned. iota_N= -6.701892170051962e-15
Warning: |iota_N| is very small so O(r^2) solve will be poorly conditioned. iota_N= -6.701892170051962e-15
Warning: |iota_N| is very small so O(r^2) solve will be poorly conditioned. iota_N= -6.701892170051962e-15
Warning: |iota_N| is very small so O(r^2) solve will be poorly conditioned. iota_N= -6.701892170051962e-15
Warning: |iota_N| is very small so O(r^2) solve will be poorly conditioned. iota_N= -6.701892170051962e-15
Warning: |iota_N| is very small so O(r^2) solve will be poorly conditioned. iota_N= -6.701892170051962e-15
Warning: |iota_N| is very small so O(r^2) solve will be poorly conditioned. iota_N= -6.701892170051962e-15
Warning: |iota_N| is very small so O(r^2) solve will be poorly conditioned. iota_N= -6.701892170051962e-15
Warning: |iota_N| is very small so O(r^2) solve will be poorly conditioned. iota_N= -6.701892170051962e-15
Warning: |iota_N| is very small so O(r^2) solve will be poorly conditioned. iota_N= -6.701892170051962e-15
Warning: |iota_N| is very small so O(r^2) solve will be poorly conditioned. iota_N= -6.701892170051962e-15
Warning: |iota_N| is very small so O(r^2) solve will be poorly conditioned. iota_N= -6.701892170051962e-15
Warning: |iota_N| is very small so O(r^2) solve will be poorly conditioned. iota_N= -6.701892170051962e-15
Warning: |iota_N| is very small so O(r^2) solve will be poorly conditioned. iota_N= -6.701892170051962e-15
Warning: |iota_N| is very small so O(r^2) solve will be poorly conditioned. iota_N= -6.701892170051962e-15
Warning: |iota_N| is very small so O(r^2) solve will be poorly conditioned. iota_N= -6.701892170051962e-15
Warning: |iota_N| is very small so O(r^2) solve will be poorly conditioned. iota_N= -6.701892170051962e-15
Warning: |iota_N| is very small so O(r^2) solve will be poorly conditioned. iota_N= -6.701892170051962e-15
Warning: |iota_N| is very small so O(r^2) solve will be poorly conditioned. iota_N= -6.701892170051962e-15
Warning: |iota_N| is very small so O(r^2) solve will be poorly conditioned. iota_N= -6.701892170051962e-15
0 /p/QSOpt/NAEopt/optZ/runZn4k2resplus/part005/
1 /p/QSOpt/NAEopt/optZ/runZn4k2resplus/part005/
/p/QSOpt/NAEopt/pyQSC/qsc/r_singularity.py:451: UserWarning:   Difference between linear solution 17.262067533478746 and quadratic solution 17.26202898586586 is 3.8547612884798355e-05
  warnings.warn("  Difference between linear solution {} and quadratic solution {} is {}".format(linear_solutions[0], quadratic_solutions[0], diff))
2 /p/QSOpt/NAEopt/optZ/runZn4k2resplus/part005/
3 /p/QSOpt/NAEopt/optZ/runZn4k2resplus/part005/
4 /p/QSOpt/NAEopt/optZ/runZn4k2resplus/part005/
5 /p/QSOpt/NAEopt/optZ/runZn4k2resplus/part005/
6 /p/QSOpt/NAEopt/optZ/runZn4k2resplus/part005/
7 /p/QSOpt/NAEopt/optZ/runZn4k2resplus/part005/
8 /p/QSOpt/NAEopt/optZ/runZn4k2resplus/part005/
9 /p/QSOpt/NAEopt/optZ/runZn4k2resplus/part005/
0 /p/QSOpt/NAEopt/optZ/runZn4k2resplus/part005/
0 /p/QSOpt/NAEopt/optZ/runZn4k2resplus/part005/
1 /p/QSOpt/NAEopt/optZ/runZn4k2resplus/part005/
2 /p/QSOpt/NAEopt/optZ/runZn4k2resplus/part005/
/p/QSOpt/NAEopt/pyQSC/qsc/r_singularity.py:451: UserWarning:   Difference between linear solution 40.62815660410445 and quadratic solution 40.62817482448559 is 1.822038114340785e-05
  warnings.warn("  Difference between linear solution {} and quadratic solution {} is {}".format(linear_solutions[0], quadratic_solutions[0], diff))
3 /p/QSOpt/NAEopt/optZ/runZn4k2resplus/part005/
4 /p/QSOpt/NAEopt/optZ/runZn4k2resplus/part005/
5 /p/QSOpt/NAEopt/optZ/runZn4k2resplus/part005/
6 /p/QSOpt/NAEopt/optZ/runZn4k2resplus/part005/
7 /p/QSOpt/NAEopt/optZ/runZn4k2resplus/part005/
8 /p/QSOpt/NAEopt/optZ/runZn4k2resplus/part005/
9 /p/QSOpt/NAEopt/optZ/runZn4k2resplus/part005/
1 /p/QSOpt/NAEopt/optZ/runZn4k2resplus/part005/
0 /p/QSOpt/NAEopt/optZ/runZn4k2resplus/part005/
1 /p/QSOpt/NAEopt/optZ/runZn4k2resplus/part005/
2 /p/QSOpt/NAEopt/optZ/runZn4k2resplus/part005/
3 /p/QSOpt/NAEopt/optZ/runZn4k2resplus/part005/
4 /p/QSOpt/NAEopt/optZ/runZn4k2resplus/part005/
5 /p/QSOpt/NAEopt/optZ/runZn4k2resplus/part005/
6 /p/QSOpt/NAEopt/optZ/runZn4k2resplus/part005/
7 /p/QSOpt/NAEopt/optZ/runZn4k2resplus/part005/
8 /p/QSOpt/NAEopt/optZ/runZn4k2resplus/part005/
9 /p/QSOpt/NAEopt/optZ/runZn4k2resplus/part005/
2 /p/QSOpt/NAEopt/optZ/runZn4k2resplus/part005/
0 /p/QSOpt/NAEopt/optZ/runZn4k2resplus/part005/
1 /p/QSOpt/NAEopt/optZ/runZn4k2resplus/part005/
2 /p/QSOpt/NAEopt/optZ/runZn4k2resplus/part005/
3 /p/QSOpt/NAEopt/optZ/runZn4k2resplus/part005/
4 /p/QSOpt/NAEopt/optZ/runZn4k2resplus/part005/
5 /p/QSOpt/NAEopt/optZ/runZn4k2resplus/part005/
6 /p/QSOpt/NAEopt/optZ/runZn4k2resplus/part005/
7 /p/QSOpt/NAEopt/optZ/runZn4k2resplus/part005/
8 /p/QSOpt/NAEopt/optZ/runZn4k2resplus/part005/
9 /p/QSOpt/NAEopt/optZ/runZn4k2resplus/part005/
3 /p/QSOpt/NAEopt/optZ/runZn4k2resplus/part005/
0 /p/QSOpt/NAEopt/optZ/runZn4k2resplus/part005/
1 /p/QSOpt/NAEopt/optZ/runZn4k2resplus/part005/
2 /p/QSOpt/NAEopt/optZ/runZn4k2resplus/part005/
3 /p/QSOpt/NAEopt/optZ/runZn4k2resplus/part005/
4 /p/QSOpt/NAEopt/optZ/runZn4k2resplus/part005/
/p/QSOpt/NAEopt/pyQSC/qsc/r_singularity.py:451: UserWarning:   Difference between linear solution 79.08513768980548 and quadratic solution 79.0851591557472 is 2.1465941728138205e-05
  warnings.warn("  Difference between linear solution {} and quadratic solution {} is {}".format(linear_solutions[0], quadratic_solutions[0], diff))
5 /p/QSOpt/NAEopt/optZ/runZn4k2resplus/part005/
6 /p/QSOpt/NAEopt/optZ/runZn4k2resplus/part005/
7 /p/QSOpt/NAEopt/optZ/runZn4k2resplus/part005/
8 /p/QSOpt/NAEopt/optZ/runZn4k2resplus/part005/
9 /p/QSOpt/NAEopt/optZ/runZn4k2resplus/part005/
4 /p/QSOpt/NAEopt/optZ/runZn4k2resplus/part005/
0 /p/QSOpt/NAEopt/optZ/runZn4k2resplus/part005/
1 /p/QSOpt/NAEopt/optZ/runZn4k2resplus/part005/
2 /p/QSOpt/NAEopt/optZ/runZn4k2resplus/part005/
3 /p/QSOpt/NAEopt/optZ/runZn4k2resplus/part005/
4 /p/QSOpt/NAEopt/optZ/runZn4k2resplus/part005/
5 /p/QSOpt/NAEopt/optZ/runZn4k2resplus/part005/
6 /p/QSOpt/NAEopt/optZ/runZn4k2resplus/part005/
7 /p/QSOpt/NAEopt/optZ/runZn4k2resplus/part005/
8 /p/QSOpt/NAEopt/optZ/runZn4k2resplus/part005/
9 /p/QSOpt/NAEopt/optZ/runZn4k2resplus/part005/
5 /p/QSOpt/NAEopt/optZ/runZn4k2resplus/part005/
0 /p/QSOpt/NAEopt/optZ/runZn4k2resplus/part005/
1 /p/QSOpt/NAEopt/optZ/runZn4k2resplus/part005/
2 /p/QSOpt/NAEopt/optZ/runZn4k2resplus/part005/
3 /p/QSOpt/NAEopt/optZ/runZn4k2resplus/part005/
4 /p/QSOpt/NAEopt/optZ/runZn4k2resplus/part005/
5 /p/QSOpt/NAEopt/optZ/runZn4k2resplus/part005/
6 /p/QSOpt/NAEopt/optZ/runZn4k2resplus/part005/
7 /p/QSOpt/NAEopt/optZ/runZn4k2resplus/part005/
8 /p/QSOpt/NAEopt/optZ/runZn4k2resplus/part005/
9 /p/QSOpt/NAEopt/optZ/runZn4k2resplus/part005/
6 /p/QSOpt/NAEopt/optZ/runZn4k2resplus/part005/
0 /p/QSOpt/NAEopt/optZ/runZn4k2resplus/part005/
1 /p/QSOpt/NAEopt/optZ/runZn4k2resplus/part005/
2 /p/QSOpt/NAEopt/optZ/runZn4k2resplus/part005/
3 /p/QSOpt/NAEopt/optZ/runZn4k2resplus/part005/
4 /p/QSOpt/NAEopt/optZ/runZn4k2resplus/part005/
5 /p/QSOpt/NAEopt/optZ/runZn4k2resplus/part005/
6 /p/QSOpt/NAEopt/optZ/runZn4k2resplus/part005/
7 /p/QSOpt/NAEopt/optZ/runZn4k2resplus/part005/
8 /p/QSOpt/NAEopt/optZ/runZn4k2resplus/part005/
9 /p/QSOpt/NAEopt/optZ/runZn4k2resplus/part005/
7 /p/QSOpt/NAEopt/optZ/runZn4k2resplus/part005/
0 /p/QSOpt/NAEopt/optZ/runZn4k2resplus/part005/
1 /p/QSOpt/NAEopt/optZ/runZn4k2resplus/part005/
2 /p/QSOpt/NAEopt/optZ/runZn4k2resplus/part005/
3 /p/QSOpt/NAEopt/optZ/runZn4k2resplus/part005/
4 /p/QSOpt/NAEopt/optZ/runZn4k2resplus/part005/
5 /p/QSOpt/NAEopt/optZ/runZn4k2resplus/part005/
6 /p/QSOpt/NAEopt/optZ/runZn4k2resplus/part005/
7 /p/QSOpt/NAEopt/optZ/runZn4k2resplus/part005/
8 /p/QSOpt/NAEopt/optZ/runZn4k2resplus/part005/
9 /p/QSOpt/NAEopt/optZ/runZn4k2resplus/part005/
8 /p/QSOpt/NAEopt/optZ/runZn4k2resplus/part005/
0 /p/QSOpt/NAEopt/optZ/runZn4k2resplus/part005/
1 /p/QSOpt/NAEopt/optZ/runZn4k2resplus/part005/
2 /p/QSOpt/NAEopt/optZ/runZn4k2resplus/part005/
3 /p/QSOpt/NAEopt/optZ/runZn4k2resplus/part005/
4 /p/QSOpt/NAEopt/optZ/runZn4k2resplus/part005/
5 /p/QSOpt/NAEopt/optZ/runZn4k2resplus/part005/
6 /p/QSOpt/NAEopt/optZ/runZn4k2resplus/part005/
7 /p/QSOpt/NAEopt/optZ/runZn4k2resplus/part005/
8 /p/QSOpt/NAEopt/optZ/runZn4k2resplus/part005/
9 /p/QSOpt/NAEopt/optZ/runZn4k2resplus/part005/
9 /p/QSOpt/NAEopt/optZ/runZn4k2resplus/part005/
0 /p/QSOpt/NAEopt/optZ/runZn4k2resplus/part005/
1 /p/QSOpt/NAEopt/optZ/runZn4k2resplus/part005/
2 /p/QSOpt/NAEopt/optZ/runZn4k2resplus/part005/
3 /p/QSOpt/NAEopt/optZ/runZn4k2resplus/part005/
4 /p/QSOpt/NAEopt/optZ/runZn4k2resplus/part005/
5 /p/QSOpt/NAEopt/optZ/runZn4k2resplus/part005/
6 /p/QSOpt/NAEopt/optZ/runZn4k2resplus/part005/
7 /p/QSOpt/NAEopt/optZ/runZn4k2resplus/part005/
8 /p/QSOpt/NAEopt/optZ/runZn4k2resplus/part005/
9 /p/QSOpt/NAEopt/optZ/runZn4k2resplus/part005/
10 /p/QSOpt/NAEopt/optZ/runZn4k2resplus/part005/
0 /p/QSOpt/NAEopt/optZ/runZn4k2resplus/part005/
1 /p/QSOpt/NAEopt/optZ/runZn4k2resplus/part005/
2 /p/QSOpt/NAEopt/optZ/runZn4k2resplus/part005/
3 /p/QSOpt/NAEopt/optZ/runZn4k2resplus/part005/
/p/QSOpt/NAEopt/pyQSC/qsc/r_singularity.py:451: UserWarning:   Difference between linear solution 2.697566698537253 and quadratic solution 2.69757909230117 is 1.2393763916929146e-05
  warnings.warn("  Difference between linear solution {} and quadratic solution {} is {}".format(linear_solutions[0], quadratic_solutions[0], diff))
/p/QSOpt/NAEopt/pyQSC/qsc/r_singularity.py:451: UserWarning:   Difference between linear solution 3.173254842275592 and quadratic solution 3.173266664372397 is 1.1822096805058635e-05
  warnings.warn("  Difference between linear solution {} and quadratic solution {} is {}".format(linear_solutions[0], quadratic_solutions[0], diff))
/p/QSOpt/NAEopt/pyQSC/qsc/r_singularity.py:451: UserWarning:   Difference between linear solution 6.067001472487935 and quadratic solution 6.067025569667091 is 2.4097179156079562e-05
  warnings.warn("  Difference between linear solution {} and quadratic solution {} is {}".format(linear_solutions[0], quadratic_solutions[0], diff))
4 /p/QSOpt/NAEopt/optZ/runZn4k2resplus/part005/
5 /p/QSOpt/NAEopt/optZ/runZn4k2resplus/part005/
/p/QSOpt/NAEopt/pyQSC/qsc/r_singularity.py:451: UserWarning:   Difference between linear solution 19.205413234554836 and quadratic solution 19.205387943788 is 2.5290766835439626e-05
  warnings.warn("  Difference between linear solution {} and quadratic solution {} is {}".format(linear_solutions[0], quadratic_solutions[0], diff))
6 /p/QSOpt/NAEopt/optZ/runZn4k2resplus/part005/
7 /p/QSOpt/NAEopt/optZ/runZn4k2resplus/part005/
8 /p/QSOpt/NAEopt/optZ/runZn4k2resplus/part005/
9 /p/QSOpt/NAEopt/optZ/runZn4k2resplus/part005/
11 /p/QSOpt/NAEopt/optZ/runZn4k2resplus/part005/
0 /p/QSOpt/NAEopt/optZ/runZn4k2resplus/part005/
1 /p/QSOpt/NAEopt/optZ/runZn4k2resplus/part005/
2 /p/QSOpt/NAEopt/optZ/runZn4k2resplus/part005/
3 /p/QSOpt/NAEopt/optZ/runZn4k2resplus/part005/
4 /p/QSOpt/NAEopt/optZ/runZn4k2resplus/part005/
5 /p/QSOpt/NAEopt/optZ/runZn4k2resplus/part005/
/p/QSOpt/NAEopt/pyQSC/qsc/r_singularity.py:451: UserWarning:   Difference between linear solution 31.95340652822172 and quadratic solution 31.95331985015852 is 8.66780632016173e-05
  warnings.warn("  Difference between linear solution {} and quadratic solution {} is {}".format(linear_solutions[0], quadratic_solutions[0], diff))
/p/QSOpt/NAEopt/pyQSC/qsc/r_singularity.py:451: UserWarning:   Difference between linear solution 24.96589866934057 and quadratic solution 24.965845739954275 is 5.292938629608557e-05
  warnings.warn("  Difference between linear solution {} and quadratic solution {} is {}".format(linear_solutions[0], quadratic_solutions[0], diff))
6 /p/QSOpt/NAEopt/optZ/runZn4k2resplus/part005/
7 /p/QSOpt/NAEopt/optZ/runZn4k2resplus/part005/
8 /p/QSOpt/NAEopt/optZ/runZn4k2resplus/part005/
9 /p/QSOpt/NAEopt/optZ/runZn4k2resplus/part005/
12 /p/QSOpt/NAEopt/optZ/runZn4k2resplus/part005/
0 /p/QSOpt/NAEopt/optZ/runZn4k2resplus/part005/
1 /p/QSOpt/NAEopt/optZ/runZn4k2resplus/part005/
2 /p/QSOpt/NAEopt/optZ/runZn4k2resplus/part005/
3 /p/QSOpt/NAEopt/optZ/runZn4k2resplus/part005/
4 /p/QSOpt/NAEopt/optZ/runZn4k2resplus/part005/
5 /p/QSOpt/NAEopt/optZ/runZn4k2resplus/part005/
6 /p/QSOpt/NAEopt/optZ/runZn4k2resplus/part005/
7 /p/QSOpt/NAEopt/optZ/runZn4k2resplus/part005/
8 /p/QSOpt/NAEopt/optZ/runZn4k2resplus/part005/
9 /p/QSOpt/NAEopt/optZ/runZn4k2resplus/part005/
13 /p/QSOpt/NAEopt/optZ/runZn4k2resplus/part005/
0 /p/QSOpt/NAEopt/optZ/runZn4k2resplus/part005/
1 /p/QSOpt/NAEopt/optZ/runZn4k2resplus/part005/
2 /p/QSOpt/NAEopt/optZ/runZn4k2resplus/part005/
3 /p/QSOpt/NAEopt/optZ/runZn4k2resplus/part005/
4 /p/QSOpt/NAEopt/optZ/runZn4k2resplus/part005/
5 /p/QSOpt/NAEopt/optZ/runZn4k2resplus/part005/
6 /p/QSOpt/NAEopt/optZ/runZn4k2resplus/part005/
7 /p/QSOpt/NAEopt/optZ/runZn4k2resplus/part005/
8 /p/QSOpt/NAEopt/optZ/runZn4k2resplus/part005/
9 /p/QSOpt/NAEopt/optZ/runZn4k2resplus/part005/
14 /p/QSOpt/NAEopt/optZ/runZn4k2resplus/part005/
