python optAnhark2optZ.py 15 0.18 0.21 10 0.01200000000000001 0.024000000000000007 /p/QSOpt/NAEopt/optZ/runZn4k2resplus/part067/
0 /p/QSOpt/NAEopt/optZ/runZn4k2resplus/part067/
1 /p/QSOpt/NAEopt/optZ/runZn4k2resplus/part067/
2 /p/QSOpt/NAEopt/optZ/runZn4k2resplus/part067/
3 /p/QSOpt/NAEopt/optZ/runZn4k2resplus/part067/
4 /p/QSOpt/NAEopt/optZ/runZn4k2resplus/part067/
5 /p/QSOpt/NAEopt/optZ/runZn4k2resplus/part067/
6 /p/QSOpt/NAEopt/optZ/runZn4k2resplus/part067/
7 /p/QSOpt/NAEopt/optZ/runZn4k2resplus/part067/
8 /p/QSOpt/NAEopt/optZ/runZn4k2resplus/part067/
9 /p/QSOpt/NAEopt/optZ/runZn4k2resplus/part067/
0 /p/QSOpt/NAEopt/optZ/runZn4k2resplus/part067/
0 /p/QSOpt/NAEopt/optZ/runZn4k2resplus/part067/
1 /p/QSOpt/NAEopt/optZ/runZn4k2resplus/part067/
2 /p/QSOpt/NAEopt/optZ/runZn4k2resplus/part067/
3 /p/QSOpt/NAEopt/optZ/runZn4k2resplus/part067/
4 /p/QSOpt/NAEopt/optZ/runZn4k2resplus/part067/
5 /p/QSOpt/NAEopt/optZ/runZn4k2resplus/part067/
6 /p/QSOpt/NAEopt/optZ/runZn4k2resplus/part067/
7 /p/QSOpt/NAEopt/optZ/runZn4k2resplus/part067/
8 /p/QSOpt/NAEopt/optZ/runZn4k2resplus/part067/
9 /p/QSOpt/NAEopt/optZ/runZn4k2resplus/part067/
1 /p/QSOpt/NAEopt/optZ/runZn4k2resplus/part067/
0 /p/QSOpt/NAEopt/optZ/runZn4k2resplus/part067/
1 /p/QSOpt/NAEopt/optZ/runZn4k2resplus/part067/
2 /p/QSOpt/NAEopt/optZ/runZn4k2resplus/part067/
3 /p/QSOpt/NAEopt/optZ/runZn4k2resplus/part067/
4 /p/QSOpt/NAEopt/optZ/runZn4k2resplus/part067/
5 /p/QSOpt/NAEopt/optZ/runZn4k2resplus/part067/
6 /p/QSOpt/NAEopt/optZ/runZn4k2resplus/part067/
7 /p/QSOpt/NAEopt/optZ/runZn4k2resplus/part067/
8 /p/QSOpt/NAEopt/optZ/runZn4k2resplus/part067/
9 /p/QSOpt/NAEopt/optZ/runZn4k2resplus/part067/
2 /p/QSOpt/NAEopt/optZ/runZn4k2resplus/part067/
0 /p/QSOpt/NAEopt/optZ/runZn4k2resplus/part067/
1 /p/QSOpt/NAEopt/optZ/runZn4k2resplus/part067/
2 /p/QSOpt/NAEopt/optZ/runZn4k2resplus/part067/
3 /p/QSOpt/NAEopt/optZ/runZn4k2resplus/part067/
4 /p/QSOpt/NAEopt/optZ/runZn4k2resplus/part067/
5 /p/QSOpt/NAEopt/optZ/runZn4k2resplus/part067/
6 /p/QSOpt/NAEopt/optZ/runZn4k2resplus/part067/
7 /p/QSOpt/NAEopt/optZ/runZn4k2resplus/part067/
8 /p/QSOpt/NAEopt/optZ/runZn4k2resplus/part067/
9 /p/QSOpt/NAEopt/optZ/runZn4k2resplus/part067/
3 /p/QSOpt/NAEopt/optZ/runZn4k2resplus/part067/
0 /p/QSOpt/NAEopt/optZ/runZn4k2resplus/part067/
1 /p/QSOpt/NAEopt/optZ/runZn4k2resplus/part067/
2 /p/QSOpt/NAEopt/optZ/runZn4k2resplus/part067/
3 /p/QSOpt/NAEopt/optZ/runZn4k2resplus/part067/
4 /p/QSOpt/NAEopt/optZ/runZn4k2resplus/part067/
5 /p/QSOpt/NAEopt/optZ/runZn4k2resplus/part067/
6 /p/QSOpt/NAEopt/optZ/runZn4k2resplus/part067/
7 /p/QSOpt/NAEopt/optZ/runZn4k2resplus/part067/
8 /p/QSOpt/NAEopt/optZ/runZn4k2resplus/part067/
/p/QSOpt/NAEopt/pyQSC/qsc/r_singularity.py:451: UserWarning:   Difference between linear solution 14.080291327203907 and quadratic solution 14.080258368316581 is 3.2958887326017816e-05
  warnings.warn("  Difference between linear solution {} and quadratic solution {} is {}".format(linear_solutions[0], quadratic_solutions[0], diff))
/p/QSOpt/NAEopt/pyQSC/qsc/r_singularity.py:451: UserWarning:   Difference between linear solution 14.080241426987508 and quadratic solution 14.080260149043669 is 1.8722056161379896e-05
  warnings.warn("  Difference between linear solution {} and quadratic solution {} is {}".format(linear_solutions[0], quadratic_solutions[0], diff))
9 /p/QSOpt/NAEopt/optZ/runZn4k2resplus/part067/
4 /p/QSOpt/NAEopt/optZ/runZn4k2resplus/part067/
0 /p/QSOpt/NAEopt/optZ/runZn4k2resplus/part067/
1 /p/QSOpt/NAEopt/optZ/runZn4k2resplus/part067/
2 /p/QSOpt/NAEopt/optZ/runZn4k2resplus/part067/
3 /p/QSOpt/NAEopt/optZ/runZn4k2resplus/part067/
4 /p/QSOpt/NAEopt/optZ/runZn4k2resplus/part067/
5 /p/QSOpt/NAEopt/optZ/runZn4k2resplus/part067/
6 /p/QSOpt/NAEopt/optZ/runZn4k2resplus/part067/
7 /p/QSOpt/NAEopt/optZ/runZn4k2resplus/part067/
8 /p/QSOpt/NAEopt/optZ/runZn4k2resplus/part067/
9 /p/QSOpt/NAEopt/optZ/runZn4k2resplus/part067/
5 /p/QSOpt/NAEopt/optZ/runZn4k2resplus/part067/
0 /p/QSOpt/NAEopt/optZ/runZn4k2resplus/part067/
1 /p/QSOpt/NAEopt/optZ/runZn4k2resplus/part067/
2 /p/QSOpt/NAEopt/optZ/runZn4k2resplus/part067/
3 /p/QSOpt/NAEopt/optZ/runZn4k2resplus/part067/
4 /p/QSOpt/NAEopt/optZ/runZn4k2resplus/part067/
5 /p/QSOpt/NAEopt/optZ/runZn4k2resplus/part067/
6 /p/QSOpt/NAEopt/optZ/runZn4k2resplus/part067/
7 /p/QSOpt/NAEopt/optZ/runZn4k2resplus/part067/
8 /p/QSOpt/NAEopt/optZ/runZn4k2resplus/part067/
9 /p/QSOpt/NAEopt/optZ/runZn4k2resplus/part067/
6 /p/QSOpt/NAEopt/optZ/runZn4k2resplus/part067/
0 /p/QSOpt/NAEopt/optZ/runZn4k2resplus/part067/
1 /p/QSOpt/NAEopt/optZ/runZn4k2resplus/part067/
2 /p/QSOpt/NAEopt/optZ/runZn4k2resplus/part067/
3 /p/QSOpt/NAEopt/optZ/runZn4k2resplus/part067/
4 /p/QSOpt/NAEopt/optZ/runZn4k2resplus/part067/
5 /p/QSOpt/NAEopt/optZ/runZn4k2resplus/part067/
6 /p/QSOpt/NAEopt/optZ/runZn4k2resplus/part067/
7 /p/QSOpt/NAEopt/optZ/runZn4k2resplus/part067/
8 /p/QSOpt/NAEopt/optZ/runZn4k2resplus/part067/
9 /p/QSOpt/NAEopt/optZ/runZn4k2resplus/part067/
7 /p/QSOpt/NAEopt/optZ/runZn4k2resplus/part067/
0 /p/QSOpt/NAEopt/optZ/runZn4k2resplus/part067/
1 /p/QSOpt/NAEopt/optZ/runZn4k2resplus/part067/
2 /p/QSOpt/NAEopt/optZ/runZn4k2resplus/part067/
3 /p/QSOpt/NAEopt/optZ/runZn4k2resplus/part067/
4 /p/QSOpt/NAEopt/optZ/runZn4k2resplus/part067/
5 /p/QSOpt/NAEopt/optZ/runZn4k2resplus/part067/
6 /p/QSOpt/NAEopt/optZ/runZn4k2resplus/part067/
7 /p/QSOpt/NAEopt/optZ/runZn4k2resplus/part067/
8 /p/QSOpt/NAEopt/optZ/runZn4k2resplus/part067/
9 /p/QSOpt/NAEopt/optZ/runZn4k2resplus/part067/
8 /p/QSOpt/NAEopt/optZ/runZn4k2resplus/part067/
0 /p/QSOpt/NAEopt/optZ/runZn4k2resplus/part067/
1 /p/QSOpt/NAEopt/optZ/runZn4k2resplus/part067/
/p/QSOpt/NAEopt/pyQSC/qsc/r_singularity.py:451: UserWarning:   Difference between linear solution 0.684015370756426 and quadratic solution 0.43263132514460856 is 0.2513840456118175
  warnings.warn("  Difference between linear solution {} and quadratic solution {} is {}".format(linear_solutions[0], quadratic_solutions[0], diff))
/p/QSOpt/NAEopt/pyQSC/qsc/r_singularity.py:451: UserWarning:   Difference between linear solution 0.6840172746035548 and quadratic solution 0.43263132514471664 is 0.25138594945883813
  warnings.warn("  Difference between linear solution {} and quadratic solution {} is {}".format(linear_solutions[0], quadratic_solutions[0], diff))
/p/QSOpt/NAEopt/pyQSC/qsc/r_singularity.py:451: UserWarning:   Difference between linear solution 0.6840042884917038 and quadratic solution 0.43263296577563765 is 0.25137132271606616
  warnings.warn("  Difference between linear solution {} and quadratic solution {} is {}".format(linear_solutions[0], quadratic_solutions[0], diff))
/p/QSOpt/NAEopt/pyQSC/qsc/r_singularity.py:451: UserWarning:   Difference between linear solution 0.684011912445369 and quadratic solution 0.4326329657757455 is 0.25137894666962346
  warnings.warn("  Difference between linear solution {} and quadratic solution {} is {}".format(linear_solutions[0], quadratic_solutions[0], diff))
2 /p/QSOpt/NAEopt/optZ/runZn4k2resplus/part067/
3 /p/QSOpt/NAEopt/optZ/runZn4k2resplus/part067/
4 /p/QSOpt/NAEopt/optZ/runZn4k2resplus/part067/
5 /p/QSOpt/NAEopt/optZ/runZn4k2resplus/part067/
6 /p/QSOpt/NAEopt/optZ/runZn4k2resplus/part067/
7 /p/QSOpt/NAEopt/optZ/runZn4k2resplus/part067/
8 /p/QSOpt/NAEopt/optZ/runZn4k2resplus/part067/
9 /p/QSOpt/NAEopt/optZ/runZn4k2resplus/part067/
9 /p/QSOpt/NAEopt/optZ/runZn4k2resplus/part067/
0 /p/QSOpt/NAEopt/optZ/runZn4k2resplus/part067/
1 /p/QSOpt/NAEopt/optZ/runZn4k2resplus/part067/
2 /p/QSOpt/NAEopt/optZ/runZn4k2resplus/part067/
3 /p/QSOpt/NAEopt/optZ/runZn4k2resplus/part067/
4 /p/QSOpt/NAEopt/optZ/runZn4k2resplus/part067/
5 /p/QSOpt/NAEopt/optZ/runZn4k2resplus/part067/
6 /p/QSOpt/NAEopt/optZ/runZn4k2resplus/part067/
7 /p/QSOpt/NAEopt/optZ/runZn4k2resplus/part067/
8 /p/QSOpt/NAEopt/optZ/runZn4k2resplus/part067/
9 /p/QSOpt/NAEopt/optZ/runZn4k2resplus/part067/
10 /p/QSOpt/NAEopt/optZ/runZn4k2resplus/part067/
0 /p/QSOpt/NAEopt/optZ/runZn4k2resplus/part067/
1 /p/QSOpt/NAEopt/optZ/runZn4k2resplus/part067/
2 /p/QSOpt/NAEopt/optZ/runZn4k2resplus/part067/
3 /p/QSOpt/NAEopt/optZ/runZn4k2resplus/part067/
4 /p/QSOpt/NAEopt/optZ/runZn4k2resplus/part067/
5 /p/QSOpt/NAEopt/optZ/runZn4k2resplus/part067/
6 /p/QSOpt/NAEopt/optZ/runZn4k2resplus/part067/
7 /p/QSOpt/NAEopt/optZ/runZn4k2resplus/part067/
8 /p/QSOpt/NAEopt/optZ/runZn4k2resplus/part067/
9 /p/QSOpt/NAEopt/optZ/runZn4k2resplus/part067/
11 /p/QSOpt/NAEopt/optZ/runZn4k2resplus/part067/
0 /p/QSOpt/NAEopt/optZ/runZn4k2resplus/part067/
1 /p/QSOpt/NAEopt/optZ/runZn4k2resplus/part067/
2 /p/QSOpt/NAEopt/optZ/runZn4k2resplus/part067/
3 /p/QSOpt/NAEopt/optZ/runZn4k2resplus/part067/
4 /p/QSOpt/NAEopt/optZ/runZn4k2resplus/part067/
5 /p/QSOpt/NAEopt/optZ/runZn4k2resplus/part067/
6 /p/QSOpt/NAEopt/optZ/runZn4k2resplus/part067/
7 /p/QSOpt/NAEopt/optZ/runZn4k2resplus/part067/
8 /p/QSOpt/NAEopt/optZ/runZn4k2resplus/part067/
9 /p/QSOpt/NAEopt/optZ/runZn4k2resplus/part067/
12 /p/QSOpt/NAEopt/optZ/runZn4k2resplus/part067/
0 /p/QSOpt/NAEopt/optZ/runZn4k2resplus/part067/
1 /p/QSOpt/NAEopt/optZ/runZn4k2resplus/part067/
2 /p/QSOpt/NAEopt/optZ/runZn4k2resplus/part067/
3 /p/QSOpt/NAEopt/optZ/runZn4k2resplus/part067/
4 /p/QSOpt/NAEopt/optZ/runZn4k2resplus/part067/
5 /p/QSOpt/NAEopt/optZ/runZn4k2resplus/part067/
6 /p/QSOpt/NAEopt/optZ/runZn4k2resplus/part067/
7 /p/QSOpt/NAEopt/optZ/runZn4k2resplus/part067/
8 /p/QSOpt/NAEopt/optZ/runZn4k2resplus/part067/
9 /p/QSOpt/NAEopt/optZ/runZn4k2resplus/part067/
13 /p/QSOpt/NAEopt/optZ/runZn4k2resplus/part067/
0 /p/QSOpt/NAEopt/optZ/runZn4k2resplus/part067/
1 /p/QSOpt/NAEopt/optZ/runZn4k2resplus/part067/
2 /p/QSOpt/NAEopt/optZ/runZn4k2resplus/part067/
3 /p/QSOpt/NAEopt/optZ/runZn4k2resplus/part067/
4 /p/QSOpt/NAEopt/optZ/runZn4k2resplus/part067/
5 /p/QSOpt/NAEopt/optZ/runZn4k2resplus/part067/
6 /p/QSOpt/NAEopt/optZ/runZn4k2resplus/part067/
7 /p/QSOpt/NAEopt/optZ/runZn4k2resplus/part067/
8 /p/QSOpt/NAEopt/optZ/runZn4k2resplus/part067/
9 /p/QSOpt/NAEopt/optZ/runZn4k2resplus/part067/
14 /p/QSOpt/NAEopt/optZ/runZn4k2resplus/part067/
