python optAnhark2optZ.py 15 0.24 0.27 10 0.024000000000000007 0.036000000000000004 /p/QSOpt/NAEopt/optZ/runZn4k2resplus/part088/
0 /p/QSOpt/NAEopt/optZ/runZn4k2resplus/part088/
1 /p/QSOpt/NAEopt/optZ/runZn4k2resplus/part088/
2 /p/QSOpt/NAEopt/optZ/runZn4k2resplus/part088/
3 /p/QSOpt/NAEopt/optZ/runZn4k2resplus/part088/
4 /p/QSOpt/NAEopt/optZ/runZn4k2resplus/part088/
5 /p/QSOpt/NAEopt/optZ/runZn4k2resplus/part088/
6 /p/QSOpt/NAEopt/optZ/runZn4k2resplus/part088/
7 /p/QSOpt/NAEopt/optZ/runZn4k2resplus/part088/
8 /p/QSOpt/NAEopt/optZ/runZn4k2resplus/part088/
9 /p/QSOpt/NAEopt/optZ/runZn4k2resplus/part088/
0 /p/QSOpt/NAEopt/optZ/runZn4k2resplus/part088/
0 /p/QSOpt/NAEopt/optZ/runZn4k2resplus/part088/
1 /p/QSOpt/NAEopt/optZ/runZn4k2resplus/part088/
2 /p/QSOpt/NAEopt/optZ/runZn4k2resplus/part088/
3 /p/QSOpt/NAEopt/optZ/runZn4k2resplus/part088/
4 /p/QSOpt/NAEopt/optZ/runZn4k2resplus/part088/
5 /p/QSOpt/NAEopt/optZ/runZn4k2resplus/part088/
6 /p/QSOpt/NAEopt/optZ/runZn4k2resplus/part088/
7 /p/QSOpt/NAEopt/optZ/runZn4k2resplus/part088/
8 /p/QSOpt/NAEopt/optZ/runZn4k2resplus/part088/
9 /p/QSOpt/NAEopt/optZ/runZn4k2resplus/part088/
1 /p/QSOpt/NAEopt/optZ/runZn4k2resplus/part088/
0 /p/QSOpt/NAEopt/optZ/runZn4k2resplus/part088/
1 /p/QSOpt/NAEopt/optZ/runZn4k2resplus/part088/
2 /p/QSOpt/NAEopt/optZ/runZn4k2resplus/part088/
3 /p/QSOpt/NAEopt/optZ/runZn4k2resplus/part088/
4 /p/QSOpt/NAEopt/optZ/runZn4k2resplus/part088/
5 /p/QSOpt/NAEopt/optZ/runZn4k2resplus/part088/
6 /p/QSOpt/NAEopt/optZ/runZn4k2resplus/part088/
7 /p/QSOpt/NAEopt/optZ/runZn4k2resplus/part088/
8 /p/QSOpt/NAEopt/optZ/runZn4k2resplus/part088/
9 /p/QSOpt/NAEopt/optZ/runZn4k2resplus/part088/
2 /p/QSOpt/NAEopt/optZ/runZn4k2resplus/part088/
0 /p/QSOpt/NAEopt/optZ/runZn4k2resplus/part088/
1 /p/QSOpt/NAEopt/optZ/runZn4k2resplus/part088/
2 /p/QSOpt/NAEopt/optZ/runZn4k2resplus/part088/
3 /p/QSOpt/NAEopt/optZ/runZn4k2resplus/part088/
4 /p/QSOpt/NAEopt/optZ/runZn4k2resplus/part088/
5 /p/QSOpt/NAEopt/optZ/runZn4k2resplus/part088/
6 /p/QSOpt/NAEopt/optZ/runZn4k2resplus/part088/
7 /p/QSOpt/NAEopt/optZ/runZn4k2resplus/part088/
8 /p/QSOpt/NAEopt/optZ/runZn4k2resplus/part088/
9 /p/QSOpt/NAEopt/optZ/runZn4k2resplus/part088/
3 /p/QSOpt/NAEopt/optZ/runZn4k2resplus/part088/
0 /p/QSOpt/NAEopt/optZ/runZn4k2resplus/part088/
1 /p/QSOpt/NAEopt/optZ/runZn4k2resplus/part088/
2 /p/QSOpt/NAEopt/optZ/runZn4k2resplus/part088/
3 /p/QSOpt/NAEopt/optZ/runZn4k2resplus/part088/
4 /p/QSOpt/NAEopt/optZ/runZn4k2resplus/part088/
5 /p/QSOpt/NAEopt/optZ/runZn4k2resplus/part088/
6 /p/QSOpt/NAEopt/optZ/runZn4k2resplus/part088/
7 /p/QSOpt/NAEopt/optZ/runZn4k2resplus/part088/
8 /p/QSOpt/NAEopt/optZ/runZn4k2resplus/part088/
9 /p/QSOpt/NAEopt/optZ/runZn4k2resplus/part088/
4 /p/QSOpt/NAEopt/optZ/runZn4k2resplus/part088/
0 /p/QSOpt/NAEopt/optZ/runZn4k2resplus/part088/
1 /p/QSOpt/NAEopt/optZ/runZn4k2resplus/part088/
2 /p/QSOpt/NAEopt/optZ/runZn4k2resplus/part088/
3 /p/QSOpt/NAEopt/optZ/runZn4k2resplus/part088/
4 /p/QSOpt/NAEopt/optZ/runZn4k2resplus/part088/
5 /p/QSOpt/NAEopt/optZ/runZn4k2resplus/part088/
6 /p/QSOpt/NAEopt/optZ/runZn4k2resplus/part088/
7 /p/QSOpt/NAEopt/optZ/runZn4k2resplus/part088/
8 /p/QSOpt/NAEopt/optZ/runZn4k2resplus/part088/
9 /p/QSOpt/NAEopt/optZ/runZn4k2resplus/part088/
5 /p/QSOpt/NAEopt/optZ/runZn4k2resplus/part088/
0 /p/QSOpt/NAEopt/optZ/runZn4k2resplus/part088/
1 /p/QSOpt/NAEopt/optZ/runZn4k2resplus/part088/
2 /p/QSOpt/NAEopt/optZ/runZn4k2resplus/part088/
3 /p/QSOpt/NAEopt/optZ/runZn4k2resplus/part088/
4 /p/QSOpt/NAEopt/optZ/runZn4k2resplus/part088/
5 /p/QSOpt/NAEopt/optZ/runZn4k2resplus/part088/
6 /p/QSOpt/NAEopt/optZ/runZn4k2resplus/part088/
7 /p/QSOpt/NAEopt/optZ/runZn4k2resplus/part088/
8 /p/QSOpt/NAEopt/optZ/runZn4k2resplus/part088/
9 /p/QSOpt/NAEopt/optZ/runZn4k2resplus/part088/
6 /p/QSOpt/NAEopt/optZ/runZn4k2resplus/part088/
0 /p/QSOpt/NAEopt/optZ/runZn4k2resplus/part088/
1 /p/QSOpt/NAEopt/optZ/runZn4k2resplus/part088/
2 /p/QSOpt/NAEopt/optZ/runZn4k2resplus/part088/
3 /p/QSOpt/NAEopt/optZ/runZn4k2resplus/part088/
4 /p/QSOpt/NAEopt/optZ/runZn4k2resplus/part088/
5 /p/QSOpt/NAEopt/optZ/runZn4k2resplus/part088/
6 /p/QSOpt/NAEopt/optZ/runZn4k2resplus/part088/
7 /p/QSOpt/NAEopt/optZ/runZn4k2resplus/part088/
8 /p/QSOpt/NAEopt/optZ/runZn4k2resplus/part088/
9 /p/QSOpt/NAEopt/optZ/runZn4k2resplus/part088/
7 /p/QSOpt/NAEopt/optZ/runZn4k2resplus/part088/
0 /p/QSOpt/NAEopt/optZ/runZn4k2resplus/part088/
1 /p/QSOpt/NAEopt/optZ/runZn4k2resplus/part088/
2 /p/QSOpt/NAEopt/optZ/runZn4k2resplus/part088/
3 /p/QSOpt/NAEopt/optZ/runZn4k2resplus/part088/
4 /p/QSOpt/NAEopt/optZ/runZn4k2resplus/part088/
5 /p/QSOpt/NAEopt/optZ/runZn4k2resplus/part088/
6 /p/QSOpt/NAEopt/optZ/runZn4k2resplus/part088/
7 /p/QSOpt/NAEopt/optZ/runZn4k2resplus/part088/
8 /p/QSOpt/NAEopt/optZ/runZn4k2resplus/part088/
9 /p/QSOpt/NAEopt/optZ/runZn4k2resplus/part088/
8 /p/QSOpt/NAEopt/optZ/runZn4k2resplus/part088/
0 /p/QSOpt/NAEopt/optZ/runZn4k2resplus/part088/
1 /p/QSOpt/NAEopt/optZ/runZn4k2resplus/part088/
2 /p/QSOpt/NAEopt/optZ/runZn4k2resplus/part088/
3 /p/QSOpt/NAEopt/optZ/runZn4k2resplus/part088/
4 /p/QSOpt/NAEopt/optZ/runZn4k2resplus/part088/
5 /p/QSOpt/NAEopt/optZ/runZn4k2resplus/part088/
6 /p/QSOpt/NAEopt/optZ/runZn4k2resplus/part088/
7 /p/QSOpt/NAEopt/optZ/runZn4k2resplus/part088/
8 /p/QSOpt/NAEopt/optZ/runZn4k2resplus/part088/
9 /p/QSOpt/NAEopt/optZ/runZn4k2resplus/part088/
9 /p/QSOpt/NAEopt/optZ/runZn4k2resplus/part088/
0 /p/QSOpt/NAEopt/optZ/runZn4k2resplus/part088/
1 /p/QSOpt/NAEopt/optZ/runZn4k2resplus/part088/
2 /p/QSOpt/NAEopt/optZ/runZn4k2resplus/part088/
3 /p/QSOpt/NAEopt/optZ/runZn4k2resplus/part088/
4 /p/QSOpt/NAEopt/optZ/runZn4k2resplus/part088/
5 /p/QSOpt/NAEopt/optZ/runZn4k2resplus/part088/
6 /p/QSOpt/NAEopt/optZ/runZn4k2resplus/part088/
7 /p/QSOpt/NAEopt/optZ/runZn4k2resplus/part088/
8 /p/QSOpt/NAEopt/optZ/runZn4k2resplus/part088/
9 /p/QSOpt/NAEopt/optZ/runZn4k2resplus/part088/
10 /p/QSOpt/NAEopt/optZ/runZn4k2resplus/part088/
0 /p/QSOpt/NAEopt/optZ/runZn4k2resplus/part088/
1 /p/QSOpt/NAEopt/optZ/runZn4k2resplus/part088/
2 /p/QSOpt/NAEopt/optZ/runZn4k2resplus/part088/
3 /p/QSOpt/NAEopt/optZ/runZn4k2resplus/part088/
4 /p/QSOpt/NAEopt/optZ/runZn4k2resplus/part088/
5 /p/QSOpt/NAEopt/optZ/runZn4k2resplus/part088/
6 /p/QSOpt/NAEopt/optZ/runZn4k2resplus/part088/
7 /p/QSOpt/NAEopt/optZ/runZn4k2resplus/part088/
8 /p/QSOpt/NAEopt/optZ/runZn4k2resplus/part088/
9 /p/QSOpt/NAEopt/optZ/runZn4k2resplus/part088/
11 /p/QSOpt/NAEopt/optZ/runZn4k2resplus/part088/
0 /p/QSOpt/NAEopt/optZ/runZn4k2resplus/part088/
1 /p/QSOpt/NAEopt/optZ/runZn4k2resplus/part088/
2 /p/QSOpt/NAEopt/optZ/runZn4k2resplus/part088/
3 /p/QSOpt/NAEopt/optZ/runZn4k2resplus/part088/
4 /p/QSOpt/NAEopt/optZ/runZn4k2resplus/part088/
5 /p/QSOpt/NAEopt/optZ/runZn4k2resplus/part088/
6 /p/QSOpt/NAEopt/optZ/runZn4k2resplus/part088/
7 /p/QSOpt/NAEopt/optZ/runZn4k2resplus/part088/
8 /p/QSOpt/NAEopt/optZ/runZn4k2resplus/part088/
9 /p/QSOpt/NAEopt/optZ/runZn4k2resplus/part088/
12 /p/QSOpt/NAEopt/optZ/runZn4k2resplus/part088/
0 /p/QSOpt/NAEopt/optZ/runZn4k2resplus/part088/
1 /p/QSOpt/NAEopt/optZ/runZn4k2resplus/part088/
2 /p/QSOpt/NAEopt/optZ/runZn4k2resplus/part088/
3 /p/QSOpt/NAEopt/optZ/runZn4k2resplus/part088/
4 /p/QSOpt/NAEopt/optZ/runZn4k2resplus/part088/
5 /p/QSOpt/NAEopt/optZ/runZn4k2resplus/part088/
6 /p/QSOpt/NAEopt/optZ/runZn4k2resplus/part088/
7 /p/QSOpt/NAEopt/optZ/runZn4k2resplus/part088/
8 /p/QSOpt/NAEopt/optZ/runZn4k2resplus/part088/
9 /p/QSOpt/NAEopt/optZ/runZn4k2resplus/part088/
13 /p/QSOpt/NAEopt/optZ/runZn4k2resplus/part088/
0 /p/QSOpt/NAEopt/optZ/runZn4k2resplus/part088/
1 /p/QSOpt/NAEopt/optZ/runZn4k2resplus/part088/
2 /p/QSOpt/NAEopt/optZ/runZn4k2resplus/part088/
3 /p/QSOpt/NAEopt/optZ/runZn4k2resplus/part088/
4 /p/QSOpt/NAEopt/optZ/runZn4k2resplus/part088/
5 /p/QSOpt/NAEopt/optZ/runZn4k2resplus/part088/
6 /p/QSOpt/NAEopt/optZ/runZn4k2resplus/part088/
7 /p/QSOpt/NAEopt/optZ/runZn4k2resplus/part088/
8 /p/QSOpt/NAEopt/optZ/runZn4k2resplus/part088/
9 /p/QSOpt/NAEopt/optZ/runZn4k2resplus/part088/
14 /p/QSOpt/NAEopt/optZ/runZn4k2resplus/part088/
