python optAnhark2optZ.py 15 0.15 0.18 10 -0.048 -0.036 /p/QSOpt/NAEopt/optZ/runZn4k2resplus/part052/
0 /p/QSOpt/NAEopt/optZ/runZn4k2resplus/part052/
1 /p/QSOpt/NAEopt/optZ/runZn4k2resplus/part052/
2 /p/QSOpt/NAEopt/optZ/runZn4k2resplus/part052/
3 /p/QSOpt/NAEopt/optZ/runZn4k2resplus/part052/
4 /p/QSOpt/NAEopt/optZ/runZn4k2resplus/part052/
5 /p/QSOpt/NAEopt/optZ/runZn4k2resplus/part052/
6 /p/QSOpt/NAEopt/optZ/runZn4k2resplus/part052/
7 /p/QSOpt/NAEopt/optZ/runZn4k2resplus/part052/
8 /p/QSOpt/NAEopt/optZ/runZn4k2resplus/part052/
9 /p/QSOpt/NAEopt/optZ/runZn4k2resplus/part052/
0 /p/QSOpt/NAEopt/optZ/runZn4k2resplus/part052/
0 /p/QSOpt/NAEopt/optZ/runZn4k2resplus/part052/
1 /p/QSOpt/NAEopt/optZ/runZn4k2resplus/part052/
2 /p/QSOpt/NAEopt/optZ/runZn4k2resplus/part052/
3 /p/QSOpt/NAEopt/optZ/runZn4k2resplus/part052/
4 /p/QSOpt/NAEopt/optZ/runZn4k2resplus/part052/
5 /p/QSOpt/NAEopt/optZ/runZn4k2resplus/part052/
6 /p/QSOpt/NAEopt/optZ/runZn4k2resplus/part052/
7 /p/QSOpt/NAEopt/optZ/runZn4k2resplus/part052/
8 /p/QSOpt/NAEopt/optZ/runZn4k2resplus/part052/
9 /p/QSOpt/NAEopt/optZ/runZn4k2resplus/part052/
1 /p/QSOpt/NAEopt/optZ/runZn4k2resplus/part052/
0 /p/QSOpt/NAEopt/optZ/runZn4k2resplus/part052/
1 /p/QSOpt/NAEopt/optZ/runZn4k2resplus/part052/
2 /p/QSOpt/NAEopt/optZ/runZn4k2resplus/part052/
3 /p/QSOpt/NAEopt/optZ/runZn4k2resplus/part052/
4 /p/QSOpt/NAEopt/optZ/runZn4k2resplus/part052/
5 /p/QSOpt/NAEopt/optZ/runZn4k2resplus/part052/
6 /p/QSOpt/NAEopt/optZ/runZn4k2resplus/part052/
7 /p/QSOpt/NAEopt/optZ/runZn4k2resplus/part052/
8 /p/QSOpt/NAEopt/optZ/runZn4k2resplus/part052/
9 /p/QSOpt/NAEopt/optZ/runZn4k2resplus/part052/
2 /p/QSOpt/NAEopt/optZ/runZn4k2resplus/part052/
0 /p/QSOpt/NAEopt/optZ/runZn4k2resplus/part052/
1 /p/QSOpt/NAEopt/optZ/runZn4k2resplus/part052/
2 /p/QSOpt/NAEopt/optZ/runZn4k2resplus/part052/
3 /p/QSOpt/NAEopt/optZ/runZn4k2resplus/part052/
4 /p/QSOpt/NAEopt/optZ/runZn4k2resplus/part052/
5 /p/QSOpt/NAEopt/optZ/runZn4k2resplus/part052/
6 /p/QSOpt/NAEopt/optZ/runZn4k2resplus/part052/
7 /p/QSOpt/NAEopt/optZ/runZn4k2resplus/part052/
8 /p/QSOpt/NAEopt/optZ/runZn4k2resplus/part052/
9 /p/QSOpt/NAEopt/optZ/runZn4k2resplus/part052/
3 /p/QSOpt/NAEopt/optZ/runZn4k2resplus/part052/
0 /p/QSOpt/NAEopt/optZ/runZn4k2resplus/part052/
1 /p/QSOpt/NAEopt/optZ/runZn4k2resplus/part052/
2 /p/QSOpt/NAEopt/optZ/runZn4k2resplus/part052/
3 /p/QSOpt/NAEopt/optZ/runZn4k2resplus/part052/
4 /p/QSOpt/NAEopt/optZ/runZn4k2resplus/part052/
5 /p/QSOpt/NAEopt/optZ/runZn4k2resplus/part052/
6 /p/QSOpt/NAEopt/optZ/runZn4k2resplus/part052/
7 /p/QSOpt/NAEopt/optZ/runZn4k2resplus/part052/
8 /p/QSOpt/NAEopt/optZ/runZn4k2resplus/part052/
9 /p/QSOpt/NAEopt/optZ/runZn4k2resplus/part052/
4 /p/QSOpt/NAEopt/optZ/runZn4k2resplus/part052/
0 /p/QSOpt/NAEopt/optZ/runZn4k2resplus/part052/
1 /p/QSOpt/NAEopt/optZ/runZn4k2resplus/part052/
2 /p/QSOpt/NAEopt/optZ/runZn4k2resplus/part052/
3 /p/QSOpt/NAEopt/optZ/runZn4k2resplus/part052/
4 /p/QSOpt/NAEopt/optZ/runZn4k2resplus/part052/
5 /p/QSOpt/NAEopt/optZ/runZn4k2resplus/part052/
6 /p/QSOpt/NAEopt/optZ/runZn4k2resplus/part052/
7 /p/QSOpt/NAEopt/optZ/runZn4k2resplus/part052/
8 /p/QSOpt/NAEopt/optZ/runZn4k2resplus/part052/
9 /p/QSOpt/NAEopt/optZ/runZn4k2resplus/part052/
5 /p/QSOpt/NAEopt/optZ/runZn4k2resplus/part052/
0 /p/QSOpt/NAEopt/optZ/runZn4k2resplus/part052/
1 /p/QSOpt/NAEopt/optZ/runZn4k2resplus/part052/
2 /p/QSOpt/NAEopt/optZ/runZn4k2resplus/part052/
3 /p/QSOpt/NAEopt/optZ/runZn4k2resplus/part052/
4 /p/QSOpt/NAEopt/optZ/runZn4k2resplus/part052/
5 /p/QSOpt/NAEopt/optZ/runZn4k2resplus/part052/
6 /p/QSOpt/NAEopt/optZ/runZn4k2resplus/part052/
7 /p/QSOpt/NAEopt/optZ/runZn4k2resplus/part052/
8 /p/QSOpt/NAEopt/optZ/runZn4k2resplus/part052/
9 /p/QSOpt/NAEopt/optZ/runZn4k2resplus/part052/
6 /p/QSOpt/NAEopt/optZ/runZn4k2resplus/part052/
0 /p/QSOpt/NAEopt/optZ/runZn4k2resplus/part052/
1 /p/QSOpt/NAEopt/optZ/runZn4k2resplus/part052/
2 /p/QSOpt/NAEopt/optZ/runZn4k2resplus/part052/
3 /p/QSOpt/NAEopt/optZ/runZn4k2resplus/part052/
4 /p/QSOpt/NAEopt/optZ/runZn4k2resplus/part052/
5 /p/QSOpt/NAEopt/optZ/runZn4k2resplus/part052/
6 /p/QSOpt/NAEopt/optZ/runZn4k2resplus/part052/
7 /p/QSOpt/NAEopt/optZ/runZn4k2resplus/part052/
8 /p/QSOpt/NAEopt/optZ/runZn4k2resplus/part052/
9 /p/QSOpt/NAEopt/optZ/runZn4k2resplus/part052/
7 /p/QSOpt/NAEopt/optZ/runZn4k2resplus/part052/
0 /p/QSOpt/NAEopt/optZ/runZn4k2resplus/part052/
1 /p/QSOpt/NAEopt/optZ/runZn4k2resplus/part052/
2 /p/QSOpt/NAEopt/optZ/runZn4k2resplus/part052/
3 /p/QSOpt/NAEopt/optZ/runZn4k2resplus/part052/
4 /p/QSOpt/NAEopt/optZ/runZn4k2resplus/part052/
5 /p/QSOpt/NAEopt/optZ/runZn4k2resplus/part052/
6 /p/QSOpt/NAEopt/optZ/runZn4k2resplus/part052/
7 /p/QSOpt/NAEopt/optZ/runZn4k2resplus/part052/
8 /p/QSOpt/NAEopt/optZ/runZn4k2resplus/part052/
9 /p/QSOpt/NAEopt/optZ/runZn4k2resplus/part052/
8 /p/QSOpt/NAEopt/optZ/runZn4k2resplus/part052/
0 /p/QSOpt/NAEopt/optZ/runZn4k2resplus/part052/
1 /p/QSOpt/NAEopt/optZ/runZn4k2resplus/part052/
2 /p/QSOpt/NAEopt/optZ/runZn4k2resplus/part052/
3 /p/QSOpt/NAEopt/optZ/runZn4k2resplus/part052/
4 /p/QSOpt/NAEopt/optZ/runZn4k2resplus/part052/
5 /p/QSOpt/NAEopt/optZ/runZn4k2resplus/part052/
6 /p/QSOpt/NAEopt/optZ/runZn4k2resplus/part052/
7 /p/QSOpt/NAEopt/optZ/runZn4k2resplus/part052/
8 /p/QSOpt/NAEopt/optZ/runZn4k2resplus/part052/
9 /p/QSOpt/NAEopt/optZ/runZn4k2resplus/part052/
9 /p/QSOpt/NAEopt/optZ/runZn4k2resplus/part052/
0 /p/QSOpt/NAEopt/optZ/runZn4k2resplus/part052/
1 /p/QSOpt/NAEopt/optZ/runZn4k2resplus/part052/
2 /p/QSOpt/NAEopt/optZ/runZn4k2resplus/part052/
3 /p/QSOpt/NAEopt/optZ/runZn4k2resplus/part052/
4 /p/QSOpt/NAEopt/optZ/runZn4k2resplus/part052/
5 /p/QSOpt/NAEopt/optZ/runZn4k2resplus/part052/
6 /p/QSOpt/NAEopt/optZ/runZn4k2resplus/part052/
7 /p/QSOpt/NAEopt/optZ/runZn4k2resplus/part052/
8 /p/QSOpt/NAEopt/optZ/runZn4k2resplus/part052/
9 /p/QSOpt/NAEopt/optZ/runZn4k2resplus/part052/
10 /p/QSOpt/NAEopt/optZ/runZn4k2resplus/part052/
0 /p/QSOpt/NAEopt/optZ/runZn4k2resplus/part052/
1 /p/QSOpt/NAEopt/optZ/runZn4k2resplus/part052/
2 /p/QSOpt/NAEopt/optZ/runZn4k2resplus/part052/
3 /p/QSOpt/NAEopt/optZ/runZn4k2resplus/part052/
4 /p/QSOpt/NAEopt/optZ/runZn4k2resplus/part052/
5 /p/QSOpt/NAEopt/optZ/runZn4k2resplus/part052/
6 /p/QSOpt/NAEopt/optZ/runZn4k2resplus/part052/
7 /p/QSOpt/NAEopt/optZ/runZn4k2resplus/part052/
8 /p/QSOpt/NAEopt/optZ/runZn4k2resplus/part052/
9 /p/QSOpt/NAEopt/optZ/runZn4k2resplus/part052/
11 /p/QSOpt/NAEopt/optZ/runZn4k2resplus/part052/
0 /p/QSOpt/NAEopt/optZ/runZn4k2resplus/part052/
1 /p/QSOpt/NAEopt/optZ/runZn4k2resplus/part052/
2 /p/QSOpt/NAEopt/optZ/runZn4k2resplus/part052/
3 /p/QSOpt/NAEopt/optZ/runZn4k2resplus/part052/
4 /p/QSOpt/NAEopt/optZ/runZn4k2resplus/part052/
5 /p/QSOpt/NAEopt/optZ/runZn4k2resplus/part052/
6 /p/QSOpt/NAEopt/optZ/runZn4k2resplus/part052/
7 /p/QSOpt/NAEopt/optZ/runZn4k2resplus/part052/
8 /p/QSOpt/NAEopt/optZ/runZn4k2resplus/part052/
9 /p/QSOpt/NAEopt/optZ/runZn4k2resplus/part052/
12 /p/QSOpt/NAEopt/optZ/runZn4k2resplus/part052/
0 /p/QSOpt/NAEopt/optZ/runZn4k2resplus/part052/
1 /p/QSOpt/NAEopt/optZ/runZn4k2resplus/part052/
2 /p/QSOpt/NAEopt/optZ/runZn4k2resplus/part052/
3 /p/QSOpt/NAEopt/optZ/runZn4k2resplus/part052/
4 /p/QSOpt/NAEopt/optZ/runZn4k2resplus/part052/
5 /p/QSOpt/NAEopt/optZ/runZn4k2resplus/part052/
6 /p/QSOpt/NAEopt/optZ/runZn4k2resplus/part052/
7 /p/QSOpt/NAEopt/optZ/runZn4k2resplus/part052/
8 /p/QSOpt/NAEopt/optZ/runZn4k2resplus/part052/
9 /p/QSOpt/NAEopt/optZ/runZn4k2resplus/part052/
13 /p/QSOpt/NAEopt/optZ/runZn4k2resplus/part052/
0 /p/QSOpt/NAEopt/optZ/runZn4k2resplus/part052/
1 /p/QSOpt/NAEopt/optZ/runZn4k2resplus/part052/
2 /p/QSOpt/NAEopt/optZ/runZn4k2resplus/part052/
3 /p/QSOpt/NAEopt/optZ/runZn4k2resplus/part052/
4 /p/QSOpt/NAEopt/optZ/runZn4k2resplus/part052/
5 /p/QSOpt/NAEopt/optZ/runZn4k2resplus/part052/
6 /p/QSOpt/NAEopt/optZ/runZn4k2resplus/part052/
7 /p/QSOpt/NAEopt/optZ/runZn4k2resplus/part052/
8 /p/QSOpt/NAEopt/optZ/runZn4k2resplus/part052/
9 /p/QSOpt/NAEopt/optZ/runZn4k2resplus/part052/
14 /p/QSOpt/NAEopt/optZ/runZn4k2resplus/part052/
