python optAnhark2optZ.py 15 0.03 0.06 10 0.024000000000000007 0.036000000000000004 /p/QSOpt/NAEopt/optZ/runZn4k2resplus/part018/
0 /p/QSOpt/NAEopt/optZ/runZn4k2resplus/part018/
1 /p/QSOpt/NAEopt/optZ/runZn4k2resplus/part018/
2 /p/QSOpt/NAEopt/optZ/runZn4k2resplus/part018/
3 /p/QSOpt/NAEopt/optZ/runZn4k2resplus/part018/
4 /p/QSOpt/NAEopt/optZ/runZn4k2resplus/part018/
5 /p/QSOpt/NAEopt/optZ/runZn4k2resplus/part018/
6 /p/QSOpt/NAEopt/optZ/runZn4k2resplus/part018/
7 /p/QSOpt/NAEopt/optZ/runZn4k2resplus/part018/
8 /p/QSOpt/NAEopt/optZ/runZn4k2resplus/part018/
9 /p/QSOpt/NAEopt/optZ/runZn4k2resplus/part018/
0 /p/QSOpt/NAEopt/optZ/runZn4k2resplus/part018/
0 /p/QSOpt/NAEopt/optZ/runZn4k2resplus/part018/
1 /p/QSOpt/NAEopt/optZ/runZn4k2resplus/part018/
2 /p/QSOpt/NAEopt/optZ/runZn4k2resplus/part018/
3 /p/QSOpt/NAEopt/optZ/runZn4k2resplus/part018/
4 /p/QSOpt/NAEopt/optZ/runZn4k2resplus/part018/
5 /p/QSOpt/NAEopt/optZ/runZn4k2resplus/part018/
6 /p/QSOpt/NAEopt/optZ/runZn4k2resplus/part018/
7 /p/QSOpt/NAEopt/optZ/runZn4k2resplus/part018/
8 /p/QSOpt/NAEopt/optZ/runZn4k2resplus/part018/
9 /p/QSOpt/NAEopt/optZ/runZn4k2resplus/part018/
1 /p/QSOpt/NAEopt/optZ/runZn4k2resplus/part018/
0 /p/QSOpt/NAEopt/optZ/runZn4k2resplus/part018/
1 /p/QSOpt/NAEopt/optZ/runZn4k2resplus/part018/
2 /p/QSOpt/NAEopt/optZ/runZn4k2resplus/part018/
3 /p/QSOpt/NAEopt/optZ/runZn4k2resplus/part018/
4 /p/QSOpt/NAEopt/optZ/runZn4k2resplus/part018/
5 /p/QSOpt/NAEopt/optZ/runZn4k2resplus/part018/
6 /p/QSOpt/NAEopt/optZ/runZn4k2resplus/part018/
7 /p/QSOpt/NAEopt/optZ/runZn4k2resplus/part018/
8 /p/QSOpt/NAEopt/optZ/runZn4k2resplus/part018/
9 /p/QSOpt/NAEopt/optZ/runZn4k2resplus/part018/
2 /p/QSOpt/NAEopt/optZ/runZn4k2resplus/part018/
0 /p/QSOpt/NAEopt/optZ/runZn4k2resplus/part018/
1 /p/QSOpt/NAEopt/optZ/runZn4k2resplus/part018/
2 /p/QSOpt/NAEopt/optZ/runZn4k2resplus/part018/
3 /p/QSOpt/NAEopt/optZ/runZn4k2resplus/part018/
4 /p/QSOpt/NAEopt/optZ/runZn4k2resplus/part018/
5 /p/QSOpt/NAEopt/optZ/runZn4k2resplus/part018/
6 /p/QSOpt/NAEopt/optZ/runZn4k2resplus/part018/
7 /p/QSOpt/NAEopt/optZ/runZn4k2resplus/part018/
8 /p/QSOpt/NAEopt/optZ/runZn4k2resplus/part018/
9 /p/QSOpt/NAEopt/optZ/runZn4k2resplus/part018/
3 /p/QSOpt/NAEopt/optZ/runZn4k2resplus/part018/
0 /p/QSOpt/NAEopt/optZ/runZn4k2resplus/part018/
1 /p/QSOpt/NAEopt/optZ/runZn4k2resplus/part018/
2 /p/QSOpt/NAEopt/optZ/runZn4k2resplus/part018/
3 /p/QSOpt/NAEopt/optZ/runZn4k2resplus/part018/
4 /p/QSOpt/NAEopt/optZ/runZn4k2resplus/part018/
5 /p/QSOpt/NAEopt/optZ/runZn4k2resplus/part018/
6 /p/QSOpt/NAEopt/optZ/runZn4k2resplus/part018/
7 /p/QSOpt/NAEopt/optZ/runZn4k2resplus/part018/
8 /p/QSOpt/NAEopt/optZ/runZn4k2resplus/part018/
9 /p/QSOpt/NAEopt/optZ/runZn4k2resplus/part018/
4 /p/QSOpt/NAEopt/optZ/runZn4k2resplus/part018/
0 /p/QSOpt/NAEopt/optZ/runZn4k2resplus/part018/
1 /p/QSOpt/NAEopt/optZ/runZn4k2resplus/part018/
2 /p/QSOpt/NAEopt/optZ/runZn4k2resplus/part018/
3 /p/QSOpt/NAEopt/optZ/runZn4k2resplus/part018/
4 /p/QSOpt/NAEopt/optZ/runZn4k2resplus/part018/
5 /p/QSOpt/NAEopt/optZ/runZn4k2resplus/part018/
6 /p/QSOpt/NAEopt/optZ/runZn4k2resplus/part018/
7 /p/QSOpt/NAEopt/optZ/runZn4k2resplus/part018/
8 /p/QSOpt/NAEopt/optZ/runZn4k2resplus/part018/
9 /p/QSOpt/NAEopt/optZ/runZn4k2resplus/part018/
5 /p/QSOpt/NAEopt/optZ/runZn4k2resplus/part018/
0 /p/QSOpt/NAEopt/optZ/runZn4k2resplus/part018/
1 /p/QSOpt/NAEopt/optZ/runZn4k2resplus/part018/
2 /p/QSOpt/NAEopt/optZ/runZn4k2resplus/part018/
3 /p/QSOpt/NAEopt/optZ/runZn4k2resplus/part018/
4 /p/QSOpt/NAEopt/optZ/runZn4k2resplus/part018/
5 /p/QSOpt/NAEopt/optZ/runZn4k2resplus/part018/
6 /p/QSOpt/NAEopt/optZ/runZn4k2resplus/part018/
7 /p/QSOpt/NAEopt/optZ/runZn4k2resplus/part018/
8 /p/QSOpt/NAEopt/optZ/runZn4k2resplus/part018/
9 /p/QSOpt/NAEopt/optZ/runZn4k2resplus/part018/
6 /p/QSOpt/NAEopt/optZ/runZn4k2resplus/part018/
0 /p/QSOpt/NAEopt/optZ/runZn4k2resplus/part018/
1 /p/QSOpt/NAEopt/optZ/runZn4k2resplus/part018/
2 /p/QSOpt/NAEopt/optZ/runZn4k2resplus/part018/
3 /p/QSOpt/NAEopt/optZ/runZn4k2resplus/part018/
4 /p/QSOpt/NAEopt/optZ/runZn4k2resplus/part018/
5 /p/QSOpt/NAEopt/optZ/runZn4k2resplus/part018/
6 /p/QSOpt/NAEopt/optZ/runZn4k2resplus/part018/
7 /p/QSOpt/NAEopt/optZ/runZn4k2resplus/part018/
8 /p/QSOpt/NAEopt/optZ/runZn4k2resplus/part018/
9 /p/QSOpt/NAEopt/optZ/runZn4k2resplus/part018/
7 /p/QSOpt/NAEopt/optZ/runZn4k2resplus/part018/
0 /p/QSOpt/NAEopt/optZ/runZn4k2resplus/part018/
1 /p/QSOpt/NAEopt/optZ/runZn4k2resplus/part018/
2 /p/QSOpt/NAEopt/optZ/runZn4k2resplus/part018/
3 /p/QSOpt/NAEopt/optZ/runZn4k2resplus/part018/
4 /p/QSOpt/NAEopt/optZ/runZn4k2resplus/part018/
5 /p/QSOpt/NAEopt/optZ/runZn4k2resplus/part018/
6 /p/QSOpt/NAEopt/optZ/runZn4k2resplus/part018/
7 /p/QSOpt/NAEopt/optZ/runZn4k2resplus/part018/
8 /p/QSOpt/NAEopt/optZ/runZn4k2resplus/part018/
9 /p/QSOpt/NAEopt/optZ/runZn4k2resplus/part018/
8 /p/QSOpt/NAEopt/optZ/runZn4k2resplus/part018/
0 /p/QSOpt/NAEopt/optZ/runZn4k2resplus/part018/
1 /p/QSOpt/NAEopt/optZ/runZn4k2resplus/part018/
2 /p/QSOpt/NAEopt/optZ/runZn4k2resplus/part018/
3 /p/QSOpt/NAEopt/optZ/runZn4k2resplus/part018/
4 /p/QSOpt/NAEopt/optZ/runZn4k2resplus/part018/
5 /p/QSOpt/NAEopt/optZ/runZn4k2resplus/part018/
6 /p/QSOpt/NAEopt/optZ/runZn4k2resplus/part018/
7 /p/QSOpt/NAEopt/optZ/runZn4k2resplus/part018/
8 /p/QSOpt/NAEopt/optZ/runZn4k2resplus/part018/
9 /p/QSOpt/NAEopt/optZ/runZn4k2resplus/part018/
9 /p/QSOpt/NAEopt/optZ/runZn4k2resplus/part018/
0 /p/QSOpt/NAEopt/optZ/runZn4k2resplus/part018/
1 /p/QSOpt/NAEopt/optZ/runZn4k2resplus/part018/
2 /p/QSOpt/NAEopt/optZ/runZn4k2resplus/part018/
3 /p/QSOpt/NAEopt/optZ/runZn4k2resplus/part018/
4 /p/QSOpt/NAEopt/optZ/runZn4k2resplus/part018/
5 /p/QSOpt/NAEopt/optZ/runZn4k2resplus/part018/
6 /p/QSOpt/NAEopt/optZ/runZn4k2resplus/part018/
7 /p/QSOpt/NAEopt/optZ/runZn4k2resplus/part018/
8 /p/QSOpt/NAEopt/optZ/runZn4k2resplus/part018/
9 /p/QSOpt/NAEopt/optZ/runZn4k2resplus/part018/
10 /p/QSOpt/NAEopt/optZ/runZn4k2resplus/part018/
0 /p/QSOpt/NAEopt/optZ/runZn4k2resplus/part018/
1 /p/QSOpt/NAEopt/optZ/runZn4k2resplus/part018/
2 /p/QSOpt/NAEopt/optZ/runZn4k2resplus/part018/
3 /p/QSOpt/NAEopt/optZ/runZn4k2resplus/part018/
4 /p/QSOpt/NAEopt/optZ/runZn4k2resplus/part018/
5 /p/QSOpt/NAEopt/optZ/runZn4k2resplus/part018/
6 /p/QSOpt/NAEopt/optZ/runZn4k2resplus/part018/
7 /p/QSOpt/NAEopt/optZ/runZn4k2resplus/part018/
8 /p/QSOpt/NAEopt/optZ/runZn4k2resplus/part018/
9 /p/QSOpt/NAEopt/optZ/runZn4k2resplus/part018/
11 /p/QSOpt/NAEopt/optZ/runZn4k2resplus/part018/
0 /p/QSOpt/NAEopt/optZ/runZn4k2resplus/part018/
1 /p/QSOpt/NAEopt/optZ/runZn4k2resplus/part018/
2 /p/QSOpt/NAEopt/optZ/runZn4k2resplus/part018/
3 /p/QSOpt/NAEopt/optZ/runZn4k2resplus/part018/
4 /p/QSOpt/NAEopt/optZ/runZn4k2resplus/part018/
5 /p/QSOpt/NAEopt/optZ/runZn4k2resplus/part018/
6 /p/QSOpt/NAEopt/optZ/runZn4k2resplus/part018/
7 /p/QSOpt/NAEopt/optZ/runZn4k2resplus/part018/
8 /p/QSOpt/NAEopt/optZ/runZn4k2resplus/part018/
9 /p/QSOpt/NAEopt/optZ/runZn4k2resplus/part018/
12 /p/QSOpt/NAEopt/optZ/runZn4k2resplus/part018/
0 /p/QSOpt/NAEopt/optZ/runZn4k2resplus/part018/
1 /p/QSOpt/NAEopt/optZ/runZn4k2resplus/part018/
2 /p/QSOpt/NAEopt/optZ/runZn4k2resplus/part018/
3 /p/QSOpt/NAEopt/optZ/runZn4k2resplus/part018/
4 /p/QSOpt/NAEopt/optZ/runZn4k2resplus/part018/
5 /p/QSOpt/NAEopt/optZ/runZn4k2resplus/part018/
6 /p/QSOpt/NAEopt/optZ/runZn4k2resplus/part018/
7 /p/QSOpt/NAEopt/optZ/runZn4k2resplus/part018/
8 /p/QSOpt/NAEopt/optZ/runZn4k2resplus/part018/
9 /p/QSOpt/NAEopt/optZ/runZn4k2resplus/part018/
13 /p/QSOpt/NAEopt/optZ/runZn4k2resplus/part018/
0 /p/QSOpt/NAEopt/optZ/runZn4k2resplus/part018/
1 /p/QSOpt/NAEopt/optZ/runZn4k2resplus/part018/
2 /p/QSOpt/NAEopt/optZ/runZn4k2resplus/part018/
3 /p/QSOpt/NAEopt/optZ/runZn4k2resplus/part018/
4 /p/QSOpt/NAEopt/optZ/runZn4k2resplus/part018/
5 /p/QSOpt/NAEopt/optZ/runZn4k2resplus/part018/
6 /p/QSOpt/NAEopt/optZ/runZn4k2resplus/part018/
7 /p/QSOpt/NAEopt/optZ/runZn4k2resplus/part018/
8 /p/QSOpt/NAEopt/optZ/runZn4k2resplus/part018/
9 /p/QSOpt/NAEopt/optZ/runZn4k2resplus/part018/
14 /p/QSOpt/NAEopt/optZ/runZn4k2resplus/part018/
