python optAnhark2optZ.py 15 0.24 0.27 10 0.036000000000000004 0.048 /p/QSOpt/NAEopt/optZ/runZn4k2resplus/part089/
0 /p/QSOpt/NAEopt/optZ/runZn4k2resplus/part089/
1 /p/QSOpt/NAEopt/optZ/runZn4k2resplus/part089/
2 /p/QSOpt/NAEopt/optZ/runZn4k2resplus/part089/
3 /p/QSOpt/NAEopt/optZ/runZn4k2resplus/part089/
4 /p/QSOpt/NAEopt/optZ/runZn4k2resplus/part089/
5 /p/QSOpt/NAEopt/optZ/runZn4k2resplus/part089/
6 /p/QSOpt/NAEopt/optZ/runZn4k2resplus/part089/
7 /p/QSOpt/NAEopt/optZ/runZn4k2resplus/part089/
8 /p/QSOpt/NAEopt/optZ/runZn4k2resplus/part089/
9 /p/QSOpt/NAEopt/optZ/runZn4k2resplus/part089/
0 /p/QSOpt/NAEopt/optZ/runZn4k2resplus/part089/
0 /p/QSOpt/NAEopt/optZ/runZn4k2resplus/part089/
1 /p/QSOpt/NAEopt/optZ/runZn4k2resplus/part089/
2 /p/QSOpt/NAEopt/optZ/runZn4k2resplus/part089/
3 /p/QSOpt/NAEopt/optZ/runZn4k2resplus/part089/
4 /p/QSOpt/NAEopt/optZ/runZn4k2resplus/part089/
5 /p/QSOpt/NAEopt/optZ/runZn4k2resplus/part089/
6 /p/QSOpt/NAEopt/optZ/runZn4k2resplus/part089/
7 /p/QSOpt/NAEopt/optZ/runZn4k2resplus/part089/
8 /p/QSOpt/NAEopt/optZ/runZn4k2resplus/part089/
9 /p/QSOpt/NAEopt/optZ/runZn4k2resplus/part089/
1 /p/QSOpt/NAEopt/optZ/runZn4k2resplus/part089/
0 /p/QSOpt/NAEopt/optZ/runZn4k2resplus/part089/
1 /p/QSOpt/NAEopt/optZ/runZn4k2resplus/part089/
2 /p/QSOpt/NAEopt/optZ/runZn4k2resplus/part089/
3 /p/QSOpt/NAEopt/optZ/runZn4k2resplus/part089/
4 /p/QSOpt/NAEopt/optZ/runZn4k2resplus/part089/
5 /p/QSOpt/NAEopt/optZ/runZn4k2resplus/part089/
6 /p/QSOpt/NAEopt/optZ/runZn4k2resplus/part089/
7 /p/QSOpt/NAEopt/optZ/runZn4k2resplus/part089/
8 /p/QSOpt/NAEopt/optZ/runZn4k2resplus/part089/
9 /p/QSOpt/NAEopt/optZ/runZn4k2resplus/part089/
2 /p/QSOpt/NAEopt/optZ/runZn4k2resplus/part089/
0 /p/QSOpt/NAEopt/optZ/runZn4k2resplus/part089/
1 /p/QSOpt/NAEopt/optZ/runZn4k2resplus/part089/
2 /p/QSOpt/NAEopt/optZ/runZn4k2resplus/part089/
3 /p/QSOpt/NAEopt/optZ/runZn4k2resplus/part089/
4 /p/QSOpt/NAEopt/optZ/runZn4k2resplus/part089/
5 /p/QSOpt/NAEopt/optZ/runZn4k2resplus/part089/
6 /p/QSOpt/NAEopt/optZ/runZn4k2resplus/part089/
7 /p/QSOpt/NAEopt/optZ/runZn4k2resplus/part089/
8 /p/QSOpt/NAEopt/optZ/runZn4k2resplus/part089/
9 /p/QSOpt/NAEopt/optZ/runZn4k2resplus/part089/
3 /p/QSOpt/NAEopt/optZ/runZn4k2resplus/part089/
0 /p/QSOpt/NAEopt/optZ/runZn4k2resplus/part089/
1 /p/QSOpt/NAEopt/optZ/runZn4k2resplus/part089/
2 /p/QSOpt/NAEopt/optZ/runZn4k2resplus/part089/
3 /p/QSOpt/NAEopt/optZ/runZn4k2resplus/part089/
4 /p/QSOpt/NAEopt/optZ/runZn4k2resplus/part089/
5 /p/QSOpt/NAEopt/optZ/runZn4k2resplus/part089/
6 /p/QSOpt/NAEopt/optZ/runZn4k2resplus/part089/
7 /p/QSOpt/NAEopt/optZ/runZn4k2resplus/part089/
8 /p/QSOpt/NAEopt/optZ/runZn4k2resplus/part089/
9 /p/QSOpt/NAEopt/optZ/runZn4k2resplus/part089/
4 /p/QSOpt/NAEopt/optZ/runZn4k2resplus/part089/
0 /p/QSOpt/NAEopt/optZ/runZn4k2resplus/part089/
1 /p/QSOpt/NAEopt/optZ/runZn4k2resplus/part089/
2 /p/QSOpt/NAEopt/optZ/runZn4k2resplus/part089/
3 /p/QSOpt/NAEopt/optZ/runZn4k2resplus/part089/
4 /p/QSOpt/NAEopt/optZ/runZn4k2resplus/part089/
5 /p/QSOpt/NAEopt/optZ/runZn4k2resplus/part089/
6 /p/QSOpt/NAEopt/optZ/runZn4k2resplus/part089/
7 /p/QSOpt/NAEopt/optZ/runZn4k2resplus/part089/
8 /p/QSOpt/NAEopt/optZ/runZn4k2resplus/part089/
9 /p/QSOpt/NAEopt/optZ/runZn4k2resplus/part089/
5 /p/QSOpt/NAEopt/optZ/runZn4k2resplus/part089/
0 /p/QSOpt/NAEopt/optZ/runZn4k2resplus/part089/
1 /p/QSOpt/NAEopt/optZ/runZn4k2resplus/part089/
2 /p/QSOpt/NAEopt/optZ/runZn4k2resplus/part089/
3 /p/QSOpt/NAEopt/optZ/runZn4k2resplus/part089/
4 /p/QSOpt/NAEopt/optZ/runZn4k2resplus/part089/
5 /p/QSOpt/NAEopt/optZ/runZn4k2resplus/part089/
6 /p/QSOpt/NAEopt/optZ/runZn4k2resplus/part089/
7 /p/QSOpt/NAEopt/optZ/runZn4k2resplus/part089/
8 /p/QSOpt/NAEopt/optZ/runZn4k2resplus/part089/
9 /p/QSOpt/NAEopt/optZ/runZn4k2resplus/part089/
6 /p/QSOpt/NAEopt/optZ/runZn4k2resplus/part089/
0 /p/QSOpt/NAEopt/optZ/runZn4k2resplus/part089/
1 /p/QSOpt/NAEopt/optZ/runZn4k2resplus/part089/
2 /p/QSOpt/NAEopt/optZ/runZn4k2resplus/part089/
3 /p/QSOpt/NAEopt/optZ/runZn4k2resplus/part089/
4 /p/QSOpt/NAEopt/optZ/runZn4k2resplus/part089/
5 /p/QSOpt/NAEopt/optZ/runZn4k2resplus/part089/
6 /p/QSOpt/NAEopt/optZ/runZn4k2resplus/part089/
7 /p/QSOpt/NAEopt/optZ/runZn4k2resplus/part089/
8 /p/QSOpt/NAEopt/optZ/runZn4k2resplus/part089/
9 /p/QSOpt/NAEopt/optZ/runZn4k2resplus/part089/
7 /p/QSOpt/NAEopt/optZ/runZn4k2resplus/part089/
0 /p/QSOpt/NAEopt/optZ/runZn4k2resplus/part089/
1 /p/QSOpt/NAEopt/optZ/runZn4k2resplus/part089/
2 /p/QSOpt/NAEopt/optZ/runZn4k2resplus/part089/
3 /p/QSOpt/NAEopt/optZ/runZn4k2resplus/part089/
4 /p/QSOpt/NAEopt/optZ/runZn4k2resplus/part089/
5 /p/QSOpt/NAEopt/optZ/runZn4k2resplus/part089/
6 /p/QSOpt/NAEopt/optZ/runZn4k2resplus/part089/
7 /p/QSOpt/NAEopt/optZ/runZn4k2resplus/part089/
8 /p/QSOpt/NAEopt/optZ/runZn4k2resplus/part089/
9 /p/QSOpt/NAEopt/optZ/runZn4k2resplus/part089/
8 /p/QSOpt/NAEopt/optZ/runZn4k2resplus/part089/
0 /p/QSOpt/NAEopt/optZ/runZn4k2resplus/part089/
1 /p/QSOpt/NAEopt/optZ/runZn4k2resplus/part089/
2 /p/QSOpt/NAEopt/optZ/runZn4k2resplus/part089/
3 /p/QSOpt/NAEopt/optZ/runZn4k2resplus/part089/
4 /p/QSOpt/NAEopt/optZ/runZn4k2resplus/part089/
5 /p/QSOpt/NAEopt/optZ/runZn4k2resplus/part089/
6 /p/QSOpt/NAEopt/optZ/runZn4k2resplus/part089/
7 /p/QSOpt/NAEopt/optZ/runZn4k2resplus/part089/
8 /p/QSOpt/NAEopt/optZ/runZn4k2resplus/part089/
9 /p/QSOpt/NAEopt/optZ/runZn4k2resplus/part089/
9 /p/QSOpt/NAEopt/optZ/runZn4k2resplus/part089/
0 /p/QSOpt/NAEopt/optZ/runZn4k2resplus/part089/
1 /p/QSOpt/NAEopt/optZ/runZn4k2resplus/part089/
2 /p/QSOpt/NAEopt/optZ/runZn4k2resplus/part089/
3 /p/QSOpt/NAEopt/optZ/runZn4k2resplus/part089/
4 /p/QSOpt/NAEopt/optZ/runZn4k2resplus/part089/
5 /p/QSOpt/NAEopt/optZ/runZn4k2resplus/part089/
6 /p/QSOpt/NAEopt/optZ/runZn4k2resplus/part089/
7 /p/QSOpt/NAEopt/optZ/runZn4k2resplus/part089/
8 /p/QSOpt/NAEopt/optZ/runZn4k2resplus/part089/
9 /p/QSOpt/NAEopt/optZ/runZn4k2resplus/part089/
10 /p/QSOpt/NAEopt/optZ/runZn4k2resplus/part089/
0 /p/QSOpt/NAEopt/optZ/runZn4k2resplus/part089/
1 /p/QSOpt/NAEopt/optZ/runZn4k2resplus/part089/
2 /p/QSOpt/NAEopt/optZ/runZn4k2resplus/part089/
3 /p/QSOpt/NAEopt/optZ/runZn4k2resplus/part089/
4 /p/QSOpt/NAEopt/optZ/runZn4k2resplus/part089/
5 /p/QSOpt/NAEopt/optZ/runZn4k2resplus/part089/
6 /p/QSOpt/NAEopt/optZ/runZn4k2resplus/part089/
7 /p/QSOpt/NAEopt/optZ/runZn4k2resplus/part089/
8 /p/QSOpt/NAEopt/optZ/runZn4k2resplus/part089/
9 /p/QSOpt/NAEopt/optZ/runZn4k2resplus/part089/
11 /p/QSOpt/NAEopt/optZ/runZn4k2resplus/part089/
0 /p/QSOpt/NAEopt/optZ/runZn4k2resplus/part089/
1 /p/QSOpt/NAEopt/optZ/runZn4k2resplus/part089/
2 /p/QSOpt/NAEopt/optZ/runZn4k2resplus/part089/
3 /p/QSOpt/NAEopt/optZ/runZn4k2resplus/part089/
4 /p/QSOpt/NAEopt/optZ/runZn4k2resplus/part089/
5 /p/QSOpt/NAEopt/optZ/runZn4k2resplus/part089/
6 /p/QSOpt/NAEopt/optZ/runZn4k2resplus/part089/
7 /p/QSOpt/NAEopt/optZ/runZn4k2resplus/part089/
8 /p/QSOpt/NAEopt/optZ/runZn4k2resplus/part089/
9 /p/QSOpt/NAEopt/optZ/runZn4k2resplus/part089/
12 /p/QSOpt/NAEopt/optZ/runZn4k2resplus/part089/
0 /p/QSOpt/NAEopt/optZ/runZn4k2resplus/part089/
1 /p/QSOpt/NAEopt/optZ/runZn4k2resplus/part089/
2 /p/QSOpt/NAEopt/optZ/runZn4k2resplus/part089/
3 /p/QSOpt/NAEopt/optZ/runZn4k2resplus/part089/
4 /p/QSOpt/NAEopt/optZ/runZn4k2resplus/part089/
5 /p/QSOpt/NAEopt/optZ/runZn4k2resplus/part089/
6 /p/QSOpt/NAEopt/optZ/runZn4k2resplus/part089/
7 /p/QSOpt/NAEopt/optZ/runZn4k2resplus/part089/
8 /p/QSOpt/NAEopt/optZ/runZn4k2resplus/part089/
9 /p/QSOpt/NAEopt/optZ/runZn4k2resplus/part089/
13 /p/QSOpt/NAEopt/optZ/runZn4k2resplus/part089/
0 /p/QSOpt/NAEopt/optZ/runZn4k2resplus/part089/
1 /p/QSOpt/NAEopt/optZ/runZn4k2resplus/part089/
2 /p/QSOpt/NAEopt/optZ/runZn4k2resplus/part089/
3 /p/QSOpt/NAEopt/optZ/runZn4k2resplus/part089/
4 /p/QSOpt/NAEopt/optZ/runZn4k2resplus/part089/
5 /p/QSOpt/NAEopt/optZ/runZn4k2resplus/part089/
6 /p/QSOpt/NAEopt/optZ/runZn4k2resplus/part089/
7 /p/QSOpt/NAEopt/optZ/runZn4k2resplus/part089/
8 /p/QSOpt/NAEopt/optZ/runZn4k2resplus/part089/
9 /p/QSOpt/NAEopt/optZ/runZn4k2resplus/part089/
14 /p/QSOpt/NAEopt/optZ/runZn4k2resplus/part089/
