python optAnhark2optZ.py 15 0.18 0.21 10 -0.036 -0.023999999999999994 /p/QSOpt/NAEopt/optZ/runZn4k2resplus/part063/
0 /p/QSOpt/NAEopt/optZ/runZn4k2resplus/part063/
1 /p/QSOpt/NAEopt/optZ/runZn4k2resplus/part063/
2 /p/QSOpt/NAEopt/optZ/runZn4k2resplus/part063/
3 /p/QSOpt/NAEopt/optZ/runZn4k2resplus/part063/
4 /p/QSOpt/NAEopt/optZ/runZn4k2resplus/part063/
5 /p/QSOpt/NAEopt/optZ/runZn4k2resplus/part063/
6 /p/QSOpt/NAEopt/optZ/runZn4k2resplus/part063/
7 /p/QSOpt/NAEopt/optZ/runZn4k2resplus/part063/
8 /p/QSOpt/NAEopt/optZ/runZn4k2resplus/part063/
9 /p/QSOpt/NAEopt/optZ/runZn4k2resplus/part063/
0 /p/QSOpt/NAEopt/optZ/runZn4k2resplus/part063/
0 /p/QSOpt/NAEopt/optZ/runZn4k2resplus/part063/
1 /p/QSOpt/NAEopt/optZ/runZn4k2resplus/part063/
2 /p/QSOpt/NAEopt/optZ/runZn4k2resplus/part063/
3 /p/QSOpt/NAEopt/optZ/runZn4k2resplus/part063/
4 /p/QSOpt/NAEopt/optZ/runZn4k2resplus/part063/
5 /p/QSOpt/NAEopt/optZ/runZn4k2resplus/part063/
6 /p/QSOpt/NAEopt/optZ/runZn4k2resplus/part063/
7 /p/QSOpt/NAEopt/optZ/runZn4k2resplus/part063/
8 /p/QSOpt/NAEopt/optZ/runZn4k2resplus/part063/
9 /p/QSOpt/NAEopt/optZ/runZn4k2resplus/part063/
1 /p/QSOpt/NAEopt/optZ/runZn4k2resplus/part063/
0 /p/QSOpt/NAEopt/optZ/runZn4k2resplus/part063/
1 /p/QSOpt/NAEopt/optZ/runZn4k2resplus/part063/
2 /p/QSOpt/NAEopt/optZ/runZn4k2resplus/part063/
3 /p/QSOpt/NAEopt/optZ/runZn4k2resplus/part063/
4 /p/QSOpt/NAEopt/optZ/runZn4k2resplus/part063/
5 /p/QSOpt/NAEopt/optZ/runZn4k2resplus/part063/
6 /p/QSOpt/NAEopt/optZ/runZn4k2resplus/part063/
7 /p/QSOpt/NAEopt/optZ/runZn4k2resplus/part063/
8 /p/QSOpt/NAEopt/optZ/runZn4k2resplus/part063/
9 /p/QSOpt/NAEopt/optZ/runZn4k2resplus/part063/
2 /p/QSOpt/NAEopt/optZ/runZn4k2resplus/part063/
0 /p/QSOpt/NAEopt/optZ/runZn4k2resplus/part063/
1 /p/QSOpt/NAEopt/optZ/runZn4k2resplus/part063/
2 /p/QSOpt/NAEopt/optZ/runZn4k2resplus/part063/
3 /p/QSOpt/NAEopt/optZ/runZn4k2resplus/part063/
4 /p/QSOpt/NAEopt/optZ/runZn4k2resplus/part063/
5 /p/QSOpt/NAEopt/optZ/runZn4k2resplus/part063/
6 /p/QSOpt/NAEopt/optZ/runZn4k2resplus/part063/
7 /p/QSOpt/NAEopt/optZ/runZn4k2resplus/part063/
8 /p/QSOpt/NAEopt/optZ/runZn4k2resplus/part063/
9 /p/QSOpt/NAEopt/optZ/runZn4k2resplus/part063/
3 /p/QSOpt/NAEopt/optZ/runZn4k2resplus/part063/
0 /p/QSOpt/NAEopt/optZ/runZn4k2resplus/part063/
1 /p/QSOpt/NAEopt/optZ/runZn4k2resplus/part063/
2 /p/QSOpt/NAEopt/optZ/runZn4k2resplus/part063/
3 /p/QSOpt/NAEopt/optZ/runZn4k2resplus/part063/
4 /p/QSOpt/NAEopt/optZ/runZn4k2resplus/part063/
5 /p/QSOpt/NAEopt/optZ/runZn4k2resplus/part063/
6 /p/QSOpt/NAEopt/optZ/runZn4k2resplus/part063/
7 /p/QSOpt/NAEopt/optZ/runZn4k2resplus/part063/
8 /p/QSOpt/NAEopt/optZ/runZn4k2resplus/part063/
9 /p/QSOpt/NAEopt/optZ/runZn4k2resplus/part063/
4 /p/QSOpt/NAEopt/optZ/runZn4k2resplus/part063/
0 /p/QSOpt/NAEopt/optZ/runZn4k2resplus/part063/
1 /p/QSOpt/NAEopt/optZ/runZn4k2resplus/part063/
2 /p/QSOpt/NAEopt/optZ/runZn4k2resplus/part063/
3 /p/QSOpt/NAEopt/optZ/runZn4k2resplus/part063/
4 /p/QSOpt/NAEopt/optZ/runZn4k2resplus/part063/
5 /p/QSOpt/NAEopt/optZ/runZn4k2resplus/part063/
6 /p/QSOpt/NAEopt/optZ/runZn4k2resplus/part063/
7 /p/QSOpt/NAEopt/optZ/runZn4k2resplus/part063/
8 /p/QSOpt/NAEopt/optZ/runZn4k2resplus/part063/
9 /p/QSOpt/NAEopt/optZ/runZn4k2resplus/part063/
5 /p/QSOpt/NAEopt/optZ/runZn4k2resplus/part063/
0 /p/QSOpt/NAEopt/optZ/runZn4k2resplus/part063/
1 /p/QSOpt/NAEopt/optZ/runZn4k2resplus/part063/
2 /p/QSOpt/NAEopt/optZ/runZn4k2resplus/part063/
3 /p/QSOpt/NAEopt/optZ/runZn4k2resplus/part063/
4 /p/QSOpt/NAEopt/optZ/runZn4k2resplus/part063/
5 /p/QSOpt/NAEopt/optZ/runZn4k2resplus/part063/
6 /p/QSOpt/NAEopt/optZ/runZn4k2resplus/part063/
7 /p/QSOpt/NAEopt/optZ/runZn4k2resplus/part063/
8 /p/QSOpt/NAEopt/optZ/runZn4k2resplus/part063/
9 /p/QSOpt/NAEopt/optZ/runZn4k2resplus/part063/
6 /p/QSOpt/NAEopt/optZ/runZn4k2resplus/part063/
0 /p/QSOpt/NAEopt/optZ/runZn4k2resplus/part063/
1 /p/QSOpt/NAEopt/optZ/runZn4k2resplus/part063/
2 /p/QSOpt/NAEopt/optZ/runZn4k2resplus/part063/
3 /p/QSOpt/NAEopt/optZ/runZn4k2resplus/part063/
4 /p/QSOpt/NAEopt/optZ/runZn4k2resplus/part063/
5 /p/QSOpt/NAEopt/optZ/runZn4k2resplus/part063/
6 /p/QSOpt/NAEopt/optZ/runZn4k2resplus/part063/
7 /p/QSOpt/NAEopt/optZ/runZn4k2resplus/part063/
8 /p/QSOpt/NAEopt/optZ/runZn4k2resplus/part063/
9 /p/QSOpt/NAEopt/optZ/runZn4k2resplus/part063/
7 /p/QSOpt/NAEopt/optZ/runZn4k2resplus/part063/
0 /p/QSOpt/NAEopt/optZ/runZn4k2resplus/part063/
1 /p/QSOpt/NAEopt/optZ/runZn4k2resplus/part063/
2 /p/QSOpt/NAEopt/optZ/runZn4k2resplus/part063/
3 /p/QSOpt/NAEopt/optZ/runZn4k2resplus/part063/
4 /p/QSOpt/NAEopt/optZ/runZn4k2resplus/part063/
5 /p/QSOpt/NAEopt/optZ/runZn4k2resplus/part063/
6 /p/QSOpt/NAEopt/optZ/runZn4k2resplus/part063/
7 /p/QSOpt/NAEopt/optZ/runZn4k2resplus/part063/
8 /p/QSOpt/NAEopt/optZ/runZn4k2resplus/part063/
9 /p/QSOpt/NAEopt/optZ/runZn4k2resplus/part063/
8 /p/QSOpt/NAEopt/optZ/runZn4k2resplus/part063/
0 /p/QSOpt/NAEopt/optZ/runZn4k2resplus/part063/
1 /p/QSOpt/NAEopt/optZ/runZn4k2resplus/part063/
2 /p/QSOpt/NAEopt/optZ/runZn4k2resplus/part063/
3 /p/QSOpt/NAEopt/optZ/runZn4k2resplus/part063/
4 /p/QSOpt/NAEopt/optZ/runZn4k2resplus/part063/
5 /p/QSOpt/NAEopt/optZ/runZn4k2resplus/part063/
6 /p/QSOpt/NAEopt/optZ/runZn4k2resplus/part063/
7 /p/QSOpt/NAEopt/optZ/runZn4k2resplus/part063/
8 /p/QSOpt/NAEopt/optZ/runZn4k2resplus/part063/
9 /p/QSOpt/NAEopt/optZ/runZn4k2resplus/part063/
9 /p/QSOpt/NAEopt/optZ/runZn4k2resplus/part063/
0 /p/QSOpt/NAEopt/optZ/runZn4k2resplus/part063/
1 /p/QSOpt/NAEopt/optZ/runZn4k2resplus/part063/
2 /p/QSOpt/NAEopt/optZ/runZn4k2resplus/part063/
3 /p/QSOpt/NAEopt/optZ/runZn4k2resplus/part063/
4 /p/QSOpt/NAEopt/optZ/runZn4k2resplus/part063/
5 /p/QSOpt/NAEopt/optZ/runZn4k2resplus/part063/
6 /p/QSOpt/NAEopt/optZ/runZn4k2resplus/part063/
7 /p/QSOpt/NAEopt/optZ/runZn4k2resplus/part063/
8 /p/QSOpt/NAEopt/optZ/runZn4k2resplus/part063/
9 /p/QSOpt/NAEopt/optZ/runZn4k2resplus/part063/
10 /p/QSOpt/NAEopt/optZ/runZn4k2resplus/part063/
0 /p/QSOpt/NAEopt/optZ/runZn4k2resplus/part063/
1 /p/QSOpt/NAEopt/optZ/runZn4k2resplus/part063/
2 /p/QSOpt/NAEopt/optZ/runZn4k2resplus/part063/
3 /p/QSOpt/NAEopt/optZ/runZn4k2resplus/part063/
4 /p/QSOpt/NAEopt/optZ/runZn4k2resplus/part063/
5 /p/QSOpt/NAEopt/optZ/runZn4k2resplus/part063/
6 /p/QSOpt/NAEopt/optZ/runZn4k2resplus/part063/
7 /p/QSOpt/NAEopt/optZ/runZn4k2resplus/part063/
8 /p/QSOpt/NAEopt/optZ/runZn4k2resplus/part063/
9 /p/QSOpt/NAEopt/optZ/runZn4k2resplus/part063/
11 /p/QSOpt/NAEopt/optZ/runZn4k2resplus/part063/
0 /p/QSOpt/NAEopt/optZ/runZn4k2resplus/part063/
1 /p/QSOpt/NAEopt/optZ/runZn4k2resplus/part063/
2 /p/QSOpt/NAEopt/optZ/runZn4k2resplus/part063/
3 /p/QSOpt/NAEopt/optZ/runZn4k2resplus/part063/
4 /p/QSOpt/NAEopt/optZ/runZn4k2resplus/part063/
5 /p/QSOpt/NAEopt/optZ/runZn4k2resplus/part063/
6 /p/QSOpt/NAEopt/optZ/runZn4k2resplus/part063/
7 /p/QSOpt/NAEopt/optZ/runZn4k2resplus/part063/
8 /p/QSOpt/NAEopt/optZ/runZn4k2resplus/part063/
9 /p/QSOpt/NAEopt/optZ/runZn4k2resplus/part063/
12 /p/QSOpt/NAEopt/optZ/runZn4k2resplus/part063/
0 /p/QSOpt/NAEopt/optZ/runZn4k2resplus/part063/
1 /p/QSOpt/NAEopt/optZ/runZn4k2resplus/part063/
2 /p/QSOpt/NAEopt/optZ/runZn4k2resplus/part063/
3 /p/QSOpt/NAEopt/optZ/runZn4k2resplus/part063/
4 /p/QSOpt/NAEopt/optZ/runZn4k2resplus/part063/
5 /p/QSOpt/NAEopt/optZ/runZn4k2resplus/part063/
6 /p/QSOpt/NAEopt/optZ/runZn4k2resplus/part063/
7 /p/QSOpt/NAEopt/optZ/runZn4k2resplus/part063/
8 /p/QSOpt/NAEopt/optZ/runZn4k2resplus/part063/
9 /p/QSOpt/NAEopt/optZ/runZn4k2resplus/part063/
13 /p/QSOpt/NAEopt/optZ/runZn4k2resplus/part063/
0 /p/QSOpt/NAEopt/optZ/runZn4k2resplus/part063/
1 /p/QSOpt/NAEopt/optZ/runZn4k2resplus/part063/
2 /p/QSOpt/NAEopt/optZ/runZn4k2resplus/part063/
3 /p/QSOpt/NAEopt/optZ/runZn4k2resplus/part063/
4 /p/QSOpt/NAEopt/optZ/runZn4k2resplus/part063/
5 /p/QSOpt/NAEopt/optZ/runZn4k2resplus/part063/
6 /p/QSOpt/NAEopt/optZ/runZn4k2resplus/part063/
7 /p/QSOpt/NAEopt/optZ/runZn4k2resplus/part063/
8 /p/QSOpt/NAEopt/optZ/runZn4k2resplus/part063/
9 /p/QSOpt/NAEopt/optZ/runZn4k2resplus/part063/
14 /p/QSOpt/NAEopt/optZ/runZn4k2resplus/part063/
