python optAnhark2optZ.py 15 0.03 0.06 10 -0.06 -0.048 /p/QSOpt/NAEopt/optZ/runZn4k2resplus/part011/
0 /p/QSOpt/NAEopt/optZ/runZn4k2resplus/part011/
1 /p/QSOpt/NAEopt/optZ/runZn4k2resplus/part011/
2 /p/QSOpt/NAEopt/optZ/runZn4k2resplus/part011/
3 /p/QSOpt/NAEopt/optZ/runZn4k2resplus/part011/
4 /p/QSOpt/NAEopt/optZ/runZn4k2resplus/part011/
/p/QSOpt/NAEopt/pyQSC/qsc/r_singularity.py:451: UserWarning:   Difference between linear solution 0.594426660183045 and quadratic solution 0.21988765890755735 is 0.37453900127548767
  warnings.warn("  Difference between linear solution {} and quadratic solution {} is {}".format(linear_solutions[0], quadratic_solutions[0], diff))
5 /p/QSOpt/NAEopt/optZ/runZn4k2resplus/part011/
6 /p/QSOpt/NAEopt/optZ/runZn4k2resplus/part011/
7 /p/QSOpt/NAEopt/optZ/runZn4k2resplus/part011/
8 /p/QSOpt/NAEopt/optZ/runZn4k2resplus/part011/
9 /p/QSOpt/NAEopt/optZ/runZn4k2resplus/part011/
0 /p/QSOpt/NAEopt/optZ/runZn4k2resplus/part011/
0 /p/QSOpt/NAEopt/optZ/runZn4k2resplus/part011/
1 /p/QSOpt/NAEopt/optZ/runZn4k2resplus/part011/
2 /p/QSOpt/NAEopt/optZ/runZn4k2resplus/part011/
3 /p/QSOpt/NAEopt/optZ/runZn4k2resplus/part011/
4 /p/QSOpt/NAEopt/optZ/runZn4k2resplus/part011/
5 /p/QSOpt/NAEopt/optZ/runZn4k2resplus/part011/
6 /p/QSOpt/NAEopt/optZ/runZn4k2resplus/part011/
7 /p/QSOpt/NAEopt/optZ/runZn4k2resplus/part011/
8 /p/QSOpt/NAEopt/optZ/runZn4k2resplus/part011/
9 /p/QSOpt/NAEopt/optZ/runZn4k2resplus/part011/
1 /p/QSOpt/NAEopt/optZ/runZn4k2resplus/part011/
0 /p/QSOpt/NAEopt/optZ/runZn4k2resplus/part011/
1 /p/QSOpt/NAEopt/optZ/runZn4k2resplus/part011/
2 /p/QSOpt/NAEopt/optZ/runZn4k2resplus/part011/
3 /p/QSOpt/NAEopt/optZ/runZn4k2resplus/part011/
4 /p/QSOpt/NAEopt/optZ/runZn4k2resplus/part011/
5 /p/QSOpt/NAEopt/optZ/runZn4k2resplus/part011/
6 /p/QSOpt/NAEopt/optZ/runZn4k2resplus/part011/
7 /p/QSOpt/NAEopt/optZ/runZn4k2resplus/part011/
8 /p/QSOpt/NAEopt/optZ/runZn4k2resplus/part011/
9 /p/QSOpt/NAEopt/optZ/runZn4k2resplus/part011/
2 /p/QSOpt/NAEopt/optZ/runZn4k2resplus/part011/
0 /p/QSOpt/NAEopt/optZ/runZn4k2resplus/part011/
1 /p/QSOpt/NAEopt/optZ/runZn4k2resplus/part011/
2 /p/QSOpt/NAEopt/optZ/runZn4k2resplus/part011/
3 /p/QSOpt/NAEopt/optZ/runZn4k2resplus/part011/
4 /p/QSOpt/NAEopt/optZ/runZn4k2resplus/part011/
5 /p/QSOpt/NAEopt/optZ/runZn4k2resplus/part011/
6 /p/QSOpt/NAEopt/optZ/runZn4k2resplus/part011/
7 /p/QSOpt/NAEopt/optZ/runZn4k2resplus/part011/
8 /p/QSOpt/NAEopt/optZ/runZn4k2resplus/part011/
9 /p/QSOpt/NAEopt/optZ/runZn4k2resplus/part011/
3 /p/QSOpt/NAEopt/optZ/runZn4k2resplus/part011/
0 /p/QSOpt/NAEopt/optZ/runZn4k2resplus/part011/
1 /p/QSOpt/NAEopt/optZ/runZn4k2resplus/part011/
2 /p/QSOpt/NAEopt/optZ/runZn4k2resplus/part011/
3 /p/QSOpt/NAEopt/optZ/runZn4k2resplus/part011/
4 /p/QSOpt/NAEopt/optZ/runZn4k2resplus/part011/
5 /p/QSOpt/NAEopt/optZ/runZn4k2resplus/part011/
6 /p/QSOpt/NAEopt/optZ/runZn4k2resplus/part011/
7 /p/QSOpt/NAEopt/optZ/runZn4k2resplus/part011/
8 /p/QSOpt/NAEopt/optZ/runZn4k2resplus/part011/
9 /p/QSOpt/NAEopt/optZ/runZn4k2resplus/part011/
4 /p/QSOpt/NAEopt/optZ/runZn4k2resplus/part011/
0 /p/QSOpt/NAEopt/optZ/runZn4k2resplus/part011/
1 /p/QSOpt/NAEopt/optZ/runZn4k2resplus/part011/
2 /p/QSOpt/NAEopt/optZ/runZn4k2resplus/part011/
3 /p/QSOpt/NAEopt/optZ/runZn4k2resplus/part011/
4 /p/QSOpt/NAEopt/optZ/runZn4k2resplus/part011/
5 /p/QSOpt/NAEopt/optZ/runZn4k2resplus/part011/
6 /p/QSOpt/NAEopt/optZ/runZn4k2resplus/part011/
7 /p/QSOpt/NAEopt/optZ/runZn4k2resplus/part011/
8 /p/QSOpt/NAEopt/optZ/runZn4k2resplus/part011/
9 /p/QSOpt/NAEopt/optZ/runZn4k2resplus/part011/
5 /p/QSOpt/NAEopt/optZ/runZn4k2resplus/part011/
0 /p/QSOpt/NAEopt/optZ/runZn4k2resplus/part011/
1 /p/QSOpt/NAEopt/optZ/runZn4k2resplus/part011/
2 /p/QSOpt/NAEopt/optZ/runZn4k2resplus/part011/
3 /p/QSOpt/NAEopt/optZ/runZn4k2resplus/part011/
4 /p/QSOpt/NAEopt/optZ/runZn4k2resplus/part011/
5 /p/QSOpt/NAEopt/optZ/runZn4k2resplus/part011/
6 /p/QSOpt/NAEopt/optZ/runZn4k2resplus/part011/
7 /p/QSOpt/NAEopt/optZ/runZn4k2resplus/part011/
8 /p/QSOpt/NAEopt/optZ/runZn4k2resplus/part011/
9 /p/QSOpt/NAEopt/optZ/runZn4k2resplus/part011/
6 /p/QSOpt/NAEopt/optZ/runZn4k2resplus/part011/
0 /p/QSOpt/NAEopt/optZ/runZn4k2resplus/part011/
1 /p/QSOpt/NAEopt/optZ/runZn4k2resplus/part011/
2 /p/QSOpt/NAEopt/optZ/runZn4k2resplus/part011/
3 /p/QSOpt/NAEopt/optZ/runZn4k2resplus/part011/
4 /p/QSOpt/NAEopt/optZ/runZn4k2resplus/part011/
5 /p/QSOpt/NAEopt/optZ/runZn4k2resplus/part011/
6 /p/QSOpt/NAEopt/optZ/runZn4k2resplus/part011/
7 /p/QSOpt/NAEopt/optZ/runZn4k2resplus/part011/
8 /p/QSOpt/NAEopt/optZ/runZn4k2resplus/part011/
9 /p/QSOpt/NAEopt/optZ/runZn4k2resplus/part011/
7 /p/QSOpt/NAEopt/optZ/runZn4k2resplus/part011/
0 /p/QSOpt/NAEopt/optZ/runZn4k2resplus/part011/
1 /p/QSOpt/NAEopt/optZ/runZn4k2resplus/part011/
2 /p/QSOpt/NAEopt/optZ/runZn4k2resplus/part011/
3 /p/QSOpt/NAEopt/optZ/runZn4k2resplus/part011/
/p/QSOpt/NAEopt/pyQSC/qsc/r_singularity.py:451: UserWarning:   Difference between linear solution 24201.06011205538 and quadratic solution 24201.060099211692 is 1.284368772758171e-05
  warnings.warn("  Difference between linear solution {} and quadratic solution {} is {}".format(linear_solutions[0], quadratic_solutions[0], diff))
/p/QSOpt/NAEopt/pyQSC/qsc/r_singularity.py:451: UserWarning:   Difference between linear solution 24201.06601084766 and quadratic solution 24201.066000253653 is 1.059400528902188e-05
  warnings.warn("  Difference between linear solution {} and quadratic solution {} is {}".format(linear_solutions[0], quadratic_solutions[0], diff))
4 /p/QSOpt/NAEopt/optZ/runZn4k2resplus/part011/
5 /p/QSOpt/NAEopt/optZ/runZn4k2resplus/part011/
6 /p/QSOpt/NAEopt/optZ/runZn4k2resplus/part011/
7 /p/QSOpt/NAEopt/optZ/runZn4k2resplus/part011/
8 /p/QSOpt/NAEopt/optZ/runZn4k2resplus/part011/
9 /p/QSOpt/NAEopt/optZ/runZn4k2resplus/part011/
8 /p/QSOpt/NAEopt/optZ/runZn4k2resplus/part011/
0 /p/QSOpt/NAEopt/optZ/runZn4k2resplus/part011/
1 /p/QSOpt/NAEopt/optZ/runZn4k2resplus/part011/
2 /p/QSOpt/NAEopt/optZ/runZn4k2resplus/part011/
3 /p/QSOpt/NAEopt/optZ/runZn4k2resplus/part011/
4 /p/QSOpt/NAEopt/optZ/runZn4k2resplus/part011/
5 /p/QSOpt/NAEopt/optZ/runZn4k2resplus/part011/
6 /p/QSOpt/NAEopt/optZ/runZn4k2resplus/part011/
7 /p/QSOpt/NAEopt/optZ/runZn4k2resplus/part011/
8 /p/QSOpt/NAEopt/optZ/runZn4k2resplus/part011/
9 /p/QSOpt/NAEopt/optZ/runZn4k2resplus/part011/
9 /p/QSOpt/NAEopt/optZ/runZn4k2resplus/part011/
0 /p/QSOpt/NAEopt/optZ/runZn4k2resplus/part011/
1 /p/QSOpt/NAEopt/optZ/runZn4k2resplus/part011/
2 /p/QSOpt/NAEopt/optZ/runZn4k2resplus/part011/
3 /p/QSOpt/NAEopt/optZ/runZn4k2resplus/part011/
4 /p/QSOpt/NAEopt/optZ/runZn4k2resplus/part011/
5 /p/QSOpt/NAEopt/optZ/runZn4k2resplus/part011/
6 /p/QSOpt/NAEopt/optZ/runZn4k2resplus/part011/
7 /p/QSOpt/NAEopt/optZ/runZn4k2resplus/part011/
8 /p/QSOpt/NAEopt/optZ/runZn4k2resplus/part011/
9 /p/QSOpt/NAEopt/optZ/runZn4k2resplus/part011/
10 /p/QSOpt/NAEopt/optZ/runZn4k2resplus/part011/
0 /p/QSOpt/NAEopt/optZ/runZn4k2resplus/part011/
1 /p/QSOpt/NAEopt/optZ/runZn4k2resplus/part011/
2 /p/QSOpt/NAEopt/optZ/runZn4k2resplus/part011/
3 /p/QSOpt/NAEopt/optZ/runZn4k2resplus/part011/
4 /p/QSOpt/NAEopt/optZ/runZn4k2resplus/part011/
5 /p/QSOpt/NAEopt/optZ/runZn4k2resplus/part011/
6 /p/QSOpt/NAEopt/optZ/runZn4k2resplus/part011/
7 /p/QSOpt/NAEopt/optZ/runZn4k2resplus/part011/
8 /p/QSOpt/NAEopt/optZ/runZn4k2resplus/part011/
9 /p/QSOpt/NAEopt/optZ/runZn4k2resplus/part011/
11 /p/QSOpt/NAEopt/optZ/runZn4k2resplus/part011/
0 /p/QSOpt/NAEopt/optZ/runZn4k2resplus/part011/
1 /p/QSOpt/NAEopt/optZ/runZn4k2resplus/part011/
2 /p/QSOpt/NAEopt/optZ/runZn4k2resplus/part011/
3 /p/QSOpt/NAEopt/optZ/runZn4k2resplus/part011/
4 /p/QSOpt/NAEopt/optZ/runZn4k2resplus/part011/
5 /p/QSOpt/NAEopt/optZ/runZn4k2resplus/part011/
6 /p/QSOpt/NAEopt/optZ/runZn4k2resplus/part011/
7 /p/QSOpt/NAEopt/optZ/runZn4k2resplus/part011/
8 /p/QSOpt/NAEopt/optZ/runZn4k2resplus/part011/
9 /p/QSOpt/NAEopt/optZ/runZn4k2resplus/part011/
12 /p/QSOpt/NAEopt/optZ/runZn4k2resplus/part011/
0 /p/QSOpt/NAEopt/optZ/runZn4k2resplus/part011/
1 /p/QSOpt/NAEopt/optZ/runZn4k2resplus/part011/
2 /p/QSOpt/NAEopt/optZ/runZn4k2resplus/part011/
3 /p/QSOpt/NAEopt/optZ/runZn4k2resplus/part011/
4 /p/QSOpt/NAEopt/optZ/runZn4k2resplus/part011/
5 /p/QSOpt/NAEopt/optZ/runZn4k2resplus/part011/
6 /p/QSOpt/NAEopt/optZ/runZn4k2resplus/part011/
7 /p/QSOpt/NAEopt/optZ/runZn4k2resplus/part011/
8 /p/QSOpt/NAEopt/optZ/runZn4k2resplus/part011/
9 /p/QSOpt/NAEopt/optZ/runZn4k2resplus/part011/
13 /p/QSOpt/NAEopt/optZ/runZn4k2resplus/part011/
0 /p/QSOpt/NAEopt/optZ/runZn4k2resplus/part011/
1 /p/QSOpt/NAEopt/optZ/runZn4k2resplus/part011/
2 /p/QSOpt/NAEopt/optZ/runZn4k2resplus/part011/
3 /p/QSOpt/NAEopt/optZ/runZn4k2resplus/part011/
4 /p/QSOpt/NAEopt/optZ/runZn4k2resplus/part011/
5 /p/QSOpt/NAEopt/optZ/runZn4k2resplus/part011/
6 /p/QSOpt/NAEopt/optZ/runZn4k2resplus/part011/
7 /p/QSOpt/NAEopt/optZ/runZn4k2resplus/part011/
8 /p/QSOpt/NAEopt/optZ/runZn4k2resplus/part011/
9 /p/QSOpt/NAEopt/optZ/runZn4k2resplus/part011/
14 /p/QSOpt/NAEopt/optZ/runZn4k2resplus/part011/
