python optAnhark2optZ.py 15 0.15 0.18 10 -0.036 -0.023999999999999994 /p/QSOpt/NAEopt/optZ/runZn4k2resplus/part053/
0 /p/QSOpt/NAEopt/optZ/runZn4k2resplus/part053/
1 /p/QSOpt/NAEopt/optZ/runZn4k2resplus/part053/
2 /p/QSOpt/NAEopt/optZ/runZn4k2resplus/part053/
3 /p/QSOpt/NAEopt/optZ/runZn4k2resplus/part053/
4 /p/QSOpt/NAEopt/optZ/runZn4k2resplus/part053/
5 /p/QSOpt/NAEopt/optZ/runZn4k2resplus/part053/
6 /p/QSOpt/NAEopt/optZ/runZn4k2resplus/part053/
7 /p/QSOpt/NAEopt/optZ/runZn4k2resplus/part053/
8 /p/QSOpt/NAEopt/optZ/runZn4k2resplus/part053/
9 /p/QSOpt/NAEopt/optZ/runZn4k2resplus/part053/
0 /p/QSOpt/NAEopt/optZ/runZn4k2resplus/part053/
0 /p/QSOpt/NAEopt/optZ/runZn4k2resplus/part053/
1 /p/QSOpt/NAEopt/optZ/runZn4k2resplus/part053/
2 /p/QSOpt/NAEopt/optZ/runZn4k2resplus/part053/
3 /p/QSOpt/NAEopt/optZ/runZn4k2resplus/part053/
4 /p/QSOpt/NAEopt/optZ/runZn4k2resplus/part053/
5 /p/QSOpt/NAEopt/optZ/runZn4k2resplus/part053/
6 /p/QSOpt/NAEopt/optZ/runZn4k2resplus/part053/
7 /p/QSOpt/NAEopt/optZ/runZn4k2resplus/part053/
8 /p/QSOpt/NAEopt/optZ/runZn4k2resplus/part053/
9 /p/QSOpt/NAEopt/optZ/runZn4k2resplus/part053/
1 /p/QSOpt/NAEopt/optZ/runZn4k2resplus/part053/
0 /p/QSOpt/NAEopt/optZ/runZn4k2resplus/part053/
1 /p/QSOpt/NAEopt/optZ/runZn4k2resplus/part053/
2 /p/QSOpt/NAEopt/optZ/runZn4k2resplus/part053/
3 /p/QSOpt/NAEopt/optZ/runZn4k2resplus/part053/
4 /p/QSOpt/NAEopt/optZ/runZn4k2resplus/part053/
5 /p/QSOpt/NAEopt/optZ/runZn4k2resplus/part053/
6 /p/QSOpt/NAEopt/optZ/runZn4k2resplus/part053/
7 /p/QSOpt/NAEopt/optZ/runZn4k2resplus/part053/
8 /p/QSOpt/NAEopt/optZ/runZn4k2resplus/part053/
9 /p/QSOpt/NAEopt/optZ/runZn4k2resplus/part053/
2 /p/QSOpt/NAEopt/optZ/runZn4k2resplus/part053/
0 /p/QSOpt/NAEopt/optZ/runZn4k2resplus/part053/
1 /p/QSOpt/NAEopt/optZ/runZn4k2resplus/part053/
2 /p/QSOpt/NAEopt/optZ/runZn4k2resplus/part053/
3 /p/QSOpt/NAEopt/optZ/runZn4k2resplus/part053/
4 /p/QSOpt/NAEopt/optZ/runZn4k2resplus/part053/
5 /p/QSOpt/NAEopt/optZ/runZn4k2resplus/part053/
6 /p/QSOpt/NAEopt/optZ/runZn4k2resplus/part053/
7 /p/QSOpt/NAEopt/optZ/runZn4k2resplus/part053/
8 /p/QSOpt/NAEopt/optZ/runZn4k2resplus/part053/
9 /p/QSOpt/NAEopt/optZ/runZn4k2resplus/part053/
3 /p/QSOpt/NAEopt/optZ/runZn4k2resplus/part053/
0 /p/QSOpt/NAEopt/optZ/runZn4k2resplus/part053/
1 /p/QSOpt/NAEopt/optZ/runZn4k2resplus/part053/
2 /p/QSOpt/NAEopt/optZ/runZn4k2resplus/part053/
3 /p/QSOpt/NAEopt/optZ/runZn4k2resplus/part053/
4 /p/QSOpt/NAEopt/optZ/runZn4k2resplus/part053/
5 /p/QSOpt/NAEopt/optZ/runZn4k2resplus/part053/
6 /p/QSOpt/NAEopt/optZ/runZn4k2resplus/part053/
7 /p/QSOpt/NAEopt/optZ/runZn4k2resplus/part053/
8 /p/QSOpt/NAEopt/optZ/runZn4k2resplus/part053/
9 /p/QSOpt/NAEopt/optZ/runZn4k2resplus/part053/
4 /p/QSOpt/NAEopt/optZ/runZn4k2resplus/part053/
0 /p/QSOpt/NAEopt/optZ/runZn4k2resplus/part053/
1 /p/QSOpt/NAEopt/optZ/runZn4k2resplus/part053/
2 /p/QSOpt/NAEopt/optZ/runZn4k2resplus/part053/
3 /p/QSOpt/NAEopt/optZ/runZn4k2resplus/part053/
4 /p/QSOpt/NAEopt/optZ/runZn4k2resplus/part053/
5 /p/QSOpt/NAEopt/optZ/runZn4k2resplus/part053/
6 /p/QSOpt/NAEopt/optZ/runZn4k2resplus/part053/
7 /p/QSOpt/NAEopt/optZ/runZn4k2resplus/part053/
8 /p/QSOpt/NAEopt/optZ/runZn4k2resplus/part053/
9 /p/QSOpt/NAEopt/optZ/runZn4k2resplus/part053/
5 /p/QSOpt/NAEopt/optZ/runZn4k2resplus/part053/
0 /p/QSOpt/NAEopt/optZ/runZn4k2resplus/part053/
1 /p/QSOpt/NAEopt/optZ/runZn4k2resplus/part053/
2 /p/QSOpt/NAEopt/optZ/runZn4k2resplus/part053/
3 /p/QSOpt/NAEopt/optZ/runZn4k2resplus/part053/
4 /p/QSOpt/NAEopt/optZ/runZn4k2resplus/part053/
5 /p/QSOpt/NAEopt/optZ/runZn4k2resplus/part053/
6 /p/QSOpt/NAEopt/optZ/runZn4k2resplus/part053/
7 /p/QSOpt/NAEopt/optZ/runZn4k2resplus/part053/
8 /p/QSOpt/NAEopt/optZ/runZn4k2resplus/part053/
9 /p/QSOpt/NAEopt/optZ/runZn4k2resplus/part053/
6 /p/QSOpt/NAEopt/optZ/runZn4k2resplus/part053/
0 /p/QSOpt/NAEopt/optZ/runZn4k2resplus/part053/
1 /p/QSOpt/NAEopt/optZ/runZn4k2resplus/part053/
2 /p/QSOpt/NAEopt/optZ/runZn4k2resplus/part053/
3 /p/QSOpt/NAEopt/optZ/runZn4k2resplus/part053/
4 /p/QSOpt/NAEopt/optZ/runZn4k2resplus/part053/
5 /p/QSOpt/NAEopt/optZ/runZn4k2resplus/part053/
6 /p/QSOpt/NAEopt/optZ/runZn4k2resplus/part053/
7 /p/QSOpt/NAEopt/optZ/runZn4k2resplus/part053/
8 /p/QSOpt/NAEopt/optZ/runZn4k2resplus/part053/
9 /p/QSOpt/NAEopt/optZ/runZn4k2resplus/part053/
7 /p/QSOpt/NAEopt/optZ/runZn4k2resplus/part053/
0 /p/QSOpt/NAEopt/optZ/runZn4k2resplus/part053/
1 /p/QSOpt/NAEopt/optZ/runZn4k2resplus/part053/
2 /p/QSOpt/NAEopt/optZ/runZn4k2resplus/part053/
3 /p/QSOpt/NAEopt/optZ/runZn4k2resplus/part053/
4 /p/QSOpt/NAEopt/optZ/runZn4k2resplus/part053/
5 /p/QSOpt/NAEopt/optZ/runZn4k2resplus/part053/
6 /p/QSOpt/NAEopt/optZ/runZn4k2resplus/part053/
7 /p/QSOpt/NAEopt/optZ/runZn4k2resplus/part053/
8 /p/QSOpt/NAEopt/optZ/runZn4k2resplus/part053/
9 /p/QSOpt/NAEopt/optZ/runZn4k2resplus/part053/
8 /p/QSOpt/NAEopt/optZ/runZn4k2resplus/part053/
0 /p/QSOpt/NAEopt/optZ/runZn4k2resplus/part053/
1 /p/QSOpt/NAEopt/optZ/runZn4k2resplus/part053/
2 /p/QSOpt/NAEopt/optZ/runZn4k2resplus/part053/
3 /p/QSOpt/NAEopt/optZ/runZn4k2resplus/part053/
4 /p/QSOpt/NAEopt/optZ/runZn4k2resplus/part053/
5 /p/QSOpt/NAEopt/optZ/runZn4k2resplus/part053/
6 /p/QSOpt/NAEopt/optZ/runZn4k2resplus/part053/
7 /p/QSOpt/NAEopt/optZ/runZn4k2resplus/part053/
8 /p/QSOpt/NAEopt/optZ/runZn4k2resplus/part053/
9 /p/QSOpt/NAEopt/optZ/runZn4k2resplus/part053/
9 /p/QSOpt/NAEopt/optZ/runZn4k2resplus/part053/
0 /p/QSOpt/NAEopt/optZ/runZn4k2resplus/part053/
1 /p/QSOpt/NAEopt/optZ/runZn4k2resplus/part053/
2 /p/QSOpt/NAEopt/optZ/runZn4k2resplus/part053/
3 /p/QSOpt/NAEopt/optZ/runZn4k2resplus/part053/
4 /p/QSOpt/NAEopt/optZ/runZn4k2resplus/part053/
5 /p/QSOpt/NAEopt/optZ/runZn4k2resplus/part053/
6 /p/QSOpt/NAEopt/optZ/runZn4k2resplus/part053/
7 /p/QSOpt/NAEopt/optZ/runZn4k2resplus/part053/
8 /p/QSOpt/NAEopt/optZ/runZn4k2resplus/part053/
9 /p/QSOpt/NAEopt/optZ/runZn4k2resplus/part053/
10 /p/QSOpt/NAEopt/optZ/runZn4k2resplus/part053/
0 /p/QSOpt/NAEopt/optZ/runZn4k2resplus/part053/
1 /p/QSOpt/NAEopt/optZ/runZn4k2resplus/part053/
2 /p/QSOpt/NAEopt/optZ/runZn4k2resplus/part053/
3 /p/QSOpt/NAEopt/optZ/runZn4k2resplus/part053/
4 /p/QSOpt/NAEopt/optZ/runZn4k2resplus/part053/
5 /p/QSOpt/NAEopt/optZ/runZn4k2resplus/part053/
6 /p/QSOpt/NAEopt/optZ/runZn4k2resplus/part053/
7 /p/QSOpt/NAEopt/optZ/runZn4k2resplus/part053/
8 /p/QSOpt/NAEopt/optZ/runZn4k2resplus/part053/
9 /p/QSOpt/NAEopt/optZ/runZn4k2resplus/part053/
11 /p/QSOpt/NAEopt/optZ/runZn4k2resplus/part053/
0 /p/QSOpt/NAEopt/optZ/runZn4k2resplus/part053/
1 /p/QSOpt/NAEopt/optZ/runZn4k2resplus/part053/
2 /p/QSOpt/NAEopt/optZ/runZn4k2resplus/part053/
3 /p/QSOpt/NAEopt/optZ/runZn4k2resplus/part053/
4 /p/QSOpt/NAEopt/optZ/runZn4k2resplus/part053/
5 /p/QSOpt/NAEopt/optZ/runZn4k2resplus/part053/
6 /p/QSOpt/NAEopt/optZ/runZn4k2resplus/part053/
7 /p/QSOpt/NAEopt/optZ/runZn4k2resplus/part053/
8 /p/QSOpt/NAEopt/optZ/runZn4k2resplus/part053/
9 /p/QSOpt/NAEopt/optZ/runZn4k2resplus/part053/
12 /p/QSOpt/NAEopt/optZ/runZn4k2resplus/part053/
0 /p/QSOpt/NAEopt/optZ/runZn4k2resplus/part053/
1 /p/QSOpt/NAEopt/optZ/runZn4k2resplus/part053/
2 /p/QSOpt/NAEopt/optZ/runZn4k2resplus/part053/
3 /p/QSOpt/NAEopt/optZ/runZn4k2resplus/part053/
4 /p/QSOpt/NAEopt/optZ/runZn4k2resplus/part053/
5 /p/QSOpt/NAEopt/optZ/runZn4k2resplus/part053/
6 /p/QSOpt/NAEopt/optZ/runZn4k2resplus/part053/
7 /p/QSOpt/NAEopt/optZ/runZn4k2resplus/part053/
8 /p/QSOpt/NAEopt/optZ/runZn4k2resplus/part053/
9 /p/QSOpt/NAEopt/optZ/runZn4k2resplus/part053/
13 /p/QSOpt/NAEopt/optZ/runZn4k2resplus/part053/
0 /p/QSOpt/NAEopt/optZ/runZn4k2resplus/part053/
1 /p/QSOpt/NAEopt/optZ/runZn4k2resplus/part053/
2 /p/QSOpt/NAEopt/optZ/runZn4k2resplus/part053/
3 /p/QSOpt/NAEopt/optZ/runZn4k2resplus/part053/
4 /p/QSOpt/NAEopt/optZ/runZn4k2resplus/part053/
5 /p/QSOpt/NAEopt/optZ/runZn4k2resplus/part053/
6 /p/QSOpt/NAEopt/optZ/runZn4k2resplus/part053/
7 /p/QSOpt/NAEopt/optZ/runZn4k2resplus/part053/
8 /p/QSOpt/NAEopt/optZ/runZn4k2resplus/part053/
9 /p/QSOpt/NAEopt/optZ/runZn4k2resplus/part053/
14 /p/QSOpt/NAEopt/optZ/runZn4k2resplus/part053/
