python optAnhark2optZ.py 15 0.09 0.12 10 0.024000000000000007 0.036000000000000004 /p/QSOpt/NAEopt/optZ/runZn4k2resplus/part038/
0 /p/QSOpt/NAEopt/optZ/runZn4k2resplus/part038/
1 /p/QSOpt/NAEopt/optZ/runZn4k2resplus/part038/
2 /p/QSOpt/NAEopt/optZ/runZn4k2resplus/part038/
3 /p/QSOpt/NAEopt/optZ/runZn4k2resplus/part038/
4 /p/QSOpt/NAEopt/optZ/runZn4k2resplus/part038/
5 /p/QSOpt/NAEopt/optZ/runZn4k2resplus/part038/
6 /p/QSOpt/NAEopt/optZ/runZn4k2resplus/part038/
7 /p/QSOpt/NAEopt/optZ/runZn4k2resplus/part038/
8 /p/QSOpt/NAEopt/optZ/runZn4k2resplus/part038/
9 /p/QSOpt/NAEopt/optZ/runZn4k2resplus/part038/
0 /p/QSOpt/NAEopt/optZ/runZn4k2resplus/part038/
0 /p/QSOpt/NAEopt/optZ/runZn4k2resplus/part038/
1 /p/QSOpt/NAEopt/optZ/runZn4k2resplus/part038/
2 /p/QSOpt/NAEopt/optZ/runZn4k2resplus/part038/
3 /p/QSOpt/NAEopt/optZ/runZn4k2resplus/part038/
4 /p/QSOpt/NAEopt/optZ/runZn4k2resplus/part038/
5 /p/QSOpt/NAEopt/optZ/runZn4k2resplus/part038/
6 /p/QSOpt/NAEopt/optZ/runZn4k2resplus/part038/
7 /p/QSOpt/NAEopt/optZ/runZn4k2resplus/part038/
8 /p/QSOpt/NAEopt/optZ/runZn4k2resplus/part038/
9 /p/QSOpt/NAEopt/optZ/runZn4k2resplus/part038/
1 /p/QSOpt/NAEopt/optZ/runZn4k2resplus/part038/
0 /p/QSOpt/NAEopt/optZ/runZn4k2resplus/part038/
1 /p/QSOpt/NAEopt/optZ/runZn4k2resplus/part038/
2 /p/QSOpt/NAEopt/optZ/runZn4k2resplus/part038/
3 /p/QSOpt/NAEopt/optZ/runZn4k2resplus/part038/
4 /p/QSOpt/NAEopt/optZ/runZn4k2resplus/part038/
5 /p/QSOpt/NAEopt/optZ/runZn4k2resplus/part038/
6 /p/QSOpt/NAEopt/optZ/runZn4k2resplus/part038/
7 /p/QSOpt/NAEopt/optZ/runZn4k2resplus/part038/
8 /p/QSOpt/NAEopt/optZ/runZn4k2resplus/part038/
9 /p/QSOpt/NAEopt/optZ/runZn4k2resplus/part038/
2 /p/QSOpt/NAEopt/optZ/runZn4k2resplus/part038/
0 /p/QSOpt/NAEopt/optZ/runZn4k2resplus/part038/
1 /p/QSOpt/NAEopt/optZ/runZn4k2resplus/part038/
2 /p/QSOpt/NAEopt/optZ/runZn4k2resplus/part038/
3 /p/QSOpt/NAEopt/optZ/runZn4k2resplus/part038/
4 /p/QSOpt/NAEopt/optZ/runZn4k2resplus/part038/
5 /p/QSOpt/NAEopt/optZ/runZn4k2resplus/part038/
6 /p/QSOpt/NAEopt/optZ/runZn4k2resplus/part038/
7 /p/QSOpt/NAEopt/optZ/runZn4k2resplus/part038/
8 /p/QSOpt/NAEopt/optZ/runZn4k2resplus/part038/
9 /p/QSOpt/NAEopt/optZ/runZn4k2resplus/part038/
3 /p/QSOpt/NAEopt/optZ/runZn4k2resplus/part038/
0 /p/QSOpt/NAEopt/optZ/runZn4k2resplus/part038/
1 /p/QSOpt/NAEopt/optZ/runZn4k2resplus/part038/
2 /p/QSOpt/NAEopt/optZ/runZn4k2resplus/part038/
3 /p/QSOpt/NAEopt/optZ/runZn4k2resplus/part038/
4 /p/QSOpt/NAEopt/optZ/runZn4k2resplus/part038/
5 /p/QSOpt/NAEopt/optZ/runZn4k2resplus/part038/
6 /p/QSOpt/NAEopt/optZ/runZn4k2resplus/part038/
7 /p/QSOpt/NAEopt/optZ/runZn4k2resplus/part038/
8 /p/QSOpt/NAEopt/optZ/runZn4k2resplus/part038/
9 /p/QSOpt/NAEopt/optZ/runZn4k2resplus/part038/
4 /p/QSOpt/NAEopt/optZ/runZn4k2resplus/part038/
0 /p/QSOpt/NAEopt/optZ/runZn4k2resplus/part038/
1 /p/QSOpt/NAEopt/optZ/runZn4k2resplus/part038/
2 /p/QSOpt/NAEopt/optZ/runZn4k2resplus/part038/
3 /p/QSOpt/NAEopt/optZ/runZn4k2resplus/part038/
4 /p/QSOpt/NAEopt/optZ/runZn4k2resplus/part038/
5 /p/QSOpt/NAEopt/optZ/runZn4k2resplus/part038/
6 /p/QSOpt/NAEopt/optZ/runZn4k2resplus/part038/
7 /p/QSOpt/NAEopt/optZ/runZn4k2resplus/part038/
8 /p/QSOpt/NAEopt/optZ/runZn4k2resplus/part038/
9 /p/QSOpt/NAEopt/optZ/runZn4k2resplus/part038/
5 /p/QSOpt/NAEopt/optZ/runZn4k2resplus/part038/
0 /p/QSOpt/NAEopt/optZ/runZn4k2resplus/part038/
1 /p/QSOpt/NAEopt/optZ/runZn4k2resplus/part038/
2 /p/QSOpt/NAEopt/optZ/runZn4k2resplus/part038/
3 /p/QSOpt/NAEopt/optZ/runZn4k2resplus/part038/
4 /p/QSOpt/NAEopt/optZ/runZn4k2resplus/part038/
5 /p/QSOpt/NAEopt/optZ/runZn4k2resplus/part038/
6 /p/QSOpt/NAEopt/optZ/runZn4k2resplus/part038/
7 /p/QSOpt/NAEopt/optZ/runZn4k2resplus/part038/
8 /p/QSOpt/NAEopt/optZ/runZn4k2resplus/part038/
9 /p/QSOpt/NAEopt/optZ/runZn4k2resplus/part038/
6 /p/QSOpt/NAEopt/optZ/runZn4k2resplus/part038/
0 /p/QSOpt/NAEopt/optZ/runZn4k2resplus/part038/
1 /p/QSOpt/NAEopt/optZ/runZn4k2resplus/part038/
2 /p/QSOpt/NAEopt/optZ/runZn4k2resplus/part038/
3 /p/QSOpt/NAEopt/optZ/runZn4k2resplus/part038/
4 /p/QSOpt/NAEopt/optZ/runZn4k2resplus/part038/
5 /p/QSOpt/NAEopt/optZ/runZn4k2resplus/part038/
6 /p/QSOpt/NAEopt/optZ/runZn4k2resplus/part038/
7 /p/QSOpt/NAEopt/optZ/runZn4k2resplus/part038/
8 /p/QSOpt/NAEopt/optZ/runZn4k2resplus/part038/
9 /p/QSOpt/NAEopt/optZ/runZn4k2resplus/part038/
7 /p/QSOpt/NAEopt/optZ/runZn4k2resplus/part038/
0 /p/QSOpt/NAEopt/optZ/runZn4k2resplus/part038/
1 /p/QSOpt/NAEopt/optZ/runZn4k2resplus/part038/
2 /p/QSOpt/NAEopt/optZ/runZn4k2resplus/part038/
3 /p/QSOpt/NAEopt/optZ/runZn4k2resplus/part038/
4 /p/QSOpt/NAEopt/optZ/runZn4k2resplus/part038/
5 /p/QSOpt/NAEopt/optZ/runZn4k2resplus/part038/
6 /p/QSOpt/NAEopt/optZ/runZn4k2resplus/part038/
7 /p/QSOpt/NAEopt/optZ/runZn4k2resplus/part038/
8 /p/QSOpt/NAEopt/optZ/runZn4k2resplus/part038/
9 /p/QSOpt/NAEopt/optZ/runZn4k2resplus/part038/
8 /p/QSOpt/NAEopt/optZ/runZn4k2resplus/part038/
0 /p/QSOpt/NAEopt/optZ/runZn4k2resplus/part038/
1 /p/QSOpt/NAEopt/optZ/runZn4k2resplus/part038/
2 /p/QSOpt/NAEopt/optZ/runZn4k2resplus/part038/
3 /p/QSOpt/NAEopt/optZ/runZn4k2resplus/part038/
4 /p/QSOpt/NAEopt/optZ/runZn4k2resplus/part038/
5 /p/QSOpt/NAEopt/optZ/runZn4k2resplus/part038/
6 /p/QSOpt/NAEopt/optZ/runZn4k2resplus/part038/
7 /p/QSOpt/NAEopt/optZ/runZn4k2resplus/part038/
8 /p/QSOpt/NAEopt/optZ/runZn4k2resplus/part038/
9 /p/QSOpt/NAEopt/optZ/runZn4k2resplus/part038/
9 /p/QSOpt/NAEopt/optZ/runZn4k2resplus/part038/
0 /p/QSOpt/NAEopt/optZ/runZn4k2resplus/part038/
1 /p/QSOpt/NAEopt/optZ/runZn4k2resplus/part038/
2 /p/QSOpt/NAEopt/optZ/runZn4k2resplus/part038/
3 /p/QSOpt/NAEopt/optZ/runZn4k2resplus/part038/
4 /p/QSOpt/NAEopt/optZ/runZn4k2resplus/part038/
5 /p/QSOpt/NAEopt/optZ/runZn4k2resplus/part038/
6 /p/QSOpt/NAEopt/optZ/runZn4k2resplus/part038/
7 /p/QSOpt/NAEopt/optZ/runZn4k2resplus/part038/
8 /p/QSOpt/NAEopt/optZ/runZn4k2resplus/part038/
9 /p/QSOpt/NAEopt/optZ/runZn4k2resplus/part038/
10 /p/QSOpt/NAEopt/optZ/runZn4k2resplus/part038/
0 /p/QSOpt/NAEopt/optZ/runZn4k2resplus/part038/
1 /p/QSOpt/NAEopt/optZ/runZn4k2resplus/part038/
2 /p/QSOpt/NAEopt/optZ/runZn4k2resplus/part038/
3 /p/QSOpt/NAEopt/optZ/runZn4k2resplus/part038/
4 /p/QSOpt/NAEopt/optZ/runZn4k2resplus/part038/
5 /p/QSOpt/NAEopt/optZ/runZn4k2resplus/part038/
6 /p/QSOpt/NAEopt/optZ/runZn4k2resplus/part038/
7 /p/QSOpt/NAEopt/optZ/runZn4k2resplus/part038/
8 /p/QSOpt/NAEopt/optZ/runZn4k2resplus/part038/
9 /p/QSOpt/NAEopt/optZ/runZn4k2resplus/part038/
11 /p/QSOpt/NAEopt/optZ/runZn4k2resplus/part038/
0 /p/QSOpt/NAEopt/optZ/runZn4k2resplus/part038/
1 /p/QSOpt/NAEopt/optZ/runZn4k2resplus/part038/
2 /p/QSOpt/NAEopt/optZ/runZn4k2resplus/part038/
3 /p/QSOpt/NAEopt/optZ/runZn4k2resplus/part038/
4 /p/QSOpt/NAEopt/optZ/runZn4k2resplus/part038/
5 /p/QSOpt/NAEopt/optZ/runZn4k2resplus/part038/
6 /p/QSOpt/NAEopt/optZ/runZn4k2resplus/part038/
7 /p/QSOpt/NAEopt/optZ/runZn4k2resplus/part038/
8 /p/QSOpt/NAEopt/optZ/runZn4k2resplus/part038/
9 /p/QSOpt/NAEopt/optZ/runZn4k2resplus/part038/
12 /p/QSOpt/NAEopt/optZ/runZn4k2resplus/part038/
0 /p/QSOpt/NAEopt/optZ/runZn4k2resplus/part038/
1 /p/QSOpt/NAEopt/optZ/runZn4k2resplus/part038/
2 /p/QSOpt/NAEopt/optZ/runZn4k2resplus/part038/
3 /p/QSOpt/NAEopt/optZ/runZn4k2resplus/part038/
4 /p/QSOpt/NAEopt/optZ/runZn4k2resplus/part038/
5 /p/QSOpt/NAEopt/optZ/runZn4k2resplus/part038/
6 /p/QSOpt/NAEopt/optZ/runZn4k2resplus/part038/
7 /p/QSOpt/NAEopt/optZ/runZn4k2resplus/part038/
8 /p/QSOpt/NAEopt/optZ/runZn4k2resplus/part038/
9 /p/QSOpt/NAEopt/optZ/runZn4k2resplus/part038/
13 /p/QSOpt/NAEopt/optZ/runZn4k2resplus/part038/
0 /p/QSOpt/NAEopt/optZ/runZn4k2resplus/part038/
1 /p/QSOpt/NAEopt/optZ/runZn4k2resplus/part038/
2 /p/QSOpt/NAEopt/optZ/runZn4k2resplus/part038/
3 /p/QSOpt/NAEopt/optZ/runZn4k2resplus/part038/
4 /p/QSOpt/NAEopt/optZ/runZn4k2resplus/part038/
5 /p/QSOpt/NAEopt/optZ/runZn4k2resplus/part038/
6 /p/QSOpt/NAEopt/optZ/runZn4k2resplus/part038/
7 /p/QSOpt/NAEopt/optZ/runZn4k2resplus/part038/
8 /p/QSOpt/NAEopt/optZ/runZn4k2resplus/part038/
9 /p/QSOpt/NAEopt/optZ/runZn4k2resplus/part038/
14 /p/QSOpt/NAEopt/optZ/runZn4k2resplus/part038/
