python optAnhark2optZ.py 15 0.27 0.3 10 0.024000000000000007 0.036000000000000004 /p/QSOpt/NAEopt/optZ/runZn4k2resplus/part098/
0 /p/QSOpt/NAEopt/optZ/runZn4k2resplus/part098/
1 /p/QSOpt/NAEopt/optZ/runZn4k2resplus/part098/
2 /p/QSOpt/NAEopt/optZ/runZn4k2resplus/part098/
3 /p/QSOpt/NAEopt/optZ/runZn4k2resplus/part098/
4 /p/QSOpt/NAEopt/optZ/runZn4k2resplus/part098/
5 /p/QSOpt/NAEopt/optZ/runZn4k2resplus/part098/
6 /p/QSOpt/NAEopt/optZ/runZn4k2resplus/part098/
7 /p/QSOpt/NAEopt/optZ/runZn4k2resplus/part098/
8 /p/QSOpt/NAEopt/optZ/runZn4k2resplus/part098/
9 /p/QSOpt/NAEopt/optZ/runZn4k2resplus/part098/
0 /p/QSOpt/NAEopt/optZ/runZn4k2resplus/part098/
0 /p/QSOpt/NAEopt/optZ/runZn4k2resplus/part098/
1 /p/QSOpt/NAEopt/optZ/runZn4k2resplus/part098/
2 /p/QSOpt/NAEopt/optZ/runZn4k2resplus/part098/
3 /p/QSOpt/NAEopt/optZ/runZn4k2resplus/part098/
4 /p/QSOpt/NAEopt/optZ/runZn4k2resplus/part098/
5 /p/QSOpt/NAEopt/optZ/runZn4k2resplus/part098/
6 /p/QSOpt/NAEopt/optZ/runZn4k2resplus/part098/
7 /p/QSOpt/NAEopt/optZ/runZn4k2resplus/part098/
8 /p/QSOpt/NAEopt/optZ/runZn4k2resplus/part098/
9 /p/QSOpt/NAEopt/optZ/runZn4k2resplus/part098/
1 /p/QSOpt/NAEopt/optZ/runZn4k2resplus/part098/
0 /p/QSOpt/NAEopt/optZ/runZn4k2resplus/part098/
1 /p/QSOpt/NAEopt/optZ/runZn4k2resplus/part098/
2 /p/QSOpt/NAEopt/optZ/runZn4k2resplus/part098/
3 /p/QSOpt/NAEopt/optZ/runZn4k2resplus/part098/
4 /p/QSOpt/NAEopt/optZ/runZn4k2resplus/part098/
5 /p/QSOpt/NAEopt/optZ/runZn4k2resplus/part098/
6 /p/QSOpt/NAEopt/optZ/runZn4k2resplus/part098/
7 /p/QSOpt/NAEopt/optZ/runZn4k2resplus/part098/
8 /p/QSOpt/NAEopt/optZ/runZn4k2resplus/part098/
9 /p/QSOpt/NAEopt/optZ/runZn4k2resplus/part098/
2 /p/QSOpt/NAEopt/optZ/runZn4k2resplus/part098/
0 /p/QSOpt/NAEopt/optZ/runZn4k2resplus/part098/
1 /p/QSOpt/NAEopt/optZ/runZn4k2resplus/part098/
2 /p/QSOpt/NAEopt/optZ/runZn4k2resplus/part098/
3 /p/QSOpt/NAEopt/optZ/runZn4k2resplus/part098/
4 /p/QSOpt/NAEopt/optZ/runZn4k2resplus/part098/
5 /p/QSOpt/NAEopt/optZ/runZn4k2resplus/part098/
6 /p/QSOpt/NAEopt/optZ/runZn4k2resplus/part098/
7 /p/QSOpt/NAEopt/optZ/runZn4k2resplus/part098/
8 /p/QSOpt/NAEopt/optZ/runZn4k2resplus/part098/
9 /p/QSOpt/NAEopt/optZ/runZn4k2resplus/part098/
3 /p/QSOpt/NAEopt/optZ/runZn4k2resplus/part098/
0 /p/QSOpt/NAEopt/optZ/runZn4k2resplus/part098/
1 /p/QSOpt/NAEopt/optZ/runZn4k2resplus/part098/
2 /p/QSOpt/NAEopt/optZ/runZn4k2resplus/part098/
3 /p/QSOpt/NAEopt/optZ/runZn4k2resplus/part098/
4 /p/QSOpt/NAEopt/optZ/runZn4k2resplus/part098/
5 /p/QSOpt/NAEopt/optZ/runZn4k2resplus/part098/
6 /p/QSOpt/NAEopt/optZ/runZn4k2resplus/part098/
7 /p/QSOpt/NAEopt/optZ/runZn4k2resplus/part098/
8 /p/QSOpt/NAEopt/optZ/runZn4k2resplus/part098/
9 /p/QSOpt/NAEopt/optZ/runZn4k2resplus/part098/
4 /p/QSOpt/NAEopt/optZ/runZn4k2resplus/part098/
0 /p/QSOpt/NAEopt/optZ/runZn4k2resplus/part098/
1 /p/QSOpt/NAEopt/optZ/runZn4k2resplus/part098/
2 /p/QSOpt/NAEopt/optZ/runZn4k2resplus/part098/
3 /p/QSOpt/NAEopt/optZ/runZn4k2resplus/part098/
4 /p/QSOpt/NAEopt/optZ/runZn4k2resplus/part098/
5 /p/QSOpt/NAEopt/optZ/runZn4k2resplus/part098/
6 /p/QSOpt/NAEopt/optZ/runZn4k2resplus/part098/
7 /p/QSOpt/NAEopt/optZ/runZn4k2resplus/part098/
8 /p/QSOpt/NAEopt/optZ/runZn4k2resplus/part098/
9 /p/QSOpt/NAEopt/optZ/runZn4k2resplus/part098/
5 /p/QSOpt/NAEopt/optZ/runZn4k2resplus/part098/
0 /p/QSOpt/NAEopt/optZ/runZn4k2resplus/part098/
1 /p/QSOpt/NAEopt/optZ/runZn4k2resplus/part098/
2 /p/QSOpt/NAEopt/optZ/runZn4k2resplus/part098/
3 /p/QSOpt/NAEopt/optZ/runZn4k2resplus/part098/
4 /p/QSOpt/NAEopt/optZ/runZn4k2resplus/part098/
5 /p/QSOpt/NAEopt/optZ/runZn4k2resplus/part098/
6 /p/QSOpt/NAEopt/optZ/runZn4k2resplus/part098/
7 /p/QSOpt/NAEopt/optZ/runZn4k2resplus/part098/
8 /p/QSOpt/NAEopt/optZ/runZn4k2resplus/part098/
9 /p/QSOpt/NAEopt/optZ/runZn4k2resplus/part098/
6 /p/QSOpt/NAEopt/optZ/runZn4k2resplus/part098/
0 /p/QSOpt/NAEopt/optZ/runZn4k2resplus/part098/
1 /p/QSOpt/NAEopt/optZ/runZn4k2resplus/part098/
2 /p/QSOpt/NAEopt/optZ/runZn4k2resplus/part098/
3 /p/QSOpt/NAEopt/optZ/runZn4k2resplus/part098/
4 /p/QSOpt/NAEopt/optZ/runZn4k2resplus/part098/
5 /p/QSOpt/NAEopt/optZ/runZn4k2resplus/part098/
6 /p/QSOpt/NAEopt/optZ/runZn4k2resplus/part098/
7 /p/QSOpt/NAEopt/optZ/runZn4k2resplus/part098/
8 /p/QSOpt/NAEopt/optZ/runZn4k2resplus/part098/
9 /p/QSOpt/NAEopt/optZ/runZn4k2resplus/part098/
7 /p/QSOpt/NAEopt/optZ/runZn4k2resplus/part098/
0 /p/QSOpt/NAEopt/optZ/runZn4k2resplus/part098/
1 /p/QSOpt/NAEopt/optZ/runZn4k2resplus/part098/
2 /p/QSOpt/NAEopt/optZ/runZn4k2resplus/part098/
3 /p/QSOpt/NAEopt/optZ/runZn4k2resplus/part098/
4 /p/QSOpt/NAEopt/optZ/runZn4k2resplus/part098/
5 /p/QSOpt/NAEopt/optZ/runZn4k2resplus/part098/
6 /p/QSOpt/NAEopt/optZ/runZn4k2resplus/part098/
7 /p/QSOpt/NAEopt/optZ/runZn4k2resplus/part098/
8 /p/QSOpt/NAEopt/optZ/runZn4k2resplus/part098/
9 /p/QSOpt/NAEopt/optZ/runZn4k2resplus/part098/
8 /p/QSOpt/NAEopt/optZ/runZn4k2resplus/part098/
0 /p/QSOpt/NAEopt/optZ/runZn4k2resplus/part098/
1 /p/QSOpt/NAEopt/optZ/runZn4k2resplus/part098/
2 /p/QSOpt/NAEopt/optZ/runZn4k2resplus/part098/
3 /p/QSOpt/NAEopt/optZ/runZn4k2resplus/part098/
4 /p/QSOpt/NAEopt/optZ/runZn4k2resplus/part098/
5 /p/QSOpt/NAEopt/optZ/runZn4k2resplus/part098/
6 /p/QSOpt/NAEopt/optZ/runZn4k2resplus/part098/
7 /p/QSOpt/NAEopt/optZ/runZn4k2resplus/part098/
8 /p/QSOpt/NAEopt/optZ/runZn4k2resplus/part098/
9 /p/QSOpt/NAEopt/optZ/runZn4k2resplus/part098/
9 /p/QSOpt/NAEopt/optZ/runZn4k2resplus/part098/
0 /p/QSOpt/NAEopt/optZ/runZn4k2resplus/part098/
1 /p/QSOpt/NAEopt/optZ/runZn4k2resplus/part098/
2 /p/QSOpt/NAEopt/optZ/runZn4k2resplus/part098/
3 /p/QSOpt/NAEopt/optZ/runZn4k2resplus/part098/
4 /p/QSOpt/NAEopt/optZ/runZn4k2resplus/part098/
5 /p/QSOpt/NAEopt/optZ/runZn4k2resplus/part098/
6 /p/QSOpt/NAEopt/optZ/runZn4k2resplus/part098/
7 /p/QSOpt/NAEopt/optZ/runZn4k2resplus/part098/
8 /p/QSOpt/NAEopt/optZ/runZn4k2resplus/part098/
9 /p/QSOpt/NAEopt/optZ/runZn4k2resplus/part098/
10 /p/QSOpt/NAEopt/optZ/runZn4k2resplus/part098/
0 /p/QSOpt/NAEopt/optZ/runZn4k2resplus/part098/
1 /p/QSOpt/NAEopt/optZ/runZn4k2resplus/part098/
2 /p/QSOpt/NAEopt/optZ/runZn4k2resplus/part098/
3 /p/QSOpt/NAEopt/optZ/runZn4k2resplus/part098/
4 /p/QSOpt/NAEopt/optZ/runZn4k2resplus/part098/
5 /p/QSOpt/NAEopt/optZ/runZn4k2resplus/part098/
6 /p/QSOpt/NAEopt/optZ/runZn4k2resplus/part098/
7 /p/QSOpt/NAEopt/optZ/runZn4k2resplus/part098/
8 /p/QSOpt/NAEopt/optZ/runZn4k2resplus/part098/
9 /p/QSOpt/NAEopt/optZ/runZn4k2resplus/part098/
11 /p/QSOpt/NAEopt/optZ/runZn4k2resplus/part098/
0 /p/QSOpt/NAEopt/optZ/runZn4k2resplus/part098/
1 /p/QSOpt/NAEopt/optZ/runZn4k2resplus/part098/
2 /p/QSOpt/NAEopt/optZ/runZn4k2resplus/part098/
3 /p/QSOpt/NAEopt/optZ/runZn4k2resplus/part098/
4 /p/QSOpt/NAEopt/optZ/runZn4k2resplus/part098/
5 /p/QSOpt/NAEopt/optZ/runZn4k2resplus/part098/
6 /p/QSOpt/NAEopt/optZ/runZn4k2resplus/part098/
7 /p/QSOpt/NAEopt/optZ/runZn4k2resplus/part098/
8 /p/QSOpt/NAEopt/optZ/runZn4k2resplus/part098/
9 /p/QSOpt/NAEopt/optZ/runZn4k2resplus/part098/
12 /p/QSOpt/NAEopt/optZ/runZn4k2resplus/part098/
0 /p/QSOpt/NAEopt/optZ/runZn4k2resplus/part098/
1 /p/QSOpt/NAEopt/optZ/runZn4k2resplus/part098/
2 /p/QSOpt/NAEopt/optZ/runZn4k2resplus/part098/
3 /p/QSOpt/NAEopt/optZ/runZn4k2resplus/part098/
4 /p/QSOpt/NAEopt/optZ/runZn4k2resplus/part098/
5 /p/QSOpt/NAEopt/optZ/runZn4k2resplus/part098/
6 /p/QSOpt/NAEopt/optZ/runZn4k2resplus/part098/
7 /p/QSOpt/NAEopt/optZ/runZn4k2resplus/part098/
8 /p/QSOpt/NAEopt/optZ/runZn4k2resplus/part098/
9 /p/QSOpt/NAEopt/optZ/runZn4k2resplus/part098/
13 /p/QSOpt/NAEopt/optZ/runZn4k2resplus/part098/
0 /p/QSOpt/NAEopt/optZ/runZn4k2resplus/part098/
1 /p/QSOpt/NAEopt/optZ/runZn4k2resplus/part098/
2 /p/QSOpt/NAEopt/optZ/runZn4k2resplus/part098/
3 /p/QSOpt/NAEopt/optZ/runZn4k2resplus/part098/
4 /p/QSOpt/NAEopt/optZ/runZn4k2resplus/part098/
5 /p/QSOpt/NAEopt/optZ/runZn4k2resplus/part098/
6 /p/QSOpt/NAEopt/optZ/runZn4k2resplus/part098/
7 /p/QSOpt/NAEopt/optZ/runZn4k2resplus/part098/
8 /p/QSOpt/NAEopt/optZ/runZn4k2resplus/part098/
9 /p/QSOpt/NAEopt/optZ/runZn4k2resplus/part098/
14 /p/QSOpt/NAEopt/optZ/runZn4k2resplus/part098/
