python optAnhark2optZ.py 15 0.27 0.3 10 0.0 0.01200000000000001 /p/QSOpt/NAEopt/optZ/runZn4k2resplus/part096/
0 /p/QSOpt/NAEopt/optZ/runZn4k2resplus/part096/
1 /p/QSOpt/NAEopt/optZ/runZn4k2resplus/part096/
2 /p/QSOpt/NAEopt/optZ/runZn4k2resplus/part096/
3 /p/QSOpt/NAEopt/optZ/runZn4k2resplus/part096/
4 /p/QSOpt/NAEopt/optZ/runZn4k2resplus/part096/
5 /p/QSOpt/NAEopt/optZ/runZn4k2resplus/part096/
6 /p/QSOpt/NAEopt/optZ/runZn4k2resplus/part096/
7 /p/QSOpt/NAEopt/optZ/runZn4k2resplus/part096/
8 /p/QSOpt/NAEopt/optZ/runZn4k2resplus/part096/
9 /p/QSOpt/NAEopt/optZ/runZn4k2resplus/part096/
0 /p/QSOpt/NAEopt/optZ/runZn4k2resplus/part096/
0 /p/QSOpt/NAEopt/optZ/runZn4k2resplus/part096/
1 /p/QSOpt/NAEopt/optZ/runZn4k2resplus/part096/
2 /p/QSOpt/NAEopt/optZ/runZn4k2resplus/part096/
3 /p/QSOpt/NAEopt/optZ/runZn4k2resplus/part096/
4 /p/QSOpt/NAEopt/optZ/runZn4k2resplus/part096/
5 /p/QSOpt/NAEopt/optZ/runZn4k2resplus/part096/
6 /p/QSOpt/NAEopt/optZ/runZn4k2resplus/part096/
7 /p/QSOpt/NAEopt/optZ/runZn4k2resplus/part096/
8 /p/QSOpt/NAEopt/optZ/runZn4k2resplus/part096/
9 /p/QSOpt/NAEopt/optZ/runZn4k2resplus/part096/
1 /p/QSOpt/NAEopt/optZ/runZn4k2resplus/part096/
0 /p/QSOpt/NAEopt/optZ/runZn4k2resplus/part096/
1 /p/QSOpt/NAEopt/optZ/runZn4k2resplus/part096/
2 /p/QSOpt/NAEopt/optZ/runZn4k2resplus/part096/
3 /p/QSOpt/NAEopt/optZ/runZn4k2resplus/part096/
4 /p/QSOpt/NAEopt/optZ/runZn4k2resplus/part096/
5 /p/QSOpt/NAEopt/optZ/runZn4k2resplus/part096/
6 /p/QSOpt/NAEopt/optZ/runZn4k2resplus/part096/
7 /p/QSOpt/NAEopt/optZ/runZn4k2resplus/part096/
8 /p/QSOpt/NAEopt/optZ/runZn4k2resplus/part096/
9 /p/QSOpt/NAEopt/optZ/runZn4k2resplus/part096/
2 /p/QSOpt/NAEopt/optZ/runZn4k2resplus/part096/
0 /p/QSOpt/NAEopt/optZ/runZn4k2resplus/part096/
1 /p/QSOpt/NAEopt/optZ/runZn4k2resplus/part096/
2 /p/QSOpt/NAEopt/optZ/runZn4k2resplus/part096/
3 /p/QSOpt/NAEopt/optZ/runZn4k2resplus/part096/
4 /p/QSOpt/NAEopt/optZ/runZn4k2resplus/part096/
5 /p/QSOpt/NAEopt/optZ/runZn4k2resplus/part096/
6 /p/QSOpt/NAEopt/optZ/runZn4k2resplus/part096/
7 /p/QSOpt/NAEopt/optZ/runZn4k2resplus/part096/
8 /p/QSOpt/NAEopt/optZ/runZn4k2resplus/part096/
9 /p/QSOpt/NAEopt/optZ/runZn4k2resplus/part096/
3 /p/QSOpt/NAEopt/optZ/runZn4k2resplus/part096/
0 /p/QSOpt/NAEopt/optZ/runZn4k2resplus/part096/
1 /p/QSOpt/NAEopt/optZ/runZn4k2resplus/part096/
2 /p/QSOpt/NAEopt/optZ/runZn4k2resplus/part096/
3 /p/QSOpt/NAEopt/optZ/runZn4k2resplus/part096/
4 /p/QSOpt/NAEopt/optZ/runZn4k2resplus/part096/
5 /p/QSOpt/NAEopt/optZ/runZn4k2resplus/part096/
6 /p/QSOpt/NAEopt/optZ/runZn4k2resplus/part096/
7 /p/QSOpt/NAEopt/optZ/runZn4k2resplus/part096/
8 /p/QSOpt/NAEopt/optZ/runZn4k2resplus/part096/
9 /p/QSOpt/NAEopt/optZ/runZn4k2resplus/part096/
4 /p/QSOpt/NAEopt/optZ/runZn4k2resplus/part096/
0 /p/QSOpt/NAEopt/optZ/runZn4k2resplus/part096/
1 /p/QSOpt/NAEopt/optZ/runZn4k2resplus/part096/
2 /p/QSOpt/NAEopt/optZ/runZn4k2resplus/part096/
3 /p/QSOpt/NAEopt/optZ/runZn4k2resplus/part096/
4 /p/QSOpt/NAEopt/optZ/runZn4k2resplus/part096/
5 /p/QSOpt/NAEopt/optZ/runZn4k2resplus/part096/
6 /p/QSOpt/NAEopt/optZ/runZn4k2resplus/part096/
7 /p/QSOpt/NAEopt/optZ/runZn4k2resplus/part096/
8 /p/QSOpt/NAEopt/optZ/runZn4k2resplus/part096/
9 /p/QSOpt/NAEopt/optZ/runZn4k2resplus/part096/
5 /p/QSOpt/NAEopt/optZ/runZn4k2resplus/part096/
0 /p/QSOpt/NAEopt/optZ/runZn4k2resplus/part096/
1 /p/QSOpt/NAEopt/optZ/runZn4k2resplus/part096/
2 /p/QSOpt/NAEopt/optZ/runZn4k2resplus/part096/
3 /p/QSOpt/NAEopt/optZ/runZn4k2resplus/part096/
4 /p/QSOpt/NAEopt/optZ/runZn4k2resplus/part096/
5 /p/QSOpt/NAEopt/optZ/runZn4k2resplus/part096/
6 /p/QSOpt/NAEopt/optZ/runZn4k2resplus/part096/
7 /p/QSOpt/NAEopt/optZ/runZn4k2resplus/part096/
8 /p/QSOpt/NAEopt/optZ/runZn4k2resplus/part096/
9 /p/QSOpt/NAEopt/optZ/runZn4k2resplus/part096/
6 /p/QSOpt/NAEopt/optZ/runZn4k2resplus/part096/
0 /p/QSOpt/NAEopt/optZ/runZn4k2resplus/part096/
1 /p/QSOpt/NAEopt/optZ/runZn4k2resplus/part096/
2 /p/QSOpt/NAEopt/optZ/runZn4k2resplus/part096/
3 /p/QSOpt/NAEopt/optZ/runZn4k2resplus/part096/
4 /p/QSOpt/NAEopt/optZ/runZn4k2resplus/part096/
5 /p/QSOpt/NAEopt/optZ/runZn4k2resplus/part096/
6 /p/QSOpt/NAEopt/optZ/runZn4k2resplus/part096/
7 /p/QSOpt/NAEopt/optZ/runZn4k2resplus/part096/
8 /p/QSOpt/NAEopt/optZ/runZn4k2resplus/part096/
9 /p/QSOpt/NAEopt/optZ/runZn4k2resplus/part096/
7 /p/QSOpt/NAEopt/optZ/runZn4k2resplus/part096/
0 /p/QSOpt/NAEopt/optZ/runZn4k2resplus/part096/
1 /p/QSOpt/NAEopt/optZ/runZn4k2resplus/part096/
2 /p/QSOpt/NAEopt/optZ/runZn4k2resplus/part096/
3 /p/QSOpt/NAEopt/optZ/runZn4k2resplus/part096/
4 /p/QSOpt/NAEopt/optZ/runZn4k2resplus/part096/
5 /p/QSOpt/NAEopt/optZ/runZn4k2resplus/part096/
6 /p/QSOpt/NAEopt/optZ/runZn4k2resplus/part096/
7 /p/QSOpt/NAEopt/optZ/runZn4k2resplus/part096/
8 /p/QSOpt/NAEopt/optZ/runZn4k2resplus/part096/
9 /p/QSOpt/NAEopt/optZ/runZn4k2resplus/part096/
8 /p/QSOpt/NAEopt/optZ/runZn4k2resplus/part096/
0 /p/QSOpt/NAEopt/optZ/runZn4k2resplus/part096/
1 /p/QSOpt/NAEopt/optZ/runZn4k2resplus/part096/
2 /p/QSOpt/NAEopt/optZ/runZn4k2resplus/part096/
3 /p/QSOpt/NAEopt/optZ/runZn4k2resplus/part096/
4 /p/QSOpt/NAEopt/optZ/runZn4k2resplus/part096/
5 /p/QSOpt/NAEopt/optZ/runZn4k2resplus/part096/
6 /p/QSOpt/NAEopt/optZ/runZn4k2resplus/part096/
7 /p/QSOpt/NAEopt/optZ/runZn4k2resplus/part096/
8 /p/QSOpt/NAEopt/optZ/runZn4k2resplus/part096/
9 /p/QSOpt/NAEopt/optZ/runZn4k2resplus/part096/
9 /p/QSOpt/NAEopt/optZ/runZn4k2resplus/part096/
0 /p/QSOpt/NAEopt/optZ/runZn4k2resplus/part096/
1 /p/QSOpt/NAEopt/optZ/runZn4k2resplus/part096/
2 /p/QSOpt/NAEopt/optZ/runZn4k2resplus/part096/
3 /p/QSOpt/NAEopt/optZ/runZn4k2resplus/part096/
4 /p/QSOpt/NAEopt/optZ/runZn4k2resplus/part096/
5 /p/QSOpt/NAEopt/optZ/runZn4k2resplus/part096/
6 /p/QSOpt/NAEopt/optZ/runZn4k2resplus/part096/
7 /p/QSOpt/NAEopt/optZ/runZn4k2resplus/part096/
8 /p/QSOpt/NAEopt/optZ/runZn4k2resplus/part096/
9 /p/QSOpt/NAEopt/optZ/runZn4k2resplus/part096/
10 /p/QSOpt/NAEopt/optZ/runZn4k2resplus/part096/
0 /p/QSOpt/NAEopt/optZ/runZn4k2resplus/part096/
1 /p/QSOpt/NAEopt/optZ/runZn4k2resplus/part096/
2 /p/QSOpt/NAEopt/optZ/runZn4k2resplus/part096/
3 /p/QSOpt/NAEopt/optZ/runZn4k2resplus/part096/
4 /p/QSOpt/NAEopt/optZ/runZn4k2resplus/part096/
5 /p/QSOpt/NAEopt/optZ/runZn4k2resplus/part096/
6 /p/QSOpt/NAEopt/optZ/runZn4k2resplus/part096/
7 /p/QSOpt/NAEopt/optZ/runZn4k2resplus/part096/
8 /p/QSOpt/NAEopt/optZ/runZn4k2resplus/part096/
9 /p/QSOpt/NAEopt/optZ/runZn4k2resplus/part096/
11 /p/QSOpt/NAEopt/optZ/runZn4k2resplus/part096/
0 /p/QSOpt/NAEopt/optZ/runZn4k2resplus/part096/
1 /p/QSOpt/NAEopt/optZ/runZn4k2resplus/part096/
2 /p/QSOpt/NAEopt/optZ/runZn4k2resplus/part096/
3 /p/QSOpt/NAEopt/optZ/runZn4k2resplus/part096/
4 /p/QSOpt/NAEopt/optZ/runZn4k2resplus/part096/
5 /p/QSOpt/NAEopt/optZ/runZn4k2resplus/part096/
6 /p/QSOpt/NAEopt/optZ/runZn4k2resplus/part096/
7 /p/QSOpt/NAEopt/optZ/runZn4k2resplus/part096/
8 /p/QSOpt/NAEopt/optZ/runZn4k2resplus/part096/
9 /p/QSOpt/NAEopt/optZ/runZn4k2resplus/part096/
12 /p/QSOpt/NAEopt/optZ/runZn4k2resplus/part096/
0 /p/QSOpt/NAEopt/optZ/runZn4k2resplus/part096/
1 /p/QSOpt/NAEopt/optZ/runZn4k2resplus/part096/
2 /p/QSOpt/NAEopt/optZ/runZn4k2resplus/part096/
3 /p/QSOpt/NAEopt/optZ/runZn4k2resplus/part096/
4 /p/QSOpt/NAEopt/optZ/runZn4k2resplus/part096/
5 /p/QSOpt/NAEopt/optZ/runZn4k2resplus/part096/
6 /p/QSOpt/NAEopt/optZ/runZn4k2resplus/part096/
7 /p/QSOpt/NAEopt/optZ/runZn4k2resplus/part096/
8 /p/QSOpt/NAEopt/optZ/runZn4k2resplus/part096/
9 /p/QSOpt/NAEopt/optZ/runZn4k2resplus/part096/
13 /p/QSOpt/NAEopt/optZ/runZn4k2resplus/part096/
0 /p/QSOpt/NAEopt/optZ/runZn4k2resplus/part096/
1 /p/QSOpt/NAEopt/optZ/runZn4k2resplus/part096/
2 /p/QSOpt/NAEopt/optZ/runZn4k2resplus/part096/
3 /p/QSOpt/NAEopt/optZ/runZn4k2resplus/part096/
4 /p/QSOpt/NAEopt/optZ/runZn4k2resplus/part096/
5 /p/QSOpt/NAEopt/optZ/runZn4k2resplus/part096/
6 /p/QSOpt/NAEopt/optZ/runZn4k2resplus/part096/
7 /p/QSOpt/NAEopt/optZ/runZn4k2resplus/part096/
8 /p/QSOpt/NAEopt/optZ/runZn4k2resplus/part096/
9 /p/QSOpt/NAEopt/optZ/runZn4k2resplus/part096/
14 /p/QSOpt/NAEopt/optZ/runZn4k2resplus/part096/
