python optAnhark2optZ.py 15 0.06 0.09 10 0.01200000000000001 0.024000000000000007 /p/QSOpt/NAEopt/optZ/runZn4k2resplus/part027/
0 /p/QSOpt/NAEopt/optZ/runZn4k2resplus/part027/
1 /p/QSOpt/NAEopt/optZ/runZn4k2resplus/part027/
2 /p/QSOpt/NAEopt/optZ/runZn4k2resplus/part027/
3 /p/QSOpt/NAEopt/optZ/runZn4k2resplus/part027/
4 /p/QSOpt/NAEopt/optZ/runZn4k2resplus/part027/
5 /p/QSOpt/NAEopt/optZ/runZn4k2resplus/part027/
6 /p/QSOpt/NAEopt/optZ/runZn4k2resplus/part027/
7 /p/QSOpt/NAEopt/optZ/runZn4k2resplus/part027/
8 /p/QSOpt/NAEopt/optZ/runZn4k2resplus/part027/
9 /p/QSOpt/NAEopt/optZ/runZn4k2resplus/part027/
0 /p/QSOpt/NAEopt/optZ/runZn4k2resplus/part027/
0 /p/QSOpt/NAEopt/optZ/runZn4k2resplus/part027/
1 /p/QSOpt/NAEopt/optZ/runZn4k2resplus/part027/
2 /p/QSOpt/NAEopt/optZ/runZn4k2resplus/part027/
3 /p/QSOpt/NAEopt/optZ/runZn4k2resplus/part027/
4 /p/QSOpt/NAEopt/optZ/runZn4k2resplus/part027/
5 /p/QSOpt/NAEopt/optZ/runZn4k2resplus/part027/
6 /p/QSOpt/NAEopt/optZ/runZn4k2resplus/part027/
7 /p/QSOpt/NAEopt/optZ/runZn4k2resplus/part027/
8 /p/QSOpt/NAEopt/optZ/runZn4k2resplus/part027/
9 /p/QSOpt/NAEopt/optZ/runZn4k2resplus/part027/
1 /p/QSOpt/NAEopt/optZ/runZn4k2resplus/part027/
0 /p/QSOpt/NAEopt/optZ/runZn4k2resplus/part027/
1 /p/QSOpt/NAEopt/optZ/runZn4k2resplus/part027/
2 /p/QSOpt/NAEopt/optZ/runZn4k2resplus/part027/
3 /p/QSOpt/NAEopt/optZ/runZn4k2resplus/part027/
4 /p/QSOpt/NAEopt/optZ/runZn4k2resplus/part027/
5 /p/QSOpt/NAEopt/optZ/runZn4k2resplus/part027/
6 /p/QSOpt/NAEopt/optZ/runZn4k2resplus/part027/
7 /p/QSOpt/NAEopt/optZ/runZn4k2resplus/part027/
8 /p/QSOpt/NAEopt/optZ/runZn4k2resplus/part027/
9 /p/QSOpt/NAEopt/optZ/runZn4k2resplus/part027/
2 /p/QSOpt/NAEopt/optZ/runZn4k2resplus/part027/
0 /p/QSOpt/NAEopt/optZ/runZn4k2resplus/part027/
1 /p/QSOpt/NAEopt/optZ/runZn4k2resplus/part027/
2 /p/QSOpt/NAEopt/optZ/runZn4k2resplus/part027/
3 /p/QSOpt/NAEopt/optZ/runZn4k2resplus/part027/
4 /p/QSOpt/NAEopt/optZ/runZn4k2resplus/part027/
5 /p/QSOpt/NAEopt/optZ/runZn4k2resplus/part027/
6 /p/QSOpt/NAEopt/optZ/runZn4k2resplus/part027/
7 /p/QSOpt/NAEopt/optZ/runZn4k2resplus/part027/
8 /p/QSOpt/NAEopt/optZ/runZn4k2resplus/part027/
9 /p/QSOpt/NAEopt/optZ/runZn4k2resplus/part027/
3 /p/QSOpt/NAEopt/optZ/runZn4k2resplus/part027/
0 /p/QSOpt/NAEopt/optZ/runZn4k2resplus/part027/
1 /p/QSOpt/NAEopt/optZ/runZn4k2resplus/part027/
2 /p/QSOpt/NAEopt/optZ/runZn4k2resplus/part027/
3 /p/QSOpt/NAEopt/optZ/runZn4k2resplus/part027/
4 /p/QSOpt/NAEopt/optZ/runZn4k2resplus/part027/
5 /p/QSOpt/NAEopt/optZ/runZn4k2resplus/part027/
6 /p/QSOpt/NAEopt/optZ/runZn4k2resplus/part027/
7 /p/QSOpt/NAEopt/optZ/runZn4k2resplus/part027/
8 /p/QSOpt/NAEopt/optZ/runZn4k2resplus/part027/
9 /p/QSOpt/NAEopt/optZ/runZn4k2resplus/part027/
4 /p/QSOpt/NAEopt/optZ/runZn4k2resplus/part027/
0 /p/QSOpt/NAEopt/optZ/runZn4k2resplus/part027/
1 /p/QSOpt/NAEopt/optZ/runZn4k2resplus/part027/
2 /p/QSOpt/NAEopt/optZ/runZn4k2resplus/part027/
3 /p/QSOpt/NAEopt/optZ/runZn4k2resplus/part027/
4 /p/QSOpt/NAEopt/optZ/runZn4k2resplus/part027/
5 /p/QSOpt/NAEopt/optZ/runZn4k2resplus/part027/
6 /p/QSOpt/NAEopt/optZ/runZn4k2resplus/part027/
7 /p/QSOpt/NAEopt/optZ/runZn4k2resplus/part027/
8 /p/QSOpt/NAEopt/optZ/runZn4k2resplus/part027/
9 /p/QSOpt/NAEopt/optZ/runZn4k2resplus/part027/
5 /p/QSOpt/NAEopt/optZ/runZn4k2resplus/part027/
0 /p/QSOpt/NAEopt/optZ/runZn4k2resplus/part027/
1 /p/QSOpt/NAEopt/optZ/runZn4k2resplus/part027/
2 /p/QSOpt/NAEopt/optZ/runZn4k2resplus/part027/
3 /p/QSOpt/NAEopt/optZ/runZn4k2resplus/part027/
4 /p/QSOpt/NAEopt/optZ/runZn4k2resplus/part027/
5 /p/QSOpt/NAEopt/optZ/runZn4k2resplus/part027/
6 /p/QSOpt/NAEopt/optZ/runZn4k2resplus/part027/
7 /p/QSOpt/NAEopt/optZ/runZn4k2resplus/part027/
8 /p/QSOpt/NAEopt/optZ/runZn4k2resplus/part027/
9 /p/QSOpt/NAEopt/optZ/runZn4k2resplus/part027/
6 /p/QSOpt/NAEopt/optZ/runZn4k2resplus/part027/
0 /p/QSOpt/NAEopt/optZ/runZn4k2resplus/part027/
1 /p/QSOpt/NAEopt/optZ/runZn4k2resplus/part027/
2 /p/QSOpt/NAEopt/optZ/runZn4k2resplus/part027/
3 /p/QSOpt/NAEopt/optZ/runZn4k2resplus/part027/
4 /p/QSOpt/NAEopt/optZ/runZn4k2resplus/part027/
5 /p/QSOpt/NAEopt/optZ/runZn4k2resplus/part027/
6 /p/QSOpt/NAEopt/optZ/runZn4k2resplus/part027/
7 /p/QSOpt/NAEopt/optZ/runZn4k2resplus/part027/
8 /p/QSOpt/NAEopt/optZ/runZn4k2resplus/part027/
9 /p/QSOpt/NAEopt/optZ/runZn4k2resplus/part027/
7 /p/QSOpt/NAEopt/optZ/runZn4k2resplus/part027/
0 /p/QSOpt/NAEopt/optZ/runZn4k2resplus/part027/
1 /p/QSOpt/NAEopt/optZ/runZn4k2resplus/part027/
2 /p/QSOpt/NAEopt/optZ/runZn4k2resplus/part027/
3 /p/QSOpt/NAEopt/optZ/runZn4k2resplus/part027/
4 /p/QSOpt/NAEopt/optZ/runZn4k2resplus/part027/
5 /p/QSOpt/NAEopt/optZ/runZn4k2resplus/part027/
6 /p/QSOpt/NAEopt/optZ/runZn4k2resplus/part027/
7 /p/QSOpt/NAEopt/optZ/runZn4k2resplus/part027/
8 /p/QSOpt/NAEopt/optZ/runZn4k2resplus/part027/
9 /p/QSOpt/NAEopt/optZ/runZn4k2resplus/part027/
8 /p/QSOpt/NAEopt/optZ/runZn4k2resplus/part027/
0 /p/QSOpt/NAEopt/optZ/runZn4k2resplus/part027/
1 /p/QSOpt/NAEopt/optZ/runZn4k2resplus/part027/
2 /p/QSOpt/NAEopt/optZ/runZn4k2resplus/part027/
3 /p/QSOpt/NAEopt/optZ/runZn4k2resplus/part027/
4 /p/QSOpt/NAEopt/optZ/runZn4k2resplus/part027/
5 /p/QSOpt/NAEopt/optZ/runZn4k2resplus/part027/
6 /p/QSOpt/NAEopt/optZ/runZn4k2resplus/part027/
7 /p/QSOpt/NAEopt/optZ/runZn4k2resplus/part027/
8 /p/QSOpt/NAEopt/optZ/runZn4k2resplus/part027/
9 /p/QSOpt/NAEopt/optZ/runZn4k2resplus/part027/
9 /p/QSOpt/NAEopt/optZ/runZn4k2resplus/part027/
0 /p/QSOpt/NAEopt/optZ/runZn4k2resplus/part027/
1 /p/QSOpt/NAEopt/optZ/runZn4k2resplus/part027/
2 /p/QSOpt/NAEopt/optZ/runZn4k2resplus/part027/
3 /p/QSOpt/NAEopt/optZ/runZn4k2resplus/part027/
4 /p/QSOpt/NAEopt/optZ/runZn4k2resplus/part027/
5 /p/QSOpt/NAEopt/optZ/runZn4k2resplus/part027/
6 /p/QSOpt/NAEopt/optZ/runZn4k2resplus/part027/
7 /p/QSOpt/NAEopt/optZ/runZn4k2resplus/part027/
8 /p/QSOpt/NAEopt/optZ/runZn4k2resplus/part027/
9 /p/QSOpt/NAEopt/optZ/runZn4k2resplus/part027/
10 /p/QSOpt/NAEopt/optZ/runZn4k2resplus/part027/
0 /p/QSOpt/NAEopt/optZ/runZn4k2resplus/part027/
1 /p/QSOpt/NAEopt/optZ/runZn4k2resplus/part027/
2 /p/QSOpt/NAEopt/optZ/runZn4k2resplus/part027/
3 /p/QSOpt/NAEopt/optZ/runZn4k2resplus/part027/
4 /p/QSOpt/NAEopt/optZ/runZn4k2resplus/part027/
5 /p/QSOpt/NAEopt/optZ/runZn4k2resplus/part027/
6 /p/QSOpt/NAEopt/optZ/runZn4k2resplus/part027/
7 /p/QSOpt/NAEopt/optZ/runZn4k2resplus/part027/
8 /p/QSOpt/NAEopt/optZ/runZn4k2resplus/part027/
9 /p/QSOpt/NAEopt/optZ/runZn4k2resplus/part027/
11 /p/QSOpt/NAEopt/optZ/runZn4k2resplus/part027/
0 /p/QSOpt/NAEopt/optZ/runZn4k2resplus/part027/
1 /p/QSOpt/NAEopt/optZ/runZn4k2resplus/part027/
2 /p/QSOpt/NAEopt/optZ/runZn4k2resplus/part027/
3 /p/QSOpt/NAEopt/optZ/runZn4k2resplus/part027/
4 /p/QSOpt/NAEopt/optZ/runZn4k2resplus/part027/
5 /p/QSOpt/NAEopt/optZ/runZn4k2resplus/part027/
6 /p/QSOpt/NAEopt/optZ/runZn4k2resplus/part027/
7 /p/QSOpt/NAEopt/optZ/runZn4k2resplus/part027/
8 /p/QSOpt/NAEopt/optZ/runZn4k2resplus/part027/
9 /p/QSOpt/NAEopt/optZ/runZn4k2resplus/part027/
12 /p/QSOpt/NAEopt/optZ/runZn4k2resplus/part027/
0 /p/QSOpt/NAEopt/optZ/runZn4k2resplus/part027/
1 /p/QSOpt/NAEopt/optZ/runZn4k2resplus/part027/
2 /p/QSOpt/NAEopt/optZ/runZn4k2resplus/part027/
3 /p/QSOpt/NAEopt/optZ/runZn4k2resplus/part027/
4 /p/QSOpt/NAEopt/optZ/runZn4k2resplus/part027/
5 /p/QSOpt/NAEopt/optZ/runZn4k2resplus/part027/
6 /p/QSOpt/NAEopt/optZ/runZn4k2resplus/part027/
7 /p/QSOpt/NAEopt/optZ/runZn4k2resplus/part027/
8 /p/QSOpt/NAEopt/optZ/runZn4k2resplus/part027/
9 /p/QSOpt/NAEopt/optZ/runZn4k2resplus/part027/
13 /p/QSOpt/NAEopt/optZ/runZn4k2resplus/part027/
0 /p/QSOpt/NAEopt/optZ/runZn4k2resplus/part027/
1 /p/QSOpt/NAEopt/optZ/runZn4k2resplus/part027/
2 /p/QSOpt/NAEopt/optZ/runZn4k2resplus/part027/
3 /p/QSOpt/NAEopt/optZ/runZn4k2resplus/part027/
4 /p/QSOpt/NAEopt/optZ/runZn4k2resplus/part027/
5 /p/QSOpt/NAEopt/optZ/runZn4k2resplus/part027/
6 /p/QSOpt/NAEopt/optZ/runZn4k2resplus/part027/
7 /p/QSOpt/NAEopt/optZ/runZn4k2resplus/part027/
8 /p/QSOpt/NAEopt/optZ/runZn4k2resplus/part027/
9 /p/QSOpt/NAEopt/optZ/runZn4k2resplus/part027/
14 /p/QSOpt/NAEopt/optZ/runZn4k2resplus/part027/
