python optAnhark2optZ.py 15 0.12 0.15 10 -0.011999999999999997 0.0 /p/QSOpt/NAEopt/optZ/runZn4k2resplus/part045/
0 /p/QSOpt/NAEopt/optZ/runZn4k2resplus/part045/
1 /p/QSOpt/NAEopt/optZ/runZn4k2resplus/part045/
2 /p/QSOpt/NAEopt/optZ/runZn4k2resplus/part045/
3 /p/QSOpt/NAEopt/optZ/runZn4k2resplus/part045/
4 /p/QSOpt/NAEopt/optZ/runZn4k2resplus/part045/
5 /p/QSOpt/NAEopt/optZ/runZn4k2resplus/part045/
6 /p/QSOpt/NAEopt/optZ/runZn4k2resplus/part045/
7 /p/QSOpt/NAEopt/optZ/runZn4k2resplus/part045/
8 /p/QSOpt/NAEopt/optZ/runZn4k2resplus/part045/
9 /p/QSOpt/NAEopt/optZ/runZn4k2resplus/part045/
0 /p/QSOpt/NAEopt/optZ/runZn4k2resplus/part045/
0 /p/QSOpt/NAEopt/optZ/runZn4k2resplus/part045/
1 /p/QSOpt/NAEopt/optZ/runZn4k2resplus/part045/
2 /p/QSOpt/NAEopt/optZ/runZn4k2resplus/part045/
3 /p/QSOpt/NAEopt/optZ/runZn4k2resplus/part045/
4 /p/QSOpt/NAEopt/optZ/runZn4k2resplus/part045/
5 /p/QSOpt/NAEopt/optZ/runZn4k2resplus/part045/
6 /p/QSOpt/NAEopt/optZ/runZn4k2resplus/part045/
7 /p/QSOpt/NAEopt/optZ/runZn4k2resplus/part045/
8 /p/QSOpt/NAEopt/optZ/runZn4k2resplus/part045/
9 /p/QSOpt/NAEopt/optZ/runZn4k2resplus/part045/
1 /p/QSOpt/NAEopt/optZ/runZn4k2resplus/part045/
0 /p/QSOpt/NAEopt/optZ/runZn4k2resplus/part045/
1 /p/QSOpt/NAEopt/optZ/runZn4k2resplus/part045/
2 /p/QSOpt/NAEopt/optZ/runZn4k2resplus/part045/
3 /p/QSOpt/NAEopt/optZ/runZn4k2resplus/part045/
4 /p/QSOpt/NAEopt/optZ/runZn4k2resplus/part045/
5 /p/QSOpt/NAEopt/optZ/runZn4k2resplus/part045/
6 /p/QSOpt/NAEopt/optZ/runZn4k2resplus/part045/
7 /p/QSOpt/NAEopt/optZ/runZn4k2resplus/part045/
8 /p/QSOpt/NAEopt/optZ/runZn4k2resplus/part045/
9 /p/QSOpt/NAEopt/optZ/runZn4k2resplus/part045/
2 /p/QSOpt/NAEopt/optZ/runZn4k2resplus/part045/
0 /p/QSOpt/NAEopt/optZ/runZn4k2resplus/part045/
1 /p/QSOpt/NAEopt/optZ/runZn4k2resplus/part045/
2 /p/QSOpt/NAEopt/optZ/runZn4k2resplus/part045/
3 /p/QSOpt/NAEopt/optZ/runZn4k2resplus/part045/
4 /p/QSOpt/NAEopt/optZ/runZn4k2resplus/part045/
5 /p/QSOpt/NAEopt/optZ/runZn4k2resplus/part045/
6 /p/QSOpt/NAEopt/optZ/runZn4k2resplus/part045/
7 /p/QSOpt/NAEopt/optZ/runZn4k2resplus/part045/
8 /p/QSOpt/NAEopt/optZ/runZn4k2resplus/part045/
9 /p/QSOpt/NAEopt/optZ/runZn4k2resplus/part045/
3 /p/QSOpt/NAEopt/optZ/runZn4k2resplus/part045/
0 /p/QSOpt/NAEopt/optZ/runZn4k2resplus/part045/
1 /p/QSOpt/NAEopt/optZ/runZn4k2resplus/part045/
2 /p/QSOpt/NAEopt/optZ/runZn4k2resplus/part045/
3 /p/QSOpt/NAEopt/optZ/runZn4k2resplus/part045/
4 /p/QSOpt/NAEopt/optZ/runZn4k2resplus/part045/
5 /p/QSOpt/NAEopt/optZ/runZn4k2resplus/part045/
6 /p/QSOpt/NAEopt/optZ/runZn4k2resplus/part045/
7 /p/QSOpt/NAEopt/optZ/runZn4k2resplus/part045/
8 /p/QSOpt/NAEopt/optZ/runZn4k2resplus/part045/
9 /p/QSOpt/NAEopt/optZ/runZn4k2resplus/part045/
4 /p/QSOpt/NAEopt/optZ/runZn4k2resplus/part045/
0 /p/QSOpt/NAEopt/optZ/runZn4k2resplus/part045/
1 /p/QSOpt/NAEopt/optZ/runZn4k2resplus/part045/
2 /p/QSOpt/NAEopt/optZ/runZn4k2resplus/part045/
3 /p/QSOpt/NAEopt/optZ/runZn4k2resplus/part045/
4 /p/QSOpt/NAEopt/optZ/runZn4k2resplus/part045/
5 /p/QSOpt/NAEopt/optZ/runZn4k2resplus/part045/
6 /p/QSOpt/NAEopt/optZ/runZn4k2resplus/part045/
7 /p/QSOpt/NAEopt/optZ/runZn4k2resplus/part045/
8 /p/QSOpt/NAEopt/optZ/runZn4k2resplus/part045/
9 /p/QSOpt/NAEopt/optZ/runZn4k2resplus/part045/
5 /p/QSOpt/NAEopt/optZ/runZn4k2resplus/part045/
0 /p/QSOpt/NAEopt/optZ/runZn4k2resplus/part045/
1 /p/QSOpt/NAEopt/optZ/runZn4k2resplus/part045/
2 /p/QSOpt/NAEopt/optZ/runZn4k2resplus/part045/
3 /p/QSOpt/NAEopt/optZ/runZn4k2resplus/part045/
4 /p/QSOpt/NAEopt/optZ/runZn4k2resplus/part045/
5 /p/QSOpt/NAEopt/optZ/runZn4k2resplus/part045/
6 /p/QSOpt/NAEopt/optZ/runZn4k2resplus/part045/
7 /p/QSOpt/NAEopt/optZ/runZn4k2resplus/part045/
8 /p/QSOpt/NAEopt/optZ/runZn4k2resplus/part045/
9 /p/QSOpt/NAEopt/optZ/runZn4k2resplus/part045/
6 /p/QSOpt/NAEopt/optZ/runZn4k2resplus/part045/
0 /p/QSOpt/NAEopt/optZ/runZn4k2resplus/part045/
1 /p/QSOpt/NAEopt/optZ/runZn4k2resplus/part045/
2 /p/QSOpt/NAEopt/optZ/runZn4k2resplus/part045/
3 /p/QSOpt/NAEopt/optZ/runZn4k2resplus/part045/
4 /p/QSOpt/NAEopt/optZ/runZn4k2resplus/part045/
5 /p/QSOpt/NAEopt/optZ/runZn4k2resplus/part045/
6 /p/QSOpt/NAEopt/optZ/runZn4k2resplus/part045/
7 /p/QSOpt/NAEopt/optZ/runZn4k2resplus/part045/
8 /p/QSOpt/NAEopt/optZ/runZn4k2resplus/part045/
9 /p/QSOpt/NAEopt/optZ/runZn4k2resplus/part045/
7 /p/QSOpt/NAEopt/optZ/runZn4k2resplus/part045/
0 /p/QSOpt/NAEopt/optZ/runZn4k2resplus/part045/
1 /p/QSOpt/NAEopt/optZ/runZn4k2resplus/part045/
2 /p/QSOpt/NAEopt/optZ/runZn4k2resplus/part045/
3 /p/QSOpt/NAEopt/optZ/runZn4k2resplus/part045/
4 /p/QSOpt/NAEopt/optZ/runZn4k2resplus/part045/
5 /p/QSOpt/NAEopt/optZ/runZn4k2resplus/part045/
6 /p/QSOpt/NAEopt/optZ/runZn4k2resplus/part045/
7 /p/QSOpt/NAEopt/optZ/runZn4k2resplus/part045/
8 /p/QSOpt/NAEopt/optZ/runZn4k2resplus/part045/
9 /p/QSOpt/NAEopt/optZ/runZn4k2resplus/part045/
8 /p/QSOpt/NAEopt/optZ/runZn4k2resplus/part045/
0 /p/QSOpt/NAEopt/optZ/runZn4k2resplus/part045/
1 /p/QSOpt/NAEopt/optZ/runZn4k2resplus/part045/
2 /p/QSOpt/NAEopt/optZ/runZn4k2resplus/part045/
3 /p/QSOpt/NAEopt/optZ/runZn4k2resplus/part045/
4 /p/QSOpt/NAEopt/optZ/runZn4k2resplus/part045/
5 /p/QSOpt/NAEopt/optZ/runZn4k2resplus/part045/
6 /p/QSOpt/NAEopt/optZ/runZn4k2resplus/part045/
7 /p/QSOpt/NAEopt/optZ/runZn4k2resplus/part045/
8 /p/QSOpt/NAEopt/optZ/runZn4k2resplus/part045/
9 /p/QSOpt/NAEopt/optZ/runZn4k2resplus/part045/
9 /p/QSOpt/NAEopt/optZ/runZn4k2resplus/part045/
0 /p/QSOpt/NAEopt/optZ/runZn4k2resplus/part045/
1 /p/QSOpt/NAEopt/optZ/runZn4k2resplus/part045/
2 /p/QSOpt/NAEopt/optZ/runZn4k2resplus/part045/
3 /p/QSOpt/NAEopt/optZ/runZn4k2resplus/part045/
4 /p/QSOpt/NAEopt/optZ/runZn4k2resplus/part045/
5 /p/QSOpt/NAEopt/optZ/runZn4k2resplus/part045/
6 /p/QSOpt/NAEopt/optZ/runZn4k2resplus/part045/
7 /p/QSOpt/NAEopt/optZ/runZn4k2resplus/part045/
8 /p/QSOpt/NAEopt/optZ/runZn4k2resplus/part045/
9 /p/QSOpt/NAEopt/optZ/runZn4k2resplus/part045/
10 /p/QSOpt/NAEopt/optZ/runZn4k2resplus/part045/
0 /p/QSOpt/NAEopt/optZ/runZn4k2resplus/part045/
1 /p/QSOpt/NAEopt/optZ/runZn4k2resplus/part045/
2 /p/QSOpt/NAEopt/optZ/runZn4k2resplus/part045/
3 /p/QSOpt/NAEopt/optZ/runZn4k2resplus/part045/
4 /p/QSOpt/NAEopt/optZ/runZn4k2resplus/part045/
5 /p/QSOpt/NAEopt/optZ/runZn4k2resplus/part045/
6 /p/QSOpt/NAEopt/optZ/runZn4k2resplus/part045/
7 /p/QSOpt/NAEopt/optZ/runZn4k2resplus/part045/
8 /p/QSOpt/NAEopt/optZ/runZn4k2resplus/part045/
9 /p/QSOpt/NAEopt/optZ/runZn4k2resplus/part045/
11 /p/QSOpt/NAEopt/optZ/runZn4k2resplus/part045/
0 /p/QSOpt/NAEopt/optZ/runZn4k2resplus/part045/
1 /p/QSOpt/NAEopt/optZ/runZn4k2resplus/part045/
2 /p/QSOpt/NAEopt/optZ/runZn4k2resplus/part045/
3 /p/QSOpt/NAEopt/optZ/runZn4k2resplus/part045/
4 /p/QSOpt/NAEopt/optZ/runZn4k2resplus/part045/
5 /p/QSOpt/NAEopt/optZ/runZn4k2resplus/part045/
6 /p/QSOpt/NAEopt/optZ/runZn4k2resplus/part045/
7 /p/QSOpt/NAEopt/optZ/runZn4k2resplus/part045/
8 /p/QSOpt/NAEopt/optZ/runZn4k2resplus/part045/
9 /p/QSOpt/NAEopt/optZ/runZn4k2resplus/part045/
12 /p/QSOpt/NAEopt/optZ/runZn4k2resplus/part045/
0 /p/QSOpt/NAEopt/optZ/runZn4k2resplus/part045/
1 /p/QSOpt/NAEopt/optZ/runZn4k2resplus/part045/
2 /p/QSOpt/NAEopt/optZ/runZn4k2resplus/part045/
3 /p/QSOpt/NAEopt/optZ/runZn4k2resplus/part045/
4 /p/QSOpt/NAEopt/optZ/runZn4k2resplus/part045/
5 /p/QSOpt/NAEopt/optZ/runZn4k2resplus/part045/
6 /p/QSOpt/NAEopt/optZ/runZn4k2resplus/part045/
7 /p/QSOpt/NAEopt/optZ/runZn4k2resplus/part045/
8 /p/QSOpt/NAEopt/optZ/runZn4k2resplus/part045/
9 /p/QSOpt/NAEopt/optZ/runZn4k2resplus/part045/
13 /p/QSOpt/NAEopt/optZ/runZn4k2resplus/part045/
0 /p/QSOpt/NAEopt/optZ/runZn4k2resplus/part045/
1 /p/QSOpt/NAEopt/optZ/runZn4k2resplus/part045/
2 /p/QSOpt/NAEopt/optZ/runZn4k2resplus/part045/
3 /p/QSOpt/NAEopt/optZ/runZn4k2resplus/part045/
4 /p/QSOpt/NAEopt/optZ/runZn4k2resplus/part045/
5 /p/QSOpt/NAEopt/optZ/runZn4k2resplus/part045/
6 /p/QSOpt/NAEopt/optZ/runZn4k2resplus/part045/
7 /p/QSOpt/NAEopt/optZ/runZn4k2resplus/part045/
8 /p/QSOpt/NAEopt/optZ/runZn4k2resplus/part045/
9 /p/QSOpt/NAEopt/optZ/runZn4k2resplus/part045/
14 /p/QSOpt/NAEopt/optZ/runZn4k2resplus/part045/
