python optAnhark2optZ.py 15 0.09 0.12 10 0.036000000000000004 0.048 /p/QSOpt/NAEopt/optZ/runZn4k2resplus/part039/
0 /p/QSOpt/NAEopt/optZ/runZn4k2resplus/part039/
1 /p/QSOpt/NAEopt/optZ/runZn4k2resplus/part039/
2 /p/QSOpt/NAEopt/optZ/runZn4k2resplus/part039/
3 /p/QSOpt/NAEopt/optZ/runZn4k2resplus/part039/
4 /p/QSOpt/NAEopt/optZ/runZn4k2resplus/part039/
5 /p/QSOpt/NAEopt/optZ/runZn4k2resplus/part039/
6 /p/QSOpt/NAEopt/optZ/runZn4k2resplus/part039/
7 /p/QSOpt/NAEopt/optZ/runZn4k2resplus/part039/
8 /p/QSOpt/NAEopt/optZ/runZn4k2resplus/part039/
9 /p/QSOpt/NAEopt/optZ/runZn4k2resplus/part039/
0 /p/QSOpt/NAEopt/optZ/runZn4k2resplus/part039/
0 /p/QSOpt/NAEopt/optZ/runZn4k2resplus/part039/
1 /p/QSOpt/NAEopt/optZ/runZn4k2resplus/part039/
2 /p/QSOpt/NAEopt/optZ/runZn4k2resplus/part039/
3 /p/QSOpt/NAEopt/optZ/runZn4k2resplus/part039/
4 /p/QSOpt/NAEopt/optZ/runZn4k2resplus/part039/
5 /p/QSOpt/NAEopt/optZ/runZn4k2resplus/part039/
6 /p/QSOpt/NAEopt/optZ/runZn4k2resplus/part039/
7 /p/QSOpt/NAEopt/optZ/runZn4k2resplus/part039/
8 /p/QSOpt/NAEopt/optZ/runZn4k2resplus/part039/
9 /p/QSOpt/NAEopt/optZ/runZn4k2resplus/part039/
1 /p/QSOpt/NAEopt/optZ/runZn4k2resplus/part039/
0 /p/QSOpt/NAEopt/optZ/runZn4k2resplus/part039/
1 /p/QSOpt/NAEopt/optZ/runZn4k2resplus/part039/
2 /p/QSOpt/NAEopt/optZ/runZn4k2resplus/part039/
3 /p/QSOpt/NAEopt/optZ/runZn4k2resplus/part039/
4 /p/QSOpt/NAEopt/optZ/runZn4k2resplus/part039/
5 /p/QSOpt/NAEopt/optZ/runZn4k2resplus/part039/
6 /p/QSOpt/NAEopt/optZ/runZn4k2resplus/part039/
7 /p/QSOpt/NAEopt/optZ/runZn4k2resplus/part039/
8 /p/QSOpt/NAEopt/optZ/runZn4k2resplus/part039/
9 /p/QSOpt/NAEopt/optZ/runZn4k2resplus/part039/
2 /p/QSOpt/NAEopt/optZ/runZn4k2resplus/part039/
0 /p/QSOpt/NAEopt/optZ/runZn4k2resplus/part039/
1 /p/QSOpt/NAEopt/optZ/runZn4k2resplus/part039/
2 /p/QSOpt/NAEopt/optZ/runZn4k2resplus/part039/
3 /p/QSOpt/NAEopt/optZ/runZn4k2resplus/part039/
4 /p/QSOpt/NAEopt/optZ/runZn4k2resplus/part039/
5 /p/QSOpt/NAEopt/optZ/runZn4k2resplus/part039/
6 /p/QSOpt/NAEopt/optZ/runZn4k2resplus/part039/
7 /p/QSOpt/NAEopt/optZ/runZn4k2resplus/part039/
8 /p/QSOpt/NAEopt/optZ/runZn4k2resplus/part039/
9 /p/QSOpt/NAEopt/optZ/runZn4k2resplus/part039/
3 /p/QSOpt/NAEopt/optZ/runZn4k2resplus/part039/
0 /p/QSOpt/NAEopt/optZ/runZn4k2resplus/part039/
1 /p/QSOpt/NAEopt/optZ/runZn4k2resplus/part039/
2 /p/QSOpt/NAEopt/optZ/runZn4k2resplus/part039/
3 /p/QSOpt/NAEopt/optZ/runZn4k2resplus/part039/
4 /p/QSOpt/NAEopt/optZ/runZn4k2resplus/part039/
5 /p/QSOpt/NAEopt/optZ/runZn4k2resplus/part039/
6 /p/QSOpt/NAEopt/optZ/runZn4k2resplus/part039/
7 /p/QSOpt/NAEopt/optZ/runZn4k2resplus/part039/
8 /p/QSOpt/NAEopt/optZ/runZn4k2resplus/part039/
9 /p/QSOpt/NAEopt/optZ/runZn4k2resplus/part039/
4 /p/QSOpt/NAEopt/optZ/runZn4k2resplus/part039/
0 /p/QSOpt/NAEopt/optZ/runZn4k2resplus/part039/
1 /p/QSOpt/NAEopt/optZ/runZn4k2resplus/part039/
2 /p/QSOpt/NAEopt/optZ/runZn4k2resplus/part039/
3 /p/QSOpt/NAEopt/optZ/runZn4k2resplus/part039/
4 /p/QSOpt/NAEopt/optZ/runZn4k2resplus/part039/
5 /p/QSOpt/NAEopt/optZ/runZn4k2resplus/part039/
6 /p/QSOpt/NAEopt/optZ/runZn4k2resplus/part039/
7 /p/QSOpt/NAEopt/optZ/runZn4k2resplus/part039/
8 /p/QSOpt/NAEopt/optZ/runZn4k2resplus/part039/
9 /p/QSOpt/NAEopt/optZ/runZn4k2resplus/part039/
5 /p/QSOpt/NAEopt/optZ/runZn4k2resplus/part039/
0 /p/QSOpt/NAEopt/optZ/runZn4k2resplus/part039/
1 /p/QSOpt/NAEopt/optZ/runZn4k2resplus/part039/
2 /p/QSOpt/NAEopt/optZ/runZn4k2resplus/part039/
3 /p/QSOpt/NAEopt/optZ/runZn4k2resplus/part039/
4 /p/QSOpt/NAEopt/optZ/runZn4k2resplus/part039/
5 /p/QSOpt/NAEopt/optZ/runZn4k2resplus/part039/
6 /p/QSOpt/NAEopt/optZ/runZn4k2resplus/part039/
7 /p/QSOpt/NAEopt/optZ/runZn4k2resplus/part039/
8 /p/QSOpt/NAEopt/optZ/runZn4k2resplus/part039/
9 /p/QSOpt/NAEopt/optZ/runZn4k2resplus/part039/
6 /p/QSOpt/NAEopt/optZ/runZn4k2resplus/part039/
0 /p/QSOpt/NAEopt/optZ/runZn4k2resplus/part039/
1 /p/QSOpt/NAEopt/optZ/runZn4k2resplus/part039/
2 /p/QSOpt/NAEopt/optZ/runZn4k2resplus/part039/
3 /p/QSOpt/NAEopt/optZ/runZn4k2resplus/part039/
4 /p/QSOpt/NAEopt/optZ/runZn4k2resplus/part039/
5 /p/QSOpt/NAEopt/optZ/runZn4k2resplus/part039/
6 /p/QSOpt/NAEopt/optZ/runZn4k2resplus/part039/
7 /p/QSOpt/NAEopt/optZ/runZn4k2resplus/part039/
8 /p/QSOpt/NAEopt/optZ/runZn4k2resplus/part039/
9 /p/QSOpt/NAEopt/optZ/runZn4k2resplus/part039/
7 /p/QSOpt/NAEopt/optZ/runZn4k2resplus/part039/
0 /p/QSOpt/NAEopt/optZ/runZn4k2resplus/part039/
1 /p/QSOpt/NAEopt/optZ/runZn4k2resplus/part039/
2 /p/QSOpt/NAEopt/optZ/runZn4k2resplus/part039/
3 /p/QSOpt/NAEopt/optZ/runZn4k2resplus/part039/
4 /p/QSOpt/NAEopt/optZ/runZn4k2resplus/part039/
5 /p/QSOpt/NAEopt/optZ/runZn4k2resplus/part039/
6 /p/QSOpt/NAEopt/optZ/runZn4k2resplus/part039/
7 /p/QSOpt/NAEopt/optZ/runZn4k2resplus/part039/
8 /p/QSOpt/NAEopt/optZ/runZn4k2resplus/part039/
9 /p/QSOpt/NAEopt/optZ/runZn4k2resplus/part039/
8 /p/QSOpt/NAEopt/optZ/runZn4k2resplus/part039/
0 /p/QSOpt/NAEopt/optZ/runZn4k2resplus/part039/
1 /p/QSOpt/NAEopt/optZ/runZn4k2resplus/part039/
2 /p/QSOpt/NAEopt/optZ/runZn4k2resplus/part039/
3 /p/QSOpt/NAEopt/optZ/runZn4k2resplus/part039/
4 /p/QSOpt/NAEopt/optZ/runZn4k2resplus/part039/
5 /p/QSOpt/NAEopt/optZ/runZn4k2resplus/part039/
6 /p/QSOpt/NAEopt/optZ/runZn4k2resplus/part039/
7 /p/QSOpt/NAEopt/optZ/runZn4k2resplus/part039/
8 /p/QSOpt/NAEopt/optZ/runZn4k2resplus/part039/
9 /p/QSOpt/NAEopt/optZ/runZn4k2resplus/part039/
9 /p/QSOpt/NAEopt/optZ/runZn4k2resplus/part039/
0 /p/QSOpt/NAEopt/optZ/runZn4k2resplus/part039/
1 /p/QSOpt/NAEopt/optZ/runZn4k2resplus/part039/
2 /p/QSOpt/NAEopt/optZ/runZn4k2resplus/part039/
3 /p/QSOpt/NAEopt/optZ/runZn4k2resplus/part039/
4 /p/QSOpt/NAEopt/optZ/runZn4k2resplus/part039/
5 /p/QSOpt/NAEopt/optZ/runZn4k2resplus/part039/
6 /p/QSOpt/NAEopt/optZ/runZn4k2resplus/part039/
7 /p/QSOpt/NAEopt/optZ/runZn4k2resplus/part039/
8 /p/QSOpt/NAEopt/optZ/runZn4k2resplus/part039/
9 /p/QSOpt/NAEopt/optZ/runZn4k2resplus/part039/
10 /p/QSOpt/NAEopt/optZ/runZn4k2resplus/part039/
0 /p/QSOpt/NAEopt/optZ/runZn4k2resplus/part039/
1 /p/QSOpt/NAEopt/optZ/runZn4k2resplus/part039/
2 /p/QSOpt/NAEopt/optZ/runZn4k2resplus/part039/
3 /p/QSOpt/NAEopt/optZ/runZn4k2resplus/part039/
4 /p/QSOpt/NAEopt/optZ/runZn4k2resplus/part039/
5 /p/QSOpt/NAEopt/optZ/runZn4k2resplus/part039/
6 /p/QSOpt/NAEopt/optZ/runZn4k2resplus/part039/
7 /p/QSOpt/NAEopt/optZ/runZn4k2resplus/part039/
8 /p/QSOpt/NAEopt/optZ/runZn4k2resplus/part039/
9 /p/QSOpt/NAEopt/optZ/runZn4k2resplus/part039/
11 /p/QSOpt/NAEopt/optZ/runZn4k2resplus/part039/
0 /p/QSOpt/NAEopt/optZ/runZn4k2resplus/part039/
1 /p/QSOpt/NAEopt/optZ/runZn4k2resplus/part039/
2 /p/QSOpt/NAEopt/optZ/runZn4k2resplus/part039/
3 /p/QSOpt/NAEopt/optZ/runZn4k2resplus/part039/
4 /p/QSOpt/NAEopt/optZ/runZn4k2resplus/part039/
5 /p/QSOpt/NAEopt/optZ/runZn4k2resplus/part039/
6 /p/QSOpt/NAEopt/optZ/runZn4k2resplus/part039/
7 /p/QSOpt/NAEopt/optZ/runZn4k2resplus/part039/
8 /p/QSOpt/NAEopt/optZ/runZn4k2resplus/part039/
9 /p/QSOpt/NAEopt/optZ/runZn4k2resplus/part039/
12 /p/QSOpt/NAEopt/optZ/runZn4k2resplus/part039/
0 /p/QSOpt/NAEopt/optZ/runZn4k2resplus/part039/
1 /p/QSOpt/NAEopt/optZ/runZn4k2resplus/part039/
2 /p/QSOpt/NAEopt/optZ/runZn4k2resplus/part039/
3 /p/QSOpt/NAEopt/optZ/runZn4k2resplus/part039/
4 /p/QSOpt/NAEopt/optZ/runZn4k2resplus/part039/
5 /p/QSOpt/NAEopt/optZ/runZn4k2resplus/part039/
6 /p/QSOpt/NAEopt/optZ/runZn4k2resplus/part039/
7 /p/QSOpt/NAEopt/optZ/runZn4k2resplus/part039/
8 /p/QSOpt/NAEopt/optZ/runZn4k2resplus/part039/
9 /p/QSOpt/NAEopt/optZ/runZn4k2resplus/part039/
13 /p/QSOpt/NAEopt/optZ/runZn4k2resplus/part039/
0 /p/QSOpt/NAEopt/optZ/runZn4k2resplus/part039/
1 /p/QSOpt/NAEopt/optZ/runZn4k2resplus/part039/
2 /p/QSOpt/NAEopt/optZ/runZn4k2resplus/part039/
3 /p/QSOpt/NAEopt/optZ/runZn4k2resplus/part039/
4 /p/QSOpt/NAEopt/optZ/runZn4k2resplus/part039/
5 /p/QSOpt/NAEopt/optZ/runZn4k2resplus/part039/
6 /p/QSOpt/NAEopt/optZ/runZn4k2resplus/part039/
7 /p/QSOpt/NAEopt/optZ/runZn4k2resplus/part039/
8 /p/QSOpt/NAEopt/optZ/runZn4k2resplus/part039/
9 /p/QSOpt/NAEopt/optZ/runZn4k2resplus/part039/
14 /p/QSOpt/NAEopt/optZ/runZn4k2resplus/part039/
