python optAnhark2optZ.py 15 0.12 0.15 10 -0.036 -0.023999999999999994 /p/QSOpt/NAEopt/optZ/runZn4k2resplus/part043/
0 /p/QSOpt/NAEopt/optZ/runZn4k2resplus/part043/
1 /p/QSOpt/NAEopt/optZ/runZn4k2resplus/part043/
2 /p/QSOpt/NAEopt/optZ/runZn4k2resplus/part043/
3 /p/QSOpt/NAEopt/optZ/runZn4k2resplus/part043/
4 /p/QSOpt/NAEopt/optZ/runZn4k2resplus/part043/
5 /p/QSOpt/NAEopt/optZ/runZn4k2resplus/part043/
6 /p/QSOpt/NAEopt/optZ/runZn4k2resplus/part043/
7 /p/QSOpt/NAEopt/optZ/runZn4k2resplus/part043/
8 /p/QSOpt/NAEopt/optZ/runZn4k2resplus/part043/
9 /p/QSOpt/NAEopt/optZ/runZn4k2resplus/part043/
0 /p/QSOpt/NAEopt/optZ/runZn4k2resplus/part043/
0 /p/QSOpt/NAEopt/optZ/runZn4k2resplus/part043/
1 /p/QSOpt/NAEopt/optZ/runZn4k2resplus/part043/
2 /p/QSOpt/NAEopt/optZ/runZn4k2resplus/part043/
3 /p/QSOpt/NAEopt/optZ/runZn4k2resplus/part043/
4 /p/QSOpt/NAEopt/optZ/runZn4k2resplus/part043/
5 /p/QSOpt/NAEopt/optZ/runZn4k2resplus/part043/
6 /p/QSOpt/NAEopt/optZ/runZn4k2resplus/part043/
7 /p/QSOpt/NAEopt/optZ/runZn4k2resplus/part043/
8 /p/QSOpt/NAEopt/optZ/runZn4k2resplus/part043/
9 /p/QSOpt/NAEopt/optZ/runZn4k2resplus/part043/
1 /p/QSOpt/NAEopt/optZ/runZn4k2resplus/part043/
0 /p/QSOpt/NAEopt/optZ/runZn4k2resplus/part043/
1 /p/QSOpt/NAEopt/optZ/runZn4k2resplus/part043/
2 /p/QSOpt/NAEopt/optZ/runZn4k2resplus/part043/
3 /p/QSOpt/NAEopt/optZ/runZn4k2resplus/part043/
4 /p/QSOpt/NAEopt/optZ/runZn4k2resplus/part043/
5 /p/QSOpt/NAEopt/optZ/runZn4k2resplus/part043/
6 /p/QSOpt/NAEopt/optZ/runZn4k2resplus/part043/
7 /p/QSOpt/NAEopt/optZ/runZn4k2resplus/part043/
8 /p/QSOpt/NAEopt/optZ/runZn4k2resplus/part043/
9 /p/QSOpt/NAEopt/optZ/runZn4k2resplus/part043/
2 /p/QSOpt/NAEopt/optZ/runZn4k2resplus/part043/
0 /p/QSOpt/NAEopt/optZ/runZn4k2resplus/part043/
1 /p/QSOpt/NAEopt/optZ/runZn4k2resplus/part043/
2 /p/QSOpt/NAEopt/optZ/runZn4k2resplus/part043/
3 /p/QSOpt/NAEopt/optZ/runZn4k2resplus/part043/
4 /p/QSOpt/NAEopt/optZ/runZn4k2resplus/part043/
5 /p/QSOpt/NAEopt/optZ/runZn4k2resplus/part043/
6 /p/QSOpt/NAEopt/optZ/runZn4k2resplus/part043/
7 /p/QSOpt/NAEopt/optZ/runZn4k2resplus/part043/
8 /p/QSOpt/NAEopt/optZ/runZn4k2resplus/part043/
9 /p/QSOpt/NAEopt/optZ/runZn4k2resplus/part043/
3 /p/QSOpt/NAEopt/optZ/runZn4k2resplus/part043/
0 /p/QSOpt/NAEopt/optZ/runZn4k2resplus/part043/
1 /p/QSOpt/NAEopt/optZ/runZn4k2resplus/part043/
2 /p/QSOpt/NAEopt/optZ/runZn4k2resplus/part043/
3 /p/QSOpt/NAEopt/optZ/runZn4k2resplus/part043/
4 /p/QSOpt/NAEopt/optZ/runZn4k2resplus/part043/
5 /p/QSOpt/NAEopt/optZ/runZn4k2resplus/part043/
6 /p/QSOpt/NAEopt/optZ/runZn4k2resplus/part043/
7 /p/QSOpt/NAEopt/optZ/runZn4k2resplus/part043/
8 /p/QSOpt/NAEopt/optZ/runZn4k2resplus/part043/
9 /p/QSOpt/NAEopt/optZ/runZn4k2resplus/part043/
4 /p/QSOpt/NAEopt/optZ/runZn4k2resplus/part043/
0 /p/QSOpt/NAEopt/optZ/runZn4k2resplus/part043/
1 /p/QSOpt/NAEopt/optZ/runZn4k2resplus/part043/
2 /p/QSOpt/NAEopt/optZ/runZn4k2resplus/part043/
3 /p/QSOpt/NAEopt/optZ/runZn4k2resplus/part043/
4 /p/QSOpt/NAEopt/optZ/runZn4k2resplus/part043/
5 /p/QSOpt/NAEopt/optZ/runZn4k2resplus/part043/
6 /p/QSOpt/NAEopt/optZ/runZn4k2resplus/part043/
7 /p/QSOpt/NAEopt/optZ/runZn4k2resplus/part043/
8 /p/QSOpt/NAEopt/optZ/runZn4k2resplus/part043/
9 /p/QSOpt/NAEopt/optZ/runZn4k2resplus/part043/
5 /p/QSOpt/NAEopt/optZ/runZn4k2resplus/part043/
0 /p/QSOpt/NAEopt/optZ/runZn4k2resplus/part043/
1 /p/QSOpt/NAEopt/optZ/runZn4k2resplus/part043/
2 /p/QSOpt/NAEopt/optZ/runZn4k2resplus/part043/
3 /p/QSOpt/NAEopt/optZ/runZn4k2resplus/part043/
4 /p/QSOpt/NAEopt/optZ/runZn4k2resplus/part043/
5 /p/QSOpt/NAEopt/optZ/runZn4k2resplus/part043/
6 /p/QSOpt/NAEopt/optZ/runZn4k2resplus/part043/
7 /p/QSOpt/NAEopt/optZ/runZn4k2resplus/part043/
8 /p/QSOpt/NAEopt/optZ/runZn4k2resplus/part043/
9 /p/QSOpt/NAEopt/optZ/runZn4k2resplus/part043/
6 /p/QSOpt/NAEopt/optZ/runZn4k2resplus/part043/
0 /p/QSOpt/NAEopt/optZ/runZn4k2resplus/part043/
1 /p/QSOpt/NAEopt/optZ/runZn4k2resplus/part043/
2 /p/QSOpt/NAEopt/optZ/runZn4k2resplus/part043/
3 /p/QSOpt/NAEopt/optZ/runZn4k2resplus/part043/
4 /p/QSOpt/NAEopt/optZ/runZn4k2resplus/part043/
5 /p/QSOpt/NAEopt/optZ/runZn4k2resplus/part043/
6 /p/QSOpt/NAEopt/optZ/runZn4k2resplus/part043/
7 /p/QSOpt/NAEopt/optZ/runZn4k2resplus/part043/
8 /p/QSOpt/NAEopt/optZ/runZn4k2resplus/part043/
9 /p/QSOpt/NAEopt/optZ/runZn4k2resplus/part043/
7 /p/QSOpt/NAEopt/optZ/runZn4k2resplus/part043/
0 /p/QSOpt/NAEopt/optZ/runZn4k2resplus/part043/
1 /p/QSOpt/NAEopt/optZ/runZn4k2resplus/part043/
2 /p/QSOpt/NAEopt/optZ/runZn4k2resplus/part043/
3 /p/QSOpt/NAEopt/optZ/runZn4k2resplus/part043/
4 /p/QSOpt/NAEopt/optZ/runZn4k2resplus/part043/
5 /p/QSOpt/NAEopt/optZ/runZn4k2resplus/part043/
6 /p/QSOpt/NAEopt/optZ/runZn4k2resplus/part043/
7 /p/QSOpt/NAEopt/optZ/runZn4k2resplus/part043/
8 /p/QSOpt/NAEopt/optZ/runZn4k2resplus/part043/
9 /p/QSOpt/NAEopt/optZ/runZn4k2resplus/part043/
8 /p/QSOpt/NAEopt/optZ/runZn4k2resplus/part043/
0 /p/QSOpt/NAEopt/optZ/runZn4k2resplus/part043/
1 /p/QSOpt/NAEopt/optZ/runZn4k2resplus/part043/
2 /p/QSOpt/NAEopt/optZ/runZn4k2resplus/part043/
3 /p/QSOpt/NAEopt/optZ/runZn4k2resplus/part043/
4 /p/QSOpt/NAEopt/optZ/runZn4k2resplus/part043/
5 /p/QSOpt/NAEopt/optZ/runZn4k2resplus/part043/
6 /p/QSOpt/NAEopt/optZ/runZn4k2resplus/part043/
7 /p/QSOpt/NAEopt/optZ/runZn4k2resplus/part043/
8 /p/QSOpt/NAEopt/optZ/runZn4k2resplus/part043/
9 /p/QSOpt/NAEopt/optZ/runZn4k2resplus/part043/
9 /p/QSOpt/NAEopt/optZ/runZn4k2resplus/part043/
0 /p/QSOpt/NAEopt/optZ/runZn4k2resplus/part043/
1 /p/QSOpt/NAEopt/optZ/runZn4k2resplus/part043/
2 /p/QSOpt/NAEopt/optZ/runZn4k2resplus/part043/
3 /p/QSOpt/NAEopt/optZ/runZn4k2resplus/part043/
4 /p/QSOpt/NAEopt/optZ/runZn4k2resplus/part043/
5 /p/QSOpt/NAEopt/optZ/runZn4k2resplus/part043/
6 /p/QSOpt/NAEopt/optZ/runZn4k2resplus/part043/
7 /p/QSOpt/NAEopt/optZ/runZn4k2resplus/part043/
8 /p/QSOpt/NAEopt/optZ/runZn4k2resplus/part043/
9 /p/QSOpt/NAEopt/optZ/runZn4k2resplus/part043/
10 /p/QSOpt/NAEopt/optZ/runZn4k2resplus/part043/
0 /p/QSOpt/NAEopt/optZ/runZn4k2resplus/part043/
1 /p/QSOpt/NAEopt/optZ/runZn4k2resplus/part043/
2 /p/QSOpt/NAEopt/optZ/runZn4k2resplus/part043/
3 /p/QSOpt/NAEopt/optZ/runZn4k2resplus/part043/
4 /p/QSOpt/NAEopt/optZ/runZn4k2resplus/part043/
5 /p/QSOpt/NAEopt/optZ/runZn4k2resplus/part043/
6 /p/QSOpt/NAEopt/optZ/runZn4k2resplus/part043/
7 /p/QSOpt/NAEopt/optZ/runZn4k2resplus/part043/
8 /p/QSOpt/NAEopt/optZ/runZn4k2resplus/part043/
9 /p/QSOpt/NAEopt/optZ/runZn4k2resplus/part043/
11 /p/QSOpt/NAEopt/optZ/runZn4k2resplus/part043/
0 /p/QSOpt/NAEopt/optZ/runZn4k2resplus/part043/
1 /p/QSOpt/NAEopt/optZ/runZn4k2resplus/part043/
2 /p/QSOpt/NAEopt/optZ/runZn4k2resplus/part043/
3 /p/QSOpt/NAEopt/optZ/runZn4k2resplus/part043/
4 /p/QSOpt/NAEopt/optZ/runZn4k2resplus/part043/
5 /p/QSOpt/NAEopt/optZ/runZn4k2resplus/part043/
6 /p/QSOpt/NAEopt/optZ/runZn4k2resplus/part043/
7 /p/QSOpt/NAEopt/optZ/runZn4k2resplus/part043/
8 /p/QSOpt/NAEopt/optZ/runZn4k2resplus/part043/
9 /p/QSOpt/NAEopt/optZ/runZn4k2resplus/part043/
12 /p/QSOpt/NAEopt/optZ/runZn4k2resplus/part043/
0 /p/QSOpt/NAEopt/optZ/runZn4k2resplus/part043/
1 /p/QSOpt/NAEopt/optZ/runZn4k2resplus/part043/
2 /p/QSOpt/NAEopt/optZ/runZn4k2resplus/part043/
3 /p/QSOpt/NAEopt/optZ/runZn4k2resplus/part043/
4 /p/QSOpt/NAEopt/optZ/runZn4k2resplus/part043/
5 /p/QSOpt/NAEopt/optZ/runZn4k2resplus/part043/
6 /p/QSOpt/NAEopt/optZ/runZn4k2resplus/part043/
7 /p/QSOpt/NAEopt/optZ/runZn4k2resplus/part043/
8 /p/QSOpt/NAEopt/optZ/runZn4k2resplus/part043/
9 /p/QSOpt/NAEopt/optZ/runZn4k2resplus/part043/
13 /p/QSOpt/NAEopt/optZ/runZn4k2resplus/part043/
0 /p/QSOpt/NAEopt/optZ/runZn4k2resplus/part043/
1 /p/QSOpt/NAEopt/optZ/runZn4k2resplus/part043/
2 /p/QSOpt/NAEopt/optZ/runZn4k2resplus/part043/
3 /p/QSOpt/NAEopt/optZ/runZn4k2resplus/part043/
4 /p/QSOpt/NAEopt/optZ/runZn4k2resplus/part043/
5 /p/QSOpt/NAEopt/optZ/runZn4k2resplus/part043/
6 /p/QSOpt/NAEopt/optZ/runZn4k2resplus/part043/
7 /p/QSOpt/NAEopt/optZ/runZn4k2resplus/part043/
8 /p/QSOpt/NAEopt/optZ/runZn4k2resplus/part043/
9 /p/QSOpt/NAEopt/optZ/runZn4k2resplus/part043/
14 /p/QSOpt/NAEopt/optZ/runZn4k2resplus/part043/
