python optAnhark2optZ.py 15 0.27 0.3 10 -0.06 -0.048 /p/QSOpt/NAEopt/optZ/runZn4k2resplus/part091/
0 /p/QSOpt/NAEopt/optZ/runZn4k2resplus/part091/
1 /p/QSOpt/NAEopt/optZ/runZn4k2resplus/part091/
2 /p/QSOpt/NAEopt/optZ/runZn4k2resplus/part091/
3 /p/QSOpt/NAEopt/optZ/runZn4k2resplus/part091/
4 /p/QSOpt/NAEopt/optZ/runZn4k2resplus/part091/
5 /p/QSOpt/NAEopt/optZ/runZn4k2resplus/part091/
6 /p/QSOpt/NAEopt/optZ/runZn4k2resplus/part091/
7 /p/QSOpt/NAEopt/optZ/runZn4k2resplus/part091/
8 /p/QSOpt/NAEopt/optZ/runZn4k2resplus/part091/
9 /p/QSOpt/NAEopt/optZ/runZn4k2resplus/part091/
0 /p/QSOpt/NAEopt/optZ/runZn4k2resplus/part091/
0 /p/QSOpt/NAEopt/optZ/runZn4k2resplus/part091/
1 /p/QSOpt/NAEopt/optZ/runZn4k2resplus/part091/
2 /p/QSOpt/NAEopt/optZ/runZn4k2resplus/part091/
3 /p/QSOpt/NAEopt/optZ/runZn4k2resplus/part091/
4 /p/QSOpt/NAEopt/optZ/runZn4k2resplus/part091/
5 /p/QSOpt/NAEopt/optZ/runZn4k2resplus/part091/
6 /p/QSOpt/NAEopt/optZ/runZn4k2resplus/part091/
7 /p/QSOpt/NAEopt/optZ/runZn4k2resplus/part091/
8 /p/QSOpt/NAEopt/optZ/runZn4k2resplus/part091/
9 /p/QSOpt/NAEopt/optZ/runZn4k2resplus/part091/
1 /p/QSOpt/NAEopt/optZ/runZn4k2resplus/part091/
0 /p/QSOpt/NAEopt/optZ/runZn4k2resplus/part091/
1 /p/QSOpt/NAEopt/optZ/runZn4k2resplus/part091/
2 /p/QSOpt/NAEopt/optZ/runZn4k2resplus/part091/
3 /p/QSOpt/NAEopt/optZ/runZn4k2resplus/part091/
4 /p/QSOpt/NAEopt/optZ/runZn4k2resplus/part091/
5 /p/QSOpt/NAEopt/optZ/runZn4k2resplus/part091/
6 /p/QSOpt/NAEopt/optZ/runZn4k2resplus/part091/
7 /p/QSOpt/NAEopt/optZ/runZn4k2resplus/part091/
8 /p/QSOpt/NAEopt/optZ/runZn4k2resplus/part091/
9 /p/QSOpt/NAEopt/optZ/runZn4k2resplus/part091/
2 /p/QSOpt/NAEopt/optZ/runZn4k2resplus/part091/
0 /p/QSOpt/NAEopt/optZ/runZn4k2resplus/part091/
1 /p/QSOpt/NAEopt/optZ/runZn4k2resplus/part091/
2 /p/QSOpt/NAEopt/optZ/runZn4k2resplus/part091/
3 /p/QSOpt/NAEopt/optZ/runZn4k2resplus/part091/
4 /p/QSOpt/NAEopt/optZ/runZn4k2resplus/part091/
5 /p/QSOpt/NAEopt/optZ/runZn4k2resplus/part091/
6 /p/QSOpt/NAEopt/optZ/runZn4k2resplus/part091/
7 /p/QSOpt/NAEopt/optZ/runZn4k2resplus/part091/
8 /p/QSOpt/NAEopt/optZ/runZn4k2resplus/part091/
9 /p/QSOpt/NAEopt/optZ/runZn4k2resplus/part091/
3 /p/QSOpt/NAEopt/optZ/runZn4k2resplus/part091/
0 /p/QSOpt/NAEopt/optZ/runZn4k2resplus/part091/
1 /p/QSOpt/NAEopt/optZ/runZn4k2resplus/part091/
2 /p/QSOpt/NAEopt/optZ/runZn4k2resplus/part091/
3 /p/QSOpt/NAEopt/optZ/runZn4k2resplus/part091/
4 /p/QSOpt/NAEopt/optZ/runZn4k2resplus/part091/
5 /p/QSOpt/NAEopt/optZ/runZn4k2resplus/part091/
6 /p/QSOpt/NAEopt/optZ/runZn4k2resplus/part091/
7 /p/QSOpt/NAEopt/optZ/runZn4k2resplus/part091/
8 /p/QSOpt/NAEopt/optZ/runZn4k2resplus/part091/
9 /p/QSOpt/NAEopt/optZ/runZn4k2resplus/part091/
4 /p/QSOpt/NAEopt/optZ/runZn4k2resplus/part091/
0 /p/QSOpt/NAEopt/optZ/runZn4k2resplus/part091/
1 /p/QSOpt/NAEopt/optZ/runZn4k2resplus/part091/
2 /p/QSOpt/NAEopt/optZ/runZn4k2resplus/part091/
3 /p/QSOpt/NAEopt/optZ/runZn4k2resplus/part091/
4 /p/QSOpt/NAEopt/optZ/runZn4k2resplus/part091/
5 /p/QSOpt/NAEopt/optZ/runZn4k2resplus/part091/
6 /p/QSOpt/NAEopt/optZ/runZn4k2resplus/part091/
7 /p/QSOpt/NAEopt/optZ/runZn4k2resplus/part091/
8 /p/QSOpt/NAEopt/optZ/runZn4k2resplus/part091/
9 /p/QSOpt/NAEopt/optZ/runZn4k2resplus/part091/
5 /p/QSOpt/NAEopt/optZ/runZn4k2resplus/part091/
0 /p/QSOpt/NAEopt/optZ/runZn4k2resplus/part091/
1 /p/QSOpt/NAEopt/optZ/runZn4k2resplus/part091/
2 /p/QSOpt/NAEopt/optZ/runZn4k2resplus/part091/
3 /p/QSOpt/NAEopt/optZ/runZn4k2resplus/part091/
4 /p/QSOpt/NAEopt/optZ/runZn4k2resplus/part091/
5 /p/QSOpt/NAEopt/optZ/runZn4k2resplus/part091/
6 /p/QSOpt/NAEopt/optZ/runZn4k2resplus/part091/
7 /p/QSOpt/NAEopt/optZ/runZn4k2resplus/part091/
8 /p/QSOpt/NAEopt/optZ/runZn4k2resplus/part091/
9 /p/QSOpt/NAEopt/optZ/runZn4k2resplus/part091/
6 /p/QSOpt/NAEopt/optZ/runZn4k2resplus/part091/
0 /p/QSOpt/NAEopt/optZ/runZn4k2resplus/part091/
1 /p/QSOpt/NAEopt/optZ/runZn4k2resplus/part091/
2 /p/QSOpt/NAEopt/optZ/runZn4k2resplus/part091/
3 /p/QSOpt/NAEopt/optZ/runZn4k2resplus/part091/
4 /p/QSOpt/NAEopt/optZ/runZn4k2resplus/part091/
5 /p/QSOpt/NAEopt/optZ/runZn4k2resplus/part091/
6 /p/QSOpt/NAEopt/optZ/runZn4k2resplus/part091/
7 /p/QSOpt/NAEopt/optZ/runZn4k2resplus/part091/
8 /p/QSOpt/NAEopt/optZ/runZn4k2resplus/part091/
9 /p/QSOpt/NAEopt/optZ/runZn4k2resplus/part091/
7 /p/QSOpt/NAEopt/optZ/runZn4k2resplus/part091/
0 /p/QSOpt/NAEopt/optZ/runZn4k2resplus/part091/
1 /p/QSOpt/NAEopt/optZ/runZn4k2resplus/part091/
2 /p/QSOpt/NAEopt/optZ/runZn4k2resplus/part091/
3 /p/QSOpt/NAEopt/optZ/runZn4k2resplus/part091/
4 /p/QSOpt/NAEopt/optZ/runZn4k2resplus/part091/
5 /p/QSOpt/NAEopt/optZ/runZn4k2resplus/part091/
6 /p/QSOpt/NAEopt/optZ/runZn4k2resplus/part091/
7 /p/QSOpt/NAEopt/optZ/runZn4k2resplus/part091/
8 /p/QSOpt/NAEopt/optZ/runZn4k2resplus/part091/
9 /p/QSOpt/NAEopt/optZ/runZn4k2resplus/part091/
8 /p/QSOpt/NAEopt/optZ/runZn4k2resplus/part091/
0 /p/QSOpt/NAEopt/optZ/runZn4k2resplus/part091/
1 /p/QSOpt/NAEopt/optZ/runZn4k2resplus/part091/
2 /p/QSOpt/NAEopt/optZ/runZn4k2resplus/part091/
3 /p/QSOpt/NAEopt/optZ/runZn4k2resplus/part091/
4 /p/QSOpt/NAEopt/optZ/runZn4k2resplus/part091/
5 /p/QSOpt/NAEopt/optZ/runZn4k2resplus/part091/
6 /p/QSOpt/NAEopt/optZ/runZn4k2resplus/part091/
7 /p/QSOpt/NAEopt/optZ/runZn4k2resplus/part091/
8 /p/QSOpt/NAEopt/optZ/runZn4k2resplus/part091/
9 /p/QSOpt/NAEopt/optZ/runZn4k2resplus/part091/
9 /p/QSOpt/NAEopt/optZ/runZn4k2resplus/part091/
0 /p/QSOpt/NAEopt/optZ/runZn4k2resplus/part091/
1 /p/QSOpt/NAEopt/optZ/runZn4k2resplus/part091/
2 /p/QSOpt/NAEopt/optZ/runZn4k2resplus/part091/
3 /p/QSOpt/NAEopt/optZ/runZn4k2resplus/part091/
4 /p/QSOpt/NAEopt/optZ/runZn4k2resplus/part091/
5 /p/QSOpt/NAEopt/optZ/runZn4k2resplus/part091/
6 /p/QSOpt/NAEopt/optZ/runZn4k2resplus/part091/
7 /p/QSOpt/NAEopt/optZ/runZn4k2resplus/part091/
8 /p/QSOpt/NAEopt/optZ/runZn4k2resplus/part091/
9 /p/QSOpt/NAEopt/optZ/runZn4k2resplus/part091/
10 /p/QSOpt/NAEopt/optZ/runZn4k2resplus/part091/
0 /p/QSOpt/NAEopt/optZ/runZn4k2resplus/part091/
1 /p/QSOpt/NAEopt/optZ/runZn4k2resplus/part091/
2 /p/QSOpt/NAEopt/optZ/runZn4k2resplus/part091/
3 /p/QSOpt/NAEopt/optZ/runZn4k2resplus/part091/
4 /p/QSOpt/NAEopt/optZ/runZn4k2resplus/part091/
5 /p/QSOpt/NAEopt/optZ/runZn4k2resplus/part091/
6 /p/QSOpt/NAEopt/optZ/runZn4k2resplus/part091/
7 /p/QSOpt/NAEopt/optZ/runZn4k2resplus/part091/
8 /p/QSOpt/NAEopt/optZ/runZn4k2resplus/part091/
9 /p/QSOpt/NAEopt/optZ/runZn4k2resplus/part091/
11 /p/QSOpt/NAEopt/optZ/runZn4k2resplus/part091/
0 /p/QSOpt/NAEopt/optZ/runZn4k2resplus/part091/
1 /p/QSOpt/NAEopt/optZ/runZn4k2resplus/part091/
2 /p/QSOpt/NAEopt/optZ/runZn4k2resplus/part091/
3 /p/QSOpt/NAEopt/optZ/runZn4k2resplus/part091/
4 /p/QSOpt/NAEopt/optZ/runZn4k2resplus/part091/
5 /p/QSOpt/NAEopt/optZ/runZn4k2resplus/part091/
6 /p/QSOpt/NAEopt/optZ/runZn4k2resplus/part091/
7 /p/QSOpt/NAEopt/optZ/runZn4k2resplus/part091/
8 /p/QSOpt/NAEopt/optZ/runZn4k2resplus/part091/
9 /p/QSOpt/NAEopt/optZ/runZn4k2resplus/part091/
12 /p/QSOpt/NAEopt/optZ/runZn4k2resplus/part091/
0 /p/QSOpt/NAEopt/optZ/runZn4k2resplus/part091/
1 /p/QSOpt/NAEopt/optZ/runZn4k2resplus/part091/
2 /p/QSOpt/NAEopt/optZ/runZn4k2resplus/part091/
3 /p/QSOpt/NAEopt/optZ/runZn4k2resplus/part091/
4 /p/QSOpt/NAEopt/optZ/runZn4k2resplus/part091/
5 /p/QSOpt/NAEopt/optZ/runZn4k2resplus/part091/
6 /p/QSOpt/NAEopt/optZ/runZn4k2resplus/part091/
7 /p/QSOpt/NAEopt/optZ/runZn4k2resplus/part091/
8 /p/QSOpt/NAEopt/optZ/runZn4k2resplus/part091/
9 /p/QSOpt/NAEopt/optZ/runZn4k2resplus/part091/
13 /p/QSOpt/NAEopt/optZ/runZn4k2resplus/part091/
0 /p/QSOpt/NAEopt/optZ/runZn4k2resplus/part091/
1 /p/QSOpt/NAEopt/optZ/runZn4k2resplus/part091/
2 /p/QSOpt/NAEopt/optZ/runZn4k2resplus/part091/
3 /p/QSOpt/NAEopt/optZ/runZn4k2resplus/part091/
4 /p/QSOpt/NAEopt/optZ/runZn4k2resplus/part091/
5 /p/QSOpt/NAEopt/optZ/runZn4k2resplus/part091/
6 /p/QSOpt/NAEopt/optZ/runZn4k2resplus/part091/
7 /p/QSOpt/NAEopt/optZ/runZn4k2resplus/part091/
8 /p/QSOpt/NAEopt/optZ/runZn4k2resplus/part091/
9 /p/QSOpt/NAEopt/optZ/runZn4k2resplus/part091/
14 /p/QSOpt/NAEopt/optZ/runZn4k2resplus/part091/
