python optAnhark2optZ.py 15 0.21 0.24 10 -0.048 -0.036 /p/QSOpt/NAEopt/optZ/runZn4k2resplus/part072/
0 /p/QSOpt/NAEopt/optZ/runZn4k2resplus/part072/
1 /p/QSOpt/NAEopt/optZ/runZn4k2resplus/part072/
2 /p/QSOpt/NAEopt/optZ/runZn4k2resplus/part072/
3 /p/QSOpt/NAEopt/optZ/runZn4k2resplus/part072/
4 /p/QSOpt/NAEopt/optZ/runZn4k2resplus/part072/
5 /p/QSOpt/NAEopt/optZ/runZn4k2resplus/part072/
6 /p/QSOpt/NAEopt/optZ/runZn4k2resplus/part072/
7 /p/QSOpt/NAEopt/optZ/runZn4k2resplus/part072/
8 /p/QSOpt/NAEopt/optZ/runZn4k2resplus/part072/
9 /p/QSOpt/NAEopt/optZ/runZn4k2resplus/part072/
0 /p/QSOpt/NAEopt/optZ/runZn4k2resplus/part072/
0 /p/QSOpt/NAEopt/optZ/runZn4k2resplus/part072/
1 /p/QSOpt/NAEopt/optZ/runZn4k2resplus/part072/
2 /p/QSOpt/NAEopt/optZ/runZn4k2resplus/part072/
3 /p/QSOpt/NAEopt/optZ/runZn4k2resplus/part072/
4 /p/QSOpt/NAEopt/optZ/runZn4k2resplus/part072/
5 /p/QSOpt/NAEopt/optZ/runZn4k2resplus/part072/
6 /p/QSOpt/NAEopt/optZ/runZn4k2resplus/part072/
7 /p/QSOpt/NAEopt/optZ/runZn4k2resplus/part072/
8 /p/QSOpt/NAEopt/optZ/runZn4k2resplus/part072/
9 /p/QSOpt/NAEopt/optZ/runZn4k2resplus/part072/
1 /p/QSOpt/NAEopt/optZ/runZn4k2resplus/part072/
0 /p/QSOpt/NAEopt/optZ/runZn4k2resplus/part072/
1 /p/QSOpt/NAEopt/optZ/runZn4k2resplus/part072/
2 /p/QSOpt/NAEopt/optZ/runZn4k2resplus/part072/
3 /p/QSOpt/NAEopt/optZ/runZn4k2resplus/part072/
4 /p/QSOpt/NAEopt/optZ/runZn4k2resplus/part072/
5 /p/QSOpt/NAEopt/optZ/runZn4k2resplus/part072/
6 /p/QSOpt/NAEopt/optZ/runZn4k2resplus/part072/
7 /p/QSOpt/NAEopt/optZ/runZn4k2resplus/part072/
8 /p/QSOpt/NAEopt/optZ/runZn4k2resplus/part072/
9 /p/QSOpt/NAEopt/optZ/runZn4k2resplus/part072/
2 /p/QSOpt/NAEopt/optZ/runZn4k2resplus/part072/
0 /p/QSOpt/NAEopt/optZ/runZn4k2resplus/part072/
1 /p/QSOpt/NAEopt/optZ/runZn4k2resplus/part072/
2 /p/QSOpt/NAEopt/optZ/runZn4k2resplus/part072/
3 /p/QSOpt/NAEopt/optZ/runZn4k2resplus/part072/
4 /p/QSOpt/NAEopt/optZ/runZn4k2resplus/part072/
5 /p/QSOpt/NAEopt/optZ/runZn4k2resplus/part072/
6 /p/QSOpt/NAEopt/optZ/runZn4k2resplus/part072/
7 /p/QSOpt/NAEopt/optZ/runZn4k2resplus/part072/
8 /p/QSOpt/NAEopt/optZ/runZn4k2resplus/part072/
9 /p/QSOpt/NAEopt/optZ/runZn4k2resplus/part072/
3 /p/QSOpt/NAEopt/optZ/runZn4k2resplus/part072/
0 /p/QSOpt/NAEopt/optZ/runZn4k2resplus/part072/
1 /p/QSOpt/NAEopt/optZ/runZn4k2resplus/part072/
2 /p/QSOpt/NAEopt/optZ/runZn4k2resplus/part072/
3 /p/QSOpt/NAEopt/optZ/runZn4k2resplus/part072/
4 /p/QSOpt/NAEopt/optZ/runZn4k2resplus/part072/
5 /p/QSOpt/NAEopt/optZ/runZn4k2resplus/part072/
6 /p/QSOpt/NAEopt/optZ/runZn4k2resplus/part072/
7 /p/QSOpt/NAEopt/optZ/runZn4k2resplus/part072/
8 /p/QSOpt/NAEopt/optZ/runZn4k2resplus/part072/
9 /p/QSOpt/NAEopt/optZ/runZn4k2resplus/part072/
4 /p/QSOpt/NAEopt/optZ/runZn4k2resplus/part072/
0 /p/QSOpt/NAEopt/optZ/runZn4k2resplus/part072/
1 /p/QSOpt/NAEopt/optZ/runZn4k2resplus/part072/
2 /p/QSOpt/NAEopt/optZ/runZn4k2resplus/part072/
3 /p/QSOpt/NAEopt/optZ/runZn4k2resplus/part072/
4 /p/QSOpt/NAEopt/optZ/runZn4k2resplus/part072/
5 /p/QSOpt/NAEopt/optZ/runZn4k2resplus/part072/
6 /p/QSOpt/NAEopt/optZ/runZn4k2resplus/part072/
7 /p/QSOpt/NAEopt/optZ/runZn4k2resplus/part072/
8 /p/QSOpt/NAEopt/optZ/runZn4k2resplus/part072/
9 /p/QSOpt/NAEopt/optZ/runZn4k2resplus/part072/
5 /p/QSOpt/NAEopt/optZ/runZn4k2resplus/part072/
0 /p/QSOpt/NAEopt/optZ/runZn4k2resplus/part072/
1 /p/QSOpt/NAEopt/optZ/runZn4k2resplus/part072/
2 /p/QSOpt/NAEopt/optZ/runZn4k2resplus/part072/
3 /p/QSOpt/NAEopt/optZ/runZn4k2resplus/part072/
4 /p/QSOpt/NAEopt/optZ/runZn4k2resplus/part072/
5 /p/QSOpt/NAEopt/optZ/runZn4k2resplus/part072/
6 /p/QSOpt/NAEopt/optZ/runZn4k2resplus/part072/
7 /p/QSOpt/NAEopt/optZ/runZn4k2resplus/part072/
8 /p/QSOpt/NAEopt/optZ/runZn4k2resplus/part072/
9 /p/QSOpt/NAEopt/optZ/runZn4k2resplus/part072/
6 /p/QSOpt/NAEopt/optZ/runZn4k2resplus/part072/
0 /p/QSOpt/NAEopt/optZ/runZn4k2resplus/part072/
1 /p/QSOpt/NAEopt/optZ/runZn4k2resplus/part072/
2 /p/QSOpt/NAEopt/optZ/runZn4k2resplus/part072/
3 /p/QSOpt/NAEopt/optZ/runZn4k2resplus/part072/
4 /p/QSOpt/NAEopt/optZ/runZn4k2resplus/part072/
5 /p/QSOpt/NAEopt/optZ/runZn4k2resplus/part072/
6 /p/QSOpt/NAEopt/optZ/runZn4k2resplus/part072/
7 /p/QSOpt/NAEopt/optZ/runZn4k2resplus/part072/
8 /p/QSOpt/NAEopt/optZ/runZn4k2resplus/part072/
9 /p/QSOpt/NAEopt/optZ/runZn4k2resplus/part072/
7 /p/QSOpt/NAEopt/optZ/runZn4k2resplus/part072/
0 /p/QSOpt/NAEopt/optZ/runZn4k2resplus/part072/
1 /p/QSOpt/NAEopt/optZ/runZn4k2resplus/part072/
2 /p/QSOpt/NAEopt/optZ/runZn4k2resplus/part072/
3 /p/QSOpt/NAEopt/optZ/runZn4k2resplus/part072/
4 /p/QSOpt/NAEopt/optZ/runZn4k2resplus/part072/
5 /p/QSOpt/NAEopt/optZ/runZn4k2resplus/part072/
6 /p/QSOpt/NAEopt/optZ/runZn4k2resplus/part072/
7 /p/QSOpt/NAEopt/optZ/runZn4k2resplus/part072/
8 /p/QSOpt/NAEopt/optZ/runZn4k2resplus/part072/
9 /p/QSOpt/NAEopt/optZ/runZn4k2resplus/part072/
8 /p/QSOpt/NAEopt/optZ/runZn4k2resplus/part072/
0 /p/QSOpt/NAEopt/optZ/runZn4k2resplus/part072/
1 /p/QSOpt/NAEopt/optZ/runZn4k2resplus/part072/
2 /p/QSOpt/NAEopt/optZ/runZn4k2resplus/part072/
3 /p/QSOpt/NAEopt/optZ/runZn4k2resplus/part072/
4 /p/QSOpt/NAEopt/optZ/runZn4k2resplus/part072/
5 /p/QSOpt/NAEopt/optZ/runZn4k2resplus/part072/
6 /p/QSOpt/NAEopt/optZ/runZn4k2resplus/part072/
7 /p/QSOpt/NAEopt/optZ/runZn4k2resplus/part072/
8 /p/QSOpt/NAEopt/optZ/runZn4k2resplus/part072/
9 /p/QSOpt/NAEopt/optZ/runZn4k2resplus/part072/
9 /p/QSOpt/NAEopt/optZ/runZn4k2resplus/part072/
0 /p/QSOpt/NAEopt/optZ/runZn4k2resplus/part072/
1 /p/QSOpt/NAEopt/optZ/runZn4k2resplus/part072/
2 /p/QSOpt/NAEopt/optZ/runZn4k2resplus/part072/
3 /p/QSOpt/NAEopt/optZ/runZn4k2resplus/part072/
4 /p/QSOpt/NAEopt/optZ/runZn4k2resplus/part072/
5 /p/QSOpt/NAEopt/optZ/runZn4k2resplus/part072/
6 /p/QSOpt/NAEopt/optZ/runZn4k2resplus/part072/
7 /p/QSOpt/NAEopt/optZ/runZn4k2resplus/part072/
8 /p/QSOpt/NAEopt/optZ/runZn4k2resplus/part072/
9 /p/QSOpt/NAEopt/optZ/runZn4k2resplus/part072/
10 /p/QSOpt/NAEopt/optZ/runZn4k2resplus/part072/
0 /p/QSOpt/NAEopt/optZ/runZn4k2resplus/part072/
1 /p/QSOpt/NAEopt/optZ/runZn4k2resplus/part072/
2 /p/QSOpt/NAEopt/optZ/runZn4k2resplus/part072/
3 /p/QSOpt/NAEopt/optZ/runZn4k2resplus/part072/
4 /p/QSOpt/NAEopt/optZ/runZn4k2resplus/part072/
5 /p/QSOpt/NAEopt/optZ/runZn4k2resplus/part072/
6 /p/QSOpt/NAEopt/optZ/runZn4k2resplus/part072/
7 /p/QSOpt/NAEopt/optZ/runZn4k2resplus/part072/
8 /p/QSOpt/NAEopt/optZ/runZn4k2resplus/part072/
9 /p/QSOpt/NAEopt/optZ/runZn4k2resplus/part072/
11 /p/QSOpt/NAEopt/optZ/runZn4k2resplus/part072/
0 /p/QSOpt/NAEopt/optZ/runZn4k2resplus/part072/
1 /p/QSOpt/NAEopt/optZ/runZn4k2resplus/part072/
2 /p/QSOpt/NAEopt/optZ/runZn4k2resplus/part072/
3 /p/QSOpt/NAEopt/optZ/runZn4k2resplus/part072/
4 /p/QSOpt/NAEopt/optZ/runZn4k2resplus/part072/
5 /p/QSOpt/NAEopt/optZ/runZn4k2resplus/part072/
6 /p/QSOpt/NAEopt/optZ/runZn4k2resplus/part072/
7 /p/QSOpt/NAEopt/optZ/runZn4k2resplus/part072/
8 /p/QSOpt/NAEopt/optZ/runZn4k2resplus/part072/
9 /p/QSOpt/NAEopt/optZ/runZn4k2resplus/part072/
12 /p/QSOpt/NAEopt/optZ/runZn4k2resplus/part072/
0 /p/QSOpt/NAEopt/optZ/runZn4k2resplus/part072/
1 /p/QSOpt/NAEopt/optZ/runZn4k2resplus/part072/
2 /p/QSOpt/NAEopt/optZ/runZn4k2resplus/part072/
3 /p/QSOpt/NAEopt/optZ/runZn4k2resplus/part072/
4 /p/QSOpt/NAEopt/optZ/runZn4k2resplus/part072/
5 /p/QSOpt/NAEopt/optZ/runZn4k2resplus/part072/
6 /p/QSOpt/NAEopt/optZ/runZn4k2resplus/part072/
7 /p/QSOpt/NAEopt/optZ/runZn4k2resplus/part072/
8 /p/QSOpt/NAEopt/optZ/runZn4k2resplus/part072/
9 /p/QSOpt/NAEopt/optZ/runZn4k2resplus/part072/
13 /p/QSOpt/NAEopt/optZ/runZn4k2resplus/part072/
0 /p/QSOpt/NAEopt/optZ/runZn4k2resplus/part072/
1 /p/QSOpt/NAEopt/optZ/runZn4k2resplus/part072/
2 /p/QSOpt/NAEopt/optZ/runZn4k2resplus/part072/
3 /p/QSOpt/NAEopt/optZ/runZn4k2resplus/part072/
4 /p/QSOpt/NAEopt/optZ/runZn4k2resplus/part072/
5 /p/QSOpt/NAEopt/optZ/runZn4k2resplus/part072/
6 /p/QSOpt/NAEopt/optZ/runZn4k2resplus/part072/
7 /p/QSOpt/NAEopt/optZ/runZn4k2resplus/part072/
8 /p/QSOpt/NAEopt/optZ/runZn4k2resplus/part072/
9 /p/QSOpt/NAEopt/optZ/runZn4k2resplus/part072/
14 /p/QSOpt/NAEopt/optZ/runZn4k2resplus/part072/
