python optAnhark2optZ.py 15 0.09 0.12 10 0.048 0.06 /p/QSOpt/NAEopt/optZ/runZn4k2resplus/part040/
0 /p/QSOpt/NAEopt/optZ/runZn4k2resplus/part040/
1 /p/QSOpt/NAEopt/optZ/runZn4k2resplus/part040/
2 /p/QSOpt/NAEopt/optZ/runZn4k2resplus/part040/
3 /p/QSOpt/NAEopt/optZ/runZn4k2resplus/part040/
4 /p/QSOpt/NAEopt/optZ/runZn4k2resplus/part040/
5 /p/QSOpt/NAEopt/optZ/runZn4k2resplus/part040/
6 /p/QSOpt/NAEopt/optZ/runZn4k2resplus/part040/
7 /p/QSOpt/NAEopt/optZ/runZn4k2resplus/part040/
8 /p/QSOpt/NAEopt/optZ/runZn4k2resplus/part040/
9 /p/QSOpt/NAEopt/optZ/runZn4k2resplus/part040/
0 /p/QSOpt/NAEopt/optZ/runZn4k2resplus/part040/
0 /p/QSOpt/NAEopt/optZ/runZn4k2resplus/part040/
1 /p/QSOpt/NAEopt/optZ/runZn4k2resplus/part040/
2 /p/QSOpt/NAEopt/optZ/runZn4k2resplus/part040/
3 /p/QSOpt/NAEopt/optZ/runZn4k2resplus/part040/
4 /p/QSOpt/NAEopt/optZ/runZn4k2resplus/part040/
5 /p/QSOpt/NAEopt/optZ/runZn4k2resplus/part040/
6 /p/QSOpt/NAEopt/optZ/runZn4k2resplus/part040/
7 /p/QSOpt/NAEopt/optZ/runZn4k2resplus/part040/
8 /p/QSOpt/NAEopt/optZ/runZn4k2resplus/part040/
9 /p/QSOpt/NAEopt/optZ/runZn4k2resplus/part040/
1 /p/QSOpt/NAEopt/optZ/runZn4k2resplus/part040/
0 /p/QSOpt/NAEopt/optZ/runZn4k2resplus/part040/
1 /p/QSOpt/NAEopt/optZ/runZn4k2resplus/part040/
2 /p/QSOpt/NAEopt/optZ/runZn4k2resplus/part040/
3 /p/QSOpt/NAEopt/optZ/runZn4k2resplus/part040/
4 /p/QSOpt/NAEopt/optZ/runZn4k2resplus/part040/
5 /p/QSOpt/NAEopt/optZ/runZn4k2resplus/part040/
6 /p/QSOpt/NAEopt/optZ/runZn4k2resplus/part040/
7 /p/QSOpt/NAEopt/optZ/runZn4k2resplus/part040/
8 /p/QSOpt/NAEopt/optZ/runZn4k2resplus/part040/
9 /p/QSOpt/NAEopt/optZ/runZn4k2resplus/part040/
2 /p/QSOpt/NAEopt/optZ/runZn4k2resplus/part040/
0 /p/QSOpt/NAEopt/optZ/runZn4k2resplus/part040/
1 /p/QSOpt/NAEopt/optZ/runZn4k2resplus/part040/
2 /p/QSOpt/NAEopt/optZ/runZn4k2resplus/part040/
3 /p/QSOpt/NAEopt/optZ/runZn4k2resplus/part040/
4 /p/QSOpt/NAEopt/optZ/runZn4k2resplus/part040/
5 /p/QSOpt/NAEopt/optZ/runZn4k2resplus/part040/
6 /p/QSOpt/NAEopt/optZ/runZn4k2resplus/part040/
7 /p/QSOpt/NAEopt/optZ/runZn4k2resplus/part040/
8 /p/QSOpt/NAEopt/optZ/runZn4k2resplus/part040/
9 /p/QSOpt/NAEopt/optZ/runZn4k2resplus/part040/
3 /p/QSOpt/NAEopt/optZ/runZn4k2resplus/part040/
0 /p/QSOpt/NAEopt/optZ/runZn4k2resplus/part040/
1 /p/QSOpt/NAEopt/optZ/runZn4k2resplus/part040/
2 /p/QSOpt/NAEopt/optZ/runZn4k2resplus/part040/
3 /p/QSOpt/NAEopt/optZ/runZn4k2resplus/part040/
4 /p/QSOpt/NAEopt/optZ/runZn4k2resplus/part040/
5 /p/QSOpt/NAEopt/optZ/runZn4k2resplus/part040/
6 /p/QSOpt/NAEopt/optZ/runZn4k2resplus/part040/
7 /p/QSOpt/NAEopt/optZ/runZn4k2resplus/part040/
8 /p/QSOpt/NAEopt/optZ/runZn4k2resplus/part040/
9 /p/QSOpt/NAEopt/optZ/runZn4k2resplus/part040/
4 /p/QSOpt/NAEopt/optZ/runZn4k2resplus/part040/
0 /p/QSOpt/NAEopt/optZ/runZn4k2resplus/part040/
1 /p/QSOpt/NAEopt/optZ/runZn4k2resplus/part040/
2 /p/QSOpt/NAEopt/optZ/runZn4k2resplus/part040/
3 /p/QSOpt/NAEopt/optZ/runZn4k2resplus/part040/
4 /p/QSOpt/NAEopt/optZ/runZn4k2resplus/part040/
5 /p/QSOpt/NAEopt/optZ/runZn4k2resplus/part040/
6 /p/QSOpt/NAEopt/optZ/runZn4k2resplus/part040/
7 /p/QSOpt/NAEopt/optZ/runZn4k2resplus/part040/
8 /p/QSOpt/NAEopt/optZ/runZn4k2resplus/part040/
9 /p/QSOpt/NAEopt/optZ/runZn4k2resplus/part040/
5 /p/QSOpt/NAEopt/optZ/runZn4k2resplus/part040/
0 /p/QSOpt/NAEopt/optZ/runZn4k2resplus/part040/
1 /p/QSOpt/NAEopt/optZ/runZn4k2resplus/part040/
2 /p/QSOpt/NAEopt/optZ/runZn4k2resplus/part040/
3 /p/QSOpt/NAEopt/optZ/runZn4k2resplus/part040/
4 /p/QSOpt/NAEopt/optZ/runZn4k2resplus/part040/
5 /p/QSOpt/NAEopt/optZ/runZn4k2resplus/part040/
6 /p/QSOpt/NAEopt/optZ/runZn4k2resplus/part040/
7 /p/QSOpt/NAEopt/optZ/runZn4k2resplus/part040/
8 /p/QSOpt/NAEopt/optZ/runZn4k2resplus/part040/
9 /p/QSOpt/NAEopt/optZ/runZn4k2resplus/part040/
6 /p/QSOpt/NAEopt/optZ/runZn4k2resplus/part040/
0 /p/QSOpt/NAEopt/optZ/runZn4k2resplus/part040/
1 /p/QSOpt/NAEopt/optZ/runZn4k2resplus/part040/
2 /p/QSOpt/NAEopt/optZ/runZn4k2resplus/part040/
3 /p/QSOpt/NAEopt/optZ/runZn4k2resplus/part040/
4 /p/QSOpt/NAEopt/optZ/runZn4k2resplus/part040/
5 /p/QSOpt/NAEopt/optZ/runZn4k2resplus/part040/
6 /p/QSOpt/NAEopt/optZ/runZn4k2resplus/part040/
7 /p/QSOpt/NAEopt/optZ/runZn4k2resplus/part040/
8 /p/QSOpt/NAEopt/optZ/runZn4k2resplus/part040/
9 /p/QSOpt/NAEopt/optZ/runZn4k2resplus/part040/
7 /p/QSOpt/NAEopt/optZ/runZn4k2resplus/part040/
0 /p/QSOpt/NAEopt/optZ/runZn4k2resplus/part040/
1 /p/QSOpt/NAEopt/optZ/runZn4k2resplus/part040/
2 /p/QSOpt/NAEopt/optZ/runZn4k2resplus/part040/
3 /p/QSOpt/NAEopt/optZ/runZn4k2resplus/part040/
4 /p/QSOpt/NAEopt/optZ/runZn4k2resplus/part040/
5 /p/QSOpt/NAEopt/optZ/runZn4k2resplus/part040/
6 /p/QSOpt/NAEopt/optZ/runZn4k2resplus/part040/
7 /p/QSOpt/NAEopt/optZ/runZn4k2resplus/part040/
8 /p/QSOpt/NAEopt/optZ/runZn4k2resplus/part040/
9 /p/QSOpt/NAEopt/optZ/runZn4k2resplus/part040/
8 /p/QSOpt/NAEopt/optZ/runZn4k2resplus/part040/
0 /p/QSOpt/NAEopt/optZ/runZn4k2resplus/part040/
1 /p/QSOpt/NAEopt/optZ/runZn4k2resplus/part040/
2 /p/QSOpt/NAEopt/optZ/runZn4k2resplus/part040/
3 /p/QSOpt/NAEopt/optZ/runZn4k2resplus/part040/
4 /p/QSOpt/NAEopt/optZ/runZn4k2resplus/part040/
5 /p/QSOpt/NAEopt/optZ/runZn4k2resplus/part040/
6 /p/QSOpt/NAEopt/optZ/runZn4k2resplus/part040/
7 /p/QSOpt/NAEopt/optZ/runZn4k2resplus/part040/
8 /p/QSOpt/NAEopt/optZ/runZn4k2resplus/part040/
9 /p/QSOpt/NAEopt/optZ/runZn4k2resplus/part040/
9 /p/QSOpt/NAEopt/optZ/runZn4k2resplus/part040/
0 /p/QSOpt/NAEopt/optZ/runZn4k2resplus/part040/
1 /p/QSOpt/NAEopt/optZ/runZn4k2resplus/part040/
2 /p/QSOpt/NAEopt/optZ/runZn4k2resplus/part040/
3 /p/QSOpt/NAEopt/optZ/runZn4k2resplus/part040/
4 /p/QSOpt/NAEopt/optZ/runZn4k2resplus/part040/
5 /p/QSOpt/NAEopt/optZ/runZn4k2resplus/part040/
6 /p/QSOpt/NAEopt/optZ/runZn4k2resplus/part040/
7 /p/QSOpt/NAEopt/optZ/runZn4k2resplus/part040/
8 /p/QSOpt/NAEopt/optZ/runZn4k2resplus/part040/
9 /p/QSOpt/NAEopt/optZ/runZn4k2resplus/part040/
10 /p/QSOpt/NAEopt/optZ/runZn4k2resplus/part040/
0 /p/QSOpt/NAEopt/optZ/runZn4k2resplus/part040/
1 /p/QSOpt/NAEopt/optZ/runZn4k2resplus/part040/
2 /p/QSOpt/NAEopt/optZ/runZn4k2resplus/part040/
3 /p/QSOpt/NAEopt/optZ/runZn4k2resplus/part040/
4 /p/QSOpt/NAEopt/optZ/runZn4k2resplus/part040/
5 /p/QSOpt/NAEopt/optZ/runZn4k2resplus/part040/
6 /p/QSOpt/NAEopt/optZ/runZn4k2resplus/part040/
7 /p/QSOpt/NAEopt/optZ/runZn4k2resplus/part040/
8 /p/QSOpt/NAEopt/optZ/runZn4k2resplus/part040/
9 /p/QSOpt/NAEopt/optZ/runZn4k2resplus/part040/
11 /p/QSOpt/NAEopt/optZ/runZn4k2resplus/part040/
0 /p/QSOpt/NAEopt/optZ/runZn4k2resplus/part040/
1 /p/QSOpt/NAEopt/optZ/runZn4k2resplus/part040/
2 /p/QSOpt/NAEopt/optZ/runZn4k2resplus/part040/
3 /p/QSOpt/NAEopt/optZ/runZn4k2resplus/part040/
4 /p/QSOpt/NAEopt/optZ/runZn4k2resplus/part040/
5 /p/QSOpt/NAEopt/optZ/runZn4k2resplus/part040/
6 /p/QSOpt/NAEopt/optZ/runZn4k2resplus/part040/
7 /p/QSOpt/NAEopt/optZ/runZn4k2resplus/part040/
8 /p/QSOpt/NAEopt/optZ/runZn4k2resplus/part040/
9 /p/QSOpt/NAEopt/optZ/runZn4k2resplus/part040/
12 /p/QSOpt/NAEopt/optZ/runZn4k2resplus/part040/
0 /p/QSOpt/NAEopt/optZ/runZn4k2resplus/part040/
1 /p/QSOpt/NAEopt/optZ/runZn4k2resplus/part040/
2 /p/QSOpt/NAEopt/optZ/runZn4k2resplus/part040/
3 /p/QSOpt/NAEopt/optZ/runZn4k2resplus/part040/
4 /p/QSOpt/NAEopt/optZ/runZn4k2resplus/part040/
5 /p/QSOpt/NAEopt/optZ/runZn4k2resplus/part040/
6 /p/QSOpt/NAEopt/optZ/runZn4k2resplus/part040/
7 /p/QSOpt/NAEopt/optZ/runZn4k2resplus/part040/
8 /p/QSOpt/NAEopt/optZ/runZn4k2resplus/part040/
9 /p/QSOpt/NAEopt/optZ/runZn4k2resplus/part040/
13 /p/QSOpt/NAEopt/optZ/runZn4k2resplus/part040/
0 /p/QSOpt/NAEopt/optZ/runZn4k2resplus/part040/
1 /p/QSOpt/NAEopt/optZ/runZn4k2resplus/part040/
2 /p/QSOpt/NAEopt/optZ/runZn4k2resplus/part040/
3 /p/QSOpt/NAEopt/optZ/runZn4k2resplus/part040/
4 /p/QSOpt/NAEopt/optZ/runZn4k2resplus/part040/
5 /p/QSOpt/NAEopt/optZ/runZn4k2resplus/part040/
6 /p/QSOpt/NAEopt/optZ/runZn4k2resplus/part040/
7 /p/QSOpt/NAEopt/optZ/runZn4k2resplus/part040/
8 /p/QSOpt/NAEopt/optZ/runZn4k2resplus/part040/
9 /p/QSOpt/NAEopt/optZ/runZn4k2resplus/part040/
14 /p/QSOpt/NAEopt/optZ/runZn4k2resplus/part040/
