python optAnhark2optZ.py 15 0.15 0.18 10 0.036000000000000004 0.048 /p/QSOpt/NAEopt/optZ/runZn4k2resplus/part059/
0 /p/QSOpt/NAEopt/optZ/runZn4k2resplus/part059/
1 /p/QSOpt/NAEopt/optZ/runZn4k2resplus/part059/
2 /p/QSOpt/NAEopt/optZ/runZn4k2resplus/part059/
3 /p/QSOpt/NAEopt/optZ/runZn4k2resplus/part059/
4 /p/QSOpt/NAEopt/optZ/runZn4k2resplus/part059/
5 /p/QSOpt/NAEopt/optZ/runZn4k2resplus/part059/
6 /p/QSOpt/NAEopt/optZ/runZn4k2resplus/part059/
7 /p/QSOpt/NAEopt/optZ/runZn4k2resplus/part059/
8 /p/QSOpt/NAEopt/optZ/runZn4k2resplus/part059/
9 /p/QSOpt/NAEopt/optZ/runZn4k2resplus/part059/
0 /p/QSOpt/NAEopt/optZ/runZn4k2resplus/part059/
0 /p/QSOpt/NAEopt/optZ/runZn4k2resplus/part059/
1 /p/QSOpt/NAEopt/optZ/runZn4k2resplus/part059/
2 /p/QSOpt/NAEopt/optZ/runZn4k2resplus/part059/
3 /p/QSOpt/NAEopt/optZ/runZn4k2resplus/part059/
4 /p/QSOpt/NAEopt/optZ/runZn4k2resplus/part059/
5 /p/QSOpt/NAEopt/optZ/runZn4k2resplus/part059/
6 /p/QSOpt/NAEopt/optZ/runZn4k2resplus/part059/
7 /p/QSOpt/NAEopt/optZ/runZn4k2resplus/part059/
8 /p/QSOpt/NAEopt/optZ/runZn4k2resplus/part059/
9 /p/QSOpt/NAEopt/optZ/runZn4k2resplus/part059/
1 /p/QSOpt/NAEopt/optZ/runZn4k2resplus/part059/
0 /p/QSOpt/NAEopt/optZ/runZn4k2resplus/part059/
1 /p/QSOpt/NAEopt/optZ/runZn4k2resplus/part059/
2 /p/QSOpt/NAEopt/optZ/runZn4k2resplus/part059/
3 /p/QSOpt/NAEopt/optZ/runZn4k2resplus/part059/
4 /p/QSOpt/NAEopt/optZ/runZn4k2resplus/part059/
5 /p/QSOpt/NAEopt/optZ/runZn4k2resplus/part059/
6 /p/QSOpt/NAEopt/optZ/runZn4k2resplus/part059/
7 /p/QSOpt/NAEopt/optZ/runZn4k2resplus/part059/
8 /p/QSOpt/NAEopt/optZ/runZn4k2resplus/part059/
9 /p/QSOpt/NAEopt/optZ/runZn4k2resplus/part059/
2 /p/QSOpt/NAEopt/optZ/runZn4k2resplus/part059/
0 /p/QSOpt/NAEopt/optZ/runZn4k2resplus/part059/
1 /p/QSOpt/NAEopt/optZ/runZn4k2resplus/part059/
2 /p/QSOpt/NAEopt/optZ/runZn4k2resplus/part059/
3 /p/QSOpt/NAEopt/optZ/runZn4k2resplus/part059/
4 /p/QSOpt/NAEopt/optZ/runZn4k2resplus/part059/
5 /p/QSOpt/NAEopt/optZ/runZn4k2resplus/part059/
6 /p/QSOpt/NAEopt/optZ/runZn4k2resplus/part059/
7 /p/QSOpt/NAEopt/optZ/runZn4k2resplus/part059/
8 /p/QSOpt/NAEopt/optZ/runZn4k2resplus/part059/
9 /p/QSOpt/NAEopt/optZ/runZn4k2resplus/part059/
3 /p/QSOpt/NAEopt/optZ/runZn4k2resplus/part059/
0 /p/QSOpt/NAEopt/optZ/runZn4k2resplus/part059/
1 /p/QSOpt/NAEopt/optZ/runZn4k2resplus/part059/
2 /p/QSOpt/NAEopt/optZ/runZn4k2resplus/part059/
3 /p/QSOpt/NAEopt/optZ/runZn4k2resplus/part059/
4 /p/QSOpt/NAEopt/optZ/runZn4k2resplus/part059/
5 /p/QSOpt/NAEopt/optZ/runZn4k2resplus/part059/
6 /p/QSOpt/NAEopt/optZ/runZn4k2resplus/part059/
7 /p/QSOpt/NAEopt/optZ/runZn4k2resplus/part059/
8 /p/QSOpt/NAEopt/optZ/runZn4k2resplus/part059/
9 /p/QSOpt/NAEopt/optZ/runZn4k2resplus/part059/
4 /p/QSOpt/NAEopt/optZ/runZn4k2resplus/part059/
0 /p/QSOpt/NAEopt/optZ/runZn4k2resplus/part059/
1 /p/QSOpt/NAEopt/optZ/runZn4k2resplus/part059/
2 /p/QSOpt/NAEopt/optZ/runZn4k2resplus/part059/
3 /p/QSOpt/NAEopt/optZ/runZn4k2resplus/part059/
4 /p/QSOpt/NAEopt/optZ/runZn4k2resplus/part059/
5 /p/QSOpt/NAEopt/optZ/runZn4k2resplus/part059/
6 /p/QSOpt/NAEopt/optZ/runZn4k2resplus/part059/
7 /p/QSOpt/NAEopt/optZ/runZn4k2resplus/part059/
8 /p/QSOpt/NAEopt/optZ/runZn4k2resplus/part059/
9 /p/QSOpt/NAEopt/optZ/runZn4k2resplus/part059/
5 /p/QSOpt/NAEopt/optZ/runZn4k2resplus/part059/
0 /p/QSOpt/NAEopt/optZ/runZn4k2resplus/part059/
1 /p/QSOpt/NAEopt/optZ/runZn4k2resplus/part059/
2 /p/QSOpt/NAEopt/optZ/runZn4k2resplus/part059/
3 /p/QSOpt/NAEopt/optZ/runZn4k2resplus/part059/
4 /p/QSOpt/NAEopt/optZ/runZn4k2resplus/part059/
5 /p/QSOpt/NAEopt/optZ/runZn4k2resplus/part059/
6 /p/QSOpt/NAEopt/optZ/runZn4k2resplus/part059/
7 /p/QSOpt/NAEopt/optZ/runZn4k2resplus/part059/
8 /p/QSOpt/NAEopt/optZ/runZn4k2resplus/part059/
9 /p/QSOpt/NAEopt/optZ/runZn4k2resplus/part059/
6 /p/QSOpt/NAEopt/optZ/runZn4k2resplus/part059/
0 /p/QSOpt/NAEopt/optZ/runZn4k2resplus/part059/
/p/QSOpt/NAEopt/pyQSC/qsc/r_singularity.py:451: UserWarning:   Difference between linear solution 0.573417142824975 and quadratic solution 0.39110229036008193 is 0.1823148524648931
  warnings.warn("  Difference between linear solution {} and quadratic solution {} is {}".format(linear_solutions[0], quadratic_solutions[0], diff))
1 /p/QSOpt/NAEopt/optZ/runZn4k2resplus/part059/
2 /p/QSOpt/NAEopt/optZ/runZn4k2resplus/part059/
3 /p/QSOpt/NAEopt/optZ/runZn4k2resplus/part059/
4 /p/QSOpt/NAEopt/optZ/runZn4k2resplus/part059/
5 /p/QSOpt/NAEopt/optZ/runZn4k2resplus/part059/
6 /p/QSOpt/NAEopt/optZ/runZn4k2resplus/part059/
7 /p/QSOpt/NAEopt/optZ/runZn4k2resplus/part059/
8 /p/QSOpt/NAEopt/optZ/runZn4k2resplus/part059/
9 /p/QSOpt/NAEopt/optZ/runZn4k2resplus/part059/
7 /p/QSOpt/NAEopt/optZ/runZn4k2resplus/part059/
0 /p/QSOpt/NAEopt/optZ/runZn4k2resplus/part059/
1 /p/QSOpt/NAEopt/optZ/runZn4k2resplus/part059/
2 /p/QSOpt/NAEopt/optZ/runZn4k2resplus/part059/
/p/QSOpt/NAEopt/pyQSC/qsc/r_singularity.py:451: UserWarning:   Difference between linear solution 12.66272502026145 and quadratic solution 12.662714410667665 is 1.060959378484938e-05
  warnings.warn("  Difference between linear solution {} and quadratic solution {} is {}".format(linear_solutions[0], quadratic_solutions[0], diff))
/p/QSOpt/NAEopt/pyQSC/qsc/r_singularity.py:451: UserWarning:   Difference between linear solution 12.662742585402928 and quadratic solution 12.6627324155758 is 1.0169827127981534e-05
  warnings.warn("  Difference between linear solution {} and quadratic solution {} is {}".format(linear_solutions[0], quadratic_solutions[0], diff))
3 /p/QSOpt/NAEopt/optZ/runZn4k2resplus/part059/
4 /p/QSOpt/NAEopt/optZ/runZn4k2resplus/part059/
5 /p/QSOpt/NAEopt/optZ/runZn4k2resplus/part059/
6 /p/QSOpt/NAEopt/optZ/runZn4k2resplus/part059/
7 /p/QSOpt/NAEopt/optZ/runZn4k2resplus/part059/
8 /p/QSOpt/NAEopt/optZ/runZn4k2resplus/part059/
9 /p/QSOpt/NAEopt/optZ/runZn4k2resplus/part059/
8 /p/QSOpt/NAEopt/optZ/runZn4k2resplus/part059/
0 /p/QSOpt/NAEopt/optZ/runZn4k2resplus/part059/
1 /p/QSOpt/NAEopt/optZ/runZn4k2resplus/part059/
2 /p/QSOpt/NAEopt/optZ/runZn4k2resplus/part059/
3 /p/QSOpt/NAEopt/optZ/runZn4k2resplus/part059/
4 /p/QSOpt/NAEopt/optZ/runZn4k2resplus/part059/
5 /p/QSOpt/NAEopt/optZ/runZn4k2resplus/part059/
6 /p/QSOpt/NAEopt/optZ/runZn4k2resplus/part059/
7 /p/QSOpt/NAEopt/optZ/runZn4k2resplus/part059/
8 /p/QSOpt/NAEopt/optZ/runZn4k2resplus/part059/
9 /p/QSOpt/NAEopt/optZ/runZn4k2resplus/part059/
9 /p/QSOpt/NAEopt/optZ/runZn4k2resplus/part059/
0 /p/QSOpt/NAEopt/optZ/runZn4k2resplus/part059/
1 /p/QSOpt/NAEopt/optZ/runZn4k2resplus/part059/
2 /p/QSOpt/NAEopt/optZ/runZn4k2resplus/part059/
3 /p/QSOpt/NAEopt/optZ/runZn4k2resplus/part059/
4 /p/QSOpt/NAEopt/optZ/runZn4k2resplus/part059/
5 /p/QSOpt/NAEopt/optZ/runZn4k2resplus/part059/
6 /p/QSOpt/NAEopt/optZ/runZn4k2resplus/part059/
7 /p/QSOpt/NAEopt/optZ/runZn4k2resplus/part059/
8 /p/QSOpt/NAEopt/optZ/runZn4k2resplus/part059/
9 /p/QSOpt/NAEopt/optZ/runZn4k2resplus/part059/
10 /p/QSOpt/NAEopt/optZ/runZn4k2resplus/part059/
0 /p/QSOpt/NAEopt/optZ/runZn4k2resplus/part059/
1 /p/QSOpt/NAEopt/optZ/runZn4k2resplus/part059/
2 /p/QSOpt/NAEopt/optZ/runZn4k2resplus/part059/
3 /p/QSOpt/NAEopt/optZ/runZn4k2resplus/part059/
4 /p/QSOpt/NAEopt/optZ/runZn4k2resplus/part059/
5 /p/QSOpt/NAEopt/optZ/runZn4k2resplus/part059/
6 /p/QSOpt/NAEopt/optZ/runZn4k2resplus/part059/
7 /p/QSOpt/NAEopt/optZ/runZn4k2resplus/part059/
8 /p/QSOpt/NAEopt/optZ/runZn4k2resplus/part059/
9 /p/QSOpt/NAEopt/optZ/runZn4k2resplus/part059/
11 /p/QSOpt/NAEopt/optZ/runZn4k2resplus/part059/
0 /p/QSOpt/NAEopt/optZ/runZn4k2resplus/part059/
1 /p/QSOpt/NAEopt/optZ/runZn4k2resplus/part059/
2 /p/QSOpt/NAEopt/optZ/runZn4k2resplus/part059/
3 /p/QSOpt/NAEopt/optZ/runZn4k2resplus/part059/
4 /p/QSOpt/NAEopt/optZ/runZn4k2resplus/part059/
5 /p/QSOpt/NAEopt/optZ/runZn4k2resplus/part059/
6 /p/QSOpt/NAEopt/optZ/runZn4k2resplus/part059/
7 /p/QSOpt/NAEopt/optZ/runZn4k2resplus/part059/
8 /p/QSOpt/NAEopt/optZ/runZn4k2resplus/part059/
9 /p/QSOpt/NAEopt/optZ/runZn4k2resplus/part059/
12 /p/QSOpt/NAEopt/optZ/runZn4k2resplus/part059/
0 /p/QSOpt/NAEopt/optZ/runZn4k2resplus/part059/
1 /p/QSOpt/NAEopt/optZ/runZn4k2resplus/part059/
2 /p/QSOpt/NAEopt/optZ/runZn4k2resplus/part059/
3 /p/QSOpt/NAEopt/optZ/runZn4k2resplus/part059/
4 /p/QSOpt/NAEopt/optZ/runZn4k2resplus/part059/
5 /p/QSOpt/NAEopt/optZ/runZn4k2resplus/part059/
6 /p/QSOpt/NAEopt/optZ/runZn4k2resplus/part059/
7 /p/QSOpt/NAEopt/optZ/runZn4k2resplus/part059/
8 /p/QSOpt/NAEopt/optZ/runZn4k2resplus/part059/
9 /p/QSOpt/NAEopt/optZ/runZn4k2resplus/part059/
13 /p/QSOpt/NAEopt/optZ/runZn4k2resplus/part059/
0 /p/QSOpt/NAEopt/optZ/runZn4k2resplus/part059/
1 /p/QSOpt/NAEopt/optZ/runZn4k2resplus/part059/
2 /p/QSOpt/NAEopt/optZ/runZn4k2resplus/part059/
3 /p/QSOpt/NAEopt/optZ/runZn4k2resplus/part059/
4 /p/QSOpt/NAEopt/optZ/runZn4k2resplus/part059/
5 /p/QSOpt/NAEopt/optZ/runZn4k2resplus/part059/
6 /p/QSOpt/NAEopt/optZ/runZn4k2resplus/part059/
7 /p/QSOpt/NAEopt/optZ/runZn4k2resplus/part059/
8 /p/QSOpt/NAEopt/optZ/runZn4k2resplus/part059/
9 /p/QSOpt/NAEopt/optZ/runZn4k2resplus/part059/
14 /p/QSOpt/NAEopt/optZ/runZn4k2resplus/part059/
