python optAnhark2optZ.py 15 0.06 0.09 10 0.036000000000000004 0.048 /p/QSOpt/NAEopt/optZ/runZn4k2resplus/part029/
0 /p/QSOpt/NAEopt/optZ/runZn4k2resplus/part029/
1 /p/QSOpt/NAEopt/optZ/runZn4k2resplus/part029/
2 /p/QSOpt/NAEopt/optZ/runZn4k2resplus/part029/
3 /p/QSOpt/NAEopt/optZ/runZn4k2resplus/part029/
4 /p/QSOpt/NAEopt/optZ/runZn4k2resplus/part029/
5 /p/QSOpt/NAEopt/optZ/runZn4k2resplus/part029/
6 /p/QSOpt/NAEopt/optZ/runZn4k2resplus/part029/
7 /p/QSOpt/NAEopt/optZ/runZn4k2resplus/part029/
8 /p/QSOpt/NAEopt/optZ/runZn4k2resplus/part029/
9 /p/QSOpt/NAEopt/optZ/runZn4k2resplus/part029/
0 /p/QSOpt/NAEopt/optZ/runZn4k2resplus/part029/
0 /p/QSOpt/NAEopt/optZ/runZn4k2resplus/part029/
1 /p/QSOpt/NAEopt/optZ/runZn4k2resplus/part029/
2 /p/QSOpt/NAEopt/optZ/runZn4k2resplus/part029/
3 /p/QSOpt/NAEopt/optZ/runZn4k2resplus/part029/
4 /p/QSOpt/NAEopt/optZ/runZn4k2resplus/part029/
5 /p/QSOpt/NAEopt/optZ/runZn4k2resplus/part029/
6 /p/QSOpt/NAEopt/optZ/runZn4k2resplus/part029/
7 /p/QSOpt/NAEopt/optZ/runZn4k2resplus/part029/
8 /p/QSOpt/NAEopt/optZ/runZn4k2resplus/part029/
9 /p/QSOpt/NAEopt/optZ/runZn4k2resplus/part029/
1 /p/QSOpt/NAEopt/optZ/runZn4k2resplus/part029/
0 /p/QSOpt/NAEopt/optZ/runZn4k2resplus/part029/
1 /p/QSOpt/NAEopt/optZ/runZn4k2resplus/part029/
2 /p/QSOpt/NAEopt/optZ/runZn4k2resplus/part029/
3 /p/QSOpt/NAEopt/optZ/runZn4k2resplus/part029/
4 /p/QSOpt/NAEopt/optZ/runZn4k2resplus/part029/
5 /p/QSOpt/NAEopt/optZ/runZn4k2resplus/part029/
6 /p/QSOpt/NAEopt/optZ/runZn4k2resplus/part029/
7 /p/QSOpt/NAEopt/optZ/runZn4k2resplus/part029/
8 /p/QSOpt/NAEopt/optZ/runZn4k2resplus/part029/
9 /p/QSOpt/NAEopt/optZ/runZn4k2resplus/part029/
2 /p/QSOpt/NAEopt/optZ/runZn4k2resplus/part029/
0 /p/QSOpt/NAEopt/optZ/runZn4k2resplus/part029/
1 /p/QSOpt/NAEopt/optZ/runZn4k2resplus/part029/
2 /p/QSOpt/NAEopt/optZ/runZn4k2resplus/part029/
3 /p/QSOpt/NAEopt/optZ/runZn4k2resplus/part029/
4 /p/QSOpt/NAEopt/optZ/runZn4k2resplus/part029/
5 /p/QSOpt/NAEopt/optZ/runZn4k2resplus/part029/
6 /p/QSOpt/NAEopt/optZ/runZn4k2resplus/part029/
7 /p/QSOpt/NAEopt/optZ/runZn4k2resplus/part029/
8 /p/QSOpt/NAEopt/optZ/runZn4k2resplus/part029/
9 /p/QSOpt/NAEopt/optZ/runZn4k2resplus/part029/
3 /p/QSOpt/NAEopt/optZ/runZn4k2resplus/part029/
0 /p/QSOpt/NAEopt/optZ/runZn4k2resplus/part029/
1 /p/QSOpt/NAEopt/optZ/runZn4k2resplus/part029/
2 /p/QSOpt/NAEopt/optZ/runZn4k2resplus/part029/
3 /p/QSOpt/NAEopt/optZ/runZn4k2resplus/part029/
4 /p/QSOpt/NAEopt/optZ/runZn4k2resplus/part029/
5 /p/QSOpt/NAEopt/optZ/runZn4k2resplus/part029/
6 /p/QSOpt/NAEopt/optZ/runZn4k2resplus/part029/
7 /p/QSOpt/NAEopt/optZ/runZn4k2resplus/part029/
8 /p/QSOpt/NAEopt/optZ/runZn4k2resplus/part029/
9 /p/QSOpt/NAEopt/optZ/runZn4k2resplus/part029/
4 /p/QSOpt/NAEopt/optZ/runZn4k2resplus/part029/
0 /p/QSOpt/NAEopt/optZ/runZn4k2resplus/part029/
1 /p/QSOpt/NAEopt/optZ/runZn4k2resplus/part029/
2 /p/QSOpt/NAEopt/optZ/runZn4k2resplus/part029/
3 /p/QSOpt/NAEopt/optZ/runZn4k2resplus/part029/
4 /p/QSOpt/NAEopt/optZ/runZn4k2resplus/part029/
5 /p/QSOpt/NAEopt/optZ/runZn4k2resplus/part029/
6 /p/QSOpt/NAEopt/optZ/runZn4k2resplus/part029/
7 /p/QSOpt/NAEopt/optZ/runZn4k2resplus/part029/
8 /p/QSOpt/NAEopt/optZ/runZn4k2resplus/part029/
9 /p/QSOpt/NAEopt/optZ/runZn4k2resplus/part029/
5 /p/QSOpt/NAEopt/optZ/runZn4k2resplus/part029/
0 /p/QSOpt/NAEopt/optZ/runZn4k2resplus/part029/
1 /p/QSOpt/NAEopt/optZ/runZn4k2resplus/part029/
2 /p/QSOpt/NAEopt/optZ/runZn4k2resplus/part029/
3 /p/QSOpt/NAEopt/optZ/runZn4k2resplus/part029/
4 /p/QSOpt/NAEopt/optZ/runZn4k2resplus/part029/
5 /p/QSOpt/NAEopt/optZ/runZn4k2resplus/part029/
6 /p/QSOpt/NAEopt/optZ/runZn4k2resplus/part029/
7 /p/QSOpt/NAEopt/optZ/runZn4k2resplus/part029/
8 /p/QSOpt/NAEopt/optZ/runZn4k2resplus/part029/
9 /p/QSOpt/NAEopt/optZ/runZn4k2resplus/part029/
6 /p/QSOpt/NAEopt/optZ/runZn4k2resplus/part029/
0 /p/QSOpt/NAEopt/optZ/runZn4k2resplus/part029/
1 /p/QSOpt/NAEopt/optZ/runZn4k2resplus/part029/
2 /p/QSOpt/NAEopt/optZ/runZn4k2resplus/part029/
3 /p/QSOpt/NAEopt/optZ/runZn4k2resplus/part029/
4 /p/QSOpt/NAEopt/optZ/runZn4k2resplus/part029/
5 /p/QSOpt/NAEopt/optZ/runZn4k2resplus/part029/
6 /p/QSOpt/NAEopt/optZ/runZn4k2resplus/part029/
7 /p/QSOpt/NAEopt/optZ/runZn4k2resplus/part029/
8 /p/QSOpt/NAEopt/optZ/runZn4k2resplus/part029/
9 /p/QSOpt/NAEopt/optZ/runZn4k2resplus/part029/
7 /p/QSOpt/NAEopt/optZ/runZn4k2resplus/part029/
0 /p/QSOpt/NAEopt/optZ/runZn4k2resplus/part029/
1 /p/QSOpt/NAEopt/optZ/runZn4k2resplus/part029/
2 /p/QSOpt/NAEopt/optZ/runZn4k2resplus/part029/
3 /p/QSOpt/NAEopt/optZ/runZn4k2resplus/part029/
4 /p/QSOpt/NAEopt/optZ/runZn4k2resplus/part029/
5 /p/QSOpt/NAEopt/optZ/runZn4k2resplus/part029/
6 /p/QSOpt/NAEopt/optZ/runZn4k2resplus/part029/
7 /p/QSOpt/NAEopt/optZ/runZn4k2resplus/part029/
8 /p/QSOpt/NAEopt/optZ/runZn4k2resplus/part029/
9 /p/QSOpt/NAEopt/optZ/runZn4k2resplus/part029/
8 /p/QSOpt/NAEopt/optZ/runZn4k2resplus/part029/
0 /p/QSOpt/NAEopt/optZ/runZn4k2resplus/part029/
1 /p/QSOpt/NAEopt/optZ/runZn4k2resplus/part029/
2 /p/QSOpt/NAEopt/optZ/runZn4k2resplus/part029/
3 /p/QSOpt/NAEopt/optZ/runZn4k2resplus/part029/
4 /p/QSOpt/NAEopt/optZ/runZn4k2resplus/part029/
5 /p/QSOpt/NAEopt/optZ/runZn4k2resplus/part029/
6 /p/QSOpt/NAEopt/optZ/runZn4k2resplus/part029/
7 /p/QSOpt/NAEopt/optZ/runZn4k2resplus/part029/
8 /p/QSOpt/NAEopt/optZ/runZn4k2resplus/part029/
9 /p/QSOpt/NAEopt/optZ/runZn4k2resplus/part029/
9 /p/QSOpt/NAEopt/optZ/runZn4k2resplus/part029/
0 /p/QSOpt/NAEopt/optZ/runZn4k2resplus/part029/
1 /p/QSOpt/NAEopt/optZ/runZn4k2resplus/part029/
2 /p/QSOpt/NAEopt/optZ/runZn4k2resplus/part029/
3 /p/QSOpt/NAEopt/optZ/runZn4k2resplus/part029/
4 /p/QSOpt/NAEopt/optZ/runZn4k2resplus/part029/
5 /p/QSOpt/NAEopt/optZ/runZn4k2resplus/part029/
6 /p/QSOpt/NAEopt/optZ/runZn4k2resplus/part029/
7 /p/QSOpt/NAEopt/optZ/runZn4k2resplus/part029/
8 /p/QSOpt/NAEopt/optZ/runZn4k2resplus/part029/
9 /p/QSOpt/NAEopt/optZ/runZn4k2resplus/part029/
10 /p/QSOpt/NAEopt/optZ/runZn4k2resplus/part029/
0 /p/QSOpt/NAEopt/optZ/runZn4k2resplus/part029/
1 /p/QSOpt/NAEopt/optZ/runZn4k2resplus/part029/
2 /p/QSOpt/NAEopt/optZ/runZn4k2resplus/part029/
3 /p/QSOpt/NAEopt/optZ/runZn4k2resplus/part029/
4 /p/QSOpt/NAEopt/optZ/runZn4k2resplus/part029/
5 /p/QSOpt/NAEopt/optZ/runZn4k2resplus/part029/
6 /p/QSOpt/NAEopt/optZ/runZn4k2resplus/part029/
7 /p/QSOpt/NAEopt/optZ/runZn4k2resplus/part029/
8 /p/QSOpt/NAEopt/optZ/runZn4k2resplus/part029/
9 /p/QSOpt/NAEopt/optZ/runZn4k2resplus/part029/
11 /p/QSOpt/NAEopt/optZ/runZn4k2resplus/part029/
0 /p/QSOpt/NAEopt/optZ/runZn4k2resplus/part029/
1 /p/QSOpt/NAEopt/optZ/runZn4k2resplus/part029/
2 /p/QSOpt/NAEopt/optZ/runZn4k2resplus/part029/
3 /p/QSOpt/NAEopt/optZ/runZn4k2resplus/part029/
4 /p/QSOpt/NAEopt/optZ/runZn4k2resplus/part029/
5 /p/QSOpt/NAEopt/optZ/runZn4k2resplus/part029/
6 /p/QSOpt/NAEopt/optZ/runZn4k2resplus/part029/
7 /p/QSOpt/NAEopt/optZ/runZn4k2resplus/part029/
8 /p/QSOpt/NAEopt/optZ/runZn4k2resplus/part029/
9 /p/QSOpt/NAEopt/optZ/runZn4k2resplus/part029/
12 /p/QSOpt/NAEopt/optZ/runZn4k2resplus/part029/
0 /p/QSOpt/NAEopt/optZ/runZn4k2resplus/part029/
1 /p/QSOpt/NAEopt/optZ/runZn4k2resplus/part029/
2 /p/QSOpt/NAEopt/optZ/runZn4k2resplus/part029/
3 /p/QSOpt/NAEopt/optZ/runZn4k2resplus/part029/
4 /p/QSOpt/NAEopt/optZ/runZn4k2resplus/part029/
5 /p/QSOpt/NAEopt/optZ/runZn4k2resplus/part029/
6 /p/QSOpt/NAEopt/optZ/runZn4k2resplus/part029/
7 /p/QSOpt/NAEopt/optZ/runZn4k2resplus/part029/
8 /p/QSOpt/NAEopt/optZ/runZn4k2resplus/part029/
9 /p/QSOpt/NAEopt/optZ/runZn4k2resplus/part029/
13 /p/QSOpt/NAEopt/optZ/runZn4k2resplus/part029/
0 /p/QSOpt/NAEopt/optZ/runZn4k2resplus/part029/
1 /p/QSOpt/NAEopt/optZ/runZn4k2resplus/part029/
2 /p/QSOpt/NAEopt/optZ/runZn4k2resplus/part029/
3 /p/QSOpt/NAEopt/optZ/runZn4k2resplus/part029/
4 /p/QSOpt/NAEopt/optZ/runZn4k2resplus/part029/
5 /p/QSOpt/NAEopt/optZ/runZn4k2resplus/part029/
6 /p/QSOpt/NAEopt/optZ/runZn4k2resplus/part029/
7 /p/QSOpt/NAEopt/optZ/runZn4k2resplus/part029/
8 /p/QSOpt/NAEopt/optZ/runZn4k2resplus/part029/
9 /p/QSOpt/NAEopt/optZ/runZn4k2resplus/part029/
14 /p/QSOpt/NAEopt/optZ/runZn4k2resplus/part029/
