python optAnhark2optZ.py 15 0.06 0.09 10 -0.036 -0.023999999999999994 /p/QSOpt/NAEopt/optZ/runZn4k2resplus/part023/
0 /p/QSOpt/NAEopt/optZ/runZn4k2resplus/part023/
1 /p/QSOpt/NAEopt/optZ/runZn4k2resplus/part023/
2 /p/QSOpt/NAEopt/optZ/runZn4k2resplus/part023/
3 /p/QSOpt/NAEopt/optZ/runZn4k2resplus/part023/
4 /p/QSOpt/NAEopt/optZ/runZn4k2resplus/part023/
5 /p/QSOpt/NAEopt/optZ/runZn4k2resplus/part023/
6 /p/QSOpt/NAEopt/optZ/runZn4k2resplus/part023/
7 /p/QSOpt/NAEopt/optZ/runZn4k2resplus/part023/
8 /p/QSOpt/NAEopt/optZ/runZn4k2resplus/part023/
9 /p/QSOpt/NAEopt/optZ/runZn4k2resplus/part023/
0 /p/QSOpt/NAEopt/optZ/runZn4k2resplus/part023/
0 /p/QSOpt/NAEopt/optZ/runZn4k2resplus/part023/
1 /p/QSOpt/NAEopt/optZ/runZn4k2resplus/part023/
2 /p/QSOpt/NAEopt/optZ/runZn4k2resplus/part023/
3 /p/QSOpt/NAEopt/optZ/runZn4k2resplus/part023/
4 /p/QSOpt/NAEopt/optZ/runZn4k2resplus/part023/
5 /p/QSOpt/NAEopt/optZ/runZn4k2resplus/part023/
6 /p/QSOpt/NAEopt/optZ/runZn4k2resplus/part023/
7 /p/QSOpt/NAEopt/optZ/runZn4k2resplus/part023/
8 /p/QSOpt/NAEopt/optZ/runZn4k2resplus/part023/
9 /p/QSOpt/NAEopt/optZ/runZn4k2resplus/part023/
1 /p/QSOpt/NAEopt/optZ/runZn4k2resplus/part023/
0 /p/QSOpt/NAEopt/optZ/runZn4k2resplus/part023/
1 /p/QSOpt/NAEopt/optZ/runZn4k2resplus/part023/
2 /p/QSOpt/NAEopt/optZ/runZn4k2resplus/part023/
3 /p/QSOpt/NAEopt/optZ/runZn4k2resplus/part023/
4 /p/QSOpt/NAEopt/optZ/runZn4k2resplus/part023/
5 /p/QSOpt/NAEopt/optZ/runZn4k2resplus/part023/
6 /p/QSOpt/NAEopt/optZ/runZn4k2resplus/part023/
7 /p/QSOpt/NAEopt/optZ/runZn4k2resplus/part023/
8 /p/QSOpt/NAEopt/optZ/runZn4k2resplus/part023/
9 /p/QSOpt/NAEopt/optZ/runZn4k2resplus/part023/
2 /p/QSOpt/NAEopt/optZ/runZn4k2resplus/part023/
0 /p/QSOpt/NAEopt/optZ/runZn4k2resplus/part023/
1 /p/QSOpt/NAEopt/optZ/runZn4k2resplus/part023/
2 /p/QSOpt/NAEopt/optZ/runZn4k2resplus/part023/
3 /p/QSOpt/NAEopt/optZ/runZn4k2resplus/part023/
4 /p/QSOpt/NAEopt/optZ/runZn4k2resplus/part023/
5 /p/QSOpt/NAEopt/optZ/runZn4k2resplus/part023/
6 /p/QSOpt/NAEopt/optZ/runZn4k2resplus/part023/
7 /p/QSOpt/NAEopt/optZ/runZn4k2resplus/part023/
8 /p/QSOpt/NAEopt/optZ/runZn4k2resplus/part023/
9 /p/QSOpt/NAEopt/optZ/runZn4k2resplus/part023/
3 /p/QSOpt/NAEopt/optZ/runZn4k2resplus/part023/
0 /p/QSOpt/NAEopt/optZ/runZn4k2resplus/part023/
1 /p/QSOpt/NAEopt/optZ/runZn4k2resplus/part023/
2 /p/QSOpt/NAEopt/optZ/runZn4k2resplus/part023/
3 /p/QSOpt/NAEopt/optZ/runZn4k2resplus/part023/
4 /p/QSOpt/NAEopt/optZ/runZn4k2resplus/part023/
5 /p/QSOpt/NAEopt/optZ/runZn4k2resplus/part023/
6 /p/QSOpt/NAEopt/optZ/runZn4k2resplus/part023/
7 /p/QSOpt/NAEopt/optZ/runZn4k2resplus/part023/
8 /p/QSOpt/NAEopt/optZ/runZn4k2resplus/part023/
9 /p/QSOpt/NAEopt/optZ/runZn4k2resplus/part023/
4 /p/QSOpt/NAEopt/optZ/runZn4k2resplus/part023/
0 /p/QSOpt/NAEopt/optZ/runZn4k2resplus/part023/
1 /p/QSOpt/NAEopt/optZ/runZn4k2resplus/part023/
2 /p/QSOpt/NAEopt/optZ/runZn4k2resplus/part023/
3 /p/QSOpt/NAEopt/optZ/runZn4k2resplus/part023/
4 /p/QSOpt/NAEopt/optZ/runZn4k2resplus/part023/
5 /p/QSOpt/NAEopt/optZ/runZn4k2resplus/part023/
6 /p/QSOpt/NAEopt/optZ/runZn4k2resplus/part023/
7 /p/QSOpt/NAEopt/optZ/runZn4k2resplus/part023/
8 /p/QSOpt/NAEopt/optZ/runZn4k2resplus/part023/
9 /p/QSOpt/NAEopt/optZ/runZn4k2resplus/part023/
5 /p/QSOpt/NAEopt/optZ/runZn4k2resplus/part023/
0 /p/QSOpt/NAEopt/optZ/runZn4k2resplus/part023/
1 /p/QSOpt/NAEopt/optZ/runZn4k2resplus/part023/
2 /p/QSOpt/NAEopt/optZ/runZn4k2resplus/part023/
3 /p/QSOpt/NAEopt/optZ/runZn4k2resplus/part023/
4 /p/QSOpt/NAEopt/optZ/runZn4k2resplus/part023/
5 /p/QSOpt/NAEopt/optZ/runZn4k2resplus/part023/
6 /p/QSOpt/NAEopt/optZ/runZn4k2resplus/part023/
7 /p/QSOpt/NAEopt/optZ/runZn4k2resplus/part023/
8 /p/QSOpt/NAEopt/optZ/runZn4k2resplus/part023/
9 /p/QSOpt/NAEopt/optZ/runZn4k2resplus/part023/
6 /p/QSOpt/NAEopt/optZ/runZn4k2resplus/part023/
0 /p/QSOpt/NAEopt/optZ/runZn4k2resplus/part023/
1 /p/QSOpt/NAEopt/optZ/runZn4k2resplus/part023/
2 /p/QSOpt/NAEopt/optZ/runZn4k2resplus/part023/
3 /p/QSOpt/NAEopt/optZ/runZn4k2resplus/part023/
4 /p/QSOpt/NAEopt/optZ/runZn4k2resplus/part023/
5 /p/QSOpt/NAEopt/optZ/runZn4k2resplus/part023/
6 /p/QSOpt/NAEopt/optZ/runZn4k2resplus/part023/
7 /p/QSOpt/NAEopt/optZ/runZn4k2resplus/part023/
8 /p/QSOpt/NAEopt/optZ/runZn4k2resplus/part023/
9 /p/QSOpt/NAEopt/optZ/runZn4k2resplus/part023/
7 /p/QSOpt/NAEopt/optZ/runZn4k2resplus/part023/
0 /p/QSOpt/NAEopt/optZ/runZn4k2resplus/part023/
1 /p/QSOpt/NAEopt/optZ/runZn4k2resplus/part023/
2 /p/QSOpt/NAEopt/optZ/runZn4k2resplus/part023/
3 /p/QSOpt/NAEopt/optZ/runZn4k2resplus/part023/
4 /p/QSOpt/NAEopt/optZ/runZn4k2resplus/part023/
5 /p/QSOpt/NAEopt/optZ/runZn4k2resplus/part023/
6 /p/QSOpt/NAEopt/optZ/runZn4k2resplus/part023/
7 /p/QSOpt/NAEopt/optZ/runZn4k2resplus/part023/
8 /p/QSOpt/NAEopt/optZ/runZn4k2resplus/part023/
9 /p/QSOpt/NAEopt/optZ/runZn4k2resplus/part023/
8 /p/QSOpt/NAEopt/optZ/runZn4k2resplus/part023/
0 /p/QSOpt/NAEopt/optZ/runZn4k2resplus/part023/
1 /p/QSOpt/NAEopt/optZ/runZn4k2resplus/part023/
2 /p/QSOpt/NAEopt/optZ/runZn4k2resplus/part023/
3 /p/QSOpt/NAEopt/optZ/runZn4k2resplus/part023/
4 /p/QSOpt/NAEopt/optZ/runZn4k2resplus/part023/
5 /p/QSOpt/NAEopt/optZ/runZn4k2resplus/part023/
6 /p/QSOpt/NAEopt/optZ/runZn4k2resplus/part023/
7 /p/QSOpt/NAEopt/optZ/runZn4k2resplus/part023/
8 /p/QSOpt/NAEopt/optZ/runZn4k2resplus/part023/
9 /p/QSOpt/NAEopt/optZ/runZn4k2resplus/part023/
9 /p/QSOpt/NAEopt/optZ/runZn4k2resplus/part023/
0 /p/QSOpt/NAEopt/optZ/runZn4k2resplus/part023/
1 /p/QSOpt/NAEopt/optZ/runZn4k2resplus/part023/
2 /p/QSOpt/NAEopt/optZ/runZn4k2resplus/part023/
3 /p/QSOpt/NAEopt/optZ/runZn4k2resplus/part023/
4 /p/QSOpt/NAEopt/optZ/runZn4k2resplus/part023/
5 /p/QSOpt/NAEopt/optZ/runZn4k2resplus/part023/
6 /p/QSOpt/NAEopt/optZ/runZn4k2resplus/part023/
7 /p/QSOpt/NAEopt/optZ/runZn4k2resplus/part023/
8 /p/QSOpt/NAEopt/optZ/runZn4k2resplus/part023/
9 /p/QSOpt/NAEopt/optZ/runZn4k2resplus/part023/
10 /p/QSOpt/NAEopt/optZ/runZn4k2resplus/part023/
0 /p/QSOpt/NAEopt/optZ/runZn4k2resplus/part023/
1 /p/QSOpt/NAEopt/optZ/runZn4k2resplus/part023/
2 /p/QSOpt/NAEopt/optZ/runZn4k2resplus/part023/
3 /p/QSOpt/NAEopt/optZ/runZn4k2resplus/part023/
4 /p/QSOpt/NAEopt/optZ/runZn4k2resplus/part023/
5 /p/QSOpt/NAEopt/optZ/runZn4k2resplus/part023/
6 /p/QSOpt/NAEopt/optZ/runZn4k2resplus/part023/
7 /p/QSOpt/NAEopt/optZ/runZn4k2resplus/part023/
8 /p/QSOpt/NAEopt/optZ/runZn4k2resplus/part023/
9 /p/QSOpt/NAEopt/optZ/runZn4k2resplus/part023/
11 /p/QSOpt/NAEopt/optZ/runZn4k2resplus/part023/
0 /p/QSOpt/NAEopt/optZ/runZn4k2resplus/part023/
1 /p/QSOpt/NAEopt/optZ/runZn4k2resplus/part023/
2 /p/QSOpt/NAEopt/optZ/runZn4k2resplus/part023/
3 /p/QSOpt/NAEopt/optZ/runZn4k2resplus/part023/
4 /p/QSOpt/NAEopt/optZ/runZn4k2resplus/part023/
5 /p/QSOpt/NAEopt/optZ/runZn4k2resplus/part023/
6 /p/QSOpt/NAEopt/optZ/runZn4k2resplus/part023/
7 /p/QSOpt/NAEopt/optZ/runZn4k2resplus/part023/
8 /p/QSOpt/NAEopt/optZ/runZn4k2resplus/part023/
9 /p/QSOpt/NAEopt/optZ/runZn4k2resplus/part023/
12 /p/QSOpt/NAEopt/optZ/runZn4k2resplus/part023/
0 /p/QSOpt/NAEopt/optZ/runZn4k2resplus/part023/
1 /p/QSOpt/NAEopt/optZ/runZn4k2resplus/part023/
2 /p/QSOpt/NAEopt/optZ/runZn4k2resplus/part023/
3 /p/QSOpt/NAEopt/optZ/runZn4k2resplus/part023/
4 /p/QSOpt/NAEopt/optZ/runZn4k2resplus/part023/
5 /p/QSOpt/NAEopt/optZ/runZn4k2resplus/part023/
6 /p/QSOpt/NAEopt/optZ/runZn4k2resplus/part023/
7 /p/QSOpt/NAEopt/optZ/runZn4k2resplus/part023/
8 /p/QSOpt/NAEopt/optZ/runZn4k2resplus/part023/
9 /p/QSOpt/NAEopt/optZ/runZn4k2resplus/part023/
13 /p/QSOpt/NAEopt/optZ/runZn4k2resplus/part023/
0 /p/QSOpt/NAEopt/optZ/runZn4k2resplus/part023/
1 /p/QSOpt/NAEopt/optZ/runZn4k2resplus/part023/
2 /p/QSOpt/NAEopt/optZ/runZn4k2resplus/part023/
3 /p/QSOpt/NAEopt/optZ/runZn4k2resplus/part023/
4 /p/QSOpt/NAEopt/optZ/runZn4k2resplus/part023/
5 /p/QSOpt/NAEopt/optZ/runZn4k2resplus/part023/
6 /p/QSOpt/NAEopt/optZ/runZn4k2resplus/part023/
7 /p/QSOpt/NAEopt/optZ/runZn4k2resplus/part023/
8 /p/QSOpt/NAEopt/optZ/runZn4k2resplus/part023/
9 /p/QSOpt/NAEopt/optZ/runZn4k2resplus/part023/
14 /p/QSOpt/NAEopt/optZ/runZn4k2resplus/part023/
