python optAnhark2optZ.py 15 0.06 0.09 10 -0.048 -0.036 /p/QSOpt/NAEopt/optZ/runZn4k2resplus/part022/
0 /p/QSOpt/NAEopt/optZ/runZn4k2resplus/part022/
1 /p/QSOpt/NAEopt/optZ/runZn4k2resplus/part022/
2 /p/QSOpt/NAEopt/optZ/runZn4k2resplus/part022/
3 /p/QSOpt/NAEopt/optZ/runZn4k2resplus/part022/
4 /p/QSOpt/NAEopt/optZ/runZn4k2resplus/part022/
5 /p/QSOpt/NAEopt/optZ/runZn4k2resplus/part022/
6 /p/QSOpt/NAEopt/optZ/runZn4k2resplus/part022/
7 /p/QSOpt/NAEopt/optZ/runZn4k2resplus/part022/
8 /p/QSOpt/NAEopt/optZ/runZn4k2resplus/part022/
9 /p/QSOpt/NAEopt/optZ/runZn4k2resplus/part022/
0 /p/QSOpt/NAEopt/optZ/runZn4k2resplus/part022/
0 /p/QSOpt/NAEopt/optZ/runZn4k2resplus/part022/
1 /p/QSOpt/NAEopt/optZ/runZn4k2resplus/part022/
2 /p/QSOpt/NAEopt/optZ/runZn4k2resplus/part022/
3 /p/QSOpt/NAEopt/optZ/runZn4k2resplus/part022/
4 /p/QSOpt/NAEopt/optZ/runZn4k2resplus/part022/
5 /p/QSOpt/NAEopt/optZ/runZn4k2resplus/part022/
6 /p/QSOpt/NAEopt/optZ/runZn4k2resplus/part022/
7 /p/QSOpt/NAEopt/optZ/runZn4k2resplus/part022/
8 /p/QSOpt/NAEopt/optZ/runZn4k2resplus/part022/
9 /p/QSOpt/NAEopt/optZ/runZn4k2resplus/part022/
1 /p/QSOpt/NAEopt/optZ/runZn4k2resplus/part022/
0 /p/QSOpt/NAEopt/optZ/runZn4k2resplus/part022/
1 /p/QSOpt/NAEopt/optZ/runZn4k2resplus/part022/
2 /p/QSOpt/NAEopt/optZ/runZn4k2resplus/part022/
3 /p/QSOpt/NAEopt/optZ/runZn4k2resplus/part022/
4 /p/QSOpt/NAEopt/optZ/runZn4k2resplus/part022/
5 /p/QSOpt/NAEopt/optZ/runZn4k2resplus/part022/
6 /p/QSOpt/NAEopt/optZ/runZn4k2resplus/part022/
7 /p/QSOpt/NAEopt/optZ/runZn4k2resplus/part022/
8 /p/QSOpt/NAEopt/optZ/runZn4k2resplus/part022/
9 /p/QSOpt/NAEopt/optZ/runZn4k2resplus/part022/
2 /p/QSOpt/NAEopt/optZ/runZn4k2resplus/part022/
0 /p/QSOpt/NAEopt/optZ/runZn4k2resplus/part022/
1 /p/QSOpt/NAEopt/optZ/runZn4k2resplus/part022/
2 /p/QSOpt/NAEopt/optZ/runZn4k2resplus/part022/
3 /p/QSOpt/NAEopt/optZ/runZn4k2resplus/part022/
4 /p/QSOpt/NAEopt/optZ/runZn4k2resplus/part022/
5 /p/QSOpt/NAEopt/optZ/runZn4k2resplus/part022/
6 /p/QSOpt/NAEopt/optZ/runZn4k2resplus/part022/
7 /p/QSOpt/NAEopt/optZ/runZn4k2resplus/part022/
8 /p/QSOpt/NAEopt/optZ/runZn4k2resplus/part022/
9 /p/QSOpt/NAEopt/optZ/runZn4k2resplus/part022/
3 /p/QSOpt/NAEopt/optZ/runZn4k2resplus/part022/
0 /p/QSOpt/NAEopt/optZ/runZn4k2resplus/part022/
1 /p/QSOpt/NAEopt/optZ/runZn4k2resplus/part022/
2 /p/QSOpt/NAEopt/optZ/runZn4k2resplus/part022/
3 /p/QSOpt/NAEopt/optZ/runZn4k2resplus/part022/
4 /p/QSOpt/NAEopt/optZ/runZn4k2resplus/part022/
5 /p/QSOpt/NAEopt/optZ/runZn4k2resplus/part022/
6 /p/QSOpt/NAEopt/optZ/runZn4k2resplus/part022/
7 /p/QSOpt/NAEopt/optZ/runZn4k2resplus/part022/
8 /p/QSOpt/NAEopt/optZ/runZn4k2resplus/part022/
9 /p/QSOpt/NAEopt/optZ/runZn4k2resplus/part022/
4 /p/QSOpt/NAEopt/optZ/runZn4k2resplus/part022/
0 /p/QSOpt/NAEopt/optZ/runZn4k2resplus/part022/
1 /p/QSOpt/NAEopt/optZ/runZn4k2resplus/part022/
2 /p/QSOpt/NAEopt/optZ/runZn4k2resplus/part022/
3 /p/QSOpt/NAEopt/optZ/runZn4k2resplus/part022/
4 /p/QSOpt/NAEopt/optZ/runZn4k2resplus/part022/
5 /p/QSOpt/NAEopt/optZ/runZn4k2resplus/part022/
6 /p/QSOpt/NAEopt/optZ/runZn4k2resplus/part022/
7 /p/QSOpt/NAEopt/optZ/runZn4k2resplus/part022/
8 /p/QSOpt/NAEopt/optZ/runZn4k2resplus/part022/
9 /p/QSOpt/NAEopt/optZ/runZn4k2resplus/part022/
5 /p/QSOpt/NAEopt/optZ/runZn4k2resplus/part022/
0 /p/QSOpt/NAEopt/optZ/runZn4k2resplus/part022/
1 /p/QSOpt/NAEopt/optZ/runZn4k2resplus/part022/
2 /p/QSOpt/NAEopt/optZ/runZn4k2resplus/part022/
3 /p/QSOpt/NAEopt/optZ/runZn4k2resplus/part022/
4 /p/QSOpt/NAEopt/optZ/runZn4k2resplus/part022/
5 /p/QSOpt/NAEopt/optZ/runZn4k2resplus/part022/
6 /p/QSOpt/NAEopt/optZ/runZn4k2resplus/part022/
7 /p/QSOpt/NAEopt/optZ/runZn4k2resplus/part022/
8 /p/QSOpt/NAEopt/optZ/runZn4k2resplus/part022/
9 /p/QSOpt/NAEopt/optZ/runZn4k2resplus/part022/
6 /p/QSOpt/NAEopt/optZ/runZn4k2resplus/part022/
0 /p/QSOpt/NAEopt/optZ/runZn4k2resplus/part022/
1 /p/QSOpt/NAEopt/optZ/runZn4k2resplus/part022/
2 /p/QSOpt/NAEopt/optZ/runZn4k2resplus/part022/
3 /p/QSOpt/NAEopt/optZ/runZn4k2resplus/part022/
4 /p/QSOpt/NAEopt/optZ/runZn4k2resplus/part022/
5 /p/QSOpt/NAEopt/optZ/runZn4k2resplus/part022/
6 /p/QSOpt/NAEopt/optZ/runZn4k2resplus/part022/
7 /p/QSOpt/NAEopt/optZ/runZn4k2resplus/part022/
8 /p/QSOpt/NAEopt/optZ/runZn4k2resplus/part022/
9 /p/QSOpt/NAEopt/optZ/runZn4k2resplus/part022/
7 /p/QSOpt/NAEopt/optZ/runZn4k2resplus/part022/
0 /p/QSOpt/NAEopt/optZ/runZn4k2resplus/part022/
1 /p/QSOpt/NAEopt/optZ/runZn4k2resplus/part022/
2 /p/QSOpt/NAEopt/optZ/runZn4k2resplus/part022/
3 /p/QSOpt/NAEopt/optZ/runZn4k2resplus/part022/
4 /p/QSOpt/NAEopt/optZ/runZn4k2resplus/part022/
5 /p/QSOpt/NAEopt/optZ/runZn4k2resplus/part022/
6 /p/QSOpt/NAEopt/optZ/runZn4k2resplus/part022/
7 /p/QSOpt/NAEopt/optZ/runZn4k2resplus/part022/
8 /p/QSOpt/NAEopt/optZ/runZn4k2resplus/part022/
9 /p/QSOpt/NAEopt/optZ/runZn4k2resplus/part022/
8 /p/QSOpt/NAEopt/optZ/runZn4k2resplus/part022/
0 /p/QSOpt/NAEopt/optZ/runZn4k2resplus/part022/
1 /p/QSOpt/NAEopt/optZ/runZn4k2resplus/part022/
2 /p/QSOpt/NAEopt/optZ/runZn4k2resplus/part022/
3 /p/QSOpt/NAEopt/optZ/runZn4k2resplus/part022/
4 /p/QSOpt/NAEopt/optZ/runZn4k2resplus/part022/
5 /p/QSOpt/NAEopt/optZ/runZn4k2resplus/part022/
6 /p/QSOpt/NAEopt/optZ/runZn4k2resplus/part022/
7 /p/QSOpt/NAEopt/optZ/runZn4k2resplus/part022/
8 /p/QSOpt/NAEopt/optZ/runZn4k2resplus/part022/
9 /p/QSOpt/NAEopt/optZ/runZn4k2resplus/part022/
9 /p/QSOpt/NAEopt/optZ/runZn4k2resplus/part022/
0 /p/QSOpt/NAEopt/optZ/runZn4k2resplus/part022/
1 /p/QSOpt/NAEopt/optZ/runZn4k2resplus/part022/
2 /p/QSOpt/NAEopt/optZ/runZn4k2resplus/part022/
3 /p/QSOpt/NAEopt/optZ/runZn4k2resplus/part022/
4 /p/QSOpt/NAEopt/optZ/runZn4k2resplus/part022/
5 /p/QSOpt/NAEopt/optZ/runZn4k2resplus/part022/
6 /p/QSOpt/NAEopt/optZ/runZn4k2resplus/part022/
7 /p/QSOpt/NAEopt/optZ/runZn4k2resplus/part022/
8 /p/QSOpt/NAEopt/optZ/runZn4k2resplus/part022/
9 /p/QSOpt/NAEopt/optZ/runZn4k2resplus/part022/
10 /p/QSOpt/NAEopt/optZ/runZn4k2resplus/part022/
0 /p/QSOpt/NAEopt/optZ/runZn4k2resplus/part022/
1 /p/QSOpt/NAEopt/optZ/runZn4k2resplus/part022/
2 /p/QSOpt/NAEopt/optZ/runZn4k2resplus/part022/
3 /p/QSOpt/NAEopt/optZ/runZn4k2resplus/part022/
4 /p/QSOpt/NAEopt/optZ/runZn4k2resplus/part022/
5 /p/QSOpt/NAEopt/optZ/runZn4k2resplus/part022/
6 /p/QSOpt/NAEopt/optZ/runZn4k2resplus/part022/
7 /p/QSOpt/NAEopt/optZ/runZn4k2resplus/part022/
8 /p/QSOpt/NAEopt/optZ/runZn4k2resplus/part022/
9 /p/QSOpt/NAEopt/optZ/runZn4k2resplus/part022/
11 /p/QSOpt/NAEopt/optZ/runZn4k2resplus/part022/
0 /p/QSOpt/NAEopt/optZ/runZn4k2resplus/part022/
1 /p/QSOpt/NAEopt/optZ/runZn4k2resplus/part022/
2 /p/QSOpt/NAEopt/optZ/runZn4k2resplus/part022/
3 /p/QSOpt/NAEopt/optZ/runZn4k2resplus/part022/
4 /p/QSOpt/NAEopt/optZ/runZn4k2resplus/part022/
5 /p/QSOpt/NAEopt/optZ/runZn4k2resplus/part022/
6 /p/QSOpt/NAEopt/optZ/runZn4k2resplus/part022/
7 /p/QSOpt/NAEopt/optZ/runZn4k2resplus/part022/
8 /p/QSOpt/NAEopt/optZ/runZn4k2resplus/part022/
9 /p/QSOpt/NAEopt/optZ/runZn4k2resplus/part022/
12 /p/QSOpt/NAEopt/optZ/runZn4k2resplus/part022/
0 /p/QSOpt/NAEopt/optZ/runZn4k2resplus/part022/
1 /p/QSOpt/NAEopt/optZ/runZn4k2resplus/part022/
2 /p/QSOpt/NAEopt/optZ/runZn4k2resplus/part022/
3 /p/QSOpt/NAEopt/optZ/runZn4k2resplus/part022/
4 /p/QSOpt/NAEopt/optZ/runZn4k2resplus/part022/
5 /p/QSOpt/NAEopt/optZ/runZn4k2resplus/part022/
6 /p/QSOpt/NAEopt/optZ/runZn4k2resplus/part022/
7 /p/QSOpt/NAEopt/optZ/runZn4k2resplus/part022/
8 /p/QSOpt/NAEopt/optZ/runZn4k2resplus/part022/
9 /p/QSOpt/NAEopt/optZ/runZn4k2resplus/part022/
13 /p/QSOpt/NAEopt/optZ/runZn4k2resplus/part022/
0 /p/QSOpt/NAEopt/optZ/runZn4k2resplus/part022/
1 /p/QSOpt/NAEopt/optZ/runZn4k2resplus/part022/
2 /p/QSOpt/NAEopt/optZ/runZn4k2resplus/part022/
3 /p/QSOpt/NAEopt/optZ/runZn4k2resplus/part022/
4 /p/QSOpt/NAEopt/optZ/runZn4k2resplus/part022/
5 /p/QSOpt/NAEopt/optZ/runZn4k2resplus/part022/
6 /p/QSOpt/NAEopt/optZ/runZn4k2resplus/part022/
7 /p/QSOpt/NAEopt/optZ/runZn4k2resplus/part022/
/p/QSOpt/NAEopt/pyQSC/qsc/r_singularity.py:283: RuntimeWarning: overflow encountered in multiply
  coefficients[:, 4] = 4*(K4c*K4c + K4s*K4s)
/p/QSOpt/NAEopt/pyQSC/qsc/r_singularity.py:285: RuntimeWarning: overflow encountered in multiply
  coefficients[:, 3] = 4*(K4s*K2c - K2s*K4c)
/p/QSOpt/NAEopt/pyQSC/qsc/r_singularity.py:285: RuntimeWarning: invalid value encountered in subtract
  coefficients[:, 3] = 4*(K4s*K2c - K2s*K4c)
/p/QSOpt/NAEopt/pyQSC/qsc/r_singularity.py:287: RuntimeWarning: overflow encountered in multiply
  coefficients[:, 2] = K2s*K2s + K2c*K2c - 4*K0*K4c - 4*K4c*K4c - 4*K4s*K4s
/p/QSOpt/NAEopt/pyQSC/qsc/r_singularity.py:287: RuntimeWarning: invalid value encountered in subtract
  coefficients[:, 2] = K2s*K2s + K2c*K2c - 4*K0*K4c - 4*K4c*K4c - 4*K4s*K4s
/p/QSOpt/NAEopt/pyQSC/qsc/r_singularity.py:289: RuntimeWarning: overflow encountered in multiply
  coefficients[:, 1] = 2*K0*K2s + 2*K4c*K2s - 4*K4s*K2c
/p/QSOpt/NAEopt/pyQSC/qsc/r_singularity.py:289: RuntimeWarning: invalid value encountered in add
  coefficients[:, 1] = 2*K0*K2s + 2*K4c*K2s - 4*K4s*K2c
/p/QSOpt/NAEopt/pyQSC/qsc/r_singularity.py:291: RuntimeWarning: overflow encountered in multiply
  coefficients[:, 0] = (K0 + K4c)*(K0 + K4c) - K2c*K2c
/p/QSOpt/NAEopt/pyQSC/qsc/r_singularity.py:291: RuntimeWarning: invalid value encountered in subtract
  coefficients[:, 0] = (K0 + K4c)*(K0 + K4c) - K2c*K2c
/usr/pppl/anaconda3/2021.11/lib/python3.9/site-packages/numpy/polynomial/polynomial.py:1400: RuntimeWarning: invalid value encountered in true_divide
  mat[:, -1] -= c[:-1]/c[-1]
8 /p/QSOpt/NAEopt/optZ/runZn4k2resplus/part022/
9 /p/QSOpt/NAEopt/optZ/runZn4k2resplus/part022/
14 /p/QSOpt/NAEopt/optZ/runZn4k2resplus/part022/
