python optAnhark2optZ.py 15 0.0 0.03 10 -0.023999999999999994 -0.011999999999999997 /p/QSOpt/NAEopt/optZ/runZn4k2resplus/part004/
0 /p/QSOpt/NAEopt/optZ/runZn4k2resplus/part004/
1 /p/QSOpt/NAEopt/optZ/runZn4k2resplus/part004/
2 /p/QSOpt/NAEopt/optZ/runZn4k2resplus/part004/
3 /p/QSOpt/NAEopt/optZ/runZn4k2resplus/part004/
4 /p/QSOpt/NAEopt/optZ/runZn4k2resplus/part004/
5 /p/QSOpt/NAEopt/optZ/runZn4k2resplus/part004/
6 /p/QSOpt/NAEopt/optZ/runZn4k2resplus/part004/
7 /p/QSOpt/NAEopt/optZ/runZn4k2resplus/part004/
8 /p/QSOpt/NAEopt/optZ/runZn4k2resplus/part004/
9 /p/QSOpt/NAEopt/optZ/runZn4k2resplus/part004/
0 /p/QSOpt/NAEopt/optZ/runZn4k2resplus/part004/
/p/QSOpt/NAEopt/pyQSC/qsc/r_singularity.py:451: UserWarning:   Difference between linear solution 13.583482053030648 and quadratic solution 13.583497208777505 is 1.5155746856621022e-05
  warnings.warn("  Difference between linear solution {} and quadratic solution {} is {}".format(linear_solutions[0], quadratic_solutions[0], diff))
0 /p/QSOpt/NAEopt/optZ/runZn4k2resplus/part004/
1 /p/QSOpt/NAEopt/optZ/runZn4k2resplus/part004/
2 /p/QSOpt/NAEopt/optZ/runZn4k2resplus/part004/
3 /p/QSOpt/NAEopt/optZ/runZn4k2resplus/part004/
4 /p/QSOpt/NAEopt/optZ/runZn4k2resplus/part004/
5 /p/QSOpt/NAEopt/optZ/runZn4k2resplus/part004/
6 /p/QSOpt/NAEopt/optZ/runZn4k2resplus/part004/
7 /p/QSOpt/NAEopt/optZ/runZn4k2resplus/part004/
8 /p/QSOpt/NAEopt/optZ/runZn4k2resplus/part004/
9 /p/QSOpt/NAEopt/optZ/runZn4k2resplus/part004/
1 /p/QSOpt/NAEopt/optZ/runZn4k2resplus/part004/
0 /p/QSOpt/NAEopt/optZ/runZn4k2resplus/part004/
1 /p/QSOpt/NAEopt/optZ/runZn4k2resplus/part004/
2 /p/QSOpt/NAEopt/optZ/runZn4k2resplus/part004/
3 /p/QSOpt/NAEopt/optZ/runZn4k2resplus/part004/
4 /p/QSOpt/NAEopt/optZ/runZn4k2resplus/part004/
5 /p/QSOpt/NAEopt/optZ/runZn4k2resplus/part004/
6 /p/QSOpt/NAEopt/optZ/runZn4k2resplus/part004/
7 /p/QSOpt/NAEopt/optZ/runZn4k2resplus/part004/
8 /p/QSOpt/NAEopt/optZ/runZn4k2resplus/part004/
9 /p/QSOpt/NAEopt/optZ/runZn4k2resplus/part004/
2 /p/QSOpt/NAEopt/optZ/runZn4k2resplus/part004/
0 /p/QSOpt/NAEopt/optZ/runZn4k2resplus/part004/
1 /p/QSOpt/NAEopt/optZ/runZn4k2resplus/part004/
2 /p/QSOpt/NAEopt/optZ/runZn4k2resplus/part004/
3 /p/QSOpt/NAEopt/optZ/runZn4k2resplus/part004/
4 /p/QSOpt/NAEopt/optZ/runZn4k2resplus/part004/
5 /p/QSOpt/NAEopt/optZ/runZn4k2resplus/part004/
6 /p/QSOpt/NAEopt/optZ/runZn4k2resplus/part004/
7 /p/QSOpt/NAEopt/optZ/runZn4k2resplus/part004/
8 /p/QSOpt/NAEopt/optZ/runZn4k2resplus/part004/
9 /p/QSOpt/NAEopt/optZ/runZn4k2resplus/part004/
3 /p/QSOpt/NAEopt/optZ/runZn4k2resplus/part004/
0 /p/QSOpt/NAEopt/optZ/runZn4k2resplus/part004/
1 /p/QSOpt/NAEopt/optZ/runZn4k2resplus/part004/
2 /p/QSOpt/NAEopt/optZ/runZn4k2resplus/part004/
3 /p/QSOpt/NAEopt/optZ/runZn4k2resplus/part004/
4 /p/QSOpt/NAEopt/optZ/runZn4k2resplus/part004/
5 /p/QSOpt/NAEopt/optZ/runZn4k2resplus/part004/
6 /p/QSOpt/NAEopt/optZ/runZn4k2resplus/part004/
7 /p/QSOpt/NAEopt/optZ/runZn4k2resplus/part004/
8 /p/QSOpt/NAEopt/optZ/runZn4k2resplus/part004/
9 /p/QSOpt/NAEopt/optZ/runZn4k2resplus/part004/
4 /p/QSOpt/NAEopt/optZ/runZn4k2resplus/part004/
0 /p/QSOpt/NAEopt/optZ/runZn4k2resplus/part004/
1 /p/QSOpt/NAEopt/optZ/runZn4k2resplus/part004/
2 /p/QSOpt/NAEopt/optZ/runZn4k2resplus/part004/
3 /p/QSOpt/NAEopt/optZ/runZn4k2resplus/part004/
4 /p/QSOpt/NAEopt/optZ/runZn4k2resplus/part004/
/p/QSOpt/NAEopt/pyQSC/qsc/r_singularity.py:283: RuntimeWarning: overflow encountered in multiply
  coefficients[:, 4] = 4*(K4c*K4c + K4s*K4s)
/p/QSOpt/NAEopt/pyQSC/qsc/r_singularity.py:285: RuntimeWarning: overflow encountered in multiply
  coefficients[:, 3] = 4*(K4s*K2c - K2s*K4c)
/p/QSOpt/NAEopt/pyQSC/qsc/r_singularity.py:285: RuntimeWarning: invalid value encountered in subtract
  coefficients[:, 3] = 4*(K4s*K2c - K2s*K4c)
/p/QSOpt/NAEopt/pyQSC/qsc/r_singularity.py:287: RuntimeWarning: overflow encountered in multiply
  coefficients[:, 2] = K2s*K2s + K2c*K2c - 4*K0*K4c - 4*K4c*K4c - 4*K4s*K4s
/p/QSOpt/NAEopt/pyQSC/qsc/r_singularity.py:287: RuntimeWarning: invalid value encountered in subtract
  coefficients[:, 2] = K2s*K2s + K2c*K2c - 4*K0*K4c - 4*K4c*K4c - 4*K4s*K4s
/p/QSOpt/NAEopt/pyQSC/qsc/r_singularity.py:289: RuntimeWarning: overflow encountered in multiply
  coefficients[:, 1] = 2*K0*K2s + 2*K4c*K2s - 4*K4s*K2c
/p/QSOpt/NAEopt/pyQSC/qsc/r_singularity.py:289: RuntimeWarning: invalid value encountered in add
  coefficients[:, 1] = 2*K0*K2s + 2*K4c*K2s - 4*K4s*K2c
/p/QSOpt/NAEopt/pyQSC/qsc/r_singularity.py:289: RuntimeWarning: invalid value encountered in subtract
  coefficients[:, 1] = 2*K0*K2s + 2*K4c*K2s - 4*K4s*K2c
/p/QSOpt/NAEopt/pyQSC/qsc/r_singularity.py:291: RuntimeWarning: overflow encountered in multiply
  coefficients[:, 0] = (K0 + K4c)*(K0 + K4c) - K2c*K2c
/p/QSOpt/NAEopt/pyQSC/qsc/r_singularity.py:291: RuntimeWarning: invalid value encountered in subtract
  coefficients[:, 0] = (K0 + K4c)*(K0 + K4c) - K2c*K2c
5 /p/QSOpt/NAEopt/optZ/runZn4k2resplus/part004/
6 /p/QSOpt/NAEopt/optZ/runZn4k2resplus/part004/
7 /p/QSOpt/NAEopt/optZ/runZn4k2resplus/part004/
8 /p/QSOpt/NAEopt/optZ/runZn4k2resplus/part004/
9 /p/QSOpt/NAEopt/optZ/runZn4k2resplus/part004/
5 /p/QSOpt/NAEopt/optZ/runZn4k2resplus/part004/
0 /p/QSOpt/NAEopt/optZ/runZn4k2resplus/part004/
1 /p/QSOpt/NAEopt/optZ/runZn4k2resplus/part004/
2 /p/QSOpt/NAEopt/optZ/runZn4k2resplus/part004/
3 /p/QSOpt/NAEopt/optZ/runZn4k2resplus/part004/
4 /p/QSOpt/NAEopt/optZ/runZn4k2resplus/part004/
5 /p/QSOpt/NAEopt/optZ/runZn4k2resplus/part004/
6 /p/QSOpt/NAEopt/optZ/runZn4k2resplus/part004/
7 /p/QSOpt/NAEopt/optZ/runZn4k2resplus/part004/
8 /p/QSOpt/NAEopt/optZ/runZn4k2resplus/part004/
9 /p/QSOpt/NAEopt/optZ/runZn4k2resplus/part004/
6 /p/QSOpt/NAEopt/optZ/runZn4k2resplus/part004/
0 /p/QSOpt/NAEopt/optZ/runZn4k2resplus/part004/
1 /p/QSOpt/NAEopt/optZ/runZn4k2resplus/part004/
2 /p/QSOpt/NAEopt/optZ/runZn4k2resplus/part004/
3 /p/QSOpt/NAEopt/optZ/runZn4k2resplus/part004/
4 /p/QSOpt/NAEopt/optZ/runZn4k2resplus/part004/
5 /p/QSOpt/NAEopt/optZ/runZn4k2resplus/part004/
6 /p/QSOpt/NAEopt/optZ/runZn4k2resplus/part004/
7 /p/QSOpt/NAEopt/optZ/runZn4k2resplus/part004/
8 /p/QSOpt/NAEopt/optZ/runZn4k2resplus/part004/
9 /p/QSOpt/NAEopt/optZ/runZn4k2resplus/part004/
7 /p/QSOpt/NAEopt/optZ/runZn4k2resplus/part004/
0 /p/QSOpt/NAEopt/optZ/runZn4k2resplus/part004/
1 /p/QSOpt/NAEopt/optZ/runZn4k2resplus/part004/
2 /p/QSOpt/NAEopt/optZ/runZn4k2resplus/part004/
3 /p/QSOpt/NAEopt/optZ/runZn4k2resplus/part004/
4 /p/QSOpt/NAEopt/optZ/runZn4k2resplus/part004/
5 /p/QSOpt/NAEopt/optZ/runZn4k2resplus/part004/
6 /p/QSOpt/NAEopt/optZ/runZn4k2resplus/part004/
7 /p/QSOpt/NAEopt/optZ/runZn4k2resplus/part004/
8 /p/QSOpt/NAEopt/optZ/runZn4k2resplus/part004/
9 /p/QSOpt/NAEopt/optZ/runZn4k2resplus/part004/
8 /p/QSOpt/NAEopt/optZ/runZn4k2resplus/part004/
0 /p/QSOpt/NAEopt/optZ/runZn4k2resplus/part004/
1 /p/QSOpt/NAEopt/optZ/runZn4k2resplus/part004/
2 /p/QSOpt/NAEopt/optZ/runZn4k2resplus/part004/
3 /p/QSOpt/NAEopt/optZ/runZn4k2resplus/part004/
4 /p/QSOpt/NAEopt/optZ/runZn4k2resplus/part004/
5 /p/QSOpt/NAEopt/optZ/runZn4k2resplus/part004/
6 /p/QSOpt/NAEopt/optZ/runZn4k2resplus/part004/
7 /p/QSOpt/NAEopt/optZ/runZn4k2resplus/part004/
8 /p/QSOpt/NAEopt/optZ/runZn4k2resplus/part004/
9 /p/QSOpt/NAEopt/optZ/runZn4k2resplus/part004/
9 /p/QSOpt/NAEopt/optZ/runZn4k2resplus/part004/
0 /p/QSOpt/NAEopt/optZ/runZn4k2resplus/part004/
1 /p/QSOpt/NAEopt/optZ/runZn4k2resplus/part004/
2 /p/QSOpt/NAEopt/optZ/runZn4k2resplus/part004/
3 /p/QSOpt/NAEopt/optZ/runZn4k2resplus/part004/
4 /p/QSOpt/NAEopt/optZ/runZn4k2resplus/part004/
5 /p/QSOpt/NAEopt/optZ/runZn4k2resplus/part004/
6 /p/QSOpt/NAEopt/optZ/runZn4k2resplus/part004/
7 /p/QSOpt/NAEopt/optZ/runZn4k2resplus/part004/
8 /p/QSOpt/NAEopt/optZ/runZn4k2resplus/part004/
9 /p/QSOpt/NAEopt/optZ/runZn4k2resplus/part004/
10 /p/QSOpt/NAEopt/optZ/runZn4k2resplus/part004/
0 /p/QSOpt/NAEopt/optZ/runZn4k2resplus/part004/
1 /p/QSOpt/NAEopt/optZ/runZn4k2resplus/part004/
2 /p/QSOpt/NAEopt/optZ/runZn4k2resplus/part004/
3 /p/QSOpt/NAEopt/optZ/runZn4k2resplus/part004/
4 /p/QSOpt/NAEopt/optZ/runZn4k2resplus/part004/
5 /p/QSOpt/NAEopt/optZ/runZn4k2resplus/part004/
6 /p/QSOpt/NAEopt/optZ/runZn4k2resplus/part004/
7 /p/QSOpt/NAEopt/optZ/runZn4k2resplus/part004/
8 /p/QSOpt/NAEopt/optZ/runZn4k2resplus/part004/
9 /p/QSOpt/NAEopt/optZ/runZn4k2resplus/part004/
11 /p/QSOpt/NAEopt/optZ/runZn4k2resplus/part004/
0 /p/QSOpt/NAEopt/optZ/runZn4k2resplus/part004/
1 /p/QSOpt/NAEopt/optZ/runZn4k2resplus/part004/
2 /p/QSOpt/NAEopt/optZ/runZn4k2resplus/part004/
3 /p/QSOpt/NAEopt/optZ/runZn4k2resplus/part004/
4 /p/QSOpt/NAEopt/optZ/runZn4k2resplus/part004/
5 /p/QSOpt/NAEopt/optZ/runZn4k2resplus/part004/
6 /p/QSOpt/NAEopt/optZ/runZn4k2resplus/part004/
7 /p/QSOpt/NAEopt/optZ/runZn4k2resplus/part004/
8 /p/QSOpt/NAEopt/optZ/runZn4k2resplus/part004/
9 /p/QSOpt/NAEopt/optZ/runZn4k2resplus/part004/
12 /p/QSOpt/NAEopt/optZ/runZn4k2resplus/part004/
0 /p/QSOpt/NAEopt/optZ/runZn4k2resplus/part004/
1 /p/QSOpt/NAEopt/optZ/runZn4k2resplus/part004/
2 /p/QSOpt/NAEopt/optZ/runZn4k2resplus/part004/
3 /p/QSOpt/NAEopt/optZ/runZn4k2resplus/part004/
4 /p/QSOpt/NAEopt/optZ/runZn4k2resplus/part004/
5 /p/QSOpt/NAEopt/optZ/runZn4k2resplus/part004/
6 /p/QSOpt/NAEopt/optZ/runZn4k2resplus/part004/
7 /p/QSOpt/NAEopt/optZ/runZn4k2resplus/part004/
8 /p/QSOpt/NAEopt/optZ/runZn4k2resplus/part004/
9 /p/QSOpt/NAEopt/optZ/runZn4k2resplus/part004/
13 /p/QSOpt/NAEopt/optZ/runZn4k2resplus/part004/
0 /p/QSOpt/NAEopt/optZ/runZn4k2resplus/part004/
1 /p/QSOpt/NAEopt/optZ/runZn4k2resplus/part004/
2 /p/QSOpt/NAEopt/optZ/runZn4k2resplus/part004/
3 /p/QSOpt/NAEopt/optZ/runZn4k2resplus/part004/
4 /p/QSOpt/NAEopt/optZ/runZn4k2resplus/part004/
5 /p/QSOpt/NAEopt/optZ/runZn4k2resplus/part004/
6 /p/QSOpt/NAEopt/optZ/runZn4k2resplus/part004/
7 /p/QSOpt/NAEopt/optZ/runZn4k2resplus/part004/
8 /p/QSOpt/NAEopt/optZ/runZn4k2resplus/part004/
9 /p/QSOpt/NAEopt/optZ/runZn4k2resplus/part004/
14 /p/QSOpt/NAEopt/optZ/runZn4k2resplus/part004/
