python optAnhark2optZ.py 15 0.21 0.24 10 0.036000000000000004 0.048 /p/QSOpt/NAEopt/optZ/runZn4k2resplus/part079/
0 /p/QSOpt/NAEopt/optZ/runZn4k2resplus/part079/
1 /p/QSOpt/NAEopt/optZ/runZn4k2resplus/part079/
2 /p/QSOpt/NAEopt/optZ/runZn4k2resplus/part079/
3 /p/QSOpt/NAEopt/optZ/runZn4k2resplus/part079/
4 /p/QSOpt/NAEopt/optZ/runZn4k2resplus/part079/
5 /p/QSOpt/NAEopt/optZ/runZn4k2resplus/part079/
6 /p/QSOpt/NAEopt/optZ/runZn4k2resplus/part079/
7 /p/QSOpt/NAEopt/optZ/runZn4k2resplus/part079/
8 /p/QSOpt/NAEopt/optZ/runZn4k2resplus/part079/
9 /p/QSOpt/NAEopt/optZ/runZn4k2resplus/part079/
0 /p/QSOpt/NAEopt/optZ/runZn4k2resplus/part079/
0 /p/QSOpt/NAEopt/optZ/runZn4k2resplus/part079/
1 /p/QSOpt/NAEopt/optZ/runZn4k2resplus/part079/
2 /p/QSOpt/NAEopt/optZ/runZn4k2resplus/part079/
3 /p/QSOpt/NAEopt/optZ/runZn4k2resplus/part079/
4 /p/QSOpt/NAEopt/optZ/runZn4k2resplus/part079/
5 /p/QSOpt/NAEopt/optZ/runZn4k2resplus/part079/
6 /p/QSOpt/NAEopt/optZ/runZn4k2resplus/part079/
7 /p/QSOpt/NAEopt/optZ/runZn4k2resplus/part079/
8 /p/QSOpt/NAEopt/optZ/runZn4k2resplus/part079/
9 /p/QSOpt/NAEopt/optZ/runZn4k2resplus/part079/
1 /p/QSOpt/NAEopt/optZ/runZn4k2resplus/part079/
0 /p/QSOpt/NAEopt/optZ/runZn4k2resplus/part079/
1 /p/QSOpt/NAEopt/optZ/runZn4k2resplus/part079/
2 /p/QSOpt/NAEopt/optZ/runZn4k2resplus/part079/
3 /p/QSOpt/NAEopt/optZ/runZn4k2resplus/part079/
4 /p/QSOpt/NAEopt/optZ/runZn4k2resplus/part079/
5 /p/QSOpt/NAEopt/optZ/runZn4k2resplus/part079/
6 /p/QSOpt/NAEopt/optZ/runZn4k2resplus/part079/
7 /p/QSOpt/NAEopt/optZ/runZn4k2resplus/part079/
8 /p/QSOpt/NAEopt/optZ/runZn4k2resplus/part079/
9 /p/QSOpt/NAEopt/optZ/runZn4k2resplus/part079/
2 /p/QSOpt/NAEopt/optZ/runZn4k2resplus/part079/
0 /p/QSOpt/NAEopt/optZ/runZn4k2resplus/part079/
1 /p/QSOpt/NAEopt/optZ/runZn4k2resplus/part079/
2 /p/QSOpt/NAEopt/optZ/runZn4k2resplus/part079/
3 /p/QSOpt/NAEopt/optZ/runZn4k2resplus/part079/
4 /p/QSOpt/NAEopt/optZ/runZn4k2resplus/part079/
5 /p/QSOpt/NAEopt/optZ/runZn4k2resplus/part079/
6 /p/QSOpt/NAEopt/optZ/runZn4k2resplus/part079/
7 /p/QSOpt/NAEopt/optZ/runZn4k2resplus/part079/
8 /p/QSOpt/NAEopt/optZ/runZn4k2resplus/part079/
9 /p/QSOpt/NAEopt/optZ/runZn4k2resplus/part079/
3 /p/QSOpt/NAEopt/optZ/runZn4k2resplus/part079/
0 /p/QSOpt/NAEopt/optZ/runZn4k2resplus/part079/
1 /p/QSOpt/NAEopt/optZ/runZn4k2resplus/part079/
2 /p/QSOpt/NAEopt/optZ/runZn4k2resplus/part079/
3 /p/QSOpt/NAEopt/optZ/runZn4k2resplus/part079/
4 /p/QSOpt/NAEopt/optZ/runZn4k2resplus/part079/
5 /p/QSOpt/NAEopt/optZ/runZn4k2resplus/part079/
6 /p/QSOpt/NAEopt/optZ/runZn4k2resplus/part079/
7 /p/QSOpt/NAEopt/optZ/runZn4k2resplus/part079/
8 /p/QSOpt/NAEopt/optZ/runZn4k2resplus/part079/
9 /p/QSOpt/NAEopt/optZ/runZn4k2resplus/part079/
4 /p/QSOpt/NAEopt/optZ/runZn4k2resplus/part079/
0 /p/QSOpt/NAEopt/optZ/runZn4k2resplus/part079/
1 /p/QSOpt/NAEopt/optZ/runZn4k2resplus/part079/
2 /p/QSOpt/NAEopt/optZ/runZn4k2resplus/part079/
3 /p/QSOpt/NAEopt/optZ/runZn4k2resplus/part079/
4 /p/QSOpt/NAEopt/optZ/runZn4k2resplus/part079/
5 /p/QSOpt/NAEopt/optZ/runZn4k2resplus/part079/
6 /p/QSOpt/NAEopt/optZ/runZn4k2resplus/part079/
7 /p/QSOpt/NAEopt/optZ/runZn4k2resplus/part079/
8 /p/QSOpt/NAEopt/optZ/runZn4k2resplus/part079/
9 /p/QSOpt/NAEopt/optZ/runZn4k2resplus/part079/
5 /p/QSOpt/NAEopt/optZ/runZn4k2resplus/part079/
0 /p/QSOpt/NAEopt/optZ/runZn4k2resplus/part079/
1 /p/QSOpt/NAEopt/optZ/runZn4k2resplus/part079/
2 /p/QSOpt/NAEopt/optZ/runZn4k2resplus/part079/
3 /p/QSOpt/NAEopt/optZ/runZn4k2resplus/part079/
4 /p/QSOpt/NAEopt/optZ/runZn4k2resplus/part079/
5 /p/QSOpt/NAEopt/optZ/runZn4k2resplus/part079/
6 /p/QSOpt/NAEopt/optZ/runZn4k2resplus/part079/
7 /p/QSOpt/NAEopt/optZ/runZn4k2resplus/part079/
8 /p/QSOpt/NAEopt/optZ/runZn4k2resplus/part079/
9 /p/QSOpt/NAEopt/optZ/runZn4k2resplus/part079/
6 /p/QSOpt/NAEopt/optZ/runZn4k2resplus/part079/
0 /p/QSOpt/NAEopt/optZ/runZn4k2resplus/part079/
1 /p/QSOpt/NAEopt/optZ/runZn4k2resplus/part079/
2 /p/QSOpt/NAEopt/optZ/runZn4k2resplus/part079/
3 /p/QSOpt/NAEopt/optZ/runZn4k2resplus/part079/
4 /p/QSOpt/NAEopt/optZ/runZn4k2resplus/part079/
5 /p/QSOpt/NAEopt/optZ/runZn4k2resplus/part079/
6 /p/QSOpt/NAEopt/optZ/runZn4k2resplus/part079/
7 /p/QSOpt/NAEopt/optZ/runZn4k2resplus/part079/
8 /p/QSOpt/NAEopt/optZ/runZn4k2resplus/part079/
9 /p/QSOpt/NAEopt/optZ/runZn4k2resplus/part079/
7 /p/QSOpt/NAEopt/optZ/runZn4k2resplus/part079/
0 /p/QSOpt/NAEopt/optZ/runZn4k2resplus/part079/
1 /p/QSOpt/NAEopt/optZ/runZn4k2resplus/part079/
2 /p/QSOpt/NAEopt/optZ/runZn4k2resplus/part079/
3 /p/QSOpt/NAEopt/optZ/runZn4k2resplus/part079/
4 /p/QSOpt/NAEopt/optZ/runZn4k2resplus/part079/
5 /p/QSOpt/NAEopt/optZ/runZn4k2resplus/part079/
6 /p/QSOpt/NAEopt/optZ/runZn4k2resplus/part079/
7 /p/QSOpt/NAEopt/optZ/runZn4k2resplus/part079/
8 /p/QSOpt/NAEopt/optZ/runZn4k2resplus/part079/
9 /p/QSOpt/NAEopt/optZ/runZn4k2resplus/part079/
8 /p/QSOpt/NAEopt/optZ/runZn4k2resplus/part079/
0 /p/QSOpt/NAEopt/optZ/runZn4k2resplus/part079/
1 /p/QSOpt/NAEopt/optZ/runZn4k2resplus/part079/
2 /p/QSOpt/NAEopt/optZ/runZn4k2resplus/part079/
3 /p/QSOpt/NAEopt/optZ/runZn4k2resplus/part079/
4 /p/QSOpt/NAEopt/optZ/runZn4k2resplus/part079/
5 /p/QSOpt/NAEopt/optZ/runZn4k2resplus/part079/
6 /p/QSOpt/NAEopt/optZ/runZn4k2resplus/part079/
7 /p/QSOpt/NAEopt/optZ/runZn4k2resplus/part079/
8 /p/QSOpt/NAEopt/optZ/runZn4k2resplus/part079/
9 /p/QSOpt/NAEopt/optZ/runZn4k2resplus/part079/
9 /p/QSOpt/NAEopt/optZ/runZn4k2resplus/part079/
0 /p/QSOpt/NAEopt/optZ/runZn4k2resplus/part079/
1 /p/QSOpt/NAEopt/optZ/runZn4k2resplus/part079/
2 /p/QSOpt/NAEopt/optZ/runZn4k2resplus/part079/
3 /p/QSOpt/NAEopt/optZ/runZn4k2resplus/part079/
4 /p/QSOpt/NAEopt/optZ/runZn4k2resplus/part079/
5 /p/QSOpt/NAEopt/optZ/runZn4k2resplus/part079/
6 /p/QSOpt/NAEopt/optZ/runZn4k2resplus/part079/
7 /p/QSOpt/NAEopt/optZ/runZn4k2resplus/part079/
8 /p/QSOpt/NAEopt/optZ/runZn4k2resplus/part079/
9 /p/QSOpt/NAEopt/optZ/runZn4k2resplus/part079/
10 /p/QSOpt/NAEopt/optZ/runZn4k2resplus/part079/
0 /p/QSOpt/NAEopt/optZ/runZn4k2resplus/part079/
1 /p/QSOpt/NAEopt/optZ/runZn4k2resplus/part079/
2 /p/QSOpt/NAEopt/optZ/runZn4k2resplus/part079/
3 /p/QSOpt/NAEopt/optZ/runZn4k2resplus/part079/
4 /p/QSOpt/NAEopt/optZ/runZn4k2resplus/part079/
5 /p/QSOpt/NAEopt/optZ/runZn4k2resplus/part079/
6 /p/QSOpt/NAEopt/optZ/runZn4k2resplus/part079/
7 /p/QSOpt/NAEopt/optZ/runZn4k2resplus/part079/
8 /p/QSOpt/NAEopt/optZ/runZn4k2resplus/part079/
9 /p/QSOpt/NAEopt/optZ/runZn4k2resplus/part079/
11 /p/QSOpt/NAEopt/optZ/runZn4k2resplus/part079/
0 /p/QSOpt/NAEopt/optZ/runZn4k2resplus/part079/
1 /p/QSOpt/NAEopt/optZ/runZn4k2resplus/part079/
2 /p/QSOpt/NAEopt/optZ/runZn4k2resplus/part079/
3 /p/QSOpt/NAEopt/optZ/runZn4k2resplus/part079/
4 /p/QSOpt/NAEopt/optZ/runZn4k2resplus/part079/
5 /p/QSOpt/NAEopt/optZ/runZn4k2resplus/part079/
6 /p/QSOpt/NAEopt/optZ/runZn4k2resplus/part079/
7 /p/QSOpt/NAEopt/optZ/runZn4k2resplus/part079/
8 /p/QSOpt/NAEopt/optZ/runZn4k2resplus/part079/
9 /p/QSOpt/NAEopt/optZ/runZn4k2resplus/part079/
12 /p/QSOpt/NAEopt/optZ/runZn4k2resplus/part079/
0 /p/QSOpt/NAEopt/optZ/runZn4k2resplus/part079/
1 /p/QSOpt/NAEopt/optZ/runZn4k2resplus/part079/
2 /p/QSOpt/NAEopt/optZ/runZn4k2resplus/part079/
3 /p/QSOpt/NAEopt/optZ/runZn4k2resplus/part079/
4 /p/QSOpt/NAEopt/optZ/runZn4k2resplus/part079/
5 /p/QSOpt/NAEopt/optZ/runZn4k2resplus/part079/
6 /p/QSOpt/NAEopt/optZ/runZn4k2resplus/part079/
7 /p/QSOpt/NAEopt/optZ/runZn4k2resplus/part079/
8 /p/QSOpt/NAEopt/optZ/runZn4k2resplus/part079/
9 /p/QSOpt/NAEopt/optZ/runZn4k2resplus/part079/
13 /p/QSOpt/NAEopt/optZ/runZn4k2resplus/part079/
0 /p/QSOpt/NAEopt/optZ/runZn4k2resplus/part079/
1 /p/QSOpt/NAEopt/optZ/runZn4k2resplus/part079/
2 /p/QSOpt/NAEopt/optZ/runZn4k2resplus/part079/
3 /p/QSOpt/NAEopt/optZ/runZn4k2resplus/part079/
4 /p/QSOpt/NAEopt/optZ/runZn4k2resplus/part079/
5 /p/QSOpt/NAEopt/optZ/runZn4k2resplus/part079/
6 /p/QSOpt/NAEopt/optZ/runZn4k2resplus/part079/
7 /p/QSOpt/NAEopt/optZ/runZn4k2resplus/part079/
8 /p/QSOpt/NAEopt/optZ/runZn4k2resplus/part079/
9 /p/QSOpt/NAEopt/optZ/runZn4k2resplus/part079/
14 /p/QSOpt/NAEopt/optZ/runZn4k2resplus/part079/
