python optAnhark2optZ.py 15 0.09 0.12 10 -0.011999999999999997 0.0 /p/QSOpt/NAEopt/optZ/runZn4k2resplus/part035/
0 /p/QSOpt/NAEopt/optZ/runZn4k2resplus/part035/
1 /p/QSOpt/NAEopt/optZ/runZn4k2resplus/part035/
2 /p/QSOpt/NAEopt/optZ/runZn4k2resplus/part035/
3 /p/QSOpt/NAEopt/optZ/runZn4k2resplus/part035/
4 /p/QSOpt/NAEopt/optZ/runZn4k2resplus/part035/
5 /p/QSOpt/NAEopt/optZ/runZn4k2resplus/part035/
6 /p/QSOpt/NAEopt/optZ/runZn4k2resplus/part035/
7 /p/QSOpt/NAEopt/optZ/runZn4k2resplus/part035/
8 /p/QSOpt/NAEopt/optZ/runZn4k2resplus/part035/
9 /p/QSOpt/NAEopt/optZ/runZn4k2resplus/part035/
0 /p/QSOpt/NAEopt/optZ/runZn4k2resplus/part035/
0 /p/QSOpt/NAEopt/optZ/runZn4k2resplus/part035/
1 /p/QSOpt/NAEopt/optZ/runZn4k2resplus/part035/
2 /p/QSOpt/NAEopt/optZ/runZn4k2resplus/part035/
3 /p/QSOpt/NAEopt/optZ/runZn4k2resplus/part035/
4 /p/QSOpt/NAEopt/optZ/runZn4k2resplus/part035/
5 /p/QSOpt/NAEopt/optZ/runZn4k2resplus/part035/
6 /p/QSOpt/NAEopt/optZ/runZn4k2resplus/part035/
7 /p/QSOpt/NAEopt/optZ/runZn4k2resplus/part035/
8 /p/QSOpt/NAEopt/optZ/runZn4k2resplus/part035/
9 /p/QSOpt/NAEopt/optZ/runZn4k2resplus/part035/
1 /p/QSOpt/NAEopt/optZ/runZn4k2resplus/part035/
0 /p/QSOpt/NAEopt/optZ/runZn4k2resplus/part035/
1 /p/QSOpt/NAEopt/optZ/runZn4k2resplus/part035/
2 /p/QSOpt/NAEopt/optZ/runZn4k2resplus/part035/
3 /p/QSOpt/NAEopt/optZ/runZn4k2resplus/part035/
4 /p/QSOpt/NAEopt/optZ/runZn4k2resplus/part035/
5 /p/QSOpt/NAEopt/optZ/runZn4k2resplus/part035/
6 /p/QSOpt/NAEopt/optZ/runZn4k2resplus/part035/
7 /p/QSOpt/NAEopt/optZ/runZn4k2resplus/part035/
8 /p/QSOpt/NAEopt/optZ/runZn4k2resplus/part035/
9 /p/QSOpt/NAEopt/optZ/runZn4k2resplus/part035/
2 /p/QSOpt/NAEopt/optZ/runZn4k2resplus/part035/
0 /p/QSOpt/NAEopt/optZ/runZn4k2resplus/part035/
1 /p/QSOpt/NAEopt/optZ/runZn4k2resplus/part035/
2 /p/QSOpt/NAEopt/optZ/runZn4k2resplus/part035/
3 /p/QSOpt/NAEopt/optZ/runZn4k2resplus/part035/
4 /p/QSOpt/NAEopt/optZ/runZn4k2resplus/part035/
5 /p/QSOpt/NAEopt/optZ/runZn4k2resplus/part035/
6 /p/QSOpt/NAEopt/optZ/runZn4k2resplus/part035/
7 /p/QSOpt/NAEopt/optZ/runZn4k2resplus/part035/
8 /p/QSOpt/NAEopt/optZ/runZn4k2resplus/part035/
9 /p/QSOpt/NAEopt/optZ/runZn4k2resplus/part035/
3 /p/QSOpt/NAEopt/optZ/runZn4k2resplus/part035/
0 /p/QSOpt/NAEopt/optZ/runZn4k2resplus/part035/
1 /p/QSOpt/NAEopt/optZ/runZn4k2resplus/part035/
2 /p/QSOpt/NAEopt/optZ/runZn4k2resplus/part035/
3 /p/QSOpt/NAEopt/optZ/runZn4k2resplus/part035/
4 /p/QSOpt/NAEopt/optZ/runZn4k2resplus/part035/
5 /p/QSOpt/NAEopt/optZ/runZn4k2resplus/part035/
6 /p/QSOpt/NAEopt/optZ/runZn4k2resplus/part035/
7 /p/QSOpt/NAEopt/optZ/runZn4k2resplus/part035/
8 /p/QSOpt/NAEopt/optZ/runZn4k2resplus/part035/
9 /p/QSOpt/NAEopt/optZ/runZn4k2resplus/part035/
4 /p/QSOpt/NAEopt/optZ/runZn4k2resplus/part035/
0 /p/QSOpt/NAEopt/optZ/runZn4k2resplus/part035/
1 /p/QSOpt/NAEopt/optZ/runZn4k2resplus/part035/
2 /p/QSOpt/NAEopt/optZ/runZn4k2resplus/part035/
3 /p/QSOpt/NAEopt/optZ/runZn4k2resplus/part035/
4 /p/QSOpt/NAEopt/optZ/runZn4k2resplus/part035/
5 /p/QSOpt/NAEopt/optZ/runZn4k2resplus/part035/
6 /p/QSOpt/NAEopt/optZ/runZn4k2resplus/part035/
7 /p/QSOpt/NAEopt/optZ/runZn4k2resplus/part035/
8 /p/QSOpt/NAEopt/optZ/runZn4k2resplus/part035/
9 /p/QSOpt/NAEopt/optZ/runZn4k2resplus/part035/
5 /p/QSOpt/NAEopt/optZ/runZn4k2resplus/part035/
0 /p/QSOpt/NAEopt/optZ/runZn4k2resplus/part035/
1 /p/QSOpt/NAEopt/optZ/runZn4k2resplus/part035/
2 /p/QSOpt/NAEopt/optZ/runZn4k2resplus/part035/
3 /p/QSOpt/NAEopt/optZ/runZn4k2resplus/part035/
4 /p/QSOpt/NAEopt/optZ/runZn4k2resplus/part035/
5 /p/QSOpt/NAEopt/optZ/runZn4k2resplus/part035/
6 /p/QSOpt/NAEopt/optZ/runZn4k2resplus/part035/
7 /p/QSOpt/NAEopt/optZ/runZn4k2resplus/part035/
8 /p/QSOpt/NAEopt/optZ/runZn4k2resplus/part035/
9 /p/QSOpt/NAEopt/optZ/runZn4k2resplus/part035/
6 /p/QSOpt/NAEopt/optZ/runZn4k2resplus/part035/
0 /p/QSOpt/NAEopt/optZ/runZn4k2resplus/part035/
1 /p/QSOpt/NAEopt/optZ/runZn4k2resplus/part035/
2 /p/QSOpt/NAEopt/optZ/runZn4k2resplus/part035/
3 /p/QSOpt/NAEopt/optZ/runZn4k2resplus/part035/
4 /p/QSOpt/NAEopt/optZ/runZn4k2resplus/part035/
5 /p/QSOpt/NAEopt/optZ/runZn4k2resplus/part035/
6 /p/QSOpt/NAEopt/optZ/runZn4k2resplus/part035/
7 /p/QSOpt/NAEopt/optZ/runZn4k2resplus/part035/
8 /p/QSOpt/NAEopt/optZ/runZn4k2resplus/part035/
9 /p/QSOpt/NAEopt/optZ/runZn4k2resplus/part035/
7 /p/QSOpt/NAEopt/optZ/runZn4k2resplus/part035/
0 /p/QSOpt/NAEopt/optZ/runZn4k2resplus/part035/
1 /p/QSOpt/NAEopt/optZ/runZn4k2resplus/part035/
2 /p/QSOpt/NAEopt/optZ/runZn4k2resplus/part035/
3 /p/QSOpt/NAEopt/optZ/runZn4k2resplus/part035/
4 /p/QSOpt/NAEopt/optZ/runZn4k2resplus/part035/
5 /p/QSOpt/NAEopt/optZ/runZn4k2resplus/part035/
6 /p/QSOpt/NAEopt/optZ/runZn4k2resplus/part035/
7 /p/QSOpt/NAEopt/optZ/runZn4k2resplus/part035/
8 /p/QSOpt/NAEopt/optZ/runZn4k2resplus/part035/
9 /p/QSOpt/NAEopt/optZ/runZn4k2resplus/part035/
8 /p/QSOpt/NAEopt/optZ/runZn4k2resplus/part035/
0 /p/QSOpt/NAEopt/optZ/runZn4k2resplus/part035/
1 /p/QSOpt/NAEopt/optZ/runZn4k2resplus/part035/
2 /p/QSOpt/NAEopt/optZ/runZn4k2resplus/part035/
3 /p/QSOpt/NAEopt/optZ/runZn4k2resplus/part035/
4 /p/QSOpt/NAEopt/optZ/runZn4k2resplus/part035/
5 /p/QSOpt/NAEopt/optZ/runZn4k2resplus/part035/
6 /p/QSOpt/NAEopt/optZ/runZn4k2resplus/part035/
7 /p/QSOpt/NAEopt/optZ/runZn4k2resplus/part035/
8 /p/QSOpt/NAEopt/optZ/runZn4k2resplus/part035/
9 /p/QSOpt/NAEopt/optZ/runZn4k2resplus/part035/
9 /p/QSOpt/NAEopt/optZ/runZn4k2resplus/part035/
0 /p/QSOpt/NAEopt/optZ/runZn4k2resplus/part035/
1 /p/QSOpt/NAEopt/optZ/runZn4k2resplus/part035/
2 /p/QSOpt/NAEopt/optZ/runZn4k2resplus/part035/
3 /p/QSOpt/NAEopt/optZ/runZn4k2resplus/part035/
4 /p/QSOpt/NAEopt/optZ/runZn4k2resplus/part035/
5 /p/QSOpt/NAEopt/optZ/runZn4k2resplus/part035/
6 /p/QSOpt/NAEopt/optZ/runZn4k2resplus/part035/
7 /p/QSOpt/NAEopt/optZ/runZn4k2resplus/part035/
8 /p/QSOpt/NAEopt/optZ/runZn4k2resplus/part035/
9 /p/QSOpt/NAEopt/optZ/runZn4k2resplus/part035/
10 /p/QSOpt/NAEopt/optZ/runZn4k2resplus/part035/
0 /p/QSOpt/NAEopt/optZ/runZn4k2resplus/part035/
1 /p/QSOpt/NAEopt/optZ/runZn4k2resplus/part035/
2 /p/QSOpt/NAEopt/optZ/runZn4k2resplus/part035/
3 /p/QSOpt/NAEopt/optZ/runZn4k2resplus/part035/
4 /p/QSOpt/NAEopt/optZ/runZn4k2resplus/part035/
5 /p/QSOpt/NAEopt/optZ/runZn4k2resplus/part035/
6 /p/QSOpt/NAEopt/optZ/runZn4k2resplus/part035/
7 /p/QSOpt/NAEopt/optZ/runZn4k2resplus/part035/
8 /p/QSOpt/NAEopt/optZ/runZn4k2resplus/part035/
9 /p/QSOpt/NAEopt/optZ/runZn4k2resplus/part035/
11 /p/QSOpt/NAEopt/optZ/runZn4k2resplus/part035/
0 /p/QSOpt/NAEopt/optZ/runZn4k2resplus/part035/
1 /p/QSOpt/NAEopt/optZ/runZn4k2resplus/part035/
2 /p/QSOpt/NAEopt/optZ/runZn4k2resplus/part035/
3 /p/QSOpt/NAEopt/optZ/runZn4k2resplus/part035/
4 /p/QSOpt/NAEopt/optZ/runZn4k2resplus/part035/
5 /p/QSOpt/NAEopt/optZ/runZn4k2resplus/part035/
6 /p/QSOpt/NAEopt/optZ/runZn4k2resplus/part035/
7 /p/QSOpt/NAEopt/optZ/runZn4k2resplus/part035/
8 /p/QSOpt/NAEopt/optZ/runZn4k2resplus/part035/
9 /p/QSOpt/NAEopt/optZ/runZn4k2resplus/part035/
12 /p/QSOpt/NAEopt/optZ/runZn4k2resplus/part035/
0 /p/QSOpt/NAEopt/optZ/runZn4k2resplus/part035/
1 /p/QSOpt/NAEopt/optZ/runZn4k2resplus/part035/
2 /p/QSOpt/NAEopt/optZ/runZn4k2resplus/part035/
3 /p/QSOpt/NAEopt/optZ/runZn4k2resplus/part035/
4 /p/QSOpt/NAEopt/optZ/runZn4k2resplus/part035/
5 /p/QSOpt/NAEopt/optZ/runZn4k2resplus/part035/
6 /p/QSOpt/NAEopt/optZ/runZn4k2resplus/part035/
7 /p/QSOpt/NAEopt/optZ/runZn4k2resplus/part035/
8 /p/QSOpt/NAEopt/optZ/runZn4k2resplus/part035/
9 /p/QSOpt/NAEopt/optZ/runZn4k2resplus/part035/
13 /p/QSOpt/NAEopt/optZ/runZn4k2resplus/part035/
0 /p/QSOpt/NAEopt/optZ/runZn4k2resplus/part035/
1 /p/QSOpt/NAEopt/optZ/runZn4k2resplus/part035/
2 /p/QSOpt/NAEopt/optZ/runZn4k2resplus/part035/
3 /p/QSOpt/NAEopt/optZ/runZn4k2resplus/part035/
4 /p/QSOpt/NAEopt/optZ/runZn4k2resplus/part035/
5 /p/QSOpt/NAEopt/optZ/runZn4k2resplus/part035/
6 /p/QSOpt/NAEopt/optZ/runZn4k2resplus/part035/
7 /p/QSOpt/NAEopt/optZ/runZn4k2resplus/part035/
8 /p/QSOpt/NAEopt/optZ/runZn4k2resplus/part035/
9 /p/QSOpt/NAEopt/optZ/runZn4k2resplus/part035/
14 /p/QSOpt/NAEopt/optZ/runZn4k2resplus/part035/
