python optAnhark2optZ.py 15 0.09 0.12 10 -0.023999999999999994 -0.011999999999999997 /p/QSOpt/NAEopt/optZ/runZn4k2resplus/part034/
0 /p/QSOpt/NAEopt/optZ/runZn4k2resplus/part034/
1 /p/QSOpt/NAEopt/optZ/runZn4k2resplus/part034/
2 /p/QSOpt/NAEopt/optZ/runZn4k2resplus/part034/
3 /p/QSOpt/NAEopt/optZ/runZn4k2resplus/part034/
4 /p/QSOpt/NAEopt/optZ/runZn4k2resplus/part034/
5 /p/QSOpt/NAEopt/optZ/runZn4k2resplus/part034/
6 /p/QSOpt/NAEopt/optZ/runZn4k2resplus/part034/
7 /p/QSOpt/NAEopt/optZ/runZn4k2resplus/part034/
8 /p/QSOpt/NAEopt/optZ/runZn4k2resplus/part034/
9 /p/QSOpt/NAEopt/optZ/runZn4k2resplus/part034/
0 /p/QSOpt/NAEopt/optZ/runZn4k2resplus/part034/
0 /p/QSOpt/NAEopt/optZ/runZn4k2resplus/part034/
1 /p/QSOpt/NAEopt/optZ/runZn4k2resplus/part034/
2 /p/QSOpt/NAEopt/optZ/runZn4k2resplus/part034/
3 /p/QSOpt/NAEopt/optZ/runZn4k2resplus/part034/
4 /p/QSOpt/NAEopt/optZ/runZn4k2resplus/part034/
5 /p/QSOpt/NAEopt/optZ/runZn4k2resplus/part034/
6 /p/QSOpt/NAEopt/optZ/runZn4k2resplus/part034/
7 /p/QSOpt/NAEopt/optZ/runZn4k2resplus/part034/
8 /p/QSOpt/NAEopt/optZ/runZn4k2resplus/part034/
9 /p/QSOpt/NAEopt/optZ/runZn4k2resplus/part034/
1 /p/QSOpt/NAEopt/optZ/runZn4k2resplus/part034/
0 /p/QSOpt/NAEopt/optZ/runZn4k2resplus/part034/
1 /p/QSOpt/NAEopt/optZ/runZn4k2resplus/part034/
2 /p/QSOpt/NAEopt/optZ/runZn4k2resplus/part034/
3 /p/QSOpt/NAEopt/optZ/runZn4k2resplus/part034/
4 /p/QSOpt/NAEopt/optZ/runZn4k2resplus/part034/
5 /p/QSOpt/NAEopt/optZ/runZn4k2resplus/part034/
6 /p/QSOpt/NAEopt/optZ/runZn4k2resplus/part034/
7 /p/QSOpt/NAEopt/optZ/runZn4k2resplus/part034/
8 /p/QSOpt/NAEopt/optZ/runZn4k2resplus/part034/
9 /p/QSOpt/NAEopt/optZ/runZn4k2resplus/part034/
2 /p/QSOpt/NAEopt/optZ/runZn4k2resplus/part034/
0 /p/QSOpt/NAEopt/optZ/runZn4k2resplus/part034/
1 /p/QSOpt/NAEopt/optZ/runZn4k2resplus/part034/
2 /p/QSOpt/NAEopt/optZ/runZn4k2resplus/part034/
3 /p/QSOpt/NAEopt/optZ/runZn4k2resplus/part034/
4 /p/QSOpt/NAEopt/optZ/runZn4k2resplus/part034/
5 /p/QSOpt/NAEopt/optZ/runZn4k2resplus/part034/
6 /p/QSOpt/NAEopt/optZ/runZn4k2resplus/part034/
7 /p/QSOpt/NAEopt/optZ/runZn4k2resplus/part034/
8 /p/QSOpt/NAEopt/optZ/runZn4k2resplus/part034/
9 /p/QSOpt/NAEopt/optZ/runZn4k2resplus/part034/
3 /p/QSOpt/NAEopt/optZ/runZn4k2resplus/part034/
0 /p/QSOpt/NAEopt/optZ/runZn4k2resplus/part034/
1 /p/QSOpt/NAEopt/optZ/runZn4k2resplus/part034/
2 /p/QSOpt/NAEopt/optZ/runZn4k2resplus/part034/
3 /p/QSOpt/NAEopt/optZ/runZn4k2resplus/part034/
4 /p/QSOpt/NAEopt/optZ/runZn4k2resplus/part034/
5 /p/QSOpt/NAEopt/optZ/runZn4k2resplus/part034/
6 /p/QSOpt/NAEopt/optZ/runZn4k2resplus/part034/
7 /p/QSOpt/NAEopt/optZ/runZn4k2resplus/part034/
8 /p/QSOpt/NAEopt/optZ/runZn4k2resplus/part034/
9 /p/QSOpt/NAEopt/optZ/runZn4k2resplus/part034/
4 /p/QSOpt/NAEopt/optZ/runZn4k2resplus/part034/
0 /p/QSOpt/NAEopt/optZ/runZn4k2resplus/part034/
1 /p/QSOpt/NAEopt/optZ/runZn4k2resplus/part034/
2 /p/QSOpt/NAEopt/optZ/runZn4k2resplus/part034/
3 /p/QSOpt/NAEopt/optZ/runZn4k2resplus/part034/
4 /p/QSOpt/NAEopt/optZ/runZn4k2resplus/part034/
5 /p/QSOpt/NAEopt/optZ/runZn4k2resplus/part034/
6 /p/QSOpt/NAEopt/optZ/runZn4k2resplus/part034/
7 /p/QSOpt/NAEopt/optZ/runZn4k2resplus/part034/
8 /p/QSOpt/NAEopt/optZ/runZn4k2resplus/part034/
9 /p/QSOpt/NAEopt/optZ/runZn4k2resplus/part034/
5 /p/QSOpt/NAEopt/optZ/runZn4k2resplus/part034/
0 /p/QSOpt/NAEopt/optZ/runZn4k2resplus/part034/
1 /p/QSOpt/NAEopt/optZ/runZn4k2resplus/part034/
2 /p/QSOpt/NAEopt/optZ/runZn4k2resplus/part034/
3 /p/QSOpt/NAEopt/optZ/runZn4k2resplus/part034/
4 /p/QSOpt/NAEopt/optZ/runZn4k2resplus/part034/
5 /p/QSOpt/NAEopt/optZ/runZn4k2resplus/part034/
6 /p/QSOpt/NAEopt/optZ/runZn4k2resplus/part034/
7 /p/QSOpt/NAEopt/optZ/runZn4k2resplus/part034/
8 /p/QSOpt/NAEopt/optZ/runZn4k2resplus/part034/
9 /p/QSOpt/NAEopt/optZ/runZn4k2resplus/part034/
6 /p/QSOpt/NAEopt/optZ/runZn4k2resplus/part034/
0 /p/QSOpt/NAEopt/optZ/runZn4k2resplus/part034/
1 /p/QSOpt/NAEopt/optZ/runZn4k2resplus/part034/
2 /p/QSOpt/NAEopt/optZ/runZn4k2resplus/part034/
3 /p/QSOpt/NAEopt/optZ/runZn4k2resplus/part034/
4 /p/QSOpt/NAEopt/optZ/runZn4k2resplus/part034/
5 /p/QSOpt/NAEopt/optZ/runZn4k2resplus/part034/
6 /p/QSOpt/NAEopt/optZ/runZn4k2resplus/part034/
7 /p/QSOpt/NAEopt/optZ/runZn4k2resplus/part034/
8 /p/QSOpt/NAEopt/optZ/runZn4k2resplus/part034/
9 /p/QSOpt/NAEopt/optZ/runZn4k2resplus/part034/
7 /p/QSOpt/NAEopt/optZ/runZn4k2resplus/part034/
0 /p/QSOpt/NAEopt/optZ/runZn4k2resplus/part034/
1 /p/QSOpt/NAEopt/optZ/runZn4k2resplus/part034/
2 /p/QSOpt/NAEopt/optZ/runZn4k2resplus/part034/
3 /p/QSOpt/NAEopt/optZ/runZn4k2resplus/part034/
4 /p/QSOpt/NAEopt/optZ/runZn4k2resplus/part034/
5 /p/QSOpt/NAEopt/optZ/runZn4k2resplus/part034/
6 /p/QSOpt/NAEopt/optZ/runZn4k2resplus/part034/
7 /p/QSOpt/NAEopt/optZ/runZn4k2resplus/part034/
8 /p/QSOpt/NAEopt/optZ/runZn4k2resplus/part034/
9 /p/QSOpt/NAEopt/optZ/runZn4k2resplus/part034/
8 /p/QSOpt/NAEopt/optZ/runZn4k2resplus/part034/
0 /p/QSOpt/NAEopt/optZ/runZn4k2resplus/part034/
1 /p/QSOpt/NAEopt/optZ/runZn4k2resplus/part034/
2 /p/QSOpt/NAEopt/optZ/runZn4k2resplus/part034/
3 /p/QSOpt/NAEopt/optZ/runZn4k2resplus/part034/
4 /p/QSOpt/NAEopt/optZ/runZn4k2resplus/part034/
5 /p/QSOpt/NAEopt/optZ/runZn4k2resplus/part034/
6 /p/QSOpt/NAEopt/optZ/runZn4k2resplus/part034/
7 /p/QSOpt/NAEopt/optZ/runZn4k2resplus/part034/
8 /p/QSOpt/NAEopt/optZ/runZn4k2resplus/part034/
9 /p/QSOpt/NAEopt/optZ/runZn4k2resplus/part034/
9 /p/QSOpt/NAEopt/optZ/runZn4k2resplus/part034/
0 /p/QSOpt/NAEopt/optZ/runZn4k2resplus/part034/
1 /p/QSOpt/NAEopt/optZ/runZn4k2resplus/part034/
2 /p/QSOpt/NAEopt/optZ/runZn4k2resplus/part034/
3 /p/QSOpt/NAEopt/optZ/runZn4k2resplus/part034/
4 /p/QSOpt/NAEopt/optZ/runZn4k2resplus/part034/
5 /p/QSOpt/NAEopt/optZ/runZn4k2resplus/part034/
6 /p/QSOpt/NAEopt/optZ/runZn4k2resplus/part034/
7 /p/QSOpt/NAEopt/optZ/runZn4k2resplus/part034/
8 /p/QSOpt/NAEopt/optZ/runZn4k2resplus/part034/
9 /p/QSOpt/NAEopt/optZ/runZn4k2resplus/part034/
10 /p/QSOpt/NAEopt/optZ/runZn4k2resplus/part034/
0 /p/QSOpt/NAEopt/optZ/runZn4k2resplus/part034/
1 /p/QSOpt/NAEopt/optZ/runZn4k2resplus/part034/
2 /p/QSOpt/NAEopt/optZ/runZn4k2resplus/part034/
3 /p/QSOpt/NAEopt/optZ/runZn4k2resplus/part034/
4 /p/QSOpt/NAEopt/optZ/runZn4k2resplus/part034/
5 /p/QSOpt/NAEopt/optZ/runZn4k2resplus/part034/
6 /p/QSOpt/NAEopt/optZ/runZn4k2resplus/part034/
7 /p/QSOpt/NAEopt/optZ/runZn4k2resplus/part034/
8 /p/QSOpt/NAEopt/optZ/runZn4k2resplus/part034/
9 /p/QSOpt/NAEopt/optZ/runZn4k2resplus/part034/
11 /p/QSOpt/NAEopt/optZ/runZn4k2resplus/part034/
0 /p/QSOpt/NAEopt/optZ/runZn4k2resplus/part034/
1 /p/QSOpt/NAEopt/optZ/runZn4k2resplus/part034/
2 /p/QSOpt/NAEopt/optZ/runZn4k2resplus/part034/
3 /p/QSOpt/NAEopt/optZ/runZn4k2resplus/part034/
4 /p/QSOpt/NAEopt/optZ/runZn4k2resplus/part034/
5 /p/QSOpt/NAEopt/optZ/runZn4k2resplus/part034/
6 /p/QSOpt/NAEopt/optZ/runZn4k2resplus/part034/
7 /p/QSOpt/NAEopt/optZ/runZn4k2resplus/part034/
8 /p/QSOpt/NAEopt/optZ/runZn4k2resplus/part034/
9 /p/QSOpt/NAEopt/optZ/runZn4k2resplus/part034/
12 /p/QSOpt/NAEopt/optZ/runZn4k2resplus/part034/
0 /p/QSOpt/NAEopt/optZ/runZn4k2resplus/part034/
1 /p/QSOpt/NAEopt/optZ/runZn4k2resplus/part034/
2 /p/QSOpt/NAEopt/optZ/runZn4k2resplus/part034/
3 /p/QSOpt/NAEopt/optZ/runZn4k2resplus/part034/
4 /p/QSOpt/NAEopt/optZ/runZn4k2resplus/part034/
5 /p/QSOpt/NAEopt/optZ/runZn4k2resplus/part034/
6 /p/QSOpt/NAEopt/optZ/runZn4k2resplus/part034/
7 /p/QSOpt/NAEopt/optZ/runZn4k2resplus/part034/
8 /p/QSOpt/NAEopt/optZ/runZn4k2resplus/part034/
9 /p/QSOpt/NAEopt/optZ/runZn4k2resplus/part034/
13 /p/QSOpt/NAEopt/optZ/runZn4k2resplus/part034/
0 /p/QSOpt/NAEopt/optZ/runZn4k2resplus/part034/
1 /p/QSOpt/NAEopt/optZ/runZn4k2resplus/part034/
2 /p/QSOpt/NAEopt/optZ/runZn4k2resplus/part034/
3 /p/QSOpt/NAEopt/optZ/runZn4k2resplus/part034/
4 /p/QSOpt/NAEopt/optZ/runZn4k2resplus/part034/
5 /p/QSOpt/NAEopt/optZ/runZn4k2resplus/part034/
6 /p/QSOpt/NAEopt/optZ/runZn4k2resplus/part034/
7 /p/QSOpt/NAEopt/optZ/runZn4k2resplus/part034/
8 /p/QSOpt/NAEopt/optZ/runZn4k2resplus/part034/
9 /p/QSOpt/NAEopt/optZ/runZn4k2resplus/part034/
14 /p/QSOpt/NAEopt/optZ/runZn4k2resplus/part034/
