python optAnhark2optZ.py 15 0.03 0.06 10 -0.023999999999999994 -0.011999999999999997 /p/QSOpt/NAEopt/optZ/runZn4k2resplus/part014/
0 /p/QSOpt/NAEopt/optZ/runZn4k2resplus/part014/
1 /p/QSOpt/NAEopt/optZ/runZn4k2resplus/part014/
2 /p/QSOpt/NAEopt/optZ/runZn4k2resplus/part014/
3 /p/QSOpt/NAEopt/optZ/runZn4k2resplus/part014/
4 /p/QSOpt/NAEopt/optZ/runZn4k2resplus/part014/
5 /p/QSOpt/NAEopt/optZ/runZn4k2resplus/part014/
6 /p/QSOpt/NAEopt/optZ/runZn4k2resplus/part014/
7 /p/QSOpt/NAEopt/optZ/runZn4k2resplus/part014/
8 /p/QSOpt/NAEopt/optZ/runZn4k2resplus/part014/
9 /p/QSOpt/NAEopt/optZ/runZn4k2resplus/part014/
0 /p/QSOpt/NAEopt/optZ/runZn4k2resplus/part014/
0 /p/QSOpt/NAEopt/optZ/runZn4k2resplus/part014/
1 /p/QSOpt/NAEopt/optZ/runZn4k2resplus/part014/
2 /p/QSOpt/NAEopt/optZ/runZn4k2resplus/part014/
3 /p/QSOpt/NAEopt/optZ/runZn4k2resplus/part014/
4 /p/QSOpt/NAEopt/optZ/runZn4k2resplus/part014/
5 /p/QSOpt/NAEopt/optZ/runZn4k2resplus/part014/
6 /p/QSOpt/NAEopt/optZ/runZn4k2resplus/part014/
7 /p/QSOpt/NAEopt/optZ/runZn4k2resplus/part014/
8 /p/QSOpt/NAEopt/optZ/runZn4k2resplus/part014/
9 /p/QSOpt/NAEopt/optZ/runZn4k2resplus/part014/
1 /p/QSOpt/NAEopt/optZ/runZn4k2resplus/part014/
0 /p/QSOpt/NAEopt/optZ/runZn4k2resplus/part014/
1 /p/QSOpt/NAEopt/optZ/runZn4k2resplus/part014/
2 /p/QSOpt/NAEopt/optZ/runZn4k2resplus/part014/
3 /p/QSOpt/NAEopt/optZ/runZn4k2resplus/part014/
4 /p/QSOpt/NAEopt/optZ/runZn4k2resplus/part014/
5 /p/QSOpt/NAEopt/optZ/runZn4k2resplus/part014/
6 /p/QSOpt/NAEopt/optZ/runZn4k2resplus/part014/
7 /p/QSOpt/NAEopt/optZ/runZn4k2resplus/part014/
8 /p/QSOpt/NAEopt/optZ/runZn4k2resplus/part014/
9 /p/QSOpt/NAEopt/optZ/runZn4k2resplus/part014/
2 /p/QSOpt/NAEopt/optZ/runZn4k2resplus/part014/
0 /p/QSOpt/NAEopt/optZ/runZn4k2resplus/part014/
1 /p/QSOpt/NAEopt/optZ/runZn4k2resplus/part014/
2 /p/QSOpt/NAEopt/optZ/runZn4k2resplus/part014/
3 /p/QSOpt/NAEopt/optZ/runZn4k2resplus/part014/
4 /p/QSOpt/NAEopt/optZ/runZn4k2resplus/part014/
5 /p/QSOpt/NAEopt/optZ/runZn4k2resplus/part014/
6 /p/QSOpt/NAEopt/optZ/runZn4k2resplus/part014/
7 /p/QSOpt/NAEopt/optZ/runZn4k2resplus/part014/
8 /p/QSOpt/NAEopt/optZ/runZn4k2resplus/part014/
9 /p/QSOpt/NAEopt/optZ/runZn4k2resplus/part014/
3 /p/QSOpt/NAEopt/optZ/runZn4k2resplus/part014/
0 /p/QSOpt/NAEopt/optZ/runZn4k2resplus/part014/
1 /p/QSOpt/NAEopt/optZ/runZn4k2resplus/part014/
2 /p/QSOpt/NAEopt/optZ/runZn4k2resplus/part014/
3 /p/QSOpt/NAEopt/optZ/runZn4k2resplus/part014/
4 /p/QSOpt/NAEopt/optZ/runZn4k2resplus/part014/
5 /p/QSOpt/NAEopt/optZ/runZn4k2resplus/part014/
6 /p/QSOpt/NAEopt/optZ/runZn4k2resplus/part014/
7 /p/QSOpt/NAEopt/optZ/runZn4k2resplus/part014/
8 /p/QSOpt/NAEopt/optZ/runZn4k2resplus/part014/
9 /p/QSOpt/NAEopt/optZ/runZn4k2resplus/part014/
4 /p/QSOpt/NAEopt/optZ/runZn4k2resplus/part014/
0 /p/QSOpt/NAEopt/optZ/runZn4k2resplus/part014/
1 /p/QSOpt/NAEopt/optZ/runZn4k2resplus/part014/
2 /p/QSOpt/NAEopt/optZ/runZn4k2resplus/part014/
3 /p/QSOpt/NAEopt/optZ/runZn4k2resplus/part014/
4 /p/QSOpt/NAEopt/optZ/runZn4k2resplus/part014/
5 /p/QSOpt/NAEopt/optZ/runZn4k2resplus/part014/
6 /p/QSOpt/NAEopt/optZ/runZn4k2resplus/part014/
7 /p/QSOpt/NAEopt/optZ/runZn4k2resplus/part014/
8 /p/QSOpt/NAEopt/optZ/runZn4k2resplus/part014/
9 /p/QSOpt/NAEopt/optZ/runZn4k2resplus/part014/
5 /p/QSOpt/NAEopt/optZ/runZn4k2resplus/part014/
0 /p/QSOpt/NAEopt/optZ/runZn4k2resplus/part014/
1 /p/QSOpt/NAEopt/optZ/runZn4k2resplus/part014/
2 /p/QSOpt/NAEopt/optZ/runZn4k2resplus/part014/
3 /p/QSOpt/NAEopt/optZ/runZn4k2resplus/part014/
4 /p/QSOpt/NAEopt/optZ/runZn4k2resplus/part014/
5 /p/QSOpt/NAEopt/optZ/runZn4k2resplus/part014/
6 /p/QSOpt/NAEopt/optZ/runZn4k2resplus/part014/
7 /p/QSOpt/NAEopt/optZ/runZn4k2resplus/part014/
8 /p/QSOpt/NAEopt/optZ/runZn4k2resplus/part014/
9 /p/QSOpt/NAEopt/optZ/runZn4k2resplus/part014/
6 /p/QSOpt/NAEopt/optZ/runZn4k2resplus/part014/
0 /p/QSOpt/NAEopt/optZ/runZn4k2resplus/part014/
1 /p/QSOpt/NAEopt/optZ/runZn4k2resplus/part014/
2 /p/QSOpt/NAEopt/optZ/runZn4k2resplus/part014/
3 /p/QSOpt/NAEopt/optZ/runZn4k2resplus/part014/
4 /p/QSOpt/NAEopt/optZ/runZn4k2resplus/part014/
5 /p/QSOpt/NAEopt/optZ/runZn4k2resplus/part014/
6 /p/QSOpt/NAEopt/optZ/runZn4k2resplus/part014/
7 /p/QSOpt/NAEopt/optZ/runZn4k2resplus/part014/
8 /p/QSOpt/NAEopt/optZ/runZn4k2resplus/part014/
9 /p/QSOpt/NAEopt/optZ/runZn4k2resplus/part014/
7 /p/QSOpt/NAEopt/optZ/runZn4k2resplus/part014/
0 /p/QSOpt/NAEopt/optZ/runZn4k2resplus/part014/
1 /p/QSOpt/NAEopt/optZ/runZn4k2resplus/part014/
2 /p/QSOpt/NAEopt/optZ/runZn4k2resplus/part014/
3 /p/QSOpt/NAEopt/optZ/runZn4k2resplus/part014/
4 /p/QSOpt/NAEopt/optZ/runZn4k2resplus/part014/
5 /p/QSOpt/NAEopt/optZ/runZn4k2resplus/part014/
6 /p/QSOpt/NAEopt/optZ/runZn4k2resplus/part014/
7 /p/QSOpt/NAEopt/optZ/runZn4k2resplus/part014/
8 /p/QSOpt/NAEopt/optZ/runZn4k2resplus/part014/
9 /p/QSOpt/NAEopt/optZ/runZn4k2resplus/part014/
8 /p/QSOpt/NAEopt/optZ/runZn4k2resplus/part014/
0 /p/QSOpt/NAEopt/optZ/runZn4k2resplus/part014/
1 /p/QSOpt/NAEopt/optZ/runZn4k2resplus/part014/
2 /p/QSOpt/NAEopt/optZ/runZn4k2resplus/part014/
3 /p/QSOpt/NAEopt/optZ/runZn4k2resplus/part014/
4 /p/QSOpt/NAEopt/optZ/runZn4k2resplus/part014/
5 /p/QSOpt/NAEopt/optZ/runZn4k2resplus/part014/
6 /p/QSOpt/NAEopt/optZ/runZn4k2resplus/part014/
7 /p/QSOpt/NAEopt/optZ/runZn4k2resplus/part014/
8 /p/QSOpt/NAEopt/optZ/runZn4k2resplus/part014/
9 /p/QSOpt/NAEopt/optZ/runZn4k2resplus/part014/
9 /p/QSOpt/NAEopt/optZ/runZn4k2resplus/part014/
0 /p/QSOpt/NAEopt/optZ/runZn4k2resplus/part014/
1 /p/QSOpt/NAEopt/optZ/runZn4k2resplus/part014/
2 /p/QSOpt/NAEopt/optZ/runZn4k2resplus/part014/
3 /p/QSOpt/NAEopt/optZ/runZn4k2resplus/part014/
4 /p/QSOpt/NAEopt/optZ/runZn4k2resplus/part014/
5 /p/QSOpt/NAEopt/optZ/runZn4k2resplus/part014/
6 /p/QSOpt/NAEopt/optZ/runZn4k2resplus/part014/
7 /p/QSOpt/NAEopt/optZ/runZn4k2resplus/part014/
8 /p/QSOpt/NAEopt/optZ/runZn4k2resplus/part014/
9 /p/QSOpt/NAEopt/optZ/runZn4k2resplus/part014/
10 /p/QSOpt/NAEopt/optZ/runZn4k2resplus/part014/
0 /p/QSOpt/NAEopt/optZ/runZn4k2resplus/part014/
1 /p/QSOpt/NAEopt/optZ/runZn4k2resplus/part014/
2 /p/QSOpt/NAEopt/optZ/runZn4k2resplus/part014/
3 /p/QSOpt/NAEopt/optZ/runZn4k2resplus/part014/
4 /p/QSOpt/NAEopt/optZ/runZn4k2resplus/part014/
5 /p/QSOpt/NAEopt/optZ/runZn4k2resplus/part014/
6 /p/QSOpt/NAEopt/optZ/runZn4k2resplus/part014/
7 /p/QSOpt/NAEopt/optZ/runZn4k2resplus/part014/
8 /p/QSOpt/NAEopt/optZ/runZn4k2resplus/part014/
9 /p/QSOpt/NAEopt/optZ/runZn4k2resplus/part014/
11 /p/QSOpt/NAEopt/optZ/runZn4k2resplus/part014/
0 /p/QSOpt/NAEopt/optZ/runZn4k2resplus/part014/
1 /p/QSOpt/NAEopt/optZ/runZn4k2resplus/part014/
2 /p/QSOpt/NAEopt/optZ/runZn4k2resplus/part014/
3 /p/QSOpt/NAEopt/optZ/runZn4k2resplus/part014/
4 /p/QSOpt/NAEopt/optZ/runZn4k2resplus/part014/
5 /p/QSOpt/NAEopt/optZ/runZn4k2resplus/part014/
6 /p/QSOpt/NAEopt/optZ/runZn4k2resplus/part014/
7 /p/QSOpt/NAEopt/optZ/runZn4k2resplus/part014/
8 /p/QSOpt/NAEopt/optZ/runZn4k2resplus/part014/
9 /p/QSOpt/NAEopt/optZ/runZn4k2resplus/part014/
12 /p/QSOpt/NAEopt/optZ/runZn4k2resplus/part014/
0 /p/QSOpt/NAEopt/optZ/runZn4k2resplus/part014/
1 /p/QSOpt/NAEopt/optZ/runZn4k2resplus/part014/
2 /p/QSOpt/NAEopt/optZ/runZn4k2resplus/part014/
3 /p/QSOpt/NAEopt/optZ/runZn4k2resplus/part014/
4 /p/QSOpt/NAEopt/optZ/runZn4k2resplus/part014/
5 /p/QSOpt/NAEopt/optZ/runZn4k2resplus/part014/
6 /p/QSOpt/NAEopt/optZ/runZn4k2resplus/part014/
7 /p/QSOpt/NAEopt/optZ/runZn4k2resplus/part014/
8 /p/QSOpt/NAEopt/optZ/runZn4k2resplus/part014/
9 /p/QSOpt/NAEopt/optZ/runZn4k2resplus/part014/
13 /p/QSOpt/NAEopt/optZ/runZn4k2resplus/part014/
0 /p/QSOpt/NAEopt/optZ/runZn4k2resplus/part014/
1 /p/QSOpt/NAEopt/optZ/runZn4k2resplus/part014/
2 /p/QSOpt/NAEopt/optZ/runZn4k2resplus/part014/
3 /p/QSOpt/NAEopt/optZ/runZn4k2resplus/part014/
4 /p/QSOpt/NAEopt/optZ/runZn4k2resplus/part014/
5 /p/QSOpt/NAEopt/optZ/runZn4k2resplus/part014/
6 /p/QSOpt/NAEopt/optZ/runZn4k2resplus/part014/
7 /p/QSOpt/NAEopt/optZ/runZn4k2resplus/part014/
8 /p/QSOpt/NAEopt/optZ/runZn4k2resplus/part014/
9 /p/QSOpt/NAEopt/optZ/runZn4k2resplus/part014/
14 /p/QSOpt/NAEopt/optZ/runZn4k2resplus/part014/
