python optAnhark2optZ.py 15 0.36 0.39 10 -0.048 -0.036 /p/QSOpt/NAEopt/optZ/runZn4k2resExtplus/part022/
0 /p/QSOpt/NAEopt/optZ/runZn4k2resExtplus/part022/
1 /p/QSOpt/NAEopt/optZ/runZn4k2resExtplus/part022/
2 /p/QSOpt/NAEopt/optZ/runZn4k2resExtplus/part022/
3 /p/QSOpt/NAEopt/optZ/runZn4k2resExtplus/part022/
4 /p/QSOpt/NAEopt/optZ/runZn4k2resExtplus/part022/
5 /p/QSOpt/NAEopt/optZ/runZn4k2resExtplus/part022/
6 /p/QSOpt/NAEopt/optZ/runZn4k2resExtplus/part022/
7 /p/QSOpt/NAEopt/optZ/runZn4k2resExtplus/part022/
8 /p/QSOpt/NAEopt/optZ/runZn4k2resExtplus/part022/
9 /p/QSOpt/NAEopt/optZ/runZn4k2resExtplus/part022/
0 /p/QSOpt/NAEopt/optZ/runZn4k2resExtplus/part022/
0 /p/QSOpt/NAEopt/optZ/runZn4k2resExtplus/part022/
1 /p/QSOpt/NAEopt/optZ/runZn4k2resExtplus/part022/
2 /p/QSOpt/NAEopt/optZ/runZn4k2resExtplus/part022/
3 /p/QSOpt/NAEopt/optZ/runZn4k2resExtplus/part022/
4 /p/QSOpt/NAEopt/optZ/runZn4k2resExtplus/part022/
5 /p/QSOpt/NAEopt/optZ/runZn4k2resExtplus/part022/
6 /p/QSOpt/NAEopt/optZ/runZn4k2resExtplus/part022/
7 /p/QSOpt/NAEopt/optZ/runZn4k2resExtplus/part022/
8 /p/QSOpt/NAEopt/optZ/runZn4k2resExtplus/part022/
9 /p/QSOpt/NAEopt/optZ/runZn4k2resExtplus/part022/
1 /p/QSOpt/NAEopt/optZ/runZn4k2resExtplus/part022/
0 /p/QSOpt/NAEopt/optZ/runZn4k2resExtplus/part022/
1 /p/QSOpt/NAEopt/optZ/runZn4k2resExtplus/part022/
2 /p/QSOpt/NAEopt/optZ/runZn4k2resExtplus/part022/
3 /p/QSOpt/NAEopt/optZ/runZn4k2resExtplus/part022/
4 /p/QSOpt/NAEopt/optZ/runZn4k2resExtplus/part022/
5 /p/QSOpt/NAEopt/optZ/runZn4k2resExtplus/part022/
6 /p/QSOpt/NAEopt/optZ/runZn4k2resExtplus/part022/
7 /p/QSOpt/NAEopt/optZ/runZn4k2resExtplus/part022/
8 /p/QSOpt/NAEopt/optZ/runZn4k2resExtplus/part022/
9 /p/QSOpt/NAEopt/optZ/runZn4k2resExtplus/part022/
2 /p/QSOpt/NAEopt/optZ/runZn4k2resExtplus/part022/
0 /p/QSOpt/NAEopt/optZ/runZn4k2resExtplus/part022/
1 /p/QSOpt/NAEopt/optZ/runZn4k2resExtplus/part022/
2 /p/QSOpt/NAEopt/optZ/runZn4k2resExtplus/part022/
3 /p/QSOpt/NAEopt/optZ/runZn4k2resExtplus/part022/
4 /p/QSOpt/NAEopt/optZ/runZn4k2resExtplus/part022/
5 /p/QSOpt/NAEopt/optZ/runZn4k2resExtplus/part022/
6 /p/QSOpt/NAEopt/optZ/runZn4k2resExtplus/part022/
7 /p/QSOpt/NAEopt/optZ/runZn4k2resExtplus/part022/
8 /p/QSOpt/NAEopt/optZ/runZn4k2resExtplus/part022/
9 /p/QSOpt/NAEopt/optZ/runZn4k2resExtplus/part022/
3 /p/QSOpt/NAEopt/optZ/runZn4k2resExtplus/part022/
0 /p/QSOpt/NAEopt/optZ/runZn4k2resExtplus/part022/
1 /p/QSOpt/NAEopt/optZ/runZn4k2resExtplus/part022/
2 /p/QSOpt/NAEopt/optZ/runZn4k2resExtplus/part022/
3 /p/QSOpt/NAEopt/optZ/runZn4k2resExtplus/part022/
4 /p/QSOpt/NAEopt/optZ/runZn4k2resExtplus/part022/
5 /p/QSOpt/NAEopt/optZ/runZn4k2resExtplus/part022/
6 /p/QSOpt/NAEopt/optZ/runZn4k2resExtplus/part022/
7 /p/QSOpt/NAEopt/optZ/runZn4k2resExtplus/part022/
8 /p/QSOpt/NAEopt/optZ/runZn4k2resExtplus/part022/
9 /p/QSOpt/NAEopt/optZ/runZn4k2resExtplus/part022/
4 /p/QSOpt/NAEopt/optZ/runZn4k2resExtplus/part022/
0 /p/QSOpt/NAEopt/optZ/runZn4k2resExtplus/part022/
1 /p/QSOpt/NAEopt/optZ/runZn4k2resExtplus/part022/
2 /p/QSOpt/NAEopt/optZ/runZn4k2resExtplus/part022/
3 /p/QSOpt/NAEopt/optZ/runZn4k2resExtplus/part022/
4 /p/QSOpt/NAEopt/optZ/runZn4k2resExtplus/part022/
5 /p/QSOpt/NAEopt/optZ/runZn4k2resExtplus/part022/
6 /p/QSOpt/NAEopt/optZ/runZn4k2resExtplus/part022/
7 /p/QSOpt/NAEopt/optZ/runZn4k2resExtplus/part022/
8 /p/QSOpt/NAEopt/optZ/runZn4k2resExtplus/part022/
9 /p/QSOpt/NAEopt/optZ/runZn4k2resExtplus/part022/
5 /p/QSOpt/NAEopt/optZ/runZn4k2resExtplus/part022/
0 /p/QSOpt/NAEopt/optZ/runZn4k2resExtplus/part022/
1 /p/QSOpt/NAEopt/optZ/runZn4k2resExtplus/part022/
2 /p/QSOpt/NAEopt/optZ/runZn4k2resExtplus/part022/
3 /p/QSOpt/NAEopt/optZ/runZn4k2resExtplus/part022/
4 /p/QSOpt/NAEopt/optZ/runZn4k2resExtplus/part022/
5 /p/QSOpt/NAEopt/optZ/runZn4k2resExtplus/part022/
6 /p/QSOpt/NAEopt/optZ/runZn4k2resExtplus/part022/
7 /p/QSOpt/NAEopt/optZ/runZn4k2resExtplus/part022/
8 /p/QSOpt/NAEopt/optZ/runZn4k2resExtplus/part022/
9 /p/QSOpt/NAEopt/optZ/runZn4k2resExtplus/part022/
6 /p/QSOpt/NAEopt/optZ/runZn4k2resExtplus/part022/
0 /p/QSOpt/NAEopt/optZ/runZn4k2resExtplus/part022/
1 /p/QSOpt/NAEopt/optZ/runZn4k2resExtplus/part022/
2 /p/QSOpt/NAEopt/optZ/runZn4k2resExtplus/part022/
3 /p/QSOpt/NAEopt/optZ/runZn4k2resExtplus/part022/
4 /p/QSOpt/NAEopt/optZ/runZn4k2resExtplus/part022/
5 /p/QSOpt/NAEopt/optZ/runZn4k2resExtplus/part022/
6 /p/QSOpt/NAEopt/optZ/runZn4k2resExtplus/part022/
7 /p/QSOpt/NAEopt/optZ/runZn4k2resExtplus/part022/
8 /p/QSOpt/NAEopt/optZ/runZn4k2resExtplus/part022/
9 /p/QSOpt/NAEopt/optZ/runZn4k2resExtplus/part022/
7 /p/QSOpt/NAEopt/optZ/runZn4k2resExtplus/part022/
0 /p/QSOpt/NAEopt/optZ/runZn4k2resExtplus/part022/
1 /p/QSOpt/NAEopt/optZ/runZn4k2resExtplus/part022/
2 /p/QSOpt/NAEopt/optZ/runZn4k2resExtplus/part022/
3 /p/QSOpt/NAEopt/optZ/runZn4k2resExtplus/part022/
4 /p/QSOpt/NAEopt/optZ/runZn4k2resExtplus/part022/
5 /p/QSOpt/NAEopt/optZ/runZn4k2resExtplus/part022/
6 /p/QSOpt/NAEopt/optZ/runZn4k2resExtplus/part022/
7 /p/QSOpt/NAEopt/optZ/runZn4k2resExtplus/part022/
8 /p/QSOpt/NAEopt/optZ/runZn4k2resExtplus/part022/
9 /p/QSOpt/NAEopt/optZ/runZn4k2resExtplus/part022/
8 /p/QSOpt/NAEopt/optZ/runZn4k2resExtplus/part022/
0 /p/QSOpt/NAEopt/optZ/runZn4k2resExtplus/part022/
1 /p/QSOpt/NAEopt/optZ/runZn4k2resExtplus/part022/
2 /p/QSOpt/NAEopt/optZ/runZn4k2resExtplus/part022/
3 /p/QSOpt/NAEopt/optZ/runZn4k2resExtplus/part022/
4 /p/QSOpt/NAEopt/optZ/runZn4k2resExtplus/part022/
5 /p/QSOpt/NAEopt/optZ/runZn4k2resExtplus/part022/
6 /p/QSOpt/NAEopt/optZ/runZn4k2resExtplus/part022/
7 /p/QSOpt/NAEopt/optZ/runZn4k2resExtplus/part022/
8 /p/QSOpt/NAEopt/optZ/runZn4k2resExtplus/part022/
9 /p/QSOpt/NAEopt/optZ/runZn4k2resExtplus/part022/
9 /p/QSOpt/NAEopt/optZ/runZn4k2resExtplus/part022/
0 /p/QSOpt/NAEopt/optZ/runZn4k2resExtplus/part022/
1 /p/QSOpt/NAEopt/optZ/runZn4k2resExtplus/part022/
2 /p/QSOpt/NAEopt/optZ/runZn4k2resExtplus/part022/
3 /p/QSOpt/NAEopt/optZ/runZn4k2resExtplus/part022/
4 /p/QSOpt/NAEopt/optZ/runZn4k2resExtplus/part022/
5 /p/QSOpt/NAEopt/optZ/runZn4k2resExtplus/part022/
6 /p/QSOpt/NAEopt/optZ/runZn4k2resExtplus/part022/
7 /p/QSOpt/NAEopt/optZ/runZn4k2resExtplus/part022/
8 /p/QSOpt/NAEopt/optZ/runZn4k2resExtplus/part022/
9 /p/QSOpt/NAEopt/optZ/runZn4k2resExtplus/part022/
10 /p/QSOpt/NAEopt/optZ/runZn4k2resExtplus/part022/
0 /p/QSOpt/NAEopt/optZ/runZn4k2resExtplus/part022/
1 /p/QSOpt/NAEopt/optZ/runZn4k2resExtplus/part022/
2 /p/QSOpt/NAEopt/optZ/runZn4k2resExtplus/part022/
3 /p/QSOpt/NAEopt/optZ/runZn4k2resExtplus/part022/
4 /p/QSOpt/NAEopt/optZ/runZn4k2resExtplus/part022/
5 /p/QSOpt/NAEopt/optZ/runZn4k2resExtplus/part022/
6 /p/QSOpt/NAEopt/optZ/runZn4k2resExtplus/part022/
7 /p/QSOpt/NAEopt/optZ/runZn4k2resExtplus/part022/
8 /p/QSOpt/NAEopt/optZ/runZn4k2resExtplus/part022/
9 /p/QSOpt/NAEopt/optZ/runZn4k2resExtplus/part022/
11 /p/QSOpt/NAEopt/optZ/runZn4k2resExtplus/part022/
0 /p/QSOpt/NAEopt/optZ/runZn4k2resExtplus/part022/
1 /p/QSOpt/NAEopt/optZ/runZn4k2resExtplus/part022/
2 /p/QSOpt/NAEopt/optZ/runZn4k2resExtplus/part022/
3 /p/QSOpt/NAEopt/optZ/runZn4k2resExtplus/part022/
4 /p/QSOpt/NAEopt/optZ/runZn4k2resExtplus/part022/
5 /p/QSOpt/NAEopt/optZ/runZn4k2resExtplus/part022/
6 /p/QSOpt/NAEopt/optZ/runZn4k2resExtplus/part022/
7 /p/QSOpt/NAEopt/optZ/runZn4k2resExtplus/part022/
8 /p/QSOpt/NAEopt/optZ/runZn4k2resExtplus/part022/
9 /p/QSOpt/NAEopt/optZ/runZn4k2resExtplus/part022/
12 /p/QSOpt/NAEopt/optZ/runZn4k2resExtplus/part022/
0 /p/QSOpt/NAEopt/optZ/runZn4k2resExtplus/part022/
1 /p/QSOpt/NAEopt/optZ/runZn4k2resExtplus/part022/
2 /p/QSOpt/NAEopt/optZ/runZn4k2resExtplus/part022/
3 /p/QSOpt/NAEopt/optZ/runZn4k2resExtplus/part022/
4 /p/QSOpt/NAEopt/optZ/runZn4k2resExtplus/part022/
5 /p/QSOpt/NAEopt/optZ/runZn4k2resExtplus/part022/
6 /p/QSOpt/NAEopt/optZ/runZn4k2resExtplus/part022/
7 /p/QSOpt/NAEopt/optZ/runZn4k2resExtplus/part022/
8 /p/QSOpt/NAEopt/optZ/runZn4k2resExtplus/part022/
9 /p/QSOpt/NAEopt/optZ/runZn4k2resExtplus/part022/
13 /p/QSOpt/NAEopt/optZ/runZn4k2resExtplus/part022/
0 /p/QSOpt/NAEopt/optZ/runZn4k2resExtplus/part022/
1 /p/QSOpt/NAEopt/optZ/runZn4k2resExtplus/part022/
2 /p/QSOpt/NAEopt/optZ/runZn4k2resExtplus/part022/
3 /p/QSOpt/NAEopt/optZ/runZn4k2resExtplus/part022/
4 /p/QSOpt/NAEopt/optZ/runZn4k2resExtplus/part022/
5 /p/QSOpt/NAEopt/optZ/runZn4k2resExtplus/part022/
6 /p/QSOpt/NAEopt/optZ/runZn4k2resExtplus/part022/
7 /p/QSOpt/NAEopt/optZ/runZn4k2resExtplus/part022/
8 /p/QSOpt/NAEopt/optZ/runZn4k2resExtplus/part022/
9 /p/QSOpt/NAEopt/optZ/runZn4k2resExtplus/part022/
14 /p/QSOpt/NAEopt/optZ/runZn4k2resExtplus/part022/
