python optAnhark2optZ.py 15 0.51 0.54 10 0.024000000000000007 0.036000000000000004 /p/QSOpt/NAEopt/optZ/runZn4k2resExtplus/part078/
0 /p/QSOpt/NAEopt/optZ/runZn4k2resExtplus/part078/
1 /p/QSOpt/NAEopt/optZ/runZn4k2resExtplus/part078/
2 /p/QSOpt/NAEopt/optZ/runZn4k2resExtplus/part078/
3 /p/QSOpt/NAEopt/optZ/runZn4k2resExtplus/part078/
4 /p/QSOpt/NAEopt/optZ/runZn4k2resExtplus/part078/
5 /p/QSOpt/NAEopt/optZ/runZn4k2resExtplus/part078/
6 /p/QSOpt/NAEopt/optZ/runZn4k2resExtplus/part078/
7 /p/QSOpt/NAEopt/optZ/runZn4k2resExtplus/part078/
8 /p/QSOpt/NAEopt/optZ/runZn4k2resExtplus/part078/
9 /p/QSOpt/NAEopt/optZ/runZn4k2resExtplus/part078/
0 /p/QSOpt/NAEopt/optZ/runZn4k2resExtplus/part078/
0 /p/QSOpt/NAEopt/optZ/runZn4k2resExtplus/part078/
1 /p/QSOpt/NAEopt/optZ/runZn4k2resExtplus/part078/
2 /p/QSOpt/NAEopt/optZ/runZn4k2resExtplus/part078/
3 /p/QSOpt/NAEopt/optZ/runZn4k2resExtplus/part078/
4 /p/QSOpt/NAEopt/optZ/runZn4k2resExtplus/part078/
5 /p/QSOpt/NAEopt/optZ/runZn4k2resExtplus/part078/
6 /p/QSOpt/NAEopt/optZ/runZn4k2resExtplus/part078/
7 /p/QSOpt/NAEopt/optZ/runZn4k2resExtplus/part078/
8 /p/QSOpt/NAEopt/optZ/runZn4k2resExtplus/part078/
9 /p/QSOpt/NAEopt/optZ/runZn4k2resExtplus/part078/
1 /p/QSOpt/NAEopt/optZ/runZn4k2resExtplus/part078/
0 /p/QSOpt/NAEopt/optZ/runZn4k2resExtplus/part078/
1 /p/QSOpt/NAEopt/optZ/runZn4k2resExtplus/part078/
2 /p/QSOpt/NAEopt/optZ/runZn4k2resExtplus/part078/
3 /p/QSOpt/NAEopt/optZ/runZn4k2resExtplus/part078/
4 /p/QSOpt/NAEopt/optZ/runZn4k2resExtplus/part078/
5 /p/QSOpt/NAEopt/optZ/runZn4k2resExtplus/part078/
6 /p/QSOpt/NAEopt/optZ/runZn4k2resExtplus/part078/
7 /p/QSOpt/NAEopt/optZ/runZn4k2resExtplus/part078/
8 /p/QSOpt/NAEopt/optZ/runZn4k2resExtplus/part078/
9 /p/QSOpt/NAEopt/optZ/runZn4k2resExtplus/part078/
2 /p/QSOpt/NAEopt/optZ/runZn4k2resExtplus/part078/
0 /p/QSOpt/NAEopt/optZ/runZn4k2resExtplus/part078/
1 /p/QSOpt/NAEopt/optZ/runZn4k2resExtplus/part078/
2 /p/QSOpt/NAEopt/optZ/runZn4k2resExtplus/part078/
3 /p/QSOpt/NAEopt/optZ/runZn4k2resExtplus/part078/
4 /p/QSOpt/NAEopt/optZ/runZn4k2resExtplus/part078/
5 /p/QSOpt/NAEopt/optZ/runZn4k2resExtplus/part078/
6 /p/QSOpt/NAEopt/optZ/runZn4k2resExtplus/part078/
7 /p/QSOpt/NAEopt/optZ/runZn4k2resExtplus/part078/
8 /p/QSOpt/NAEopt/optZ/runZn4k2resExtplus/part078/
9 /p/QSOpt/NAEopt/optZ/runZn4k2resExtplus/part078/
3 /p/QSOpt/NAEopt/optZ/runZn4k2resExtplus/part078/
0 /p/QSOpt/NAEopt/optZ/runZn4k2resExtplus/part078/
1 /p/QSOpt/NAEopt/optZ/runZn4k2resExtplus/part078/
2 /p/QSOpt/NAEopt/optZ/runZn4k2resExtplus/part078/
3 /p/QSOpt/NAEopt/optZ/runZn4k2resExtplus/part078/
4 /p/QSOpt/NAEopt/optZ/runZn4k2resExtplus/part078/
5 /p/QSOpt/NAEopt/optZ/runZn4k2resExtplus/part078/
6 /p/QSOpt/NAEopt/optZ/runZn4k2resExtplus/part078/
7 /p/QSOpt/NAEopt/optZ/runZn4k2resExtplus/part078/
8 /p/QSOpt/NAEopt/optZ/runZn4k2resExtplus/part078/
9 /p/QSOpt/NAEopt/optZ/runZn4k2resExtplus/part078/
4 /p/QSOpt/NAEopt/optZ/runZn4k2resExtplus/part078/
0 /p/QSOpt/NAEopt/optZ/runZn4k2resExtplus/part078/
1 /p/QSOpt/NAEopt/optZ/runZn4k2resExtplus/part078/
2 /p/QSOpt/NAEopt/optZ/runZn4k2resExtplus/part078/
3 /p/QSOpt/NAEopt/optZ/runZn4k2resExtplus/part078/
4 /p/QSOpt/NAEopt/optZ/runZn4k2resExtplus/part078/
5 /p/QSOpt/NAEopt/optZ/runZn4k2resExtplus/part078/
6 /p/QSOpt/NAEopt/optZ/runZn4k2resExtplus/part078/
7 /p/QSOpt/NAEopt/optZ/runZn4k2resExtplus/part078/
8 /p/QSOpt/NAEopt/optZ/runZn4k2resExtplus/part078/
9 /p/QSOpt/NAEopt/optZ/runZn4k2resExtplus/part078/
5 /p/QSOpt/NAEopt/optZ/runZn4k2resExtplus/part078/
0 /p/QSOpt/NAEopt/optZ/runZn4k2resExtplus/part078/
1 /p/QSOpt/NAEopt/optZ/runZn4k2resExtplus/part078/
2 /p/QSOpt/NAEopt/optZ/runZn4k2resExtplus/part078/
3 /p/QSOpt/NAEopt/optZ/runZn4k2resExtplus/part078/
4 /p/QSOpt/NAEopt/optZ/runZn4k2resExtplus/part078/
5 /p/QSOpt/NAEopt/optZ/runZn4k2resExtplus/part078/
6 /p/QSOpt/NAEopt/optZ/runZn4k2resExtplus/part078/
7 /p/QSOpt/NAEopt/optZ/runZn4k2resExtplus/part078/
8 /p/QSOpt/NAEopt/optZ/runZn4k2resExtplus/part078/
9 /p/QSOpt/NAEopt/optZ/runZn4k2resExtplus/part078/
6 /p/QSOpt/NAEopt/optZ/runZn4k2resExtplus/part078/
0 /p/QSOpt/NAEopt/optZ/runZn4k2resExtplus/part078/
1 /p/QSOpt/NAEopt/optZ/runZn4k2resExtplus/part078/
2 /p/QSOpt/NAEopt/optZ/runZn4k2resExtplus/part078/
3 /p/QSOpt/NAEopt/optZ/runZn4k2resExtplus/part078/
4 /p/QSOpt/NAEopt/optZ/runZn4k2resExtplus/part078/
5 /p/QSOpt/NAEopt/optZ/runZn4k2resExtplus/part078/
6 /p/QSOpt/NAEopt/optZ/runZn4k2resExtplus/part078/
7 /p/QSOpt/NAEopt/optZ/runZn4k2resExtplus/part078/
8 /p/QSOpt/NAEopt/optZ/runZn4k2resExtplus/part078/
9 /p/QSOpt/NAEopt/optZ/runZn4k2resExtplus/part078/
7 /p/QSOpt/NAEopt/optZ/runZn4k2resExtplus/part078/
0 /p/QSOpt/NAEopt/optZ/runZn4k2resExtplus/part078/
1 /p/QSOpt/NAEopt/optZ/runZn4k2resExtplus/part078/
2 /p/QSOpt/NAEopt/optZ/runZn4k2resExtplus/part078/
3 /p/QSOpt/NAEopt/optZ/runZn4k2resExtplus/part078/
4 /p/QSOpt/NAEopt/optZ/runZn4k2resExtplus/part078/
5 /p/QSOpt/NAEopt/optZ/runZn4k2resExtplus/part078/
6 /p/QSOpt/NAEopt/optZ/runZn4k2resExtplus/part078/
7 /p/QSOpt/NAEopt/optZ/runZn4k2resExtplus/part078/
8 /p/QSOpt/NAEopt/optZ/runZn4k2resExtplus/part078/
9 /p/QSOpt/NAEopt/optZ/runZn4k2resExtplus/part078/
8 /p/QSOpt/NAEopt/optZ/runZn4k2resExtplus/part078/
0 /p/QSOpt/NAEopt/optZ/runZn4k2resExtplus/part078/
1 /p/QSOpt/NAEopt/optZ/runZn4k2resExtplus/part078/
2 /p/QSOpt/NAEopt/optZ/runZn4k2resExtplus/part078/
3 /p/QSOpt/NAEopt/optZ/runZn4k2resExtplus/part078/
4 /p/QSOpt/NAEopt/optZ/runZn4k2resExtplus/part078/
5 /p/QSOpt/NAEopt/optZ/runZn4k2resExtplus/part078/
6 /p/QSOpt/NAEopt/optZ/runZn4k2resExtplus/part078/
7 /p/QSOpt/NAEopt/optZ/runZn4k2resExtplus/part078/
8 /p/QSOpt/NAEopt/optZ/runZn4k2resExtplus/part078/
9 /p/QSOpt/NAEopt/optZ/runZn4k2resExtplus/part078/
9 /p/QSOpt/NAEopt/optZ/runZn4k2resExtplus/part078/
0 /p/QSOpt/NAEopt/optZ/runZn4k2resExtplus/part078/
1 /p/QSOpt/NAEopt/optZ/runZn4k2resExtplus/part078/
2 /p/QSOpt/NAEopt/optZ/runZn4k2resExtplus/part078/
3 /p/QSOpt/NAEopt/optZ/runZn4k2resExtplus/part078/
4 /p/QSOpt/NAEopt/optZ/runZn4k2resExtplus/part078/
5 /p/QSOpt/NAEopt/optZ/runZn4k2resExtplus/part078/
6 /p/QSOpt/NAEopt/optZ/runZn4k2resExtplus/part078/
7 /p/QSOpt/NAEopt/optZ/runZn4k2resExtplus/part078/
8 /p/QSOpt/NAEopt/optZ/runZn4k2resExtplus/part078/
9 /p/QSOpt/NAEopt/optZ/runZn4k2resExtplus/part078/
10 /p/QSOpt/NAEopt/optZ/runZn4k2resExtplus/part078/
0 /p/QSOpt/NAEopt/optZ/runZn4k2resExtplus/part078/
1 /p/QSOpt/NAEopt/optZ/runZn4k2resExtplus/part078/
2 /p/QSOpt/NAEopt/optZ/runZn4k2resExtplus/part078/
3 /p/QSOpt/NAEopt/optZ/runZn4k2resExtplus/part078/
4 /p/QSOpt/NAEopt/optZ/runZn4k2resExtplus/part078/
5 /p/QSOpt/NAEopt/optZ/runZn4k2resExtplus/part078/
6 /p/QSOpt/NAEopt/optZ/runZn4k2resExtplus/part078/
7 /p/QSOpt/NAEopt/optZ/runZn4k2resExtplus/part078/
8 /p/QSOpt/NAEopt/optZ/runZn4k2resExtplus/part078/
9 /p/QSOpt/NAEopt/optZ/runZn4k2resExtplus/part078/
11 /p/QSOpt/NAEopt/optZ/runZn4k2resExtplus/part078/
0 /p/QSOpt/NAEopt/optZ/runZn4k2resExtplus/part078/
1 /p/QSOpt/NAEopt/optZ/runZn4k2resExtplus/part078/
2 /p/QSOpt/NAEopt/optZ/runZn4k2resExtplus/part078/
3 /p/QSOpt/NAEopt/optZ/runZn4k2resExtplus/part078/
4 /p/QSOpt/NAEopt/optZ/runZn4k2resExtplus/part078/
5 /p/QSOpt/NAEopt/optZ/runZn4k2resExtplus/part078/
6 /p/QSOpt/NAEopt/optZ/runZn4k2resExtplus/part078/
7 /p/QSOpt/NAEopt/optZ/runZn4k2resExtplus/part078/
8 /p/QSOpt/NAEopt/optZ/runZn4k2resExtplus/part078/
9 /p/QSOpt/NAEopt/optZ/runZn4k2resExtplus/part078/
12 /p/QSOpt/NAEopt/optZ/runZn4k2resExtplus/part078/
0 /p/QSOpt/NAEopt/optZ/runZn4k2resExtplus/part078/
1 /p/QSOpt/NAEopt/optZ/runZn4k2resExtplus/part078/
2 /p/QSOpt/NAEopt/optZ/runZn4k2resExtplus/part078/
3 /p/QSOpt/NAEopt/optZ/runZn4k2resExtplus/part078/
4 /p/QSOpt/NAEopt/optZ/runZn4k2resExtplus/part078/
5 /p/QSOpt/NAEopt/optZ/runZn4k2resExtplus/part078/
6 /p/QSOpt/NAEopt/optZ/runZn4k2resExtplus/part078/
7 /p/QSOpt/NAEopt/optZ/runZn4k2resExtplus/part078/
8 /p/QSOpt/NAEopt/optZ/runZn4k2resExtplus/part078/
9 /p/QSOpt/NAEopt/optZ/runZn4k2resExtplus/part078/
13 /p/QSOpt/NAEopt/optZ/runZn4k2resExtplus/part078/
0 /p/QSOpt/NAEopt/optZ/runZn4k2resExtplus/part078/
1 /p/QSOpt/NAEopt/optZ/runZn4k2resExtplus/part078/
2 /p/QSOpt/NAEopt/optZ/runZn4k2resExtplus/part078/
3 /p/QSOpt/NAEopt/optZ/runZn4k2resExtplus/part078/
4 /p/QSOpt/NAEopt/optZ/runZn4k2resExtplus/part078/
5 /p/QSOpt/NAEopt/optZ/runZn4k2resExtplus/part078/
6 /p/QSOpt/NAEopt/optZ/runZn4k2resExtplus/part078/
7 /p/QSOpt/NAEopt/optZ/runZn4k2resExtplus/part078/
8 /p/QSOpt/NAEopt/optZ/runZn4k2resExtplus/part078/
9 /p/QSOpt/NAEopt/optZ/runZn4k2resExtplus/part078/
14 /p/QSOpt/NAEopt/optZ/runZn4k2resExtplus/part078/
