python optAnhark2optZ.py 15 0.44999999999999996 0.48 10 0.024000000000000007 0.036000000000000004 /p/QSOpt/NAEopt/optZ/runZn4k2resExtplus/part058/
0 /p/QSOpt/NAEopt/optZ/runZn4k2resExtplus/part058/
1 /p/QSOpt/NAEopt/optZ/runZn4k2resExtplus/part058/
2 /p/QSOpt/NAEopt/optZ/runZn4k2resExtplus/part058/
3 /p/QSOpt/NAEopt/optZ/runZn4k2resExtplus/part058/
4 /p/QSOpt/NAEopt/optZ/runZn4k2resExtplus/part058/
5 /p/QSOpt/NAEopt/optZ/runZn4k2resExtplus/part058/
6 /p/QSOpt/NAEopt/optZ/runZn4k2resExtplus/part058/
7 /p/QSOpt/NAEopt/optZ/runZn4k2resExtplus/part058/
8 /p/QSOpt/NAEopt/optZ/runZn4k2resExtplus/part058/
9 /p/QSOpt/NAEopt/optZ/runZn4k2resExtplus/part058/
0 /p/QSOpt/NAEopt/optZ/runZn4k2resExtplus/part058/
0 /p/QSOpt/NAEopt/optZ/runZn4k2resExtplus/part058/
1 /p/QSOpt/NAEopt/optZ/runZn4k2resExtplus/part058/
2 /p/QSOpt/NAEopt/optZ/runZn4k2resExtplus/part058/
3 /p/QSOpt/NAEopt/optZ/runZn4k2resExtplus/part058/
4 /p/QSOpt/NAEopt/optZ/runZn4k2resExtplus/part058/
5 /p/QSOpt/NAEopt/optZ/runZn4k2resExtplus/part058/
6 /p/QSOpt/NAEopt/optZ/runZn4k2resExtplus/part058/
7 /p/QSOpt/NAEopt/optZ/runZn4k2resExtplus/part058/
8 /p/QSOpt/NAEopt/optZ/runZn4k2resExtplus/part058/
9 /p/QSOpt/NAEopt/optZ/runZn4k2resExtplus/part058/
1 /p/QSOpt/NAEopt/optZ/runZn4k2resExtplus/part058/
0 /p/QSOpt/NAEopt/optZ/runZn4k2resExtplus/part058/
1 /p/QSOpt/NAEopt/optZ/runZn4k2resExtplus/part058/
2 /p/QSOpt/NAEopt/optZ/runZn4k2resExtplus/part058/
3 /p/QSOpt/NAEopt/optZ/runZn4k2resExtplus/part058/
4 /p/QSOpt/NAEopt/optZ/runZn4k2resExtplus/part058/
5 /p/QSOpt/NAEopt/optZ/runZn4k2resExtplus/part058/
6 /p/QSOpt/NAEopt/optZ/runZn4k2resExtplus/part058/
7 /p/QSOpt/NAEopt/optZ/runZn4k2resExtplus/part058/
8 /p/QSOpt/NAEopt/optZ/runZn4k2resExtplus/part058/
9 /p/QSOpt/NAEopt/optZ/runZn4k2resExtplus/part058/
2 /p/QSOpt/NAEopt/optZ/runZn4k2resExtplus/part058/
0 /p/QSOpt/NAEopt/optZ/runZn4k2resExtplus/part058/
1 /p/QSOpt/NAEopt/optZ/runZn4k2resExtplus/part058/
2 /p/QSOpt/NAEopt/optZ/runZn4k2resExtplus/part058/
3 /p/QSOpt/NAEopt/optZ/runZn4k2resExtplus/part058/
4 /p/QSOpt/NAEopt/optZ/runZn4k2resExtplus/part058/
5 /p/QSOpt/NAEopt/optZ/runZn4k2resExtplus/part058/
6 /p/QSOpt/NAEopt/optZ/runZn4k2resExtplus/part058/
7 /p/QSOpt/NAEopt/optZ/runZn4k2resExtplus/part058/
8 /p/QSOpt/NAEopt/optZ/runZn4k2resExtplus/part058/
9 /p/QSOpt/NAEopt/optZ/runZn4k2resExtplus/part058/
3 /p/QSOpt/NAEopt/optZ/runZn4k2resExtplus/part058/
0 /p/QSOpt/NAEopt/optZ/runZn4k2resExtplus/part058/
1 /p/QSOpt/NAEopt/optZ/runZn4k2resExtplus/part058/
2 /p/QSOpt/NAEopt/optZ/runZn4k2resExtplus/part058/
3 /p/QSOpt/NAEopt/optZ/runZn4k2resExtplus/part058/
4 /p/QSOpt/NAEopt/optZ/runZn4k2resExtplus/part058/
5 /p/QSOpt/NAEopt/optZ/runZn4k2resExtplus/part058/
6 /p/QSOpt/NAEopt/optZ/runZn4k2resExtplus/part058/
7 /p/QSOpt/NAEopt/optZ/runZn4k2resExtplus/part058/
8 /p/QSOpt/NAEopt/optZ/runZn4k2resExtplus/part058/
9 /p/QSOpt/NAEopt/optZ/runZn4k2resExtplus/part058/
4 /p/QSOpt/NAEopt/optZ/runZn4k2resExtplus/part058/
0 /p/QSOpt/NAEopt/optZ/runZn4k2resExtplus/part058/
1 /p/QSOpt/NAEopt/optZ/runZn4k2resExtplus/part058/
2 /p/QSOpt/NAEopt/optZ/runZn4k2resExtplus/part058/
3 /p/QSOpt/NAEopt/optZ/runZn4k2resExtplus/part058/
4 /p/QSOpt/NAEopt/optZ/runZn4k2resExtplus/part058/
5 /p/QSOpt/NAEopt/optZ/runZn4k2resExtplus/part058/
6 /p/QSOpt/NAEopt/optZ/runZn4k2resExtplus/part058/
7 /p/QSOpt/NAEopt/optZ/runZn4k2resExtplus/part058/
8 /p/QSOpt/NAEopt/optZ/runZn4k2resExtplus/part058/
9 /p/QSOpt/NAEopt/optZ/runZn4k2resExtplus/part058/
5 /p/QSOpt/NAEopt/optZ/runZn4k2resExtplus/part058/
0 /p/QSOpt/NAEopt/optZ/runZn4k2resExtplus/part058/
1 /p/QSOpt/NAEopt/optZ/runZn4k2resExtplus/part058/
2 /p/QSOpt/NAEopt/optZ/runZn4k2resExtplus/part058/
3 /p/QSOpt/NAEopt/optZ/runZn4k2resExtplus/part058/
4 /p/QSOpt/NAEopt/optZ/runZn4k2resExtplus/part058/
5 /p/QSOpt/NAEopt/optZ/runZn4k2resExtplus/part058/
6 /p/QSOpt/NAEopt/optZ/runZn4k2resExtplus/part058/
7 /p/QSOpt/NAEopt/optZ/runZn4k2resExtplus/part058/
8 /p/QSOpt/NAEopt/optZ/runZn4k2resExtplus/part058/
9 /p/QSOpt/NAEopt/optZ/runZn4k2resExtplus/part058/
6 /p/QSOpt/NAEopt/optZ/runZn4k2resExtplus/part058/
0 /p/QSOpt/NAEopt/optZ/runZn4k2resExtplus/part058/
1 /p/QSOpt/NAEopt/optZ/runZn4k2resExtplus/part058/
2 /p/QSOpt/NAEopt/optZ/runZn4k2resExtplus/part058/
3 /p/QSOpt/NAEopt/optZ/runZn4k2resExtplus/part058/
4 /p/QSOpt/NAEopt/optZ/runZn4k2resExtplus/part058/
5 /p/QSOpt/NAEopt/optZ/runZn4k2resExtplus/part058/
6 /p/QSOpt/NAEopt/optZ/runZn4k2resExtplus/part058/
7 /p/QSOpt/NAEopt/optZ/runZn4k2resExtplus/part058/
8 /p/QSOpt/NAEopt/optZ/runZn4k2resExtplus/part058/
9 /p/QSOpt/NAEopt/optZ/runZn4k2resExtplus/part058/
7 /p/QSOpt/NAEopt/optZ/runZn4k2resExtplus/part058/
0 /p/QSOpt/NAEopt/optZ/runZn4k2resExtplus/part058/
1 /p/QSOpt/NAEopt/optZ/runZn4k2resExtplus/part058/
2 /p/QSOpt/NAEopt/optZ/runZn4k2resExtplus/part058/
3 /p/QSOpt/NAEopt/optZ/runZn4k2resExtplus/part058/
4 /p/QSOpt/NAEopt/optZ/runZn4k2resExtplus/part058/
5 /p/QSOpt/NAEopt/optZ/runZn4k2resExtplus/part058/
6 /p/QSOpt/NAEopt/optZ/runZn4k2resExtplus/part058/
7 /p/QSOpt/NAEopt/optZ/runZn4k2resExtplus/part058/
8 /p/QSOpt/NAEopt/optZ/runZn4k2resExtplus/part058/
9 /p/QSOpt/NAEopt/optZ/runZn4k2resExtplus/part058/
8 /p/QSOpt/NAEopt/optZ/runZn4k2resExtplus/part058/
0 /p/QSOpt/NAEopt/optZ/runZn4k2resExtplus/part058/
1 /p/QSOpt/NAEopt/optZ/runZn4k2resExtplus/part058/
2 /p/QSOpt/NAEopt/optZ/runZn4k2resExtplus/part058/
3 /p/QSOpt/NAEopt/optZ/runZn4k2resExtplus/part058/
4 /p/QSOpt/NAEopt/optZ/runZn4k2resExtplus/part058/
5 /p/QSOpt/NAEopt/optZ/runZn4k2resExtplus/part058/
6 /p/QSOpt/NAEopt/optZ/runZn4k2resExtplus/part058/
7 /p/QSOpt/NAEopt/optZ/runZn4k2resExtplus/part058/
8 /p/QSOpt/NAEopt/optZ/runZn4k2resExtplus/part058/
9 /p/QSOpt/NAEopt/optZ/runZn4k2resExtplus/part058/
9 /p/QSOpt/NAEopt/optZ/runZn4k2resExtplus/part058/
0 /p/QSOpt/NAEopt/optZ/runZn4k2resExtplus/part058/
1 /p/QSOpt/NAEopt/optZ/runZn4k2resExtplus/part058/
2 /p/QSOpt/NAEopt/optZ/runZn4k2resExtplus/part058/
3 /p/QSOpt/NAEopt/optZ/runZn4k2resExtplus/part058/
4 /p/QSOpt/NAEopt/optZ/runZn4k2resExtplus/part058/
5 /p/QSOpt/NAEopt/optZ/runZn4k2resExtplus/part058/
6 /p/QSOpt/NAEopt/optZ/runZn4k2resExtplus/part058/
7 /p/QSOpt/NAEopt/optZ/runZn4k2resExtplus/part058/
8 /p/QSOpt/NAEopt/optZ/runZn4k2resExtplus/part058/
9 /p/QSOpt/NAEopt/optZ/runZn4k2resExtplus/part058/
10 /p/QSOpt/NAEopt/optZ/runZn4k2resExtplus/part058/
0 /p/QSOpt/NAEopt/optZ/runZn4k2resExtplus/part058/
1 /p/QSOpt/NAEopt/optZ/runZn4k2resExtplus/part058/
2 /p/QSOpt/NAEopt/optZ/runZn4k2resExtplus/part058/
3 /p/QSOpt/NAEopt/optZ/runZn4k2resExtplus/part058/
4 /p/QSOpt/NAEopt/optZ/runZn4k2resExtplus/part058/
5 /p/QSOpt/NAEopt/optZ/runZn4k2resExtplus/part058/
6 /p/QSOpt/NAEopt/optZ/runZn4k2resExtplus/part058/
7 /p/QSOpt/NAEopt/optZ/runZn4k2resExtplus/part058/
8 /p/QSOpt/NAEopt/optZ/runZn4k2resExtplus/part058/
9 /p/QSOpt/NAEopt/optZ/runZn4k2resExtplus/part058/
11 /p/QSOpt/NAEopt/optZ/runZn4k2resExtplus/part058/
0 /p/QSOpt/NAEopt/optZ/runZn4k2resExtplus/part058/
1 /p/QSOpt/NAEopt/optZ/runZn4k2resExtplus/part058/
2 /p/QSOpt/NAEopt/optZ/runZn4k2resExtplus/part058/
3 /p/QSOpt/NAEopt/optZ/runZn4k2resExtplus/part058/
4 /p/QSOpt/NAEopt/optZ/runZn4k2resExtplus/part058/
5 /p/QSOpt/NAEopt/optZ/runZn4k2resExtplus/part058/
6 /p/QSOpt/NAEopt/optZ/runZn4k2resExtplus/part058/
7 /p/QSOpt/NAEopt/optZ/runZn4k2resExtplus/part058/
8 /p/QSOpt/NAEopt/optZ/runZn4k2resExtplus/part058/
9 /p/QSOpt/NAEopt/optZ/runZn4k2resExtplus/part058/
12 /p/QSOpt/NAEopt/optZ/runZn4k2resExtplus/part058/
0 /p/QSOpt/NAEopt/optZ/runZn4k2resExtplus/part058/
1 /p/QSOpt/NAEopt/optZ/runZn4k2resExtplus/part058/
2 /p/QSOpt/NAEopt/optZ/runZn4k2resExtplus/part058/
3 /p/QSOpt/NAEopt/optZ/runZn4k2resExtplus/part058/
4 /p/QSOpt/NAEopt/optZ/runZn4k2resExtplus/part058/
5 /p/QSOpt/NAEopt/optZ/runZn4k2resExtplus/part058/
6 /p/QSOpt/NAEopt/optZ/runZn4k2resExtplus/part058/
7 /p/QSOpt/NAEopt/optZ/runZn4k2resExtplus/part058/
8 /p/QSOpt/NAEopt/optZ/runZn4k2resExtplus/part058/
9 /p/QSOpt/NAEopt/optZ/runZn4k2resExtplus/part058/
13 /p/QSOpt/NAEopt/optZ/runZn4k2resExtplus/part058/
0 /p/QSOpt/NAEopt/optZ/runZn4k2resExtplus/part058/
1 /p/QSOpt/NAEopt/optZ/runZn4k2resExtplus/part058/
2 /p/QSOpt/NAEopt/optZ/runZn4k2resExtplus/part058/
3 /p/QSOpt/NAEopt/optZ/runZn4k2resExtplus/part058/
4 /p/QSOpt/NAEopt/optZ/runZn4k2resExtplus/part058/
5 /p/QSOpt/NAEopt/optZ/runZn4k2resExtplus/part058/
6 /p/QSOpt/NAEopt/optZ/runZn4k2resExtplus/part058/
7 /p/QSOpt/NAEopt/optZ/runZn4k2resExtplus/part058/
8 /p/QSOpt/NAEopt/optZ/runZn4k2resExtplus/part058/
9 /p/QSOpt/NAEopt/optZ/runZn4k2resExtplus/part058/
14 /p/QSOpt/NAEopt/optZ/runZn4k2resExtplus/part058/
