python optAnhark2optZ.py 15 0.54 0.5700000000000001 10 0.0 0.01200000000000001 /p/QSOpt/NAEopt/optZ/runZn4k2resExtplus/part086/
0 /p/QSOpt/NAEopt/optZ/runZn4k2resExtplus/part086/
1 /p/QSOpt/NAEopt/optZ/runZn4k2resExtplus/part086/
2 /p/QSOpt/NAEopt/optZ/runZn4k2resExtplus/part086/
3 /p/QSOpt/NAEopt/optZ/runZn4k2resExtplus/part086/
4 /p/QSOpt/NAEopt/optZ/runZn4k2resExtplus/part086/
5 /p/QSOpt/NAEopt/optZ/runZn4k2resExtplus/part086/
6 /p/QSOpt/NAEopt/optZ/runZn4k2resExtplus/part086/
7 /p/QSOpt/NAEopt/optZ/runZn4k2resExtplus/part086/
8 /p/QSOpt/NAEopt/optZ/runZn4k2resExtplus/part086/
9 /p/QSOpt/NAEopt/optZ/runZn4k2resExtplus/part086/
0 /p/QSOpt/NAEopt/optZ/runZn4k2resExtplus/part086/
0 /p/QSOpt/NAEopt/optZ/runZn4k2resExtplus/part086/
1 /p/QSOpt/NAEopt/optZ/runZn4k2resExtplus/part086/
2 /p/QSOpt/NAEopt/optZ/runZn4k2resExtplus/part086/
3 /p/QSOpt/NAEopt/optZ/runZn4k2resExtplus/part086/
4 /p/QSOpt/NAEopt/optZ/runZn4k2resExtplus/part086/
5 /p/QSOpt/NAEopt/optZ/runZn4k2resExtplus/part086/
6 /p/QSOpt/NAEopt/optZ/runZn4k2resExtplus/part086/
7 /p/QSOpt/NAEopt/optZ/runZn4k2resExtplus/part086/
8 /p/QSOpt/NAEopt/optZ/runZn4k2resExtplus/part086/
9 /p/QSOpt/NAEopt/optZ/runZn4k2resExtplus/part086/
1 /p/QSOpt/NAEopt/optZ/runZn4k2resExtplus/part086/
0 /p/QSOpt/NAEopt/optZ/runZn4k2resExtplus/part086/
1 /p/QSOpt/NAEopt/optZ/runZn4k2resExtplus/part086/
2 /p/QSOpt/NAEopt/optZ/runZn4k2resExtplus/part086/
3 /p/QSOpt/NAEopt/optZ/runZn4k2resExtplus/part086/
4 /p/QSOpt/NAEopt/optZ/runZn4k2resExtplus/part086/
5 /p/QSOpt/NAEopt/optZ/runZn4k2resExtplus/part086/
6 /p/QSOpt/NAEopt/optZ/runZn4k2resExtplus/part086/
7 /p/QSOpt/NAEopt/optZ/runZn4k2resExtplus/part086/
8 /p/QSOpt/NAEopt/optZ/runZn4k2resExtplus/part086/
9 /p/QSOpt/NAEopt/optZ/runZn4k2resExtplus/part086/
2 /p/QSOpt/NAEopt/optZ/runZn4k2resExtplus/part086/
0 /p/QSOpt/NAEopt/optZ/runZn4k2resExtplus/part086/
1 /p/QSOpt/NAEopt/optZ/runZn4k2resExtplus/part086/
2 /p/QSOpt/NAEopt/optZ/runZn4k2resExtplus/part086/
3 /p/QSOpt/NAEopt/optZ/runZn4k2resExtplus/part086/
4 /p/QSOpt/NAEopt/optZ/runZn4k2resExtplus/part086/
5 /p/QSOpt/NAEopt/optZ/runZn4k2resExtplus/part086/
6 /p/QSOpt/NAEopt/optZ/runZn4k2resExtplus/part086/
7 /p/QSOpt/NAEopt/optZ/runZn4k2resExtplus/part086/
8 /p/QSOpt/NAEopt/optZ/runZn4k2resExtplus/part086/
9 /p/QSOpt/NAEopt/optZ/runZn4k2resExtplus/part086/
3 /p/QSOpt/NAEopt/optZ/runZn4k2resExtplus/part086/
0 /p/QSOpt/NAEopt/optZ/runZn4k2resExtplus/part086/
1 /p/QSOpt/NAEopt/optZ/runZn4k2resExtplus/part086/
2 /p/QSOpt/NAEopt/optZ/runZn4k2resExtplus/part086/
3 /p/QSOpt/NAEopt/optZ/runZn4k2resExtplus/part086/
4 /p/QSOpt/NAEopt/optZ/runZn4k2resExtplus/part086/
5 /p/QSOpt/NAEopt/optZ/runZn4k2resExtplus/part086/
6 /p/QSOpt/NAEopt/optZ/runZn4k2resExtplus/part086/
7 /p/QSOpt/NAEopt/optZ/runZn4k2resExtplus/part086/
8 /p/QSOpt/NAEopt/optZ/runZn4k2resExtplus/part086/
9 /p/QSOpt/NAEopt/optZ/runZn4k2resExtplus/part086/
4 /p/QSOpt/NAEopt/optZ/runZn4k2resExtplus/part086/
0 /p/QSOpt/NAEopt/optZ/runZn4k2resExtplus/part086/
1 /p/QSOpt/NAEopt/optZ/runZn4k2resExtplus/part086/
2 /p/QSOpt/NAEopt/optZ/runZn4k2resExtplus/part086/
3 /p/QSOpt/NAEopt/optZ/runZn4k2resExtplus/part086/
4 /p/QSOpt/NAEopt/optZ/runZn4k2resExtplus/part086/
5 /p/QSOpt/NAEopt/optZ/runZn4k2resExtplus/part086/
6 /p/QSOpt/NAEopt/optZ/runZn4k2resExtplus/part086/
7 /p/QSOpt/NAEopt/optZ/runZn4k2resExtplus/part086/
8 /p/QSOpt/NAEopt/optZ/runZn4k2resExtplus/part086/
9 /p/QSOpt/NAEopt/optZ/runZn4k2resExtplus/part086/
5 /p/QSOpt/NAEopt/optZ/runZn4k2resExtplus/part086/
0 /p/QSOpt/NAEopt/optZ/runZn4k2resExtplus/part086/
1 /p/QSOpt/NAEopt/optZ/runZn4k2resExtplus/part086/
2 /p/QSOpt/NAEopt/optZ/runZn4k2resExtplus/part086/
3 /p/QSOpt/NAEopt/optZ/runZn4k2resExtplus/part086/
4 /p/QSOpt/NAEopt/optZ/runZn4k2resExtplus/part086/
5 /p/QSOpt/NAEopt/optZ/runZn4k2resExtplus/part086/
6 /p/QSOpt/NAEopt/optZ/runZn4k2resExtplus/part086/
7 /p/QSOpt/NAEopt/optZ/runZn4k2resExtplus/part086/
8 /p/QSOpt/NAEopt/optZ/runZn4k2resExtplus/part086/
9 /p/QSOpt/NAEopt/optZ/runZn4k2resExtplus/part086/
6 /p/QSOpt/NAEopt/optZ/runZn4k2resExtplus/part086/
0 /p/QSOpt/NAEopt/optZ/runZn4k2resExtplus/part086/
1 /p/QSOpt/NAEopt/optZ/runZn4k2resExtplus/part086/
2 /p/QSOpt/NAEopt/optZ/runZn4k2resExtplus/part086/
3 /p/QSOpt/NAEopt/optZ/runZn4k2resExtplus/part086/
4 /p/QSOpt/NAEopt/optZ/runZn4k2resExtplus/part086/
5 /p/QSOpt/NAEopt/optZ/runZn4k2resExtplus/part086/
6 /p/QSOpt/NAEopt/optZ/runZn4k2resExtplus/part086/
7 /p/QSOpt/NAEopt/optZ/runZn4k2resExtplus/part086/
8 /p/QSOpt/NAEopt/optZ/runZn4k2resExtplus/part086/
9 /p/QSOpt/NAEopt/optZ/runZn4k2resExtplus/part086/
7 /p/QSOpt/NAEopt/optZ/runZn4k2resExtplus/part086/
0 /p/QSOpt/NAEopt/optZ/runZn4k2resExtplus/part086/
1 /p/QSOpt/NAEopt/optZ/runZn4k2resExtplus/part086/
2 /p/QSOpt/NAEopt/optZ/runZn4k2resExtplus/part086/
3 /p/QSOpt/NAEopt/optZ/runZn4k2resExtplus/part086/
4 /p/QSOpt/NAEopt/optZ/runZn4k2resExtplus/part086/
5 /p/QSOpt/NAEopt/optZ/runZn4k2resExtplus/part086/
6 /p/QSOpt/NAEopt/optZ/runZn4k2resExtplus/part086/
7 /p/QSOpt/NAEopt/optZ/runZn4k2resExtplus/part086/
8 /p/QSOpt/NAEopt/optZ/runZn4k2resExtplus/part086/
9 /p/QSOpt/NAEopt/optZ/runZn4k2resExtplus/part086/
8 /p/QSOpt/NAEopt/optZ/runZn4k2resExtplus/part086/
0 /p/QSOpt/NAEopt/optZ/runZn4k2resExtplus/part086/
1 /p/QSOpt/NAEopt/optZ/runZn4k2resExtplus/part086/
2 /p/QSOpt/NAEopt/optZ/runZn4k2resExtplus/part086/
3 /p/QSOpt/NAEopt/optZ/runZn4k2resExtplus/part086/
4 /p/QSOpt/NAEopt/optZ/runZn4k2resExtplus/part086/
5 /p/QSOpt/NAEopt/optZ/runZn4k2resExtplus/part086/
6 /p/QSOpt/NAEopt/optZ/runZn4k2resExtplus/part086/
7 /p/QSOpt/NAEopt/optZ/runZn4k2resExtplus/part086/
8 /p/QSOpt/NAEopt/optZ/runZn4k2resExtplus/part086/
9 /p/QSOpt/NAEopt/optZ/runZn4k2resExtplus/part086/
9 /p/QSOpt/NAEopt/optZ/runZn4k2resExtplus/part086/
0 /p/QSOpt/NAEopt/optZ/runZn4k2resExtplus/part086/
1 /p/QSOpt/NAEopt/optZ/runZn4k2resExtplus/part086/
2 /p/QSOpt/NAEopt/optZ/runZn4k2resExtplus/part086/
3 /p/QSOpt/NAEopt/optZ/runZn4k2resExtplus/part086/
4 /p/QSOpt/NAEopt/optZ/runZn4k2resExtplus/part086/
5 /p/QSOpt/NAEopt/optZ/runZn4k2resExtplus/part086/
6 /p/QSOpt/NAEopt/optZ/runZn4k2resExtplus/part086/
7 /p/QSOpt/NAEopt/optZ/runZn4k2resExtplus/part086/
8 /p/QSOpt/NAEopt/optZ/runZn4k2resExtplus/part086/
9 /p/QSOpt/NAEopt/optZ/runZn4k2resExtplus/part086/
10 /p/QSOpt/NAEopt/optZ/runZn4k2resExtplus/part086/
0 /p/QSOpt/NAEopt/optZ/runZn4k2resExtplus/part086/
1 /p/QSOpt/NAEopt/optZ/runZn4k2resExtplus/part086/
2 /p/QSOpt/NAEopt/optZ/runZn4k2resExtplus/part086/
3 /p/QSOpt/NAEopt/optZ/runZn4k2resExtplus/part086/
4 /p/QSOpt/NAEopt/optZ/runZn4k2resExtplus/part086/
5 /p/QSOpt/NAEopt/optZ/runZn4k2resExtplus/part086/
6 /p/QSOpt/NAEopt/optZ/runZn4k2resExtplus/part086/
7 /p/QSOpt/NAEopt/optZ/runZn4k2resExtplus/part086/
8 /p/QSOpt/NAEopt/optZ/runZn4k2resExtplus/part086/
9 /p/QSOpt/NAEopt/optZ/runZn4k2resExtplus/part086/
11 /p/QSOpt/NAEopt/optZ/runZn4k2resExtplus/part086/
0 /p/QSOpt/NAEopt/optZ/runZn4k2resExtplus/part086/
1 /p/QSOpt/NAEopt/optZ/runZn4k2resExtplus/part086/
2 /p/QSOpt/NAEopt/optZ/runZn4k2resExtplus/part086/
3 /p/QSOpt/NAEopt/optZ/runZn4k2resExtplus/part086/
4 /p/QSOpt/NAEopt/optZ/runZn4k2resExtplus/part086/
5 /p/QSOpt/NAEopt/optZ/runZn4k2resExtplus/part086/
6 /p/QSOpt/NAEopt/optZ/runZn4k2resExtplus/part086/
7 /p/QSOpt/NAEopt/optZ/runZn4k2resExtplus/part086/
8 /p/QSOpt/NAEopt/optZ/runZn4k2resExtplus/part086/
9 /p/QSOpt/NAEopt/optZ/runZn4k2resExtplus/part086/
12 /p/QSOpt/NAEopt/optZ/runZn4k2resExtplus/part086/
0 /p/QSOpt/NAEopt/optZ/runZn4k2resExtplus/part086/
1 /p/QSOpt/NAEopt/optZ/runZn4k2resExtplus/part086/
2 /p/QSOpt/NAEopt/optZ/runZn4k2resExtplus/part086/
3 /p/QSOpt/NAEopt/optZ/runZn4k2resExtplus/part086/
4 /p/QSOpt/NAEopt/optZ/runZn4k2resExtplus/part086/
5 /p/QSOpt/NAEopt/optZ/runZn4k2resExtplus/part086/
6 /p/QSOpt/NAEopt/optZ/runZn4k2resExtplus/part086/
7 /p/QSOpt/NAEopt/optZ/runZn4k2resExtplus/part086/
8 /p/QSOpt/NAEopt/optZ/runZn4k2resExtplus/part086/
9 /p/QSOpt/NAEopt/optZ/runZn4k2resExtplus/part086/
13 /p/QSOpt/NAEopt/optZ/runZn4k2resExtplus/part086/
0 /p/QSOpt/NAEopt/optZ/runZn4k2resExtplus/part086/
1 /p/QSOpt/NAEopt/optZ/runZn4k2resExtplus/part086/
2 /p/QSOpt/NAEopt/optZ/runZn4k2resExtplus/part086/
3 /p/QSOpt/NAEopt/optZ/runZn4k2resExtplus/part086/
4 /p/QSOpt/NAEopt/optZ/runZn4k2resExtplus/part086/
5 /p/QSOpt/NAEopt/optZ/runZn4k2resExtplus/part086/
6 /p/QSOpt/NAEopt/optZ/runZn4k2resExtplus/part086/
7 /p/QSOpt/NAEopt/optZ/runZn4k2resExtplus/part086/
8 /p/QSOpt/NAEopt/optZ/runZn4k2resExtplus/part086/
9 /p/QSOpt/NAEopt/optZ/runZn4k2resExtplus/part086/
14 /p/QSOpt/NAEopt/optZ/runZn4k2resExtplus/part086/
