python optAnhark2optZ.py 15 0.48 0.51 10 -0.06 -0.048 /p/QSOpt/NAEopt/optZ/runZn4k2resExtplus/part061/
0 /p/QSOpt/NAEopt/optZ/runZn4k2resExtplus/part061/
1 /p/QSOpt/NAEopt/optZ/runZn4k2resExtplus/part061/
2 /p/QSOpt/NAEopt/optZ/runZn4k2resExtplus/part061/
3 /p/QSOpt/NAEopt/optZ/runZn4k2resExtplus/part061/
4 /p/QSOpt/NAEopt/optZ/runZn4k2resExtplus/part061/
5 /p/QSOpt/NAEopt/optZ/runZn4k2resExtplus/part061/
6 /p/QSOpt/NAEopt/optZ/runZn4k2resExtplus/part061/
7 /p/QSOpt/NAEopt/optZ/runZn4k2resExtplus/part061/
8 /p/QSOpt/NAEopt/optZ/runZn4k2resExtplus/part061/
9 /p/QSOpt/NAEopt/optZ/runZn4k2resExtplus/part061/
0 /p/QSOpt/NAEopt/optZ/runZn4k2resExtplus/part061/
0 /p/QSOpt/NAEopt/optZ/runZn4k2resExtplus/part061/
1 /p/QSOpt/NAEopt/optZ/runZn4k2resExtplus/part061/
2 /p/QSOpt/NAEopt/optZ/runZn4k2resExtplus/part061/
3 /p/QSOpt/NAEopt/optZ/runZn4k2resExtplus/part061/
4 /p/QSOpt/NAEopt/optZ/runZn4k2resExtplus/part061/
5 /p/QSOpt/NAEopt/optZ/runZn4k2resExtplus/part061/
6 /p/QSOpt/NAEopt/optZ/runZn4k2resExtplus/part061/
7 /p/QSOpt/NAEopt/optZ/runZn4k2resExtplus/part061/
8 /p/QSOpt/NAEopt/optZ/runZn4k2resExtplus/part061/
9 /p/QSOpt/NAEopt/optZ/runZn4k2resExtplus/part061/
1 /p/QSOpt/NAEopt/optZ/runZn4k2resExtplus/part061/
0 /p/QSOpt/NAEopt/optZ/runZn4k2resExtplus/part061/
1 /p/QSOpt/NAEopt/optZ/runZn4k2resExtplus/part061/
2 /p/QSOpt/NAEopt/optZ/runZn4k2resExtplus/part061/
3 /p/QSOpt/NAEopt/optZ/runZn4k2resExtplus/part061/
4 /p/QSOpt/NAEopt/optZ/runZn4k2resExtplus/part061/
5 /p/QSOpt/NAEopt/optZ/runZn4k2resExtplus/part061/
6 /p/QSOpt/NAEopt/optZ/runZn4k2resExtplus/part061/
7 /p/QSOpt/NAEopt/optZ/runZn4k2resExtplus/part061/
8 /p/QSOpt/NAEopt/optZ/runZn4k2resExtplus/part061/
9 /p/QSOpt/NAEopt/optZ/runZn4k2resExtplus/part061/
2 /p/QSOpt/NAEopt/optZ/runZn4k2resExtplus/part061/
0 /p/QSOpt/NAEopt/optZ/runZn4k2resExtplus/part061/
1 /p/QSOpt/NAEopt/optZ/runZn4k2resExtplus/part061/
2 /p/QSOpt/NAEopt/optZ/runZn4k2resExtplus/part061/
3 /p/QSOpt/NAEopt/optZ/runZn4k2resExtplus/part061/
4 /p/QSOpt/NAEopt/optZ/runZn4k2resExtplus/part061/
5 /p/QSOpt/NAEopt/optZ/runZn4k2resExtplus/part061/
6 /p/QSOpt/NAEopt/optZ/runZn4k2resExtplus/part061/
7 /p/QSOpt/NAEopt/optZ/runZn4k2resExtplus/part061/
8 /p/QSOpt/NAEopt/optZ/runZn4k2resExtplus/part061/
9 /p/QSOpt/NAEopt/optZ/runZn4k2resExtplus/part061/
3 /p/QSOpt/NAEopt/optZ/runZn4k2resExtplus/part061/
0 /p/QSOpt/NAEopt/optZ/runZn4k2resExtplus/part061/
1 /p/QSOpt/NAEopt/optZ/runZn4k2resExtplus/part061/
2 /p/QSOpt/NAEopt/optZ/runZn4k2resExtplus/part061/
3 /p/QSOpt/NAEopt/optZ/runZn4k2resExtplus/part061/
4 /p/QSOpt/NAEopt/optZ/runZn4k2resExtplus/part061/
5 /p/QSOpt/NAEopt/optZ/runZn4k2resExtplus/part061/
6 /p/QSOpt/NAEopt/optZ/runZn4k2resExtplus/part061/
7 /p/QSOpt/NAEopt/optZ/runZn4k2resExtplus/part061/
8 /p/QSOpt/NAEopt/optZ/runZn4k2resExtplus/part061/
9 /p/QSOpt/NAEopt/optZ/runZn4k2resExtplus/part061/
4 /p/QSOpt/NAEopt/optZ/runZn4k2resExtplus/part061/
0 /p/QSOpt/NAEopt/optZ/runZn4k2resExtplus/part061/
1 /p/QSOpt/NAEopt/optZ/runZn4k2resExtplus/part061/
2 /p/QSOpt/NAEopt/optZ/runZn4k2resExtplus/part061/
3 /p/QSOpt/NAEopt/optZ/runZn4k2resExtplus/part061/
4 /p/QSOpt/NAEopt/optZ/runZn4k2resExtplus/part061/
5 /p/QSOpt/NAEopt/optZ/runZn4k2resExtplus/part061/
6 /p/QSOpt/NAEopt/optZ/runZn4k2resExtplus/part061/
7 /p/QSOpt/NAEopt/optZ/runZn4k2resExtplus/part061/
8 /p/QSOpt/NAEopt/optZ/runZn4k2resExtplus/part061/
9 /p/QSOpt/NAEopt/optZ/runZn4k2resExtplus/part061/
5 /p/QSOpt/NAEopt/optZ/runZn4k2resExtplus/part061/
0 /p/QSOpt/NAEopt/optZ/runZn4k2resExtplus/part061/
1 /p/QSOpt/NAEopt/optZ/runZn4k2resExtplus/part061/
2 /p/QSOpt/NAEopt/optZ/runZn4k2resExtplus/part061/
3 /p/QSOpt/NAEopt/optZ/runZn4k2resExtplus/part061/
4 /p/QSOpt/NAEopt/optZ/runZn4k2resExtplus/part061/
5 /p/QSOpt/NAEopt/optZ/runZn4k2resExtplus/part061/
6 /p/QSOpt/NAEopt/optZ/runZn4k2resExtplus/part061/
7 /p/QSOpt/NAEopt/optZ/runZn4k2resExtplus/part061/
8 /p/QSOpt/NAEopt/optZ/runZn4k2resExtplus/part061/
9 /p/QSOpt/NAEopt/optZ/runZn4k2resExtplus/part061/
6 /p/QSOpt/NAEopt/optZ/runZn4k2resExtplus/part061/
0 /p/QSOpt/NAEopt/optZ/runZn4k2resExtplus/part061/
1 /p/QSOpt/NAEopt/optZ/runZn4k2resExtplus/part061/
2 /p/QSOpt/NAEopt/optZ/runZn4k2resExtplus/part061/
3 /p/QSOpt/NAEopt/optZ/runZn4k2resExtplus/part061/
4 /p/QSOpt/NAEopt/optZ/runZn4k2resExtplus/part061/
5 /p/QSOpt/NAEopt/optZ/runZn4k2resExtplus/part061/
6 /p/QSOpt/NAEopt/optZ/runZn4k2resExtplus/part061/
7 /p/QSOpt/NAEopt/optZ/runZn4k2resExtplus/part061/
8 /p/QSOpt/NAEopt/optZ/runZn4k2resExtplus/part061/
9 /p/QSOpt/NAEopt/optZ/runZn4k2resExtplus/part061/
7 /p/QSOpt/NAEopt/optZ/runZn4k2resExtplus/part061/
0 /p/QSOpt/NAEopt/optZ/runZn4k2resExtplus/part061/
1 /p/QSOpt/NAEopt/optZ/runZn4k2resExtplus/part061/
2 /p/QSOpt/NAEopt/optZ/runZn4k2resExtplus/part061/
3 /p/QSOpt/NAEopt/optZ/runZn4k2resExtplus/part061/
4 /p/QSOpt/NAEopt/optZ/runZn4k2resExtplus/part061/
5 /p/QSOpt/NAEopt/optZ/runZn4k2resExtplus/part061/
6 /p/QSOpt/NAEopt/optZ/runZn4k2resExtplus/part061/
7 /p/QSOpt/NAEopt/optZ/runZn4k2resExtplus/part061/
8 /p/QSOpt/NAEopt/optZ/runZn4k2resExtplus/part061/
9 /p/QSOpt/NAEopt/optZ/runZn4k2resExtplus/part061/
8 /p/QSOpt/NAEopt/optZ/runZn4k2resExtplus/part061/
0 /p/QSOpt/NAEopt/optZ/runZn4k2resExtplus/part061/
1 /p/QSOpt/NAEopt/optZ/runZn4k2resExtplus/part061/
2 /p/QSOpt/NAEopt/optZ/runZn4k2resExtplus/part061/
3 /p/QSOpt/NAEopt/optZ/runZn4k2resExtplus/part061/
4 /p/QSOpt/NAEopt/optZ/runZn4k2resExtplus/part061/
5 /p/QSOpt/NAEopt/optZ/runZn4k2resExtplus/part061/
6 /p/QSOpt/NAEopt/optZ/runZn4k2resExtplus/part061/
7 /p/QSOpt/NAEopt/optZ/runZn4k2resExtplus/part061/
8 /p/QSOpt/NAEopt/optZ/runZn4k2resExtplus/part061/
9 /p/QSOpt/NAEopt/optZ/runZn4k2resExtplus/part061/
9 /p/QSOpt/NAEopt/optZ/runZn4k2resExtplus/part061/
0 /p/QSOpt/NAEopt/optZ/runZn4k2resExtplus/part061/
1 /p/QSOpt/NAEopt/optZ/runZn4k2resExtplus/part061/
2 /p/QSOpt/NAEopt/optZ/runZn4k2resExtplus/part061/
3 /p/QSOpt/NAEopt/optZ/runZn4k2resExtplus/part061/
4 /p/QSOpt/NAEopt/optZ/runZn4k2resExtplus/part061/
5 /p/QSOpt/NAEopt/optZ/runZn4k2resExtplus/part061/
6 /p/QSOpt/NAEopt/optZ/runZn4k2resExtplus/part061/
7 /p/QSOpt/NAEopt/optZ/runZn4k2resExtplus/part061/
8 /p/QSOpt/NAEopt/optZ/runZn4k2resExtplus/part061/
9 /p/QSOpt/NAEopt/optZ/runZn4k2resExtplus/part061/
10 /p/QSOpt/NAEopt/optZ/runZn4k2resExtplus/part061/
0 /p/QSOpt/NAEopt/optZ/runZn4k2resExtplus/part061/
1 /p/QSOpt/NAEopt/optZ/runZn4k2resExtplus/part061/
2 /p/QSOpt/NAEopt/optZ/runZn4k2resExtplus/part061/
3 /p/QSOpt/NAEopt/optZ/runZn4k2resExtplus/part061/
4 /p/QSOpt/NAEopt/optZ/runZn4k2resExtplus/part061/
5 /p/QSOpt/NAEopt/optZ/runZn4k2resExtplus/part061/
6 /p/QSOpt/NAEopt/optZ/runZn4k2resExtplus/part061/
7 /p/QSOpt/NAEopt/optZ/runZn4k2resExtplus/part061/
8 /p/QSOpt/NAEopt/optZ/runZn4k2resExtplus/part061/
9 /p/QSOpt/NAEopt/optZ/runZn4k2resExtplus/part061/
11 /p/QSOpt/NAEopt/optZ/runZn4k2resExtplus/part061/
0 /p/QSOpt/NAEopt/optZ/runZn4k2resExtplus/part061/
1 /p/QSOpt/NAEopt/optZ/runZn4k2resExtplus/part061/
2 /p/QSOpt/NAEopt/optZ/runZn4k2resExtplus/part061/
3 /p/QSOpt/NAEopt/optZ/runZn4k2resExtplus/part061/
4 /p/QSOpt/NAEopt/optZ/runZn4k2resExtplus/part061/
5 /p/QSOpt/NAEopt/optZ/runZn4k2resExtplus/part061/
6 /p/QSOpt/NAEopt/optZ/runZn4k2resExtplus/part061/
7 /p/QSOpt/NAEopt/optZ/runZn4k2resExtplus/part061/
8 /p/QSOpt/NAEopt/optZ/runZn4k2resExtplus/part061/
9 /p/QSOpt/NAEopt/optZ/runZn4k2resExtplus/part061/
12 /p/QSOpt/NAEopt/optZ/runZn4k2resExtplus/part061/
0 /p/QSOpt/NAEopt/optZ/runZn4k2resExtplus/part061/
1 /p/QSOpt/NAEopt/optZ/runZn4k2resExtplus/part061/
2 /p/QSOpt/NAEopt/optZ/runZn4k2resExtplus/part061/
3 /p/QSOpt/NAEopt/optZ/runZn4k2resExtplus/part061/
4 /p/QSOpt/NAEopt/optZ/runZn4k2resExtplus/part061/
5 /p/QSOpt/NAEopt/optZ/runZn4k2resExtplus/part061/
6 /p/QSOpt/NAEopt/optZ/runZn4k2resExtplus/part061/
7 /p/QSOpt/NAEopt/optZ/runZn4k2resExtplus/part061/
8 /p/QSOpt/NAEopt/optZ/runZn4k2resExtplus/part061/
9 /p/QSOpt/NAEopt/optZ/runZn4k2resExtplus/part061/
13 /p/QSOpt/NAEopt/optZ/runZn4k2resExtplus/part061/
0 /p/QSOpt/NAEopt/optZ/runZn4k2resExtplus/part061/
1 /p/QSOpt/NAEopt/optZ/runZn4k2resExtplus/part061/
2 /p/QSOpt/NAEopt/optZ/runZn4k2resExtplus/part061/
3 /p/QSOpt/NAEopt/optZ/runZn4k2resExtplus/part061/
4 /p/QSOpt/NAEopt/optZ/runZn4k2resExtplus/part061/
5 /p/QSOpt/NAEopt/optZ/runZn4k2resExtplus/part061/
6 /p/QSOpt/NAEopt/optZ/runZn4k2resExtplus/part061/
7 /p/QSOpt/NAEopt/optZ/runZn4k2resExtplus/part061/
8 /p/QSOpt/NAEopt/optZ/runZn4k2resExtplus/part061/
9 /p/QSOpt/NAEopt/optZ/runZn4k2resExtplus/part061/
14 /p/QSOpt/NAEopt/optZ/runZn4k2resExtplus/part061/
