python optAnhark2optZ.py 15 0.39 0.42 10 -0.036 -0.023999999999999994 /p/QSOpt/NAEopt/optZ/runZn4k2resExtplus/part033/
0 /p/QSOpt/NAEopt/optZ/runZn4k2resExtplus/part033/
1 /p/QSOpt/NAEopt/optZ/runZn4k2resExtplus/part033/
2 /p/QSOpt/NAEopt/optZ/runZn4k2resExtplus/part033/
3 /p/QSOpt/NAEopt/optZ/runZn4k2resExtplus/part033/
4 /p/QSOpt/NAEopt/optZ/runZn4k2resExtplus/part033/
5 /p/QSOpt/NAEopt/optZ/runZn4k2resExtplus/part033/
6 /p/QSOpt/NAEopt/optZ/runZn4k2resExtplus/part033/
7 /p/QSOpt/NAEopt/optZ/runZn4k2resExtplus/part033/
8 /p/QSOpt/NAEopt/optZ/runZn4k2resExtplus/part033/
9 /p/QSOpt/NAEopt/optZ/runZn4k2resExtplus/part033/
0 /p/QSOpt/NAEopt/optZ/runZn4k2resExtplus/part033/
0 /p/QSOpt/NAEopt/optZ/runZn4k2resExtplus/part033/
1 /p/QSOpt/NAEopt/optZ/runZn4k2resExtplus/part033/
2 /p/QSOpt/NAEopt/optZ/runZn4k2resExtplus/part033/
3 /p/QSOpt/NAEopt/optZ/runZn4k2resExtplus/part033/
4 /p/QSOpt/NAEopt/optZ/runZn4k2resExtplus/part033/
5 /p/QSOpt/NAEopt/optZ/runZn4k2resExtplus/part033/
6 /p/QSOpt/NAEopt/optZ/runZn4k2resExtplus/part033/
7 /p/QSOpt/NAEopt/optZ/runZn4k2resExtplus/part033/
8 /p/QSOpt/NAEopt/optZ/runZn4k2resExtplus/part033/
9 /p/QSOpt/NAEopt/optZ/runZn4k2resExtplus/part033/
1 /p/QSOpt/NAEopt/optZ/runZn4k2resExtplus/part033/
0 /p/QSOpt/NAEopt/optZ/runZn4k2resExtplus/part033/
1 /p/QSOpt/NAEopt/optZ/runZn4k2resExtplus/part033/
2 /p/QSOpt/NAEopt/optZ/runZn4k2resExtplus/part033/
3 /p/QSOpt/NAEopt/optZ/runZn4k2resExtplus/part033/
4 /p/QSOpt/NAEopt/optZ/runZn4k2resExtplus/part033/
5 /p/QSOpt/NAEopt/optZ/runZn4k2resExtplus/part033/
6 /p/QSOpt/NAEopt/optZ/runZn4k2resExtplus/part033/
7 /p/QSOpt/NAEopt/optZ/runZn4k2resExtplus/part033/
8 /p/QSOpt/NAEopt/optZ/runZn4k2resExtplus/part033/
9 /p/QSOpt/NAEopt/optZ/runZn4k2resExtplus/part033/
2 /p/QSOpt/NAEopt/optZ/runZn4k2resExtplus/part033/
0 /p/QSOpt/NAEopt/optZ/runZn4k2resExtplus/part033/
1 /p/QSOpt/NAEopt/optZ/runZn4k2resExtplus/part033/
2 /p/QSOpt/NAEopt/optZ/runZn4k2resExtplus/part033/
3 /p/QSOpt/NAEopt/optZ/runZn4k2resExtplus/part033/
4 /p/QSOpt/NAEopt/optZ/runZn4k2resExtplus/part033/
5 /p/QSOpt/NAEopt/optZ/runZn4k2resExtplus/part033/
6 /p/QSOpt/NAEopt/optZ/runZn4k2resExtplus/part033/
7 /p/QSOpt/NAEopt/optZ/runZn4k2resExtplus/part033/
8 /p/QSOpt/NAEopt/optZ/runZn4k2resExtplus/part033/
9 /p/QSOpt/NAEopt/optZ/runZn4k2resExtplus/part033/
3 /p/QSOpt/NAEopt/optZ/runZn4k2resExtplus/part033/
0 /p/QSOpt/NAEopt/optZ/runZn4k2resExtplus/part033/
1 /p/QSOpt/NAEopt/optZ/runZn4k2resExtplus/part033/
2 /p/QSOpt/NAEopt/optZ/runZn4k2resExtplus/part033/
3 /p/QSOpt/NAEopt/optZ/runZn4k2resExtplus/part033/
4 /p/QSOpt/NAEopt/optZ/runZn4k2resExtplus/part033/
5 /p/QSOpt/NAEopt/optZ/runZn4k2resExtplus/part033/
6 /p/QSOpt/NAEopt/optZ/runZn4k2resExtplus/part033/
7 /p/QSOpt/NAEopt/optZ/runZn4k2resExtplus/part033/
8 /p/QSOpt/NAEopt/optZ/runZn4k2resExtplus/part033/
9 /p/QSOpt/NAEopt/optZ/runZn4k2resExtplus/part033/
4 /p/QSOpt/NAEopt/optZ/runZn4k2resExtplus/part033/
0 /p/QSOpt/NAEopt/optZ/runZn4k2resExtplus/part033/
1 /p/QSOpt/NAEopt/optZ/runZn4k2resExtplus/part033/
2 /p/QSOpt/NAEopt/optZ/runZn4k2resExtplus/part033/
3 /p/QSOpt/NAEopt/optZ/runZn4k2resExtplus/part033/
4 /p/QSOpt/NAEopt/optZ/runZn4k2resExtplus/part033/
5 /p/QSOpt/NAEopt/optZ/runZn4k2resExtplus/part033/
6 /p/QSOpt/NAEopt/optZ/runZn4k2resExtplus/part033/
7 /p/QSOpt/NAEopt/optZ/runZn4k2resExtplus/part033/
8 /p/QSOpt/NAEopt/optZ/runZn4k2resExtplus/part033/
9 /p/QSOpt/NAEopt/optZ/runZn4k2resExtplus/part033/
5 /p/QSOpt/NAEopt/optZ/runZn4k2resExtplus/part033/
0 /p/QSOpt/NAEopt/optZ/runZn4k2resExtplus/part033/
1 /p/QSOpt/NAEopt/optZ/runZn4k2resExtplus/part033/
2 /p/QSOpt/NAEopt/optZ/runZn4k2resExtplus/part033/
3 /p/QSOpt/NAEopt/optZ/runZn4k2resExtplus/part033/
4 /p/QSOpt/NAEopt/optZ/runZn4k2resExtplus/part033/
5 /p/QSOpt/NAEopt/optZ/runZn4k2resExtplus/part033/
6 /p/QSOpt/NAEopt/optZ/runZn4k2resExtplus/part033/
7 /p/QSOpt/NAEopt/optZ/runZn4k2resExtplus/part033/
8 /p/QSOpt/NAEopt/optZ/runZn4k2resExtplus/part033/
9 /p/QSOpt/NAEopt/optZ/runZn4k2resExtplus/part033/
6 /p/QSOpt/NAEopt/optZ/runZn4k2resExtplus/part033/
0 /p/QSOpt/NAEopt/optZ/runZn4k2resExtplus/part033/
1 /p/QSOpt/NAEopt/optZ/runZn4k2resExtplus/part033/
2 /p/QSOpt/NAEopt/optZ/runZn4k2resExtplus/part033/
3 /p/QSOpt/NAEopt/optZ/runZn4k2resExtplus/part033/
4 /p/QSOpt/NAEopt/optZ/runZn4k2resExtplus/part033/
5 /p/QSOpt/NAEopt/optZ/runZn4k2resExtplus/part033/
6 /p/QSOpt/NAEopt/optZ/runZn4k2resExtplus/part033/
7 /p/QSOpt/NAEopt/optZ/runZn4k2resExtplus/part033/
8 /p/QSOpt/NAEopt/optZ/runZn4k2resExtplus/part033/
9 /p/QSOpt/NAEopt/optZ/runZn4k2resExtplus/part033/
7 /p/QSOpt/NAEopt/optZ/runZn4k2resExtplus/part033/
0 /p/QSOpt/NAEopt/optZ/runZn4k2resExtplus/part033/
1 /p/QSOpt/NAEopt/optZ/runZn4k2resExtplus/part033/
2 /p/QSOpt/NAEopt/optZ/runZn4k2resExtplus/part033/
3 /p/QSOpt/NAEopt/optZ/runZn4k2resExtplus/part033/
4 /p/QSOpt/NAEopt/optZ/runZn4k2resExtplus/part033/
5 /p/QSOpt/NAEopt/optZ/runZn4k2resExtplus/part033/
6 /p/QSOpt/NAEopt/optZ/runZn4k2resExtplus/part033/
7 /p/QSOpt/NAEopt/optZ/runZn4k2resExtplus/part033/
8 /p/QSOpt/NAEopt/optZ/runZn4k2resExtplus/part033/
9 /p/QSOpt/NAEopt/optZ/runZn4k2resExtplus/part033/
8 /p/QSOpt/NAEopt/optZ/runZn4k2resExtplus/part033/
0 /p/QSOpt/NAEopt/optZ/runZn4k2resExtplus/part033/
1 /p/QSOpt/NAEopt/optZ/runZn4k2resExtplus/part033/
2 /p/QSOpt/NAEopt/optZ/runZn4k2resExtplus/part033/
3 /p/QSOpt/NAEopt/optZ/runZn4k2resExtplus/part033/
4 /p/QSOpt/NAEopt/optZ/runZn4k2resExtplus/part033/
5 /p/QSOpt/NAEopt/optZ/runZn4k2resExtplus/part033/
6 /p/QSOpt/NAEopt/optZ/runZn4k2resExtplus/part033/
7 /p/QSOpt/NAEopt/optZ/runZn4k2resExtplus/part033/
8 /p/QSOpt/NAEopt/optZ/runZn4k2resExtplus/part033/
9 /p/QSOpt/NAEopt/optZ/runZn4k2resExtplus/part033/
9 /p/QSOpt/NAEopt/optZ/runZn4k2resExtplus/part033/
0 /p/QSOpt/NAEopt/optZ/runZn4k2resExtplus/part033/
1 /p/QSOpt/NAEopt/optZ/runZn4k2resExtplus/part033/
2 /p/QSOpt/NAEopt/optZ/runZn4k2resExtplus/part033/
3 /p/QSOpt/NAEopt/optZ/runZn4k2resExtplus/part033/
4 /p/QSOpt/NAEopt/optZ/runZn4k2resExtplus/part033/
5 /p/QSOpt/NAEopt/optZ/runZn4k2resExtplus/part033/
6 /p/QSOpt/NAEopt/optZ/runZn4k2resExtplus/part033/
7 /p/QSOpt/NAEopt/optZ/runZn4k2resExtplus/part033/
8 /p/QSOpt/NAEopt/optZ/runZn4k2resExtplus/part033/
9 /p/QSOpt/NAEopt/optZ/runZn4k2resExtplus/part033/
10 /p/QSOpt/NAEopt/optZ/runZn4k2resExtplus/part033/
0 /p/QSOpt/NAEopt/optZ/runZn4k2resExtplus/part033/
1 /p/QSOpt/NAEopt/optZ/runZn4k2resExtplus/part033/
2 /p/QSOpt/NAEopt/optZ/runZn4k2resExtplus/part033/
3 /p/QSOpt/NAEopt/optZ/runZn4k2resExtplus/part033/
4 /p/QSOpt/NAEopt/optZ/runZn4k2resExtplus/part033/
5 /p/QSOpt/NAEopt/optZ/runZn4k2resExtplus/part033/
6 /p/QSOpt/NAEopt/optZ/runZn4k2resExtplus/part033/
7 /p/QSOpt/NAEopt/optZ/runZn4k2resExtplus/part033/
8 /p/QSOpt/NAEopt/optZ/runZn4k2resExtplus/part033/
9 /p/QSOpt/NAEopt/optZ/runZn4k2resExtplus/part033/
11 /p/QSOpt/NAEopt/optZ/runZn4k2resExtplus/part033/
0 /p/QSOpt/NAEopt/optZ/runZn4k2resExtplus/part033/
1 /p/QSOpt/NAEopt/optZ/runZn4k2resExtplus/part033/
2 /p/QSOpt/NAEopt/optZ/runZn4k2resExtplus/part033/
3 /p/QSOpt/NAEopt/optZ/runZn4k2resExtplus/part033/
4 /p/QSOpt/NAEopt/optZ/runZn4k2resExtplus/part033/
5 /p/QSOpt/NAEopt/optZ/runZn4k2resExtplus/part033/
6 /p/QSOpt/NAEopt/optZ/runZn4k2resExtplus/part033/
7 /p/QSOpt/NAEopt/optZ/runZn4k2resExtplus/part033/
8 /p/QSOpt/NAEopt/optZ/runZn4k2resExtplus/part033/
9 /p/QSOpt/NAEopt/optZ/runZn4k2resExtplus/part033/
12 /p/QSOpt/NAEopt/optZ/runZn4k2resExtplus/part033/
0 /p/QSOpt/NAEopt/optZ/runZn4k2resExtplus/part033/
1 /p/QSOpt/NAEopt/optZ/runZn4k2resExtplus/part033/
2 /p/QSOpt/NAEopt/optZ/runZn4k2resExtplus/part033/
3 /p/QSOpt/NAEopt/optZ/runZn4k2resExtplus/part033/
4 /p/QSOpt/NAEopt/optZ/runZn4k2resExtplus/part033/
5 /p/QSOpt/NAEopt/optZ/runZn4k2resExtplus/part033/
6 /p/QSOpt/NAEopt/optZ/runZn4k2resExtplus/part033/
7 /p/QSOpt/NAEopt/optZ/runZn4k2resExtplus/part033/
8 /p/QSOpt/NAEopt/optZ/runZn4k2resExtplus/part033/
9 /p/QSOpt/NAEopt/optZ/runZn4k2resExtplus/part033/
13 /p/QSOpt/NAEopt/optZ/runZn4k2resExtplus/part033/
0 /p/QSOpt/NAEopt/optZ/runZn4k2resExtplus/part033/
1 /p/QSOpt/NAEopt/optZ/runZn4k2resExtplus/part033/
2 /p/QSOpt/NAEopt/optZ/runZn4k2resExtplus/part033/
3 /p/QSOpt/NAEopt/optZ/runZn4k2resExtplus/part033/
4 /p/QSOpt/NAEopt/optZ/runZn4k2resExtplus/part033/
5 /p/QSOpt/NAEopt/optZ/runZn4k2resExtplus/part033/
6 /p/QSOpt/NAEopt/optZ/runZn4k2resExtplus/part033/
7 /p/QSOpt/NAEopt/optZ/runZn4k2resExtplus/part033/
8 /p/QSOpt/NAEopt/optZ/runZn4k2resExtplus/part033/
9 /p/QSOpt/NAEopt/optZ/runZn4k2resExtplus/part033/
14 /p/QSOpt/NAEopt/optZ/runZn4k2resExtplus/part033/
