python optAnhark2optZ.py 15 0.42 0.44999999999999996 10 -0.023999999999999994 -0.011999999999999997 /p/QSOpt/NAEopt/optZ/runZn4k2resExtplus/part044/
0 /p/QSOpt/NAEopt/optZ/runZn4k2resExtplus/part044/
1 /p/QSOpt/NAEopt/optZ/runZn4k2resExtplus/part044/
2 /p/QSOpt/NAEopt/optZ/runZn4k2resExtplus/part044/
3 /p/QSOpt/NAEopt/optZ/runZn4k2resExtplus/part044/
4 /p/QSOpt/NAEopt/optZ/runZn4k2resExtplus/part044/
5 /p/QSOpt/NAEopt/optZ/runZn4k2resExtplus/part044/
6 /p/QSOpt/NAEopt/optZ/runZn4k2resExtplus/part044/
7 /p/QSOpt/NAEopt/optZ/runZn4k2resExtplus/part044/
8 /p/QSOpt/NAEopt/optZ/runZn4k2resExtplus/part044/
9 /p/QSOpt/NAEopt/optZ/runZn4k2resExtplus/part044/
0 /p/QSOpt/NAEopt/optZ/runZn4k2resExtplus/part044/
0 /p/QSOpt/NAEopt/optZ/runZn4k2resExtplus/part044/
1 /p/QSOpt/NAEopt/optZ/runZn4k2resExtplus/part044/
2 /p/QSOpt/NAEopt/optZ/runZn4k2resExtplus/part044/
3 /p/QSOpt/NAEopt/optZ/runZn4k2resExtplus/part044/
4 /p/QSOpt/NAEopt/optZ/runZn4k2resExtplus/part044/
5 /p/QSOpt/NAEopt/optZ/runZn4k2resExtplus/part044/
6 /p/QSOpt/NAEopt/optZ/runZn4k2resExtplus/part044/
7 /p/QSOpt/NAEopt/optZ/runZn4k2resExtplus/part044/
8 /p/QSOpt/NAEopt/optZ/runZn4k2resExtplus/part044/
9 /p/QSOpt/NAEopt/optZ/runZn4k2resExtplus/part044/
1 /p/QSOpt/NAEopt/optZ/runZn4k2resExtplus/part044/
0 /p/QSOpt/NAEopt/optZ/runZn4k2resExtplus/part044/
1 /p/QSOpt/NAEopt/optZ/runZn4k2resExtplus/part044/
2 /p/QSOpt/NAEopt/optZ/runZn4k2resExtplus/part044/
3 /p/QSOpt/NAEopt/optZ/runZn4k2resExtplus/part044/
4 /p/QSOpt/NAEopt/optZ/runZn4k2resExtplus/part044/
5 /p/QSOpt/NAEopt/optZ/runZn4k2resExtplus/part044/
6 /p/QSOpt/NAEopt/optZ/runZn4k2resExtplus/part044/
7 /p/QSOpt/NAEopt/optZ/runZn4k2resExtplus/part044/
8 /p/QSOpt/NAEopt/optZ/runZn4k2resExtplus/part044/
9 /p/QSOpt/NAEopt/optZ/runZn4k2resExtplus/part044/
2 /p/QSOpt/NAEopt/optZ/runZn4k2resExtplus/part044/
0 /p/QSOpt/NAEopt/optZ/runZn4k2resExtplus/part044/
1 /p/QSOpt/NAEopt/optZ/runZn4k2resExtplus/part044/
2 /p/QSOpt/NAEopt/optZ/runZn4k2resExtplus/part044/
3 /p/QSOpt/NAEopt/optZ/runZn4k2resExtplus/part044/
4 /p/QSOpt/NAEopt/optZ/runZn4k2resExtplus/part044/
5 /p/QSOpt/NAEopt/optZ/runZn4k2resExtplus/part044/
6 /p/QSOpt/NAEopt/optZ/runZn4k2resExtplus/part044/
7 /p/QSOpt/NAEopt/optZ/runZn4k2resExtplus/part044/
8 /p/QSOpt/NAEopt/optZ/runZn4k2resExtplus/part044/
9 /p/QSOpt/NAEopt/optZ/runZn4k2resExtplus/part044/
3 /p/QSOpt/NAEopt/optZ/runZn4k2resExtplus/part044/
0 /p/QSOpt/NAEopt/optZ/runZn4k2resExtplus/part044/
1 /p/QSOpt/NAEopt/optZ/runZn4k2resExtplus/part044/
2 /p/QSOpt/NAEopt/optZ/runZn4k2resExtplus/part044/
3 /p/QSOpt/NAEopt/optZ/runZn4k2resExtplus/part044/
4 /p/QSOpt/NAEopt/optZ/runZn4k2resExtplus/part044/
5 /p/QSOpt/NAEopt/optZ/runZn4k2resExtplus/part044/
6 /p/QSOpt/NAEopt/optZ/runZn4k2resExtplus/part044/
7 /p/QSOpt/NAEopt/optZ/runZn4k2resExtplus/part044/
8 /p/QSOpt/NAEopt/optZ/runZn4k2resExtplus/part044/
9 /p/QSOpt/NAEopt/optZ/runZn4k2resExtplus/part044/
4 /p/QSOpt/NAEopt/optZ/runZn4k2resExtplus/part044/
0 /p/QSOpt/NAEopt/optZ/runZn4k2resExtplus/part044/
1 /p/QSOpt/NAEopt/optZ/runZn4k2resExtplus/part044/
2 /p/QSOpt/NAEopt/optZ/runZn4k2resExtplus/part044/
3 /p/QSOpt/NAEopt/optZ/runZn4k2resExtplus/part044/
4 /p/QSOpt/NAEopt/optZ/runZn4k2resExtplus/part044/
5 /p/QSOpt/NAEopt/optZ/runZn4k2resExtplus/part044/
6 /p/QSOpt/NAEopt/optZ/runZn4k2resExtplus/part044/
7 /p/QSOpt/NAEopt/optZ/runZn4k2resExtplus/part044/
8 /p/QSOpt/NAEopt/optZ/runZn4k2resExtplus/part044/
9 /p/QSOpt/NAEopt/optZ/runZn4k2resExtplus/part044/
5 /p/QSOpt/NAEopt/optZ/runZn4k2resExtplus/part044/
0 /p/QSOpt/NAEopt/optZ/runZn4k2resExtplus/part044/
1 /p/QSOpt/NAEopt/optZ/runZn4k2resExtplus/part044/
2 /p/QSOpt/NAEopt/optZ/runZn4k2resExtplus/part044/
3 /p/QSOpt/NAEopt/optZ/runZn4k2resExtplus/part044/
4 /p/QSOpt/NAEopt/optZ/runZn4k2resExtplus/part044/
5 /p/QSOpt/NAEopt/optZ/runZn4k2resExtplus/part044/
6 /p/QSOpt/NAEopt/optZ/runZn4k2resExtplus/part044/
7 /p/QSOpt/NAEopt/optZ/runZn4k2resExtplus/part044/
8 /p/QSOpt/NAEopt/optZ/runZn4k2resExtplus/part044/
9 /p/QSOpt/NAEopt/optZ/runZn4k2resExtplus/part044/
6 /p/QSOpt/NAEopt/optZ/runZn4k2resExtplus/part044/
0 /p/QSOpt/NAEopt/optZ/runZn4k2resExtplus/part044/
1 /p/QSOpt/NAEopt/optZ/runZn4k2resExtplus/part044/
2 /p/QSOpt/NAEopt/optZ/runZn4k2resExtplus/part044/
3 /p/QSOpt/NAEopt/optZ/runZn4k2resExtplus/part044/
4 /p/QSOpt/NAEopt/optZ/runZn4k2resExtplus/part044/
5 /p/QSOpt/NAEopt/optZ/runZn4k2resExtplus/part044/
6 /p/QSOpt/NAEopt/optZ/runZn4k2resExtplus/part044/
7 /p/QSOpt/NAEopt/optZ/runZn4k2resExtplus/part044/
8 /p/QSOpt/NAEopt/optZ/runZn4k2resExtplus/part044/
9 /p/QSOpt/NAEopt/optZ/runZn4k2resExtplus/part044/
7 /p/QSOpt/NAEopt/optZ/runZn4k2resExtplus/part044/
0 /p/QSOpt/NAEopt/optZ/runZn4k2resExtplus/part044/
1 /p/QSOpt/NAEopt/optZ/runZn4k2resExtplus/part044/
2 /p/QSOpt/NAEopt/optZ/runZn4k2resExtplus/part044/
3 /p/QSOpt/NAEopt/optZ/runZn4k2resExtplus/part044/
4 /p/QSOpt/NAEopt/optZ/runZn4k2resExtplus/part044/
5 /p/QSOpt/NAEopt/optZ/runZn4k2resExtplus/part044/
6 /p/QSOpt/NAEopt/optZ/runZn4k2resExtplus/part044/
7 /p/QSOpt/NAEopt/optZ/runZn4k2resExtplus/part044/
8 /p/QSOpt/NAEopt/optZ/runZn4k2resExtplus/part044/
9 /p/QSOpt/NAEopt/optZ/runZn4k2resExtplus/part044/
8 /p/QSOpt/NAEopt/optZ/runZn4k2resExtplus/part044/
0 /p/QSOpt/NAEopt/optZ/runZn4k2resExtplus/part044/
1 /p/QSOpt/NAEopt/optZ/runZn4k2resExtplus/part044/
2 /p/QSOpt/NAEopt/optZ/runZn4k2resExtplus/part044/
3 /p/QSOpt/NAEopt/optZ/runZn4k2resExtplus/part044/
4 /p/QSOpt/NAEopt/optZ/runZn4k2resExtplus/part044/
5 /p/QSOpt/NAEopt/optZ/runZn4k2resExtplus/part044/
6 /p/QSOpt/NAEopt/optZ/runZn4k2resExtplus/part044/
7 /p/QSOpt/NAEopt/optZ/runZn4k2resExtplus/part044/
8 /p/QSOpt/NAEopt/optZ/runZn4k2resExtplus/part044/
9 /p/QSOpt/NAEopt/optZ/runZn4k2resExtplus/part044/
9 /p/QSOpt/NAEopt/optZ/runZn4k2resExtplus/part044/
0 /p/QSOpt/NAEopt/optZ/runZn4k2resExtplus/part044/
1 /p/QSOpt/NAEopt/optZ/runZn4k2resExtplus/part044/
2 /p/QSOpt/NAEopt/optZ/runZn4k2resExtplus/part044/
3 /p/QSOpt/NAEopt/optZ/runZn4k2resExtplus/part044/
4 /p/QSOpt/NAEopt/optZ/runZn4k2resExtplus/part044/
5 /p/QSOpt/NAEopt/optZ/runZn4k2resExtplus/part044/
6 /p/QSOpt/NAEopt/optZ/runZn4k2resExtplus/part044/
7 /p/QSOpt/NAEopt/optZ/runZn4k2resExtplus/part044/
8 /p/QSOpt/NAEopt/optZ/runZn4k2resExtplus/part044/
9 /p/QSOpt/NAEopt/optZ/runZn4k2resExtplus/part044/
10 /p/QSOpt/NAEopt/optZ/runZn4k2resExtplus/part044/
0 /p/QSOpt/NAEopt/optZ/runZn4k2resExtplus/part044/
1 /p/QSOpt/NAEopt/optZ/runZn4k2resExtplus/part044/
2 /p/QSOpt/NAEopt/optZ/runZn4k2resExtplus/part044/
3 /p/QSOpt/NAEopt/optZ/runZn4k2resExtplus/part044/
4 /p/QSOpt/NAEopt/optZ/runZn4k2resExtplus/part044/
5 /p/QSOpt/NAEopt/optZ/runZn4k2resExtplus/part044/
6 /p/QSOpt/NAEopt/optZ/runZn4k2resExtplus/part044/
7 /p/QSOpt/NAEopt/optZ/runZn4k2resExtplus/part044/
8 /p/QSOpt/NAEopt/optZ/runZn4k2resExtplus/part044/
9 /p/QSOpt/NAEopt/optZ/runZn4k2resExtplus/part044/
11 /p/QSOpt/NAEopt/optZ/runZn4k2resExtplus/part044/
0 /p/QSOpt/NAEopt/optZ/runZn4k2resExtplus/part044/
1 /p/QSOpt/NAEopt/optZ/runZn4k2resExtplus/part044/
2 /p/QSOpt/NAEopt/optZ/runZn4k2resExtplus/part044/
3 /p/QSOpt/NAEopt/optZ/runZn4k2resExtplus/part044/
4 /p/QSOpt/NAEopt/optZ/runZn4k2resExtplus/part044/
5 /p/QSOpt/NAEopt/optZ/runZn4k2resExtplus/part044/
6 /p/QSOpt/NAEopt/optZ/runZn4k2resExtplus/part044/
7 /p/QSOpt/NAEopt/optZ/runZn4k2resExtplus/part044/
8 /p/QSOpt/NAEopt/optZ/runZn4k2resExtplus/part044/
9 /p/QSOpt/NAEopt/optZ/runZn4k2resExtplus/part044/
12 /p/QSOpt/NAEopt/optZ/runZn4k2resExtplus/part044/
0 /p/QSOpt/NAEopt/optZ/runZn4k2resExtplus/part044/
1 /p/QSOpt/NAEopt/optZ/runZn4k2resExtplus/part044/
2 /p/QSOpt/NAEopt/optZ/runZn4k2resExtplus/part044/
3 /p/QSOpt/NAEopt/optZ/runZn4k2resExtplus/part044/
4 /p/QSOpt/NAEopt/optZ/runZn4k2resExtplus/part044/
5 /p/QSOpt/NAEopt/optZ/runZn4k2resExtplus/part044/
6 /p/QSOpt/NAEopt/optZ/runZn4k2resExtplus/part044/
7 /p/QSOpt/NAEopt/optZ/runZn4k2resExtplus/part044/
8 /p/QSOpt/NAEopt/optZ/runZn4k2resExtplus/part044/
9 /p/QSOpt/NAEopt/optZ/runZn4k2resExtplus/part044/
13 /p/QSOpt/NAEopt/optZ/runZn4k2resExtplus/part044/
0 /p/QSOpt/NAEopt/optZ/runZn4k2resExtplus/part044/
1 /p/QSOpt/NAEopt/optZ/runZn4k2resExtplus/part044/
2 /p/QSOpt/NAEopt/optZ/runZn4k2resExtplus/part044/
3 /p/QSOpt/NAEopt/optZ/runZn4k2resExtplus/part044/
4 /p/QSOpt/NAEopt/optZ/runZn4k2resExtplus/part044/
5 /p/QSOpt/NAEopt/optZ/runZn4k2resExtplus/part044/
6 /p/QSOpt/NAEopt/optZ/runZn4k2resExtplus/part044/
7 /p/QSOpt/NAEopt/optZ/runZn4k2resExtplus/part044/
8 /p/QSOpt/NAEopt/optZ/runZn4k2resExtplus/part044/
9 /p/QSOpt/NAEopt/optZ/runZn4k2resExtplus/part044/
14 /p/QSOpt/NAEopt/optZ/runZn4k2resExtplus/part044/
