python optAnhark2optZ.py 15 0.36 0.39 10 -0.023999999999999994 -0.011999999999999997 /p/QSOpt/NAEopt/optZ/runZn4k2resExtplus/part024/
0 /p/QSOpt/NAEopt/optZ/runZn4k2resExtplus/part024/
1 /p/QSOpt/NAEopt/optZ/runZn4k2resExtplus/part024/
2 /p/QSOpt/NAEopt/optZ/runZn4k2resExtplus/part024/
3 /p/QSOpt/NAEopt/optZ/runZn4k2resExtplus/part024/
4 /p/QSOpt/NAEopt/optZ/runZn4k2resExtplus/part024/
5 /p/QSOpt/NAEopt/optZ/runZn4k2resExtplus/part024/
6 /p/QSOpt/NAEopt/optZ/runZn4k2resExtplus/part024/
7 /p/QSOpt/NAEopt/optZ/runZn4k2resExtplus/part024/
8 /p/QSOpt/NAEopt/optZ/runZn4k2resExtplus/part024/
9 /p/QSOpt/NAEopt/optZ/runZn4k2resExtplus/part024/
0 /p/QSOpt/NAEopt/optZ/runZn4k2resExtplus/part024/
0 /p/QSOpt/NAEopt/optZ/runZn4k2resExtplus/part024/
1 /p/QSOpt/NAEopt/optZ/runZn4k2resExtplus/part024/
2 /p/QSOpt/NAEopt/optZ/runZn4k2resExtplus/part024/
3 /p/QSOpt/NAEopt/optZ/runZn4k2resExtplus/part024/
4 /p/QSOpt/NAEopt/optZ/runZn4k2resExtplus/part024/
5 /p/QSOpt/NAEopt/optZ/runZn4k2resExtplus/part024/
6 /p/QSOpt/NAEopt/optZ/runZn4k2resExtplus/part024/
7 /p/QSOpt/NAEopt/optZ/runZn4k2resExtplus/part024/
8 /p/QSOpt/NAEopt/optZ/runZn4k2resExtplus/part024/
9 /p/QSOpt/NAEopt/optZ/runZn4k2resExtplus/part024/
1 /p/QSOpt/NAEopt/optZ/runZn4k2resExtplus/part024/
0 /p/QSOpt/NAEopt/optZ/runZn4k2resExtplus/part024/
1 /p/QSOpt/NAEopt/optZ/runZn4k2resExtplus/part024/
2 /p/QSOpt/NAEopt/optZ/runZn4k2resExtplus/part024/
3 /p/QSOpt/NAEopt/optZ/runZn4k2resExtplus/part024/
4 /p/QSOpt/NAEopt/optZ/runZn4k2resExtplus/part024/
5 /p/QSOpt/NAEopt/optZ/runZn4k2resExtplus/part024/
6 /p/QSOpt/NAEopt/optZ/runZn4k2resExtplus/part024/
7 /p/QSOpt/NAEopt/optZ/runZn4k2resExtplus/part024/
8 /p/QSOpt/NAEopt/optZ/runZn4k2resExtplus/part024/
9 /p/QSOpt/NAEopt/optZ/runZn4k2resExtplus/part024/
2 /p/QSOpt/NAEopt/optZ/runZn4k2resExtplus/part024/
0 /p/QSOpt/NAEopt/optZ/runZn4k2resExtplus/part024/
1 /p/QSOpt/NAEopt/optZ/runZn4k2resExtplus/part024/
2 /p/QSOpt/NAEopt/optZ/runZn4k2resExtplus/part024/
3 /p/QSOpt/NAEopt/optZ/runZn4k2resExtplus/part024/
4 /p/QSOpt/NAEopt/optZ/runZn4k2resExtplus/part024/
5 /p/QSOpt/NAEopt/optZ/runZn4k2resExtplus/part024/
6 /p/QSOpt/NAEopt/optZ/runZn4k2resExtplus/part024/
7 /p/QSOpt/NAEopt/optZ/runZn4k2resExtplus/part024/
8 /p/QSOpt/NAEopt/optZ/runZn4k2resExtplus/part024/
9 /p/QSOpt/NAEopt/optZ/runZn4k2resExtplus/part024/
3 /p/QSOpt/NAEopt/optZ/runZn4k2resExtplus/part024/
0 /p/QSOpt/NAEopt/optZ/runZn4k2resExtplus/part024/
1 /p/QSOpt/NAEopt/optZ/runZn4k2resExtplus/part024/
2 /p/QSOpt/NAEopt/optZ/runZn4k2resExtplus/part024/
3 /p/QSOpt/NAEopt/optZ/runZn4k2resExtplus/part024/
4 /p/QSOpt/NAEopt/optZ/runZn4k2resExtplus/part024/
5 /p/QSOpt/NAEopt/optZ/runZn4k2resExtplus/part024/
6 /p/QSOpt/NAEopt/optZ/runZn4k2resExtplus/part024/
7 /p/QSOpt/NAEopt/optZ/runZn4k2resExtplus/part024/
8 /p/QSOpt/NAEopt/optZ/runZn4k2resExtplus/part024/
9 /p/QSOpt/NAEopt/optZ/runZn4k2resExtplus/part024/
4 /p/QSOpt/NAEopt/optZ/runZn4k2resExtplus/part024/
0 /p/QSOpt/NAEopt/optZ/runZn4k2resExtplus/part024/
1 /p/QSOpt/NAEopt/optZ/runZn4k2resExtplus/part024/
2 /p/QSOpt/NAEopt/optZ/runZn4k2resExtplus/part024/
3 /p/QSOpt/NAEopt/optZ/runZn4k2resExtplus/part024/
4 /p/QSOpt/NAEopt/optZ/runZn4k2resExtplus/part024/
5 /p/QSOpt/NAEopt/optZ/runZn4k2resExtplus/part024/
6 /p/QSOpt/NAEopt/optZ/runZn4k2resExtplus/part024/
7 /p/QSOpt/NAEopt/optZ/runZn4k2resExtplus/part024/
8 /p/QSOpt/NAEopt/optZ/runZn4k2resExtplus/part024/
9 /p/QSOpt/NAEopt/optZ/runZn4k2resExtplus/part024/
5 /p/QSOpt/NAEopt/optZ/runZn4k2resExtplus/part024/
0 /p/QSOpt/NAEopt/optZ/runZn4k2resExtplus/part024/
1 /p/QSOpt/NAEopt/optZ/runZn4k2resExtplus/part024/
2 /p/QSOpt/NAEopt/optZ/runZn4k2resExtplus/part024/
3 /p/QSOpt/NAEopt/optZ/runZn4k2resExtplus/part024/
4 /p/QSOpt/NAEopt/optZ/runZn4k2resExtplus/part024/
5 /p/QSOpt/NAEopt/optZ/runZn4k2resExtplus/part024/
6 /p/QSOpt/NAEopt/optZ/runZn4k2resExtplus/part024/
7 /p/QSOpt/NAEopt/optZ/runZn4k2resExtplus/part024/
8 /p/QSOpt/NAEopt/optZ/runZn4k2resExtplus/part024/
9 /p/QSOpt/NAEopt/optZ/runZn4k2resExtplus/part024/
6 /p/QSOpt/NAEopt/optZ/runZn4k2resExtplus/part024/
0 /p/QSOpt/NAEopt/optZ/runZn4k2resExtplus/part024/
1 /p/QSOpt/NAEopt/optZ/runZn4k2resExtplus/part024/
2 /p/QSOpt/NAEopt/optZ/runZn4k2resExtplus/part024/
3 /p/QSOpt/NAEopt/optZ/runZn4k2resExtplus/part024/
4 /p/QSOpt/NAEopt/optZ/runZn4k2resExtplus/part024/
5 /p/QSOpt/NAEopt/optZ/runZn4k2resExtplus/part024/
6 /p/QSOpt/NAEopt/optZ/runZn4k2resExtplus/part024/
7 /p/QSOpt/NAEopt/optZ/runZn4k2resExtplus/part024/
8 /p/QSOpt/NAEopt/optZ/runZn4k2resExtplus/part024/
9 /p/QSOpt/NAEopt/optZ/runZn4k2resExtplus/part024/
7 /p/QSOpt/NAEopt/optZ/runZn4k2resExtplus/part024/
0 /p/QSOpt/NAEopt/optZ/runZn4k2resExtplus/part024/
1 /p/QSOpt/NAEopt/optZ/runZn4k2resExtplus/part024/
2 /p/QSOpt/NAEopt/optZ/runZn4k2resExtplus/part024/
3 /p/QSOpt/NAEopt/optZ/runZn4k2resExtplus/part024/
4 /p/QSOpt/NAEopt/optZ/runZn4k2resExtplus/part024/
5 /p/QSOpt/NAEopt/optZ/runZn4k2resExtplus/part024/
6 /p/QSOpt/NAEopt/optZ/runZn4k2resExtplus/part024/
7 /p/QSOpt/NAEopt/optZ/runZn4k2resExtplus/part024/
8 /p/QSOpt/NAEopt/optZ/runZn4k2resExtplus/part024/
9 /p/QSOpt/NAEopt/optZ/runZn4k2resExtplus/part024/
8 /p/QSOpt/NAEopt/optZ/runZn4k2resExtplus/part024/
0 /p/QSOpt/NAEopt/optZ/runZn4k2resExtplus/part024/
1 /p/QSOpt/NAEopt/optZ/runZn4k2resExtplus/part024/
2 /p/QSOpt/NAEopt/optZ/runZn4k2resExtplus/part024/
3 /p/QSOpt/NAEopt/optZ/runZn4k2resExtplus/part024/
4 /p/QSOpt/NAEopt/optZ/runZn4k2resExtplus/part024/
5 /p/QSOpt/NAEopt/optZ/runZn4k2resExtplus/part024/
6 /p/QSOpt/NAEopt/optZ/runZn4k2resExtplus/part024/
7 /p/QSOpt/NAEopt/optZ/runZn4k2resExtplus/part024/
8 /p/QSOpt/NAEopt/optZ/runZn4k2resExtplus/part024/
9 /p/QSOpt/NAEopt/optZ/runZn4k2resExtplus/part024/
9 /p/QSOpt/NAEopt/optZ/runZn4k2resExtplus/part024/
0 /p/QSOpt/NAEopt/optZ/runZn4k2resExtplus/part024/
1 /p/QSOpt/NAEopt/optZ/runZn4k2resExtplus/part024/
2 /p/QSOpt/NAEopt/optZ/runZn4k2resExtplus/part024/
3 /p/QSOpt/NAEopt/optZ/runZn4k2resExtplus/part024/
4 /p/QSOpt/NAEopt/optZ/runZn4k2resExtplus/part024/
5 /p/QSOpt/NAEopt/optZ/runZn4k2resExtplus/part024/
6 /p/QSOpt/NAEopt/optZ/runZn4k2resExtplus/part024/
7 /p/QSOpt/NAEopt/optZ/runZn4k2resExtplus/part024/
8 /p/QSOpt/NAEopt/optZ/runZn4k2resExtplus/part024/
9 /p/QSOpt/NAEopt/optZ/runZn4k2resExtplus/part024/
10 /p/QSOpt/NAEopt/optZ/runZn4k2resExtplus/part024/
0 /p/QSOpt/NAEopt/optZ/runZn4k2resExtplus/part024/
1 /p/QSOpt/NAEopt/optZ/runZn4k2resExtplus/part024/
2 /p/QSOpt/NAEopt/optZ/runZn4k2resExtplus/part024/
3 /p/QSOpt/NAEopt/optZ/runZn4k2resExtplus/part024/
4 /p/QSOpt/NAEopt/optZ/runZn4k2resExtplus/part024/
5 /p/QSOpt/NAEopt/optZ/runZn4k2resExtplus/part024/
6 /p/QSOpt/NAEopt/optZ/runZn4k2resExtplus/part024/
7 /p/QSOpt/NAEopt/optZ/runZn4k2resExtplus/part024/
8 /p/QSOpt/NAEopt/optZ/runZn4k2resExtplus/part024/
9 /p/QSOpt/NAEopt/optZ/runZn4k2resExtplus/part024/
11 /p/QSOpt/NAEopt/optZ/runZn4k2resExtplus/part024/
0 /p/QSOpt/NAEopt/optZ/runZn4k2resExtplus/part024/
1 /p/QSOpt/NAEopt/optZ/runZn4k2resExtplus/part024/
2 /p/QSOpt/NAEopt/optZ/runZn4k2resExtplus/part024/
3 /p/QSOpt/NAEopt/optZ/runZn4k2resExtplus/part024/
4 /p/QSOpt/NAEopt/optZ/runZn4k2resExtplus/part024/
5 /p/QSOpt/NAEopt/optZ/runZn4k2resExtplus/part024/
6 /p/QSOpt/NAEopt/optZ/runZn4k2resExtplus/part024/
7 /p/QSOpt/NAEopt/optZ/runZn4k2resExtplus/part024/
8 /p/QSOpt/NAEopt/optZ/runZn4k2resExtplus/part024/
9 /p/QSOpt/NAEopt/optZ/runZn4k2resExtplus/part024/
12 /p/QSOpt/NAEopt/optZ/runZn4k2resExtplus/part024/
0 /p/QSOpt/NAEopt/optZ/runZn4k2resExtplus/part024/
1 /p/QSOpt/NAEopt/optZ/runZn4k2resExtplus/part024/
2 /p/QSOpt/NAEopt/optZ/runZn4k2resExtplus/part024/
3 /p/QSOpt/NAEopt/optZ/runZn4k2resExtplus/part024/
4 /p/QSOpt/NAEopt/optZ/runZn4k2resExtplus/part024/
5 /p/QSOpt/NAEopt/optZ/runZn4k2resExtplus/part024/
6 /p/QSOpt/NAEopt/optZ/runZn4k2resExtplus/part024/
7 /p/QSOpt/NAEopt/optZ/runZn4k2resExtplus/part024/
8 /p/QSOpt/NAEopt/optZ/runZn4k2resExtplus/part024/
9 /p/QSOpt/NAEopt/optZ/runZn4k2resExtplus/part024/
13 /p/QSOpt/NAEopt/optZ/runZn4k2resExtplus/part024/
0 /p/QSOpt/NAEopt/optZ/runZn4k2resExtplus/part024/
1 /p/QSOpt/NAEopt/optZ/runZn4k2resExtplus/part024/
2 /p/QSOpt/NAEopt/optZ/runZn4k2resExtplus/part024/
3 /p/QSOpt/NAEopt/optZ/runZn4k2resExtplus/part024/
4 /p/QSOpt/NAEopt/optZ/runZn4k2resExtplus/part024/
5 /p/QSOpt/NAEopt/optZ/runZn4k2resExtplus/part024/
6 /p/QSOpt/NAEopt/optZ/runZn4k2resExtplus/part024/
7 /p/QSOpt/NAEopt/optZ/runZn4k2resExtplus/part024/
8 /p/QSOpt/NAEopt/optZ/runZn4k2resExtplus/part024/
9 /p/QSOpt/NAEopt/optZ/runZn4k2resExtplus/part024/
14 /p/QSOpt/NAEopt/optZ/runZn4k2resExtplus/part024/
