python optAnhark2optZ.py 15 0.3 0.32999999999999996 10 -0.06 -0.048 /p/QSOpt/NAEopt/optZ/runZn4k2resExtplus/part001/
0 /p/QSOpt/NAEopt/optZ/runZn4k2resExtplus/part001/
1 /p/QSOpt/NAEopt/optZ/runZn4k2resExtplus/part001/
2 /p/QSOpt/NAEopt/optZ/runZn4k2resExtplus/part001/
3 /p/QSOpt/NAEopt/optZ/runZn4k2resExtplus/part001/
4 /p/QSOpt/NAEopt/optZ/runZn4k2resExtplus/part001/
5 /p/QSOpt/NAEopt/optZ/runZn4k2resExtplus/part001/
6 /p/QSOpt/NAEopt/optZ/runZn4k2resExtplus/part001/
7 /p/QSOpt/NAEopt/optZ/runZn4k2resExtplus/part001/
8 /p/QSOpt/NAEopt/optZ/runZn4k2resExtplus/part001/
9 /p/QSOpt/NAEopt/optZ/runZn4k2resExtplus/part001/
0 /p/QSOpt/NAEopt/optZ/runZn4k2resExtplus/part001/
0 /p/QSOpt/NAEopt/optZ/runZn4k2resExtplus/part001/
1 /p/QSOpt/NAEopt/optZ/runZn4k2resExtplus/part001/
2 /p/QSOpt/NAEopt/optZ/runZn4k2resExtplus/part001/
3 /p/QSOpt/NAEopt/optZ/runZn4k2resExtplus/part001/
4 /p/QSOpt/NAEopt/optZ/runZn4k2resExtplus/part001/
5 /p/QSOpt/NAEopt/optZ/runZn4k2resExtplus/part001/
6 /p/QSOpt/NAEopt/optZ/runZn4k2resExtplus/part001/
7 /p/QSOpt/NAEopt/optZ/runZn4k2resExtplus/part001/
8 /p/QSOpt/NAEopt/optZ/runZn4k2resExtplus/part001/
9 /p/QSOpt/NAEopt/optZ/runZn4k2resExtplus/part001/
1 /p/QSOpt/NAEopt/optZ/runZn4k2resExtplus/part001/
0 /p/QSOpt/NAEopt/optZ/runZn4k2resExtplus/part001/
1 /p/QSOpt/NAEopt/optZ/runZn4k2resExtplus/part001/
2 /p/QSOpt/NAEopt/optZ/runZn4k2resExtplus/part001/
3 /p/QSOpt/NAEopt/optZ/runZn4k2resExtplus/part001/
4 /p/QSOpt/NAEopt/optZ/runZn4k2resExtplus/part001/
5 /p/QSOpt/NAEopt/optZ/runZn4k2resExtplus/part001/
6 /p/QSOpt/NAEopt/optZ/runZn4k2resExtplus/part001/
7 /p/QSOpt/NAEopt/optZ/runZn4k2resExtplus/part001/
8 /p/QSOpt/NAEopt/optZ/runZn4k2resExtplus/part001/
9 /p/QSOpt/NAEopt/optZ/runZn4k2resExtplus/part001/
2 /p/QSOpt/NAEopt/optZ/runZn4k2resExtplus/part001/
0 /p/QSOpt/NAEopt/optZ/runZn4k2resExtplus/part001/
1 /p/QSOpt/NAEopt/optZ/runZn4k2resExtplus/part001/
2 /p/QSOpt/NAEopt/optZ/runZn4k2resExtplus/part001/
3 /p/QSOpt/NAEopt/optZ/runZn4k2resExtplus/part001/
4 /p/QSOpt/NAEopt/optZ/runZn4k2resExtplus/part001/
5 /p/QSOpt/NAEopt/optZ/runZn4k2resExtplus/part001/
6 /p/QSOpt/NAEopt/optZ/runZn4k2resExtplus/part001/
7 /p/QSOpt/NAEopt/optZ/runZn4k2resExtplus/part001/
8 /p/QSOpt/NAEopt/optZ/runZn4k2resExtplus/part001/
9 /p/QSOpt/NAEopt/optZ/runZn4k2resExtplus/part001/
3 /p/QSOpt/NAEopt/optZ/runZn4k2resExtplus/part001/
0 /p/QSOpt/NAEopt/optZ/runZn4k2resExtplus/part001/
1 /p/QSOpt/NAEopt/optZ/runZn4k2resExtplus/part001/
2 /p/QSOpt/NAEopt/optZ/runZn4k2resExtplus/part001/
3 /p/QSOpt/NAEopt/optZ/runZn4k2resExtplus/part001/
4 /p/QSOpt/NAEopt/optZ/runZn4k2resExtplus/part001/
5 /p/QSOpt/NAEopt/optZ/runZn4k2resExtplus/part001/
6 /p/QSOpt/NAEopt/optZ/runZn4k2resExtplus/part001/
7 /p/QSOpt/NAEopt/optZ/runZn4k2resExtplus/part001/
8 /p/QSOpt/NAEopt/optZ/runZn4k2resExtplus/part001/
9 /p/QSOpt/NAEopt/optZ/runZn4k2resExtplus/part001/
4 /p/QSOpt/NAEopt/optZ/runZn4k2resExtplus/part001/
0 /p/QSOpt/NAEopt/optZ/runZn4k2resExtplus/part001/
1 /p/QSOpt/NAEopt/optZ/runZn4k2resExtplus/part001/
2 /p/QSOpt/NAEopt/optZ/runZn4k2resExtplus/part001/
3 /p/QSOpt/NAEopt/optZ/runZn4k2resExtplus/part001/
4 /p/QSOpt/NAEopt/optZ/runZn4k2resExtplus/part001/
5 /p/QSOpt/NAEopt/optZ/runZn4k2resExtplus/part001/
6 /p/QSOpt/NAEopt/optZ/runZn4k2resExtplus/part001/
7 /p/QSOpt/NAEopt/optZ/runZn4k2resExtplus/part001/
8 /p/QSOpt/NAEopt/optZ/runZn4k2resExtplus/part001/
9 /p/QSOpt/NAEopt/optZ/runZn4k2resExtplus/part001/
5 /p/QSOpt/NAEopt/optZ/runZn4k2resExtplus/part001/
0 /p/QSOpt/NAEopt/optZ/runZn4k2resExtplus/part001/
1 /p/QSOpt/NAEopt/optZ/runZn4k2resExtplus/part001/
2 /p/QSOpt/NAEopt/optZ/runZn4k2resExtplus/part001/
3 /p/QSOpt/NAEopt/optZ/runZn4k2resExtplus/part001/
4 /p/QSOpt/NAEopt/optZ/runZn4k2resExtplus/part001/
5 /p/QSOpt/NAEopt/optZ/runZn4k2resExtplus/part001/
6 /p/QSOpt/NAEopt/optZ/runZn4k2resExtplus/part001/
7 /p/QSOpt/NAEopt/optZ/runZn4k2resExtplus/part001/
8 /p/QSOpt/NAEopt/optZ/runZn4k2resExtplus/part001/
9 /p/QSOpt/NAEopt/optZ/runZn4k2resExtplus/part001/
6 /p/QSOpt/NAEopt/optZ/runZn4k2resExtplus/part001/
0 /p/QSOpt/NAEopt/optZ/runZn4k2resExtplus/part001/
1 /p/QSOpt/NAEopt/optZ/runZn4k2resExtplus/part001/
2 /p/QSOpt/NAEopt/optZ/runZn4k2resExtplus/part001/
3 /p/QSOpt/NAEopt/optZ/runZn4k2resExtplus/part001/
4 /p/QSOpt/NAEopt/optZ/runZn4k2resExtplus/part001/
5 /p/QSOpt/NAEopt/optZ/runZn4k2resExtplus/part001/
6 /p/QSOpt/NAEopt/optZ/runZn4k2resExtplus/part001/
7 /p/QSOpt/NAEopt/optZ/runZn4k2resExtplus/part001/
8 /p/QSOpt/NAEopt/optZ/runZn4k2resExtplus/part001/
9 /p/QSOpt/NAEopt/optZ/runZn4k2resExtplus/part001/
7 /p/QSOpt/NAEopt/optZ/runZn4k2resExtplus/part001/
0 /p/QSOpt/NAEopt/optZ/runZn4k2resExtplus/part001/
1 /p/QSOpt/NAEopt/optZ/runZn4k2resExtplus/part001/
2 /p/QSOpt/NAEopt/optZ/runZn4k2resExtplus/part001/
3 /p/QSOpt/NAEopt/optZ/runZn4k2resExtplus/part001/
4 /p/QSOpt/NAEopt/optZ/runZn4k2resExtplus/part001/
5 /p/QSOpt/NAEopt/optZ/runZn4k2resExtplus/part001/
6 /p/QSOpt/NAEopt/optZ/runZn4k2resExtplus/part001/
7 /p/QSOpt/NAEopt/optZ/runZn4k2resExtplus/part001/
8 /p/QSOpt/NAEopt/optZ/runZn4k2resExtplus/part001/
9 /p/QSOpt/NAEopt/optZ/runZn4k2resExtplus/part001/
8 /p/QSOpt/NAEopt/optZ/runZn4k2resExtplus/part001/
0 /p/QSOpt/NAEopt/optZ/runZn4k2resExtplus/part001/
1 /p/QSOpt/NAEopt/optZ/runZn4k2resExtplus/part001/
2 /p/QSOpt/NAEopt/optZ/runZn4k2resExtplus/part001/
3 /p/QSOpt/NAEopt/optZ/runZn4k2resExtplus/part001/
4 /p/QSOpt/NAEopt/optZ/runZn4k2resExtplus/part001/
5 /p/QSOpt/NAEopt/optZ/runZn4k2resExtplus/part001/
6 /p/QSOpt/NAEopt/optZ/runZn4k2resExtplus/part001/
7 /p/QSOpt/NAEopt/optZ/runZn4k2resExtplus/part001/
8 /p/QSOpt/NAEopt/optZ/runZn4k2resExtplus/part001/
9 /p/QSOpt/NAEopt/optZ/runZn4k2resExtplus/part001/
9 /p/QSOpt/NAEopt/optZ/runZn4k2resExtplus/part001/
0 /p/QSOpt/NAEopt/optZ/runZn4k2resExtplus/part001/
1 /p/QSOpt/NAEopt/optZ/runZn4k2resExtplus/part001/
2 /p/QSOpt/NAEopt/optZ/runZn4k2resExtplus/part001/
3 /p/QSOpt/NAEopt/optZ/runZn4k2resExtplus/part001/
4 /p/QSOpt/NAEopt/optZ/runZn4k2resExtplus/part001/
5 /p/QSOpt/NAEopt/optZ/runZn4k2resExtplus/part001/
6 /p/QSOpt/NAEopt/optZ/runZn4k2resExtplus/part001/
7 /p/QSOpt/NAEopt/optZ/runZn4k2resExtplus/part001/
8 /p/QSOpt/NAEopt/optZ/runZn4k2resExtplus/part001/
9 /p/QSOpt/NAEopt/optZ/runZn4k2resExtplus/part001/
10 /p/QSOpt/NAEopt/optZ/runZn4k2resExtplus/part001/
0 /p/QSOpt/NAEopt/optZ/runZn4k2resExtplus/part001/
1 /p/QSOpt/NAEopt/optZ/runZn4k2resExtplus/part001/
2 /p/QSOpt/NAEopt/optZ/runZn4k2resExtplus/part001/
3 /p/QSOpt/NAEopt/optZ/runZn4k2resExtplus/part001/
4 /p/QSOpt/NAEopt/optZ/runZn4k2resExtplus/part001/
5 /p/QSOpt/NAEopt/optZ/runZn4k2resExtplus/part001/
6 /p/QSOpt/NAEopt/optZ/runZn4k2resExtplus/part001/
7 /p/QSOpt/NAEopt/optZ/runZn4k2resExtplus/part001/
8 /p/QSOpt/NAEopt/optZ/runZn4k2resExtplus/part001/
9 /p/QSOpt/NAEopt/optZ/runZn4k2resExtplus/part001/
11 /p/QSOpt/NAEopt/optZ/runZn4k2resExtplus/part001/
0 /p/QSOpt/NAEopt/optZ/runZn4k2resExtplus/part001/
1 /p/QSOpt/NAEopt/optZ/runZn4k2resExtplus/part001/
2 /p/QSOpt/NAEopt/optZ/runZn4k2resExtplus/part001/
3 /p/QSOpt/NAEopt/optZ/runZn4k2resExtplus/part001/
4 /p/QSOpt/NAEopt/optZ/runZn4k2resExtplus/part001/
5 /p/QSOpt/NAEopt/optZ/runZn4k2resExtplus/part001/
6 /p/QSOpt/NAEopt/optZ/runZn4k2resExtplus/part001/
7 /p/QSOpt/NAEopt/optZ/runZn4k2resExtplus/part001/
8 /p/QSOpt/NAEopt/optZ/runZn4k2resExtplus/part001/
9 /p/QSOpt/NAEopt/optZ/runZn4k2resExtplus/part001/
12 /p/QSOpt/NAEopt/optZ/runZn4k2resExtplus/part001/
0 /p/QSOpt/NAEopt/optZ/runZn4k2resExtplus/part001/
1 /p/QSOpt/NAEopt/optZ/runZn4k2resExtplus/part001/
2 /p/QSOpt/NAEopt/optZ/runZn4k2resExtplus/part001/
3 /p/QSOpt/NAEopt/optZ/runZn4k2resExtplus/part001/
4 /p/QSOpt/NAEopt/optZ/runZn4k2resExtplus/part001/
5 /p/QSOpt/NAEopt/optZ/runZn4k2resExtplus/part001/
6 /p/QSOpt/NAEopt/optZ/runZn4k2resExtplus/part001/
7 /p/QSOpt/NAEopt/optZ/runZn4k2resExtplus/part001/
8 /p/QSOpt/NAEopt/optZ/runZn4k2resExtplus/part001/
9 /p/QSOpt/NAEopt/optZ/runZn4k2resExtplus/part001/
13 /p/QSOpt/NAEopt/optZ/runZn4k2resExtplus/part001/
0 /p/QSOpt/NAEopt/optZ/runZn4k2resExtplus/part001/
1 /p/QSOpt/NAEopt/optZ/runZn4k2resExtplus/part001/
2 /p/QSOpt/NAEopt/optZ/runZn4k2resExtplus/part001/
3 /p/QSOpt/NAEopt/optZ/runZn4k2resExtplus/part001/
4 /p/QSOpt/NAEopt/optZ/runZn4k2resExtplus/part001/
5 /p/QSOpt/NAEopt/optZ/runZn4k2resExtplus/part001/
6 /p/QSOpt/NAEopt/optZ/runZn4k2resExtplus/part001/
7 /p/QSOpt/NAEopt/optZ/runZn4k2resExtplus/part001/
8 /p/QSOpt/NAEopt/optZ/runZn4k2resExtplus/part001/
9 /p/QSOpt/NAEopt/optZ/runZn4k2resExtplus/part001/
14 /p/QSOpt/NAEopt/optZ/runZn4k2resExtplus/part001/
