python optAnhark2optZ.py 15 0.54 0.5700000000000001 10 0.01200000000000001 0.024000000000000007 /p/QSOpt/NAEopt/optZ/runZn4k2resExtplus/part087/
0 /p/QSOpt/NAEopt/optZ/runZn4k2resExtplus/part087/
1 /p/QSOpt/NAEopt/optZ/runZn4k2resExtplus/part087/
2 /p/QSOpt/NAEopt/optZ/runZn4k2resExtplus/part087/
3 /p/QSOpt/NAEopt/optZ/runZn4k2resExtplus/part087/
4 /p/QSOpt/NAEopt/optZ/runZn4k2resExtplus/part087/
5 /p/QSOpt/NAEopt/optZ/runZn4k2resExtplus/part087/
6 /p/QSOpt/NAEopt/optZ/runZn4k2resExtplus/part087/
7 /p/QSOpt/NAEopt/optZ/runZn4k2resExtplus/part087/
8 /p/QSOpt/NAEopt/optZ/runZn4k2resExtplus/part087/
9 /p/QSOpt/NAEopt/optZ/runZn4k2resExtplus/part087/
0 /p/QSOpt/NAEopt/optZ/runZn4k2resExtplus/part087/
0 /p/QSOpt/NAEopt/optZ/runZn4k2resExtplus/part087/
1 /p/QSOpt/NAEopt/optZ/runZn4k2resExtplus/part087/
2 /p/QSOpt/NAEopt/optZ/runZn4k2resExtplus/part087/
3 /p/QSOpt/NAEopt/optZ/runZn4k2resExtplus/part087/
4 /p/QSOpt/NAEopt/optZ/runZn4k2resExtplus/part087/
5 /p/QSOpt/NAEopt/optZ/runZn4k2resExtplus/part087/
6 /p/QSOpt/NAEopt/optZ/runZn4k2resExtplus/part087/
7 /p/QSOpt/NAEopt/optZ/runZn4k2resExtplus/part087/
8 /p/QSOpt/NAEopt/optZ/runZn4k2resExtplus/part087/
9 /p/QSOpt/NAEopt/optZ/runZn4k2resExtplus/part087/
1 /p/QSOpt/NAEopt/optZ/runZn4k2resExtplus/part087/
0 /p/QSOpt/NAEopt/optZ/runZn4k2resExtplus/part087/
1 /p/QSOpt/NAEopt/optZ/runZn4k2resExtplus/part087/
2 /p/QSOpt/NAEopt/optZ/runZn4k2resExtplus/part087/
3 /p/QSOpt/NAEopt/optZ/runZn4k2resExtplus/part087/
4 /p/QSOpt/NAEopt/optZ/runZn4k2resExtplus/part087/
5 /p/QSOpt/NAEopt/optZ/runZn4k2resExtplus/part087/
6 /p/QSOpt/NAEopt/optZ/runZn4k2resExtplus/part087/
7 /p/QSOpt/NAEopt/optZ/runZn4k2resExtplus/part087/
8 /p/QSOpt/NAEopt/optZ/runZn4k2resExtplus/part087/
9 /p/QSOpt/NAEopt/optZ/runZn4k2resExtplus/part087/
2 /p/QSOpt/NAEopt/optZ/runZn4k2resExtplus/part087/
0 /p/QSOpt/NAEopt/optZ/runZn4k2resExtplus/part087/
1 /p/QSOpt/NAEopt/optZ/runZn4k2resExtplus/part087/
2 /p/QSOpt/NAEopt/optZ/runZn4k2resExtplus/part087/
3 /p/QSOpt/NAEopt/optZ/runZn4k2resExtplus/part087/
4 /p/QSOpt/NAEopt/optZ/runZn4k2resExtplus/part087/
5 /p/QSOpt/NAEopt/optZ/runZn4k2resExtplus/part087/
6 /p/QSOpt/NAEopt/optZ/runZn4k2resExtplus/part087/
7 /p/QSOpt/NAEopt/optZ/runZn4k2resExtplus/part087/
8 /p/QSOpt/NAEopt/optZ/runZn4k2resExtplus/part087/
9 /p/QSOpt/NAEopt/optZ/runZn4k2resExtplus/part087/
3 /p/QSOpt/NAEopt/optZ/runZn4k2resExtplus/part087/
0 /p/QSOpt/NAEopt/optZ/runZn4k2resExtplus/part087/
1 /p/QSOpt/NAEopt/optZ/runZn4k2resExtplus/part087/
2 /p/QSOpt/NAEopt/optZ/runZn4k2resExtplus/part087/
3 /p/QSOpt/NAEopt/optZ/runZn4k2resExtplus/part087/
4 /p/QSOpt/NAEopt/optZ/runZn4k2resExtplus/part087/
5 /p/QSOpt/NAEopt/optZ/runZn4k2resExtplus/part087/
6 /p/QSOpt/NAEopt/optZ/runZn4k2resExtplus/part087/
7 /p/QSOpt/NAEopt/optZ/runZn4k2resExtplus/part087/
8 /p/QSOpt/NAEopt/optZ/runZn4k2resExtplus/part087/
9 /p/QSOpt/NAEopt/optZ/runZn4k2resExtplus/part087/
4 /p/QSOpt/NAEopt/optZ/runZn4k2resExtplus/part087/
0 /p/QSOpt/NAEopt/optZ/runZn4k2resExtplus/part087/
1 /p/QSOpt/NAEopt/optZ/runZn4k2resExtplus/part087/
2 /p/QSOpt/NAEopt/optZ/runZn4k2resExtplus/part087/
3 /p/QSOpt/NAEopt/optZ/runZn4k2resExtplus/part087/
4 /p/QSOpt/NAEopt/optZ/runZn4k2resExtplus/part087/
5 /p/QSOpt/NAEopt/optZ/runZn4k2resExtplus/part087/
6 /p/QSOpt/NAEopt/optZ/runZn4k2resExtplus/part087/
7 /p/QSOpt/NAEopt/optZ/runZn4k2resExtplus/part087/
8 /p/QSOpt/NAEopt/optZ/runZn4k2resExtplus/part087/
9 /p/QSOpt/NAEopt/optZ/runZn4k2resExtplus/part087/
5 /p/QSOpt/NAEopt/optZ/runZn4k2resExtplus/part087/
0 /p/QSOpt/NAEopt/optZ/runZn4k2resExtplus/part087/
1 /p/QSOpt/NAEopt/optZ/runZn4k2resExtplus/part087/
2 /p/QSOpt/NAEopt/optZ/runZn4k2resExtplus/part087/
3 /p/QSOpt/NAEopt/optZ/runZn4k2resExtplus/part087/
4 /p/QSOpt/NAEopt/optZ/runZn4k2resExtplus/part087/
5 /p/QSOpt/NAEopt/optZ/runZn4k2resExtplus/part087/
6 /p/QSOpt/NAEopt/optZ/runZn4k2resExtplus/part087/
7 /p/QSOpt/NAEopt/optZ/runZn4k2resExtplus/part087/
8 /p/QSOpt/NAEopt/optZ/runZn4k2resExtplus/part087/
9 /p/QSOpt/NAEopt/optZ/runZn4k2resExtplus/part087/
6 /p/QSOpt/NAEopt/optZ/runZn4k2resExtplus/part087/
0 /p/QSOpt/NAEopt/optZ/runZn4k2resExtplus/part087/
1 /p/QSOpt/NAEopt/optZ/runZn4k2resExtplus/part087/
2 /p/QSOpt/NAEopt/optZ/runZn4k2resExtplus/part087/
3 /p/QSOpt/NAEopt/optZ/runZn4k2resExtplus/part087/
4 /p/QSOpt/NAEopt/optZ/runZn4k2resExtplus/part087/
5 /p/QSOpt/NAEopt/optZ/runZn4k2resExtplus/part087/
6 /p/QSOpt/NAEopt/optZ/runZn4k2resExtplus/part087/
7 /p/QSOpt/NAEopt/optZ/runZn4k2resExtplus/part087/
8 /p/QSOpt/NAEopt/optZ/runZn4k2resExtplus/part087/
9 /p/QSOpt/NAEopt/optZ/runZn4k2resExtplus/part087/
7 /p/QSOpt/NAEopt/optZ/runZn4k2resExtplus/part087/
0 /p/QSOpt/NAEopt/optZ/runZn4k2resExtplus/part087/
1 /p/QSOpt/NAEopt/optZ/runZn4k2resExtplus/part087/
2 /p/QSOpt/NAEopt/optZ/runZn4k2resExtplus/part087/
3 /p/QSOpt/NAEopt/optZ/runZn4k2resExtplus/part087/
4 /p/QSOpt/NAEopt/optZ/runZn4k2resExtplus/part087/
5 /p/QSOpt/NAEopt/optZ/runZn4k2resExtplus/part087/
6 /p/QSOpt/NAEopt/optZ/runZn4k2resExtplus/part087/
7 /p/QSOpt/NAEopt/optZ/runZn4k2resExtplus/part087/
8 /p/QSOpt/NAEopt/optZ/runZn4k2resExtplus/part087/
9 /p/QSOpt/NAEopt/optZ/runZn4k2resExtplus/part087/
8 /p/QSOpt/NAEopt/optZ/runZn4k2resExtplus/part087/
0 /p/QSOpt/NAEopt/optZ/runZn4k2resExtplus/part087/
1 /p/QSOpt/NAEopt/optZ/runZn4k2resExtplus/part087/
2 /p/QSOpt/NAEopt/optZ/runZn4k2resExtplus/part087/
3 /p/QSOpt/NAEopt/optZ/runZn4k2resExtplus/part087/
4 /p/QSOpt/NAEopt/optZ/runZn4k2resExtplus/part087/
5 /p/QSOpt/NAEopt/optZ/runZn4k2resExtplus/part087/
6 /p/QSOpt/NAEopt/optZ/runZn4k2resExtplus/part087/
7 /p/QSOpt/NAEopt/optZ/runZn4k2resExtplus/part087/
8 /p/QSOpt/NAEopt/optZ/runZn4k2resExtplus/part087/
9 /p/QSOpt/NAEopt/optZ/runZn4k2resExtplus/part087/
9 /p/QSOpt/NAEopt/optZ/runZn4k2resExtplus/part087/
0 /p/QSOpt/NAEopt/optZ/runZn4k2resExtplus/part087/
1 /p/QSOpt/NAEopt/optZ/runZn4k2resExtplus/part087/
2 /p/QSOpt/NAEopt/optZ/runZn4k2resExtplus/part087/
3 /p/QSOpt/NAEopt/optZ/runZn4k2resExtplus/part087/
4 /p/QSOpt/NAEopt/optZ/runZn4k2resExtplus/part087/
5 /p/QSOpt/NAEopt/optZ/runZn4k2resExtplus/part087/
6 /p/QSOpt/NAEopt/optZ/runZn4k2resExtplus/part087/
7 /p/QSOpt/NAEopt/optZ/runZn4k2resExtplus/part087/
8 /p/QSOpt/NAEopt/optZ/runZn4k2resExtplus/part087/
9 /p/QSOpt/NAEopt/optZ/runZn4k2resExtplus/part087/
10 /p/QSOpt/NAEopt/optZ/runZn4k2resExtplus/part087/
0 /p/QSOpt/NAEopt/optZ/runZn4k2resExtplus/part087/
1 /p/QSOpt/NAEopt/optZ/runZn4k2resExtplus/part087/
2 /p/QSOpt/NAEopt/optZ/runZn4k2resExtplus/part087/
3 /p/QSOpt/NAEopt/optZ/runZn4k2resExtplus/part087/
4 /p/QSOpt/NAEopt/optZ/runZn4k2resExtplus/part087/
5 /p/QSOpt/NAEopt/optZ/runZn4k2resExtplus/part087/
6 /p/QSOpt/NAEopt/optZ/runZn4k2resExtplus/part087/
7 /p/QSOpt/NAEopt/optZ/runZn4k2resExtplus/part087/
8 /p/QSOpt/NAEopt/optZ/runZn4k2resExtplus/part087/
9 /p/QSOpt/NAEopt/optZ/runZn4k2resExtplus/part087/
11 /p/QSOpt/NAEopt/optZ/runZn4k2resExtplus/part087/
0 /p/QSOpt/NAEopt/optZ/runZn4k2resExtplus/part087/
1 /p/QSOpt/NAEopt/optZ/runZn4k2resExtplus/part087/
2 /p/QSOpt/NAEopt/optZ/runZn4k2resExtplus/part087/
3 /p/QSOpt/NAEopt/optZ/runZn4k2resExtplus/part087/
4 /p/QSOpt/NAEopt/optZ/runZn4k2resExtplus/part087/
5 /p/QSOpt/NAEopt/optZ/runZn4k2resExtplus/part087/
6 /p/QSOpt/NAEopt/optZ/runZn4k2resExtplus/part087/
7 /p/QSOpt/NAEopt/optZ/runZn4k2resExtplus/part087/
8 /p/QSOpt/NAEopt/optZ/runZn4k2resExtplus/part087/
9 /p/QSOpt/NAEopt/optZ/runZn4k2resExtplus/part087/
12 /p/QSOpt/NAEopt/optZ/runZn4k2resExtplus/part087/
0 /p/QSOpt/NAEopt/optZ/runZn4k2resExtplus/part087/
1 /p/QSOpt/NAEopt/optZ/runZn4k2resExtplus/part087/
2 /p/QSOpt/NAEopt/optZ/runZn4k2resExtplus/part087/
3 /p/QSOpt/NAEopt/optZ/runZn4k2resExtplus/part087/
4 /p/QSOpt/NAEopt/optZ/runZn4k2resExtplus/part087/
5 /p/QSOpt/NAEopt/optZ/runZn4k2resExtplus/part087/
6 /p/QSOpt/NAEopt/optZ/runZn4k2resExtplus/part087/
7 /p/QSOpt/NAEopt/optZ/runZn4k2resExtplus/part087/
8 /p/QSOpt/NAEopt/optZ/runZn4k2resExtplus/part087/
9 /p/QSOpt/NAEopt/optZ/runZn4k2resExtplus/part087/
13 /p/QSOpt/NAEopt/optZ/runZn4k2resExtplus/part087/
0 /p/QSOpt/NAEopt/optZ/runZn4k2resExtplus/part087/
1 /p/QSOpt/NAEopt/optZ/runZn4k2resExtplus/part087/
2 /p/QSOpt/NAEopt/optZ/runZn4k2resExtplus/part087/
3 /p/QSOpt/NAEopt/optZ/runZn4k2resExtplus/part087/
4 /p/QSOpt/NAEopt/optZ/runZn4k2resExtplus/part087/
5 /p/QSOpt/NAEopt/optZ/runZn4k2resExtplus/part087/
6 /p/QSOpt/NAEopt/optZ/runZn4k2resExtplus/part087/
7 /p/QSOpt/NAEopt/optZ/runZn4k2resExtplus/part087/
8 /p/QSOpt/NAEopt/optZ/runZn4k2resExtplus/part087/
9 /p/QSOpt/NAEopt/optZ/runZn4k2resExtplus/part087/
14 /p/QSOpt/NAEopt/optZ/runZn4k2resExtplus/part087/
