python optAnhark2optZ.py 15 0.44999999999999996 0.48 10 -0.011999999999999997 0.0 /p/QSOpt/NAEopt/optZ/runZn4k2resExtplus/part055/
0 /p/QSOpt/NAEopt/optZ/runZn4k2resExtplus/part055/
1 /p/QSOpt/NAEopt/optZ/runZn4k2resExtplus/part055/
2 /p/QSOpt/NAEopt/optZ/runZn4k2resExtplus/part055/
3 /p/QSOpt/NAEopt/optZ/runZn4k2resExtplus/part055/
4 /p/QSOpt/NAEopt/optZ/runZn4k2resExtplus/part055/
5 /p/QSOpt/NAEopt/optZ/runZn4k2resExtplus/part055/
6 /p/QSOpt/NAEopt/optZ/runZn4k2resExtplus/part055/
7 /p/QSOpt/NAEopt/optZ/runZn4k2resExtplus/part055/
8 /p/QSOpt/NAEopt/optZ/runZn4k2resExtplus/part055/
9 /p/QSOpt/NAEopt/optZ/runZn4k2resExtplus/part055/
0 /p/QSOpt/NAEopt/optZ/runZn4k2resExtplus/part055/
0 /p/QSOpt/NAEopt/optZ/runZn4k2resExtplus/part055/
1 /p/QSOpt/NAEopt/optZ/runZn4k2resExtplus/part055/
2 /p/QSOpt/NAEopt/optZ/runZn4k2resExtplus/part055/
3 /p/QSOpt/NAEopt/optZ/runZn4k2resExtplus/part055/
4 /p/QSOpt/NAEopt/optZ/runZn4k2resExtplus/part055/
5 /p/QSOpt/NAEopt/optZ/runZn4k2resExtplus/part055/
6 /p/QSOpt/NAEopt/optZ/runZn4k2resExtplus/part055/
7 /p/QSOpt/NAEopt/optZ/runZn4k2resExtplus/part055/
8 /p/QSOpt/NAEopt/optZ/runZn4k2resExtplus/part055/
9 /p/QSOpt/NAEopt/optZ/runZn4k2resExtplus/part055/
1 /p/QSOpt/NAEopt/optZ/runZn4k2resExtplus/part055/
0 /p/QSOpt/NAEopt/optZ/runZn4k2resExtplus/part055/
1 /p/QSOpt/NAEopt/optZ/runZn4k2resExtplus/part055/
2 /p/QSOpt/NAEopt/optZ/runZn4k2resExtplus/part055/
3 /p/QSOpt/NAEopt/optZ/runZn4k2resExtplus/part055/
4 /p/QSOpt/NAEopt/optZ/runZn4k2resExtplus/part055/
5 /p/QSOpt/NAEopt/optZ/runZn4k2resExtplus/part055/
6 /p/QSOpt/NAEopt/optZ/runZn4k2resExtplus/part055/
7 /p/QSOpt/NAEopt/optZ/runZn4k2resExtplus/part055/
8 /p/QSOpt/NAEopt/optZ/runZn4k2resExtplus/part055/
9 /p/QSOpt/NAEopt/optZ/runZn4k2resExtplus/part055/
2 /p/QSOpt/NAEopt/optZ/runZn4k2resExtplus/part055/
0 /p/QSOpt/NAEopt/optZ/runZn4k2resExtplus/part055/
1 /p/QSOpt/NAEopt/optZ/runZn4k2resExtplus/part055/
2 /p/QSOpt/NAEopt/optZ/runZn4k2resExtplus/part055/
3 /p/QSOpt/NAEopt/optZ/runZn4k2resExtplus/part055/
4 /p/QSOpt/NAEopt/optZ/runZn4k2resExtplus/part055/
5 /p/QSOpt/NAEopt/optZ/runZn4k2resExtplus/part055/
6 /p/QSOpt/NAEopt/optZ/runZn4k2resExtplus/part055/
7 /p/QSOpt/NAEopt/optZ/runZn4k2resExtplus/part055/
8 /p/QSOpt/NAEopt/optZ/runZn4k2resExtplus/part055/
9 /p/QSOpt/NAEopt/optZ/runZn4k2resExtplus/part055/
3 /p/QSOpt/NAEopt/optZ/runZn4k2resExtplus/part055/
0 /p/QSOpt/NAEopt/optZ/runZn4k2resExtplus/part055/
1 /p/QSOpt/NAEopt/optZ/runZn4k2resExtplus/part055/
2 /p/QSOpt/NAEopt/optZ/runZn4k2resExtplus/part055/
3 /p/QSOpt/NAEopt/optZ/runZn4k2resExtplus/part055/
4 /p/QSOpt/NAEopt/optZ/runZn4k2resExtplus/part055/
5 /p/QSOpt/NAEopt/optZ/runZn4k2resExtplus/part055/
6 /p/QSOpt/NAEopt/optZ/runZn4k2resExtplus/part055/
7 /p/QSOpt/NAEopt/optZ/runZn4k2resExtplus/part055/
8 /p/QSOpt/NAEopt/optZ/runZn4k2resExtplus/part055/
9 /p/QSOpt/NAEopt/optZ/runZn4k2resExtplus/part055/
4 /p/QSOpt/NAEopt/optZ/runZn4k2resExtplus/part055/
0 /p/QSOpt/NAEopt/optZ/runZn4k2resExtplus/part055/
1 /p/QSOpt/NAEopt/optZ/runZn4k2resExtplus/part055/
2 /p/QSOpt/NAEopt/optZ/runZn4k2resExtplus/part055/
3 /p/QSOpt/NAEopt/optZ/runZn4k2resExtplus/part055/
4 /p/QSOpt/NAEopt/optZ/runZn4k2resExtplus/part055/
5 /p/QSOpt/NAEopt/optZ/runZn4k2resExtplus/part055/
6 /p/QSOpt/NAEopt/optZ/runZn4k2resExtplus/part055/
7 /p/QSOpt/NAEopt/optZ/runZn4k2resExtplus/part055/
8 /p/QSOpt/NAEopt/optZ/runZn4k2resExtplus/part055/
9 /p/QSOpt/NAEopt/optZ/runZn4k2resExtplus/part055/
5 /p/QSOpt/NAEopt/optZ/runZn4k2resExtplus/part055/
0 /p/QSOpt/NAEopt/optZ/runZn4k2resExtplus/part055/
1 /p/QSOpt/NAEopt/optZ/runZn4k2resExtplus/part055/
2 /p/QSOpt/NAEopt/optZ/runZn4k2resExtplus/part055/
3 /p/QSOpt/NAEopt/optZ/runZn4k2resExtplus/part055/
4 /p/QSOpt/NAEopt/optZ/runZn4k2resExtplus/part055/
5 /p/QSOpt/NAEopt/optZ/runZn4k2resExtplus/part055/
6 /p/QSOpt/NAEopt/optZ/runZn4k2resExtplus/part055/
7 /p/QSOpt/NAEopt/optZ/runZn4k2resExtplus/part055/
8 /p/QSOpt/NAEopt/optZ/runZn4k2resExtplus/part055/
9 /p/QSOpt/NAEopt/optZ/runZn4k2resExtplus/part055/
6 /p/QSOpt/NAEopt/optZ/runZn4k2resExtplus/part055/
0 /p/QSOpt/NAEopt/optZ/runZn4k2resExtplus/part055/
1 /p/QSOpt/NAEopt/optZ/runZn4k2resExtplus/part055/
2 /p/QSOpt/NAEopt/optZ/runZn4k2resExtplus/part055/
3 /p/QSOpt/NAEopt/optZ/runZn4k2resExtplus/part055/
4 /p/QSOpt/NAEopt/optZ/runZn4k2resExtplus/part055/
5 /p/QSOpt/NAEopt/optZ/runZn4k2resExtplus/part055/
6 /p/QSOpt/NAEopt/optZ/runZn4k2resExtplus/part055/
7 /p/QSOpt/NAEopt/optZ/runZn4k2resExtplus/part055/
8 /p/QSOpt/NAEopt/optZ/runZn4k2resExtplus/part055/
9 /p/QSOpt/NAEopt/optZ/runZn4k2resExtplus/part055/
7 /p/QSOpt/NAEopt/optZ/runZn4k2resExtplus/part055/
0 /p/QSOpt/NAEopt/optZ/runZn4k2resExtplus/part055/
1 /p/QSOpt/NAEopt/optZ/runZn4k2resExtplus/part055/
2 /p/QSOpt/NAEopt/optZ/runZn4k2resExtplus/part055/
3 /p/QSOpt/NAEopt/optZ/runZn4k2resExtplus/part055/
4 /p/QSOpt/NAEopt/optZ/runZn4k2resExtplus/part055/
5 /p/QSOpt/NAEopt/optZ/runZn4k2resExtplus/part055/
6 /p/QSOpt/NAEopt/optZ/runZn4k2resExtplus/part055/
7 /p/QSOpt/NAEopt/optZ/runZn4k2resExtplus/part055/
8 /p/QSOpt/NAEopt/optZ/runZn4k2resExtplus/part055/
9 /p/QSOpt/NAEopt/optZ/runZn4k2resExtplus/part055/
8 /p/QSOpt/NAEopt/optZ/runZn4k2resExtplus/part055/
0 /p/QSOpt/NAEopt/optZ/runZn4k2resExtplus/part055/
1 /p/QSOpt/NAEopt/optZ/runZn4k2resExtplus/part055/
2 /p/QSOpt/NAEopt/optZ/runZn4k2resExtplus/part055/
3 /p/QSOpt/NAEopt/optZ/runZn4k2resExtplus/part055/
4 /p/QSOpt/NAEopt/optZ/runZn4k2resExtplus/part055/
5 /p/QSOpt/NAEopt/optZ/runZn4k2resExtplus/part055/
6 /p/QSOpt/NAEopt/optZ/runZn4k2resExtplus/part055/
7 /p/QSOpt/NAEopt/optZ/runZn4k2resExtplus/part055/
8 /p/QSOpt/NAEopt/optZ/runZn4k2resExtplus/part055/
9 /p/QSOpt/NAEopt/optZ/runZn4k2resExtplus/part055/
9 /p/QSOpt/NAEopt/optZ/runZn4k2resExtplus/part055/
0 /p/QSOpt/NAEopt/optZ/runZn4k2resExtplus/part055/
1 /p/QSOpt/NAEopt/optZ/runZn4k2resExtplus/part055/
2 /p/QSOpt/NAEopt/optZ/runZn4k2resExtplus/part055/
3 /p/QSOpt/NAEopt/optZ/runZn4k2resExtplus/part055/
4 /p/QSOpt/NAEopt/optZ/runZn4k2resExtplus/part055/
5 /p/QSOpt/NAEopt/optZ/runZn4k2resExtplus/part055/
6 /p/QSOpt/NAEopt/optZ/runZn4k2resExtplus/part055/
7 /p/QSOpt/NAEopt/optZ/runZn4k2resExtplus/part055/
8 /p/QSOpt/NAEopt/optZ/runZn4k2resExtplus/part055/
9 /p/QSOpt/NAEopt/optZ/runZn4k2resExtplus/part055/
10 /p/QSOpt/NAEopt/optZ/runZn4k2resExtplus/part055/
0 /p/QSOpt/NAEopt/optZ/runZn4k2resExtplus/part055/
1 /p/QSOpt/NAEopt/optZ/runZn4k2resExtplus/part055/
2 /p/QSOpt/NAEopt/optZ/runZn4k2resExtplus/part055/
3 /p/QSOpt/NAEopt/optZ/runZn4k2resExtplus/part055/
4 /p/QSOpt/NAEopt/optZ/runZn4k2resExtplus/part055/
5 /p/QSOpt/NAEopt/optZ/runZn4k2resExtplus/part055/
6 /p/QSOpt/NAEopt/optZ/runZn4k2resExtplus/part055/
7 /p/QSOpt/NAEopt/optZ/runZn4k2resExtplus/part055/
8 /p/QSOpt/NAEopt/optZ/runZn4k2resExtplus/part055/
9 /p/QSOpt/NAEopt/optZ/runZn4k2resExtplus/part055/
11 /p/QSOpt/NAEopt/optZ/runZn4k2resExtplus/part055/
0 /p/QSOpt/NAEopt/optZ/runZn4k2resExtplus/part055/
1 /p/QSOpt/NAEopt/optZ/runZn4k2resExtplus/part055/
2 /p/QSOpt/NAEopt/optZ/runZn4k2resExtplus/part055/
3 /p/QSOpt/NAEopt/optZ/runZn4k2resExtplus/part055/
4 /p/QSOpt/NAEopt/optZ/runZn4k2resExtplus/part055/
5 /p/QSOpt/NAEopt/optZ/runZn4k2resExtplus/part055/
6 /p/QSOpt/NAEopt/optZ/runZn4k2resExtplus/part055/
7 /p/QSOpt/NAEopt/optZ/runZn4k2resExtplus/part055/
8 /p/QSOpt/NAEopt/optZ/runZn4k2resExtplus/part055/
9 /p/QSOpt/NAEopt/optZ/runZn4k2resExtplus/part055/
12 /p/QSOpt/NAEopt/optZ/runZn4k2resExtplus/part055/
0 /p/QSOpt/NAEopt/optZ/runZn4k2resExtplus/part055/
1 /p/QSOpt/NAEopt/optZ/runZn4k2resExtplus/part055/
2 /p/QSOpt/NAEopt/optZ/runZn4k2resExtplus/part055/
3 /p/QSOpt/NAEopt/optZ/runZn4k2resExtplus/part055/
4 /p/QSOpt/NAEopt/optZ/runZn4k2resExtplus/part055/
5 /p/QSOpt/NAEopt/optZ/runZn4k2resExtplus/part055/
6 /p/QSOpt/NAEopt/optZ/runZn4k2resExtplus/part055/
7 /p/QSOpt/NAEopt/optZ/runZn4k2resExtplus/part055/
8 /p/QSOpt/NAEopt/optZ/runZn4k2resExtplus/part055/
9 /p/QSOpt/NAEopt/optZ/runZn4k2resExtplus/part055/
13 /p/QSOpt/NAEopt/optZ/runZn4k2resExtplus/part055/
0 /p/QSOpt/NAEopt/optZ/runZn4k2resExtplus/part055/
1 /p/QSOpt/NAEopt/optZ/runZn4k2resExtplus/part055/
2 /p/QSOpt/NAEopt/optZ/runZn4k2resExtplus/part055/
3 /p/QSOpt/NAEopt/optZ/runZn4k2resExtplus/part055/
4 /p/QSOpt/NAEopt/optZ/runZn4k2resExtplus/part055/
5 /p/QSOpt/NAEopt/optZ/runZn4k2resExtplus/part055/
6 /p/QSOpt/NAEopt/optZ/runZn4k2resExtplus/part055/
7 /p/QSOpt/NAEopt/optZ/runZn4k2resExtplus/part055/
8 /p/QSOpt/NAEopt/optZ/runZn4k2resExtplus/part055/
9 /p/QSOpt/NAEopt/optZ/runZn4k2resExtplus/part055/
14 /p/QSOpt/NAEopt/optZ/runZn4k2resExtplus/part055/
