python optAnhark2optZ.py 15 0.42 0.44999999999999996 10 0.0 0.01200000000000001 /p/QSOpt/NAEopt/optZ/runZn4k2resExtplus/part046/
0 /p/QSOpt/NAEopt/optZ/runZn4k2resExtplus/part046/
1 /p/QSOpt/NAEopt/optZ/runZn4k2resExtplus/part046/
2 /p/QSOpt/NAEopt/optZ/runZn4k2resExtplus/part046/
3 /p/QSOpt/NAEopt/optZ/runZn4k2resExtplus/part046/
4 /p/QSOpt/NAEopt/optZ/runZn4k2resExtplus/part046/
5 /p/QSOpt/NAEopt/optZ/runZn4k2resExtplus/part046/
6 /p/QSOpt/NAEopt/optZ/runZn4k2resExtplus/part046/
7 /p/QSOpt/NAEopt/optZ/runZn4k2resExtplus/part046/
8 /p/QSOpt/NAEopt/optZ/runZn4k2resExtplus/part046/
9 /p/QSOpt/NAEopt/optZ/runZn4k2resExtplus/part046/
0 /p/QSOpt/NAEopt/optZ/runZn4k2resExtplus/part046/
0 /p/QSOpt/NAEopt/optZ/runZn4k2resExtplus/part046/
1 /p/QSOpt/NAEopt/optZ/runZn4k2resExtplus/part046/
2 /p/QSOpt/NAEopt/optZ/runZn4k2resExtplus/part046/
3 /p/QSOpt/NAEopt/optZ/runZn4k2resExtplus/part046/
4 /p/QSOpt/NAEopt/optZ/runZn4k2resExtplus/part046/
5 /p/QSOpt/NAEopt/optZ/runZn4k2resExtplus/part046/
6 /p/QSOpt/NAEopt/optZ/runZn4k2resExtplus/part046/
7 /p/QSOpt/NAEopt/optZ/runZn4k2resExtplus/part046/
8 /p/QSOpt/NAEopt/optZ/runZn4k2resExtplus/part046/
9 /p/QSOpt/NAEopt/optZ/runZn4k2resExtplus/part046/
1 /p/QSOpt/NAEopt/optZ/runZn4k2resExtplus/part046/
0 /p/QSOpt/NAEopt/optZ/runZn4k2resExtplus/part046/
1 /p/QSOpt/NAEopt/optZ/runZn4k2resExtplus/part046/
2 /p/QSOpt/NAEopt/optZ/runZn4k2resExtplus/part046/
3 /p/QSOpt/NAEopt/optZ/runZn4k2resExtplus/part046/
4 /p/QSOpt/NAEopt/optZ/runZn4k2resExtplus/part046/
5 /p/QSOpt/NAEopt/optZ/runZn4k2resExtplus/part046/
6 /p/QSOpt/NAEopt/optZ/runZn4k2resExtplus/part046/
7 /p/QSOpt/NAEopt/optZ/runZn4k2resExtplus/part046/
8 /p/QSOpt/NAEopt/optZ/runZn4k2resExtplus/part046/
9 /p/QSOpt/NAEopt/optZ/runZn4k2resExtplus/part046/
2 /p/QSOpt/NAEopt/optZ/runZn4k2resExtplus/part046/
0 /p/QSOpt/NAEopt/optZ/runZn4k2resExtplus/part046/
1 /p/QSOpt/NAEopt/optZ/runZn4k2resExtplus/part046/
2 /p/QSOpt/NAEopt/optZ/runZn4k2resExtplus/part046/
3 /p/QSOpt/NAEopt/optZ/runZn4k2resExtplus/part046/
4 /p/QSOpt/NAEopt/optZ/runZn4k2resExtplus/part046/
5 /p/QSOpt/NAEopt/optZ/runZn4k2resExtplus/part046/
6 /p/QSOpt/NAEopt/optZ/runZn4k2resExtplus/part046/
7 /p/QSOpt/NAEopt/optZ/runZn4k2resExtplus/part046/
8 /p/QSOpt/NAEopt/optZ/runZn4k2resExtplus/part046/
9 /p/QSOpt/NAEopt/optZ/runZn4k2resExtplus/part046/
3 /p/QSOpt/NAEopt/optZ/runZn4k2resExtplus/part046/
0 /p/QSOpt/NAEopt/optZ/runZn4k2resExtplus/part046/
1 /p/QSOpt/NAEopt/optZ/runZn4k2resExtplus/part046/
2 /p/QSOpt/NAEopt/optZ/runZn4k2resExtplus/part046/
3 /p/QSOpt/NAEopt/optZ/runZn4k2resExtplus/part046/
4 /p/QSOpt/NAEopt/optZ/runZn4k2resExtplus/part046/
5 /p/QSOpt/NAEopt/optZ/runZn4k2resExtplus/part046/
6 /p/QSOpt/NAEopt/optZ/runZn4k2resExtplus/part046/
7 /p/QSOpt/NAEopt/optZ/runZn4k2resExtplus/part046/
8 /p/QSOpt/NAEopt/optZ/runZn4k2resExtplus/part046/
9 /p/QSOpt/NAEopt/optZ/runZn4k2resExtplus/part046/
4 /p/QSOpt/NAEopt/optZ/runZn4k2resExtplus/part046/
0 /p/QSOpt/NAEopt/optZ/runZn4k2resExtplus/part046/
1 /p/QSOpt/NAEopt/optZ/runZn4k2resExtplus/part046/
2 /p/QSOpt/NAEopt/optZ/runZn4k2resExtplus/part046/
3 /p/QSOpt/NAEopt/optZ/runZn4k2resExtplus/part046/
4 /p/QSOpt/NAEopt/optZ/runZn4k2resExtplus/part046/
5 /p/QSOpt/NAEopt/optZ/runZn4k2resExtplus/part046/
6 /p/QSOpt/NAEopt/optZ/runZn4k2resExtplus/part046/
7 /p/QSOpt/NAEopt/optZ/runZn4k2resExtplus/part046/
8 /p/QSOpt/NAEopt/optZ/runZn4k2resExtplus/part046/
9 /p/QSOpt/NAEopt/optZ/runZn4k2resExtplus/part046/
5 /p/QSOpt/NAEopt/optZ/runZn4k2resExtplus/part046/
0 /p/QSOpt/NAEopt/optZ/runZn4k2resExtplus/part046/
1 /p/QSOpt/NAEopt/optZ/runZn4k2resExtplus/part046/
2 /p/QSOpt/NAEopt/optZ/runZn4k2resExtplus/part046/
3 /p/QSOpt/NAEopt/optZ/runZn4k2resExtplus/part046/
4 /p/QSOpt/NAEopt/optZ/runZn4k2resExtplus/part046/
5 /p/QSOpt/NAEopt/optZ/runZn4k2resExtplus/part046/
6 /p/QSOpt/NAEopt/optZ/runZn4k2resExtplus/part046/
7 /p/QSOpt/NAEopt/optZ/runZn4k2resExtplus/part046/
8 /p/QSOpt/NAEopt/optZ/runZn4k2resExtplus/part046/
9 /p/QSOpt/NAEopt/optZ/runZn4k2resExtplus/part046/
6 /p/QSOpt/NAEopt/optZ/runZn4k2resExtplus/part046/
0 /p/QSOpt/NAEopt/optZ/runZn4k2resExtplus/part046/
1 /p/QSOpt/NAEopt/optZ/runZn4k2resExtplus/part046/
2 /p/QSOpt/NAEopt/optZ/runZn4k2resExtplus/part046/
3 /p/QSOpt/NAEopt/optZ/runZn4k2resExtplus/part046/
4 /p/QSOpt/NAEopt/optZ/runZn4k2resExtplus/part046/
5 /p/QSOpt/NAEopt/optZ/runZn4k2resExtplus/part046/
6 /p/QSOpt/NAEopt/optZ/runZn4k2resExtplus/part046/
7 /p/QSOpt/NAEopt/optZ/runZn4k2resExtplus/part046/
8 /p/QSOpt/NAEopt/optZ/runZn4k2resExtplus/part046/
9 /p/QSOpt/NAEopt/optZ/runZn4k2resExtplus/part046/
7 /p/QSOpt/NAEopt/optZ/runZn4k2resExtplus/part046/
0 /p/QSOpt/NAEopt/optZ/runZn4k2resExtplus/part046/
1 /p/QSOpt/NAEopt/optZ/runZn4k2resExtplus/part046/
2 /p/QSOpt/NAEopt/optZ/runZn4k2resExtplus/part046/
3 /p/QSOpt/NAEopt/optZ/runZn4k2resExtplus/part046/
4 /p/QSOpt/NAEopt/optZ/runZn4k2resExtplus/part046/
5 /p/QSOpt/NAEopt/optZ/runZn4k2resExtplus/part046/
6 /p/QSOpt/NAEopt/optZ/runZn4k2resExtplus/part046/
7 /p/QSOpt/NAEopt/optZ/runZn4k2resExtplus/part046/
8 /p/QSOpt/NAEopt/optZ/runZn4k2resExtplus/part046/
9 /p/QSOpt/NAEopt/optZ/runZn4k2resExtplus/part046/
8 /p/QSOpt/NAEopt/optZ/runZn4k2resExtplus/part046/
0 /p/QSOpt/NAEopt/optZ/runZn4k2resExtplus/part046/
1 /p/QSOpt/NAEopt/optZ/runZn4k2resExtplus/part046/
2 /p/QSOpt/NAEopt/optZ/runZn4k2resExtplus/part046/
3 /p/QSOpt/NAEopt/optZ/runZn4k2resExtplus/part046/
4 /p/QSOpt/NAEopt/optZ/runZn4k2resExtplus/part046/
5 /p/QSOpt/NAEopt/optZ/runZn4k2resExtplus/part046/
6 /p/QSOpt/NAEopt/optZ/runZn4k2resExtplus/part046/
7 /p/QSOpt/NAEopt/optZ/runZn4k2resExtplus/part046/
8 /p/QSOpt/NAEopt/optZ/runZn4k2resExtplus/part046/
9 /p/QSOpt/NAEopt/optZ/runZn4k2resExtplus/part046/
9 /p/QSOpt/NAEopt/optZ/runZn4k2resExtplus/part046/
0 /p/QSOpt/NAEopt/optZ/runZn4k2resExtplus/part046/
1 /p/QSOpt/NAEopt/optZ/runZn4k2resExtplus/part046/
2 /p/QSOpt/NAEopt/optZ/runZn4k2resExtplus/part046/
3 /p/QSOpt/NAEopt/optZ/runZn4k2resExtplus/part046/
4 /p/QSOpt/NAEopt/optZ/runZn4k2resExtplus/part046/
5 /p/QSOpt/NAEopt/optZ/runZn4k2resExtplus/part046/
6 /p/QSOpt/NAEopt/optZ/runZn4k2resExtplus/part046/
7 /p/QSOpt/NAEopt/optZ/runZn4k2resExtplus/part046/
8 /p/QSOpt/NAEopt/optZ/runZn4k2resExtplus/part046/
9 /p/QSOpt/NAEopt/optZ/runZn4k2resExtplus/part046/
10 /p/QSOpt/NAEopt/optZ/runZn4k2resExtplus/part046/
0 /p/QSOpt/NAEopt/optZ/runZn4k2resExtplus/part046/
1 /p/QSOpt/NAEopt/optZ/runZn4k2resExtplus/part046/
2 /p/QSOpt/NAEopt/optZ/runZn4k2resExtplus/part046/
3 /p/QSOpt/NAEopt/optZ/runZn4k2resExtplus/part046/
4 /p/QSOpt/NAEopt/optZ/runZn4k2resExtplus/part046/
5 /p/QSOpt/NAEopt/optZ/runZn4k2resExtplus/part046/
6 /p/QSOpt/NAEopt/optZ/runZn4k2resExtplus/part046/
7 /p/QSOpt/NAEopt/optZ/runZn4k2resExtplus/part046/
8 /p/QSOpt/NAEopt/optZ/runZn4k2resExtplus/part046/
9 /p/QSOpt/NAEopt/optZ/runZn4k2resExtplus/part046/
11 /p/QSOpt/NAEopt/optZ/runZn4k2resExtplus/part046/
0 /p/QSOpt/NAEopt/optZ/runZn4k2resExtplus/part046/
1 /p/QSOpt/NAEopt/optZ/runZn4k2resExtplus/part046/
2 /p/QSOpt/NAEopt/optZ/runZn4k2resExtplus/part046/
3 /p/QSOpt/NAEopt/optZ/runZn4k2resExtplus/part046/
4 /p/QSOpt/NAEopt/optZ/runZn4k2resExtplus/part046/
5 /p/QSOpt/NAEopt/optZ/runZn4k2resExtplus/part046/
6 /p/QSOpt/NAEopt/optZ/runZn4k2resExtplus/part046/
7 /p/QSOpt/NAEopt/optZ/runZn4k2resExtplus/part046/
8 /p/QSOpt/NAEopt/optZ/runZn4k2resExtplus/part046/
9 /p/QSOpt/NAEopt/optZ/runZn4k2resExtplus/part046/
12 /p/QSOpt/NAEopt/optZ/runZn4k2resExtplus/part046/
0 /p/QSOpt/NAEopt/optZ/runZn4k2resExtplus/part046/
1 /p/QSOpt/NAEopt/optZ/runZn4k2resExtplus/part046/
2 /p/QSOpt/NAEopt/optZ/runZn4k2resExtplus/part046/
3 /p/QSOpt/NAEopt/optZ/runZn4k2resExtplus/part046/
4 /p/QSOpt/NAEopt/optZ/runZn4k2resExtplus/part046/
5 /p/QSOpt/NAEopt/optZ/runZn4k2resExtplus/part046/
6 /p/QSOpt/NAEopt/optZ/runZn4k2resExtplus/part046/
7 /p/QSOpt/NAEopt/optZ/runZn4k2resExtplus/part046/
8 /p/QSOpt/NAEopt/optZ/runZn4k2resExtplus/part046/
9 /p/QSOpt/NAEopt/optZ/runZn4k2resExtplus/part046/
13 /p/QSOpt/NAEopt/optZ/runZn4k2resExtplus/part046/
0 /p/QSOpt/NAEopt/optZ/runZn4k2resExtplus/part046/
1 /p/QSOpt/NAEopt/optZ/runZn4k2resExtplus/part046/
2 /p/QSOpt/NAEopt/optZ/runZn4k2resExtplus/part046/
3 /p/QSOpt/NAEopt/optZ/runZn4k2resExtplus/part046/
4 /p/QSOpt/NAEopt/optZ/runZn4k2resExtplus/part046/
5 /p/QSOpt/NAEopt/optZ/runZn4k2resExtplus/part046/
6 /p/QSOpt/NAEopt/optZ/runZn4k2resExtplus/part046/
7 /p/QSOpt/NAEopt/optZ/runZn4k2resExtplus/part046/
8 /p/QSOpt/NAEopt/optZ/runZn4k2resExtplus/part046/
9 /p/QSOpt/NAEopt/optZ/runZn4k2resExtplus/part046/
14 /p/QSOpt/NAEopt/optZ/runZn4k2resExtplus/part046/
