python optAnhark2optZ.py 15 0.44999999999999996 0.48 10 0.01200000000000001 0.024000000000000007 /p/QSOpt/NAEopt/optZ/runZn4k2resExtplus/part057/
0 /p/QSOpt/NAEopt/optZ/runZn4k2resExtplus/part057/
1 /p/QSOpt/NAEopt/optZ/runZn4k2resExtplus/part057/
2 /p/QSOpt/NAEopt/optZ/runZn4k2resExtplus/part057/
3 /p/QSOpt/NAEopt/optZ/runZn4k2resExtplus/part057/
4 /p/QSOpt/NAEopt/optZ/runZn4k2resExtplus/part057/
5 /p/QSOpt/NAEopt/optZ/runZn4k2resExtplus/part057/
6 /p/QSOpt/NAEopt/optZ/runZn4k2resExtplus/part057/
7 /p/QSOpt/NAEopt/optZ/runZn4k2resExtplus/part057/
8 /p/QSOpt/NAEopt/optZ/runZn4k2resExtplus/part057/
9 /p/QSOpt/NAEopt/optZ/runZn4k2resExtplus/part057/
0 /p/QSOpt/NAEopt/optZ/runZn4k2resExtplus/part057/
0 /p/QSOpt/NAEopt/optZ/runZn4k2resExtplus/part057/
1 /p/QSOpt/NAEopt/optZ/runZn4k2resExtplus/part057/
2 /p/QSOpt/NAEopt/optZ/runZn4k2resExtplus/part057/
3 /p/QSOpt/NAEopt/optZ/runZn4k2resExtplus/part057/
4 /p/QSOpt/NAEopt/optZ/runZn4k2resExtplus/part057/
5 /p/QSOpt/NAEopt/optZ/runZn4k2resExtplus/part057/
6 /p/QSOpt/NAEopt/optZ/runZn4k2resExtplus/part057/
7 /p/QSOpt/NAEopt/optZ/runZn4k2resExtplus/part057/
8 /p/QSOpt/NAEopt/optZ/runZn4k2resExtplus/part057/
9 /p/QSOpt/NAEopt/optZ/runZn4k2resExtplus/part057/
1 /p/QSOpt/NAEopt/optZ/runZn4k2resExtplus/part057/
0 /p/QSOpt/NAEopt/optZ/runZn4k2resExtplus/part057/
1 /p/QSOpt/NAEopt/optZ/runZn4k2resExtplus/part057/
2 /p/QSOpt/NAEopt/optZ/runZn4k2resExtplus/part057/
3 /p/QSOpt/NAEopt/optZ/runZn4k2resExtplus/part057/
4 /p/QSOpt/NAEopt/optZ/runZn4k2resExtplus/part057/
5 /p/QSOpt/NAEopt/optZ/runZn4k2resExtplus/part057/
6 /p/QSOpt/NAEopt/optZ/runZn4k2resExtplus/part057/
7 /p/QSOpt/NAEopt/optZ/runZn4k2resExtplus/part057/
8 /p/QSOpt/NAEopt/optZ/runZn4k2resExtplus/part057/
9 /p/QSOpt/NAEopt/optZ/runZn4k2resExtplus/part057/
2 /p/QSOpt/NAEopt/optZ/runZn4k2resExtplus/part057/
0 /p/QSOpt/NAEopt/optZ/runZn4k2resExtplus/part057/
1 /p/QSOpt/NAEopt/optZ/runZn4k2resExtplus/part057/
2 /p/QSOpt/NAEopt/optZ/runZn4k2resExtplus/part057/
3 /p/QSOpt/NAEopt/optZ/runZn4k2resExtplus/part057/
4 /p/QSOpt/NAEopt/optZ/runZn4k2resExtplus/part057/
5 /p/QSOpt/NAEopt/optZ/runZn4k2resExtplus/part057/
6 /p/QSOpt/NAEopt/optZ/runZn4k2resExtplus/part057/
7 /p/QSOpt/NAEopt/optZ/runZn4k2resExtplus/part057/
8 /p/QSOpt/NAEopt/optZ/runZn4k2resExtplus/part057/
9 /p/QSOpt/NAEopt/optZ/runZn4k2resExtplus/part057/
3 /p/QSOpt/NAEopt/optZ/runZn4k2resExtplus/part057/
0 /p/QSOpt/NAEopt/optZ/runZn4k2resExtplus/part057/
1 /p/QSOpt/NAEopt/optZ/runZn4k2resExtplus/part057/
2 /p/QSOpt/NAEopt/optZ/runZn4k2resExtplus/part057/
3 /p/QSOpt/NAEopt/optZ/runZn4k2resExtplus/part057/
4 /p/QSOpt/NAEopt/optZ/runZn4k2resExtplus/part057/
5 /p/QSOpt/NAEopt/optZ/runZn4k2resExtplus/part057/
6 /p/QSOpt/NAEopt/optZ/runZn4k2resExtplus/part057/
7 /p/QSOpt/NAEopt/optZ/runZn4k2resExtplus/part057/
8 /p/QSOpt/NAEopt/optZ/runZn4k2resExtplus/part057/
9 /p/QSOpt/NAEopt/optZ/runZn4k2resExtplus/part057/
4 /p/QSOpt/NAEopt/optZ/runZn4k2resExtplus/part057/
0 /p/QSOpt/NAEopt/optZ/runZn4k2resExtplus/part057/
1 /p/QSOpt/NAEopt/optZ/runZn4k2resExtplus/part057/
2 /p/QSOpt/NAEopt/optZ/runZn4k2resExtplus/part057/
3 /p/QSOpt/NAEopt/optZ/runZn4k2resExtplus/part057/
4 /p/QSOpt/NAEopt/optZ/runZn4k2resExtplus/part057/
5 /p/QSOpt/NAEopt/optZ/runZn4k2resExtplus/part057/
6 /p/QSOpt/NAEopt/optZ/runZn4k2resExtplus/part057/
7 /p/QSOpt/NAEopt/optZ/runZn4k2resExtplus/part057/
8 /p/QSOpt/NAEopt/optZ/runZn4k2resExtplus/part057/
9 /p/QSOpt/NAEopt/optZ/runZn4k2resExtplus/part057/
5 /p/QSOpt/NAEopt/optZ/runZn4k2resExtplus/part057/
0 /p/QSOpt/NAEopt/optZ/runZn4k2resExtplus/part057/
1 /p/QSOpt/NAEopt/optZ/runZn4k2resExtplus/part057/
2 /p/QSOpt/NAEopt/optZ/runZn4k2resExtplus/part057/
3 /p/QSOpt/NAEopt/optZ/runZn4k2resExtplus/part057/
4 /p/QSOpt/NAEopt/optZ/runZn4k2resExtplus/part057/
5 /p/QSOpt/NAEopt/optZ/runZn4k2resExtplus/part057/
6 /p/QSOpt/NAEopt/optZ/runZn4k2resExtplus/part057/
7 /p/QSOpt/NAEopt/optZ/runZn4k2resExtplus/part057/
8 /p/QSOpt/NAEopt/optZ/runZn4k2resExtplus/part057/
9 /p/QSOpt/NAEopt/optZ/runZn4k2resExtplus/part057/
6 /p/QSOpt/NAEopt/optZ/runZn4k2resExtplus/part057/
0 /p/QSOpt/NAEopt/optZ/runZn4k2resExtplus/part057/
1 /p/QSOpt/NAEopt/optZ/runZn4k2resExtplus/part057/
2 /p/QSOpt/NAEopt/optZ/runZn4k2resExtplus/part057/
3 /p/QSOpt/NAEopt/optZ/runZn4k2resExtplus/part057/
4 /p/QSOpt/NAEopt/optZ/runZn4k2resExtplus/part057/
5 /p/QSOpt/NAEopt/optZ/runZn4k2resExtplus/part057/
6 /p/QSOpt/NAEopt/optZ/runZn4k2resExtplus/part057/
7 /p/QSOpt/NAEopt/optZ/runZn4k2resExtplus/part057/
8 /p/QSOpt/NAEopt/optZ/runZn4k2resExtplus/part057/
9 /p/QSOpt/NAEopt/optZ/runZn4k2resExtplus/part057/
7 /p/QSOpt/NAEopt/optZ/runZn4k2resExtplus/part057/
0 /p/QSOpt/NAEopt/optZ/runZn4k2resExtplus/part057/
1 /p/QSOpt/NAEopt/optZ/runZn4k2resExtplus/part057/
2 /p/QSOpt/NAEopt/optZ/runZn4k2resExtplus/part057/
3 /p/QSOpt/NAEopt/optZ/runZn4k2resExtplus/part057/
4 /p/QSOpt/NAEopt/optZ/runZn4k2resExtplus/part057/
5 /p/QSOpt/NAEopt/optZ/runZn4k2resExtplus/part057/
6 /p/QSOpt/NAEopt/optZ/runZn4k2resExtplus/part057/
7 /p/QSOpt/NAEopt/optZ/runZn4k2resExtplus/part057/
8 /p/QSOpt/NAEopt/optZ/runZn4k2resExtplus/part057/
9 /p/QSOpt/NAEopt/optZ/runZn4k2resExtplus/part057/
8 /p/QSOpt/NAEopt/optZ/runZn4k2resExtplus/part057/
0 /p/QSOpt/NAEopt/optZ/runZn4k2resExtplus/part057/
1 /p/QSOpt/NAEopt/optZ/runZn4k2resExtplus/part057/
2 /p/QSOpt/NAEopt/optZ/runZn4k2resExtplus/part057/
3 /p/QSOpt/NAEopt/optZ/runZn4k2resExtplus/part057/
4 /p/QSOpt/NAEopt/optZ/runZn4k2resExtplus/part057/
5 /p/QSOpt/NAEopt/optZ/runZn4k2resExtplus/part057/
6 /p/QSOpt/NAEopt/optZ/runZn4k2resExtplus/part057/
7 /p/QSOpt/NAEopt/optZ/runZn4k2resExtplus/part057/
8 /p/QSOpt/NAEopt/optZ/runZn4k2resExtplus/part057/
9 /p/QSOpt/NAEopt/optZ/runZn4k2resExtplus/part057/
9 /p/QSOpt/NAEopt/optZ/runZn4k2resExtplus/part057/
0 /p/QSOpt/NAEopt/optZ/runZn4k2resExtplus/part057/
1 /p/QSOpt/NAEopt/optZ/runZn4k2resExtplus/part057/
2 /p/QSOpt/NAEopt/optZ/runZn4k2resExtplus/part057/
3 /p/QSOpt/NAEopt/optZ/runZn4k2resExtplus/part057/
4 /p/QSOpt/NAEopt/optZ/runZn4k2resExtplus/part057/
5 /p/QSOpt/NAEopt/optZ/runZn4k2resExtplus/part057/
6 /p/QSOpt/NAEopt/optZ/runZn4k2resExtplus/part057/
7 /p/QSOpt/NAEopt/optZ/runZn4k2resExtplus/part057/
8 /p/QSOpt/NAEopt/optZ/runZn4k2resExtplus/part057/
9 /p/QSOpt/NAEopt/optZ/runZn4k2resExtplus/part057/
10 /p/QSOpt/NAEopt/optZ/runZn4k2resExtplus/part057/
0 /p/QSOpt/NAEopt/optZ/runZn4k2resExtplus/part057/
1 /p/QSOpt/NAEopt/optZ/runZn4k2resExtplus/part057/
2 /p/QSOpt/NAEopt/optZ/runZn4k2resExtplus/part057/
3 /p/QSOpt/NAEopt/optZ/runZn4k2resExtplus/part057/
4 /p/QSOpt/NAEopt/optZ/runZn4k2resExtplus/part057/
5 /p/QSOpt/NAEopt/optZ/runZn4k2resExtplus/part057/
6 /p/QSOpt/NAEopt/optZ/runZn4k2resExtplus/part057/
7 /p/QSOpt/NAEopt/optZ/runZn4k2resExtplus/part057/
8 /p/QSOpt/NAEopt/optZ/runZn4k2resExtplus/part057/
9 /p/QSOpt/NAEopt/optZ/runZn4k2resExtplus/part057/
11 /p/QSOpt/NAEopt/optZ/runZn4k2resExtplus/part057/
0 /p/QSOpt/NAEopt/optZ/runZn4k2resExtplus/part057/
1 /p/QSOpt/NAEopt/optZ/runZn4k2resExtplus/part057/
2 /p/QSOpt/NAEopt/optZ/runZn4k2resExtplus/part057/
3 /p/QSOpt/NAEopt/optZ/runZn4k2resExtplus/part057/
4 /p/QSOpt/NAEopt/optZ/runZn4k2resExtplus/part057/
5 /p/QSOpt/NAEopt/optZ/runZn4k2resExtplus/part057/
6 /p/QSOpt/NAEopt/optZ/runZn4k2resExtplus/part057/
7 /p/QSOpt/NAEopt/optZ/runZn4k2resExtplus/part057/
8 /p/QSOpt/NAEopt/optZ/runZn4k2resExtplus/part057/
9 /p/QSOpt/NAEopt/optZ/runZn4k2resExtplus/part057/
12 /p/QSOpt/NAEopt/optZ/runZn4k2resExtplus/part057/
0 /p/QSOpt/NAEopt/optZ/runZn4k2resExtplus/part057/
1 /p/QSOpt/NAEopt/optZ/runZn4k2resExtplus/part057/
2 /p/QSOpt/NAEopt/optZ/runZn4k2resExtplus/part057/
3 /p/QSOpt/NAEopt/optZ/runZn4k2resExtplus/part057/
4 /p/QSOpt/NAEopt/optZ/runZn4k2resExtplus/part057/
5 /p/QSOpt/NAEopt/optZ/runZn4k2resExtplus/part057/
6 /p/QSOpt/NAEopt/optZ/runZn4k2resExtplus/part057/
7 /p/QSOpt/NAEopt/optZ/runZn4k2resExtplus/part057/
8 /p/QSOpt/NAEopt/optZ/runZn4k2resExtplus/part057/
9 /p/QSOpt/NAEopt/optZ/runZn4k2resExtplus/part057/
13 /p/QSOpt/NAEopt/optZ/runZn4k2resExtplus/part057/
0 /p/QSOpt/NAEopt/optZ/runZn4k2resExtplus/part057/
1 /p/QSOpt/NAEopt/optZ/runZn4k2resExtplus/part057/
2 /p/QSOpt/NAEopt/optZ/runZn4k2resExtplus/part057/
3 /p/QSOpt/NAEopt/optZ/runZn4k2resExtplus/part057/
4 /p/QSOpt/NAEopt/optZ/runZn4k2resExtplus/part057/
5 /p/QSOpt/NAEopt/optZ/runZn4k2resExtplus/part057/
6 /p/QSOpt/NAEopt/optZ/runZn4k2resExtplus/part057/
7 /p/QSOpt/NAEopt/optZ/runZn4k2resExtplus/part057/
8 /p/QSOpt/NAEopt/optZ/runZn4k2resExtplus/part057/
9 /p/QSOpt/NAEopt/optZ/runZn4k2resExtplus/part057/
14 /p/QSOpt/NAEopt/optZ/runZn4k2resExtplus/part057/
