python optAnhark2optZ.py 15 0.42 0.44999999999999996 10 0.036000000000000004 0.048 /p/QSOpt/NAEopt/optZ/runZn4k2resExtplus/part049/
0 /p/QSOpt/NAEopt/optZ/runZn4k2resExtplus/part049/
1 /p/QSOpt/NAEopt/optZ/runZn4k2resExtplus/part049/
2 /p/QSOpt/NAEopt/optZ/runZn4k2resExtplus/part049/
3 /p/QSOpt/NAEopt/optZ/runZn4k2resExtplus/part049/
4 /p/QSOpt/NAEopt/optZ/runZn4k2resExtplus/part049/
5 /p/QSOpt/NAEopt/optZ/runZn4k2resExtplus/part049/
6 /p/QSOpt/NAEopt/optZ/runZn4k2resExtplus/part049/
7 /p/QSOpt/NAEopt/optZ/runZn4k2resExtplus/part049/
8 /p/QSOpt/NAEopt/optZ/runZn4k2resExtplus/part049/
9 /p/QSOpt/NAEopt/optZ/runZn4k2resExtplus/part049/
0 /p/QSOpt/NAEopt/optZ/runZn4k2resExtplus/part049/
0 /p/QSOpt/NAEopt/optZ/runZn4k2resExtplus/part049/
1 /p/QSOpt/NAEopt/optZ/runZn4k2resExtplus/part049/
2 /p/QSOpt/NAEopt/optZ/runZn4k2resExtplus/part049/
3 /p/QSOpt/NAEopt/optZ/runZn4k2resExtplus/part049/
4 /p/QSOpt/NAEopt/optZ/runZn4k2resExtplus/part049/
5 /p/QSOpt/NAEopt/optZ/runZn4k2resExtplus/part049/
6 /p/QSOpt/NAEopt/optZ/runZn4k2resExtplus/part049/
7 /p/QSOpt/NAEopt/optZ/runZn4k2resExtplus/part049/
8 /p/QSOpt/NAEopt/optZ/runZn4k2resExtplus/part049/
9 /p/QSOpt/NAEopt/optZ/runZn4k2resExtplus/part049/
1 /p/QSOpt/NAEopt/optZ/runZn4k2resExtplus/part049/
0 /p/QSOpt/NAEopt/optZ/runZn4k2resExtplus/part049/
1 /p/QSOpt/NAEopt/optZ/runZn4k2resExtplus/part049/
2 /p/QSOpt/NAEopt/optZ/runZn4k2resExtplus/part049/
3 /p/QSOpt/NAEopt/optZ/runZn4k2resExtplus/part049/
4 /p/QSOpt/NAEopt/optZ/runZn4k2resExtplus/part049/
5 /p/QSOpt/NAEopt/optZ/runZn4k2resExtplus/part049/
6 /p/QSOpt/NAEopt/optZ/runZn4k2resExtplus/part049/
7 /p/QSOpt/NAEopt/optZ/runZn4k2resExtplus/part049/
8 /p/QSOpt/NAEopt/optZ/runZn4k2resExtplus/part049/
9 /p/QSOpt/NAEopt/optZ/runZn4k2resExtplus/part049/
2 /p/QSOpt/NAEopt/optZ/runZn4k2resExtplus/part049/
0 /p/QSOpt/NAEopt/optZ/runZn4k2resExtplus/part049/
1 /p/QSOpt/NAEopt/optZ/runZn4k2resExtplus/part049/
2 /p/QSOpt/NAEopt/optZ/runZn4k2resExtplus/part049/
3 /p/QSOpt/NAEopt/optZ/runZn4k2resExtplus/part049/
4 /p/QSOpt/NAEopt/optZ/runZn4k2resExtplus/part049/
5 /p/QSOpt/NAEopt/optZ/runZn4k2resExtplus/part049/
6 /p/QSOpt/NAEopt/optZ/runZn4k2resExtplus/part049/
7 /p/QSOpt/NAEopt/optZ/runZn4k2resExtplus/part049/
8 /p/QSOpt/NAEopt/optZ/runZn4k2resExtplus/part049/
9 /p/QSOpt/NAEopt/optZ/runZn4k2resExtplus/part049/
3 /p/QSOpt/NAEopt/optZ/runZn4k2resExtplus/part049/
0 /p/QSOpt/NAEopt/optZ/runZn4k2resExtplus/part049/
1 /p/QSOpt/NAEopt/optZ/runZn4k2resExtplus/part049/
2 /p/QSOpt/NAEopt/optZ/runZn4k2resExtplus/part049/
3 /p/QSOpt/NAEopt/optZ/runZn4k2resExtplus/part049/
4 /p/QSOpt/NAEopt/optZ/runZn4k2resExtplus/part049/
5 /p/QSOpt/NAEopt/optZ/runZn4k2resExtplus/part049/
6 /p/QSOpt/NAEopt/optZ/runZn4k2resExtplus/part049/
7 /p/QSOpt/NAEopt/optZ/runZn4k2resExtplus/part049/
8 /p/QSOpt/NAEopt/optZ/runZn4k2resExtplus/part049/
9 /p/QSOpt/NAEopt/optZ/runZn4k2resExtplus/part049/
4 /p/QSOpt/NAEopt/optZ/runZn4k2resExtplus/part049/
0 /p/QSOpt/NAEopt/optZ/runZn4k2resExtplus/part049/
1 /p/QSOpt/NAEopt/optZ/runZn4k2resExtplus/part049/
2 /p/QSOpt/NAEopt/optZ/runZn4k2resExtplus/part049/
3 /p/QSOpt/NAEopt/optZ/runZn4k2resExtplus/part049/
4 /p/QSOpt/NAEopt/optZ/runZn4k2resExtplus/part049/
5 /p/QSOpt/NAEopt/optZ/runZn4k2resExtplus/part049/
6 /p/QSOpt/NAEopt/optZ/runZn4k2resExtplus/part049/
7 /p/QSOpt/NAEopt/optZ/runZn4k2resExtplus/part049/
8 /p/QSOpt/NAEopt/optZ/runZn4k2resExtplus/part049/
9 /p/QSOpt/NAEopt/optZ/runZn4k2resExtplus/part049/
5 /p/QSOpt/NAEopt/optZ/runZn4k2resExtplus/part049/
0 /p/QSOpt/NAEopt/optZ/runZn4k2resExtplus/part049/
1 /p/QSOpt/NAEopt/optZ/runZn4k2resExtplus/part049/
2 /p/QSOpt/NAEopt/optZ/runZn4k2resExtplus/part049/
3 /p/QSOpt/NAEopt/optZ/runZn4k2resExtplus/part049/
4 /p/QSOpt/NAEopt/optZ/runZn4k2resExtplus/part049/
5 /p/QSOpt/NAEopt/optZ/runZn4k2resExtplus/part049/
6 /p/QSOpt/NAEopt/optZ/runZn4k2resExtplus/part049/
7 /p/QSOpt/NAEopt/optZ/runZn4k2resExtplus/part049/
8 /p/QSOpt/NAEopt/optZ/runZn4k2resExtplus/part049/
9 /p/QSOpt/NAEopt/optZ/runZn4k2resExtplus/part049/
6 /p/QSOpt/NAEopt/optZ/runZn4k2resExtplus/part049/
0 /p/QSOpt/NAEopt/optZ/runZn4k2resExtplus/part049/
1 /p/QSOpt/NAEopt/optZ/runZn4k2resExtplus/part049/
2 /p/QSOpt/NAEopt/optZ/runZn4k2resExtplus/part049/
3 /p/QSOpt/NAEopt/optZ/runZn4k2resExtplus/part049/
4 /p/QSOpt/NAEopt/optZ/runZn4k2resExtplus/part049/
5 /p/QSOpt/NAEopt/optZ/runZn4k2resExtplus/part049/
6 /p/QSOpt/NAEopt/optZ/runZn4k2resExtplus/part049/
7 /p/QSOpt/NAEopt/optZ/runZn4k2resExtplus/part049/
8 /p/QSOpt/NAEopt/optZ/runZn4k2resExtplus/part049/
9 /p/QSOpt/NAEopt/optZ/runZn4k2resExtplus/part049/
7 /p/QSOpt/NAEopt/optZ/runZn4k2resExtplus/part049/
0 /p/QSOpt/NAEopt/optZ/runZn4k2resExtplus/part049/
1 /p/QSOpt/NAEopt/optZ/runZn4k2resExtplus/part049/
2 /p/QSOpt/NAEopt/optZ/runZn4k2resExtplus/part049/
3 /p/QSOpt/NAEopt/optZ/runZn4k2resExtplus/part049/
4 /p/QSOpt/NAEopt/optZ/runZn4k2resExtplus/part049/
5 /p/QSOpt/NAEopt/optZ/runZn4k2resExtplus/part049/
6 /p/QSOpt/NAEopt/optZ/runZn4k2resExtplus/part049/
7 /p/QSOpt/NAEopt/optZ/runZn4k2resExtplus/part049/
8 /p/QSOpt/NAEopt/optZ/runZn4k2resExtplus/part049/
9 /p/QSOpt/NAEopt/optZ/runZn4k2resExtplus/part049/
8 /p/QSOpt/NAEopt/optZ/runZn4k2resExtplus/part049/
0 /p/QSOpt/NAEopt/optZ/runZn4k2resExtplus/part049/
1 /p/QSOpt/NAEopt/optZ/runZn4k2resExtplus/part049/
2 /p/QSOpt/NAEopt/optZ/runZn4k2resExtplus/part049/
3 /p/QSOpt/NAEopt/optZ/runZn4k2resExtplus/part049/
4 /p/QSOpt/NAEopt/optZ/runZn4k2resExtplus/part049/
5 /p/QSOpt/NAEopt/optZ/runZn4k2resExtplus/part049/
6 /p/QSOpt/NAEopt/optZ/runZn4k2resExtplus/part049/
7 /p/QSOpt/NAEopt/optZ/runZn4k2resExtplus/part049/
8 /p/QSOpt/NAEopt/optZ/runZn4k2resExtplus/part049/
9 /p/QSOpt/NAEopt/optZ/runZn4k2resExtplus/part049/
9 /p/QSOpt/NAEopt/optZ/runZn4k2resExtplus/part049/
0 /p/QSOpt/NAEopt/optZ/runZn4k2resExtplus/part049/
1 /p/QSOpt/NAEopt/optZ/runZn4k2resExtplus/part049/
2 /p/QSOpt/NAEopt/optZ/runZn4k2resExtplus/part049/
3 /p/QSOpt/NAEopt/optZ/runZn4k2resExtplus/part049/
4 /p/QSOpt/NAEopt/optZ/runZn4k2resExtplus/part049/
5 /p/QSOpt/NAEopt/optZ/runZn4k2resExtplus/part049/
6 /p/QSOpt/NAEopt/optZ/runZn4k2resExtplus/part049/
7 /p/QSOpt/NAEopt/optZ/runZn4k2resExtplus/part049/
8 /p/QSOpt/NAEopt/optZ/runZn4k2resExtplus/part049/
9 /p/QSOpt/NAEopt/optZ/runZn4k2resExtplus/part049/
10 /p/QSOpt/NAEopt/optZ/runZn4k2resExtplus/part049/
0 /p/QSOpt/NAEopt/optZ/runZn4k2resExtplus/part049/
1 /p/QSOpt/NAEopt/optZ/runZn4k2resExtplus/part049/
2 /p/QSOpt/NAEopt/optZ/runZn4k2resExtplus/part049/
3 /p/QSOpt/NAEopt/optZ/runZn4k2resExtplus/part049/
4 /p/QSOpt/NAEopt/optZ/runZn4k2resExtplus/part049/
5 /p/QSOpt/NAEopt/optZ/runZn4k2resExtplus/part049/
6 /p/QSOpt/NAEopt/optZ/runZn4k2resExtplus/part049/
7 /p/QSOpt/NAEopt/optZ/runZn4k2resExtplus/part049/
8 /p/QSOpt/NAEopt/optZ/runZn4k2resExtplus/part049/
9 /p/QSOpt/NAEopt/optZ/runZn4k2resExtplus/part049/
11 /p/QSOpt/NAEopt/optZ/runZn4k2resExtplus/part049/
0 /p/QSOpt/NAEopt/optZ/runZn4k2resExtplus/part049/
1 /p/QSOpt/NAEopt/optZ/runZn4k2resExtplus/part049/
2 /p/QSOpt/NAEopt/optZ/runZn4k2resExtplus/part049/
3 /p/QSOpt/NAEopt/optZ/runZn4k2resExtplus/part049/
4 /p/QSOpt/NAEopt/optZ/runZn4k2resExtplus/part049/
5 /p/QSOpt/NAEopt/optZ/runZn4k2resExtplus/part049/
6 /p/QSOpt/NAEopt/optZ/runZn4k2resExtplus/part049/
7 /p/QSOpt/NAEopt/optZ/runZn4k2resExtplus/part049/
8 /p/QSOpt/NAEopt/optZ/runZn4k2resExtplus/part049/
9 /p/QSOpt/NAEopt/optZ/runZn4k2resExtplus/part049/
12 /p/QSOpt/NAEopt/optZ/runZn4k2resExtplus/part049/
0 /p/QSOpt/NAEopt/optZ/runZn4k2resExtplus/part049/
1 /p/QSOpt/NAEopt/optZ/runZn4k2resExtplus/part049/
2 /p/QSOpt/NAEopt/optZ/runZn4k2resExtplus/part049/
3 /p/QSOpt/NAEopt/optZ/runZn4k2resExtplus/part049/
4 /p/QSOpt/NAEopt/optZ/runZn4k2resExtplus/part049/
5 /p/QSOpt/NAEopt/optZ/runZn4k2resExtplus/part049/
6 /p/QSOpt/NAEopt/optZ/runZn4k2resExtplus/part049/
7 /p/QSOpt/NAEopt/optZ/runZn4k2resExtplus/part049/
8 /p/QSOpt/NAEopt/optZ/runZn4k2resExtplus/part049/
9 /p/QSOpt/NAEopt/optZ/runZn4k2resExtplus/part049/
13 /p/QSOpt/NAEopt/optZ/runZn4k2resExtplus/part049/
0 /p/QSOpt/NAEopt/optZ/runZn4k2resExtplus/part049/
1 /p/QSOpt/NAEopt/optZ/runZn4k2resExtplus/part049/
2 /p/QSOpt/NAEopt/optZ/runZn4k2resExtplus/part049/
3 /p/QSOpt/NAEopt/optZ/runZn4k2resExtplus/part049/
4 /p/QSOpt/NAEopt/optZ/runZn4k2resExtplus/part049/
5 /p/QSOpt/NAEopt/optZ/runZn4k2resExtplus/part049/
6 /p/QSOpt/NAEopt/optZ/runZn4k2resExtplus/part049/
7 /p/QSOpt/NAEopt/optZ/runZn4k2resExtplus/part049/
8 /p/QSOpt/NAEopt/optZ/runZn4k2resExtplus/part049/
9 /p/QSOpt/NAEopt/optZ/runZn4k2resExtplus/part049/
14 /p/QSOpt/NAEopt/optZ/runZn4k2resExtplus/part049/
