python optAnhark2optZ.py 15 0.5700000000000001 0.6 10 -0.036 -0.023999999999999994 /p/QSOpt/NAEopt/optZ/runZn4k2resExtplus/part093/
0 /p/QSOpt/NAEopt/optZ/runZn4k2resExtplus/part093/
1 /p/QSOpt/NAEopt/optZ/runZn4k2resExtplus/part093/
2 /p/QSOpt/NAEopt/optZ/runZn4k2resExtplus/part093/
3 /p/QSOpt/NAEopt/optZ/runZn4k2resExtplus/part093/
4 /p/QSOpt/NAEopt/optZ/runZn4k2resExtplus/part093/
5 /p/QSOpt/NAEopt/optZ/runZn4k2resExtplus/part093/
6 /p/QSOpt/NAEopt/optZ/runZn4k2resExtplus/part093/
7 /p/QSOpt/NAEopt/optZ/runZn4k2resExtplus/part093/
8 /p/QSOpt/NAEopt/optZ/runZn4k2resExtplus/part093/
9 /p/QSOpt/NAEopt/optZ/runZn4k2resExtplus/part093/
0 /p/QSOpt/NAEopt/optZ/runZn4k2resExtplus/part093/
0 /p/QSOpt/NAEopt/optZ/runZn4k2resExtplus/part093/
1 /p/QSOpt/NAEopt/optZ/runZn4k2resExtplus/part093/
2 /p/QSOpt/NAEopt/optZ/runZn4k2resExtplus/part093/
3 /p/QSOpt/NAEopt/optZ/runZn4k2resExtplus/part093/
4 /p/QSOpt/NAEopt/optZ/runZn4k2resExtplus/part093/
5 /p/QSOpt/NAEopt/optZ/runZn4k2resExtplus/part093/
6 /p/QSOpt/NAEopt/optZ/runZn4k2resExtplus/part093/
7 /p/QSOpt/NAEopt/optZ/runZn4k2resExtplus/part093/
8 /p/QSOpt/NAEopt/optZ/runZn4k2resExtplus/part093/
9 /p/QSOpt/NAEopt/optZ/runZn4k2resExtplus/part093/
1 /p/QSOpt/NAEopt/optZ/runZn4k2resExtplus/part093/
0 /p/QSOpt/NAEopt/optZ/runZn4k2resExtplus/part093/
1 /p/QSOpt/NAEopt/optZ/runZn4k2resExtplus/part093/
2 /p/QSOpt/NAEopt/optZ/runZn4k2resExtplus/part093/
3 /p/QSOpt/NAEopt/optZ/runZn4k2resExtplus/part093/
4 /p/QSOpt/NAEopt/optZ/runZn4k2resExtplus/part093/
5 /p/QSOpt/NAEopt/optZ/runZn4k2resExtplus/part093/
6 /p/QSOpt/NAEopt/optZ/runZn4k2resExtplus/part093/
7 /p/QSOpt/NAEopt/optZ/runZn4k2resExtplus/part093/
8 /p/QSOpt/NAEopt/optZ/runZn4k2resExtplus/part093/
9 /p/QSOpt/NAEopt/optZ/runZn4k2resExtplus/part093/
2 /p/QSOpt/NAEopt/optZ/runZn4k2resExtplus/part093/
0 /p/QSOpt/NAEopt/optZ/runZn4k2resExtplus/part093/
1 /p/QSOpt/NAEopt/optZ/runZn4k2resExtplus/part093/
2 /p/QSOpt/NAEopt/optZ/runZn4k2resExtplus/part093/
3 /p/QSOpt/NAEopt/optZ/runZn4k2resExtplus/part093/
4 /p/QSOpt/NAEopt/optZ/runZn4k2resExtplus/part093/
5 /p/QSOpt/NAEopt/optZ/runZn4k2resExtplus/part093/
6 /p/QSOpt/NAEopt/optZ/runZn4k2resExtplus/part093/
7 /p/QSOpt/NAEopt/optZ/runZn4k2resExtplus/part093/
8 /p/QSOpt/NAEopt/optZ/runZn4k2resExtplus/part093/
9 /p/QSOpt/NAEopt/optZ/runZn4k2resExtplus/part093/
3 /p/QSOpt/NAEopt/optZ/runZn4k2resExtplus/part093/
0 /p/QSOpt/NAEopt/optZ/runZn4k2resExtplus/part093/
1 /p/QSOpt/NAEopt/optZ/runZn4k2resExtplus/part093/
2 /p/QSOpt/NAEopt/optZ/runZn4k2resExtplus/part093/
3 /p/QSOpt/NAEopt/optZ/runZn4k2resExtplus/part093/
4 /p/QSOpt/NAEopt/optZ/runZn4k2resExtplus/part093/
5 /p/QSOpt/NAEopt/optZ/runZn4k2resExtplus/part093/
6 /p/QSOpt/NAEopt/optZ/runZn4k2resExtplus/part093/
7 /p/QSOpt/NAEopt/optZ/runZn4k2resExtplus/part093/
8 /p/QSOpt/NAEopt/optZ/runZn4k2resExtplus/part093/
9 /p/QSOpt/NAEopt/optZ/runZn4k2resExtplus/part093/
4 /p/QSOpt/NAEopt/optZ/runZn4k2resExtplus/part093/
0 /p/QSOpt/NAEopt/optZ/runZn4k2resExtplus/part093/
1 /p/QSOpt/NAEopt/optZ/runZn4k2resExtplus/part093/
2 /p/QSOpt/NAEopt/optZ/runZn4k2resExtplus/part093/
3 /p/QSOpt/NAEopt/optZ/runZn4k2resExtplus/part093/
4 /p/QSOpt/NAEopt/optZ/runZn4k2resExtplus/part093/
5 /p/QSOpt/NAEopt/optZ/runZn4k2resExtplus/part093/
6 /p/QSOpt/NAEopt/optZ/runZn4k2resExtplus/part093/
7 /p/QSOpt/NAEopt/optZ/runZn4k2resExtplus/part093/
8 /p/QSOpt/NAEopt/optZ/runZn4k2resExtplus/part093/
9 /p/QSOpt/NAEopt/optZ/runZn4k2resExtplus/part093/
5 /p/QSOpt/NAEopt/optZ/runZn4k2resExtplus/part093/
0 /p/QSOpt/NAEopt/optZ/runZn4k2resExtplus/part093/
1 /p/QSOpt/NAEopt/optZ/runZn4k2resExtplus/part093/
2 /p/QSOpt/NAEopt/optZ/runZn4k2resExtplus/part093/
3 /p/QSOpt/NAEopt/optZ/runZn4k2resExtplus/part093/
4 /p/QSOpt/NAEopt/optZ/runZn4k2resExtplus/part093/
5 /p/QSOpt/NAEopt/optZ/runZn4k2resExtplus/part093/
6 /p/QSOpt/NAEopt/optZ/runZn4k2resExtplus/part093/
7 /p/QSOpt/NAEopt/optZ/runZn4k2resExtplus/part093/
8 /p/QSOpt/NAEopt/optZ/runZn4k2resExtplus/part093/
9 /p/QSOpt/NAEopt/optZ/runZn4k2resExtplus/part093/
6 /p/QSOpt/NAEopt/optZ/runZn4k2resExtplus/part093/
0 /p/QSOpt/NAEopt/optZ/runZn4k2resExtplus/part093/
1 /p/QSOpt/NAEopt/optZ/runZn4k2resExtplus/part093/
2 /p/QSOpt/NAEopt/optZ/runZn4k2resExtplus/part093/
3 /p/QSOpt/NAEopt/optZ/runZn4k2resExtplus/part093/
4 /p/QSOpt/NAEopt/optZ/runZn4k2resExtplus/part093/
5 /p/QSOpt/NAEopt/optZ/runZn4k2resExtplus/part093/
6 /p/QSOpt/NAEopt/optZ/runZn4k2resExtplus/part093/
7 /p/QSOpt/NAEopt/optZ/runZn4k2resExtplus/part093/
8 /p/QSOpt/NAEopt/optZ/runZn4k2resExtplus/part093/
9 /p/QSOpt/NAEopt/optZ/runZn4k2resExtplus/part093/
7 /p/QSOpt/NAEopt/optZ/runZn4k2resExtplus/part093/
0 /p/QSOpt/NAEopt/optZ/runZn4k2resExtplus/part093/
1 /p/QSOpt/NAEopt/optZ/runZn4k2resExtplus/part093/
2 /p/QSOpt/NAEopt/optZ/runZn4k2resExtplus/part093/
3 /p/QSOpt/NAEopt/optZ/runZn4k2resExtplus/part093/
4 /p/QSOpt/NAEopt/optZ/runZn4k2resExtplus/part093/
5 /p/QSOpt/NAEopt/optZ/runZn4k2resExtplus/part093/
6 /p/QSOpt/NAEopt/optZ/runZn4k2resExtplus/part093/
7 /p/QSOpt/NAEopt/optZ/runZn4k2resExtplus/part093/
8 /p/QSOpt/NAEopt/optZ/runZn4k2resExtplus/part093/
9 /p/QSOpt/NAEopt/optZ/runZn4k2resExtplus/part093/
8 /p/QSOpt/NAEopt/optZ/runZn4k2resExtplus/part093/
0 /p/QSOpt/NAEopt/optZ/runZn4k2resExtplus/part093/
1 /p/QSOpt/NAEopt/optZ/runZn4k2resExtplus/part093/
2 /p/QSOpt/NAEopt/optZ/runZn4k2resExtplus/part093/
3 /p/QSOpt/NAEopt/optZ/runZn4k2resExtplus/part093/
4 /p/QSOpt/NAEopt/optZ/runZn4k2resExtplus/part093/
5 /p/QSOpt/NAEopt/optZ/runZn4k2resExtplus/part093/
6 /p/QSOpt/NAEopt/optZ/runZn4k2resExtplus/part093/
7 /p/QSOpt/NAEopt/optZ/runZn4k2resExtplus/part093/
8 /p/QSOpt/NAEopt/optZ/runZn4k2resExtplus/part093/
9 /p/QSOpt/NAEopt/optZ/runZn4k2resExtplus/part093/
9 /p/QSOpt/NAEopt/optZ/runZn4k2resExtplus/part093/
0 /p/QSOpt/NAEopt/optZ/runZn4k2resExtplus/part093/
1 /p/QSOpt/NAEopt/optZ/runZn4k2resExtplus/part093/
2 /p/QSOpt/NAEopt/optZ/runZn4k2resExtplus/part093/
3 /p/QSOpt/NAEopt/optZ/runZn4k2resExtplus/part093/
4 /p/QSOpt/NAEopt/optZ/runZn4k2resExtplus/part093/
5 /p/QSOpt/NAEopt/optZ/runZn4k2resExtplus/part093/
6 /p/QSOpt/NAEopt/optZ/runZn4k2resExtplus/part093/
7 /p/QSOpt/NAEopt/optZ/runZn4k2resExtplus/part093/
8 /p/QSOpt/NAEopt/optZ/runZn4k2resExtplus/part093/
9 /p/QSOpt/NAEopt/optZ/runZn4k2resExtplus/part093/
10 /p/QSOpt/NAEopt/optZ/runZn4k2resExtplus/part093/
0 /p/QSOpt/NAEopt/optZ/runZn4k2resExtplus/part093/
1 /p/QSOpt/NAEopt/optZ/runZn4k2resExtplus/part093/
2 /p/QSOpt/NAEopt/optZ/runZn4k2resExtplus/part093/
3 /p/QSOpt/NAEopt/optZ/runZn4k2resExtplus/part093/
4 /p/QSOpt/NAEopt/optZ/runZn4k2resExtplus/part093/
5 /p/QSOpt/NAEopt/optZ/runZn4k2resExtplus/part093/
6 /p/QSOpt/NAEopt/optZ/runZn4k2resExtplus/part093/
7 /p/QSOpt/NAEopt/optZ/runZn4k2resExtplus/part093/
8 /p/QSOpt/NAEopt/optZ/runZn4k2resExtplus/part093/
9 /p/QSOpt/NAEopt/optZ/runZn4k2resExtplus/part093/
11 /p/QSOpt/NAEopt/optZ/runZn4k2resExtplus/part093/
0 /p/QSOpt/NAEopt/optZ/runZn4k2resExtplus/part093/
1 /p/QSOpt/NAEopt/optZ/runZn4k2resExtplus/part093/
2 /p/QSOpt/NAEopt/optZ/runZn4k2resExtplus/part093/
3 /p/QSOpt/NAEopt/optZ/runZn4k2resExtplus/part093/
4 /p/QSOpt/NAEopt/optZ/runZn4k2resExtplus/part093/
5 /p/QSOpt/NAEopt/optZ/runZn4k2resExtplus/part093/
6 /p/QSOpt/NAEopt/optZ/runZn4k2resExtplus/part093/
7 /p/QSOpt/NAEopt/optZ/runZn4k2resExtplus/part093/
8 /p/QSOpt/NAEopt/optZ/runZn4k2resExtplus/part093/
9 /p/QSOpt/NAEopt/optZ/runZn4k2resExtplus/part093/
12 /p/QSOpt/NAEopt/optZ/runZn4k2resExtplus/part093/
0 /p/QSOpt/NAEopt/optZ/runZn4k2resExtplus/part093/
1 /p/QSOpt/NAEopt/optZ/runZn4k2resExtplus/part093/
2 /p/QSOpt/NAEopt/optZ/runZn4k2resExtplus/part093/
3 /p/QSOpt/NAEopt/optZ/runZn4k2resExtplus/part093/
4 /p/QSOpt/NAEopt/optZ/runZn4k2resExtplus/part093/
5 /p/QSOpt/NAEopt/optZ/runZn4k2resExtplus/part093/
6 /p/QSOpt/NAEopt/optZ/runZn4k2resExtplus/part093/
7 /p/QSOpt/NAEopt/optZ/runZn4k2resExtplus/part093/
8 /p/QSOpt/NAEopt/optZ/runZn4k2resExtplus/part093/
9 /p/QSOpt/NAEopt/optZ/runZn4k2resExtplus/part093/
13 /p/QSOpt/NAEopt/optZ/runZn4k2resExtplus/part093/
0 /p/QSOpt/NAEopt/optZ/runZn4k2resExtplus/part093/
1 /p/QSOpt/NAEopt/optZ/runZn4k2resExtplus/part093/
2 /p/QSOpt/NAEopt/optZ/runZn4k2resExtplus/part093/
3 /p/QSOpt/NAEopt/optZ/runZn4k2resExtplus/part093/
4 /p/QSOpt/NAEopt/optZ/runZn4k2resExtplus/part093/
5 /p/QSOpt/NAEopt/optZ/runZn4k2resExtplus/part093/
6 /p/QSOpt/NAEopt/optZ/runZn4k2resExtplus/part093/
7 /p/QSOpt/NAEopt/optZ/runZn4k2resExtplus/part093/
8 /p/QSOpt/NAEopt/optZ/runZn4k2resExtplus/part093/
9 /p/QSOpt/NAEopt/optZ/runZn4k2resExtplus/part093/
14 /p/QSOpt/NAEopt/optZ/runZn4k2resExtplus/part093/
