python optAnhark2optZ.py 15 0.51 0.54 10 0.0 0.01200000000000001 /p/QSOpt/NAEopt/optZ/runZn4k2resExtplus/part076/
0 /p/QSOpt/NAEopt/optZ/runZn4k2resExtplus/part076/
1 /p/QSOpt/NAEopt/optZ/runZn4k2resExtplus/part076/
2 /p/QSOpt/NAEopt/optZ/runZn4k2resExtplus/part076/
3 /p/QSOpt/NAEopt/optZ/runZn4k2resExtplus/part076/
4 /p/QSOpt/NAEopt/optZ/runZn4k2resExtplus/part076/
5 /p/QSOpt/NAEopt/optZ/runZn4k2resExtplus/part076/
6 /p/QSOpt/NAEopt/optZ/runZn4k2resExtplus/part076/
7 /p/QSOpt/NAEopt/optZ/runZn4k2resExtplus/part076/
8 /p/QSOpt/NAEopt/optZ/runZn4k2resExtplus/part076/
9 /p/QSOpt/NAEopt/optZ/runZn4k2resExtplus/part076/
0 /p/QSOpt/NAEopt/optZ/runZn4k2resExtplus/part076/
0 /p/QSOpt/NAEopt/optZ/runZn4k2resExtplus/part076/
1 /p/QSOpt/NAEopt/optZ/runZn4k2resExtplus/part076/
2 /p/QSOpt/NAEopt/optZ/runZn4k2resExtplus/part076/
3 /p/QSOpt/NAEopt/optZ/runZn4k2resExtplus/part076/
4 /p/QSOpt/NAEopt/optZ/runZn4k2resExtplus/part076/
5 /p/QSOpt/NAEopt/optZ/runZn4k2resExtplus/part076/
6 /p/QSOpt/NAEopt/optZ/runZn4k2resExtplus/part076/
7 /p/QSOpt/NAEopt/optZ/runZn4k2resExtplus/part076/
8 /p/QSOpt/NAEopt/optZ/runZn4k2resExtplus/part076/
9 /p/QSOpt/NAEopt/optZ/runZn4k2resExtplus/part076/
1 /p/QSOpt/NAEopt/optZ/runZn4k2resExtplus/part076/
0 /p/QSOpt/NAEopt/optZ/runZn4k2resExtplus/part076/
1 /p/QSOpt/NAEopt/optZ/runZn4k2resExtplus/part076/
2 /p/QSOpt/NAEopt/optZ/runZn4k2resExtplus/part076/
3 /p/QSOpt/NAEopt/optZ/runZn4k2resExtplus/part076/
4 /p/QSOpt/NAEopt/optZ/runZn4k2resExtplus/part076/
5 /p/QSOpt/NAEopt/optZ/runZn4k2resExtplus/part076/
6 /p/QSOpt/NAEopt/optZ/runZn4k2resExtplus/part076/
7 /p/QSOpt/NAEopt/optZ/runZn4k2resExtplus/part076/
8 /p/QSOpt/NAEopt/optZ/runZn4k2resExtplus/part076/
9 /p/QSOpt/NAEopt/optZ/runZn4k2resExtplus/part076/
2 /p/QSOpt/NAEopt/optZ/runZn4k2resExtplus/part076/
0 /p/QSOpt/NAEopt/optZ/runZn4k2resExtplus/part076/
1 /p/QSOpt/NAEopt/optZ/runZn4k2resExtplus/part076/
2 /p/QSOpt/NAEopt/optZ/runZn4k2resExtplus/part076/
3 /p/QSOpt/NAEopt/optZ/runZn4k2resExtplus/part076/
4 /p/QSOpt/NAEopt/optZ/runZn4k2resExtplus/part076/
5 /p/QSOpt/NAEopt/optZ/runZn4k2resExtplus/part076/
6 /p/QSOpt/NAEopt/optZ/runZn4k2resExtplus/part076/
7 /p/QSOpt/NAEopt/optZ/runZn4k2resExtplus/part076/
8 /p/QSOpt/NAEopt/optZ/runZn4k2resExtplus/part076/
9 /p/QSOpt/NAEopt/optZ/runZn4k2resExtplus/part076/
3 /p/QSOpt/NAEopt/optZ/runZn4k2resExtplus/part076/
0 /p/QSOpt/NAEopt/optZ/runZn4k2resExtplus/part076/
1 /p/QSOpt/NAEopt/optZ/runZn4k2resExtplus/part076/
2 /p/QSOpt/NAEopt/optZ/runZn4k2resExtplus/part076/
3 /p/QSOpt/NAEopt/optZ/runZn4k2resExtplus/part076/
4 /p/QSOpt/NAEopt/optZ/runZn4k2resExtplus/part076/
5 /p/QSOpt/NAEopt/optZ/runZn4k2resExtplus/part076/
6 /p/QSOpt/NAEopt/optZ/runZn4k2resExtplus/part076/
7 /p/QSOpt/NAEopt/optZ/runZn4k2resExtplus/part076/
8 /p/QSOpt/NAEopt/optZ/runZn4k2resExtplus/part076/
9 /p/QSOpt/NAEopt/optZ/runZn4k2resExtplus/part076/
4 /p/QSOpt/NAEopt/optZ/runZn4k2resExtplus/part076/
0 /p/QSOpt/NAEopt/optZ/runZn4k2resExtplus/part076/
1 /p/QSOpt/NAEopt/optZ/runZn4k2resExtplus/part076/
2 /p/QSOpt/NAEopt/optZ/runZn4k2resExtplus/part076/
3 /p/QSOpt/NAEopt/optZ/runZn4k2resExtplus/part076/
4 /p/QSOpt/NAEopt/optZ/runZn4k2resExtplus/part076/
5 /p/QSOpt/NAEopt/optZ/runZn4k2resExtplus/part076/
6 /p/QSOpt/NAEopt/optZ/runZn4k2resExtplus/part076/
7 /p/QSOpt/NAEopt/optZ/runZn4k2resExtplus/part076/
8 /p/QSOpt/NAEopt/optZ/runZn4k2resExtplus/part076/
9 /p/QSOpt/NAEopt/optZ/runZn4k2resExtplus/part076/
5 /p/QSOpt/NAEopt/optZ/runZn4k2resExtplus/part076/
0 /p/QSOpt/NAEopt/optZ/runZn4k2resExtplus/part076/
1 /p/QSOpt/NAEopt/optZ/runZn4k2resExtplus/part076/
2 /p/QSOpt/NAEopt/optZ/runZn4k2resExtplus/part076/
3 /p/QSOpt/NAEopt/optZ/runZn4k2resExtplus/part076/
4 /p/QSOpt/NAEopt/optZ/runZn4k2resExtplus/part076/
5 /p/QSOpt/NAEopt/optZ/runZn4k2resExtplus/part076/
6 /p/QSOpt/NAEopt/optZ/runZn4k2resExtplus/part076/
7 /p/QSOpt/NAEopt/optZ/runZn4k2resExtplus/part076/
8 /p/QSOpt/NAEopt/optZ/runZn4k2resExtplus/part076/
9 /p/QSOpt/NAEopt/optZ/runZn4k2resExtplus/part076/
6 /p/QSOpt/NAEopt/optZ/runZn4k2resExtplus/part076/
0 /p/QSOpt/NAEopt/optZ/runZn4k2resExtplus/part076/
1 /p/QSOpt/NAEopt/optZ/runZn4k2resExtplus/part076/
2 /p/QSOpt/NAEopt/optZ/runZn4k2resExtplus/part076/
3 /p/QSOpt/NAEopt/optZ/runZn4k2resExtplus/part076/
4 /p/QSOpt/NAEopt/optZ/runZn4k2resExtplus/part076/
5 /p/QSOpt/NAEopt/optZ/runZn4k2resExtplus/part076/
6 /p/QSOpt/NAEopt/optZ/runZn4k2resExtplus/part076/
7 /p/QSOpt/NAEopt/optZ/runZn4k2resExtplus/part076/
8 /p/QSOpt/NAEopt/optZ/runZn4k2resExtplus/part076/
9 /p/QSOpt/NAEopt/optZ/runZn4k2resExtplus/part076/
7 /p/QSOpt/NAEopt/optZ/runZn4k2resExtplus/part076/
0 /p/QSOpt/NAEopt/optZ/runZn4k2resExtplus/part076/
1 /p/QSOpt/NAEopt/optZ/runZn4k2resExtplus/part076/
2 /p/QSOpt/NAEopt/optZ/runZn4k2resExtplus/part076/
3 /p/QSOpt/NAEopt/optZ/runZn4k2resExtplus/part076/
4 /p/QSOpt/NAEopt/optZ/runZn4k2resExtplus/part076/
5 /p/QSOpt/NAEopt/optZ/runZn4k2resExtplus/part076/
6 /p/QSOpt/NAEopt/optZ/runZn4k2resExtplus/part076/
7 /p/QSOpt/NAEopt/optZ/runZn4k2resExtplus/part076/
8 /p/QSOpt/NAEopt/optZ/runZn4k2resExtplus/part076/
9 /p/QSOpt/NAEopt/optZ/runZn4k2resExtplus/part076/
8 /p/QSOpt/NAEopt/optZ/runZn4k2resExtplus/part076/
0 /p/QSOpt/NAEopt/optZ/runZn4k2resExtplus/part076/
1 /p/QSOpt/NAEopt/optZ/runZn4k2resExtplus/part076/
2 /p/QSOpt/NAEopt/optZ/runZn4k2resExtplus/part076/
3 /p/QSOpt/NAEopt/optZ/runZn4k2resExtplus/part076/
4 /p/QSOpt/NAEopt/optZ/runZn4k2resExtplus/part076/
5 /p/QSOpt/NAEopt/optZ/runZn4k2resExtplus/part076/
6 /p/QSOpt/NAEopt/optZ/runZn4k2resExtplus/part076/
7 /p/QSOpt/NAEopt/optZ/runZn4k2resExtplus/part076/
8 /p/QSOpt/NAEopt/optZ/runZn4k2resExtplus/part076/
9 /p/QSOpt/NAEopt/optZ/runZn4k2resExtplus/part076/
9 /p/QSOpt/NAEopt/optZ/runZn4k2resExtplus/part076/
0 /p/QSOpt/NAEopt/optZ/runZn4k2resExtplus/part076/
1 /p/QSOpt/NAEopt/optZ/runZn4k2resExtplus/part076/
2 /p/QSOpt/NAEopt/optZ/runZn4k2resExtplus/part076/
3 /p/QSOpt/NAEopt/optZ/runZn4k2resExtplus/part076/
4 /p/QSOpt/NAEopt/optZ/runZn4k2resExtplus/part076/
5 /p/QSOpt/NAEopt/optZ/runZn4k2resExtplus/part076/
6 /p/QSOpt/NAEopt/optZ/runZn4k2resExtplus/part076/
7 /p/QSOpt/NAEopt/optZ/runZn4k2resExtplus/part076/
8 /p/QSOpt/NAEopt/optZ/runZn4k2resExtplus/part076/
9 /p/QSOpt/NAEopt/optZ/runZn4k2resExtplus/part076/
10 /p/QSOpt/NAEopt/optZ/runZn4k2resExtplus/part076/
0 /p/QSOpt/NAEopt/optZ/runZn4k2resExtplus/part076/
1 /p/QSOpt/NAEopt/optZ/runZn4k2resExtplus/part076/
2 /p/QSOpt/NAEopt/optZ/runZn4k2resExtplus/part076/
3 /p/QSOpt/NAEopt/optZ/runZn4k2resExtplus/part076/
4 /p/QSOpt/NAEopt/optZ/runZn4k2resExtplus/part076/
5 /p/QSOpt/NAEopt/optZ/runZn4k2resExtplus/part076/
6 /p/QSOpt/NAEopt/optZ/runZn4k2resExtplus/part076/
7 /p/QSOpt/NAEopt/optZ/runZn4k2resExtplus/part076/
8 /p/QSOpt/NAEopt/optZ/runZn4k2resExtplus/part076/
9 /p/QSOpt/NAEopt/optZ/runZn4k2resExtplus/part076/
11 /p/QSOpt/NAEopt/optZ/runZn4k2resExtplus/part076/
0 /p/QSOpt/NAEopt/optZ/runZn4k2resExtplus/part076/
1 /p/QSOpt/NAEopt/optZ/runZn4k2resExtplus/part076/
2 /p/QSOpt/NAEopt/optZ/runZn4k2resExtplus/part076/
3 /p/QSOpt/NAEopt/optZ/runZn4k2resExtplus/part076/
4 /p/QSOpt/NAEopt/optZ/runZn4k2resExtplus/part076/
5 /p/QSOpt/NAEopt/optZ/runZn4k2resExtplus/part076/
6 /p/QSOpt/NAEopt/optZ/runZn4k2resExtplus/part076/
7 /p/QSOpt/NAEopt/optZ/runZn4k2resExtplus/part076/
8 /p/QSOpt/NAEopt/optZ/runZn4k2resExtplus/part076/
9 /p/QSOpt/NAEopt/optZ/runZn4k2resExtplus/part076/
12 /p/QSOpt/NAEopt/optZ/runZn4k2resExtplus/part076/
0 /p/QSOpt/NAEopt/optZ/runZn4k2resExtplus/part076/
1 /p/QSOpt/NAEopt/optZ/runZn4k2resExtplus/part076/
2 /p/QSOpt/NAEopt/optZ/runZn4k2resExtplus/part076/
3 /p/QSOpt/NAEopt/optZ/runZn4k2resExtplus/part076/
4 /p/QSOpt/NAEopt/optZ/runZn4k2resExtplus/part076/
5 /p/QSOpt/NAEopt/optZ/runZn4k2resExtplus/part076/
6 /p/QSOpt/NAEopt/optZ/runZn4k2resExtplus/part076/
7 /p/QSOpt/NAEopt/optZ/runZn4k2resExtplus/part076/
8 /p/QSOpt/NAEopt/optZ/runZn4k2resExtplus/part076/
9 /p/QSOpt/NAEopt/optZ/runZn4k2resExtplus/part076/
13 /p/QSOpt/NAEopt/optZ/runZn4k2resExtplus/part076/
0 /p/QSOpt/NAEopt/optZ/runZn4k2resExtplus/part076/
1 /p/QSOpt/NAEopt/optZ/runZn4k2resExtplus/part076/
2 /p/QSOpt/NAEopt/optZ/runZn4k2resExtplus/part076/
3 /p/QSOpt/NAEopt/optZ/runZn4k2resExtplus/part076/
4 /p/QSOpt/NAEopt/optZ/runZn4k2resExtplus/part076/
5 /p/QSOpt/NAEopt/optZ/runZn4k2resExtplus/part076/
6 /p/QSOpt/NAEopt/optZ/runZn4k2resExtplus/part076/
7 /p/QSOpt/NAEopt/optZ/runZn4k2resExtplus/part076/
8 /p/QSOpt/NAEopt/optZ/runZn4k2resExtplus/part076/
9 /p/QSOpt/NAEopt/optZ/runZn4k2resExtplus/part076/
14 /p/QSOpt/NAEopt/optZ/runZn4k2resExtplus/part076/
