python optAnhark2optZ.py 15 0.54 0.5700000000000001 10 0.048 0.06 /p/QSOpt/NAEopt/optZ/runZn4k2resExtplus/part090/
0 /p/QSOpt/NAEopt/optZ/runZn4k2resExtplus/part090/
1 /p/QSOpt/NAEopt/optZ/runZn4k2resExtplus/part090/
2 /p/QSOpt/NAEopt/optZ/runZn4k2resExtplus/part090/
3 /p/QSOpt/NAEopt/optZ/runZn4k2resExtplus/part090/
4 /p/QSOpt/NAEopt/optZ/runZn4k2resExtplus/part090/
5 /p/QSOpt/NAEopt/optZ/runZn4k2resExtplus/part090/
6 /p/QSOpt/NAEopt/optZ/runZn4k2resExtplus/part090/
7 /p/QSOpt/NAEopt/optZ/runZn4k2resExtplus/part090/
8 /p/QSOpt/NAEopt/optZ/runZn4k2resExtplus/part090/
9 /p/QSOpt/NAEopt/optZ/runZn4k2resExtplus/part090/
0 /p/QSOpt/NAEopt/optZ/runZn4k2resExtplus/part090/
0 /p/QSOpt/NAEopt/optZ/runZn4k2resExtplus/part090/
1 /p/QSOpt/NAEopt/optZ/runZn4k2resExtplus/part090/
2 /p/QSOpt/NAEopt/optZ/runZn4k2resExtplus/part090/
3 /p/QSOpt/NAEopt/optZ/runZn4k2resExtplus/part090/
4 /p/QSOpt/NAEopt/optZ/runZn4k2resExtplus/part090/
5 /p/QSOpt/NAEopt/optZ/runZn4k2resExtplus/part090/
6 /p/QSOpt/NAEopt/optZ/runZn4k2resExtplus/part090/
7 /p/QSOpt/NAEopt/optZ/runZn4k2resExtplus/part090/
8 /p/QSOpt/NAEopt/optZ/runZn4k2resExtplus/part090/
9 /p/QSOpt/NAEopt/optZ/runZn4k2resExtplus/part090/
1 /p/QSOpt/NAEopt/optZ/runZn4k2resExtplus/part090/
0 /p/QSOpt/NAEopt/optZ/runZn4k2resExtplus/part090/
1 /p/QSOpt/NAEopt/optZ/runZn4k2resExtplus/part090/
2 /p/QSOpt/NAEopt/optZ/runZn4k2resExtplus/part090/
3 /p/QSOpt/NAEopt/optZ/runZn4k2resExtplus/part090/
4 /p/QSOpt/NAEopt/optZ/runZn4k2resExtplus/part090/
5 /p/QSOpt/NAEopt/optZ/runZn4k2resExtplus/part090/
6 /p/QSOpt/NAEopt/optZ/runZn4k2resExtplus/part090/
7 /p/QSOpt/NAEopt/optZ/runZn4k2resExtplus/part090/
8 /p/QSOpt/NAEopt/optZ/runZn4k2resExtplus/part090/
9 /p/QSOpt/NAEopt/optZ/runZn4k2resExtplus/part090/
2 /p/QSOpt/NAEopt/optZ/runZn4k2resExtplus/part090/
0 /p/QSOpt/NAEopt/optZ/runZn4k2resExtplus/part090/
1 /p/QSOpt/NAEopt/optZ/runZn4k2resExtplus/part090/
2 /p/QSOpt/NAEopt/optZ/runZn4k2resExtplus/part090/
3 /p/QSOpt/NAEopt/optZ/runZn4k2resExtplus/part090/
4 /p/QSOpt/NAEopt/optZ/runZn4k2resExtplus/part090/
5 /p/QSOpt/NAEopt/optZ/runZn4k2resExtplus/part090/
6 /p/QSOpt/NAEopt/optZ/runZn4k2resExtplus/part090/
7 /p/QSOpt/NAEopt/optZ/runZn4k2resExtplus/part090/
8 /p/QSOpt/NAEopt/optZ/runZn4k2resExtplus/part090/
9 /p/QSOpt/NAEopt/optZ/runZn4k2resExtplus/part090/
3 /p/QSOpt/NAEopt/optZ/runZn4k2resExtplus/part090/
0 /p/QSOpt/NAEopt/optZ/runZn4k2resExtplus/part090/
1 /p/QSOpt/NAEopt/optZ/runZn4k2resExtplus/part090/
2 /p/QSOpt/NAEopt/optZ/runZn4k2resExtplus/part090/
3 /p/QSOpt/NAEopt/optZ/runZn4k2resExtplus/part090/
4 /p/QSOpt/NAEopt/optZ/runZn4k2resExtplus/part090/
5 /p/QSOpt/NAEopt/optZ/runZn4k2resExtplus/part090/
6 /p/QSOpt/NAEopt/optZ/runZn4k2resExtplus/part090/
7 /p/QSOpt/NAEopt/optZ/runZn4k2resExtplus/part090/
8 /p/QSOpt/NAEopt/optZ/runZn4k2resExtplus/part090/
9 /p/QSOpt/NAEopt/optZ/runZn4k2resExtplus/part090/
4 /p/QSOpt/NAEopt/optZ/runZn4k2resExtplus/part090/
0 /p/QSOpt/NAEopt/optZ/runZn4k2resExtplus/part090/
1 /p/QSOpt/NAEopt/optZ/runZn4k2resExtplus/part090/
2 /p/QSOpt/NAEopt/optZ/runZn4k2resExtplus/part090/
3 /p/QSOpt/NAEopt/optZ/runZn4k2resExtplus/part090/
4 /p/QSOpt/NAEopt/optZ/runZn4k2resExtplus/part090/
5 /p/QSOpt/NAEopt/optZ/runZn4k2resExtplus/part090/
6 /p/QSOpt/NAEopt/optZ/runZn4k2resExtplus/part090/
7 /p/QSOpt/NAEopt/optZ/runZn4k2resExtplus/part090/
8 /p/QSOpt/NAEopt/optZ/runZn4k2resExtplus/part090/
9 /p/QSOpt/NAEopt/optZ/runZn4k2resExtplus/part090/
5 /p/QSOpt/NAEopt/optZ/runZn4k2resExtplus/part090/
0 /p/QSOpt/NAEopt/optZ/runZn4k2resExtplus/part090/
1 /p/QSOpt/NAEopt/optZ/runZn4k2resExtplus/part090/
2 /p/QSOpt/NAEopt/optZ/runZn4k2resExtplus/part090/
3 /p/QSOpt/NAEopt/optZ/runZn4k2resExtplus/part090/
4 /p/QSOpt/NAEopt/optZ/runZn4k2resExtplus/part090/
5 /p/QSOpt/NAEopt/optZ/runZn4k2resExtplus/part090/
6 /p/QSOpt/NAEopt/optZ/runZn4k2resExtplus/part090/
7 /p/QSOpt/NAEopt/optZ/runZn4k2resExtplus/part090/
8 /p/QSOpt/NAEopt/optZ/runZn4k2resExtplus/part090/
9 /p/QSOpt/NAEopt/optZ/runZn4k2resExtplus/part090/
6 /p/QSOpt/NAEopt/optZ/runZn4k2resExtplus/part090/
0 /p/QSOpt/NAEopt/optZ/runZn4k2resExtplus/part090/
1 /p/QSOpt/NAEopt/optZ/runZn4k2resExtplus/part090/
2 /p/QSOpt/NAEopt/optZ/runZn4k2resExtplus/part090/
3 /p/QSOpt/NAEopt/optZ/runZn4k2resExtplus/part090/
4 /p/QSOpt/NAEopt/optZ/runZn4k2resExtplus/part090/
5 /p/QSOpt/NAEopt/optZ/runZn4k2resExtplus/part090/
6 /p/QSOpt/NAEopt/optZ/runZn4k2resExtplus/part090/
7 /p/QSOpt/NAEopt/optZ/runZn4k2resExtplus/part090/
8 /p/QSOpt/NAEopt/optZ/runZn4k2resExtplus/part090/
9 /p/QSOpt/NAEopt/optZ/runZn4k2resExtplus/part090/
7 /p/QSOpt/NAEopt/optZ/runZn4k2resExtplus/part090/
0 /p/QSOpt/NAEopt/optZ/runZn4k2resExtplus/part090/
1 /p/QSOpt/NAEopt/optZ/runZn4k2resExtplus/part090/
2 /p/QSOpt/NAEopt/optZ/runZn4k2resExtplus/part090/
3 /p/QSOpt/NAEopt/optZ/runZn4k2resExtplus/part090/
4 /p/QSOpt/NAEopt/optZ/runZn4k2resExtplus/part090/
5 /p/QSOpt/NAEopt/optZ/runZn4k2resExtplus/part090/
6 /p/QSOpt/NAEopt/optZ/runZn4k2resExtplus/part090/
7 /p/QSOpt/NAEopt/optZ/runZn4k2resExtplus/part090/
8 /p/QSOpt/NAEopt/optZ/runZn4k2resExtplus/part090/
9 /p/QSOpt/NAEopt/optZ/runZn4k2resExtplus/part090/
8 /p/QSOpt/NAEopt/optZ/runZn4k2resExtplus/part090/
0 /p/QSOpt/NAEopt/optZ/runZn4k2resExtplus/part090/
1 /p/QSOpt/NAEopt/optZ/runZn4k2resExtplus/part090/
2 /p/QSOpt/NAEopt/optZ/runZn4k2resExtplus/part090/
3 /p/QSOpt/NAEopt/optZ/runZn4k2resExtplus/part090/
4 /p/QSOpt/NAEopt/optZ/runZn4k2resExtplus/part090/
5 /p/QSOpt/NAEopt/optZ/runZn4k2resExtplus/part090/
6 /p/QSOpt/NAEopt/optZ/runZn4k2resExtplus/part090/
7 /p/QSOpt/NAEopt/optZ/runZn4k2resExtplus/part090/
8 /p/QSOpt/NAEopt/optZ/runZn4k2resExtplus/part090/
9 /p/QSOpt/NAEopt/optZ/runZn4k2resExtplus/part090/
9 /p/QSOpt/NAEopt/optZ/runZn4k2resExtplus/part090/
0 /p/QSOpt/NAEopt/optZ/runZn4k2resExtplus/part090/
1 /p/QSOpt/NAEopt/optZ/runZn4k2resExtplus/part090/
2 /p/QSOpt/NAEopt/optZ/runZn4k2resExtplus/part090/
3 /p/QSOpt/NAEopt/optZ/runZn4k2resExtplus/part090/
4 /p/QSOpt/NAEopt/optZ/runZn4k2resExtplus/part090/
5 /p/QSOpt/NAEopt/optZ/runZn4k2resExtplus/part090/
6 /p/QSOpt/NAEopt/optZ/runZn4k2resExtplus/part090/
7 /p/QSOpt/NAEopt/optZ/runZn4k2resExtplus/part090/
8 /p/QSOpt/NAEopt/optZ/runZn4k2resExtplus/part090/
9 /p/QSOpt/NAEopt/optZ/runZn4k2resExtplus/part090/
10 /p/QSOpt/NAEopt/optZ/runZn4k2resExtplus/part090/
0 /p/QSOpt/NAEopt/optZ/runZn4k2resExtplus/part090/
1 /p/QSOpt/NAEopt/optZ/runZn4k2resExtplus/part090/
2 /p/QSOpt/NAEopt/optZ/runZn4k2resExtplus/part090/
3 /p/QSOpt/NAEopt/optZ/runZn4k2resExtplus/part090/
4 /p/QSOpt/NAEopt/optZ/runZn4k2resExtplus/part090/
5 /p/QSOpt/NAEopt/optZ/runZn4k2resExtplus/part090/
6 /p/QSOpt/NAEopt/optZ/runZn4k2resExtplus/part090/
7 /p/QSOpt/NAEopt/optZ/runZn4k2resExtplus/part090/
8 /p/QSOpt/NAEopt/optZ/runZn4k2resExtplus/part090/
9 /p/QSOpt/NAEopt/optZ/runZn4k2resExtplus/part090/
11 /p/QSOpt/NAEopt/optZ/runZn4k2resExtplus/part090/
0 /p/QSOpt/NAEopt/optZ/runZn4k2resExtplus/part090/
1 /p/QSOpt/NAEopt/optZ/runZn4k2resExtplus/part090/
2 /p/QSOpt/NAEopt/optZ/runZn4k2resExtplus/part090/
3 /p/QSOpt/NAEopt/optZ/runZn4k2resExtplus/part090/
4 /p/QSOpt/NAEopt/optZ/runZn4k2resExtplus/part090/
5 /p/QSOpt/NAEopt/optZ/runZn4k2resExtplus/part090/
6 /p/QSOpt/NAEopt/optZ/runZn4k2resExtplus/part090/
7 /p/QSOpt/NAEopt/optZ/runZn4k2resExtplus/part090/
8 /p/QSOpt/NAEopt/optZ/runZn4k2resExtplus/part090/
9 /p/QSOpt/NAEopt/optZ/runZn4k2resExtplus/part090/
12 /p/QSOpt/NAEopt/optZ/runZn4k2resExtplus/part090/
0 /p/QSOpt/NAEopt/optZ/runZn4k2resExtplus/part090/
1 /p/QSOpt/NAEopt/optZ/runZn4k2resExtplus/part090/
2 /p/QSOpt/NAEopt/optZ/runZn4k2resExtplus/part090/
3 /p/QSOpt/NAEopt/optZ/runZn4k2resExtplus/part090/
4 /p/QSOpt/NAEopt/optZ/runZn4k2resExtplus/part090/
5 /p/QSOpt/NAEopt/optZ/runZn4k2resExtplus/part090/
6 /p/QSOpt/NAEopt/optZ/runZn4k2resExtplus/part090/
7 /p/QSOpt/NAEopt/optZ/runZn4k2resExtplus/part090/
8 /p/QSOpt/NAEopt/optZ/runZn4k2resExtplus/part090/
9 /p/QSOpt/NAEopt/optZ/runZn4k2resExtplus/part090/
13 /p/QSOpt/NAEopt/optZ/runZn4k2resExtplus/part090/
0 /p/QSOpt/NAEopt/optZ/runZn4k2resExtplus/part090/
1 /p/QSOpt/NAEopt/optZ/runZn4k2resExtplus/part090/
2 /p/QSOpt/NAEopt/optZ/runZn4k2resExtplus/part090/
3 /p/QSOpt/NAEopt/optZ/runZn4k2resExtplus/part090/
4 /p/QSOpt/NAEopt/optZ/runZn4k2resExtplus/part090/
5 /p/QSOpt/NAEopt/optZ/runZn4k2resExtplus/part090/
6 /p/QSOpt/NAEopt/optZ/runZn4k2resExtplus/part090/
7 /p/QSOpt/NAEopt/optZ/runZn4k2resExtplus/part090/
8 /p/QSOpt/NAEopt/optZ/runZn4k2resExtplus/part090/
9 /p/QSOpt/NAEopt/optZ/runZn4k2resExtplus/part090/
14 /p/QSOpt/NAEopt/optZ/runZn4k2resExtplus/part090/
