python optAnhark2optZ.py 15 0.48 0.51 10 0.024000000000000007 0.036000000000000004 /p/QSOpt/NAEopt/optZ/runZn4k2resExtplus/part068/
0 /p/QSOpt/NAEopt/optZ/runZn4k2resExtplus/part068/
1 /p/QSOpt/NAEopt/optZ/runZn4k2resExtplus/part068/
2 /p/QSOpt/NAEopt/optZ/runZn4k2resExtplus/part068/
3 /p/QSOpt/NAEopt/optZ/runZn4k2resExtplus/part068/
4 /p/QSOpt/NAEopt/optZ/runZn4k2resExtplus/part068/
5 /p/QSOpt/NAEopt/optZ/runZn4k2resExtplus/part068/
6 /p/QSOpt/NAEopt/optZ/runZn4k2resExtplus/part068/
7 /p/QSOpt/NAEopt/optZ/runZn4k2resExtplus/part068/
8 /p/QSOpt/NAEopt/optZ/runZn4k2resExtplus/part068/
9 /p/QSOpt/NAEopt/optZ/runZn4k2resExtplus/part068/
0 /p/QSOpt/NAEopt/optZ/runZn4k2resExtplus/part068/
0 /p/QSOpt/NAEopt/optZ/runZn4k2resExtplus/part068/
1 /p/QSOpt/NAEopt/optZ/runZn4k2resExtplus/part068/
2 /p/QSOpt/NAEopt/optZ/runZn4k2resExtplus/part068/
3 /p/QSOpt/NAEopt/optZ/runZn4k2resExtplus/part068/
4 /p/QSOpt/NAEopt/optZ/runZn4k2resExtplus/part068/
5 /p/QSOpt/NAEopt/optZ/runZn4k2resExtplus/part068/
6 /p/QSOpt/NAEopt/optZ/runZn4k2resExtplus/part068/
7 /p/QSOpt/NAEopt/optZ/runZn4k2resExtplus/part068/
8 /p/QSOpt/NAEopt/optZ/runZn4k2resExtplus/part068/
9 /p/QSOpt/NAEopt/optZ/runZn4k2resExtplus/part068/
1 /p/QSOpt/NAEopt/optZ/runZn4k2resExtplus/part068/
0 /p/QSOpt/NAEopt/optZ/runZn4k2resExtplus/part068/
1 /p/QSOpt/NAEopt/optZ/runZn4k2resExtplus/part068/
2 /p/QSOpt/NAEopt/optZ/runZn4k2resExtplus/part068/
3 /p/QSOpt/NAEopt/optZ/runZn4k2resExtplus/part068/
4 /p/QSOpt/NAEopt/optZ/runZn4k2resExtplus/part068/
5 /p/QSOpt/NAEopt/optZ/runZn4k2resExtplus/part068/
6 /p/QSOpt/NAEopt/optZ/runZn4k2resExtplus/part068/
7 /p/QSOpt/NAEopt/optZ/runZn4k2resExtplus/part068/
8 /p/QSOpt/NAEopt/optZ/runZn4k2resExtplus/part068/
9 /p/QSOpt/NAEopt/optZ/runZn4k2resExtplus/part068/
2 /p/QSOpt/NAEopt/optZ/runZn4k2resExtplus/part068/
0 /p/QSOpt/NAEopt/optZ/runZn4k2resExtplus/part068/
1 /p/QSOpt/NAEopt/optZ/runZn4k2resExtplus/part068/
2 /p/QSOpt/NAEopt/optZ/runZn4k2resExtplus/part068/
3 /p/QSOpt/NAEopt/optZ/runZn4k2resExtplus/part068/
4 /p/QSOpt/NAEopt/optZ/runZn4k2resExtplus/part068/
5 /p/QSOpt/NAEopt/optZ/runZn4k2resExtplus/part068/
6 /p/QSOpt/NAEopt/optZ/runZn4k2resExtplus/part068/
7 /p/QSOpt/NAEopt/optZ/runZn4k2resExtplus/part068/
8 /p/QSOpt/NAEopt/optZ/runZn4k2resExtplus/part068/
9 /p/QSOpt/NAEopt/optZ/runZn4k2resExtplus/part068/
3 /p/QSOpt/NAEopt/optZ/runZn4k2resExtplus/part068/
0 /p/QSOpt/NAEopt/optZ/runZn4k2resExtplus/part068/
1 /p/QSOpt/NAEopt/optZ/runZn4k2resExtplus/part068/
2 /p/QSOpt/NAEopt/optZ/runZn4k2resExtplus/part068/
3 /p/QSOpt/NAEopt/optZ/runZn4k2resExtplus/part068/
4 /p/QSOpt/NAEopt/optZ/runZn4k2resExtplus/part068/
5 /p/QSOpt/NAEopt/optZ/runZn4k2resExtplus/part068/
6 /p/QSOpt/NAEopt/optZ/runZn4k2resExtplus/part068/
7 /p/QSOpt/NAEopt/optZ/runZn4k2resExtplus/part068/
8 /p/QSOpt/NAEopt/optZ/runZn4k2resExtplus/part068/
9 /p/QSOpt/NAEopt/optZ/runZn4k2resExtplus/part068/
4 /p/QSOpt/NAEopt/optZ/runZn4k2resExtplus/part068/
0 /p/QSOpt/NAEopt/optZ/runZn4k2resExtplus/part068/
1 /p/QSOpt/NAEopt/optZ/runZn4k2resExtplus/part068/
2 /p/QSOpt/NAEopt/optZ/runZn4k2resExtplus/part068/
3 /p/QSOpt/NAEopt/optZ/runZn4k2resExtplus/part068/
4 /p/QSOpt/NAEopt/optZ/runZn4k2resExtplus/part068/
5 /p/QSOpt/NAEopt/optZ/runZn4k2resExtplus/part068/
6 /p/QSOpt/NAEopt/optZ/runZn4k2resExtplus/part068/
7 /p/QSOpt/NAEopt/optZ/runZn4k2resExtplus/part068/
8 /p/QSOpt/NAEopt/optZ/runZn4k2resExtplus/part068/
9 /p/QSOpt/NAEopt/optZ/runZn4k2resExtplus/part068/
5 /p/QSOpt/NAEopt/optZ/runZn4k2resExtplus/part068/
0 /p/QSOpt/NAEopt/optZ/runZn4k2resExtplus/part068/
1 /p/QSOpt/NAEopt/optZ/runZn4k2resExtplus/part068/
2 /p/QSOpt/NAEopt/optZ/runZn4k2resExtplus/part068/
3 /p/QSOpt/NAEopt/optZ/runZn4k2resExtplus/part068/
4 /p/QSOpt/NAEopt/optZ/runZn4k2resExtplus/part068/
5 /p/QSOpt/NAEopt/optZ/runZn4k2resExtplus/part068/
6 /p/QSOpt/NAEopt/optZ/runZn4k2resExtplus/part068/
7 /p/QSOpt/NAEopt/optZ/runZn4k2resExtplus/part068/
8 /p/QSOpt/NAEopt/optZ/runZn4k2resExtplus/part068/
9 /p/QSOpt/NAEopt/optZ/runZn4k2resExtplus/part068/
6 /p/QSOpt/NAEopt/optZ/runZn4k2resExtplus/part068/
0 /p/QSOpt/NAEopt/optZ/runZn4k2resExtplus/part068/
1 /p/QSOpt/NAEopt/optZ/runZn4k2resExtplus/part068/
2 /p/QSOpt/NAEopt/optZ/runZn4k2resExtplus/part068/
3 /p/QSOpt/NAEopt/optZ/runZn4k2resExtplus/part068/
4 /p/QSOpt/NAEopt/optZ/runZn4k2resExtplus/part068/
5 /p/QSOpt/NAEopt/optZ/runZn4k2resExtplus/part068/
6 /p/QSOpt/NAEopt/optZ/runZn4k2resExtplus/part068/
7 /p/QSOpt/NAEopt/optZ/runZn4k2resExtplus/part068/
8 /p/QSOpt/NAEopt/optZ/runZn4k2resExtplus/part068/
9 /p/QSOpt/NAEopt/optZ/runZn4k2resExtplus/part068/
7 /p/QSOpt/NAEopt/optZ/runZn4k2resExtplus/part068/
0 /p/QSOpt/NAEopt/optZ/runZn4k2resExtplus/part068/
1 /p/QSOpt/NAEopt/optZ/runZn4k2resExtplus/part068/
2 /p/QSOpt/NAEopt/optZ/runZn4k2resExtplus/part068/
3 /p/QSOpt/NAEopt/optZ/runZn4k2resExtplus/part068/
4 /p/QSOpt/NAEopt/optZ/runZn4k2resExtplus/part068/
5 /p/QSOpt/NAEopt/optZ/runZn4k2resExtplus/part068/
6 /p/QSOpt/NAEopt/optZ/runZn4k2resExtplus/part068/
7 /p/QSOpt/NAEopt/optZ/runZn4k2resExtplus/part068/
8 /p/QSOpt/NAEopt/optZ/runZn4k2resExtplus/part068/
9 /p/QSOpt/NAEopt/optZ/runZn4k2resExtplus/part068/
8 /p/QSOpt/NAEopt/optZ/runZn4k2resExtplus/part068/
0 /p/QSOpt/NAEopt/optZ/runZn4k2resExtplus/part068/
1 /p/QSOpt/NAEopt/optZ/runZn4k2resExtplus/part068/
2 /p/QSOpt/NAEopt/optZ/runZn4k2resExtplus/part068/
3 /p/QSOpt/NAEopt/optZ/runZn4k2resExtplus/part068/
4 /p/QSOpt/NAEopt/optZ/runZn4k2resExtplus/part068/
5 /p/QSOpt/NAEopt/optZ/runZn4k2resExtplus/part068/
6 /p/QSOpt/NAEopt/optZ/runZn4k2resExtplus/part068/
7 /p/QSOpt/NAEopt/optZ/runZn4k2resExtplus/part068/
8 /p/QSOpt/NAEopt/optZ/runZn4k2resExtplus/part068/
9 /p/QSOpt/NAEopt/optZ/runZn4k2resExtplus/part068/
9 /p/QSOpt/NAEopt/optZ/runZn4k2resExtplus/part068/
0 /p/QSOpt/NAEopt/optZ/runZn4k2resExtplus/part068/
1 /p/QSOpt/NAEopt/optZ/runZn4k2resExtplus/part068/
2 /p/QSOpt/NAEopt/optZ/runZn4k2resExtplus/part068/
3 /p/QSOpt/NAEopt/optZ/runZn4k2resExtplus/part068/
4 /p/QSOpt/NAEopt/optZ/runZn4k2resExtplus/part068/
5 /p/QSOpt/NAEopt/optZ/runZn4k2resExtplus/part068/
6 /p/QSOpt/NAEopt/optZ/runZn4k2resExtplus/part068/
7 /p/QSOpt/NAEopt/optZ/runZn4k2resExtplus/part068/
8 /p/QSOpt/NAEopt/optZ/runZn4k2resExtplus/part068/
9 /p/QSOpt/NAEopt/optZ/runZn4k2resExtplus/part068/
10 /p/QSOpt/NAEopt/optZ/runZn4k2resExtplus/part068/
0 /p/QSOpt/NAEopt/optZ/runZn4k2resExtplus/part068/
1 /p/QSOpt/NAEopt/optZ/runZn4k2resExtplus/part068/
2 /p/QSOpt/NAEopt/optZ/runZn4k2resExtplus/part068/
3 /p/QSOpt/NAEopt/optZ/runZn4k2resExtplus/part068/
4 /p/QSOpt/NAEopt/optZ/runZn4k2resExtplus/part068/
5 /p/QSOpt/NAEopt/optZ/runZn4k2resExtplus/part068/
6 /p/QSOpt/NAEopt/optZ/runZn4k2resExtplus/part068/
7 /p/QSOpt/NAEopt/optZ/runZn4k2resExtplus/part068/
8 /p/QSOpt/NAEopt/optZ/runZn4k2resExtplus/part068/
9 /p/QSOpt/NAEopt/optZ/runZn4k2resExtplus/part068/
11 /p/QSOpt/NAEopt/optZ/runZn4k2resExtplus/part068/
0 /p/QSOpt/NAEopt/optZ/runZn4k2resExtplus/part068/
1 /p/QSOpt/NAEopt/optZ/runZn4k2resExtplus/part068/
2 /p/QSOpt/NAEopt/optZ/runZn4k2resExtplus/part068/
3 /p/QSOpt/NAEopt/optZ/runZn4k2resExtplus/part068/
4 /p/QSOpt/NAEopt/optZ/runZn4k2resExtplus/part068/
5 /p/QSOpt/NAEopt/optZ/runZn4k2resExtplus/part068/
6 /p/QSOpt/NAEopt/optZ/runZn4k2resExtplus/part068/
7 /p/QSOpt/NAEopt/optZ/runZn4k2resExtplus/part068/
8 /p/QSOpt/NAEopt/optZ/runZn4k2resExtplus/part068/
9 /p/QSOpt/NAEopt/optZ/runZn4k2resExtplus/part068/
12 /p/QSOpt/NAEopt/optZ/runZn4k2resExtplus/part068/
0 /p/QSOpt/NAEopt/optZ/runZn4k2resExtplus/part068/
1 /p/QSOpt/NAEopt/optZ/runZn4k2resExtplus/part068/
2 /p/QSOpt/NAEopt/optZ/runZn4k2resExtplus/part068/
3 /p/QSOpt/NAEopt/optZ/runZn4k2resExtplus/part068/
4 /p/QSOpt/NAEopt/optZ/runZn4k2resExtplus/part068/
5 /p/QSOpt/NAEopt/optZ/runZn4k2resExtplus/part068/
6 /p/QSOpt/NAEopt/optZ/runZn4k2resExtplus/part068/
7 /p/QSOpt/NAEopt/optZ/runZn4k2resExtplus/part068/
8 /p/QSOpt/NAEopt/optZ/runZn4k2resExtplus/part068/
9 /p/QSOpt/NAEopt/optZ/runZn4k2resExtplus/part068/
13 /p/QSOpt/NAEopt/optZ/runZn4k2resExtplus/part068/
0 /p/QSOpt/NAEopt/optZ/runZn4k2resExtplus/part068/
1 /p/QSOpt/NAEopt/optZ/runZn4k2resExtplus/part068/
2 /p/QSOpt/NAEopt/optZ/runZn4k2resExtplus/part068/
3 /p/QSOpt/NAEopt/optZ/runZn4k2resExtplus/part068/
4 /p/QSOpt/NAEopt/optZ/runZn4k2resExtplus/part068/
5 /p/QSOpt/NAEopt/optZ/runZn4k2resExtplus/part068/
6 /p/QSOpt/NAEopt/optZ/runZn4k2resExtplus/part068/
7 /p/QSOpt/NAEopt/optZ/runZn4k2resExtplus/part068/
8 /p/QSOpt/NAEopt/optZ/runZn4k2resExtplus/part068/
9 /p/QSOpt/NAEopt/optZ/runZn4k2resExtplus/part068/
14 /p/QSOpt/NAEopt/optZ/runZn4k2resExtplus/part068/
