python optAnhark2optZ.py 15 0.54 0.5700000000000001 10 -0.048 -0.036 /p/QSOpt/NAEopt/optZ/runZn4k2resExtplus/part082/
0 /p/QSOpt/NAEopt/optZ/runZn4k2resExtplus/part082/
1 /p/QSOpt/NAEopt/optZ/runZn4k2resExtplus/part082/
2 /p/QSOpt/NAEopt/optZ/runZn4k2resExtplus/part082/
3 /p/QSOpt/NAEopt/optZ/runZn4k2resExtplus/part082/
4 /p/QSOpt/NAEopt/optZ/runZn4k2resExtplus/part082/
5 /p/QSOpt/NAEopt/optZ/runZn4k2resExtplus/part082/
6 /p/QSOpt/NAEopt/optZ/runZn4k2resExtplus/part082/
7 /p/QSOpt/NAEopt/optZ/runZn4k2resExtplus/part082/
8 /p/QSOpt/NAEopt/optZ/runZn4k2resExtplus/part082/
9 /p/QSOpt/NAEopt/optZ/runZn4k2resExtplus/part082/
0 /p/QSOpt/NAEopt/optZ/runZn4k2resExtplus/part082/
0 /p/QSOpt/NAEopt/optZ/runZn4k2resExtplus/part082/
1 /p/QSOpt/NAEopt/optZ/runZn4k2resExtplus/part082/
2 /p/QSOpt/NAEopt/optZ/runZn4k2resExtplus/part082/
3 /p/QSOpt/NAEopt/optZ/runZn4k2resExtplus/part082/
4 /p/QSOpt/NAEopt/optZ/runZn4k2resExtplus/part082/
5 /p/QSOpt/NAEopt/optZ/runZn4k2resExtplus/part082/
6 /p/QSOpt/NAEopt/optZ/runZn4k2resExtplus/part082/
7 /p/QSOpt/NAEopt/optZ/runZn4k2resExtplus/part082/
8 /p/QSOpt/NAEopt/optZ/runZn4k2resExtplus/part082/
9 /p/QSOpt/NAEopt/optZ/runZn4k2resExtplus/part082/
1 /p/QSOpt/NAEopt/optZ/runZn4k2resExtplus/part082/
0 /p/QSOpt/NAEopt/optZ/runZn4k2resExtplus/part082/
1 /p/QSOpt/NAEopt/optZ/runZn4k2resExtplus/part082/
2 /p/QSOpt/NAEopt/optZ/runZn4k2resExtplus/part082/
3 /p/QSOpt/NAEopt/optZ/runZn4k2resExtplus/part082/
4 /p/QSOpt/NAEopt/optZ/runZn4k2resExtplus/part082/
5 /p/QSOpt/NAEopt/optZ/runZn4k2resExtplus/part082/
6 /p/QSOpt/NAEopt/optZ/runZn4k2resExtplus/part082/
7 /p/QSOpt/NAEopt/optZ/runZn4k2resExtplus/part082/
8 /p/QSOpt/NAEopt/optZ/runZn4k2resExtplus/part082/
9 /p/QSOpt/NAEopt/optZ/runZn4k2resExtplus/part082/
2 /p/QSOpt/NAEopt/optZ/runZn4k2resExtplus/part082/
0 /p/QSOpt/NAEopt/optZ/runZn4k2resExtplus/part082/
1 /p/QSOpt/NAEopt/optZ/runZn4k2resExtplus/part082/
2 /p/QSOpt/NAEopt/optZ/runZn4k2resExtplus/part082/
3 /p/QSOpt/NAEopt/optZ/runZn4k2resExtplus/part082/
4 /p/QSOpt/NAEopt/optZ/runZn4k2resExtplus/part082/
5 /p/QSOpt/NAEopt/optZ/runZn4k2resExtplus/part082/
6 /p/QSOpt/NAEopt/optZ/runZn4k2resExtplus/part082/
7 /p/QSOpt/NAEopt/optZ/runZn4k2resExtplus/part082/
8 /p/QSOpt/NAEopt/optZ/runZn4k2resExtplus/part082/
9 /p/QSOpt/NAEopt/optZ/runZn4k2resExtplus/part082/
3 /p/QSOpt/NAEopt/optZ/runZn4k2resExtplus/part082/
0 /p/QSOpt/NAEopt/optZ/runZn4k2resExtplus/part082/
1 /p/QSOpt/NAEopt/optZ/runZn4k2resExtplus/part082/
2 /p/QSOpt/NAEopt/optZ/runZn4k2resExtplus/part082/
3 /p/QSOpt/NAEopt/optZ/runZn4k2resExtplus/part082/
4 /p/QSOpt/NAEopt/optZ/runZn4k2resExtplus/part082/
5 /p/QSOpt/NAEopt/optZ/runZn4k2resExtplus/part082/
6 /p/QSOpt/NAEopt/optZ/runZn4k2resExtplus/part082/
7 /p/QSOpt/NAEopt/optZ/runZn4k2resExtplus/part082/
8 /p/QSOpt/NAEopt/optZ/runZn4k2resExtplus/part082/
9 /p/QSOpt/NAEopt/optZ/runZn4k2resExtplus/part082/
4 /p/QSOpt/NAEopt/optZ/runZn4k2resExtplus/part082/
0 /p/QSOpt/NAEopt/optZ/runZn4k2resExtplus/part082/
1 /p/QSOpt/NAEopt/optZ/runZn4k2resExtplus/part082/
2 /p/QSOpt/NAEopt/optZ/runZn4k2resExtplus/part082/
3 /p/QSOpt/NAEopt/optZ/runZn4k2resExtplus/part082/
4 /p/QSOpt/NAEopt/optZ/runZn4k2resExtplus/part082/
5 /p/QSOpt/NAEopt/optZ/runZn4k2resExtplus/part082/
6 /p/QSOpt/NAEopt/optZ/runZn4k2resExtplus/part082/
7 /p/QSOpt/NAEopt/optZ/runZn4k2resExtplus/part082/
8 /p/QSOpt/NAEopt/optZ/runZn4k2resExtplus/part082/
9 /p/QSOpt/NAEopt/optZ/runZn4k2resExtplus/part082/
5 /p/QSOpt/NAEopt/optZ/runZn4k2resExtplus/part082/
0 /p/QSOpt/NAEopt/optZ/runZn4k2resExtplus/part082/
1 /p/QSOpt/NAEopt/optZ/runZn4k2resExtplus/part082/
2 /p/QSOpt/NAEopt/optZ/runZn4k2resExtplus/part082/
3 /p/QSOpt/NAEopt/optZ/runZn4k2resExtplus/part082/
4 /p/QSOpt/NAEopt/optZ/runZn4k2resExtplus/part082/
5 /p/QSOpt/NAEopt/optZ/runZn4k2resExtplus/part082/
6 /p/QSOpt/NAEopt/optZ/runZn4k2resExtplus/part082/
7 /p/QSOpt/NAEopt/optZ/runZn4k2resExtplus/part082/
8 /p/QSOpt/NAEopt/optZ/runZn4k2resExtplus/part082/
9 /p/QSOpt/NAEopt/optZ/runZn4k2resExtplus/part082/
6 /p/QSOpt/NAEopt/optZ/runZn4k2resExtplus/part082/
0 /p/QSOpt/NAEopt/optZ/runZn4k2resExtplus/part082/
1 /p/QSOpt/NAEopt/optZ/runZn4k2resExtplus/part082/
2 /p/QSOpt/NAEopt/optZ/runZn4k2resExtplus/part082/
3 /p/QSOpt/NAEopt/optZ/runZn4k2resExtplus/part082/
4 /p/QSOpt/NAEopt/optZ/runZn4k2resExtplus/part082/
5 /p/QSOpt/NAEopt/optZ/runZn4k2resExtplus/part082/
6 /p/QSOpt/NAEopt/optZ/runZn4k2resExtplus/part082/
7 /p/QSOpt/NAEopt/optZ/runZn4k2resExtplus/part082/
8 /p/QSOpt/NAEopt/optZ/runZn4k2resExtplus/part082/
9 /p/QSOpt/NAEopt/optZ/runZn4k2resExtplus/part082/
7 /p/QSOpt/NAEopt/optZ/runZn4k2resExtplus/part082/
0 /p/QSOpt/NAEopt/optZ/runZn4k2resExtplus/part082/
1 /p/QSOpt/NAEopt/optZ/runZn4k2resExtplus/part082/
2 /p/QSOpt/NAEopt/optZ/runZn4k2resExtplus/part082/
3 /p/QSOpt/NAEopt/optZ/runZn4k2resExtplus/part082/
4 /p/QSOpt/NAEopt/optZ/runZn4k2resExtplus/part082/
5 /p/QSOpt/NAEopt/optZ/runZn4k2resExtplus/part082/
6 /p/QSOpt/NAEopt/optZ/runZn4k2resExtplus/part082/
7 /p/QSOpt/NAEopt/optZ/runZn4k2resExtplus/part082/
8 /p/QSOpt/NAEopt/optZ/runZn4k2resExtplus/part082/
9 /p/QSOpt/NAEopt/optZ/runZn4k2resExtplus/part082/
8 /p/QSOpt/NAEopt/optZ/runZn4k2resExtplus/part082/
0 /p/QSOpt/NAEopt/optZ/runZn4k2resExtplus/part082/
1 /p/QSOpt/NAEopt/optZ/runZn4k2resExtplus/part082/
2 /p/QSOpt/NAEopt/optZ/runZn4k2resExtplus/part082/
3 /p/QSOpt/NAEopt/optZ/runZn4k2resExtplus/part082/
4 /p/QSOpt/NAEopt/optZ/runZn4k2resExtplus/part082/
5 /p/QSOpt/NAEopt/optZ/runZn4k2resExtplus/part082/
6 /p/QSOpt/NAEopt/optZ/runZn4k2resExtplus/part082/
7 /p/QSOpt/NAEopt/optZ/runZn4k2resExtplus/part082/
8 /p/QSOpt/NAEopt/optZ/runZn4k2resExtplus/part082/
9 /p/QSOpt/NAEopt/optZ/runZn4k2resExtplus/part082/
9 /p/QSOpt/NAEopt/optZ/runZn4k2resExtplus/part082/
0 /p/QSOpt/NAEopt/optZ/runZn4k2resExtplus/part082/
1 /p/QSOpt/NAEopt/optZ/runZn4k2resExtplus/part082/
2 /p/QSOpt/NAEopt/optZ/runZn4k2resExtplus/part082/
3 /p/QSOpt/NAEopt/optZ/runZn4k2resExtplus/part082/
4 /p/QSOpt/NAEopt/optZ/runZn4k2resExtplus/part082/
5 /p/QSOpt/NAEopt/optZ/runZn4k2resExtplus/part082/
6 /p/QSOpt/NAEopt/optZ/runZn4k2resExtplus/part082/
7 /p/QSOpt/NAEopt/optZ/runZn4k2resExtplus/part082/
8 /p/QSOpt/NAEopt/optZ/runZn4k2resExtplus/part082/
9 /p/QSOpt/NAEopt/optZ/runZn4k2resExtplus/part082/
10 /p/QSOpt/NAEopt/optZ/runZn4k2resExtplus/part082/
0 /p/QSOpt/NAEopt/optZ/runZn4k2resExtplus/part082/
1 /p/QSOpt/NAEopt/optZ/runZn4k2resExtplus/part082/
2 /p/QSOpt/NAEopt/optZ/runZn4k2resExtplus/part082/
3 /p/QSOpt/NAEopt/optZ/runZn4k2resExtplus/part082/
4 /p/QSOpt/NAEopt/optZ/runZn4k2resExtplus/part082/
5 /p/QSOpt/NAEopt/optZ/runZn4k2resExtplus/part082/
6 /p/QSOpt/NAEopt/optZ/runZn4k2resExtplus/part082/
7 /p/QSOpt/NAEopt/optZ/runZn4k2resExtplus/part082/
8 /p/QSOpt/NAEopt/optZ/runZn4k2resExtplus/part082/
9 /p/QSOpt/NAEopt/optZ/runZn4k2resExtplus/part082/
11 /p/QSOpt/NAEopt/optZ/runZn4k2resExtplus/part082/
0 /p/QSOpt/NAEopt/optZ/runZn4k2resExtplus/part082/
1 /p/QSOpt/NAEopt/optZ/runZn4k2resExtplus/part082/
2 /p/QSOpt/NAEopt/optZ/runZn4k2resExtplus/part082/
3 /p/QSOpt/NAEopt/optZ/runZn4k2resExtplus/part082/
4 /p/QSOpt/NAEopt/optZ/runZn4k2resExtplus/part082/
5 /p/QSOpt/NAEopt/optZ/runZn4k2resExtplus/part082/
6 /p/QSOpt/NAEopt/optZ/runZn4k2resExtplus/part082/
7 /p/QSOpt/NAEopt/optZ/runZn4k2resExtplus/part082/
8 /p/QSOpt/NAEopt/optZ/runZn4k2resExtplus/part082/
9 /p/QSOpt/NAEopt/optZ/runZn4k2resExtplus/part082/
12 /p/QSOpt/NAEopt/optZ/runZn4k2resExtplus/part082/
0 /p/QSOpt/NAEopt/optZ/runZn4k2resExtplus/part082/
1 /p/QSOpt/NAEopt/optZ/runZn4k2resExtplus/part082/
2 /p/QSOpt/NAEopt/optZ/runZn4k2resExtplus/part082/
3 /p/QSOpt/NAEopt/optZ/runZn4k2resExtplus/part082/
4 /p/QSOpt/NAEopt/optZ/runZn4k2resExtplus/part082/
5 /p/QSOpt/NAEopt/optZ/runZn4k2resExtplus/part082/
6 /p/QSOpt/NAEopt/optZ/runZn4k2resExtplus/part082/
7 /p/QSOpt/NAEopt/optZ/runZn4k2resExtplus/part082/
8 /p/QSOpt/NAEopt/optZ/runZn4k2resExtplus/part082/
9 /p/QSOpt/NAEopt/optZ/runZn4k2resExtplus/part082/
13 /p/QSOpt/NAEopt/optZ/runZn4k2resExtplus/part082/
0 /p/QSOpt/NAEopt/optZ/runZn4k2resExtplus/part082/
1 /p/QSOpt/NAEopt/optZ/runZn4k2resExtplus/part082/
2 /p/QSOpt/NAEopt/optZ/runZn4k2resExtplus/part082/
3 /p/QSOpt/NAEopt/optZ/runZn4k2resExtplus/part082/
4 /p/QSOpt/NAEopt/optZ/runZn4k2resExtplus/part082/
5 /p/QSOpt/NAEopt/optZ/runZn4k2resExtplus/part082/
6 /p/QSOpt/NAEopt/optZ/runZn4k2resExtplus/part082/
7 /p/QSOpt/NAEopt/optZ/runZn4k2resExtplus/part082/
8 /p/QSOpt/NAEopt/optZ/runZn4k2resExtplus/part082/
9 /p/QSOpt/NAEopt/optZ/runZn4k2resExtplus/part082/
14 /p/QSOpt/NAEopt/optZ/runZn4k2resExtplus/part082/
