python optAnhark2optZ.py 15 0.44999999999999996 0.48 10 0.036000000000000004 0.048 /p/QSOpt/NAEopt/optZ/runZn4k2resExtplus/part059/
0 /p/QSOpt/NAEopt/optZ/runZn4k2resExtplus/part059/
1 /p/QSOpt/NAEopt/optZ/runZn4k2resExtplus/part059/
2 /p/QSOpt/NAEopt/optZ/runZn4k2resExtplus/part059/
3 /p/QSOpt/NAEopt/optZ/runZn4k2resExtplus/part059/
4 /p/QSOpt/NAEopt/optZ/runZn4k2resExtplus/part059/
5 /p/QSOpt/NAEopt/optZ/runZn4k2resExtplus/part059/
6 /p/QSOpt/NAEopt/optZ/runZn4k2resExtplus/part059/
7 /p/QSOpt/NAEopt/optZ/runZn4k2resExtplus/part059/
8 /p/QSOpt/NAEopt/optZ/runZn4k2resExtplus/part059/
9 /p/QSOpt/NAEopt/optZ/runZn4k2resExtplus/part059/
0 /p/QSOpt/NAEopt/optZ/runZn4k2resExtplus/part059/
0 /p/QSOpt/NAEopt/optZ/runZn4k2resExtplus/part059/
1 /p/QSOpt/NAEopt/optZ/runZn4k2resExtplus/part059/
2 /p/QSOpt/NAEopt/optZ/runZn4k2resExtplus/part059/
3 /p/QSOpt/NAEopt/optZ/runZn4k2resExtplus/part059/
4 /p/QSOpt/NAEopt/optZ/runZn4k2resExtplus/part059/
5 /p/QSOpt/NAEopt/optZ/runZn4k2resExtplus/part059/
6 /p/QSOpt/NAEopt/optZ/runZn4k2resExtplus/part059/
7 /p/QSOpt/NAEopt/optZ/runZn4k2resExtplus/part059/
8 /p/QSOpt/NAEopt/optZ/runZn4k2resExtplus/part059/
9 /p/QSOpt/NAEopt/optZ/runZn4k2resExtplus/part059/
1 /p/QSOpt/NAEopt/optZ/runZn4k2resExtplus/part059/
0 /p/QSOpt/NAEopt/optZ/runZn4k2resExtplus/part059/
1 /p/QSOpt/NAEopt/optZ/runZn4k2resExtplus/part059/
2 /p/QSOpt/NAEopt/optZ/runZn4k2resExtplus/part059/
3 /p/QSOpt/NAEopt/optZ/runZn4k2resExtplus/part059/
4 /p/QSOpt/NAEopt/optZ/runZn4k2resExtplus/part059/
5 /p/QSOpt/NAEopt/optZ/runZn4k2resExtplus/part059/
6 /p/QSOpt/NAEopt/optZ/runZn4k2resExtplus/part059/
7 /p/QSOpt/NAEopt/optZ/runZn4k2resExtplus/part059/
8 /p/QSOpt/NAEopt/optZ/runZn4k2resExtplus/part059/
9 /p/QSOpt/NAEopt/optZ/runZn4k2resExtplus/part059/
2 /p/QSOpt/NAEopt/optZ/runZn4k2resExtplus/part059/
0 /p/QSOpt/NAEopt/optZ/runZn4k2resExtplus/part059/
1 /p/QSOpt/NAEopt/optZ/runZn4k2resExtplus/part059/
2 /p/QSOpt/NAEopt/optZ/runZn4k2resExtplus/part059/
3 /p/QSOpt/NAEopt/optZ/runZn4k2resExtplus/part059/
4 /p/QSOpt/NAEopt/optZ/runZn4k2resExtplus/part059/
5 /p/QSOpt/NAEopt/optZ/runZn4k2resExtplus/part059/
6 /p/QSOpt/NAEopt/optZ/runZn4k2resExtplus/part059/
7 /p/QSOpt/NAEopt/optZ/runZn4k2resExtplus/part059/
8 /p/QSOpt/NAEopt/optZ/runZn4k2resExtplus/part059/
9 /p/QSOpt/NAEopt/optZ/runZn4k2resExtplus/part059/
3 /p/QSOpt/NAEopt/optZ/runZn4k2resExtplus/part059/
0 /p/QSOpt/NAEopt/optZ/runZn4k2resExtplus/part059/
1 /p/QSOpt/NAEopt/optZ/runZn4k2resExtplus/part059/
2 /p/QSOpt/NAEopt/optZ/runZn4k2resExtplus/part059/
3 /p/QSOpt/NAEopt/optZ/runZn4k2resExtplus/part059/
4 /p/QSOpt/NAEopt/optZ/runZn4k2resExtplus/part059/
5 /p/QSOpt/NAEopt/optZ/runZn4k2resExtplus/part059/
6 /p/QSOpt/NAEopt/optZ/runZn4k2resExtplus/part059/
7 /p/QSOpt/NAEopt/optZ/runZn4k2resExtplus/part059/
8 /p/QSOpt/NAEopt/optZ/runZn4k2resExtplus/part059/
9 /p/QSOpt/NAEopt/optZ/runZn4k2resExtplus/part059/
4 /p/QSOpt/NAEopt/optZ/runZn4k2resExtplus/part059/
0 /p/QSOpt/NAEopt/optZ/runZn4k2resExtplus/part059/
1 /p/QSOpt/NAEopt/optZ/runZn4k2resExtplus/part059/
2 /p/QSOpt/NAEopt/optZ/runZn4k2resExtplus/part059/
3 /p/QSOpt/NAEopt/optZ/runZn4k2resExtplus/part059/
4 /p/QSOpt/NAEopt/optZ/runZn4k2resExtplus/part059/
5 /p/QSOpt/NAEopt/optZ/runZn4k2resExtplus/part059/
6 /p/QSOpt/NAEopt/optZ/runZn4k2resExtplus/part059/
7 /p/QSOpt/NAEopt/optZ/runZn4k2resExtplus/part059/
8 /p/QSOpt/NAEopt/optZ/runZn4k2resExtplus/part059/
9 /p/QSOpt/NAEopt/optZ/runZn4k2resExtplus/part059/
5 /p/QSOpt/NAEopt/optZ/runZn4k2resExtplus/part059/
0 /p/QSOpt/NAEopt/optZ/runZn4k2resExtplus/part059/
1 /p/QSOpt/NAEopt/optZ/runZn4k2resExtplus/part059/
2 /p/QSOpt/NAEopt/optZ/runZn4k2resExtplus/part059/
3 /p/QSOpt/NAEopt/optZ/runZn4k2resExtplus/part059/
4 /p/QSOpt/NAEopt/optZ/runZn4k2resExtplus/part059/
5 /p/QSOpt/NAEopt/optZ/runZn4k2resExtplus/part059/
6 /p/QSOpt/NAEopt/optZ/runZn4k2resExtplus/part059/
7 /p/QSOpt/NAEopt/optZ/runZn4k2resExtplus/part059/
8 /p/QSOpt/NAEopt/optZ/runZn4k2resExtplus/part059/
9 /p/QSOpt/NAEopt/optZ/runZn4k2resExtplus/part059/
6 /p/QSOpt/NAEopt/optZ/runZn4k2resExtplus/part059/
0 /p/QSOpt/NAEopt/optZ/runZn4k2resExtplus/part059/
1 /p/QSOpt/NAEopt/optZ/runZn4k2resExtplus/part059/
2 /p/QSOpt/NAEopt/optZ/runZn4k2resExtplus/part059/
3 /p/QSOpt/NAEopt/optZ/runZn4k2resExtplus/part059/
4 /p/QSOpt/NAEopt/optZ/runZn4k2resExtplus/part059/
5 /p/QSOpt/NAEopt/optZ/runZn4k2resExtplus/part059/
6 /p/QSOpt/NAEopt/optZ/runZn4k2resExtplus/part059/
7 /p/QSOpt/NAEopt/optZ/runZn4k2resExtplus/part059/
8 /p/QSOpt/NAEopt/optZ/runZn4k2resExtplus/part059/
9 /p/QSOpt/NAEopt/optZ/runZn4k2resExtplus/part059/
7 /p/QSOpt/NAEopt/optZ/runZn4k2resExtplus/part059/
0 /p/QSOpt/NAEopt/optZ/runZn4k2resExtplus/part059/
1 /p/QSOpt/NAEopt/optZ/runZn4k2resExtplus/part059/
2 /p/QSOpt/NAEopt/optZ/runZn4k2resExtplus/part059/
3 /p/QSOpt/NAEopt/optZ/runZn4k2resExtplus/part059/
4 /p/QSOpt/NAEopt/optZ/runZn4k2resExtplus/part059/
5 /p/QSOpt/NAEopt/optZ/runZn4k2resExtplus/part059/
6 /p/QSOpt/NAEopt/optZ/runZn4k2resExtplus/part059/
7 /p/QSOpt/NAEopt/optZ/runZn4k2resExtplus/part059/
8 /p/QSOpt/NAEopt/optZ/runZn4k2resExtplus/part059/
9 /p/QSOpt/NAEopt/optZ/runZn4k2resExtplus/part059/
8 /p/QSOpt/NAEopt/optZ/runZn4k2resExtplus/part059/
0 /p/QSOpt/NAEopt/optZ/runZn4k2resExtplus/part059/
1 /p/QSOpt/NAEopt/optZ/runZn4k2resExtplus/part059/
2 /p/QSOpt/NAEopt/optZ/runZn4k2resExtplus/part059/
3 /p/QSOpt/NAEopt/optZ/runZn4k2resExtplus/part059/
4 /p/QSOpt/NAEopt/optZ/runZn4k2resExtplus/part059/
5 /p/QSOpt/NAEopt/optZ/runZn4k2resExtplus/part059/
6 /p/QSOpt/NAEopt/optZ/runZn4k2resExtplus/part059/
7 /p/QSOpt/NAEopt/optZ/runZn4k2resExtplus/part059/
8 /p/QSOpt/NAEopt/optZ/runZn4k2resExtplus/part059/
9 /p/QSOpt/NAEopt/optZ/runZn4k2resExtplus/part059/
9 /p/QSOpt/NAEopt/optZ/runZn4k2resExtplus/part059/
0 /p/QSOpt/NAEopt/optZ/runZn4k2resExtplus/part059/
1 /p/QSOpt/NAEopt/optZ/runZn4k2resExtplus/part059/
2 /p/QSOpt/NAEopt/optZ/runZn4k2resExtplus/part059/
3 /p/QSOpt/NAEopt/optZ/runZn4k2resExtplus/part059/
4 /p/QSOpt/NAEopt/optZ/runZn4k2resExtplus/part059/
5 /p/QSOpt/NAEopt/optZ/runZn4k2resExtplus/part059/
6 /p/QSOpt/NAEopt/optZ/runZn4k2resExtplus/part059/
7 /p/QSOpt/NAEopt/optZ/runZn4k2resExtplus/part059/
8 /p/QSOpt/NAEopt/optZ/runZn4k2resExtplus/part059/
9 /p/QSOpt/NAEopt/optZ/runZn4k2resExtplus/part059/
10 /p/QSOpt/NAEopt/optZ/runZn4k2resExtplus/part059/
0 /p/QSOpt/NAEopt/optZ/runZn4k2resExtplus/part059/
1 /p/QSOpt/NAEopt/optZ/runZn4k2resExtplus/part059/
2 /p/QSOpt/NAEopt/optZ/runZn4k2resExtplus/part059/
3 /p/QSOpt/NAEopt/optZ/runZn4k2resExtplus/part059/
4 /p/QSOpt/NAEopt/optZ/runZn4k2resExtplus/part059/
5 /p/QSOpt/NAEopt/optZ/runZn4k2resExtplus/part059/
6 /p/QSOpt/NAEopt/optZ/runZn4k2resExtplus/part059/
7 /p/QSOpt/NAEopt/optZ/runZn4k2resExtplus/part059/
8 /p/QSOpt/NAEopt/optZ/runZn4k2resExtplus/part059/
9 /p/QSOpt/NAEopt/optZ/runZn4k2resExtplus/part059/
11 /p/QSOpt/NAEopt/optZ/runZn4k2resExtplus/part059/
0 /p/QSOpt/NAEopt/optZ/runZn4k2resExtplus/part059/
1 /p/QSOpt/NAEopt/optZ/runZn4k2resExtplus/part059/
2 /p/QSOpt/NAEopt/optZ/runZn4k2resExtplus/part059/
3 /p/QSOpt/NAEopt/optZ/runZn4k2resExtplus/part059/
4 /p/QSOpt/NAEopt/optZ/runZn4k2resExtplus/part059/
5 /p/QSOpt/NAEopt/optZ/runZn4k2resExtplus/part059/
6 /p/QSOpt/NAEopt/optZ/runZn4k2resExtplus/part059/
7 /p/QSOpt/NAEopt/optZ/runZn4k2resExtplus/part059/
8 /p/QSOpt/NAEopt/optZ/runZn4k2resExtplus/part059/
9 /p/QSOpt/NAEopt/optZ/runZn4k2resExtplus/part059/
12 /p/QSOpt/NAEopt/optZ/runZn4k2resExtplus/part059/
0 /p/QSOpt/NAEopt/optZ/runZn4k2resExtplus/part059/
1 /p/QSOpt/NAEopt/optZ/runZn4k2resExtplus/part059/
2 /p/QSOpt/NAEopt/optZ/runZn4k2resExtplus/part059/
3 /p/QSOpt/NAEopt/optZ/runZn4k2resExtplus/part059/
4 /p/QSOpt/NAEopt/optZ/runZn4k2resExtplus/part059/
5 /p/QSOpt/NAEopt/optZ/runZn4k2resExtplus/part059/
6 /p/QSOpt/NAEopt/optZ/runZn4k2resExtplus/part059/
7 /p/QSOpt/NAEopt/optZ/runZn4k2resExtplus/part059/
8 /p/QSOpt/NAEopt/optZ/runZn4k2resExtplus/part059/
9 /p/QSOpt/NAEopt/optZ/runZn4k2resExtplus/part059/
13 /p/QSOpt/NAEopt/optZ/runZn4k2resExtplus/part059/
0 /p/QSOpt/NAEopt/optZ/runZn4k2resExtplus/part059/
1 /p/QSOpt/NAEopt/optZ/runZn4k2resExtplus/part059/
2 /p/QSOpt/NAEopt/optZ/runZn4k2resExtplus/part059/
3 /p/QSOpt/NAEopt/optZ/runZn4k2resExtplus/part059/
4 /p/QSOpt/NAEopt/optZ/runZn4k2resExtplus/part059/
5 /p/QSOpt/NAEopt/optZ/runZn4k2resExtplus/part059/
6 /p/QSOpt/NAEopt/optZ/runZn4k2resExtplus/part059/
7 /p/QSOpt/NAEopt/optZ/runZn4k2resExtplus/part059/
8 /p/QSOpt/NAEopt/optZ/runZn4k2resExtplus/part059/
9 /p/QSOpt/NAEopt/optZ/runZn4k2resExtplus/part059/
14 /p/QSOpt/NAEopt/optZ/runZn4k2resExtplus/part059/
