python optAnhark2optZ.py 15 0.5700000000000001 0.6 10 -0.011999999999999997 0.0 /p/QSOpt/NAEopt/optZ/runZn4k2resExtplus/part095/
0 /p/QSOpt/NAEopt/optZ/runZn4k2resExtplus/part095/
1 /p/QSOpt/NAEopt/optZ/runZn4k2resExtplus/part095/
2 /p/QSOpt/NAEopt/optZ/runZn4k2resExtplus/part095/
3 /p/QSOpt/NAEopt/optZ/runZn4k2resExtplus/part095/
4 /p/QSOpt/NAEopt/optZ/runZn4k2resExtplus/part095/
5 /p/QSOpt/NAEopt/optZ/runZn4k2resExtplus/part095/
6 /p/QSOpt/NAEopt/optZ/runZn4k2resExtplus/part095/
7 /p/QSOpt/NAEopt/optZ/runZn4k2resExtplus/part095/
8 /p/QSOpt/NAEopt/optZ/runZn4k2resExtplus/part095/
9 /p/QSOpt/NAEopt/optZ/runZn4k2resExtplus/part095/
0 /p/QSOpt/NAEopt/optZ/runZn4k2resExtplus/part095/
0 /p/QSOpt/NAEopt/optZ/runZn4k2resExtplus/part095/
1 /p/QSOpt/NAEopt/optZ/runZn4k2resExtplus/part095/
2 /p/QSOpt/NAEopt/optZ/runZn4k2resExtplus/part095/
3 /p/QSOpt/NAEopt/optZ/runZn4k2resExtplus/part095/
4 /p/QSOpt/NAEopt/optZ/runZn4k2resExtplus/part095/
5 /p/QSOpt/NAEopt/optZ/runZn4k2resExtplus/part095/
6 /p/QSOpt/NAEopt/optZ/runZn4k2resExtplus/part095/
7 /p/QSOpt/NAEopt/optZ/runZn4k2resExtplus/part095/
8 /p/QSOpt/NAEopt/optZ/runZn4k2resExtplus/part095/
9 /p/QSOpt/NAEopt/optZ/runZn4k2resExtplus/part095/
1 /p/QSOpt/NAEopt/optZ/runZn4k2resExtplus/part095/
0 /p/QSOpt/NAEopt/optZ/runZn4k2resExtplus/part095/
1 /p/QSOpt/NAEopt/optZ/runZn4k2resExtplus/part095/
2 /p/QSOpt/NAEopt/optZ/runZn4k2resExtplus/part095/
3 /p/QSOpt/NAEopt/optZ/runZn4k2resExtplus/part095/
4 /p/QSOpt/NAEopt/optZ/runZn4k2resExtplus/part095/
5 /p/QSOpt/NAEopt/optZ/runZn4k2resExtplus/part095/
6 /p/QSOpt/NAEopt/optZ/runZn4k2resExtplus/part095/
7 /p/QSOpt/NAEopt/optZ/runZn4k2resExtplus/part095/
8 /p/QSOpt/NAEopt/optZ/runZn4k2resExtplus/part095/
9 /p/QSOpt/NAEopt/optZ/runZn4k2resExtplus/part095/
2 /p/QSOpt/NAEopt/optZ/runZn4k2resExtplus/part095/
0 /p/QSOpt/NAEopt/optZ/runZn4k2resExtplus/part095/
1 /p/QSOpt/NAEopt/optZ/runZn4k2resExtplus/part095/
2 /p/QSOpt/NAEopt/optZ/runZn4k2resExtplus/part095/
3 /p/QSOpt/NAEopt/optZ/runZn4k2resExtplus/part095/
4 /p/QSOpt/NAEopt/optZ/runZn4k2resExtplus/part095/
5 /p/QSOpt/NAEopt/optZ/runZn4k2resExtplus/part095/
6 /p/QSOpt/NAEopt/optZ/runZn4k2resExtplus/part095/
7 /p/QSOpt/NAEopt/optZ/runZn4k2resExtplus/part095/
8 /p/QSOpt/NAEopt/optZ/runZn4k2resExtplus/part095/
9 /p/QSOpt/NAEopt/optZ/runZn4k2resExtplus/part095/
3 /p/QSOpt/NAEopt/optZ/runZn4k2resExtplus/part095/
0 /p/QSOpt/NAEopt/optZ/runZn4k2resExtplus/part095/
1 /p/QSOpt/NAEopt/optZ/runZn4k2resExtplus/part095/
2 /p/QSOpt/NAEopt/optZ/runZn4k2resExtplus/part095/
3 /p/QSOpt/NAEopt/optZ/runZn4k2resExtplus/part095/
4 /p/QSOpt/NAEopt/optZ/runZn4k2resExtplus/part095/
5 /p/QSOpt/NAEopt/optZ/runZn4k2resExtplus/part095/
6 /p/QSOpt/NAEopt/optZ/runZn4k2resExtplus/part095/
7 /p/QSOpt/NAEopt/optZ/runZn4k2resExtplus/part095/
8 /p/QSOpt/NAEopt/optZ/runZn4k2resExtplus/part095/
9 /p/QSOpt/NAEopt/optZ/runZn4k2resExtplus/part095/
4 /p/QSOpt/NAEopt/optZ/runZn4k2resExtplus/part095/
0 /p/QSOpt/NAEopt/optZ/runZn4k2resExtplus/part095/
1 /p/QSOpt/NAEopt/optZ/runZn4k2resExtplus/part095/
2 /p/QSOpt/NAEopt/optZ/runZn4k2resExtplus/part095/
3 /p/QSOpt/NAEopt/optZ/runZn4k2resExtplus/part095/
4 /p/QSOpt/NAEopt/optZ/runZn4k2resExtplus/part095/
5 /p/QSOpt/NAEopt/optZ/runZn4k2resExtplus/part095/
6 /p/QSOpt/NAEopt/optZ/runZn4k2resExtplus/part095/
7 /p/QSOpt/NAEopt/optZ/runZn4k2resExtplus/part095/
8 /p/QSOpt/NAEopt/optZ/runZn4k2resExtplus/part095/
9 /p/QSOpt/NAEopt/optZ/runZn4k2resExtplus/part095/
5 /p/QSOpt/NAEopt/optZ/runZn4k2resExtplus/part095/
0 /p/QSOpt/NAEopt/optZ/runZn4k2resExtplus/part095/
1 /p/QSOpt/NAEopt/optZ/runZn4k2resExtplus/part095/
2 /p/QSOpt/NAEopt/optZ/runZn4k2resExtplus/part095/
3 /p/QSOpt/NAEopt/optZ/runZn4k2resExtplus/part095/
4 /p/QSOpt/NAEopt/optZ/runZn4k2resExtplus/part095/
5 /p/QSOpt/NAEopt/optZ/runZn4k2resExtplus/part095/
6 /p/QSOpt/NAEopt/optZ/runZn4k2resExtplus/part095/
7 /p/QSOpt/NAEopt/optZ/runZn4k2resExtplus/part095/
8 /p/QSOpt/NAEopt/optZ/runZn4k2resExtplus/part095/
9 /p/QSOpt/NAEopt/optZ/runZn4k2resExtplus/part095/
6 /p/QSOpt/NAEopt/optZ/runZn4k2resExtplus/part095/
0 /p/QSOpt/NAEopt/optZ/runZn4k2resExtplus/part095/
1 /p/QSOpt/NAEopt/optZ/runZn4k2resExtplus/part095/
2 /p/QSOpt/NAEopt/optZ/runZn4k2resExtplus/part095/
3 /p/QSOpt/NAEopt/optZ/runZn4k2resExtplus/part095/
4 /p/QSOpt/NAEopt/optZ/runZn4k2resExtplus/part095/
5 /p/QSOpt/NAEopt/optZ/runZn4k2resExtplus/part095/
6 /p/QSOpt/NAEopt/optZ/runZn4k2resExtplus/part095/
7 /p/QSOpt/NAEopt/optZ/runZn4k2resExtplus/part095/
8 /p/QSOpt/NAEopt/optZ/runZn4k2resExtplus/part095/
9 /p/QSOpt/NAEopt/optZ/runZn4k2resExtplus/part095/
7 /p/QSOpt/NAEopt/optZ/runZn4k2resExtplus/part095/
0 /p/QSOpt/NAEopt/optZ/runZn4k2resExtplus/part095/
1 /p/QSOpt/NAEopt/optZ/runZn4k2resExtplus/part095/
2 /p/QSOpt/NAEopt/optZ/runZn4k2resExtplus/part095/
3 /p/QSOpt/NAEopt/optZ/runZn4k2resExtplus/part095/
4 /p/QSOpt/NAEopt/optZ/runZn4k2resExtplus/part095/
5 /p/QSOpt/NAEopt/optZ/runZn4k2resExtplus/part095/
6 /p/QSOpt/NAEopt/optZ/runZn4k2resExtplus/part095/
7 /p/QSOpt/NAEopt/optZ/runZn4k2resExtplus/part095/
8 /p/QSOpt/NAEopt/optZ/runZn4k2resExtplus/part095/
9 /p/QSOpt/NAEopt/optZ/runZn4k2resExtplus/part095/
8 /p/QSOpt/NAEopt/optZ/runZn4k2resExtplus/part095/
0 /p/QSOpt/NAEopt/optZ/runZn4k2resExtplus/part095/
1 /p/QSOpt/NAEopt/optZ/runZn4k2resExtplus/part095/
2 /p/QSOpt/NAEopt/optZ/runZn4k2resExtplus/part095/
3 /p/QSOpt/NAEopt/optZ/runZn4k2resExtplus/part095/
4 /p/QSOpt/NAEopt/optZ/runZn4k2resExtplus/part095/
5 /p/QSOpt/NAEopt/optZ/runZn4k2resExtplus/part095/
6 /p/QSOpt/NAEopt/optZ/runZn4k2resExtplus/part095/
7 /p/QSOpt/NAEopt/optZ/runZn4k2resExtplus/part095/
8 /p/QSOpt/NAEopt/optZ/runZn4k2resExtplus/part095/
9 /p/QSOpt/NAEopt/optZ/runZn4k2resExtplus/part095/
9 /p/QSOpt/NAEopt/optZ/runZn4k2resExtplus/part095/
0 /p/QSOpt/NAEopt/optZ/runZn4k2resExtplus/part095/
1 /p/QSOpt/NAEopt/optZ/runZn4k2resExtplus/part095/
2 /p/QSOpt/NAEopt/optZ/runZn4k2resExtplus/part095/
3 /p/QSOpt/NAEopt/optZ/runZn4k2resExtplus/part095/
4 /p/QSOpt/NAEopt/optZ/runZn4k2resExtplus/part095/
5 /p/QSOpt/NAEopt/optZ/runZn4k2resExtplus/part095/
6 /p/QSOpt/NAEopt/optZ/runZn4k2resExtplus/part095/
7 /p/QSOpt/NAEopt/optZ/runZn4k2resExtplus/part095/
8 /p/QSOpt/NAEopt/optZ/runZn4k2resExtplus/part095/
9 /p/QSOpt/NAEopt/optZ/runZn4k2resExtplus/part095/
10 /p/QSOpt/NAEopt/optZ/runZn4k2resExtplus/part095/
0 /p/QSOpt/NAEopt/optZ/runZn4k2resExtplus/part095/
1 /p/QSOpt/NAEopt/optZ/runZn4k2resExtplus/part095/
2 /p/QSOpt/NAEopt/optZ/runZn4k2resExtplus/part095/
3 /p/QSOpt/NAEopt/optZ/runZn4k2resExtplus/part095/
4 /p/QSOpt/NAEopt/optZ/runZn4k2resExtplus/part095/
5 /p/QSOpt/NAEopt/optZ/runZn4k2resExtplus/part095/
6 /p/QSOpt/NAEopt/optZ/runZn4k2resExtplus/part095/
7 /p/QSOpt/NAEopt/optZ/runZn4k2resExtplus/part095/
8 /p/QSOpt/NAEopt/optZ/runZn4k2resExtplus/part095/
9 /p/QSOpt/NAEopt/optZ/runZn4k2resExtplus/part095/
11 /p/QSOpt/NAEopt/optZ/runZn4k2resExtplus/part095/
0 /p/QSOpt/NAEopt/optZ/runZn4k2resExtplus/part095/
1 /p/QSOpt/NAEopt/optZ/runZn4k2resExtplus/part095/
2 /p/QSOpt/NAEopt/optZ/runZn4k2resExtplus/part095/
3 /p/QSOpt/NAEopt/optZ/runZn4k2resExtplus/part095/
4 /p/QSOpt/NAEopt/optZ/runZn4k2resExtplus/part095/
5 /p/QSOpt/NAEopt/optZ/runZn4k2resExtplus/part095/
6 /p/QSOpt/NAEopt/optZ/runZn4k2resExtplus/part095/
7 /p/QSOpt/NAEopt/optZ/runZn4k2resExtplus/part095/
8 /p/QSOpt/NAEopt/optZ/runZn4k2resExtplus/part095/
9 /p/QSOpt/NAEopt/optZ/runZn4k2resExtplus/part095/
12 /p/QSOpt/NAEopt/optZ/runZn4k2resExtplus/part095/
0 /p/QSOpt/NAEopt/optZ/runZn4k2resExtplus/part095/
1 /p/QSOpt/NAEopt/optZ/runZn4k2resExtplus/part095/
2 /p/QSOpt/NAEopt/optZ/runZn4k2resExtplus/part095/
3 /p/QSOpt/NAEopt/optZ/runZn4k2resExtplus/part095/
4 /p/QSOpt/NAEopt/optZ/runZn4k2resExtplus/part095/
5 /p/QSOpt/NAEopt/optZ/runZn4k2resExtplus/part095/
6 /p/QSOpt/NAEopt/optZ/runZn4k2resExtplus/part095/
7 /p/QSOpt/NAEopt/optZ/runZn4k2resExtplus/part095/
8 /p/QSOpt/NAEopt/optZ/runZn4k2resExtplus/part095/
9 /p/QSOpt/NAEopt/optZ/runZn4k2resExtplus/part095/
13 /p/QSOpt/NAEopt/optZ/runZn4k2resExtplus/part095/
0 /p/QSOpt/NAEopt/optZ/runZn4k2resExtplus/part095/
1 /p/QSOpt/NAEopt/optZ/runZn4k2resExtplus/part095/
2 /p/QSOpt/NAEopt/optZ/runZn4k2resExtplus/part095/
3 /p/QSOpt/NAEopt/optZ/runZn4k2resExtplus/part095/
4 /p/QSOpt/NAEopt/optZ/runZn4k2resExtplus/part095/
5 /p/QSOpt/NAEopt/optZ/runZn4k2resExtplus/part095/
6 /p/QSOpt/NAEopt/optZ/runZn4k2resExtplus/part095/
7 /p/QSOpt/NAEopt/optZ/runZn4k2resExtplus/part095/
8 /p/QSOpt/NAEopt/optZ/runZn4k2resExtplus/part095/
9 /p/QSOpt/NAEopt/optZ/runZn4k2resExtplus/part095/
14 /p/QSOpt/NAEopt/optZ/runZn4k2resExtplus/part095/
