python optAnhark2optZ.py 15 0.32999999999999996 0.36 10 0.036000000000000004 0.048 /p/QSOpt/NAEopt/optZ/runZn4k2resExtplus/part019/
0 /p/QSOpt/NAEopt/optZ/runZn4k2resExtplus/part019/
1 /p/QSOpt/NAEopt/optZ/runZn4k2resExtplus/part019/
2 /p/QSOpt/NAEopt/optZ/runZn4k2resExtplus/part019/
3 /p/QSOpt/NAEopt/optZ/runZn4k2resExtplus/part019/
4 /p/QSOpt/NAEopt/optZ/runZn4k2resExtplus/part019/
5 /p/QSOpt/NAEopt/optZ/runZn4k2resExtplus/part019/
6 /p/QSOpt/NAEopt/optZ/runZn4k2resExtplus/part019/
7 /p/QSOpt/NAEopt/optZ/runZn4k2resExtplus/part019/
8 /p/QSOpt/NAEopt/optZ/runZn4k2resExtplus/part019/
9 /p/QSOpt/NAEopt/optZ/runZn4k2resExtplus/part019/
0 /p/QSOpt/NAEopt/optZ/runZn4k2resExtplus/part019/
0 /p/QSOpt/NAEopt/optZ/runZn4k2resExtplus/part019/
1 /p/QSOpt/NAEopt/optZ/runZn4k2resExtplus/part019/
2 /p/QSOpt/NAEopt/optZ/runZn4k2resExtplus/part019/
3 /p/QSOpt/NAEopt/optZ/runZn4k2resExtplus/part019/
4 /p/QSOpt/NAEopt/optZ/runZn4k2resExtplus/part019/
5 /p/QSOpt/NAEopt/optZ/runZn4k2resExtplus/part019/
6 /p/QSOpt/NAEopt/optZ/runZn4k2resExtplus/part019/
7 /p/QSOpt/NAEopt/optZ/runZn4k2resExtplus/part019/
8 /p/QSOpt/NAEopt/optZ/runZn4k2resExtplus/part019/
9 /p/QSOpt/NAEopt/optZ/runZn4k2resExtplus/part019/
1 /p/QSOpt/NAEopt/optZ/runZn4k2resExtplus/part019/
0 /p/QSOpt/NAEopt/optZ/runZn4k2resExtplus/part019/
1 /p/QSOpt/NAEopt/optZ/runZn4k2resExtplus/part019/
2 /p/QSOpt/NAEopt/optZ/runZn4k2resExtplus/part019/
3 /p/QSOpt/NAEopt/optZ/runZn4k2resExtplus/part019/
4 /p/QSOpt/NAEopt/optZ/runZn4k2resExtplus/part019/
5 /p/QSOpt/NAEopt/optZ/runZn4k2resExtplus/part019/
6 /p/QSOpt/NAEopt/optZ/runZn4k2resExtplus/part019/
7 /p/QSOpt/NAEopt/optZ/runZn4k2resExtplus/part019/
8 /p/QSOpt/NAEopt/optZ/runZn4k2resExtplus/part019/
9 /p/QSOpt/NAEopt/optZ/runZn4k2resExtplus/part019/
2 /p/QSOpt/NAEopt/optZ/runZn4k2resExtplus/part019/
0 /p/QSOpt/NAEopt/optZ/runZn4k2resExtplus/part019/
1 /p/QSOpt/NAEopt/optZ/runZn4k2resExtplus/part019/
2 /p/QSOpt/NAEopt/optZ/runZn4k2resExtplus/part019/
3 /p/QSOpt/NAEopt/optZ/runZn4k2resExtplus/part019/
4 /p/QSOpt/NAEopt/optZ/runZn4k2resExtplus/part019/
5 /p/QSOpt/NAEopt/optZ/runZn4k2resExtplus/part019/
6 /p/QSOpt/NAEopt/optZ/runZn4k2resExtplus/part019/
7 /p/QSOpt/NAEopt/optZ/runZn4k2resExtplus/part019/
8 /p/QSOpt/NAEopt/optZ/runZn4k2resExtplus/part019/
9 /p/QSOpt/NAEopt/optZ/runZn4k2resExtplus/part019/
3 /p/QSOpt/NAEopt/optZ/runZn4k2resExtplus/part019/
0 /p/QSOpt/NAEopt/optZ/runZn4k2resExtplus/part019/
1 /p/QSOpt/NAEopt/optZ/runZn4k2resExtplus/part019/
2 /p/QSOpt/NAEopt/optZ/runZn4k2resExtplus/part019/
3 /p/QSOpt/NAEopt/optZ/runZn4k2resExtplus/part019/
4 /p/QSOpt/NAEopt/optZ/runZn4k2resExtplus/part019/
5 /p/QSOpt/NAEopt/optZ/runZn4k2resExtplus/part019/
6 /p/QSOpt/NAEopt/optZ/runZn4k2resExtplus/part019/
7 /p/QSOpt/NAEopt/optZ/runZn4k2resExtplus/part019/
8 /p/QSOpt/NAEopt/optZ/runZn4k2resExtplus/part019/
9 /p/QSOpt/NAEopt/optZ/runZn4k2resExtplus/part019/
4 /p/QSOpt/NAEopt/optZ/runZn4k2resExtplus/part019/
0 /p/QSOpt/NAEopt/optZ/runZn4k2resExtplus/part019/
1 /p/QSOpt/NAEopt/optZ/runZn4k2resExtplus/part019/
2 /p/QSOpt/NAEopt/optZ/runZn4k2resExtplus/part019/
3 /p/QSOpt/NAEopt/optZ/runZn4k2resExtplus/part019/
4 /p/QSOpt/NAEopt/optZ/runZn4k2resExtplus/part019/
5 /p/QSOpt/NAEopt/optZ/runZn4k2resExtplus/part019/
6 /p/QSOpt/NAEopt/optZ/runZn4k2resExtplus/part019/
7 /p/QSOpt/NAEopt/optZ/runZn4k2resExtplus/part019/
8 /p/QSOpt/NAEopt/optZ/runZn4k2resExtplus/part019/
9 /p/QSOpt/NAEopt/optZ/runZn4k2resExtplus/part019/
5 /p/QSOpt/NAEopt/optZ/runZn4k2resExtplus/part019/
0 /p/QSOpt/NAEopt/optZ/runZn4k2resExtplus/part019/
1 /p/QSOpt/NAEopt/optZ/runZn4k2resExtplus/part019/
2 /p/QSOpt/NAEopt/optZ/runZn4k2resExtplus/part019/
3 /p/QSOpt/NAEopt/optZ/runZn4k2resExtplus/part019/
4 /p/QSOpt/NAEopt/optZ/runZn4k2resExtplus/part019/
5 /p/QSOpt/NAEopt/optZ/runZn4k2resExtplus/part019/
6 /p/QSOpt/NAEopt/optZ/runZn4k2resExtplus/part019/
7 /p/QSOpt/NAEopt/optZ/runZn4k2resExtplus/part019/
8 /p/QSOpt/NAEopt/optZ/runZn4k2resExtplus/part019/
9 /p/QSOpt/NAEopt/optZ/runZn4k2resExtplus/part019/
6 /p/QSOpt/NAEopt/optZ/runZn4k2resExtplus/part019/
0 /p/QSOpt/NAEopt/optZ/runZn4k2resExtplus/part019/
1 /p/QSOpt/NAEopt/optZ/runZn4k2resExtplus/part019/
2 /p/QSOpt/NAEopt/optZ/runZn4k2resExtplus/part019/
3 /p/QSOpt/NAEopt/optZ/runZn4k2resExtplus/part019/
4 /p/QSOpt/NAEopt/optZ/runZn4k2resExtplus/part019/
5 /p/QSOpt/NAEopt/optZ/runZn4k2resExtplus/part019/
6 /p/QSOpt/NAEopt/optZ/runZn4k2resExtplus/part019/
7 /p/QSOpt/NAEopt/optZ/runZn4k2resExtplus/part019/
8 /p/QSOpt/NAEopt/optZ/runZn4k2resExtplus/part019/
9 /p/QSOpt/NAEopt/optZ/runZn4k2resExtplus/part019/
7 /p/QSOpt/NAEopt/optZ/runZn4k2resExtplus/part019/
0 /p/QSOpt/NAEopt/optZ/runZn4k2resExtplus/part019/
1 /p/QSOpt/NAEopt/optZ/runZn4k2resExtplus/part019/
2 /p/QSOpt/NAEopt/optZ/runZn4k2resExtplus/part019/
3 /p/QSOpt/NAEopt/optZ/runZn4k2resExtplus/part019/
4 /p/QSOpt/NAEopt/optZ/runZn4k2resExtplus/part019/
5 /p/QSOpt/NAEopt/optZ/runZn4k2resExtplus/part019/
6 /p/QSOpt/NAEopt/optZ/runZn4k2resExtplus/part019/
7 /p/QSOpt/NAEopt/optZ/runZn4k2resExtplus/part019/
8 /p/QSOpt/NAEopt/optZ/runZn4k2resExtplus/part019/
9 /p/QSOpt/NAEopt/optZ/runZn4k2resExtplus/part019/
8 /p/QSOpt/NAEopt/optZ/runZn4k2resExtplus/part019/
0 /p/QSOpt/NAEopt/optZ/runZn4k2resExtplus/part019/
1 /p/QSOpt/NAEopt/optZ/runZn4k2resExtplus/part019/
2 /p/QSOpt/NAEopt/optZ/runZn4k2resExtplus/part019/
3 /p/QSOpt/NAEopt/optZ/runZn4k2resExtplus/part019/
4 /p/QSOpt/NAEopt/optZ/runZn4k2resExtplus/part019/
5 /p/QSOpt/NAEopt/optZ/runZn4k2resExtplus/part019/
6 /p/QSOpt/NAEopt/optZ/runZn4k2resExtplus/part019/
7 /p/QSOpt/NAEopt/optZ/runZn4k2resExtplus/part019/
8 /p/QSOpt/NAEopt/optZ/runZn4k2resExtplus/part019/
9 /p/QSOpt/NAEopt/optZ/runZn4k2resExtplus/part019/
9 /p/QSOpt/NAEopt/optZ/runZn4k2resExtplus/part019/
0 /p/QSOpt/NAEopt/optZ/runZn4k2resExtplus/part019/
1 /p/QSOpt/NAEopt/optZ/runZn4k2resExtplus/part019/
2 /p/QSOpt/NAEopt/optZ/runZn4k2resExtplus/part019/
3 /p/QSOpt/NAEopt/optZ/runZn4k2resExtplus/part019/
4 /p/QSOpt/NAEopt/optZ/runZn4k2resExtplus/part019/
5 /p/QSOpt/NAEopt/optZ/runZn4k2resExtplus/part019/
6 /p/QSOpt/NAEopt/optZ/runZn4k2resExtplus/part019/
7 /p/QSOpt/NAEopt/optZ/runZn4k2resExtplus/part019/
8 /p/QSOpt/NAEopt/optZ/runZn4k2resExtplus/part019/
9 /p/QSOpt/NAEopt/optZ/runZn4k2resExtplus/part019/
10 /p/QSOpt/NAEopt/optZ/runZn4k2resExtplus/part019/
0 /p/QSOpt/NAEopt/optZ/runZn4k2resExtplus/part019/
1 /p/QSOpt/NAEopt/optZ/runZn4k2resExtplus/part019/
2 /p/QSOpt/NAEopt/optZ/runZn4k2resExtplus/part019/
3 /p/QSOpt/NAEopt/optZ/runZn4k2resExtplus/part019/
4 /p/QSOpt/NAEopt/optZ/runZn4k2resExtplus/part019/
5 /p/QSOpt/NAEopt/optZ/runZn4k2resExtplus/part019/
6 /p/QSOpt/NAEopt/optZ/runZn4k2resExtplus/part019/
7 /p/QSOpt/NAEopt/optZ/runZn4k2resExtplus/part019/
8 /p/QSOpt/NAEopt/optZ/runZn4k2resExtplus/part019/
9 /p/QSOpt/NAEopt/optZ/runZn4k2resExtplus/part019/
11 /p/QSOpt/NAEopt/optZ/runZn4k2resExtplus/part019/
0 /p/QSOpt/NAEopt/optZ/runZn4k2resExtplus/part019/
1 /p/QSOpt/NAEopt/optZ/runZn4k2resExtplus/part019/
2 /p/QSOpt/NAEopt/optZ/runZn4k2resExtplus/part019/
3 /p/QSOpt/NAEopt/optZ/runZn4k2resExtplus/part019/
4 /p/QSOpt/NAEopt/optZ/runZn4k2resExtplus/part019/
5 /p/QSOpt/NAEopt/optZ/runZn4k2resExtplus/part019/
6 /p/QSOpt/NAEopt/optZ/runZn4k2resExtplus/part019/
7 /p/QSOpt/NAEopt/optZ/runZn4k2resExtplus/part019/
8 /p/QSOpt/NAEopt/optZ/runZn4k2resExtplus/part019/
9 /p/QSOpt/NAEopt/optZ/runZn4k2resExtplus/part019/
12 /p/QSOpt/NAEopt/optZ/runZn4k2resExtplus/part019/
0 /p/QSOpt/NAEopt/optZ/runZn4k2resExtplus/part019/
1 /p/QSOpt/NAEopt/optZ/runZn4k2resExtplus/part019/
2 /p/QSOpt/NAEopt/optZ/runZn4k2resExtplus/part019/
3 /p/QSOpt/NAEopt/optZ/runZn4k2resExtplus/part019/
4 /p/QSOpt/NAEopt/optZ/runZn4k2resExtplus/part019/
5 /p/QSOpt/NAEopt/optZ/runZn4k2resExtplus/part019/
6 /p/QSOpt/NAEopt/optZ/runZn4k2resExtplus/part019/
7 /p/QSOpt/NAEopt/optZ/runZn4k2resExtplus/part019/
8 /p/QSOpt/NAEopt/optZ/runZn4k2resExtplus/part019/
9 /p/QSOpt/NAEopt/optZ/runZn4k2resExtplus/part019/
13 /p/QSOpt/NAEopt/optZ/runZn4k2resExtplus/part019/
0 /p/QSOpt/NAEopt/optZ/runZn4k2resExtplus/part019/
1 /p/QSOpt/NAEopt/optZ/runZn4k2resExtplus/part019/
2 /p/QSOpt/NAEopt/optZ/runZn4k2resExtplus/part019/
3 /p/QSOpt/NAEopt/optZ/runZn4k2resExtplus/part019/
4 /p/QSOpt/NAEopt/optZ/runZn4k2resExtplus/part019/
5 /p/QSOpt/NAEopt/optZ/runZn4k2resExtplus/part019/
6 /p/QSOpt/NAEopt/optZ/runZn4k2resExtplus/part019/
7 /p/QSOpt/NAEopt/optZ/runZn4k2resExtplus/part019/
8 /p/QSOpt/NAEopt/optZ/runZn4k2resExtplus/part019/
9 /p/QSOpt/NAEopt/optZ/runZn4k2resExtplus/part019/
14 /p/QSOpt/NAEopt/optZ/runZn4k2resExtplus/part019/
