python optAnhark2optZ.py 15 0.42 0.44999999999999996 10 0.01200000000000001 0.024000000000000007 /p/QSOpt/NAEopt/optZ/runZn4k2resExtplus/part047/
0 /p/QSOpt/NAEopt/optZ/runZn4k2resExtplus/part047/
1 /p/QSOpt/NAEopt/optZ/runZn4k2resExtplus/part047/
2 /p/QSOpt/NAEopt/optZ/runZn4k2resExtplus/part047/
3 /p/QSOpt/NAEopt/optZ/runZn4k2resExtplus/part047/
4 /p/QSOpt/NAEopt/optZ/runZn4k2resExtplus/part047/
5 /p/QSOpt/NAEopt/optZ/runZn4k2resExtplus/part047/
6 /p/QSOpt/NAEopt/optZ/runZn4k2resExtplus/part047/
7 /p/QSOpt/NAEopt/optZ/runZn4k2resExtplus/part047/
8 /p/QSOpt/NAEopt/optZ/runZn4k2resExtplus/part047/
9 /p/QSOpt/NAEopt/optZ/runZn4k2resExtplus/part047/
0 /p/QSOpt/NAEopt/optZ/runZn4k2resExtplus/part047/
0 /p/QSOpt/NAEopt/optZ/runZn4k2resExtplus/part047/
1 /p/QSOpt/NAEopt/optZ/runZn4k2resExtplus/part047/
2 /p/QSOpt/NAEopt/optZ/runZn4k2resExtplus/part047/
3 /p/QSOpt/NAEopt/optZ/runZn4k2resExtplus/part047/
4 /p/QSOpt/NAEopt/optZ/runZn4k2resExtplus/part047/
5 /p/QSOpt/NAEopt/optZ/runZn4k2resExtplus/part047/
6 /p/QSOpt/NAEopt/optZ/runZn4k2resExtplus/part047/
7 /p/QSOpt/NAEopt/optZ/runZn4k2resExtplus/part047/
8 /p/QSOpt/NAEopt/optZ/runZn4k2resExtplus/part047/
9 /p/QSOpt/NAEopt/optZ/runZn4k2resExtplus/part047/
1 /p/QSOpt/NAEopt/optZ/runZn4k2resExtplus/part047/
0 /p/QSOpt/NAEopt/optZ/runZn4k2resExtplus/part047/
1 /p/QSOpt/NAEopt/optZ/runZn4k2resExtplus/part047/
2 /p/QSOpt/NAEopt/optZ/runZn4k2resExtplus/part047/
3 /p/QSOpt/NAEopt/optZ/runZn4k2resExtplus/part047/
4 /p/QSOpt/NAEopt/optZ/runZn4k2resExtplus/part047/
5 /p/QSOpt/NAEopt/optZ/runZn4k2resExtplus/part047/
6 /p/QSOpt/NAEopt/optZ/runZn4k2resExtplus/part047/
7 /p/QSOpt/NAEopt/optZ/runZn4k2resExtplus/part047/
8 /p/QSOpt/NAEopt/optZ/runZn4k2resExtplus/part047/
9 /p/QSOpt/NAEopt/optZ/runZn4k2resExtplus/part047/
2 /p/QSOpt/NAEopt/optZ/runZn4k2resExtplus/part047/
0 /p/QSOpt/NAEopt/optZ/runZn4k2resExtplus/part047/
1 /p/QSOpt/NAEopt/optZ/runZn4k2resExtplus/part047/
2 /p/QSOpt/NAEopt/optZ/runZn4k2resExtplus/part047/
3 /p/QSOpt/NAEopt/optZ/runZn4k2resExtplus/part047/
4 /p/QSOpt/NAEopt/optZ/runZn4k2resExtplus/part047/
5 /p/QSOpt/NAEopt/optZ/runZn4k2resExtplus/part047/
6 /p/QSOpt/NAEopt/optZ/runZn4k2resExtplus/part047/
7 /p/QSOpt/NAEopt/optZ/runZn4k2resExtplus/part047/
8 /p/QSOpt/NAEopt/optZ/runZn4k2resExtplus/part047/
9 /p/QSOpt/NAEopt/optZ/runZn4k2resExtplus/part047/
3 /p/QSOpt/NAEopt/optZ/runZn4k2resExtplus/part047/
0 /p/QSOpt/NAEopt/optZ/runZn4k2resExtplus/part047/
1 /p/QSOpt/NAEopt/optZ/runZn4k2resExtplus/part047/
2 /p/QSOpt/NAEopt/optZ/runZn4k2resExtplus/part047/
3 /p/QSOpt/NAEopt/optZ/runZn4k2resExtplus/part047/
4 /p/QSOpt/NAEopt/optZ/runZn4k2resExtplus/part047/
5 /p/QSOpt/NAEopt/optZ/runZn4k2resExtplus/part047/
6 /p/QSOpt/NAEopt/optZ/runZn4k2resExtplus/part047/
7 /p/QSOpt/NAEopt/optZ/runZn4k2resExtplus/part047/
8 /p/QSOpt/NAEopt/optZ/runZn4k2resExtplus/part047/
9 /p/QSOpt/NAEopt/optZ/runZn4k2resExtplus/part047/
4 /p/QSOpt/NAEopt/optZ/runZn4k2resExtplus/part047/
0 /p/QSOpt/NAEopt/optZ/runZn4k2resExtplus/part047/
1 /p/QSOpt/NAEopt/optZ/runZn4k2resExtplus/part047/
2 /p/QSOpt/NAEopt/optZ/runZn4k2resExtplus/part047/
3 /p/QSOpt/NAEopt/optZ/runZn4k2resExtplus/part047/
4 /p/QSOpt/NAEopt/optZ/runZn4k2resExtplus/part047/
5 /p/QSOpt/NAEopt/optZ/runZn4k2resExtplus/part047/
6 /p/QSOpt/NAEopt/optZ/runZn4k2resExtplus/part047/
7 /p/QSOpt/NAEopt/optZ/runZn4k2resExtplus/part047/
8 /p/QSOpt/NAEopt/optZ/runZn4k2resExtplus/part047/
9 /p/QSOpt/NAEopt/optZ/runZn4k2resExtplus/part047/
5 /p/QSOpt/NAEopt/optZ/runZn4k2resExtplus/part047/
0 /p/QSOpt/NAEopt/optZ/runZn4k2resExtplus/part047/
1 /p/QSOpt/NAEopt/optZ/runZn4k2resExtplus/part047/
2 /p/QSOpt/NAEopt/optZ/runZn4k2resExtplus/part047/
3 /p/QSOpt/NAEopt/optZ/runZn4k2resExtplus/part047/
4 /p/QSOpt/NAEopt/optZ/runZn4k2resExtplus/part047/
5 /p/QSOpt/NAEopt/optZ/runZn4k2resExtplus/part047/
6 /p/QSOpt/NAEopt/optZ/runZn4k2resExtplus/part047/
7 /p/QSOpt/NAEopt/optZ/runZn4k2resExtplus/part047/
8 /p/QSOpt/NAEopt/optZ/runZn4k2resExtplus/part047/
9 /p/QSOpt/NAEopt/optZ/runZn4k2resExtplus/part047/
6 /p/QSOpt/NAEopt/optZ/runZn4k2resExtplus/part047/
0 /p/QSOpt/NAEopt/optZ/runZn4k2resExtplus/part047/
1 /p/QSOpt/NAEopt/optZ/runZn4k2resExtplus/part047/
2 /p/QSOpt/NAEopt/optZ/runZn4k2resExtplus/part047/
3 /p/QSOpt/NAEopt/optZ/runZn4k2resExtplus/part047/
4 /p/QSOpt/NAEopt/optZ/runZn4k2resExtplus/part047/
5 /p/QSOpt/NAEopt/optZ/runZn4k2resExtplus/part047/
6 /p/QSOpt/NAEopt/optZ/runZn4k2resExtplus/part047/
7 /p/QSOpt/NAEopt/optZ/runZn4k2resExtplus/part047/
8 /p/QSOpt/NAEopt/optZ/runZn4k2resExtplus/part047/
9 /p/QSOpt/NAEopt/optZ/runZn4k2resExtplus/part047/
7 /p/QSOpt/NAEopt/optZ/runZn4k2resExtplus/part047/
0 /p/QSOpt/NAEopt/optZ/runZn4k2resExtplus/part047/
1 /p/QSOpt/NAEopt/optZ/runZn4k2resExtplus/part047/
2 /p/QSOpt/NAEopt/optZ/runZn4k2resExtplus/part047/
3 /p/QSOpt/NAEopt/optZ/runZn4k2resExtplus/part047/
4 /p/QSOpt/NAEopt/optZ/runZn4k2resExtplus/part047/
5 /p/QSOpt/NAEopt/optZ/runZn4k2resExtplus/part047/
6 /p/QSOpt/NAEopt/optZ/runZn4k2resExtplus/part047/
7 /p/QSOpt/NAEopt/optZ/runZn4k2resExtplus/part047/
8 /p/QSOpt/NAEopt/optZ/runZn4k2resExtplus/part047/
9 /p/QSOpt/NAEopt/optZ/runZn4k2resExtplus/part047/
8 /p/QSOpt/NAEopt/optZ/runZn4k2resExtplus/part047/
0 /p/QSOpt/NAEopt/optZ/runZn4k2resExtplus/part047/
1 /p/QSOpt/NAEopt/optZ/runZn4k2resExtplus/part047/
2 /p/QSOpt/NAEopt/optZ/runZn4k2resExtplus/part047/
3 /p/QSOpt/NAEopt/optZ/runZn4k2resExtplus/part047/
4 /p/QSOpt/NAEopt/optZ/runZn4k2resExtplus/part047/
5 /p/QSOpt/NAEopt/optZ/runZn4k2resExtplus/part047/
6 /p/QSOpt/NAEopt/optZ/runZn4k2resExtplus/part047/
7 /p/QSOpt/NAEopt/optZ/runZn4k2resExtplus/part047/
8 /p/QSOpt/NAEopt/optZ/runZn4k2resExtplus/part047/
9 /p/QSOpt/NAEopt/optZ/runZn4k2resExtplus/part047/
9 /p/QSOpt/NAEopt/optZ/runZn4k2resExtplus/part047/
0 /p/QSOpt/NAEopt/optZ/runZn4k2resExtplus/part047/
1 /p/QSOpt/NAEopt/optZ/runZn4k2resExtplus/part047/
2 /p/QSOpt/NAEopt/optZ/runZn4k2resExtplus/part047/
3 /p/QSOpt/NAEopt/optZ/runZn4k2resExtplus/part047/
4 /p/QSOpt/NAEopt/optZ/runZn4k2resExtplus/part047/
5 /p/QSOpt/NAEopt/optZ/runZn4k2resExtplus/part047/
6 /p/QSOpt/NAEopt/optZ/runZn4k2resExtplus/part047/
7 /p/QSOpt/NAEopt/optZ/runZn4k2resExtplus/part047/
8 /p/QSOpt/NAEopt/optZ/runZn4k2resExtplus/part047/
9 /p/QSOpt/NAEopt/optZ/runZn4k2resExtplus/part047/
10 /p/QSOpt/NAEopt/optZ/runZn4k2resExtplus/part047/
0 /p/QSOpt/NAEopt/optZ/runZn4k2resExtplus/part047/
1 /p/QSOpt/NAEopt/optZ/runZn4k2resExtplus/part047/
2 /p/QSOpt/NAEopt/optZ/runZn4k2resExtplus/part047/
3 /p/QSOpt/NAEopt/optZ/runZn4k2resExtplus/part047/
4 /p/QSOpt/NAEopt/optZ/runZn4k2resExtplus/part047/
5 /p/QSOpt/NAEopt/optZ/runZn4k2resExtplus/part047/
6 /p/QSOpt/NAEopt/optZ/runZn4k2resExtplus/part047/
7 /p/QSOpt/NAEopt/optZ/runZn4k2resExtplus/part047/
8 /p/QSOpt/NAEopt/optZ/runZn4k2resExtplus/part047/
9 /p/QSOpt/NAEopt/optZ/runZn4k2resExtplus/part047/
11 /p/QSOpt/NAEopt/optZ/runZn4k2resExtplus/part047/
0 /p/QSOpt/NAEopt/optZ/runZn4k2resExtplus/part047/
1 /p/QSOpt/NAEopt/optZ/runZn4k2resExtplus/part047/
2 /p/QSOpt/NAEopt/optZ/runZn4k2resExtplus/part047/
3 /p/QSOpt/NAEopt/optZ/runZn4k2resExtplus/part047/
4 /p/QSOpt/NAEopt/optZ/runZn4k2resExtplus/part047/
5 /p/QSOpt/NAEopt/optZ/runZn4k2resExtplus/part047/
6 /p/QSOpt/NAEopt/optZ/runZn4k2resExtplus/part047/
7 /p/QSOpt/NAEopt/optZ/runZn4k2resExtplus/part047/
8 /p/QSOpt/NAEopt/optZ/runZn4k2resExtplus/part047/
9 /p/QSOpt/NAEopt/optZ/runZn4k2resExtplus/part047/
12 /p/QSOpt/NAEopt/optZ/runZn4k2resExtplus/part047/
0 /p/QSOpt/NAEopt/optZ/runZn4k2resExtplus/part047/
1 /p/QSOpt/NAEopt/optZ/runZn4k2resExtplus/part047/
2 /p/QSOpt/NAEopt/optZ/runZn4k2resExtplus/part047/
3 /p/QSOpt/NAEopt/optZ/runZn4k2resExtplus/part047/
4 /p/QSOpt/NAEopt/optZ/runZn4k2resExtplus/part047/
5 /p/QSOpt/NAEopt/optZ/runZn4k2resExtplus/part047/
6 /p/QSOpt/NAEopt/optZ/runZn4k2resExtplus/part047/
7 /p/QSOpt/NAEopt/optZ/runZn4k2resExtplus/part047/
8 /p/QSOpt/NAEopt/optZ/runZn4k2resExtplus/part047/
9 /p/QSOpt/NAEopt/optZ/runZn4k2resExtplus/part047/
13 /p/QSOpt/NAEopt/optZ/runZn4k2resExtplus/part047/
0 /p/QSOpt/NAEopt/optZ/runZn4k2resExtplus/part047/
1 /p/QSOpt/NAEopt/optZ/runZn4k2resExtplus/part047/
2 /p/QSOpt/NAEopt/optZ/runZn4k2resExtplus/part047/
3 /p/QSOpt/NAEopt/optZ/runZn4k2resExtplus/part047/
4 /p/QSOpt/NAEopt/optZ/runZn4k2resExtplus/part047/
5 /p/QSOpt/NAEopt/optZ/runZn4k2resExtplus/part047/
6 /p/QSOpt/NAEopt/optZ/runZn4k2resExtplus/part047/
7 /p/QSOpt/NAEopt/optZ/runZn4k2resExtplus/part047/
8 /p/QSOpt/NAEopt/optZ/runZn4k2resExtplus/part047/
9 /p/QSOpt/NAEopt/optZ/runZn4k2resExtplus/part047/
14 /p/QSOpt/NAEopt/optZ/runZn4k2resExtplus/part047/
