python optAnhark2optZ.py 15 0.32999999999999996 0.36 10 0.0 0.01200000000000001 /p/QSOpt/NAEopt/optZ/runZn4k2resExtplus/part016/
0 /p/QSOpt/NAEopt/optZ/runZn4k2resExtplus/part016/
1 /p/QSOpt/NAEopt/optZ/runZn4k2resExtplus/part016/
2 /p/QSOpt/NAEopt/optZ/runZn4k2resExtplus/part016/
3 /p/QSOpt/NAEopt/optZ/runZn4k2resExtplus/part016/
4 /p/QSOpt/NAEopt/optZ/runZn4k2resExtplus/part016/
5 /p/QSOpt/NAEopt/optZ/runZn4k2resExtplus/part016/
6 /p/QSOpt/NAEopt/optZ/runZn4k2resExtplus/part016/
7 /p/QSOpt/NAEopt/optZ/runZn4k2resExtplus/part016/
8 /p/QSOpt/NAEopt/optZ/runZn4k2resExtplus/part016/
9 /p/QSOpt/NAEopt/optZ/runZn4k2resExtplus/part016/
0 /p/QSOpt/NAEopt/optZ/runZn4k2resExtplus/part016/
0 /p/QSOpt/NAEopt/optZ/runZn4k2resExtplus/part016/
1 /p/QSOpt/NAEopt/optZ/runZn4k2resExtplus/part016/
2 /p/QSOpt/NAEopt/optZ/runZn4k2resExtplus/part016/
3 /p/QSOpt/NAEopt/optZ/runZn4k2resExtplus/part016/
4 /p/QSOpt/NAEopt/optZ/runZn4k2resExtplus/part016/
5 /p/QSOpt/NAEopt/optZ/runZn4k2resExtplus/part016/
6 /p/QSOpt/NAEopt/optZ/runZn4k2resExtplus/part016/
7 /p/QSOpt/NAEopt/optZ/runZn4k2resExtplus/part016/
8 /p/QSOpt/NAEopt/optZ/runZn4k2resExtplus/part016/
9 /p/QSOpt/NAEopt/optZ/runZn4k2resExtplus/part016/
1 /p/QSOpt/NAEopt/optZ/runZn4k2resExtplus/part016/
0 /p/QSOpt/NAEopt/optZ/runZn4k2resExtplus/part016/
1 /p/QSOpt/NAEopt/optZ/runZn4k2resExtplus/part016/
2 /p/QSOpt/NAEopt/optZ/runZn4k2resExtplus/part016/
3 /p/QSOpt/NAEopt/optZ/runZn4k2resExtplus/part016/
4 /p/QSOpt/NAEopt/optZ/runZn4k2resExtplus/part016/
5 /p/QSOpt/NAEopt/optZ/runZn4k2resExtplus/part016/
6 /p/QSOpt/NAEopt/optZ/runZn4k2resExtplus/part016/
7 /p/QSOpt/NAEopt/optZ/runZn4k2resExtplus/part016/
8 /p/QSOpt/NAEopt/optZ/runZn4k2resExtplus/part016/
9 /p/QSOpt/NAEopt/optZ/runZn4k2resExtplus/part016/
2 /p/QSOpt/NAEopt/optZ/runZn4k2resExtplus/part016/
0 /p/QSOpt/NAEopt/optZ/runZn4k2resExtplus/part016/
1 /p/QSOpt/NAEopt/optZ/runZn4k2resExtplus/part016/
2 /p/QSOpt/NAEopt/optZ/runZn4k2resExtplus/part016/
3 /p/QSOpt/NAEopt/optZ/runZn4k2resExtplus/part016/
4 /p/QSOpt/NAEopt/optZ/runZn4k2resExtplus/part016/
5 /p/QSOpt/NAEopt/optZ/runZn4k2resExtplus/part016/
6 /p/QSOpt/NAEopt/optZ/runZn4k2resExtplus/part016/
7 /p/QSOpt/NAEopt/optZ/runZn4k2resExtplus/part016/
8 /p/QSOpt/NAEopt/optZ/runZn4k2resExtplus/part016/
9 /p/QSOpt/NAEopt/optZ/runZn4k2resExtplus/part016/
3 /p/QSOpt/NAEopt/optZ/runZn4k2resExtplus/part016/
0 /p/QSOpt/NAEopt/optZ/runZn4k2resExtplus/part016/
1 /p/QSOpt/NAEopt/optZ/runZn4k2resExtplus/part016/
2 /p/QSOpt/NAEopt/optZ/runZn4k2resExtplus/part016/
3 /p/QSOpt/NAEopt/optZ/runZn4k2resExtplus/part016/
4 /p/QSOpt/NAEopt/optZ/runZn4k2resExtplus/part016/
5 /p/QSOpt/NAEopt/optZ/runZn4k2resExtplus/part016/
6 /p/QSOpt/NAEopt/optZ/runZn4k2resExtplus/part016/
7 /p/QSOpt/NAEopt/optZ/runZn4k2resExtplus/part016/
8 /p/QSOpt/NAEopt/optZ/runZn4k2resExtplus/part016/
9 /p/QSOpt/NAEopt/optZ/runZn4k2resExtplus/part016/
4 /p/QSOpt/NAEopt/optZ/runZn4k2resExtplus/part016/
0 /p/QSOpt/NAEopt/optZ/runZn4k2resExtplus/part016/
1 /p/QSOpt/NAEopt/optZ/runZn4k2resExtplus/part016/
2 /p/QSOpt/NAEopt/optZ/runZn4k2resExtplus/part016/
3 /p/QSOpt/NAEopt/optZ/runZn4k2resExtplus/part016/
4 /p/QSOpt/NAEopt/optZ/runZn4k2resExtplus/part016/
5 /p/QSOpt/NAEopt/optZ/runZn4k2resExtplus/part016/
6 /p/QSOpt/NAEopt/optZ/runZn4k2resExtplus/part016/
7 /p/QSOpt/NAEopt/optZ/runZn4k2resExtplus/part016/
8 /p/QSOpt/NAEopt/optZ/runZn4k2resExtplus/part016/
9 /p/QSOpt/NAEopt/optZ/runZn4k2resExtplus/part016/
5 /p/QSOpt/NAEopt/optZ/runZn4k2resExtplus/part016/
0 /p/QSOpt/NAEopt/optZ/runZn4k2resExtplus/part016/
1 /p/QSOpt/NAEopt/optZ/runZn4k2resExtplus/part016/
2 /p/QSOpt/NAEopt/optZ/runZn4k2resExtplus/part016/
3 /p/QSOpt/NAEopt/optZ/runZn4k2resExtplus/part016/
4 /p/QSOpt/NAEopt/optZ/runZn4k2resExtplus/part016/
5 /p/QSOpt/NAEopt/optZ/runZn4k2resExtplus/part016/
6 /p/QSOpt/NAEopt/optZ/runZn4k2resExtplus/part016/
7 /p/QSOpt/NAEopt/optZ/runZn4k2resExtplus/part016/
8 /p/QSOpt/NAEopt/optZ/runZn4k2resExtplus/part016/
9 /p/QSOpt/NAEopt/optZ/runZn4k2resExtplus/part016/
6 /p/QSOpt/NAEopt/optZ/runZn4k2resExtplus/part016/
0 /p/QSOpt/NAEopt/optZ/runZn4k2resExtplus/part016/
1 /p/QSOpt/NAEopt/optZ/runZn4k2resExtplus/part016/
2 /p/QSOpt/NAEopt/optZ/runZn4k2resExtplus/part016/
3 /p/QSOpt/NAEopt/optZ/runZn4k2resExtplus/part016/
4 /p/QSOpt/NAEopt/optZ/runZn4k2resExtplus/part016/
5 /p/QSOpt/NAEopt/optZ/runZn4k2resExtplus/part016/
6 /p/QSOpt/NAEopt/optZ/runZn4k2resExtplus/part016/
7 /p/QSOpt/NAEopt/optZ/runZn4k2resExtplus/part016/
8 /p/QSOpt/NAEopt/optZ/runZn4k2resExtplus/part016/
9 /p/QSOpt/NAEopt/optZ/runZn4k2resExtplus/part016/
7 /p/QSOpt/NAEopt/optZ/runZn4k2resExtplus/part016/
0 /p/QSOpt/NAEopt/optZ/runZn4k2resExtplus/part016/
1 /p/QSOpt/NAEopt/optZ/runZn4k2resExtplus/part016/
2 /p/QSOpt/NAEopt/optZ/runZn4k2resExtplus/part016/
3 /p/QSOpt/NAEopt/optZ/runZn4k2resExtplus/part016/
4 /p/QSOpt/NAEopt/optZ/runZn4k2resExtplus/part016/
5 /p/QSOpt/NAEopt/optZ/runZn4k2resExtplus/part016/
6 /p/QSOpt/NAEopt/optZ/runZn4k2resExtplus/part016/
7 /p/QSOpt/NAEopt/optZ/runZn4k2resExtplus/part016/
8 /p/QSOpt/NAEopt/optZ/runZn4k2resExtplus/part016/
9 /p/QSOpt/NAEopt/optZ/runZn4k2resExtplus/part016/
8 /p/QSOpt/NAEopt/optZ/runZn4k2resExtplus/part016/
0 /p/QSOpt/NAEopt/optZ/runZn4k2resExtplus/part016/
1 /p/QSOpt/NAEopt/optZ/runZn4k2resExtplus/part016/
2 /p/QSOpt/NAEopt/optZ/runZn4k2resExtplus/part016/
3 /p/QSOpt/NAEopt/optZ/runZn4k2resExtplus/part016/
4 /p/QSOpt/NAEopt/optZ/runZn4k2resExtplus/part016/
5 /p/QSOpt/NAEopt/optZ/runZn4k2resExtplus/part016/
6 /p/QSOpt/NAEopt/optZ/runZn4k2resExtplus/part016/
7 /p/QSOpt/NAEopt/optZ/runZn4k2resExtplus/part016/
8 /p/QSOpt/NAEopt/optZ/runZn4k2resExtplus/part016/
9 /p/QSOpt/NAEopt/optZ/runZn4k2resExtplus/part016/
9 /p/QSOpt/NAEopt/optZ/runZn4k2resExtplus/part016/
0 /p/QSOpt/NAEopt/optZ/runZn4k2resExtplus/part016/
1 /p/QSOpt/NAEopt/optZ/runZn4k2resExtplus/part016/
2 /p/QSOpt/NAEopt/optZ/runZn4k2resExtplus/part016/
3 /p/QSOpt/NAEopt/optZ/runZn4k2resExtplus/part016/
4 /p/QSOpt/NAEopt/optZ/runZn4k2resExtplus/part016/
5 /p/QSOpt/NAEopt/optZ/runZn4k2resExtplus/part016/
6 /p/QSOpt/NAEopt/optZ/runZn4k2resExtplus/part016/
7 /p/QSOpt/NAEopt/optZ/runZn4k2resExtplus/part016/
8 /p/QSOpt/NAEopt/optZ/runZn4k2resExtplus/part016/
9 /p/QSOpt/NAEopt/optZ/runZn4k2resExtplus/part016/
10 /p/QSOpt/NAEopt/optZ/runZn4k2resExtplus/part016/
0 /p/QSOpt/NAEopt/optZ/runZn4k2resExtplus/part016/
1 /p/QSOpt/NAEopt/optZ/runZn4k2resExtplus/part016/
2 /p/QSOpt/NAEopt/optZ/runZn4k2resExtplus/part016/
3 /p/QSOpt/NAEopt/optZ/runZn4k2resExtplus/part016/
4 /p/QSOpt/NAEopt/optZ/runZn4k2resExtplus/part016/
5 /p/QSOpt/NAEopt/optZ/runZn4k2resExtplus/part016/
6 /p/QSOpt/NAEopt/optZ/runZn4k2resExtplus/part016/
7 /p/QSOpt/NAEopt/optZ/runZn4k2resExtplus/part016/
8 /p/QSOpt/NAEopt/optZ/runZn4k2resExtplus/part016/
9 /p/QSOpt/NAEopt/optZ/runZn4k2resExtplus/part016/
11 /p/QSOpt/NAEopt/optZ/runZn4k2resExtplus/part016/
0 /p/QSOpt/NAEopt/optZ/runZn4k2resExtplus/part016/
1 /p/QSOpt/NAEopt/optZ/runZn4k2resExtplus/part016/
2 /p/QSOpt/NAEopt/optZ/runZn4k2resExtplus/part016/
3 /p/QSOpt/NAEopt/optZ/runZn4k2resExtplus/part016/
4 /p/QSOpt/NAEopt/optZ/runZn4k2resExtplus/part016/
5 /p/QSOpt/NAEopt/optZ/runZn4k2resExtplus/part016/
6 /p/QSOpt/NAEopt/optZ/runZn4k2resExtplus/part016/
7 /p/QSOpt/NAEopt/optZ/runZn4k2resExtplus/part016/
8 /p/QSOpt/NAEopt/optZ/runZn4k2resExtplus/part016/
9 /p/QSOpt/NAEopt/optZ/runZn4k2resExtplus/part016/
12 /p/QSOpt/NAEopt/optZ/runZn4k2resExtplus/part016/
0 /p/QSOpt/NAEopt/optZ/runZn4k2resExtplus/part016/
1 /p/QSOpt/NAEopt/optZ/runZn4k2resExtplus/part016/
2 /p/QSOpt/NAEopt/optZ/runZn4k2resExtplus/part016/
3 /p/QSOpt/NAEopt/optZ/runZn4k2resExtplus/part016/
4 /p/QSOpt/NAEopt/optZ/runZn4k2resExtplus/part016/
5 /p/QSOpt/NAEopt/optZ/runZn4k2resExtplus/part016/
6 /p/QSOpt/NAEopt/optZ/runZn4k2resExtplus/part016/
7 /p/QSOpt/NAEopt/optZ/runZn4k2resExtplus/part016/
8 /p/QSOpt/NAEopt/optZ/runZn4k2resExtplus/part016/
9 /p/QSOpt/NAEopt/optZ/runZn4k2resExtplus/part016/
13 /p/QSOpt/NAEopt/optZ/runZn4k2resExtplus/part016/
0 /p/QSOpt/NAEopt/optZ/runZn4k2resExtplus/part016/
1 /p/QSOpt/NAEopt/optZ/runZn4k2resExtplus/part016/
2 /p/QSOpt/NAEopt/optZ/runZn4k2resExtplus/part016/
3 /p/QSOpt/NAEopt/optZ/runZn4k2resExtplus/part016/
4 /p/QSOpt/NAEopt/optZ/runZn4k2resExtplus/part016/
5 /p/QSOpt/NAEopt/optZ/runZn4k2resExtplus/part016/
6 /p/QSOpt/NAEopt/optZ/runZn4k2resExtplus/part016/
7 /p/QSOpt/NAEopt/optZ/runZn4k2resExtplus/part016/
8 /p/QSOpt/NAEopt/optZ/runZn4k2resExtplus/part016/
9 /p/QSOpt/NAEopt/optZ/runZn4k2resExtplus/part016/
14 /p/QSOpt/NAEopt/optZ/runZn4k2resExtplus/part016/
