python optAnhark2optZ.py 15 0.3 0.32999999999999996 10 -0.011999999999999997 0.0 /p/QSOpt/NAEopt/optZ/runZn4k2resExtplus/part005/
0 /p/QSOpt/NAEopt/optZ/runZn4k2resExtplus/part005/
1 /p/QSOpt/NAEopt/optZ/runZn4k2resExtplus/part005/
2 /p/QSOpt/NAEopt/optZ/runZn4k2resExtplus/part005/
3 /p/QSOpt/NAEopt/optZ/runZn4k2resExtplus/part005/
4 /p/QSOpt/NAEopt/optZ/runZn4k2resExtplus/part005/
5 /p/QSOpt/NAEopt/optZ/runZn4k2resExtplus/part005/
6 /p/QSOpt/NAEopt/optZ/runZn4k2resExtplus/part005/
7 /p/QSOpt/NAEopt/optZ/runZn4k2resExtplus/part005/
8 /p/QSOpt/NAEopt/optZ/runZn4k2resExtplus/part005/
9 /p/QSOpt/NAEopt/optZ/runZn4k2resExtplus/part005/
0 /p/QSOpt/NAEopt/optZ/runZn4k2resExtplus/part005/
0 /p/QSOpt/NAEopt/optZ/runZn4k2resExtplus/part005/
1 /p/QSOpt/NAEopt/optZ/runZn4k2resExtplus/part005/
2 /p/QSOpt/NAEopt/optZ/runZn4k2resExtplus/part005/
3 /p/QSOpt/NAEopt/optZ/runZn4k2resExtplus/part005/
4 /p/QSOpt/NAEopt/optZ/runZn4k2resExtplus/part005/
5 /p/QSOpt/NAEopt/optZ/runZn4k2resExtplus/part005/
6 /p/QSOpt/NAEopt/optZ/runZn4k2resExtplus/part005/
7 /p/QSOpt/NAEopt/optZ/runZn4k2resExtplus/part005/
8 /p/QSOpt/NAEopt/optZ/runZn4k2resExtplus/part005/
9 /p/QSOpt/NAEopt/optZ/runZn4k2resExtplus/part005/
1 /p/QSOpt/NAEopt/optZ/runZn4k2resExtplus/part005/
0 /p/QSOpt/NAEopt/optZ/runZn4k2resExtplus/part005/
1 /p/QSOpt/NAEopt/optZ/runZn4k2resExtplus/part005/
2 /p/QSOpt/NAEopt/optZ/runZn4k2resExtplus/part005/
3 /p/QSOpt/NAEopt/optZ/runZn4k2resExtplus/part005/
4 /p/QSOpt/NAEopt/optZ/runZn4k2resExtplus/part005/
5 /p/QSOpt/NAEopt/optZ/runZn4k2resExtplus/part005/
6 /p/QSOpt/NAEopt/optZ/runZn4k2resExtplus/part005/
7 /p/QSOpt/NAEopt/optZ/runZn4k2resExtplus/part005/
8 /p/QSOpt/NAEopt/optZ/runZn4k2resExtplus/part005/
9 /p/QSOpt/NAEopt/optZ/runZn4k2resExtplus/part005/
2 /p/QSOpt/NAEopt/optZ/runZn4k2resExtplus/part005/
0 /p/QSOpt/NAEopt/optZ/runZn4k2resExtplus/part005/
1 /p/QSOpt/NAEopt/optZ/runZn4k2resExtplus/part005/
2 /p/QSOpt/NAEopt/optZ/runZn4k2resExtplus/part005/
3 /p/QSOpt/NAEopt/optZ/runZn4k2resExtplus/part005/
4 /p/QSOpt/NAEopt/optZ/runZn4k2resExtplus/part005/
5 /p/QSOpt/NAEopt/optZ/runZn4k2resExtplus/part005/
6 /p/QSOpt/NAEopt/optZ/runZn4k2resExtplus/part005/
7 /p/QSOpt/NAEopt/optZ/runZn4k2resExtplus/part005/
8 /p/QSOpt/NAEopt/optZ/runZn4k2resExtplus/part005/
9 /p/QSOpt/NAEopt/optZ/runZn4k2resExtplus/part005/
3 /p/QSOpt/NAEopt/optZ/runZn4k2resExtplus/part005/
0 /p/QSOpt/NAEopt/optZ/runZn4k2resExtplus/part005/
1 /p/QSOpt/NAEopt/optZ/runZn4k2resExtplus/part005/
2 /p/QSOpt/NAEopt/optZ/runZn4k2resExtplus/part005/
3 /p/QSOpt/NAEopt/optZ/runZn4k2resExtplus/part005/
4 /p/QSOpt/NAEopt/optZ/runZn4k2resExtplus/part005/
5 /p/QSOpt/NAEopt/optZ/runZn4k2resExtplus/part005/
6 /p/QSOpt/NAEopt/optZ/runZn4k2resExtplus/part005/
7 /p/QSOpt/NAEopt/optZ/runZn4k2resExtplus/part005/
8 /p/QSOpt/NAEopt/optZ/runZn4k2resExtplus/part005/
9 /p/QSOpt/NAEopt/optZ/runZn4k2resExtplus/part005/
4 /p/QSOpt/NAEopt/optZ/runZn4k2resExtplus/part005/
0 /p/QSOpt/NAEopt/optZ/runZn4k2resExtplus/part005/
1 /p/QSOpt/NAEopt/optZ/runZn4k2resExtplus/part005/
2 /p/QSOpt/NAEopt/optZ/runZn4k2resExtplus/part005/
3 /p/QSOpt/NAEopt/optZ/runZn4k2resExtplus/part005/
4 /p/QSOpt/NAEopt/optZ/runZn4k2resExtplus/part005/
5 /p/QSOpt/NAEopt/optZ/runZn4k2resExtplus/part005/
6 /p/QSOpt/NAEopt/optZ/runZn4k2resExtplus/part005/
7 /p/QSOpt/NAEopt/optZ/runZn4k2resExtplus/part005/
8 /p/QSOpt/NAEopt/optZ/runZn4k2resExtplus/part005/
9 /p/QSOpt/NAEopt/optZ/runZn4k2resExtplus/part005/
5 /p/QSOpt/NAEopt/optZ/runZn4k2resExtplus/part005/
0 /p/QSOpt/NAEopt/optZ/runZn4k2resExtplus/part005/
1 /p/QSOpt/NAEopt/optZ/runZn4k2resExtplus/part005/
2 /p/QSOpt/NAEopt/optZ/runZn4k2resExtplus/part005/
3 /p/QSOpt/NAEopt/optZ/runZn4k2resExtplus/part005/
4 /p/QSOpt/NAEopt/optZ/runZn4k2resExtplus/part005/
5 /p/QSOpt/NAEopt/optZ/runZn4k2resExtplus/part005/
6 /p/QSOpt/NAEopt/optZ/runZn4k2resExtplus/part005/
7 /p/QSOpt/NAEopt/optZ/runZn4k2resExtplus/part005/
8 /p/QSOpt/NAEopt/optZ/runZn4k2resExtplus/part005/
9 /p/QSOpt/NAEopt/optZ/runZn4k2resExtplus/part005/
6 /p/QSOpt/NAEopt/optZ/runZn4k2resExtplus/part005/
0 /p/QSOpt/NAEopt/optZ/runZn4k2resExtplus/part005/
1 /p/QSOpt/NAEopt/optZ/runZn4k2resExtplus/part005/
2 /p/QSOpt/NAEopt/optZ/runZn4k2resExtplus/part005/
3 /p/QSOpt/NAEopt/optZ/runZn4k2resExtplus/part005/
4 /p/QSOpt/NAEopt/optZ/runZn4k2resExtplus/part005/
5 /p/QSOpt/NAEopt/optZ/runZn4k2resExtplus/part005/
6 /p/QSOpt/NAEopt/optZ/runZn4k2resExtplus/part005/
7 /p/QSOpt/NAEopt/optZ/runZn4k2resExtplus/part005/
8 /p/QSOpt/NAEopt/optZ/runZn4k2resExtplus/part005/
9 /p/QSOpt/NAEopt/optZ/runZn4k2resExtplus/part005/
7 /p/QSOpt/NAEopt/optZ/runZn4k2resExtplus/part005/
0 /p/QSOpt/NAEopt/optZ/runZn4k2resExtplus/part005/
1 /p/QSOpt/NAEopt/optZ/runZn4k2resExtplus/part005/
2 /p/QSOpt/NAEopt/optZ/runZn4k2resExtplus/part005/
3 /p/QSOpt/NAEopt/optZ/runZn4k2resExtplus/part005/
4 /p/QSOpt/NAEopt/optZ/runZn4k2resExtplus/part005/
5 /p/QSOpt/NAEopt/optZ/runZn4k2resExtplus/part005/
6 /p/QSOpt/NAEopt/optZ/runZn4k2resExtplus/part005/
7 /p/QSOpt/NAEopt/optZ/runZn4k2resExtplus/part005/
8 /p/QSOpt/NAEopt/optZ/runZn4k2resExtplus/part005/
9 /p/QSOpt/NAEopt/optZ/runZn4k2resExtplus/part005/
8 /p/QSOpt/NAEopt/optZ/runZn4k2resExtplus/part005/
0 /p/QSOpt/NAEopt/optZ/runZn4k2resExtplus/part005/
1 /p/QSOpt/NAEopt/optZ/runZn4k2resExtplus/part005/
2 /p/QSOpt/NAEopt/optZ/runZn4k2resExtplus/part005/
3 /p/QSOpt/NAEopt/optZ/runZn4k2resExtplus/part005/
4 /p/QSOpt/NAEopt/optZ/runZn4k2resExtplus/part005/
5 /p/QSOpt/NAEopt/optZ/runZn4k2resExtplus/part005/
6 /p/QSOpt/NAEopt/optZ/runZn4k2resExtplus/part005/
7 /p/QSOpt/NAEopt/optZ/runZn4k2resExtplus/part005/
8 /p/QSOpt/NAEopt/optZ/runZn4k2resExtplus/part005/
9 /p/QSOpt/NAEopt/optZ/runZn4k2resExtplus/part005/
9 /p/QSOpt/NAEopt/optZ/runZn4k2resExtplus/part005/
0 /p/QSOpt/NAEopt/optZ/runZn4k2resExtplus/part005/
1 /p/QSOpt/NAEopt/optZ/runZn4k2resExtplus/part005/
2 /p/QSOpt/NAEopt/optZ/runZn4k2resExtplus/part005/
3 /p/QSOpt/NAEopt/optZ/runZn4k2resExtplus/part005/
4 /p/QSOpt/NAEopt/optZ/runZn4k2resExtplus/part005/
5 /p/QSOpt/NAEopt/optZ/runZn4k2resExtplus/part005/
6 /p/QSOpt/NAEopt/optZ/runZn4k2resExtplus/part005/
7 /p/QSOpt/NAEopt/optZ/runZn4k2resExtplus/part005/
8 /p/QSOpt/NAEopt/optZ/runZn4k2resExtplus/part005/
9 /p/QSOpt/NAEopt/optZ/runZn4k2resExtplus/part005/
10 /p/QSOpt/NAEopt/optZ/runZn4k2resExtplus/part005/
0 /p/QSOpt/NAEopt/optZ/runZn4k2resExtplus/part005/
1 /p/QSOpt/NAEopt/optZ/runZn4k2resExtplus/part005/
2 /p/QSOpt/NAEopt/optZ/runZn4k2resExtplus/part005/
3 /p/QSOpt/NAEopt/optZ/runZn4k2resExtplus/part005/
4 /p/QSOpt/NAEopt/optZ/runZn4k2resExtplus/part005/
5 /p/QSOpt/NAEopt/optZ/runZn4k2resExtplus/part005/
6 /p/QSOpt/NAEopt/optZ/runZn4k2resExtplus/part005/
7 /p/QSOpt/NAEopt/optZ/runZn4k2resExtplus/part005/
8 /p/QSOpt/NAEopt/optZ/runZn4k2resExtplus/part005/
9 /p/QSOpt/NAEopt/optZ/runZn4k2resExtplus/part005/
11 /p/QSOpt/NAEopt/optZ/runZn4k2resExtplus/part005/
0 /p/QSOpt/NAEopt/optZ/runZn4k2resExtplus/part005/
1 /p/QSOpt/NAEopt/optZ/runZn4k2resExtplus/part005/
2 /p/QSOpt/NAEopt/optZ/runZn4k2resExtplus/part005/
3 /p/QSOpt/NAEopt/optZ/runZn4k2resExtplus/part005/
4 /p/QSOpt/NAEopt/optZ/runZn4k2resExtplus/part005/
5 /p/QSOpt/NAEopt/optZ/runZn4k2resExtplus/part005/
6 /p/QSOpt/NAEopt/optZ/runZn4k2resExtplus/part005/
7 /p/QSOpt/NAEopt/optZ/runZn4k2resExtplus/part005/
8 /p/QSOpt/NAEopt/optZ/runZn4k2resExtplus/part005/
9 /p/QSOpt/NAEopt/optZ/runZn4k2resExtplus/part005/
12 /p/QSOpt/NAEopt/optZ/runZn4k2resExtplus/part005/
0 /p/QSOpt/NAEopt/optZ/runZn4k2resExtplus/part005/
1 /p/QSOpt/NAEopt/optZ/runZn4k2resExtplus/part005/
2 /p/QSOpt/NAEopt/optZ/runZn4k2resExtplus/part005/
3 /p/QSOpt/NAEopt/optZ/runZn4k2resExtplus/part005/
4 /p/QSOpt/NAEopt/optZ/runZn4k2resExtplus/part005/
5 /p/QSOpt/NAEopt/optZ/runZn4k2resExtplus/part005/
6 /p/QSOpt/NAEopt/optZ/runZn4k2resExtplus/part005/
7 /p/QSOpt/NAEopt/optZ/runZn4k2resExtplus/part005/
8 /p/QSOpt/NAEopt/optZ/runZn4k2resExtplus/part005/
9 /p/QSOpt/NAEopt/optZ/runZn4k2resExtplus/part005/
13 /p/QSOpt/NAEopt/optZ/runZn4k2resExtplus/part005/
0 /p/QSOpt/NAEopt/optZ/runZn4k2resExtplus/part005/
1 /p/QSOpt/NAEopt/optZ/runZn4k2resExtplus/part005/
2 /p/QSOpt/NAEopt/optZ/runZn4k2resExtplus/part005/
3 /p/QSOpt/NAEopt/optZ/runZn4k2resExtplus/part005/
4 /p/QSOpt/NAEopt/optZ/runZn4k2resExtplus/part005/
5 /p/QSOpt/NAEopt/optZ/runZn4k2resExtplus/part005/
6 /p/QSOpt/NAEopt/optZ/runZn4k2resExtplus/part005/
7 /p/QSOpt/NAEopt/optZ/runZn4k2resExtplus/part005/
8 /p/QSOpt/NAEopt/optZ/runZn4k2resExtplus/part005/
9 /p/QSOpt/NAEopt/optZ/runZn4k2resExtplus/part005/
14 /p/QSOpt/NAEopt/optZ/runZn4k2resExtplus/part005/
