python optAnhark2optZ.py 15 0.54 0.5700000000000001 10 -0.036 -0.023999999999999994 /p/QSOpt/NAEopt/optZ/runZn4k2resExtplus/part083/
0 /p/QSOpt/NAEopt/optZ/runZn4k2resExtplus/part083/
1 /p/QSOpt/NAEopt/optZ/runZn4k2resExtplus/part083/
2 /p/QSOpt/NAEopt/optZ/runZn4k2resExtplus/part083/
3 /p/QSOpt/NAEopt/optZ/runZn4k2resExtplus/part083/
4 /p/QSOpt/NAEopt/optZ/runZn4k2resExtplus/part083/
5 /p/QSOpt/NAEopt/optZ/runZn4k2resExtplus/part083/
6 /p/QSOpt/NAEopt/optZ/runZn4k2resExtplus/part083/
7 /p/QSOpt/NAEopt/optZ/runZn4k2resExtplus/part083/
8 /p/QSOpt/NAEopt/optZ/runZn4k2resExtplus/part083/
9 /p/QSOpt/NAEopt/optZ/runZn4k2resExtplus/part083/
0 /p/QSOpt/NAEopt/optZ/runZn4k2resExtplus/part083/
0 /p/QSOpt/NAEopt/optZ/runZn4k2resExtplus/part083/
1 /p/QSOpt/NAEopt/optZ/runZn4k2resExtplus/part083/
2 /p/QSOpt/NAEopt/optZ/runZn4k2resExtplus/part083/
3 /p/QSOpt/NAEopt/optZ/runZn4k2resExtplus/part083/
4 /p/QSOpt/NAEopt/optZ/runZn4k2resExtplus/part083/
5 /p/QSOpt/NAEopt/optZ/runZn4k2resExtplus/part083/
6 /p/QSOpt/NAEopt/optZ/runZn4k2resExtplus/part083/
7 /p/QSOpt/NAEopt/optZ/runZn4k2resExtplus/part083/
8 /p/QSOpt/NAEopt/optZ/runZn4k2resExtplus/part083/
9 /p/QSOpt/NAEopt/optZ/runZn4k2resExtplus/part083/
1 /p/QSOpt/NAEopt/optZ/runZn4k2resExtplus/part083/
0 /p/QSOpt/NAEopt/optZ/runZn4k2resExtplus/part083/
1 /p/QSOpt/NAEopt/optZ/runZn4k2resExtplus/part083/
2 /p/QSOpt/NAEopt/optZ/runZn4k2resExtplus/part083/
3 /p/QSOpt/NAEopt/optZ/runZn4k2resExtplus/part083/
4 /p/QSOpt/NAEopt/optZ/runZn4k2resExtplus/part083/
5 /p/QSOpt/NAEopt/optZ/runZn4k2resExtplus/part083/
6 /p/QSOpt/NAEopt/optZ/runZn4k2resExtplus/part083/
7 /p/QSOpt/NAEopt/optZ/runZn4k2resExtplus/part083/
8 /p/QSOpt/NAEopt/optZ/runZn4k2resExtplus/part083/
9 /p/QSOpt/NAEopt/optZ/runZn4k2resExtplus/part083/
2 /p/QSOpt/NAEopt/optZ/runZn4k2resExtplus/part083/
0 /p/QSOpt/NAEopt/optZ/runZn4k2resExtplus/part083/
1 /p/QSOpt/NAEopt/optZ/runZn4k2resExtplus/part083/
2 /p/QSOpt/NAEopt/optZ/runZn4k2resExtplus/part083/
3 /p/QSOpt/NAEopt/optZ/runZn4k2resExtplus/part083/
4 /p/QSOpt/NAEopt/optZ/runZn4k2resExtplus/part083/
5 /p/QSOpt/NAEopt/optZ/runZn4k2resExtplus/part083/
6 /p/QSOpt/NAEopt/optZ/runZn4k2resExtplus/part083/
7 /p/QSOpt/NAEopt/optZ/runZn4k2resExtplus/part083/
8 /p/QSOpt/NAEopt/optZ/runZn4k2resExtplus/part083/
9 /p/QSOpt/NAEopt/optZ/runZn4k2resExtplus/part083/
3 /p/QSOpt/NAEopt/optZ/runZn4k2resExtplus/part083/
0 /p/QSOpt/NAEopt/optZ/runZn4k2resExtplus/part083/
1 /p/QSOpt/NAEopt/optZ/runZn4k2resExtplus/part083/
2 /p/QSOpt/NAEopt/optZ/runZn4k2resExtplus/part083/
3 /p/QSOpt/NAEopt/optZ/runZn4k2resExtplus/part083/
4 /p/QSOpt/NAEopt/optZ/runZn4k2resExtplus/part083/
5 /p/QSOpt/NAEopt/optZ/runZn4k2resExtplus/part083/
6 /p/QSOpt/NAEopt/optZ/runZn4k2resExtplus/part083/
7 /p/QSOpt/NAEopt/optZ/runZn4k2resExtplus/part083/
8 /p/QSOpt/NAEopt/optZ/runZn4k2resExtplus/part083/
9 /p/QSOpt/NAEopt/optZ/runZn4k2resExtplus/part083/
4 /p/QSOpt/NAEopt/optZ/runZn4k2resExtplus/part083/
0 /p/QSOpt/NAEopt/optZ/runZn4k2resExtplus/part083/
1 /p/QSOpt/NAEopt/optZ/runZn4k2resExtplus/part083/
2 /p/QSOpt/NAEopt/optZ/runZn4k2resExtplus/part083/
3 /p/QSOpt/NAEopt/optZ/runZn4k2resExtplus/part083/
4 /p/QSOpt/NAEopt/optZ/runZn4k2resExtplus/part083/
5 /p/QSOpt/NAEopt/optZ/runZn4k2resExtplus/part083/
6 /p/QSOpt/NAEopt/optZ/runZn4k2resExtplus/part083/
7 /p/QSOpt/NAEopt/optZ/runZn4k2resExtplus/part083/
8 /p/QSOpt/NAEopt/optZ/runZn4k2resExtplus/part083/
9 /p/QSOpt/NAEopt/optZ/runZn4k2resExtplus/part083/
5 /p/QSOpt/NAEopt/optZ/runZn4k2resExtplus/part083/
0 /p/QSOpt/NAEopt/optZ/runZn4k2resExtplus/part083/
1 /p/QSOpt/NAEopt/optZ/runZn4k2resExtplus/part083/
2 /p/QSOpt/NAEopt/optZ/runZn4k2resExtplus/part083/
3 /p/QSOpt/NAEopt/optZ/runZn4k2resExtplus/part083/
4 /p/QSOpt/NAEopt/optZ/runZn4k2resExtplus/part083/
5 /p/QSOpt/NAEopt/optZ/runZn4k2resExtplus/part083/
6 /p/QSOpt/NAEopt/optZ/runZn4k2resExtplus/part083/
7 /p/QSOpt/NAEopt/optZ/runZn4k2resExtplus/part083/
8 /p/QSOpt/NAEopt/optZ/runZn4k2resExtplus/part083/
9 /p/QSOpt/NAEopt/optZ/runZn4k2resExtplus/part083/
6 /p/QSOpt/NAEopt/optZ/runZn4k2resExtplus/part083/
0 /p/QSOpt/NAEopt/optZ/runZn4k2resExtplus/part083/
1 /p/QSOpt/NAEopt/optZ/runZn4k2resExtplus/part083/
2 /p/QSOpt/NAEopt/optZ/runZn4k2resExtplus/part083/
3 /p/QSOpt/NAEopt/optZ/runZn4k2resExtplus/part083/
4 /p/QSOpt/NAEopt/optZ/runZn4k2resExtplus/part083/
5 /p/QSOpt/NAEopt/optZ/runZn4k2resExtplus/part083/
6 /p/QSOpt/NAEopt/optZ/runZn4k2resExtplus/part083/
7 /p/QSOpt/NAEopt/optZ/runZn4k2resExtplus/part083/
8 /p/QSOpt/NAEopt/optZ/runZn4k2resExtplus/part083/
9 /p/QSOpt/NAEopt/optZ/runZn4k2resExtplus/part083/
7 /p/QSOpt/NAEopt/optZ/runZn4k2resExtplus/part083/
0 /p/QSOpt/NAEopt/optZ/runZn4k2resExtplus/part083/
1 /p/QSOpt/NAEopt/optZ/runZn4k2resExtplus/part083/
2 /p/QSOpt/NAEopt/optZ/runZn4k2resExtplus/part083/
3 /p/QSOpt/NAEopt/optZ/runZn4k2resExtplus/part083/
4 /p/QSOpt/NAEopt/optZ/runZn4k2resExtplus/part083/
5 /p/QSOpt/NAEopt/optZ/runZn4k2resExtplus/part083/
6 /p/QSOpt/NAEopt/optZ/runZn4k2resExtplus/part083/
7 /p/QSOpt/NAEopt/optZ/runZn4k2resExtplus/part083/
8 /p/QSOpt/NAEopt/optZ/runZn4k2resExtplus/part083/
9 /p/QSOpt/NAEopt/optZ/runZn4k2resExtplus/part083/
8 /p/QSOpt/NAEopt/optZ/runZn4k2resExtplus/part083/
0 /p/QSOpt/NAEopt/optZ/runZn4k2resExtplus/part083/
1 /p/QSOpt/NAEopt/optZ/runZn4k2resExtplus/part083/
2 /p/QSOpt/NAEopt/optZ/runZn4k2resExtplus/part083/
3 /p/QSOpt/NAEopt/optZ/runZn4k2resExtplus/part083/
4 /p/QSOpt/NAEopt/optZ/runZn4k2resExtplus/part083/
5 /p/QSOpt/NAEopt/optZ/runZn4k2resExtplus/part083/
6 /p/QSOpt/NAEopt/optZ/runZn4k2resExtplus/part083/
7 /p/QSOpt/NAEopt/optZ/runZn4k2resExtplus/part083/
8 /p/QSOpt/NAEopt/optZ/runZn4k2resExtplus/part083/
9 /p/QSOpt/NAEopt/optZ/runZn4k2resExtplus/part083/
9 /p/QSOpt/NAEopt/optZ/runZn4k2resExtplus/part083/
0 /p/QSOpt/NAEopt/optZ/runZn4k2resExtplus/part083/
1 /p/QSOpt/NAEopt/optZ/runZn4k2resExtplus/part083/
2 /p/QSOpt/NAEopt/optZ/runZn4k2resExtplus/part083/
3 /p/QSOpt/NAEopt/optZ/runZn4k2resExtplus/part083/
4 /p/QSOpt/NAEopt/optZ/runZn4k2resExtplus/part083/
5 /p/QSOpt/NAEopt/optZ/runZn4k2resExtplus/part083/
6 /p/QSOpt/NAEopt/optZ/runZn4k2resExtplus/part083/
7 /p/QSOpt/NAEopt/optZ/runZn4k2resExtplus/part083/
8 /p/QSOpt/NAEopt/optZ/runZn4k2resExtplus/part083/
9 /p/QSOpt/NAEopt/optZ/runZn4k2resExtplus/part083/
10 /p/QSOpt/NAEopt/optZ/runZn4k2resExtplus/part083/
0 /p/QSOpt/NAEopt/optZ/runZn4k2resExtplus/part083/
1 /p/QSOpt/NAEopt/optZ/runZn4k2resExtplus/part083/
2 /p/QSOpt/NAEopt/optZ/runZn4k2resExtplus/part083/
3 /p/QSOpt/NAEopt/optZ/runZn4k2resExtplus/part083/
4 /p/QSOpt/NAEopt/optZ/runZn4k2resExtplus/part083/
5 /p/QSOpt/NAEopt/optZ/runZn4k2resExtplus/part083/
6 /p/QSOpt/NAEopt/optZ/runZn4k2resExtplus/part083/
7 /p/QSOpt/NAEopt/optZ/runZn4k2resExtplus/part083/
8 /p/QSOpt/NAEopt/optZ/runZn4k2resExtplus/part083/
9 /p/QSOpt/NAEopt/optZ/runZn4k2resExtplus/part083/
11 /p/QSOpt/NAEopt/optZ/runZn4k2resExtplus/part083/
0 /p/QSOpt/NAEopt/optZ/runZn4k2resExtplus/part083/
1 /p/QSOpt/NAEopt/optZ/runZn4k2resExtplus/part083/
2 /p/QSOpt/NAEopt/optZ/runZn4k2resExtplus/part083/
3 /p/QSOpt/NAEopt/optZ/runZn4k2resExtplus/part083/
4 /p/QSOpt/NAEopt/optZ/runZn4k2resExtplus/part083/
5 /p/QSOpt/NAEopt/optZ/runZn4k2resExtplus/part083/
6 /p/QSOpt/NAEopt/optZ/runZn4k2resExtplus/part083/
7 /p/QSOpt/NAEopt/optZ/runZn4k2resExtplus/part083/
8 /p/QSOpt/NAEopt/optZ/runZn4k2resExtplus/part083/
9 /p/QSOpt/NAEopt/optZ/runZn4k2resExtplus/part083/
12 /p/QSOpt/NAEopt/optZ/runZn4k2resExtplus/part083/
0 /p/QSOpt/NAEopt/optZ/runZn4k2resExtplus/part083/
1 /p/QSOpt/NAEopt/optZ/runZn4k2resExtplus/part083/
2 /p/QSOpt/NAEopt/optZ/runZn4k2resExtplus/part083/
3 /p/QSOpt/NAEopt/optZ/runZn4k2resExtplus/part083/
4 /p/QSOpt/NAEopt/optZ/runZn4k2resExtplus/part083/
5 /p/QSOpt/NAEopt/optZ/runZn4k2resExtplus/part083/
6 /p/QSOpt/NAEopt/optZ/runZn4k2resExtplus/part083/
7 /p/QSOpt/NAEopt/optZ/runZn4k2resExtplus/part083/
8 /p/QSOpt/NAEopt/optZ/runZn4k2resExtplus/part083/
9 /p/QSOpt/NAEopt/optZ/runZn4k2resExtplus/part083/
13 /p/QSOpt/NAEopt/optZ/runZn4k2resExtplus/part083/
0 /p/QSOpt/NAEopt/optZ/runZn4k2resExtplus/part083/
1 /p/QSOpt/NAEopt/optZ/runZn4k2resExtplus/part083/
2 /p/QSOpt/NAEopt/optZ/runZn4k2resExtplus/part083/
3 /p/QSOpt/NAEopt/optZ/runZn4k2resExtplus/part083/
4 /p/QSOpt/NAEopt/optZ/runZn4k2resExtplus/part083/
5 /p/QSOpt/NAEopt/optZ/runZn4k2resExtplus/part083/
6 /p/QSOpt/NAEopt/optZ/runZn4k2resExtplus/part083/
7 /p/QSOpt/NAEopt/optZ/runZn4k2resExtplus/part083/
8 /p/QSOpt/NAEopt/optZ/runZn4k2resExtplus/part083/
9 /p/QSOpt/NAEopt/optZ/runZn4k2resExtplus/part083/
14 /p/QSOpt/NAEopt/optZ/runZn4k2resExtplus/part083/
