python optAnhark2optZ.py 15 0.39 0.42 10 0.048 0.06 /p/QSOpt/NAEopt/optZ/runZn4k2resExtplus/part040/
/p/QSOpt/NAEopt/pyQSC/qsc/r_singularity.py:451: UserWarning:   Difference between linear solution 0.6651573004797725 and quadratic solution 0.6651453761752167 is 1.1924304555765985e-05
  warnings.warn("  Difference between linear solution {} and quadratic solution {} is {}".format(linear_solutions[0], quadratic_solutions[0], diff))
/p/QSOpt/NAEopt/pyQSC/qsc/r_singularity.py:451: UserWarning:   Difference between linear solution 0.6646771095296093 and quadratic solution 0.6646887506839628 is 1.164115435348112e-05
  warnings.warn("  Difference between linear solution {} and quadratic solution {} is {}".format(linear_solutions[0], quadratic_solutions[0], diff))
/p/QSOpt/NAEopt/pyQSC/qsc/r_singularity.py:451: UserWarning:   Difference between linear solution 0.6647647174771212 and quadratic solution 0.6647525178578715 is 1.219961924969759e-05
  warnings.warn("  Difference between linear solution {} and quadratic solution {} is {}".format(linear_solutions[0], quadratic_solutions[0], diff))
/p/QSOpt/NAEopt/pyQSC/qsc/r_singularity.py:451: UserWarning:   Difference between linear solution 0.6647279188679717 and quadratic solution 0.664738358164652 is 1.0439296680320176e-05
  warnings.warn("  Difference between linear solution {} and quadratic solution {} is {}".format(linear_solutions[0], quadratic_solutions[0], diff))
/p/QSOpt/NAEopt/pyQSC/qsc/r_singularity.py:451: UserWarning:   Difference between linear solution 0.6647433322307373 and quadratic solution 0.6647535185345929 is 1.018630385551944e-05
  warnings.warn("  Difference between linear solution {} and quadratic solution {} is {}".format(linear_solutions[0], quadratic_solutions[0], diff))
/p/QSOpt/NAEopt/pyQSC/qsc/r_singularity.py:451: UserWarning:   Difference between linear solution 0.6647673291421624 and quadratic solution 0.6647562623790508 is 1.1066763111577949e-05
  warnings.warn("  Difference between linear solution {} and quadratic solution {} is {}".format(linear_solutions[0], quadratic_solutions[0], diff))
/p/QSOpt/NAEopt/pyQSC/qsc/r_singularity.py:451: UserWarning:   Difference between linear solution 0.7038362022224369 and quadratic solution 0.7038463526388119 is 1.01504163749766e-05
  warnings.warn("  Difference between linear solution {} and quadratic solution {} is {}".format(linear_solutions[0], quadratic_solutions[0], diff))
/p/QSOpt/NAEopt/pyQSC/qsc/r_singularity.py:451: UserWarning:   Difference between linear solution 0.7038594105190822 and quadratic solution 0.7038463526400923 is 1.305787898986388e-05
  warnings.warn("  Difference between linear solution {} and quadratic solution {} is {}".format(linear_solutions[0], quadratic_solutions[0], diff))
/p/QSOpt/NAEopt/pyQSC/qsc/r_singularity.py:451: UserWarning:   Difference between linear solution 1.4597930380609947 and quadratic solution 0.37645130002979793 is 1.0833417380311967
  warnings.warn("  Difference between linear solution {} and quadratic solution {} is {}".format(linear_solutions[0], quadratic_solutions[0], diff))
0 /p/QSOpt/NAEopt/optZ/runZn4k2resExtplus/part040/
1 /p/QSOpt/NAEopt/optZ/runZn4k2resExtplus/part040/
2 /p/QSOpt/NAEopt/optZ/runZn4k2resExtplus/part040/
3 /p/QSOpt/NAEopt/optZ/runZn4k2resExtplus/part040/
4 /p/QSOpt/NAEopt/optZ/runZn4k2resExtplus/part040/
5 /p/QSOpt/NAEopt/optZ/runZn4k2resExtplus/part040/
6 /p/QSOpt/NAEopt/optZ/runZn4k2resExtplus/part040/
7 /p/QSOpt/NAEopt/optZ/runZn4k2resExtplus/part040/
8 /p/QSOpt/NAEopt/optZ/runZn4k2resExtplus/part040/
9 /p/QSOpt/NAEopt/optZ/runZn4k2resExtplus/part040/
0 /p/QSOpt/NAEopt/optZ/runZn4k2resExtplus/part040/
0 /p/QSOpt/NAEopt/optZ/runZn4k2resExtplus/part040/
1 /p/QSOpt/NAEopt/optZ/runZn4k2resExtplus/part040/
2 /p/QSOpt/NAEopt/optZ/runZn4k2resExtplus/part040/
3 /p/QSOpt/NAEopt/optZ/runZn4k2resExtplus/part040/
4 /p/QSOpt/NAEopt/optZ/runZn4k2resExtplus/part040/
5 /p/QSOpt/NAEopt/optZ/runZn4k2resExtplus/part040/
6 /p/QSOpt/NAEopt/optZ/runZn4k2resExtplus/part040/
7 /p/QSOpt/NAEopt/optZ/runZn4k2resExtplus/part040/
8 /p/QSOpt/NAEopt/optZ/runZn4k2resExtplus/part040/
9 /p/QSOpt/NAEopt/optZ/runZn4k2resExtplus/part040/
1 /p/QSOpt/NAEopt/optZ/runZn4k2resExtplus/part040/
0 /p/QSOpt/NAEopt/optZ/runZn4k2resExtplus/part040/
1 /p/QSOpt/NAEopt/optZ/runZn4k2resExtplus/part040/
2 /p/QSOpt/NAEopt/optZ/runZn4k2resExtplus/part040/
3 /p/QSOpt/NAEopt/optZ/runZn4k2resExtplus/part040/
4 /p/QSOpt/NAEopt/optZ/runZn4k2resExtplus/part040/
5 /p/QSOpt/NAEopt/optZ/runZn4k2resExtplus/part040/
6 /p/QSOpt/NAEopt/optZ/runZn4k2resExtplus/part040/
7 /p/QSOpt/NAEopt/optZ/runZn4k2resExtplus/part040/
8 /p/QSOpt/NAEopt/optZ/runZn4k2resExtplus/part040/
9 /p/QSOpt/NAEopt/optZ/runZn4k2resExtplus/part040/
2 /p/QSOpt/NAEopt/optZ/runZn4k2resExtplus/part040/
0 /p/QSOpt/NAEopt/optZ/runZn4k2resExtplus/part040/
1 /p/QSOpt/NAEopt/optZ/runZn4k2resExtplus/part040/
2 /p/QSOpt/NAEopt/optZ/runZn4k2resExtplus/part040/
3 /p/QSOpt/NAEopt/optZ/runZn4k2resExtplus/part040/
4 /p/QSOpt/NAEopt/optZ/runZn4k2resExtplus/part040/
5 /p/QSOpt/NAEopt/optZ/runZn4k2resExtplus/part040/
6 /p/QSOpt/NAEopt/optZ/runZn4k2resExtplus/part040/
7 /p/QSOpt/NAEopt/optZ/runZn4k2resExtplus/part040/
8 /p/QSOpt/NAEopt/optZ/runZn4k2resExtplus/part040/
9 /p/QSOpt/NAEopt/optZ/runZn4k2resExtplus/part040/
3 /p/QSOpt/NAEopt/optZ/runZn4k2resExtplus/part040/
0 /p/QSOpt/NAEopt/optZ/runZn4k2resExtplus/part040/
1 /p/QSOpt/NAEopt/optZ/runZn4k2resExtplus/part040/
2 /p/QSOpt/NAEopt/optZ/runZn4k2resExtplus/part040/
3 /p/QSOpt/NAEopt/optZ/runZn4k2resExtplus/part040/
4 /p/QSOpt/NAEopt/optZ/runZn4k2resExtplus/part040/
5 /p/QSOpt/NAEopt/optZ/runZn4k2resExtplus/part040/
6 /p/QSOpt/NAEopt/optZ/runZn4k2resExtplus/part040/
7 /p/QSOpt/NAEopt/optZ/runZn4k2resExtplus/part040/
8 /p/QSOpt/NAEopt/optZ/runZn4k2resExtplus/part040/
9 /p/QSOpt/NAEopt/optZ/runZn4k2resExtplus/part040/
4 /p/QSOpt/NAEopt/optZ/runZn4k2resExtplus/part040/
0 /p/QSOpt/NAEopt/optZ/runZn4k2resExtplus/part040/
1 /p/QSOpt/NAEopt/optZ/runZn4k2resExtplus/part040/
2 /p/QSOpt/NAEopt/optZ/runZn4k2resExtplus/part040/
3 /p/QSOpt/NAEopt/optZ/runZn4k2resExtplus/part040/
4 /p/QSOpt/NAEopt/optZ/runZn4k2resExtplus/part040/
5 /p/QSOpt/NAEopt/optZ/runZn4k2resExtplus/part040/
6 /p/QSOpt/NAEopt/optZ/runZn4k2resExtplus/part040/
7 /p/QSOpt/NAEopt/optZ/runZn4k2resExtplus/part040/
8 /p/QSOpt/NAEopt/optZ/runZn4k2resExtplus/part040/
9 /p/QSOpt/NAEopt/optZ/runZn4k2resExtplus/part040/
5 /p/QSOpt/NAEopt/optZ/runZn4k2resExtplus/part040/
0 /p/QSOpt/NAEopt/optZ/runZn4k2resExtplus/part040/
1 /p/QSOpt/NAEopt/optZ/runZn4k2resExtplus/part040/
2 /p/QSOpt/NAEopt/optZ/runZn4k2resExtplus/part040/
3 /p/QSOpt/NAEopt/optZ/runZn4k2resExtplus/part040/
4 /p/QSOpt/NAEopt/optZ/runZn4k2resExtplus/part040/
5 /p/QSOpt/NAEopt/optZ/runZn4k2resExtplus/part040/
6 /p/QSOpt/NAEopt/optZ/runZn4k2resExtplus/part040/
7 /p/QSOpt/NAEopt/optZ/runZn4k2resExtplus/part040/
8 /p/QSOpt/NAEopt/optZ/runZn4k2resExtplus/part040/
9 /p/QSOpt/NAEopt/optZ/runZn4k2resExtplus/part040/
6 /p/QSOpt/NAEopt/optZ/runZn4k2resExtplus/part040/
0 /p/QSOpt/NAEopt/optZ/runZn4k2resExtplus/part040/
1 /p/QSOpt/NAEopt/optZ/runZn4k2resExtplus/part040/
2 /p/QSOpt/NAEopt/optZ/runZn4k2resExtplus/part040/
3 /p/QSOpt/NAEopt/optZ/runZn4k2resExtplus/part040/
4 /p/QSOpt/NAEopt/optZ/runZn4k2resExtplus/part040/
5 /p/QSOpt/NAEopt/optZ/runZn4k2resExtplus/part040/
6 /p/QSOpt/NAEopt/optZ/runZn4k2resExtplus/part040/
7 /p/QSOpt/NAEopt/optZ/runZn4k2resExtplus/part040/
8 /p/QSOpt/NAEopt/optZ/runZn4k2resExtplus/part040/
9 /p/QSOpt/NAEopt/optZ/runZn4k2resExtplus/part040/
7 /p/QSOpt/NAEopt/optZ/runZn4k2resExtplus/part040/
0 /p/QSOpt/NAEopt/optZ/runZn4k2resExtplus/part040/
1 /p/QSOpt/NAEopt/optZ/runZn4k2resExtplus/part040/
2 /p/QSOpt/NAEopt/optZ/runZn4k2resExtplus/part040/
3 /p/QSOpt/NAEopt/optZ/runZn4k2resExtplus/part040/
4 /p/QSOpt/NAEopt/optZ/runZn4k2resExtplus/part040/
5 /p/QSOpt/NAEopt/optZ/runZn4k2resExtplus/part040/
6 /p/QSOpt/NAEopt/optZ/runZn4k2resExtplus/part040/
7 /p/QSOpt/NAEopt/optZ/runZn4k2resExtplus/part040/
8 /p/QSOpt/NAEopt/optZ/runZn4k2resExtplus/part040/
9 /p/QSOpt/NAEopt/optZ/runZn4k2resExtplus/part040/
8 /p/QSOpt/NAEopt/optZ/runZn4k2resExtplus/part040/
0 /p/QSOpt/NAEopt/optZ/runZn4k2resExtplus/part040/
1 /p/QSOpt/NAEopt/optZ/runZn4k2resExtplus/part040/
2 /p/QSOpt/NAEopt/optZ/runZn4k2resExtplus/part040/
3 /p/QSOpt/NAEopt/optZ/runZn4k2resExtplus/part040/
4 /p/QSOpt/NAEopt/optZ/runZn4k2resExtplus/part040/
5 /p/QSOpt/NAEopt/optZ/runZn4k2resExtplus/part040/
6 /p/QSOpt/NAEopt/optZ/runZn4k2resExtplus/part040/
7 /p/QSOpt/NAEopt/optZ/runZn4k2resExtplus/part040/
8 /p/QSOpt/NAEopt/optZ/runZn4k2resExtplus/part040/
9 /p/QSOpt/NAEopt/optZ/runZn4k2resExtplus/part040/
9 /p/QSOpt/NAEopt/optZ/runZn4k2resExtplus/part040/
0 /p/QSOpt/NAEopt/optZ/runZn4k2resExtplus/part040/
1 /p/QSOpt/NAEopt/optZ/runZn4k2resExtplus/part040/
2 /p/QSOpt/NAEopt/optZ/runZn4k2resExtplus/part040/
3 /p/QSOpt/NAEopt/optZ/runZn4k2resExtplus/part040/
4 /p/QSOpt/NAEopt/optZ/runZn4k2resExtplus/part040/
5 /p/QSOpt/NAEopt/optZ/runZn4k2resExtplus/part040/
6 /p/QSOpt/NAEopt/optZ/runZn4k2resExtplus/part040/
7 /p/QSOpt/NAEopt/optZ/runZn4k2resExtplus/part040/
8 /p/QSOpt/NAEopt/optZ/runZn4k2resExtplus/part040/
9 /p/QSOpt/NAEopt/optZ/runZn4k2resExtplus/part040/
10 /p/QSOpt/NAEopt/optZ/runZn4k2resExtplus/part040/
0 /p/QSOpt/NAEopt/optZ/runZn4k2resExtplus/part040/
1 /p/QSOpt/NAEopt/optZ/runZn4k2resExtplus/part040/
2 /p/QSOpt/NAEopt/optZ/runZn4k2resExtplus/part040/
3 /p/QSOpt/NAEopt/optZ/runZn4k2resExtplus/part040/
4 /p/QSOpt/NAEopt/optZ/runZn4k2resExtplus/part040/
5 /p/QSOpt/NAEopt/optZ/runZn4k2resExtplus/part040/
6 /p/QSOpt/NAEopt/optZ/runZn4k2resExtplus/part040/
7 /p/QSOpt/NAEopt/optZ/runZn4k2resExtplus/part040/
8 /p/QSOpt/NAEopt/optZ/runZn4k2resExtplus/part040/
9 /p/QSOpt/NAEopt/optZ/runZn4k2resExtplus/part040/
11 /p/QSOpt/NAEopt/optZ/runZn4k2resExtplus/part040/
0 /p/QSOpt/NAEopt/optZ/runZn4k2resExtplus/part040/
1 /p/QSOpt/NAEopt/optZ/runZn4k2resExtplus/part040/
2 /p/QSOpt/NAEopt/optZ/runZn4k2resExtplus/part040/
3 /p/QSOpt/NAEopt/optZ/runZn4k2resExtplus/part040/
4 /p/QSOpt/NAEopt/optZ/runZn4k2resExtplus/part040/
5 /p/QSOpt/NAEopt/optZ/runZn4k2resExtplus/part040/
6 /p/QSOpt/NAEopt/optZ/runZn4k2resExtplus/part040/
7 /p/QSOpt/NAEopt/optZ/runZn4k2resExtplus/part040/
8 /p/QSOpt/NAEopt/optZ/runZn4k2resExtplus/part040/
9 /p/QSOpt/NAEopt/optZ/runZn4k2resExtplus/part040/
12 /p/QSOpt/NAEopt/optZ/runZn4k2resExtplus/part040/
0 /p/QSOpt/NAEopt/optZ/runZn4k2resExtplus/part040/
1 /p/QSOpt/NAEopt/optZ/runZn4k2resExtplus/part040/
2 /p/QSOpt/NAEopt/optZ/runZn4k2resExtplus/part040/
3 /p/QSOpt/NAEopt/optZ/runZn4k2resExtplus/part040/
4 /p/QSOpt/NAEopt/optZ/runZn4k2resExtplus/part040/
5 /p/QSOpt/NAEopt/optZ/runZn4k2resExtplus/part040/
6 /p/QSOpt/NAEopt/optZ/runZn4k2resExtplus/part040/
7 /p/QSOpt/NAEopt/optZ/runZn4k2resExtplus/part040/
8 /p/QSOpt/NAEopt/optZ/runZn4k2resExtplus/part040/
9 /p/QSOpt/NAEopt/optZ/runZn4k2resExtplus/part040/
13 /p/QSOpt/NAEopt/optZ/runZn4k2resExtplus/part040/
0 /p/QSOpt/NAEopt/optZ/runZn4k2resExtplus/part040/
1 /p/QSOpt/NAEopt/optZ/runZn4k2resExtplus/part040/
2 /p/QSOpt/NAEopt/optZ/runZn4k2resExtplus/part040/
3 /p/QSOpt/NAEopt/optZ/runZn4k2resExtplus/part040/
4 /p/QSOpt/NAEopt/optZ/runZn4k2resExtplus/part040/
5 /p/QSOpt/NAEopt/optZ/runZn4k2resExtplus/part040/
6 /p/QSOpt/NAEopt/optZ/runZn4k2resExtplus/part040/
7 /p/QSOpt/NAEopt/optZ/runZn4k2resExtplus/part040/
8 /p/QSOpt/NAEopt/optZ/runZn4k2resExtplus/part040/
9 /p/QSOpt/NAEopt/optZ/runZn4k2resExtplus/part040/
14 /p/QSOpt/NAEopt/optZ/runZn4k2resExtplus/part040/
