python optAnhark2optZ.py 15 0.48 0.51 10 0.048 0.06 /p/QSOpt/NAEopt/optZ/runZn4k2resExtplus/part070/
0 /p/QSOpt/NAEopt/optZ/runZn4k2resExtplus/part070/
1 /p/QSOpt/NAEopt/optZ/runZn4k2resExtplus/part070/
2 /p/QSOpt/NAEopt/optZ/runZn4k2resExtplus/part070/
3 /p/QSOpt/NAEopt/optZ/runZn4k2resExtplus/part070/
4 /p/QSOpt/NAEopt/optZ/runZn4k2resExtplus/part070/
5 /p/QSOpt/NAEopt/optZ/runZn4k2resExtplus/part070/
6 /p/QSOpt/NAEopt/optZ/runZn4k2resExtplus/part070/
7 /p/QSOpt/NAEopt/optZ/runZn4k2resExtplus/part070/
8 /p/QSOpt/NAEopt/optZ/runZn4k2resExtplus/part070/
9 /p/QSOpt/NAEopt/optZ/runZn4k2resExtplus/part070/
0 /p/QSOpt/NAEopt/optZ/runZn4k2resExtplus/part070/
0 /p/QSOpt/NAEopt/optZ/runZn4k2resExtplus/part070/
1 /p/QSOpt/NAEopt/optZ/runZn4k2resExtplus/part070/
2 /p/QSOpt/NAEopt/optZ/runZn4k2resExtplus/part070/
3 /p/QSOpt/NAEopt/optZ/runZn4k2resExtplus/part070/
4 /p/QSOpt/NAEopt/optZ/runZn4k2resExtplus/part070/
5 /p/QSOpt/NAEopt/optZ/runZn4k2resExtplus/part070/
6 /p/QSOpt/NAEopt/optZ/runZn4k2resExtplus/part070/
7 /p/QSOpt/NAEopt/optZ/runZn4k2resExtplus/part070/
8 /p/QSOpt/NAEopt/optZ/runZn4k2resExtplus/part070/
9 /p/QSOpt/NAEopt/optZ/runZn4k2resExtplus/part070/
1 /p/QSOpt/NAEopt/optZ/runZn4k2resExtplus/part070/
0 /p/QSOpt/NAEopt/optZ/runZn4k2resExtplus/part070/
1 /p/QSOpt/NAEopt/optZ/runZn4k2resExtplus/part070/
2 /p/QSOpt/NAEopt/optZ/runZn4k2resExtplus/part070/
3 /p/QSOpt/NAEopt/optZ/runZn4k2resExtplus/part070/
4 /p/QSOpt/NAEopt/optZ/runZn4k2resExtplus/part070/
5 /p/QSOpt/NAEopt/optZ/runZn4k2resExtplus/part070/
6 /p/QSOpt/NAEopt/optZ/runZn4k2resExtplus/part070/
7 /p/QSOpt/NAEopt/optZ/runZn4k2resExtplus/part070/
8 /p/QSOpt/NAEopt/optZ/runZn4k2resExtplus/part070/
9 /p/QSOpt/NAEopt/optZ/runZn4k2resExtplus/part070/
2 /p/QSOpt/NAEopt/optZ/runZn4k2resExtplus/part070/
0 /p/QSOpt/NAEopt/optZ/runZn4k2resExtplus/part070/
1 /p/QSOpt/NAEopt/optZ/runZn4k2resExtplus/part070/
2 /p/QSOpt/NAEopt/optZ/runZn4k2resExtplus/part070/
3 /p/QSOpt/NAEopt/optZ/runZn4k2resExtplus/part070/
4 /p/QSOpt/NAEopt/optZ/runZn4k2resExtplus/part070/
5 /p/QSOpt/NAEopt/optZ/runZn4k2resExtplus/part070/
6 /p/QSOpt/NAEopt/optZ/runZn4k2resExtplus/part070/
7 /p/QSOpt/NAEopt/optZ/runZn4k2resExtplus/part070/
8 /p/QSOpt/NAEopt/optZ/runZn4k2resExtplus/part070/
9 /p/QSOpt/NAEopt/optZ/runZn4k2resExtplus/part070/
3 /p/QSOpt/NAEopt/optZ/runZn4k2resExtplus/part070/
0 /p/QSOpt/NAEopt/optZ/runZn4k2resExtplus/part070/
1 /p/QSOpt/NAEopt/optZ/runZn4k2resExtplus/part070/
2 /p/QSOpt/NAEopt/optZ/runZn4k2resExtplus/part070/
3 /p/QSOpt/NAEopt/optZ/runZn4k2resExtplus/part070/
4 /p/QSOpt/NAEopt/optZ/runZn4k2resExtplus/part070/
5 /p/QSOpt/NAEopt/optZ/runZn4k2resExtplus/part070/
6 /p/QSOpt/NAEopt/optZ/runZn4k2resExtplus/part070/
7 /p/QSOpt/NAEopt/optZ/runZn4k2resExtplus/part070/
8 /p/QSOpt/NAEopt/optZ/runZn4k2resExtplus/part070/
9 /p/QSOpt/NAEopt/optZ/runZn4k2resExtplus/part070/
4 /p/QSOpt/NAEopt/optZ/runZn4k2resExtplus/part070/
0 /p/QSOpt/NAEopt/optZ/runZn4k2resExtplus/part070/
1 /p/QSOpt/NAEopt/optZ/runZn4k2resExtplus/part070/
2 /p/QSOpt/NAEopt/optZ/runZn4k2resExtplus/part070/
3 /p/QSOpt/NAEopt/optZ/runZn4k2resExtplus/part070/
4 /p/QSOpt/NAEopt/optZ/runZn4k2resExtplus/part070/
5 /p/QSOpt/NAEopt/optZ/runZn4k2resExtplus/part070/
6 /p/QSOpt/NAEopt/optZ/runZn4k2resExtplus/part070/
7 /p/QSOpt/NAEopt/optZ/runZn4k2resExtplus/part070/
8 /p/QSOpt/NAEopt/optZ/runZn4k2resExtplus/part070/
9 /p/QSOpt/NAEopt/optZ/runZn4k2resExtplus/part070/
5 /p/QSOpt/NAEopt/optZ/runZn4k2resExtplus/part070/
0 /p/QSOpt/NAEopt/optZ/runZn4k2resExtplus/part070/
1 /p/QSOpt/NAEopt/optZ/runZn4k2resExtplus/part070/
2 /p/QSOpt/NAEopt/optZ/runZn4k2resExtplus/part070/
3 /p/QSOpt/NAEopt/optZ/runZn4k2resExtplus/part070/
4 /p/QSOpt/NAEopt/optZ/runZn4k2resExtplus/part070/
5 /p/QSOpt/NAEopt/optZ/runZn4k2resExtplus/part070/
6 /p/QSOpt/NAEopt/optZ/runZn4k2resExtplus/part070/
7 /p/QSOpt/NAEopt/optZ/runZn4k2resExtplus/part070/
8 /p/QSOpt/NAEopt/optZ/runZn4k2resExtplus/part070/
9 /p/QSOpt/NAEopt/optZ/runZn4k2resExtplus/part070/
6 /p/QSOpt/NAEopt/optZ/runZn4k2resExtplus/part070/
0 /p/QSOpt/NAEopt/optZ/runZn4k2resExtplus/part070/
1 /p/QSOpt/NAEopt/optZ/runZn4k2resExtplus/part070/
2 /p/QSOpt/NAEopt/optZ/runZn4k2resExtplus/part070/
3 /p/QSOpt/NAEopt/optZ/runZn4k2resExtplus/part070/
4 /p/QSOpt/NAEopt/optZ/runZn4k2resExtplus/part070/
5 /p/QSOpt/NAEopt/optZ/runZn4k2resExtplus/part070/
6 /p/QSOpt/NAEopt/optZ/runZn4k2resExtplus/part070/
7 /p/QSOpt/NAEopt/optZ/runZn4k2resExtplus/part070/
8 /p/QSOpt/NAEopt/optZ/runZn4k2resExtplus/part070/
9 /p/QSOpt/NAEopt/optZ/runZn4k2resExtplus/part070/
7 /p/QSOpt/NAEopt/optZ/runZn4k2resExtplus/part070/
0 /p/QSOpt/NAEopt/optZ/runZn4k2resExtplus/part070/
1 /p/QSOpt/NAEopt/optZ/runZn4k2resExtplus/part070/
2 /p/QSOpt/NAEopt/optZ/runZn4k2resExtplus/part070/
3 /p/QSOpt/NAEopt/optZ/runZn4k2resExtplus/part070/
4 /p/QSOpt/NAEopt/optZ/runZn4k2resExtplus/part070/
5 /p/QSOpt/NAEopt/optZ/runZn4k2resExtplus/part070/
6 /p/QSOpt/NAEopt/optZ/runZn4k2resExtplus/part070/
7 /p/QSOpt/NAEopt/optZ/runZn4k2resExtplus/part070/
8 /p/QSOpt/NAEopt/optZ/runZn4k2resExtplus/part070/
9 /p/QSOpt/NAEopt/optZ/runZn4k2resExtplus/part070/
8 /p/QSOpt/NAEopt/optZ/runZn4k2resExtplus/part070/
0 /p/QSOpt/NAEopt/optZ/runZn4k2resExtplus/part070/
1 /p/QSOpt/NAEopt/optZ/runZn4k2resExtplus/part070/
2 /p/QSOpt/NAEopt/optZ/runZn4k2resExtplus/part070/
3 /p/QSOpt/NAEopt/optZ/runZn4k2resExtplus/part070/
4 /p/QSOpt/NAEopt/optZ/runZn4k2resExtplus/part070/
5 /p/QSOpt/NAEopt/optZ/runZn4k2resExtplus/part070/
6 /p/QSOpt/NAEopt/optZ/runZn4k2resExtplus/part070/
7 /p/QSOpt/NAEopt/optZ/runZn4k2resExtplus/part070/
8 /p/QSOpt/NAEopt/optZ/runZn4k2resExtplus/part070/
9 /p/QSOpt/NAEopt/optZ/runZn4k2resExtplus/part070/
9 /p/QSOpt/NAEopt/optZ/runZn4k2resExtplus/part070/
0 /p/QSOpt/NAEopt/optZ/runZn4k2resExtplus/part070/
1 /p/QSOpt/NAEopt/optZ/runZn4k2resExtplus/part070/
2 /p/QSOpt/NAEopt/optZ/runZn4k2resExtplus/part070/
3 /p/QSOpt/NAEopt/optZ/runZn4k2resExtplus/part070/
4 /p/QSOpt/NAEopt/optZ/runZn4k2resExtplus/part070/
5 /p/QSOpt/NAEopt/optZ/runZn4k2resExtplus/part070/
6 /p/QSOpt/NAEopt/optZ/runZn4k2resExtplus/part070/
7 /p/QSOpt/NAEopt/optZ/runZn4k2resExtplus/part070/
8 /p/QSOpt/NAEopt/optZ/runZn4k2resExtplus/part070/
9 /p/QSOpt/NAEopt/optZ/runZn4k2resExtplus/part070/
10 /p/QSOpt/NAEopt/optZ/runZn4k2resExtplus/part070/
0 /p/QSOpt/NAEopt/optZ/runZn4k2resExtplus/part070/
1 /p/QSOpt/NAEopt/optZ/runZn4k2resExtplus/part070/
2 /p/QSOpt/NAEopt/optZ/runZn4k2resExtplus/part070/
3 /p/QSOpt/NAEopt/optZ/runZn4k2resExtplus/part070/
4 /p/QSOpt/NAEopt/optZ/runZn4k2resExtplus/part070/
5 /p/QSOpt/NAEopt/optZ/runZn4k2resExtplus/part070/
6 /p/QSOpt/NAEopt/optZ/runZn4k2resExtplus/part070/
7 /p/QSOpt/NAEopt/optZ/runZn4k2resExtplus/part070/
8 /p/QSOpt/NAEopt/optZ/runZn4k2resExtplus/part070/
9 /p/QSOpt/NAEopt/optZ/runZn4k2resExtplus/part070/
11 /p/QSOpt/NAEopt/optZ/runZn4k2resExtplus/part070/
0 /p/QSOpt/NAEopt/optZ/runZn4k2resExtplus/part070/
1 /p/QSOpt/NAEopt/optZ/runZn4k2resExtplus/part070/
2 /p/QSOpt/NAEopt/optZ/runZn4k2resExtplus/part070/
3 /p/QSOpt/NAEopt/optZ/runZn4k2resExtplus/part070/
4 /p/QSOpt/NAEopt/optZ/runZn4k2resExtplus/part070/
5 /p/QSOpt/NAEopt/optZ/runZn4k2resExtplus/part070/
6 /p/QSOpt/NAEopt/optZ/runZn4k2resExtplus/part070/
7 /p/QSOpt/NAEopt/optZ/runZn4k2resExtplus/part070/
8 /p/QSOpt/NAEopt/optZ/runZn4k2resExtplus/part070/
9 /p/QSOpt/NAEopt/optZ/runZn4k2resExtplus/part070/
12 /p/QSOpt/NAEopt/optZ/runZn4k2resExtplus/part070/
0 /p/QSOpt/NAEopt/optZ/runZn4k2resExtplus/part070/
1 /p/QSOpt/NAEopt/optZ/runZn4k2resExtplus/part070/
2 /p/QSOpt/NAEopt/optZ/runZn4k2resExtplus/part070/
3 /p/QSOpt/NAEopt/optZ/runZn4k2resExtplus/part070/
4 /p/QSOpt/NAEopt/optZ/runZn4k2resExtplus/part070/
5 /p/QSOpt/NAEopt/optZ/runZn4k2resExtplus/part070/
6 /p/QSOpt/NAEopt/optZ/runZn4k2resExtplus/part070/
7 /p/QSOpt/NAEopt/optZ/runZn4k2resExtplus/part070/
8 /p/QSOpt/NAEopt/optZ/runZn4k2resExtplus/part070/
9 /p/QSOpt/NAEopt/optZ/runZn4k2resExtplus/part070/
13 /p/QSOpt/NAEopt/optZ/runZn4k2resExtplus/part070/
0 /p/QSOpt/NAEopt/optZ/runZn4k2resExtplus/part070/
1 /p/QSOpt/NAEopt/optZ/runZn4k2resExtplus/part070/
2 /p/QSOpt/NAEopt/optZ/runZn4k2resExtplus/part070/
3 /p/QSOpt/NAEopt/optZ/runZn4k2resExtplus/part070/
4 /p/QSOpt/NAEopt/optZ/runZn4k2resExtplus/part070/
5 /p/QSOpt/NAEopt/optZ/runZn4k2resExtplus/part070/
6 /p/QSOpt/NAEopt/optZ/runZn4k2resExtplus/part070/
7 /p/QSOpt/NAEopt/optZ/runZn4k2resExtplus/part070/
8 /p/QSOpt/NAEopt/optZ/runZn4k2resExtplus/part070/
9 /p/QSOpt/NAEopt/optZ/runZn4k2resExtplus/part070/
14 /p/QSOpt/NAEopt/optZ/runZn4k2resExtplus/part070/
