python optAnhark2optZ.py 15 0.48 0.51 10 -0.023999999999999994 -0.011999999999999997 /p/QSOpt/NAEopt/optZ/runZn4k2resExtplus/part064/
0 /p/QSOpt/NAEopt/optZ/runZn4k2resExtplus/part064/
1 /p/QSOpt/NAEopt/optZ/runZn4k2resExtplus/part064/
2 /p/QSOpt/NAEopt/optZ/runZn4k2resExtplus/part064/
3 /p/QSOpt/NAEopt/optZ/runZn4k2resExtplus/part064/
4 /p/QSOpt/NAEopt/optZ/runZn4k2resExtplus/part064/
5 /p/QSOpt/NAEopt/optZ/runZn4k2resExtplus/part064/
6 /p/QSOpt/NAEopt/optZ/runZn4k2resExtplus/part064/
7 /p/QSOpt/NAEopt/optZ/runZn4k2resExtplus/part064/
8 /p/QSOpt/NAEopt/optZ/runZn4k2resExtplus/part064/
9 /p/QSOpt/NAEopt/optZ/runZn4k2resExtplus/part064/
0 /p/QSOpt/NAEopt/optZ/runZn4k2resExtplus/part064/
0 /p/QSOpt/NAEopt/optZ/runZn4k2resExtplus/part064/
1 /p/QSOpt/NAEopt/optZ/runZn4k2resExtplus/part064/
2 /p/QSOpt/NAEopt/optZ/runZn4k2resExtplus/part064/
3 /p/QSOpt/NAEopt/optZ/runZn4k2resExtplus/part064/
4 /p/QSOpt/NAEopt/optZ/runZn4k2resExtplus/part064/
5 /p/QSOpt/NAEopt/optZ/runZn4k2resExtplus/part064/
6 /p/QSOpt/NAEopt/optZ/runZn4k2resExtplus/part064/
7 /p/QSOpt/NAEopt/optZ/runZn4k2resExtplus/part064/
8 /p/QSOpt/NAEopt/optZ/runZn4k2resExtplus/part064/
9 /p/QSOpt/NAEopt/optZ/runZn4k2resExtplus/part064/
1 /p/QSOpt/NAEopt/optZ/runZn4k2resExtplus/part064/
0 /p/QSOpt/NAEopt/optZ/runZn4k2resExtplus/part064/
1 /p/QSOpt/NAEopt/optZ/runZn4k2resExtplus/part064/
2 /p/QSOpt/NAEopt/optZ/runZn4k2resExtplus/part064/
3 /p/QSOpt/NAEopt/optZ/runZn4k2resExtplus/part064/
4 /p/QSOpt/NAEopt/optZ/runZn4k2resExtplus/part064/
5 /p/QSOpt/NAEopt/optZ/runZn4k2resExtplus/part064/
6 /p/QSOpt/NAEopt/optZ/runZn4k2resExtplus/part064/
7 /p/QSOpt/NAEopt/optZ/runZn4k2resExtplus/part064/
8 /p/QSOpt/NAEopt/optZ/runZn4k2resExtplus/part064/
9 /p/QSOpt/NAEopt/optZ/runZn4k2resExtplus/part064/
2 /p/QSOpt/NAEopt/optZ/runZn4k2resExtplus/part064/
0 /p/QSOpt/NAEopt/optZ/runZn4k2resExtplus/part064/
1 /p/QSOpt/NAEopt/optZ/runZn4k2resExtplus/part064/
2 /p/QSOpt/NAEopt/optZ/runZn4k2resExtplus/part064/
3 /p/QSOpt/NAEopt/optZ/runZn4k2resExtplus/part064/
4 /p/QSOpt/NAEopt/optZ/runZn4k2resExtplus/part064/
5 /p/QSOpt/NAEopt/optZ/runZn4k2resExtplus/part064/
6 /p/QSOpt/NAEopt/optZ/runZn4k2resExtplus/part064/
7 /p/QSOpt/NAEopt/optZ/runZn4k2resExtplus/part064/
8 /p/QSOpt/NAEopt/optZ/runZn4k2resExtplus/part064/
9 /p/QSOpt/NAEopt/optZ/runZn4k2resExtplus/part064/
3 /p/QSOpt/NAEopt/optZ/runZn4k2resExtplus/part064/
0 /p/QSOpt/NAEopt/optZ/runZn4k2resExtplus/part064/
1 /p/QSOpt/NAEopt/optZ/runZn4k2resExtplus/part064/
2 /p/QSOpt/NAEopt/optZ/runZn4k2resExtplus/part064/
3 /p/QSOpt/NAEopt/optZ/runZn4k2resExtplus/part064/
4 /p/QSOpt/NAEopt/optZ/runZn4k2resExtplus/part064/
5 /p/QSOpt/NAEopt/optZ/runZn4k2resExtplus/part064/
6 /p/QSOpt/NAEopt/optZ/runZn4k2resExtplus/part064/
7 /p/QSOpt/NAEopt/optZ/runZn4k2resExtplus/part064/
8 /p/QSOpt/NAEopt/optZ/runZn4k2resExtplus/part064/
9 /p/QSOpt/NAEopt/optZ/runZn4k2resExtplus/part064/
4 /p/QSOpt/NAEopt/optZ/runZn4k2resExtplus/part064/
0 /p/QSOpt/NAEopt/optZ/runZn4k2resExtplus/part064/
1 /p/QSOpt/NAEopt/optZ/runZn4k2resExtplus/part064/
2 /p/QSOpt/NAEopt/optZ/runZn4k2resExtplus/part064/
3 /p/QSOpt/NAEopt/optZ/runZn4k2resExtplus/part064/
4 /p/QSOpt/NAEopt/optZ/runZn4k2resExtplus/part064/
5 /p/QSOpt/NAEopt/optZ/runZn4k2resExtplus/part064/
6 /p/QSOpt/NAEopt/optZ/runZn4k2resExtplus/part064/
7 /p/QSOpt/NAEopt/optZ/runZn4k2resExtplus/part064/
8 /p/QSOpt/NAEopt/optZ/runZn4k2resExtplus/part064/
9 /p/QSOpt/NAEopt/optZ/runZn4k2resExtplus/part064/
5 /p/QSOpt/NAEopt/optZ/runZn4k2resExtplus/part064/
0 /p/QSOpt/NAEopt/optZ/runZn4k2resExtplus/part064/
1 /p/QSOpt/NAEopt/optZ/runZn4k2resExtplus/part064/
2 /p/QSOpt/NAEopt/optZ/runZn4k2resExtplus/part064/
3 /p/QSOpt/NAEopt/optZ/runZn4k2resExtplus/part064/
4 /p/QSOpt/NAEopt/optZ/runZn4k2resExtplus/part064/
5 /p/QSOpt/NAEopt/optZ/runZn4k2resExtplus/part064/
6 /p/QSOpt/NAEopt/optZ/runZn4k2resExtplus/part064/
7 /p/QSOpt/NAEopt/optZ/runZn4k2resExtplus/part064/
8 /p/QSOpt/NAEopt/optZ/runZn4k2resExtplus/part064/
9 /p/QSOpt/NAEopt/optZ/runZn4k2resExtplus/part064/
6 /p/QSOpt/NAEopt/optZ/runZn4k2resExtplus/part064/
0 /p/QSOpt/NAEopt/optZ/runZn4k2resExtplus/part064/
1 /p/QSOpt/NAEopt/optZ/runZn4k2resExtplus/part064/
2 /p/QSOpt/NAEopt/optZ/runZn4k2resExtplus/part064/
3 /p/QSOpt/NAEopt/optZ/runZn4k2resExtplus/part064/
4 /p/QSOpt/NAEopt/optZ/runZn4k2resExtplus/part064/
5 /p/QSOpt/NAEopt/optZ/runZn4k2resExtplus/part064/
6 /p/QSOpt/NAEopt/optZ/runZn4k2resExtplus/part064/
7 /p/QSOpt/NAEopt/optZ/runZn4k2resExtplus/part064/
8 /p/QSOpt/NAEopt/optZ/runZn4k2resExtplus/part064/
9 /p/QSOpt/NAEopt/optZ/runZn4k2resExtplus/part064/
7 /p/QSOpt/NAEopt/optZ/runZn4k2resExtplus/part064/
0 /p/QSOpt/NAEopt/optZ/runZn4k2resExtplus/part064/
1 /p/QSOpt/NAEopt/optZ/runZn4k2resExtplus/part064/
2 /p/QSOpt/NAEopt/optZ/runZn4k2resExtplus/part064/
3 /p/QSOpt/NAEopt/optZ/runZn4k2resExtplus/part064/
4 /p/QSOpt/NAEopt/optZ/runZn4k2resExtplus/part064/
5 /p/QSOpt/NAEopt/optZ/runZn4k2resExtplus/part064/
6 /p/QSOpt/NAEopt/optZ/runZn4k2resExtplus/part064/
7 /p/QSOpt/NAEopt/optZ/runZn4k2resExtplus/part064/
8 /p/QSOpt/NAEopt/optZ/runZn4k2resExtplus/part064/
9 /p/QSOpt/NAEopt/optZ/runZn4k2resExtplus/part064/
8 /p/QSOpt/NAEopt/optZ/runZn4k2resExtplus/part064/
0 /p/QSOpt/NAEopt/optZ/runZn4k2resExtplus/part064/
1 /p/QSOpt/NAEopt/optZ/runZn4k2resExtplus/part064/
2 /p/QSOpt/NAEopt/optZ/runZn4k2resExtplus/part064/
3 /p/QSOpt/NAEopt/optZ/runZn4k2resExtplus/part064/
4 /p/QSOpt/NAEopt/optZ/runZn4k2resExtplus/part064/
5 /p/QSOpt/NAEopt/optZ/runZn4k2resExtplus/part064/
6 /p/QSOpt/NAEopt/optZ/runZn4k2resExtplus/part064/
7 /p/QSOpt/NAEopt/optZ/runZn4k2resExtplus/part064/
8 /p/QSOpt/NAEopt/optZ/runZn4k2resExtplus/part064/
9 /p/QSOpt/NAEopt/optZ/runZn4k2resExtplus/part064/
9 /p/QSOpt/NAEopt/optZ/runZn4k2resExtplus/part064/
0 /p/QSOpt/NAEopt/optZ/runZn4k2resExtplus/part064/
1 /p/QSOpt/NAEopt/optZ/runZn4k2resExtplus/part064/
2 /p/QSOpt/NAEopt/optZ/runZn4k2resExtplus/part064/
3 /p/QSOpt/NAEopt/optZ/runZn4k2resExtplus/part064/
4 /p/QSOpt/NAEopt/optZ/runZn4k2resExtplus/part064/
5 /p/QSOpt/NAEopt/optZ/runZn4k2resExtplus/part064/
6 /p/QSOpt/NAEopt/optZ/runZn4k2resExtplus/part064/
7 /p/QSOpt/NAEopt/optZ/runZn4k2resExtplus/part064/
8 /p/QSOpt/NAEopt/optZ/runZn4k2resExtplus/part064/
9 /p/QSOpt/NAEopt/optZ/runZn4k2resExtplus/part064/
10 /p/QSOpt/NAEopt/optZ/runZn4k2resExtplus/part064/
0 /p/QSOpt/NAEopt/optZ/runZn4k2resExtplus/part064/
1 /p/QSOpt/NAEopt/optZ/runZn4k2resExtplus/part064/
2 /p/QSOpt/NAEopt/optZ/runZn4k2resExtplus/part064/
3 /p/QSOpt/NAEopt/optZ/runZn4k2resExtplus/part064/
4 /p/QSOpt/NAEopt/optZ/runZn4k2resExtplus/part064/
5 /p/QSOpt/NAEopt/optZ/runZn4k2resExtplus/part064/
6 /p/QSOpt/NAEopt/optZ/runZn4k2resExtplus/part064/
7 /p/QSOpt/NAEopt/optZ/runZn4k2resExtplus/part064/
8 /p/QSOpt/NAEopt/optZ/runZn4k2resExtplus/part064/
9 /p/QSOpt/NAEopt/optZ/runZn4k2resExtplus/part064/
11 /p/QSOpt/NAEopt/optZ/runZn4k2resExtplus/part064/
0 /p/QSOpt/NAEopt/optZ/runZn4k2resExtplus/part064/
1 /p/QSOpt/NAEopt/optZ/runZn4k2resExtplus/part064/
2 /p/QSOpt/NAEopt/optZ/runZn4k2resExtplus/part064/
3 /p/QSOpt/NAEopt/optZ/runZn4k2resExtplus/part064/
4 /p/QSOpt/NAEopt/optZ/runZn4k2resExtplus/part064/
5 /p/QSOpt/NAEopt/optZ/runZn4k2resExtplus/part064/
6 /p/QSOpt/NAEopt/optZ/runZn4k2resExtplus/part064/
7 /p/QSOpt/NAEopt/optZ/runZn4k2resExtplus/part064/
8 /p/QSOpt/NAEopt/optZ/runZn4k2resExtplus/part064/
9 /p/QSOpt/NAEopt/optZ/runZn4k2resExtplus/part064/
12 /p/QSOpt/NAEopt/optZ/runZn4k2resExtplus/part064/
0 /p/QSOpt/NAEopt/optZ/runZn4k2resExtplus/part064/
1 /p/QSOpt/NAEopt/optZ/runZn4k2resExtplus/part064/
2 /p/QSOpt/NAEopt/optZ/runZn4k2resExtplus/part064/
3 /p/QSOpt/NAEopt/optZ/runZn4k2resExtplus/part064/
4 /p/QSOpt/NAEopt/optZ/runZn4k2resExtplus/part064/
5 /p/QSOpt/NAEopt/optZ/runZn4k2resExtplus/part064/
6 /p/QSOpt/NAEopt/optZ/runZn4k2resExtplus/part064/
7 /p/QSOpt/NAEopt/optZ/runZn4k2resExtplus/part064/
8 /p/QSOpt/NAEopt/optZ/runZn4k2resExtplus/part064/
9 /p/QSOpt/NAEopt/optZ/runZn4k2resExtplus/part064/
13 /p/QSOpt/NAEopt/optZ/runZn4k2resExtplus/part064/
0 /p/QSOpt/NAEopt/optZ/runZn4k2resExtplus/part064/
1 /p/QSOpt/NAEopt/optZ/runZn4k2resExtplus/part064/
2 /p/QSOpt/NAEopt/optZ/runZn4k2resExtplus/part064/
3 /p/QSOpt/NAEopt/optZ/runZn4k2resExtplus/part064/
4 /p/QSOpt/NAEopt/optZ/runZn4k2resExtplus/part064/
5 /p/QSOpt/NAEopt/optZ/runZn4k2resExtplus/part064/
6 /p/QSOpt/NAEopt/optZ/runZn4k2resExtplus/part064/
7 /p/QSOpt/NAEopt/optZ/runZn4k2resExtplus/part064/
8 /p/QSOpt/NAEopt/optZ/runZn4k2resExtplus/part064/
9 /p/QSOpt/NAEopt/optZ/runZn4k2resExtplus/part064/
14 /p/QSOpt/NAEopt/optZ/runZn4k2resExtplus/part064/
