python optAnhark2optZ.py 15 0.3 0.32999999999999996 10 -0.048 -0.036 /p/QSOpt/NAEopt/optZ/runZn4k2resExtplus/part002/
0 /p/QSOpt/NAEopt/optZ/runZn4k2resExtplus/part002/
1 /p/QSOpt/NAEopt/optZ/runZn4k2resExtplus/part002/
2 /p/QSOpt/NAEopt/optZ/runZn4k2resExtplus/part002/
3 /p/QSOpt/NAEopt/optZ/runZn4k2resExtplus/part002/
4 /p/QSOpt/NAEopt/optZ/runZn4k2resExtplus/part002/
5 /p/QSOpt/NAEopt/optZ/runZn4k2resExtplus/part002/
6 /p/QSOpt/NAEopt/optZ/runZn4k2resExtplus/part002/
7 /p/QSOpt/NAEopt/optZ/runZn4k2resExtplus/part002/
8 /p/QSOpt/NAEopt/optZ/runZn4k2resExtplus/part002/
9 /p/QSOpt/NAEopt/optZ/runZn4k2resExtplus/part002/
0 /p/QSOpt/NAEopt/optZ/runZn4k2resExtplus/part002/
0 /p/QSOpt/NAEopt/optZ/runZn4k2resExtplus/part002/
1 /p/QSOpt/NAEopt/optZ/runZn4k2resExtplus/part002/
2 /p/QSOpt/NAEopt/optZ/runZn4k2resExtplus/part002/
3 /p/QSOpt/NAEopt/optZ/runZn4k2resExtplus/part002/
4 /p/QSOpt/NAEopt/optZ/runZn4k2resExtplus/part002/
5 /p/QSOpt/NAEopt/optZ/runZn4k2resExtplus/part002/
6 /p/QSOpt/NAEopt/optZ/runZn4k2resExtplus/part002/
7 /p/QSOpt/NAEopt/optZ/runZn4k2resExtplus/part002/
8 /p/QSOpt/NAEopt/optZ/runZn4k2resExtplus/part002/
9 /p/QSOpt/NAEopt/optZ/runZn4k2resExtplus/part002/
1 /p/QSOpt/NAEopt/optZ/runZn4k2resExtplus/part002/
0 /p/QSOpt/NAEopt/optZ/runZn4k2resExtplus/part002/
1 /p/QSOpt/NAEopt/optZ/runZn4k2resExtplus/part002/
2 /p/QSOpt/NAEopt/optZ/runZn4k2resExtplus/part002/
3 /p/QSOpt/NAEopt/optZ/runZn4k2resExtplus/part002/
4 /p/QSOpt/NAEopt/optZ/runZn4k2resExtplus/part002/
5 /p/QSOpt/NAEopt/optZ/runZn4k2resExtplus/part002/
6 /p/QSOpt/NAEopt/optZ/runZn4k2resExtplus/part002/
7 /p/QSOpt/NAEopt/optZ/runZn4k2resExtplus/part002/
8 /p/QSOpt/NAEopt/optZ/runZn4k2resExtplus/part002/
9 /p/QSOpt/NAEopt/optZ/runZn4k2resExtplus/part002/
2 /p/QSOpt/NAEopt/optZ/runZn4k2resExtplus/part002/
0 /p/QSOpt/NAEopt/optZ/runZn4k2resExtplus/part002/
1 /p/QSOpt/NAEopt/optZ/runZn4k2resExtplus/part002/
2 /p/QSOpt/NAEopt/optZ/runZn4k2resExtplus/part002/
3 /p/QSOpt/NAEopt/optZ/runZn4k2resExtplus/part002/
4 /p/QSOpt/NAEopt/optZ/runZn4k2resExtplus/part002/
5 /p/QSOpt/NAEopt/optZ/runZn4k2resExtplus/part002/
6 /p/QSOpt/NAEopt/optZ/runZn4k2resExtplus/part002/
7 /p/QSOpt/NAEopt/optZ/runZn4k2resExtplus/part002/
8 /p/QSOpt/NAEopt/optZ/runZn4k2resExtplus/part002/
9 /p/QSOpt/NAEopt/optZ/runZn4k2resExtplus/part002/
3 /p/QSOpt/NAEopt/optZ/runZn4k2resExtplus/part002/
0 /p/QSOpt/NAEopt/optZ/runZn4k2resExtplus/part002/
1 /p/QSOpt/NAEopt/optZ/runZn4k2resExtplus/part002/
2 /p/QSOpt/NAEopt/optZ/runZn4k2resExtplus/part002/
3 /p/QSOpt/NAEopt/optZ/runZn4k2resExtplus/part002/
4 /p/QSOpt/NAEopt/optZ/runZn4k2resExtplus/part002/
5 /p/QSOpt/NAEopt/optZ/runZn4k2resExtplus/part002/
6 /p/QSOpt/NAEopt/optZ/runZn4k2resExtplus/part002/
7 /p/QSOpt/NAEopt/optZ/runZn4k2resExtplus/part002/
8 /p/QSOpt/NAEopt/optZ/runZn4k2resExtplus/part002/
9 /p/QSOpt/NAEopt/optZ/runZn4k2resExtplus/part002/
4 /p/QSOpt/NAEopt/optZ/runZn4k2resExtplus/part002/
0 /p/QSOpt/NAEopt/optZ/runZn4k2resExtplus/part002/
1 /p/QSOpt/NAEopt/optZ/runZn4k2resExtplus/part002/
2 /p/QSOpt/NAEopt/optZ/runZn4k2resExtplus/part002/
3 /p/QSOpt/NAEopt/optZ/runZn4k2resExtplus/part002/
4 /p/QSOpt/NAEopt/optZ/runZn4k2resExtplus/part002/
5 /p/QSOpt/NAEopt/optZ/runZn4k2resExtplus/part002/
6 /p/QSOpt/NAEopt/optZ/runZn4k2resExtplus/part002/
7 /p/QSOpt/NAEopt/optZ/runZn4k2resExtplus/part002/
8 /p/QSOpt/NAEopt/optZ/runZn4k2resExtplus/part002/
9 /p/QSOpt/NAEopt/optZ/runZn4k2resExtplus/part002/
5 /p/QSOpt/NAEopt/optZ/runZn4k2resExtplus/part002/
0 /p/QSOpt/NAEopt/optZ/runZn4k2resExtplus/part002/
1 /p/QSOpt/NAEopt/optZ/runZn4k2resExtplus/part002/
2 /p/QSOpt/NAEopt/optZ/runZn4k2resExtplus/part002/
3 /p/QSOpt/NAEopt/optZ/runZn4k2resExtplus/part002/
4 /p/QSOpt/NAEopt/optZ/runZn4k2resExtplus/part002/
5 /p/QSOpt/NAEopt/optZ/runZn4k2resExtplus/part002/
6 /p/QSOpt/NAEopt/optZ/runZn4k2resExtplus/part002/
7 /p/QSOpt/NAEopt/optZ/runZn4k2resExtplus/part002/
8 /p/QSOpt/NAEopt/optZ/runZn4k2resExtplus/part002/
9 /p/QSOpt/NAEopt/optZ/runZn4k2resExtplus/part002/
6 /p/QSOpt/NAEopt/optZ/runZn4k2resExtplus/part002/
0 /p/QSOpt/NAEopt/optZ/runZn4k2resExtplus/part002/
1 /p/QSOpt/NAEopt/optZ/runZn4k2resExtplus/part002/
2 /p/QSOpt/NAEopt/optZ/runZn4k2resExtplus/part002/
3 /p/QSOpt/NAEopt/optZ/runZn4k2resExtplus/part002/
4 /p/QSOpt/NAEopt/optZ/runZn4k2resExtplus/part002/
5 /p/QSOpt/NAEopt/optZ/runZn4k2resExtplus/part002/
6 /p/QSOpt/NAEopt/optZ/runZn4k2resExtplus/part002/
7 /p/QSOpt/NAEopt/optZ/runZn4k2resExtplus/part002/
8 /p/QSOpt/NAEopt/optZ/runZn4k2resExtplus/part002/
9 /p/QSOpt/NAEopt/optZ/runZn4k2resExtplus/part002/
7 /p/QSOpt/NAEopt/optZ/runZn4k2resExtplus/part002/
0 /p/QSOpt/NAEopt/optZ/runZn4k2resExtplus/part002/
1 /p/QSOpt/NAEopt/optZ/runZn4k2resExtplus/part002/
2 /p/QSOpt/NAEopt/optZ/runZn4k2resExtplus/part002/
3 /p/QSOpt/NAEopt/optZ/runZn4k2resExtplus/part002/
4 /p/QSOpt/NAEopt/optZ/runZn4k2resExtplus/part002/
5 /p/QSOpt/NAEopt/optZ/runZn4k2resExtplus/part002/
6 /p/QSOpt/NAEopt/optZ/runZn4k2resExtplus/part002/
7 /p/QSOpt/NAEopt/optZ/runZn4k2resExtplus/part002/
8 /p/QSOpt/NAEopt/optZ/runZn4k2resExtplus/part002/
9 /p/QSOpt/NAEopt/optZ/runZn4k2resExtplus/part002/
8 /p/QSOpt/NAEopt/optZ/runZn4k2resExtplus/part002/
0 /p/QSOpt/NAEopt/optZ/runZn4k2resExtplus/part002/
1 /p/QSOpt/NAEopt/optZ/runZn4k2resExtplus/part002/
2 /p/QSOpt/NAEopt/optZ/runZn4k2resExtplus/part002/
3 /p/QSOpt/NAEopt/optZ/runZn4k2resExtplus/part002/
4 /p/QSOpt/NAEopt/optZ/runZn4k2resExtplus/part002/
5 /p/QSOpt/NAEopt/optZ/runZn4k2resExtplus/part002/
6 /p/QSOpt/NAEopt/optZ/runZn4k2resExtplus/part002/
7 /p/QSOpt/NAEopt/optZ/runZn4k2resExtplus/part002/
8 /p/QSOpt/NAEopt/optZ/runZn4k2resExtplus/part002/
9 /p/QSOpt/NAEopt/optZ/runZn4k2resExtplus/part002/
9 /p/QSOpt/NAEopt/optZ/runZn4k2resExtplus/part002/
0 /p/QSOpt/NAEopt/optZ/runZn4k2resExtplus/part002/
1 /p/QSOpt/NAEopt/optZ/runZn4k2resExtplus/part002/
2 /p/QSOpt/NAEopt/optZ/runZn4k2resExtplus/part002/
3 /p/QSOpt/NAEopt/optZ/runZn4k2resExtplus/part002/
4 /p/QSOpt/NAEopt/optZ/runZn4k2resExtplus/part002/
5 /p/QSOpt/NAEopt/optZ/runZn4k2resExtplus/part002/
6 /p/QSOpt/NAEopt/optZ/runZn4k2resExtplus/part002/
7 /p/QSOpt/NAEopt/optZ/runZn4k2resExtplus/part002/
8 /p/QSOpt/NAEopt/optZ/runZn4k2resExtplus/part002/
9 /p/QSOpt/NAEopt/optZ/runZn4k2resExtplus/part002/
10 /p/QSOpt/NAEopt/optZ/runZn4k2resExtplus/part002/
0 /p/QSOpt/NAEopt/optZ/runZn4k2resExtplus/part002/
1 /p/QSOpt/NAEopt/optZ/runZn4k2resExtplus/part002/
2 /p/QSOpt/NAEopt/optZ/runZn4k2resExtplus/part002/
3 /p/QSOpt/NAEopt/optZ/runZn4k2resExtplus/part002/
4 /p/QSOpt/NAEopt/optZ/runZn4k2resExtplus/part002/
5 /p/QSOpt/NAEopt/optZ/runZn4k2resExtplus/part002/
6 /p/QSOpt/NAEopt/optZ/runZn4k2resExtplus/part002/
7 /p/QSOpt/NAEopt/optZ/runZn4k2resExtplus/part002/
8 /p/QSOpt/NAEopt/optZ/runZn4k2resExtplus/part002/
9 /p/QSOpt/NAEopt/optZ/runZn4k2resExtplus/part002/
11 /p/QSOpt/NAEopt/optZ/runZn4k2resExtplus/part002/
0 /p/QSOpt/NAEopt/optZ/runZn4k2resExtplus/part002/
1 /p/QSOpt/NAEopt/optZ/runZn4k2resExtplus/part002/
2 /p/QSOpt/NAEopt/optZ/runZn4k2resExtplus/part002/
3 /p/QSOpt/NAEopt/optZ/runZn4k2resExtplus/part002/
4 /p/QSOpt/NAEopt/optZ/runZn4k2resExtplus/part002/
5 /p/QSOpt/NAEopt/optZ/runZn4k2resExtplus/part002/
6 /p/QSOpt/NAEopt/optZ/runZn4k2resExtplus/part002/
7 /p/QSOpt/NAEopt/optZ/runZn4k2resExtplus/part002/
8 /p/QSOpt/NAEopt/optZ/runZn4k2resExtplus/part002/
9 /p/QSOpt/NAEopt/optZ/runZn4k2resExtplus/part002/
12 /p/QSOpt/NAEopt/optZ/runZn4k2resExtplus/part002/
0 /p/QSOpt/NAEopt/optZ/runZn4k2resExtplus/part002/
1 /p/QSOpt/NAEopt/optZ/runZn4k2resExtplus/part002/
2 /p/QSOpt/NAEopt/optZ/runZn4k2resExtplus/part002/
3 /p/QSOpt/NAEopt/optZ/runZn4k2resExtplus/part002/
4 /p/QSOpt/NAEopt/optZ/runZn4k2resExtplus/part002/
5 /p/QSOpt/NAEopt/optZ/runZn4k2resExtplus/part002/
6 /p/QSOpt/NAEopt/optZ/runZn4k2resExtplus/part002/
7 /p/QSOpt/NAEopt/optZ/runZn4k2resExtplus/part002/
8 /p/QSOpt/NAEopt/optZ/runZn4k2resExtplus/part002/
9 /p/QSOpt/NAEopt/optZ/runZn4k2resExtplus/part002/
13 /p/QSOpt/NAEopt/optZ/runZn4k2resExtplus/part002/
0 /p/QSOpt/NAEopt/optZ/runZn4k2resExtplus/part002/
1 /p/QSOpt/NAEopt/optZ/runZn4k2resExtplus/part002/
2 /p/QSOpt/NAEopt/optZ/runZn4k2resExtplus/part002/
3 /p/QSOpt/NAEopt/optZ/runZn4k2resExtplus/part002/
4 /p/QSOpt/NAEopt/optZ/runZn4k2resExtplus/part002/
5 /p/QSOpt/NAEopt/optZ/runZn4k2resExtplus/part002/
6 /p/QSOpt/NAEopt/optZ/runZn4k2resExtplus/part002/
7 /p/QSOpt/NAEopt/optZ/runZn4k2resExtplus/part002/
8 /p/QSOpt/NAEopt/optZ/runZn4k2resExtplus/part002/
9 /p/QSOpt/NAEopt/optZ/runZn4k2resExtplus/part002/
14 /p/QSOpt/NAEopt/optZ/runZn4k2resExtplus/part002/
