python optAnhark2optZ.py 15 0.44999999999999996 0.48 10 0.0 0.01200000000000001 /p/QSOpt/NAEopt/optZ/runZn4k2resExtplus/part056/
0 /p/QSOpt/NAEopt/optZ/runZn4k2resExtplus/part056/
1 /p/QSOpt/NAEopt/optZ/runZn4k2resExtplus/part056/
2 /p/QSOpt/NAEopt/optZ/runZn4k2resExtplus/part056/
3 /p/QSOpt/NAEopt/optZ/runZn4k2resExtplus/part056/
4 /p/QSOpt/NAEopt/optZ/runZn4k2resExtplus/part056/
5 /p/QSOpt/NAEopt/optZ/runZn4k2resExtplus/part056/
6 /p/QSOpt/NAEopt/optZ/runZn4k2resExtplus/part056/
7 /p/QSOpt/NAEopt/optZ/runZn4k2resExtplus/part056/
8 /p/QSOpt/NAEopt/optZ/runZn4k2resExtplus/part056/
9 /p/QSOpt/NAEopt/optZ/runZn4k2resExtplus/part056/
0 /p/QSOpt/NAEopt/optZ/runZn4k2resExtplus/part056/
0 /p/QSOpt/NAEopt/optZ/runZn4k2resExtplus/part056/
1 /p/QSOpt/NAEopt/optZ/runZn4k2resExtplus/part056/
2 /p/QSOpt/NAEopt/optZ/runZn4k2resExtplus/part056/
3 /p/QSOpt/NAEopt/optZ/runZn4k2resExtplus/part056/
4 /p/QSOpt/NAEopt/optZ/runZn4k2resExtplus/part056/
5 /p/QSOpt/NAEopt/optZ/runZn4k2resExtplus/part056/
6 /p/QSOpt/NAEopt/optZ/runZn4k2resExtplus/part056/
7 /p/QSOpt/NAEopt/optZ/runZn4k2resExtplus/part056/
8 /p/QSOpt/NAEopt/optZ/runZn4k2resExtplus/part056/
9 /p/QSOpt/NAEopt/optZ/runZn4k2resExtplus/part056/
1 /p/QSOpt/NAEopt/optZ/runZn4k2resExtplus/part056/
0 /p/QSOpt/NAEopt/optZ/runZn4k2resExtplus/part056/
1 /p/QSOpt/NAEopt/optZ/runZn4k2resExtplus/part056/
2 /p/QSOpt/NAEopt/optZ/runZn4k2resExtplus/part056/
3 /p/QSOpt/NAEopt/optZ/runZn4k2resExtplus/part056/
4 /p/QSOpt/NAEopt/optZ/runZn4k2resExtplus/part056/
5 /p/QSOpt/NAEopt/optZ/runZn4k2resExtplus/part056/
6 /p/QSOpt/NAEopt/optZ/runZn4k2resExtplus/part056/
7 /p/QSOpt/NAEopt/optZ/runZn4k2resExtplus/part056/
8 /p/QSOpt/NAEopt/optZ/runZn4k2resExtplus/part056/
9 /p/QSOpt/NAEopt/optZ/runZn4k2resExtplus/part056/
2 /p/QSOpt/NAEopt/optZ/runZn4k2resExtplus/part056/
0 /p/QSOpt/NAEopt/optZ/runZn4k2resExtplus/part056/
1 /p/QSOpt/NAEopt/optZ/runZn4k2resExtplus/part056/
2 /p/QSOpt/NAEopt/optZ/runZn4k2resExtplus/part056/
3 /p/QSOpt/NAEopt/optZ/runZn4k2resExtplus/part056/
4 /p/QSOpt/NAEopt/optZ/runZn4k2resExtplus/part056/
5 /p/QSOpt/NAEopt/optZ/runZn4k2resExtplus/part056/
6 /p/QSOpt/NAEopt/optZ/runZn4k2resExtplus/part056/
7 /p/QSOpt/NAEopt/optZ/runZn4k2resExtplus/part056/
8 /p/QSOpt/NAEopt/optZ/runZn4k2resExtplus/part056/
9 /p/QSOpt/NAEopt/optZ/runZn4k2resExtplus/part056/
3 /p/QSOpt/NAEopt/optZ/runZn4k2resExtplus/part056/
0 /p/QSOpt/NAEopt/optZ/runZn4k2resExtplus/part056/
1 /p/QSOpt/NAEopt/optZ/runZn4k2resExtplus/part056/
2 /p/QSOpt/NAEopt/optZ/runZn4k2resExtplus/part056/
3 /p/QSOpt/NAEopt/optZ/runZn4k2resExtplus/part056/
4 /p/QSOpt/NAEopt/optZ/runZn4k2resExtplus/part056/
5 /p/QSOpt/NAEopt/optZ/runZn4k2resExtplus/part056/
6 /p/QSOpt/NAEopt/optZ/runZn4k2resExtplus/part056/
7 /p/QSOpt/NAEopt/optZ/runZn4k2resExtplus/part056/
8 /p/QSOpt/NAEopt/optZ/runZn4k2resExtplus/part056/
9 /p/QSOpt/NAEopt/optZ/runZn4k2resExtplus/part056/
4 /p/QSOpt/NAEopt/optZ/runZn4k2resExtplus/part056/
0 /p/QSOpt/NAEopt/optZ/runZn4k2resExtplus/part056/
1 /p/QSOpt/NAEopt/optZ/runZn4k2resExtplus/part056/
2 /p/QSOpt/NAEopt/optZ/runZn4k2resExtplus/part056/
3 /p/QSOpt/NAEopt/optZ/runZn4k2resExtplus/part056/
4 /p/QSOpt/NAEopt/optZ/runZn4k2resExtplus/part056/
5 /p/QSOpt/NAEopt/optZ/runZn4k2resExtplus/part056/
6 /p/QSOpt/NAEopt/optZ/runZn4k2resExtplus/part056/
7 /p/QSOpt/NAEopt/optZ/runZn4k2resExtplus/part056/
8 /p/QSOpt/NAEopt/optZ/runZn4k2resExtplus/part056/
9 /p/QSOpt/NAEopt/optZ/runZn4k2resExtplus/part056/
5 /p/QSOpt/NAEopt/optZ/runZn4k2resExtplus/part056/
0 /p/QSOpt/NAEopt/optZ/runZn4k2resExtplus/part056/
1 /p/QSOpt/NAEopt/optZ/runZn4k2resExtplus/part056/
2 /p/QSOpt/NAEopt/optZ/runZn4k2resExtplus/part056/
3 /p/QSOpt/NAEopt/optZ/runZn4k2resExtplus/part056/
4 /p/QSOpt/NAEopt/optZ/runZn4k2resExtplus/part056/
5 /p/QSOpt/NAEopt/optZ/runZn4k2resExtplus/part056/
6 /p/QSOpt/NAEopt/optZ/runZn4k2resExtplus/part056/
7 /p/QSOpt/NAEopt/optZ/runZn4k2resExtplus/part056/
8 /p/QSOpt/NAEopt/optZ/runZn4k2resExtplus/part056/
9 /p/QSOpt/NAEopt/optZ/runZn4k2resExtplus/part056/
6 /p/QSOpt/NAEopt/optZ/runZn4k2resExtplus/part056/
0 /p/QSOpt/NAEopt/optZ/runZn4k2resExtplus/part056/
1 /p/QSOpt/NAEopt/optZ/runZn4k2resExtplus/part056/
2 /p/QSOpt/NAEopt/optZ/runZn4k2resExtplus/part056/
3 /p/QSOpt/NAEopt/optZ/runZn4k2resExtplus/part056/
4 /p/QSOpt/NAEopt/optZ/runZn4k2resExtplus/part056/
5 /p/QSOpt/NAEopt/optZ/runZn4k2resExtplus/part056/
6 /p/QSOpt/NAEopt/optZ/runZn4k2resExtplus/part056/
7 /p/QSOpt/NAEopt/optZ/runZn4k2resExtplus/part056/
8 /p/QSOpt/NAEopt/optZ/runZn4k2resExtplus/part056/
9 /p/QSOpt/NAEopt/optZ/runZn4k2resExtplus/part056/
7 /p/QSOpt/NAEopt/optZ/runZn4k2resExtplus/part056/
0 /p/QSOpt/NAEopt/optZ/runZn4k2resExtplus/part056/
1 /p/QSOpt/NAEopt/optZ/runZn4k2resExtplus/part056/
2 /p/QSOpt/NAEopt/optZ/runZn4k2resExtplus/part056/
3 /p/QSOpt/NAEopt/optZ/runZn4k2resExtplus/part056/
4 /p/QSOpt/NAEopt/optZ/runZn4k2resExtplus/part056/
5 /p/QSOpt/NAEopt/optZ/runZn4k2resExtplus/part056/
6 /p/QSOpt/NAEopt/optZ/runZn4k2resExtplus/part056/
7 /p/QSOpt/NAEopt/optZ/runZn4k2resExtplus/part056/
8 /p/QSOpt/NAEopt/optZ/runZn4k2resExtplus/part056/
9 /p/QSOpt/NAEopt/optZ/runZn4k2resExtplus/part056/
8 /p/QSOpt/NAEopt/optZ/runZn4k2resExtplus/part056/
0 /p/QSOpt/NAEopt/optZ/runZn4k2resExtplus/part056/
1 /p/QSOpt/NAEopt/optZ/runZn4k2resExtplus/part056/
2 /p/QSOpt/NAEopt/optZ/runZn4k2resExtplus/part056/
3 /p/QSOpt/NAEopt/optZ/runZn4k2resExtplus/part056/
4 /p/QSOpt/NAEopt/optZ/runZn4k2resExtplus/part056/
5 /p/QSOpt/NAEopt/optZ/runZn4k2resExtplus/part056/
6 /p/QSOpt/NAEopt/optZ/runZn4k2resExtplus/part056/
7 /p/QSOpt/NAEopt/optZ/runZn4k2resExtplus/part056/
8 /p/QSOpt/NAEopt/optZ/runZn4k2resExtplus/part056/
9 /p/QSOpt/NAEopt/optZ/runZn4k2resExtplus/part056/
9 /p/QSOpt/NAEopt/optZ/runZn4k2resExtplus/part056/
0 /p/QSOpt/NAEopt/optZ/runZn4k2resExtplus/part056/
1 /p/QSOpt/NAEopt/optZ/runZn4k2resExtplus/part056/
2 /p/QSOpt/NAEopt/optZ/runZn4k2resExtplus/part056/
3 /p/QSOpt/NAEopt/optZ/runZn4k2resExtplus/part056/
4 /p/QSOpt/NAEopt/optZ/runZn4k2resExtplus/part056/
5 /p/QSOpt/NAEopt/optZ/runZn4k2resExtplus/part056/
6 /p/QSOpt/NAEopt/optZ/runZn4k2resExtplus/part056/
7 /p/QSOpt/NAEopt/optZ/runZn4k2resExtplus/part056/
8 /p/QSOpt/NAEopt/optZ/runZn4k2resExtplus/part056/
9 /p/QSOpt/NAEopt/optZ/runZn4k2resExtplus/part056/
10 /p/QSOpt/NAEopt/optZ/runZn4k2resExtplus/part056/
0 /p/QSOpt/NAEopt/optZ/runZn4k2resExtplus/part056/
1 /p/QSOpt/NAEopt/optZ/runZn4k2resExtplus/part056/
2 /p/QSOpt/NAEopt/optZ/runZn4k2resExtplus/part056/
3 /p/QSOpt/NAEopt/optZ/runZn4k2resExtplus/part056/
4 /p/QSOpt/NAEopt/optZ/runZn4k2resExtplus/part056/
5 /p/QSOpt/NAEopt/optZ/runZn4k2resExtplus/part056/
6 /p/QSOpt/NAEopt/optZ/runZn4k2resExtplus/part056/
7 /p/QSOpt/NAEopt/optZ/runZn4k2resExtplus/part056/
8 /p/QSOpt/NAEopt/optZ/runZn4k2resExtplus/part056/
9 /p/QSOpt/NAEopt/optZ/runZn4k2resExtplus/part056/
11 /p/QSOpt/NAEopt/optZ/runZn4k2resExtplus/part056/
0 /p/QSOpt/NAEopt/optZ/runZn4k2resExtplus/part056/
1 /p/QSOpt/NAEopt/optZ/runZn4k2resExtplus/part056/
2 /p/QSOpt/NAEopt/optZ/runZn4k2resExtplus/part056/
3 /p/QSOpt/NAEopt/optZ/runZn4k2resExtplus/part056/
4 /p/QSOpt/NAEopt/optZ/runZn4k2resExtplus/part056/
5 /p/QSOpt/NAEopt/optZ/runZn4k2resExtplus/part056/
6 /p/QSOpt/NAEopt/optZ/runZn4k2resExtplus/part056/
7 /p/QSOpt/NAEopt/optZ/runZn4k2resExtplus/part056/
8 /p/QSOpt/NAEopt/optZ/runZn4k2resExtplus/part056/
9 /p/QSOpt/NAEopt/optZ/runZn4k2resExtplus/part056/
12 /p/QSOpt/NAEopt/optZ/runZn4k2resExtplus/part056/
0 /p/QSOpt/NAEopt/optZ/runZn4k2resExtplus/part056/
1 /p/QSOpt/NAEopt/optZ/runZn4k2resExtplus/part056/
2 /p/QSOpt/NAEopt/optZ/runZn4k2resExtplus/part056/
3 /p/QSOpt/NAEopt/optZ/runZn4k2resExtplus/part056/
4 /p/QSOpt/NAEopt/optZ/runZn4k2resExtplus/part056/
5 /p/QSOpt/NAEopt/optZ/runZn4k2resExtplus/part056/
6 /p/QSOpt/NAEopt/optZ/runZn4k2resExtplus/part056/
7 /p/QSOpt/NAEopt/optZ/runZn4k2resExtplus/part056/
8 /p/QSOpt/NAEopt/optZ/runZn4k2resExtplus/part056/
9 /p/QSOpt/NAEopt/optZ/runZn4k2resExtplus/part056/
13 /p/QSOpt/NAEopt/optZ/runZn4k2resExtplus/part056/
0 /p/QSOpt/NAEopt/optZ/runZn4k2resExtplus/part056/
1 /p/QSOpt/NAEopt/optZ/runZn4k2resExtplus/part056/
2 /p/QSOpt/NAEopt/optZ/runZn4k2resExtplus/part056/
3 /p/QSOpt/NAEopt/optZ/runZn4k2resExtplus/part056/
4 /p/QSOpt/NAEopt/optZ/runZn4k2resExtplus/part056/
5 /p/QSOpt/NAEopt/optZ/runZn4k2resExtplus/part056/
6 /p/QSOpt/NAEopt/optZ/runZn4k2resExtplus/part056/
7 /p/QSOpt/NAEopt/optZ/runZn4k2resExtplus/part056/
8 /p/QSOpt/NAEopt/optZ/runZn4k2resExtplus/part056/
9 /p/QSOpt/NAEopt/optZ/runZn4k2resExtplus/part056/
14 /p/QSOpt/NAEopt/optZ/runZn4k2resExtplus/part056/
