python optAnhark2optZ.py 15 0.32999999999999996 0.36 10 -0.048 -0.036 /p/QSOpt/NAEopt/optZ/runZn4k2resExtplus/part012/
0 /p/QSOpt/NAEopt/optZ/runZn4k2resExtplus/part012/
1 /p/QSOpt/NAEopt/optZ/runZn4k2resExtplus/part012/
2 /p/QSOpt/NAEopt/optZ/runZn4k2resExtplus/part012/
3 /p/QSOpt/NAEopt/optZ/runZn4k2resExtplus/part012/
4 /p/QSOpt/NAEopt/optZ/runZn4k2resExtplus/part012/
5 /p/QSOpt/NAEopt/optZ/runZn4k2resExtplus/part012/
6 /p/QSOpt/NAEopt/optZ/runZn4k2resExtplus/part012/
7 /p/QSOpt/NAEopt/optZ/runZn4k2resExtplus/part012/
8 /p/QSOpt/NAEopt/optZ/runZn4k2resExtplus/part012/
9 /p/QSOpt/NAEopt/optZ/runZn4k2resExtplus/part012/
0 /p/QSOpt/NAEopt/optZ/runZn4k2resExtplus/part012/
0 /p/QSOpt/NAEopt/optZ/runZn4k2resExtplus/part012/
1 /p/QSOpt/NAEopt/optZ/runZn4k2resExtplus/part012/
2 /p/QSOpt/NAEopt/optZ/runZn4k2resExtplus/part012/
3 /p/QSOpt/NAEopt/optZ/runZn4k2resExtplus/part012/
4 /p/QSOpt/NAEopt/optZ/runZn4k2resExtplus/part012/
5 /p/QSOpt/NAEopt/optZ/runZn4k2resExtplus/part012/
6 /p/QSOpt/NAEopt/optZ/runZn4k2resExtplus/part012/
7 /p/QSOpt/NAEopt/optZ/runZn4k2resExtplus/part012/
8 /p/QSOpt/NAEopt/optZ/runZn4k2resExtplus/part012/
9 /p/QSOpt/NAEopt/optZ/runZn4k2resExtplus/part012/
1 /p/QSOpt/NAEopt/optZ/runZn4k2resExtplus/part012/
0 /p/QSOpt/NAEopt/optZ/runZn4k2resExtplus/part012/
1 /p/QSOpt/NAEopt/optZ/runZn4k2resExtplus/part012/
2 /p/QSOpt/NAEopt/optZ/runZn4k2resExtplus/part012/
3 /p/QSOpt/NAEopt/optZ/runZn4k2resExtplus/part012/
4 /p/QSOpt/NAEopt/optZ/runZn4k2resExtplus/part012/
5 /p/QSOpt/NAEopt/optZ/runZn4k2resExtplus/part012/
6 /p/QSOpt/NAEopt/optZ/runZn4k2resExtplus/part012/
7 /p/QSOpt/NAEopt/optZ/runZn4k2resExtplus/part012/
8 /p/QSOpt/NAEopt/optZ/runZn4k2resExtplus/part012/
9 /p/QSOpt/NAEopt/optZ/runZn4k2resExtplus/part012/
2 /p/QSOpt/NAEopt/optZ/runZn4k2resExtplus/part012/
0 /p/QSOpt/NAEopt/optZ/runZn4k2resExtplus/part012/
1 /p/QSOpt/NAEopt/optZ/runZn4k2resExtplus/part012/
2 /p/QSOpt/NAEopt/optZ/runZn4k2resExtplus/part012/
3 /p/QSOpt/NAEopt/optZ/runZn4k2resExtplus/part012/
4 /p/QSOpt/NAEopt/optZ/runZn4k2resExtplus/part012/
5 /p/QSOpt/NAEopt/optZ/runZn4k2resExtplus/part012/
6 /p/QSOpt/NAEopt/optZ/runZn4k2resExtplus/part012/
7 /p/QSOpt/NAEopt/optZ/runZn4k2resExtplus/part012/
8 /p/QSOpt/NAEopt/optZ/runZn4k2resExtplus/part012/
9 /p/QSOpt/NAEopt/optZ/runZn4k2resExtplus/part012/
3 /p/QSOpt/NAEopt/optZ/runZn4k2resExtplus/part012/
0 /p/QSOpt/NAEopt/optZ/runZn4k2resExtplus/part012/
1 /p/QSOpt/NAEopt/optZ/runZn4k2resExtplus/part012/
2 /p/QSOpt/NAEopt/optZ/runZn4k2resExtplus/part012/
3 /p/QSOpt/NAEopt/optZ/runZn4k2resExtplus/part012/
4 /p/QSOpt/NAEopt/optZ/runZn4k2resExtplus/part012/
5 /p/QSOpt/NAEopt/optZ/runZn4k2resExtplus/part012/
6 /p/QSOpt/NAEopt/optZ/runZn4k2resExtplus/part012/
7 /p/QSOpt/NAEopt/optZ/runZn4k2resExtplus/part012/
8 /p/QSOpt/NAEopt/optZ/runZn4k2resExtplus/part012/
9 /p/QSOpt/NAEopt/optZ/runZn4k2resExtplus/part012/
4 /p/QSOpt/NAEopt/optZ/runZn4k2resExtplus/part012/
0 /p/QSOpt/NAEopt/optZ/runZn4k2resExtplus/part012/
1 /p/QSOpt/NAEopt/optZ/runZn4k2resExtplus/part012/
2 /p/QSOpt/NAEopt/optZ/runZn4k2resExtplus/part012/
3 /p/QSOpt/NAEopt/optZ/runZn4k2resExtplus/part012/
4 /p/QSOpt/NAEopt/optZ/runZn4k2resExtplus/part012/
5 /p/QSOpt/NAEopt/optZ/runZn4k2resExtplus/part012/
6 /p/QSOpt/NAEopt/optZ/runZn4k2resExtplus/part012/
7 /p/QSOpt/NAEopt/optZ/runZn4k2resExtplus/part012/
8 /p/QSOpt/NAEopt/optZ/runZn4k2resExtplus/part012/
9 /p/QSOpt/NAEopt/optZ/runZn4k2resExtplus/part012/
5 /p/QSOpt/NAEopt/optZ/runZn4k2resExtplus/part012/
0 /p/QSOpt/NAEopt/optZ/runZn4k2resExtplus/part012/
1 /p/QSOpt/NAEopt/optZ/runZn4k2resExtplus/part012/
2 /p/QSOpt/NAEopt/optZ/runZn4k2resExtplus/part012/
3 /p/QSOpt/NAEopt/optZ/runZn4k2resExtplus/part012/
4 /p/QSOpt/NAEopt/optZ/runZn4k2resExtplus/part012/
5 /p/QSOpt/NAEopt/optZ/runZn4k2resExtplus/part012/
6 /p/QSOpt/NAEopt/optZ/runZn4k2resExtplus/part012/
7 /p/QSOpt/NAEopt/optZ/runZn4k2resExtplus/part012/
8 /p/QSOpt/NAEopt/optZ/runZn4k2resExtplus/part012/
9 /p/QSOpt/NAEopt/optZ/runZn4k2resExtplus/part012/
6 /p/QSOpt/NAEopt/optZ/runZn4k2resExtplus/part012/
0 /p/QSOpt/NAEopt/optZ/runZn4k2resExtplus/part012/
1 /p/QSOpt/NAEopt/optZ/runZn4k2resExtplus/part012/
2 /p/QSOpt/NAEopt/optZ/runZn4k2resExtplus/part012/
3 /p/QSOpt/NAEopt/optZ/runZn4k2resExtplus/part012/
4 /p/QSOpt/NAEopt/optZ/runZn4k2resExtplus/part012/
5 /p/QSOpt/NAEopt/optZ/runZn4k2resExtplus/part012/
6 /p/QSOpt/NAEopt/optZ/runZn4k2resExtplus/part012/
7 /p/QSOpt/NAEopt/optZ/runZn4k2resExtplus/part012/
8 /p/QSOpt/NAEopt/optZ/runZn4k2resExtplus/part012/
9 /p/QSOpt/NAEopt/optZ/runZn4k2resExtplus/part012/
7 /p/QSOpt/NAEopt/optZ/runZn4k2resExtplus/part012/
0 /p/QSOpt/NAEopt/optZ/runZn4k2resExtplus/part012/
1 /p/QSOpt/NAEopt/optZ/runZn4k2resExtplus/part012/
2 /p/QSOpt/NAEopt/optZ/runZn4k2resExtplus/part012/
3 /p/QSOpt/NAEopt/optZ/runZn4k2resExtplus/part012/
4 /p/QSOpt/NAEopt/optZ/runZn4k2resExtplus/part012/
5 /p/QSOpt/NAEopt/optZ/runZn4k2resExtplus/part012/
6 /p/QSOpt/NAEopt/optZ/runZn4k2resExtplus/part012/
7 /p/QSOpt/NAEopt/optZ/runZn4k2resExtplus/part012/
8 /p/QSOpt/NAEopt/optZ/runZn4k2resExtplus/part012/
9 /p/QSOpt/NAEopt/optZ/runZn4k2resExtplus/part012/
8 /p/QSOpt/NAEopt/optZ/runZn4k2resExtplus/part012/
0 /p/QSOpt/NAEopt/optZ/runZn4k2resExtplus/part012/
1 /p/QSOpt/NAEopt/optZ/runZn4k2resExtplus/part012/
2 /p/QSOpt/NAEopt/optZ/runZn4k2resExtplus/part012/
3 /p/QSOpt/NAEopt/optZ/runZn4k2resExtplus/part012/
4 /p/QSOpt/NAEopt/optZ/runZn4k2resExtplus/part012/
5 /p/QSOpt/NAEopt/optZ/runZn4k2resExtplus/part012/
6 /p/QSOpt/NAEopt/optZ/runZn4k2resExtplus/part012/
7 /p/QSOpt/NAEopt/optZ/runZn4k2resExtplus/part012/
8 /p/QSOpt/NAEopt/optZ/runZn4k2resExtplus/part012/
9 /p/QSOpt/NAEopt/optZ/runZn4k2resExtplus/part012/
9 /p/QSOpt/NAEopt/optZ/runZn4k2resExtplus/part012/
0 /p/QSOpt/NAEopt/optZ/runZn4k2resExtplus/part012/
1 /p/QSOpt/NAEopt/optZ/runZn4k2resExtplus/part012/
2 /p/QSOpt/NAEopt/optZ/runZn4k2resExtplus/part012/
3 /p/QSOpt/NAEopt/optZ/runZn4k2resExtplus/part012/
4 /p/QSOpt/NAEopt/optZ/runZn4k2resExtplus/part012/
5 /p/QSOpt/NAEopt/optZ/runZn4k2resExtplus/part012/
6 /p/QSOpt/NAEopt/optZ/runZn4k2resExtplus/part012/
7 /p/QSOpt/NAEopt/optZ/runZn4k2resExtplus/part012/
8 /p/QSOpt/NAEopt/optZ/runZn4k2resExtplus/part012/
9 /p/QSOpt/NAEopt/optZ/runZn4k2resExtplus/part012/
10 /p/QSOpt/NAEopt/optZ/runZn4k2resExtplus/part012/
0 /p/QSOpt/NAEopt/optZ/runZn4k2resExtplus/part012/
1 /p/QSOpt/NAEopt/optZ/runZn4k2resExtplus/part012/
2 /p/QSOpt/NAEopt/optZ/runZn4k2resExtplus/part012/
3 /p/QSOpt/NAEopt/optZ/runZn4k2resExtplus/part012/
4 /p/QSOpt/NAEopt/optZ/runZn4k2resExtplus/part012/
5 /p/QSOpt/NAEopt/optZ/runZn4k2resExtplus/part012/
6 /p/QSOpt/NAEopt/optZ/runZn4k2resExtplus/part012/
7 /p/QSOpt/NAEopt/optZ/runZn4k2resExtplus/part012/
8 /p/QSOpt/NAEopt/optZ/runZn4k2resExtplus/part012/
9 /p/QSOpt/NAEopt/optZ/runZn4k2resExtplus/part012/
11 /p/QSOpt/NAEopt/optZ/runZn4k2resExtplus/part012/
0 /p/QSOpt/NAEopt/optZ/runZn4k2resExtplus/part012/
1 /p/QSOpt/NAEopt/optZ/runZn4k2resExtplus/part012/
2 /p/QSOpt/NAEopt/optZ/runZn4k2resExtplus/part012/
3 /p/QSOpt/NAEopt/optZ/runZn4k2resExtplus/part012/
4 /p/QSOpt/NAEopt/optZ/runZn4k2resExtplus/part012/
5 /p/QSOpt/NAEopt/optZ/runZn4k2resExtplus/part012/
6 /p/QSOpt/NAEopt/optZ/runZn4k2resExtplus/part012/
7 /p/QSOpt/NAEopt/optZ/runZn4k2resExtplus/part012/
8 /p/QSOpt/NAEopt/optZ/runZn4k2resExtplus/part012/
9 /p/QSOpt/NAEopt/optZ/runZn4k2resExtplus/part012/
12 /p/QSOpt/NAEopt/optZ/runZn4k2resExtplus/part012/
0 /p/QSOpt/NAEopt/optZ/runZn4k2resExtplus/part012/
1 /p/QSOpt/NAEopt/optZ/runZn4k2resExtplus/part012/
2 /p/QSOpt/NAEopt/optZ/runZn4k2resExtplus/part012/
3 /p/QSOpt/NAEopt/optZ/runZn4k2resExtplus/part012/
4 /p/QSOpt/NAEopt/optZ/runZn4k2resExtplus/part012/
5 /p/QSOpt/NAEopt/optZ/runZn4k2resExtplus/part012/
6 /p/QSOpt/NAEopt/optZ/runZn4k2resExtplus/part012/
7 /p/QSOpt/NAEopt/optZ/runZn4k2resExtplus/part012/
8 /p/QSOpt/NAEopt/optZ/runZn4k2resExtplus/part012/
9 /p/QSOpt/NAEopt/optZ/runZn4k2resExtplus/part012/
13 /p/QSOpt/NAEopt/optZ/runZn4k2resExtplus/part012/
0 /p/QSOpt/NAEopt/optZ/runZn4k2resExtplus/part012/
1 /p/QSOpt/NAEopt/optZ/runZn4k2resExtplus/part012/
2 /p/QSOpt/NAEopt/optZ/runZn4k2resExtplus/part012/
3 /p/QSOpt/NAEopt/optZ/runZn4k2resExtplus/part012/
4 /p/QSOpt/NAEopt/optZ/runZn4k2resExtplus/part012/
5 /p/QSOpt/NAEopt/optZ/runZn4k2resExtplus/part012/
6 /p/QSOpt/NAEopt/optZ/runZn4k2resExtplus/part012/
7 /p/QSOpt/NAEopt/optZ/runZn4k2resExtplus/part012/
8 /p/QSOpt/NAEopt/optZ/runZn4k2resExtplus/part012/
9 /p/QSOpt/NAEopt/optZ/runZn4k2resExtplus/part012/
14 /p/QSOpt/NAEopt/optZ/runZn4k2resExtplus/part012/
