python optAnhark2optZ.py 15 0.32999999999999996 0.36 10 -0.06 -0.048 /p/QSOpt/NAEopt/optZ/runZn4k2resExtplus/part011/
0 /p/QSOpt/NAEopt/optZ/runZn4k2resExtplus/part011/
1 /p/QSOpt/NAEopt/optZ/runZn4k2resExtplus/part011/
2 /p/QSOpt/NAEopt/optZ/runZn4k2resExtplus/part011/
3 /p/QSOpt/NAEopt/optZ/runZn4k2resExtplus/part011/
4 /p/QSOpt/NAEopt/optZ/runZn4k2resExtplus/part011/
5 /p/QSOpt/NAEopt/optZ/runZn4k2resExtplus/part011/
6 /p/QSOpt/NAEopt/optZ/runZn4k2resExtplus/part011/
7 /p/QSOpt/NAEopt/optZ/runZn4k2resExtplus/part011/
8 /p/QSOpt/NAEopt/optZ/runZn4k2resExtplus/part011/
9 /p/QSOpt/NAEopt/optZ/runZn4k2resExtplus/part011/
0 /p/QSOpt/NAEopt/optZ/runZn4k2resExtplus/part011/
0 /p/QSOpt/NAEopt/optZ/runZn4k2resExtplus/part011/
1 /p/QSOpt/NAEopt/optZ/runZn4k2resExtplus/part011/
2 /p/QSOpt/NAEopt/optZ/runZn4k2resExtplus/part011/
3 /p/QSOpt/NAEopt/optZ/runZn4k2resExtplus/part011/
4 /p/QSOpt/NAEopt/optZ/runZn4k2resExtplus/part011/
5 /p/QSOpt/NAEopt/optZ/runZn4k2resExtplus/part011/
6 /p/QSOpt/NAEopt/optZ/runZn4k2resExtplus/part011/
7 /p/QSOpt/NAEopt/optZ/runZn4k2resExtplus/part011/
8 /p/QSOpt/NAEopt/optZ/runZn4k2resExtplus/part011/
9 /p/QSOpt/NAEopt/optZ/runZn4k2resExtplus/part011/
1 /p/QSOpt/NAEopt/optZ/runZn4k2resExtplus/part011/
0 /p/QSOpt/NAEopt/optZ/runZn4k2resExtplus/part011/
1 /p/QSOpt/NAEopt/optZ/runZn4k2resExtplus/part011/
2 /p/QSOpt/NAEopt/optZ/runZn4k2resExtplus/part011/
3 /p/QSOpt/NAEopt/optZ/runZn4k2resExtplus/part011/
4 /p/QSOpt/NAEopt/optZ/runZn4k2resExtplus/part011/
5 /p/QSOpt/NAEopt/optZ/runZn4k2resExtplus/part011/
6 /p/QSOpt/NAEopt/optZ/runZn4k2resExtplus/part011/
7 /p/QSOpt/NAEopt/optZ/runZn4k2resExtplus/part011/
8 /p/QSOpt/NAEopt/optZ/runZn4k2resExtplus/part011/
9 /p/QSOpt/NAEopt/optZ/runZn4k2resExtplus/part011/
2 /p/QSOpt/NAEopt/optZ/runZn4k2resExtplus/part011/
0 /p/QSOpt/NAEopt/optZ/runZn4k2resExtplus/part011/
1 /p/QSOpt/NAEopt/optZ/runZn4k2resExtplus/part011/
2 /p/QSOpt/NAEopt/optZ/runZn4k2resExtplus/part011/
3 /p/QSOpt/NAEopt/optZ/runZn4k2resExtplus/part011/
4 /p/QSOpt/NAEopt/optZ/runZn4k2resExtplus/part011/
5 /p/QSOpt/NAEopt/optZ/runZn4k2resExtplus/part011/
6 /p/QSOpt/NAEopt/optZ/runZn4k2resExtplus/part011/
7 /p/QSOpt/NAEopt/optZ/runZn4k2resExtplus/part011/
8 /p/QSOpt/NAEopt/optZ/runZn4k2resExtplus/part011/
9 /p/QSOpt/NAEopt/optZ/runZn4k2resExtplus/part011/
3 /p/QSOpt/NAEopt/optZ/runZn4k2resExtplus/part011/
0 /p/QSOpt/NAEopt/optZ/runZn4k2resExtplus/part011/
1 /p/QSOpt/NAEopt/optZ/runZn4k2resExtplus/part011/
2 /p/QSOpt/NAEopt/optZ/runZn4k2resExtplus/part011/
3 /p/QSOpt/NAEopt/optZ/runZn4k2resExtplus/part011/
4 /p/QSOpt/NAEopt/optZ/runZn4k2resExtplus/part011/
5 /p/QSOpt/NAEopt/optZ/runZn4k2resExtplus/part011/
6 /p/QSOpt/NAEopt/optZ/runZn4k2resExtplus/part011/
7 /p/QSOpt/NAEopt/optZ/runZn4k2resExtplus/part011/
8 /p/QSOpt/NAEopt/optZ/runZn4k2resExtplus/part011/
9 /p/QSOpt/NAEopt/optZ/runZn4k2resExtplus/part011/
4 /p/QSOpt/NAEopt/optZ/runZn4k2resExtplus/part011/
0 /p/QSOpt/NAEopt/optZ/runZn4k2resExtplus/part011/
1 /p/QSOpt/NAEopt/optZ/runZn4k2resExtplus/part011/
2 /p/QSOpt/NAEopt/optZ/runZn4k2resExtplus/part011/
3 /p/QSOpt/NAEopt/optZ/runZn4k2resExtplus/part011/
4 /p/QSOpt/NAEopt/optZ/runZn4k2resExtplus/part011/
5 /p/QSOpt/NAEopt/optZ/runZn4k2resExtplus/part011/
6 /p/QSOpt/NAEopt/optZ/runZn4k2resExtplus/part011/
7 /p/QSOpt/NAEopt/optZ/runZn4k2resExtplus/part011/
8 /p/QSOpt/NAEopt/optZ/runZn4k2resExtplus/part011/
9 /p/QSOpt/NAEopt/optZ/runZn4k2resExtplus/part011/
5 /p/QSOpt/NAEopt/optZ/runZn4k2resExtplus/part011/
0 /p/QSOpt/NAEopt/optZ/runZn4k2resExtplus/part011/
1 /p/QSOpt/NAEopt/optZ/runZn4k2resExtplus/part011/
2 /p/QSOpt/NAEopt/optZ/runZn4k2resExtplus/part011/
3 /p/QSOpt/NAEopt/optZ/runZn4k2resExtplus/part011/
4 /p/QSOpt/NAEopt/optZ/runZn4k2resExtplus/part011/
5 /p/QSOpt/NAEopt/optZ/runZn4k2resExtplus/part011/
6 /p/QSOpt/NAEopt/optZ/runZn4k2resExtplus/part011/
7 /p/QSOpt/NAEopt/optZ/runZn4k2resExtplus/part011/
8 /p/QSOpt/NAEopt/optZ/runZn4k2resExtplus/part011/
9 /p/QSOpt/NAEopt/optZ/runZn4k2resExtplus/part011/
6 /p/QSOpt/NAEopt/optZ/runZn4k2resExtplus/part011/
0 /p/QSOpt/NAEopt/optZ/runZn4k2resExtplus/part011/
1 /p/QSOpt/NAEopt/optZ/runZn4k2resExtplus/part011/
2 /p/QSOpt/NAEopt/optZ/runZn4k2resExtplus/part011/
3 /p/QSOpt/NAEopt/optZ/runZn4k2resExtplus/part011/
4 /p/QSOpt/NAEopt/optZ/runZn4k2resExtplus/part011/
5 /p/QSOpt/NAEopt/optZ/runZn4k2resExtplus/part011/
6 /p/QSOpt/NAEopt/optZ/runZn4k2resExtplus/part011/
7 /p/QSOpt/NAEopt/optZ/runZn4k2resExtplus/part011/
8 /p/QSOpt/NAEopt/optZ/runZn4k2resExtplus/part011/
9 /p/QSOpt/NAEopt/optZ/runZn4k2resExtplus/part011/
7 /p/QSOpt/NAEopt/optZ/runZn4k2resExtplus/part011/
0 /p/QSOpt/NAEopt/optZ/runZn4k2resExtplus/part011/
1 /p/QSOpt/NAEopt/optZ/runZn4k2resExtplus/part011/
2 /p/QSOpt/NAEopt/optZ/runZn4k2resExtplus/part011/
3 /p/QSOpt/NAEopt/optZ/runZn4k2resExtplus/part011/
4 /p/QSOpt/NAEopt/optZ/runZn4k2resExtplus/part011/
5 /p/QSOpt/NAEopt/optZ/runZn4k2resExtplus/part011/
6 /p/QSOpt/NAEopt/optZ/runZn4k2resExtplus/part011/
7 /p/QSOpt/NAEopt/optZ/runZn4k2resExtplus/part011/
8 /p/QSOpt/NAEopt/optZ/runZn4k2resExtplus/part011/
9 /p/QSOpt/NAEopt/optZ/runZn4k2resExtplus/part011/
8 /p/QSOpt/NAEopt/optZ/runZn4k2resExtplus/part011/
0 /p/QSOpt/NAEopt/optZ/runZn4k2resExtplus/part011/
1 /p/QSOpt/NAEopt/optZ/runZn4k2resExtplus/part011/
2 /p/QSOpt/NAEopt/optZ/runZn4k2resExtplus/part011/
3 /p/QSOpt/NAEopt/optZ/runZn4k2resExtplus/part011/
4 /p/QSOpt/NAEopt/optZ/runZn4k2resExtplus/part011/
5 /p/QSOpt/NAEopt/optZ/runZn4k2resExtplus/part011/
6 /p/QSOpt/NAEopt/optZ/runZn4k2resExtplus/part011/
7 /p/QSOpt/NAEopt/optZ/runZn4k2resExtplus/part011/
8 /p/QSOpt/NAEopt/optZ/runZn4k2resExtplus/part011/
9 /p/QSOpt/NAEopt/optZ/runZn4k2resExtplus/part011/
9 /p/QSOpt/NAEopt/optZ/runZn4k2resExtplus/part011/
0 /p/QSOpt/NAEopt/optZ/runZn4k2resExtplus/part011/
1 /p/QSOpt/NAEopt/optZ/runZn4k2resExtplus/part011/
2 /p/QSOpt/NAEopt/optZ/runZn4k2resExtplus/part011/
3 /p/QSOpt/NAEopt/optZ/runZn4k2resExtplus/part011/
4 /p/QSOpt/NAEopt/optZ/runZn4k2resExtplus/part011/
5 /p/QSOpt/NAEopt/optZ/runZn4k2resExtplus/part011/
6 /p/QSOpt/NAEopt/optZ/runZn4k2resExtplus/part011/
7 /p/QSOpt/NAEopt/optZ/runZn4k2resExtplus/part011/
8 /p/QSOpt/NAEopt/optZ/runZn4k2resExtplus/part011/
9 /p/QSOpt/NAEopt/optZ/runZn4k2resExtplus/part011/
10 /p/QSOpt/NAEopt/optZ/runZn4k2resExtplus/part011/
0 /p/QSOpt/NAEopt/optZ/runZn4k2resExtplus/part011/
1 /p/QSOpt/NAEopt/optZ/runZn4k2resExtplus/part011/
2 /p/QSOpt/NAEopt/optZ/runZn4k2resExtplus/part011/
3 /p/QSOpt/NAEopt/optZ/runZn4k2resExtplus/part011/
4 /p/QSOpt/NAEopt/optZ/runZn4k2resExtplus/part011/
5 /p/QSOpt/NAEopt/optZ/runZn4k2resExtplus/part011/
6 /p/QSOpt/NAEopt/optZ/runZn4k2resExtplus/part011/
7 /p/QSOpt/NAEopt/optZ/runZn4k2resExtplus/part011/
8 /p/QSOpt/NAEopt/optZ/runZn4k2resExtplus/part011/
9 /p/QSOpt/NAEopt/optZ/runZn4k2resExtplus/part011/
11 /p/QSOpt/NAEopt/optZ/runZn4k2resExtplus/part011/
0 /p/QSOpt/NAEopt/optZ/runZn4k2resExtplus/part011/
1 /p/QSOpt/NAEopt/optZ/runZn4k2resExtplus/part011/
2 /p/QSOpt/NAEopt/optZ/runZn4k2resExtplus/part011/
3 /p/QSOpt/NAEopt/optZ/runZn4k2resExtplus/part011/
4 /p/QSOpt/NAEopt/optZ/runZn4k2resExtplus/part011/
5 /p/QSOpt/NAEopt/optZ/runZn4k2resExtplus/part011/
6 /p/QSOpt/NAEopt/optZ/runZn4k2resExtplus/part011/
7 /p/QSOpt/NAEopt/optZ/runZn4k2resExtplus/part011/
8 /p/QSOpt/NAEopt/optZ/runZn4k2resExtplus/part011/
9 /p/QSOpt/NAEopt/optZ/runZn4k2resExtplus/part011/
12 /p/QSOpt/NAEopt/optZ/runZn4k2resExtplus/part011/
0 /p/QSOpt/NAEopt/optZ/runZn4k2resExtplus/part011/
1 /p/QSOpt/NAEopt/optZ/runZn4k2resExtplus/part011/
2 /p/QSOpt/NAEopt/optZ/runZn4k2resExtplus/part011/
3 /p/QSOpt/NAEopt/optZ/runZn4k2resExtplus/part011/
4 /p/QSOpt/NAEopt/optZ/runZn4k2resExtplus/part011/
5 /p/QSOpt/NAEopt/optZ/runZn4k2resExtplus/part011/
6 /p/QSOpt/NAEopt/optZ/runZn4k2resExtplus/part011/
7 /p/QSOpt/NAEopt/optZ/runZn4k2resExtplus/part011/
8 /p/QSOpt/NAEopt/optZ/runZn4k2resExtplus/part011/
9 /p/QSOpt/NAEopt/optZ/runZn4k2resExtplus/part011/
13 /p/QSOpt/NAEopt/optZ/runZn4k2resExtplus/part011/
0 /p/QSOpt/NAEopt/optZ/runZn4k2resExtplus/part011/
1 /p/QSOpt/NAEopt/optZ/runZn4k2resExtplus/part011/
2 /p/QSOpt/NAEopt/optZ/runZn4k2resExtplus/part011/
3 /p/QSOpt/NAEopt/optZ/runZn4k2resExtplus/part011/
4 /p/QSOpt/NAEopt/optZ/runZn4k2resExtplus/part011/
5 /p/QSOpt/NAEopt/optZ/runZn4k2resExtplus/part011/
6 /p/QSOpt/NAEopt/optZ/runZn4k2resExtplus/part011/
7 /p/QSOpt/NAEopt/optZ/runZn4k2resExtplus/part011/
8 /p/QSOpt/NAEopt/optZ/runZn4k2resExtplus/part011/
9 /p/QSOpt/NAEopt/optZ/runZn4k2resExtplus/part011/
14 /p/QSOpt/NAEopt/optZ/runZn4k2resExtplus/part011/
