python optAnhark2optZ.py 15 0.5700000000000001 0.6 10 0.036000000000000004 0.048 /p/QSOpt/NAEopt/optZ/runZn4k2resExtplus/part099/
0 /p/QSOpt/NAEopt/optZ/runZn4k2resExtplus/part099/
1 /p/QSOpt/NAEopt/optZ/runZn4k2resExtplus/part099/
2 /p/QSOpt/NAEopt/optZ/runZn4k2resExtplus/part099/
3 /p/QSOpt/NAEopt/optZ/runZn4k2resExtplus/part099/
4 /p/QSOpt/NAEopt/optZ/runZn4k2resExtplus/part099/
5 /p/QSOpt/NAEopt/optZ/runZn4k2resExtplus/part099/
6 /p/QSOpt/NAEopt/optZ/runZn4k2resExtplus/part099/
7 /p/QSOpt/NAEopt/optZ/runZn4k2resExtplus/part099/
8 /p/QSOpt/NAEopt/optZ/runZn4k2resExtplus/part099/
9 /p/QSOpt/NAEopt/optZ/runZn4k2resExtplus/part099/
0 /p/QSOpt/NAEopt/optZ/runZn4k2resExtplus/part099/
0 /p/QSOpt/NAEopt/optZ/runZn4k2resExtplus/part099/
1 /p/QSOpt/NAEopt/optZ/runZn4k2resExtplus/part099/
2 /p/QSOpt/NAEopt/optZ/runZn4k2resExtplus/part099/
3 /p/QSOpt/NAEopt/optZ/runZn4k2resExtplus/part099/
4 /p/QSOpt/NAEopt/optZ/runZn4k2resExtplus/part099/
5 /p/QSOpt/NAEopt/optZ/runZn4k2resExtplus/part099/
6 /p/QSOpt/NAEopt/optZ/runZn4k2resExtplus/part099/
7 /p/QSOpt/NAEopt/optZ/runZn4k2resExtplus/part099/
8 /p/QSOpt/NAEopt/optZ/runZn4k2resExtplus/part099/
9 /p/QSOpt/NAEopt/optZ/runZn4k2resExtplus/part099/
1 /p/QSOpt/NAEopt/optZ/runZn4k2resExtplus/part099/
0 /p/QSOpt/NAEopt/optZ/runZn4k2resExtplus/part099/
1 /p/QSOpt/NAEopt/optZ/runZn4k2resExtplus/part099/
2 /p/QSOpt/NAEopt/optZ/runZn4k2resExtplus/part099/
3 /p/QSOpt/NAEopt/optZ/runZn4k2resExtplus/part099/
4 /p/QSOpt/NAEopt/optZ/runZn4k2resExtplus/part099/
5 /p/QSOpt/NAEopt/optZ/runZn4k2resExtplus/part099/
6 /p/QSOpt/NAEopt/optZ/runZn4k2resExtplus/part099/
7 /p/QSOpt/NAEopt/optZ/runZn4k2resExtplus/part099/
8 /p/QSOpt/NAEopt/optZ/runZn4k2resExtplus/part099/
9 /p/QSOpt/NAEopt/optZ/runZn4k2resExtplus/part099/
2 /p/QSOpt/NAEopt/optZ/runZn4k2resExtplus/part099/
0 /p/QSOpt/NAEopt/optZ/runZn4k2resExtplus/part099/
1 /p/QSOpt/NAEopt/optZ/runZn4k2resExtplus/part099/
2 /p/QSOpt/NAEopt/optZ/runZn4k2resExtplus/part099/
3 /p/QSOpt/NAEopt/optZ/runZn4k2resExtplus/part099/
4 /p/QSOpt/NAEopt/optZ/runZn4k2resExtplus/part099/
5 /p/QSOpt/NAEopt/optZ/runZn4k2resExtplus/part099/
6 /p/QSOpt/NAEopt/optZ/runZn4k2resExtplus/part099/
7 /p/QSOpt/NAEopt/optZ/runZn4k2resExtplus/part099/
8 /p/QSOpt/NAEopt/optZ/runZn4k2resExtplus/part099/
9 /p/QSOpt/NAEopt/optZ/runZn4k2resExtplus/part099/
3 /p/QSOpt/NAEopt/optZ/runZn4k2resExtplus/part099/
0 /p/QSOpt/NAEopt/optZ/runZn4k2resExtplus/part099/
1 /p/QSOpt/NAEopt/optZ/runZn4k2resExtplus/part099/
2 /p/QSOpt/NAEopt/optZ/runZn4k2resExtplus/part099/
3 /p/QSOpt/NAEopt/optZ/runZn4k2resExtplus/part099/
4 /p/QSOpt/NAEopt/optZ/runZn4k2resExtplus/part099/
5 /p/QSOpt/NAEopt/optZ/runZn4k2resExtplus/part099/
6 /p/QSOpt/NAEopt/optZ/runZn4k2resExtplus/part099/
7 /p/QSOpt/NAEopt/optZ/runZn4k2resExtplus/part099/
8 /p/QSOpt/NAEopt/optZ/runZn4k2resExtplus/part099/
9 /p/QSOpt/NAEopt/optZ/runZn4k2resExtplus/part099/
4 /p/QSOpt/NAEopt/optZ/runZn4k2resExtplus/part099/
0 /p/QSOpt/NAEopt/optZ/runZn4k2resExtplus/part099/
1 /p/QSOpt/NAEopt/optZ/runZn4k2resExtplus/part099/
2 /p/QSOpt/NAEopt/optZ/runZn4k2resExtplus/part099/
3 /p/QSOpt/NAEopt/optZ/runZn4k2resExtplus/part099/
4 /p/QSOpt/NAEopt/optZ/runZn4k2resExtplus/part099/
5 /p/QSOpt/NAEopt/optZ/runZn4k2resExtplus/part099/
6 /p/QSOpt/NAEopt/optZ/runZn4k2resExtplus/part099/
7 /p/QSOpt/NAEopt/optZ/runZn4k2resExtplus/part099/
8 /p/QSOpt/NAEopt/optZ/runZn4k2resExtplus/part099/
9 /p/QSOpt/NAEopt/optZ/runZn4k2resExtplus/part099/
5 /p/QSOpt/NAEopt/optZ/runZn4k2resExtplus/part099/
0 /p/QSOpt/NAEopt/optZ/runZn4k2resExtplus/part099/
1 /p/QSOpt/NAEopt/optZ/runZn4k2resExtplus/part099/
2 /p/QSOpt/NAEopt/optZ/runZn4k2resExtplus/part099/
3 /p/QSOpt/NAEopt/optZ/runZn4k2resExtplus/part099/
4 /p/QSOpt/NAEopt/optZ/runZn4k2resExtplus/part099/
5 /p/QSOpt/NAEopt/optZ/runZn4k2resExtplus/part099/
6 /p/QSOpt/NAEopt/optZ/runZn4k2resExtplus/part099/
7 /p/QSOpt/NAEopt/optZ/runZn4k2resExtplus/part099/
8 /p/QSOpt/NAEopt/optZ/runZn4k2resExtplus/part099/
9 /p/QSOpt/NAEopt/optZ/runZn4k2resExtplus/part099/
6 /p/QSOpt/NAEopt/optZ/runZn4k2resExtplus/part099/
0 /p/QSOpt/NAEopt/optZ/runZn4k2resExtplus/part099/
1 /p/QSOpt/NAEopt/optZ/runZn4k2resExtplus/part099/
2 /p/QSOpt/NAEopt/optZ/runZn4k2resExtplus/part099/
3 /p/QSOpt/NAEopt/optZ/runZn4k2resExtplus/part099/
4 /p/QSOpt/NAEopt/optZ/runZn4k2resExtplus/part099/
5 /p/QSOpt/NAEopt/optZ/runZn4k2resExtplus/part099/
6 /p/QSOpt/NAEopt/optZ/runZn4k2resExtplus/part099/
7 /p/QSOpt/NAEopt/optZ/runZn4k2resExtplus/part099/
8 /p/QSOpt/NAEopt/optZ/runZn4k2resExtplus/part099/
9 /p/QSOpt/NAEopt/optZ/runZn4k2resExtplus/part099/
7 /p/QSOpt/NAEopt/optZ/runZn4k2resExtplus/part099/
0 /p/QSOpt/NAEopt/optZ/runZn4k2resExtplus/part099/
1 /p/QSOpt/NAEopt/optZ/runZn4k2resExtplus/part099/
2 /p/QSOpt/NAEopt/optZ/runZn4k2resExtplus/part099/
3 /p/QSOpt/NAEopt/optZ/runZn4k2resExtplus/part099/
4 /p/QSOpt/NAEopt/optZ/runZn4k2resExtplus/part099/
5 /p/QSOpt/NAEopt/optZ/runZn4k2resExtplus/part099/
6 /p/QSOpt/NAEopt/optZ/runZn4k2resExtplus/part099/
7 /p/QSOpt/NAEopt/optZ/runZn4k2resExtplus/part099/
8 /p/QSOpt/NAEopt/optZ/runZn4k2resExtplus/part099/
9 /p/QSOpt/NAEopt/optZ/runZn4k2resExtplus/part099/
8 /p/QSOpt/NAEopt/optZ/runZn4k2resExtplus/part099/
0 /p/QSOpt/NAEopt/optZ/runZn4k2resExtplus/part099/
1 /p/QSOpt/NAEopt/optZ/runZn4k2resExtplus/part099/
2 /p/QSOpt/NAEopt/optZ/runZn4k2resExtplus/part099/
3 /p/QSOpt/NAEopt/optZ/runZn4k2resExtplus/part099/
4 /p/QSOpt/NAEopt/optZ/runZn4k2resExtplus/part099/
5 /p/QSOpt/NAEopt/optZ/runZn4k2resExtplus/part099/
6 /p/QSOpt/NAEopt/optZ/runZn4k2resExtplus/part099/
7 /p/QSOpt/NAEopt/optZ/runZn4k2resExtplus/part099/
8 /p/QSOpt/NAEopt/optZ/runZn4k2resExtplus/part099/
9 /p/QSOpt/NAEopt/optZ/runZn4k2resExtplus/part099/
9 /p/QSOpt/NAEopt/optZ/runZn4k2resExtplus/part099/
0 /p/QSOpt/NAEopt/optZ/runZn4k2resExtplus/part099/
1 /p/QSOpt/NAEopt/optZ/runZn4k2resExtplus/part099/
2 /p/QSOpt/NAEopt/optZ/runZn4k2resExtplus/part099/
3 /p/QSOpt/NAEopt/optZ/runZn4k2resExtplus/part099/
4 /p/QSOpt/NAEopt/optZ/runZn4k2resExtplus/part099/
5 /p/QSOpt/NAEopt/optZ/runZn4k2resExtplus/part099/
6 /p/QSOpt/NAEopt/optZ/runZn4k2resExtplus/part099/
7 /p/QSOpt/NAEopt/optZ/runZn4k2resExtplus/part099/
8 /p/QSOpt/NAEopt/optZ/runZn4k2resExtplus/part099/
9 /p/QSOpt/NAEopt/optZ/runZn4k2resExtplus/part099/
10 /p/QSOpt/NAEopt/optZ/runZn4k2resExtplus/part099/
0 /p/QSOpt/NAEopt/optZ/runZn4k2resExtplus/part099/
1 /p/QSOpt/NAEopt/optZ/runZn4k2resExtplus/part099/
2 /p/QSOpt/NAEopt/optZ/runZn4k2resExtplus/part099/
3 /p/QSOpt/NAEopt/optZ/runZn4k2resExtplus/part099/
4 /p/QSOpt/NAEopt/optZ/runZn4k2resExtplus/part099/
5 /p/QSOpt/NAEopt/optZ/runZn4k2resExtplus/part099/
6 /p/QSOpt/NAEopt/optZ/runZn4k2resExtplus/part099/
7 /p/QSOpt/NAEopt/optZ/runZn4k2resExtplus/part099/
8 /p/QSOpt/NAEopt/optZ/runZn4k2resExtplus/part099/
9 /p/QSOpt/NAEopt/optZ/runZn4k2resExtplus/part099/
11 /p/QSOpt/NAEopt/optZ/runZn4k2resExtplus/part099/
0 /p/QSOpt/NAEopt/optZ/runZn4k2resExtplus/part099/
1 /p/QSOpt/NAEopt/optZ/runZn4k2resExtplus/part099/
2 /p/QSOpt/NAEopt/optZ/runZn4k2resExtplus/part099/
3 /p/QSOpt/NAEopt/optZ/runZn4k2resExtplus/part099/
4 /p/QSOpt/NAEopt/optZ/runZn4k2resExtplus/part099/
5 /p/QSOpt/NAEopt/optZ/runZn4k2resExtplus/part099/
6 /p/QSOpt/NAEopt/optZ/runZn4k2resExtplus/part099/
7 /p/QSOpt/NAEopt/optZ/runZn4k2resExtplus/part099/
8 /p/QSOpt/NAEopt/optZ/runZn4k2resExtplus/part099/
9 /p/QSOpt/NAEopt/optZ/runZn4k2resExtplus/part099/
12 /p/QSOpt/NAEopt/optZ/runZn4k2resExtplus/part099/
0 /p/QSOpt/NAEopt/optZ/runZn4k2resExtplus/part099/
1 /p/QSOpt/NAEopt/optZ/runZn4k2resExtplus/part099/
2 /p/QSOpt/NAEopt/optZ/runZn4k2resExtplus/part099/
3 /p/QSOpt/NAEopt/optZ/runZn4k2resExtplus/part099/
4 /p/QSOpt/NAEopt/optZ/runZn4k2resExtplus/part099/
5 /p/QSOpt/NAEopt/optZ/runZn4k2resExtplus/part099/
6 /p/QSOpt/NAEopt/optZ/runZn4k2resExtplus/part099/
7 /p/QSOpt/NAEopt/optZ/runZn4k2resExtplus/part099/
8 /p/QSOpt/NAEopt/optZ/runZn4k2resExtplus/part099/
9 /p/QSOpt/NAEopt/optZ/runZn4k2resExtplus/part099/
13 /p/QSOpt/NAEopt/optZ/runZn4k2resExtplus/part099/
0 /p/QSOpt/NAEopt/optZ/runZn4k2resExtplus/part099/
1 /p/QSOpt/NAEopt/optZ/runZn4k2resExtplus/part099/
2 /p/QSOpt/NAEopt/optZ/runZn4k2resExtplus/part099/
3 /p/QSOpt/NAEopt/optZ/runZn4k2resExtplus/part099/
4 /p/QSOpt/NAEopt/optZ/runZn4k2resExtplus/part099/
5 /p/QSOpt/NAEopt/optZ/runZn4k2resExtplus/part099/
6 /p/QSOpt/NAEopt/optZ/runZn4k2resExtplus/part099/
7 /p/QSOpt/NAEopt/optZ/runZn4k2resExtplus/part099/
8 /p/QSOpt/NAEopt/optZ/runZn4k2resExtplus/part099/
9 /p/QSOpt/NAEopt/optZ/runZn4k2resExtplus/part099/
14 /p/QSOpt/NAEopt/optZ/runZn4k2resExtplus/part099/
