python optAnhark2optZ.py 15 0.48 0.51 10 0.036000000000000004 0.048 /p/QSOpt/NAEopt/optZ/runZn4k2resExtplus/part069/
0 /p/QSOpt/NAEopt/optZ/runZn4k2resExtplus/part069/
1 /p/QSOpt/NAEopt/optZ/runZn4k2resExtplus/part069/
2 /p/QSOpt/NAEopt/optZ/runZn4k2resExtplus/part069/
3 /p/QSOpt/NAEopt/optZ/runZn4k2resExtplus/part069/
4 /p/QSOpt/NAEopt/optZ/runZn4k2resExtplus/part069/
5 /p/QSOpt/NAEopt/optZ/runZn4k2resExtplus/part069/
6 /p/QSOpt/NAEopt/optZ/runZn4k2resExtplus/part069/
7 /p/QSOpt/NAEopt/optZ/runZn4k2resExtplus/part069/
8 /p/QSOpt/NAEopt/optZ/runZn4k2resExtplus/part069/
9 /p/QSOpt/NAEopt/optZ/runZn4k2resExtplus/part069/
0 /p/QSOpt/NAEopt/optZ/runZn4k2resExtplus/part069/
0 /p/QSOpt/NAEopt/optZ/runZn4k2resExtplus/part069/
1 /p/QSOpt/NAEopt/optZ/runZn4k2resExtplus/part069/
2 /p/QSOpt/NAEopt/optZ/runZn4k2resExtplus/part069/
3 /p/QSOpt/NAEopt/optZ/runZn4k2resExtplus/part069/
4 /p/QSOpt/NAEopt/optZ/runZn4k2resExtplus/part069/
5 /p/QSOpt/NAEopt/optZ/runZn4k2resExtplus/part069/
6 /p/QSOpt/NAEopt/optZ/runZn4k2resExtplus/part069/
7 /p/QSOpt/NAEopt/optZ/runZn4k2resExtplus/part069/
8 /p/QSOpt/NAEopt/optZ/runZn4k2resExtplus/part069/
9 /p/QSOpt/NAEopt/optZ/runZn4k2resExtplus/part069/
1 /p/QSOpt/NAEopt/optZ/runZn4k2resExtplus/part069/
0 /p/QSOpt/NAEopt/optZ/runZn4k2resExtplus/part069/
1 /p/QSOpt/NAEopt/optZ/runZn4k2resExtplus/part069/
2 /p/QSOpt/NAEopt/optZ/runZn4k2resExtplus/part069/
3 /p/QSOpt/NAEopt/optZ/runZn4k2resExtplus/part069/
4 /p/QSOpt/NAEopt/optZ/runZn4k2resExtplus/part069/
5 /p/QSOpt/NAEopt/optZ/runZn4k2resExtplus/part069/
6 /p/QSOpt/NAEopt/optZ/runZn4k2resExtplus/part069/
7 /p/QSOpt/NAEopt/optZ/runZn4k2resExtplus/part069/
8 /p/QSOpt/NAEopt/optZ/runZn4k2resExtplus/part069/
9 /p/QSOpt/NAEopt/optZ/runZn4k2resExtplus/part069/
2 /p/QSOpt/NAEopt/optZ/runZn4k2resExtplus/part069/
0 /p/QSOpt/NAEopt/optZ/runZn4k2resExtplus/part069/
1 /p/QSOpt/NAEopt/optZ/runZn4k2resExtplus/part069/
2 /p/QSOpt/NAEopt/optZ/runZn4k2resExtplus/part069/
3 /p/QSOpt/NAEopt/optZ/runZn4k2resExtplus/part069/
4 /p/QSOpt/NAEopt/optZ/runZn4k2resExtplus/part069/
5 /p/QSOpt/NAEopt/optZ/runZn4k2resExtplus/part069/
6 /p/QSOpt/NAEopt/optZ/runZn4k2resExtplus/part069/
7 /p/QSOpt/NAEopt/optZ/runZn4k2resExtplus/part069/
8 /p/QSOpt/NAEopt/optZ/runZn4k2resExtplus/part069/
9 /p/QSOpt/NAEopt/optZ/runZn4k2resExtplus/part069/
3 /p/QSOpt/NAEopt/optZ/runZn4k2resExtplus/part069/
0 /p/QSOpt/NAEopt/optZ/runZn4k2resExtplus/part069/
1 /p/QSOpt/NAEopt/optZ/runZn4k2resExtplus/part069/
2 /p/QSOpt/NAEopt/optZ/runZn4k2resExtplus/part069/
3 /p/QSOpt/NAEopt/optZ/runZn4k2resExtplus/part069/
4 /p/QSOpt/NAEopt/optZ/runZn4k2resExtplus/part069/
5 /p/QSOpt/NAEopt/optZ/runZn4k2resExtplus/part069/
6 /p/QSOpt/NAEopt/optZ/runZn4k2resExtplus/part069/
7 /p/QSOpt/NAEopt/optZ/runZn4k2resExtplus/part069/
8 /p/QSOpt/NAEopt/optZ/runZn4k2resExtplus/part069/
9 /p/QSOpt/NAEopt/optZ/runZn4k2resExtplus/part069/
4 /p/QSOpt/NAEopt/optZ/runZn4k2resExtplus/part069/
0 /p/QSOpt/NAEopt/optZ/runZn4k2resExtplus/part069/
1 /p/QSOpt/NAEopt/optZ/runZn4k2resExtplus/part069/
2 /p/QSOpt/NAEopt/optZ/runZn4k2resExtplus/part069/
3 /p/QSOpt/NAEopt/optZ/runZn4k2resExtplus/part069/
4 /p/QSOpt/NAEopt/optZ/runZn4k2resExtplus/part069/
5 /p/QSOpt/NAEopt/optZ/runZn4k2resExtplus/part069/
6 /p/QSOpt/NAEopt/optZ/runZn4k2resExtplus/part069/
7 /p/QSOpt/NAEopt/optZ/runZn4k2resExtplus/part069/
8 /p/QSOpt/NAEopt/optZ/runZn4k2resExtplus/part069/
9 /p/QSOpt/NAEopt/optZ/runZn4k2resExtplus/part069/
5 /p/QSOpt/NAEopt/optZ/runZn4k2resExtplus/part069/
0 /p/QSOpt/NAEopt/optZ/runZn4k2resExtplus/part069/
1 /p/QSOpt/NAEopt/optZ/runZn4k2resExtplus/part069/
2 /p/QSOpt/NAEopt/optZ/runZn4k2resExtplus/part069/
3 /p/QSOpt/NAEopt/optZ/runZn4k2resExtplus/part069/
4 /p/QSOpt/NAEopt/optZ/runZn4k2resExtplus/part069/
5 /p/QSOpt/NAEopt/optZ/runZn4k2resExtplus/part069/
6 /p/QSOpt/NAEopt/optZ/runZn4k2resExtplus/part069/
7 /p/QSOpt/NAEopt/optZ/runZn4k2resExtplus/part069/
8 /p/QSOpt/NAEopt/optZ/runZn4k2resExtplus/part069/
9 /p/QSOpt/NAEopt/optZ/runZn4k2resExtplus/part069/
6 /p/QSOpt/NAEopt/optZ/runZn4k2resExtplus/part069/
0 /p/QSOpt/NAEopt/optZ/runZn4k2resExtplus/part069/
1 /p/QSOpt/NAEopt/optZ/runZn4k2resExtplus/part069/
2 /p/QSOpt/NAEopt/optZ/runZn4k2resExtplus/part069/
3 /p/QSOpt/NAEopt/optZ/runZn4k2resExtplus/part069/
4 /p/QSOpt/NAEopt/optZ/runZn4k2resExtplus/part069/
5 /p/QSOpt/NAEopt/optZ/runZn4k2resExtplus/part069/
6 /p/QSOpt/NAEopt/optZ/runZn4k2resExtplus/part069/
7 /p/QSOpt/NAEopt/optZ/runZn4k2resExtplus/part069/
8 /p/QSOpt/NAEopt/optZ/runZn4k2resExtplus/part069/
9 /p/QSOpt/NAEopt/optZ/runZn4k2resExtplus/part069/
7 /p/QSOpt/NAEopt/optZ/runZn4k2resExtplus/part069/
0 /p/QSOpt/NAEopt/optZ/runZn4k2resExtplus/part069/
1 /p/QSOpt/NAEopt/optZ/runZn4k2resExtplus/part069/
2 /p/QSOpt/NAEopt/optZ/runZn4k2resExtplus/part069/
3 /p/QSOpt/NAEopt/optZ/runZn4k2resExtplus/part069/
4 /p/QSOpt/NAEopt/optZ/runZn4k2resExtplus/part069/
5 /p/QSOpt/NAEopt/optZ/runZn4k2resExtplus/part069/
6 /p/QSOpt/NAEopt/optZ/runZn4k2resExtplus/part069/
7 /p/QSOpt/NAEopt/optZ/runZn4k2resExtplus/part069/
8 /p/QSOpt/NAEopt/optZ/runZn4k2resExtplus/part069/
9 /p/QSOpt/NAEopt/optZ/runZn4k2resExtplus/part069/
8 /p/QSOpt/NAEopt/optZ/runZn4k2resExtplus/part069/
0 /p/QSOpt/NAEopt/optZ/runZn4k2resExtplus/part069/
1 /p/QSOpt/NAEopt/optZ/runZn4k2resExtplus/part069/
2 /p/QSOpt/NAEopt/optZ/runZn4k2resExtplus/part069/
3 /p/QSOpt/NAEopt/optZ/runZn4k2resExtplus/part069/
4 /p/QSOpt/NAEopt/optZ/runZn4k2resExtplus/part069/
5 /p/QSOpt/NAEopt/optZ/runZn4k2resExtplus/part069/
6 /p/QSOpt/NAEopt/optZ/runZn4k2resExtplus/part069/
7 /p/QSOpt/NAEopt/optZ/runZn4k2resExtplus/part069/
8 /p/QSOpt/NAEopt/optZ/runZn4k2resExtplus/part069/
9 /p/QSOpt/NAEopt/optZ/runZn4k2resExtplus/part069/
9 /p/QSOpt/NAEopt/optZ/runZn4k2resExtplus/part069/
0 /p/QSOpt/NAEopt/optZ/runZn4k2resExtplus/part069/
1 /p/QSOpt/NAEopt/optZ/runZn4k2resExtplus/part069/
2 /p/QSOpt/NAEopt/optZ/runZn4k2resExtplus/part069/
3 /p/QSOpt/NAEopt/optZ/runZn4k2resExtplus/part069/
4 /p/QSOpt/NAEopt/optZ/runZn4k2resExtplus/part069/
5 /p/QSOpt/NAEopt/optZ/runZn4k2resExtplus/part069/
6 /p/QSOpt/NAEopt/optZ/runZn4k2resExtplus/part069/
7 /p/QSOpt/NAEopt/optZ/runZn4k2resExtplus/part069/
8 /p/QSOpt/NAEopt/optZ/runZn4k2resExtplus/part069/
9 /p/QSOpt/NAEopt/optZ/runZn4k2resExtplus/part069/
10 /p/QSOpt/NAEopt/optZ/runZn4k2resExtplus/part069/
0 /p/QSOpt/NAEopt/optZ/runZn4k2resExtplus/part069/
1 /p/QSOpt/NAEopt/optZ/runZn4k2resExtplus/part069/
2 /p/QSOpt/NAEopt/optZ/runZn4k2resExtplus/part069/
3 /p/QSOpt/NAEopt/optZ/runZn4k2resExtplus/part069/
4 /p/QSOpt/NAEopt/optZ/runZn4k2resExtplus/part069/
5 /p/QSOpt/NAEopt/optZ/runZn4k2resExtplus/part069/
6 /p/QSOpt/NAEopt/optZ/runZn4k2resExtplus/part069/
7 /p/QSOpt/NAEopt/optZ/runZn4k2resExtplus/part069/
8 /p/QSOpt/NAEopt/optZ/runZn4k2resExtplus/part069/
9 /p/QSOpt/NAEopt/optZ/runZn4k2resExtplus/part069/
11 /p/QSOpt/NAEopt/optZ/runZn4k2resExtplus/part069/
0 /p/QSOpt/NAEopt/optZ/runZn4k2resExtplus/part069/
1 /p/QSOpt/NAEopt/optZ/runZn4k2resExtplus/part069/
2 /p/QSOpt/NAEopt/optZ/runZn4k2resExtplus/part069/
3 /p/QSOpt/NAEopt/optZ/runZn4k2resExtplus/part069/
4 /p/QSOpt/NAEopt/optZ/runZn4k2resExtplus/part069/
5 /p/QSOpt/NAEopt/optZ/runZn4k2resExtplus/part069/
6 /p/QSOpt/NAEopt/optZ/runZn4k2resExtplus/part069/
7 /p/QSOpt/NAEopt/optZ/runZn4k2resExtplus/part069/
8 /p/QSOpt/NAEopt/optZ/runZn4k2resExtplus/part069/
9 /p/QSOpt/NAEopt/optZ/runZn4k2resExtplus/part069/
12 /p/QSOpt/NAEopt/optZ/runZn4k2resExtplus/part069/
0 /p/QSOpt/NAEopt/optZ/runZn4k2resExtplus/part069/
1 /p/QSOpt/NAEopt/optZ/runZn4k2resExtplus/part069/
2 /p/QSOpt/NAEopt/optZ/runZn4k2resExtplus/part069/
3 /p/QSOpt/NAEopt/optZ/runZn4k2resExtplus/part069/
4 /p/QSOpt/NAEopt/optZ/runZn4k2resExtplus/part069/
5 /p/QSOpt/NAEopt/optZ/runZn4k2resExtplus/part069/
6 /p/QSOpt/NAEopt/optZ/runZn4k2resExtplus/part069/
7 /p/QSOpt/NAEopt/optZ/runZn4k2resExtplus/part069/
8 /p/QSOpt/NAEopt/optZ/runZn4k2resExtplus/part069/
9 /p/QSOpt/NAEopt/optZ/runZn4k2resExtplus/part069/
13 /p/QSOpt/NAEopt/optZ/runZn4k2resExtplus/part069/
0 /p/QSOpt/NAEopt/optZ/runZn4k2resExtplus/part069/
1 /p/QSOpt/NAEopt/optZ/runZn4k2resExtplus/part069/
2 /p/QSOpt/NAEopt/optZ/runZn4k2resExtplus/part069/
3 /p/QSOpt/NAEopt/optZ/runZn4k2resExtplus/part069/
4 /p/QSOpt/NAEopt/optZ/runZn4k2resExtplus/part069/
5 /p/QSOpt/NAEopt/optZ/runZn4k2resExtplus/part069/
6 /p/QSOpt/NAEopt/optZ/runZn4k2resExtplus/part069/
7 /p/QSOpt/NAEopt/optZ/runZn4k2resExtplus/part069/
8 /p/QSOpt/NAEopt/optZ/runZn4k2resExtplus/part069/
9 /p/QSOpt/NAEopt/optZ/runZn4k2resExtplus/part069/
14 /p/QSOpt/NAEopt/optZ/runZn4k2resExtplus/part069/
