python optAnhark2optZ.py 15 0.54 0.5700000000000001 10 -0.023999999999999994 -0.011999999999999997 /p/QSOpt/NAEopt/optZ/runZn4k2resExtplus/part084/
0 /p/QSOpt/NAEopt/optZ/runZn4k2resExtplus/part084/
1 /p/QSOpt/NAEopt/optZ/runZn4k2resExtplus/part084/
2 /p/QSOpt/NAEopt/optZ/runZn4k2resExtplus/part084/
3 /p/QSOpt/NAEopt/optZ/runZn4k2resExtplus/part084/
4 /p/QSOpt/NAEopt/optZ/runZn4k2resExtplus/part084/
5 /p/QSOpt/NAEopt/optZ/runZn4k2resExtplus/part084/
6 /p/QSOpt/NAEopt/optZ/runZn4k2resExtplus/part084/
7 /p/QSOpt/NAEopt/optZ/runZn4k2resExtplus/part084/
8 /p/QSOpt/NAEopt/optZ/runZn4k2resExtplus/part084/
9 /p/QSOpt/NAEopt/optZ/runZn4k2resExtplus/part084/
0 /p/QSOpt/NAEopt/optZ/runZn4k2resExtplus/part084/
0 /p/QSOpt/NAEopt/optZ/runZn4k2resExtplus/part084/
1 /p/QSOpt/NAEopt/optZ/runZn4k2resExtplus/part084/
2 /p/QSOpt/NAEopt/optZ/runZn4k2resExtplus/part084/
3 /p/QSOpt/NAEopt/optZ/runZn4k2resExtplus/part084/
4 /p/QSOpt/NAEopt/optZ/runZn4k2resExtplus/part084/
5 /p/QSOpt/NAEopt/optZ/runZn4k2resExtplus/part084/
6 /p/QSOpt/NAEopt/optZ/runZn4k2resExtplus/part084/
7 /p/QSOpt/NAEopt/optZ/runZn4k2resExtplus/part084/
8 /p/QSOpt/NAEopt/optZ/runZn4k2resExtplus/part084/
9 /p/QSOpt/NAEopt/optZ/runZn4k2resExtplus/part084/
1 /p/QSOpt/NAEopt/optZ/runZn4k2resExtplus/part084/
0 /p/QSOpt/NAEopt/optZ/runZn4k2resExtplus/part084/
1 /p/QSOpt/NAEopt/optZ/runZn4k2resExtplus/part084/
2 /p/QSOpt/NAEopt/optZ/runZn4k2resExtplus/part084/
3 /p/QSOpt/NAEopt/optZ/runZn4k2resExtplus/part084/
4 /p/QSOpt/NAEopt/optZ/runZn4k2resExtplus/part084/
5 /p/QSOpt/NAEopt/optZ/runZn4k2resExtplus/part084/
6 /p/QSOpt/NAEopt/optZ/runZn4k2resExtplus/part084/
7 /p/QSOpt/NAEopt/optZ/runZn4k2resExtplus/part084/
8 /p/QSOpt/NAEopt/optZ/runZn4k2resExtplus/part084/
9 /p/QSOpt/NAEopt/optZ/runZn4k2resExtplus/part084/
2 /p/QSOpt/NAEopt/optZ/runZn4k2resExtplus/part084/
0 /p/QSOpt/NAEopt/optZ/runZn4k2resExtplus/part084/
1 /p/QSOpt/NAEopt/optZ/runZn4k2resExtplus/part084/
2 /p/QSOpt/NAEopt/optZ/runZn4k2resExtplus/part084/
3 /p/QSOpt/NAEopt/optZ/runZn4k2resExtplus/part084/
4 /p/QSOpt/NAEopt/optZ/runZn4k2resExtplus/part084/
5 /p/QSOpt/NAEopt/optZ/runZn4k2resExtplus/part084/
6 /p/QSOpt/NAEopt/optZ/runZn4k2resExtplus/part084/
7 /p/QSOpt/NAEopt/optZ/runZn4k2resExtplus/part084/
8 /p/QSOpt/NAEopt/optZ/runZn4k2resExtplus/part084/
9 /p/QSOpt/NAEopt/optZ/runZn4k2resExtplus/part084/
3 /p/QSOpt/NAEopt/optZ/runZn4k2resExtplus/part084/
0 /p/QSOpt/NAEopt/optZ/runZn4k2resExtplus/part084/
1 /p/QSOpt/NAEopt/optZ/runZn4k2resExtplus/part084/
2 /p/QSOpt/NAEopt/optZ/runZn4k2resExtplus/part084/
3 /p/QSOpt/NAEopt/optZ/runZn4k2resExtplus/part084/
4 /p/QSOpt/NAEopt/optZ/runZn4k2resExtplus/part084/
5 /p/QSOpt/NAEopt/optZ/runZn4k2resExtplus/part084/
6 /p/QSOpt/NAEopt/optZ/runZn4k2resExtplus/part084/
7 /p/QSOpt/NAEopt/optZ/runZn4k2resExtplus/part084/
8 /p/QSOpt/NAEopt/optZ/runZn4k2resExtplus/part084/
9 /p/QSOpt/NAEopt/optZ/runZn4k2resExtplus/part084/
4 /p/QSOpt/NAEopt/optZ/runZn4k2resExtplus/part084/
0 /p/QSOpt/NAEopt/optZ/runZn4k2resExtplus/part084/
1 /p/QSOpt/NAEopt/optZ/runZn4k2resExtplus/part084/
2 /p/QSOpt/NAEopt/optZ/runZn4k2resExtplus/part084/
3 /p/QSOpt/NAEopt/optZ/runZn4k2resExtplus/part084/
4 /p/QSOpt/NAEopt/optZ/runZn4k2resExtplus/part084/
5 /p/QSOpt/NAEopt/optZ/runZn4k2resExtplus/part084/
6 /p/QSOpt/NAEopt/optZ/runZn4k2resExtplus/part084/
7 /p/QSOpt/NAEopt/optZ/runZn4k2resExtplus/part084/
8 /p/QSOpt/NAEopt/optZ/runZn4k2resExtplus/part084/
9 /p/QSOpt/NAEopt/optZ/runZn4k2resExtplus/part084/
5 /p/QSOpt/NAEopt/optZ/runZn4k2resExtplus/part084/
0 /p/QSOpt/NAEopt/optZ/runZn4k2resExtplus/part084/
1 /p/QSOpt/NAEopt/optZ/runZn4k2resExtplus/part084/
2 /p/QSOpt/NAEopt/optZ/runZn4k2resExtplus/part084/
3 /p/QSOpt/NAEopt/optZ/runZn4k2resExtplus/part084/
4 /p/QSOpt/NAEopt/optZ/runZn4k2resExtplus/part084/
5 /p/QSOpt/NAEopt/optZ/runZn4k2resExtplus/part084/
6 /p/QSOpt/NAEopt/optZ/runZn4k2resExtplus/part084/
7 /p/QSOpt/NAEopt/optZ/runZn4k2resExtplus/part084/
8 /p/QSOpt/NAEopt/optZ/runZn4k2resExtplus/part084/
9 /p/QSOpt/NAEopt/optZ/runZn4k2resExtplus/part084/
6 /p/QSOpt/NAEopt/optZ/runZn4k2resExtplus/part084/
0 /p/QSOpt/NAEopt/optZ/runZn4k2resExtplus/part084/
1 /p/QSOpt/NAEopt/optZ/runZn4k2resExtplus/part084/
2 /p/QSOpt/NAEopt/optZ/runZn4k2resExtplus/part084/
3 /p/QSOpt/NAEopt/optZ/runZn4k2resExtplus/part084/
4 /p/QSOpt/NAEopt/optZ/runZn4k2resExtplus/part084/
5 /p/QSOpt/NAEopt/optZ/runZn4k2resExtplus/part084/
6 /p/QSOpt/NAEopt/optZ/runZn4k2resExtplus/part084/
7 /p/QSOpt/NAEopt/optZ/runZn4k2resExtplus/part084/
8 /p/QSOpt/NAEopt/optZ/runZn4k2resExtplus/part084/
9 /p/QSOpt/NAEopt/optZ/runZn4k2resExtplus/part084/
7 /p/QSOpt/NAEopt/optZ/runZn4k2resExtplus/part084/
0 /p/QSOpt/NAEopt/optZ/runZn4k2resExtplus/part084/
1 /p/QSOpt/NAEopt/optZ/runZn4k2resExtplus/part084/
2 /p/QSOpt/NAEopt/optZ/runZn4k2resExtplus/part084/
3 /p/QSOpt/NAEopt/optZ/runZn4k2resExtplus/part084/
4 /p/QSOpt/NAEopt/optZ/runZn4k2resExtplus/part084/
5 /p/QSOpt/NAEopt/optZ/runZn4k2resExtplus/part084/
6 /p/QSOpt/NAEopt/optZ/runZn4k2resExtplus/part084/
7 /p/QSOpt/NAEopt/optZ/runZn4k2resExtplus/part084/
8 /p/QSOpt/NAEopt/optZ/runZn4k2resExtplus/part084/
9 /p/QSOpt/NAEopt/optZ/runZn4k2resExtplus/part084/
8 /p/QSOpt/NAEopt/optZ/runZn4k2resExtplus/part084/
0 /p/QSOpt/NAEopt/optZ/runZn4k2resExtplus/part084/
1 /p/QSOpt/NAEopt/optZ/runZn4k2resExtplus/part084/
2 /p/QSOpt/NAEopt/optZ/runZn4k2resExtplus/part084/
3 /p/QSOpt/NAEopt/optZ/runZn4k2resExtplus/part084/
4 /p/QSOpt/NAEopt/optZ/runZn4k2resExtplus/part084/
5 /p/QSOpt/NAEopt/optZ/runZn4k2resExtplus/part084/
6 /p/QSOpt/NAEopt/optZ/runZn4k2resExtplus/part084/
7 /p/QSOpt/NAEopt/optZ/runZn4k2resExtplus/part084/
8 /p/QSOpt/NAEopt/optZ/runZn4k2resExtplus/part084/
9 /p/QSOpt/NAEopt/optZ/runZn4k2resExtplus/part084/
9 /p/QSOpt/NAEopt/optZ/runZn4k2resExtplus/part084/
0 /p/QSOpt/NAEopt/optZ/runZn4k2resExtplus/part084/
1 /p/QSOpt/NAEopt/optZ/runZn4k2resExtplus/part084/
2 /p/QSOpt/NAEopt/optZ/runZn4k2resExtplus/part084/
3 /p/QSOpt/NAEopt/optZ/runZn4k2resExtplus/part084/
4 /p/QSOpt/NAEopt/optZ/runZn4k2resExtplus/part084/
5 /p/QSOpt/NAEopt/optZ/runZn4k2resExtplus/part084/
6 /p/QSOpt/NAEopt/optZ/runZn4k2resExtplus/part084/
7 /p/QSOpt/NAEopt/optZ/runZn4k2resExtplus/part084/
8 /p/QSOpt/NAEopt/optZ/runZn4k2resExtplus/part084/
9 /p/QSOpt/NAEopt/optZ/runZn4k2resExtplus/part084/
10 /p/QSOpt/NAEopt/optZ/runZn4k2resExtplus/part084/
0 /p/QSOpt/NAEopt/optZ/runZn4k2resExtplus/part084/
1 /p/QSOpt/NAEopt/optZ/runZn4k2resExtplus/part084/
2 /p/QSOpt/NAEopt/optZ/runZn4k2resExtplus/part084/
3 /p/QSOpt/NAEopt/optZ/runZn4k2resExtplus/part084/
4 /p/QSOpt/NAEopt/optZ/runZn4k2resExtplus/part084/
5 /p/QSOpt/NAEopt/optZ/runZn4k2resExtplus/part084/
6 /p/QSOpt/NAEopt/optZ/runZn4k2resExtplus/part084/
7 /p/QSOpt/NAEopt/optZ/runZn4k2resExtplus/part084/
8 /p/QSOpt/NAEopt/optZ/runZn4k2resExtplus/part084/
9 /p/QSOpt/NAEopt/optZ/runZn4k2resExtplus/part084/
11 /p/QSOpt/NAEopt/optZ/runZn4k2resExtplus/part084/
0 /p/QSOpt/NAEopt/optZ/runZn4k2resExtplus/part084/
1 /p/QSOpt/NAEopt/optZ/runZn4k2resExtplus/part084/
2 /p/QSOpt/NAEopt/optZ/runZn4k2resExtplus/part084/
3 /p/QSOpt/NAEopt/optZ/runZn4k2resExtplus/part084/
4 /p/QSOpt/NAEopt/optZ/runZn4k2resExtplus/part084/
5 /p/QSOpt/NAEopt/optZ/runZn4k2resExtplus/part084/
6 /p/QSOpt/NAEopt/optZ/runZn4k2resExtplus/part084/
7 /p/QSOpt/NAEopt/optZ/runZn4k2resExtplus/part084/
8 /p/QSOpt/NAEopt/optZ/runZn4k2resExtplus/part084/
9 /p/QSOpt/NAEopt/optZ/runZn4k2resExtplus/part084/
12 /p/QSOpt/NAEopt/optZ/runZn4k2resExtplus/part084/
0 /p/QSOpt/NAEopt/optZ/runZn4k2resExtplus/part084/
1 /p/QSOpt/NAEopt/optZ/runZn4k2resExtplus/part084/
2 /p/QSOpt/NAEopt/optZ/runZn4k2resExtplus/part084/
3 /p/QSOpt/NAEopt/optZ/runZn4k2resExtplus/part084/
4 /p/QSOpt/NAEopt/optZ/runZn4k2resExtplus/part084/
5 /p/QSOpt/NAEopt/optZ/runZn4k2resExtplus/part084/
6 /p/QSOpt/NAEopt/optZ/runZn4k2resExtplus/part084/
7 /p/QSOpt/NAEopt/optZ/runZn4k2resExtplus/part084/
8 /p/QSOpt/NAEopt/optZ/runZn4k2resExtplus/part084/
9 /p/QSOpt/NAEopt/optZ/runZn4k2resExtplus/part084/
13 /p/QSOpt/NAEopt/optZ/runZn4k2resExtplus/part084/
0 /p/QSOpt/NAEopt/optZ/runZn4k2resExtplus/part084/
1 /p/QSOpt/NAEopt/optZ/runZn4k2resExtplus/part084/
2 /p/QSOpt/NAEopt/optZ/runZn4k2resExtplus/part084/
3 /p/QSOpt/NAEopt/optZ/runZn4k2resExtplus/part084/
4 /p/QSOpt/NAEopt/optZ/runZn4k2resExtplus/part084/
5 /p/QSOpt/NAEopt/optZ/runZn4k2resExtplus/part084/
6 /p/QSOpt/NAEopt/optZ/runZn4k2resExtplus/part084/
7 /p/QSOpt/NAEopt/optZ/runZn4k2resExtplus/part084/
8 /p/QSOpt/NAEopt/optZ/runZn4k2resExtplus/part084/
9 /p/QSOpt/NAEopt/optZ/runZn4k2resExtplus/part084/
14 /p/QSOpt/NAEopt/optZ/runZn4k2resExtplus/part084/
