python optAnhark2optZ.py 15 0.5700000000000001 0.6 10 -0.048 -0.036 /p/QSOpt/NAEopt/optZ/runZn4k2resExtplus/part092/
0 /p/QSOpt/NAEopt/optZ/runZn4k2resExtplus/part092/
1 /p/QSOpt/NAEopt/optZ/runZn4k2resExtplus/part092/
2 /p/QSOpt/NAEopt/optZ/runZn4k2resExtplus/part092/
3 /p/QSOpt/NAEopt/optZ/runZn4k2resExtplus/part092/
4 /p/QSOpt/NAEopt/optZ/runZn4k2resExtplus/part092/
5 /p/QSOpt/NAEopt/optZ/runZn4k2resExtplus/part092/
6 /p/QSOpt/NAEopt/optZ/runZn4k2resExtplus/part092/
7 /p/QSOpt/NAEopt/optZ/runZn4k2resExtplus/part092/
8 /p/QSOpt/NAEopt/optZ/runZn4k2resExtplus/part092/
9 /p/QSOpt/NAEopt/optZ/runZn4k2resExtplus/part092/
0 /p/QSOpt/NAEopt/optZ/runZn4k2resExtplus/part092/
0 /p/QSOpt/NAEopt/optZ/runZn4k2resExtplus/part092/
1 /p/QSOpt/NAEopt/optZ/runZn4k2resExtplus/part092/
2 /p/QSOpt/NAEopt/optZ/runZn4k2resExtplus/part092/
3 /p/QSOpt/NAEopt/optZ/runZn4k2resExtplus/part092/
4 /p/QSOpt/NAEopt/optZ/runZn4k2resExtplus/part092/
5 /p/QSOpt/NAEopt/optZ/runZn4k2resExtplus/part092/
6 /p/QSOpt/NAEopt/optZ/runZn4k2resExtplus/part092/
7 /p/QSOpt/NAEopt/optZ/runZn4k2resExtplus/part092/
8 /p/QSOpt/NAEopt/optZ/runZn4k2resExtplus/part092/
9 /p/QSOpt/NAEopt/optZ/runZn4k2resExtplus/part092/
1 /p/QSOpt/NAEopt/optZ/runZn4k2resExtplus/part092/
0 /p/QSOpt/NAEopt/optZ/runZn4k2resExtplus/part092/
1 /p/QSOpt/NAEopt/optZ/runZn4k2resExtplus/part092/
2 /p/QSOpt/NAEopt/optZ/runZn4k2resExtplus/part092/
3 /p/QSOpt/NAEopt/optZ/runZn4k2resExtplus/part092/
4 /p/QSOpt/NAEopt/optZ/runZn4k2resExtplus/part092/
5 /p/QSOpt/NAEopt/optZ/runZn4k2resExtplus/part092/
6 /p/QSOpt/NAEopt/optZ/runZn4k2resExtplus/part092/
7 /p/QSOpt/NAEopt/optZ/runZn4k2resExtplus/part092/
8 /p/QSOpt/NAEopt/optZ/runZn4k2resExtplus/part092/
9 /p/QSOpt/NAEopt/optZ/runZn4k2resExtplus/part092/
2 /p/QSOpt/NAEopt/optZ/runZn4k2resExtplus/part092/
0 /p/QSOpt/NAEopt/optZ/runZn4k2resExtplus/part092/
1 /p/QSOpt/NAEopt/optZ/runZn4k2resExtplus/part092/
2 /p/QSOpt/NAEopt/optZ/runZn4k2resExtplus/part092/
3 /p/QSOpt/NAEopt/optZ/runZn4k2resExtplus/part092/
4 /p/QSOpt/NAEopt/optZ/runZn4k2resExtplus/part092/
5 /p/QSOpt/NAEopt/optZ/runZn4k2resExtplus/part092/
6 /p/QSOpt/NAEopt/optZ/runZn4k2resExtplus/part092/
7 /p/QSOpt/NAEopt/optZ/runZn4k2resExtplus/part092/
8 /p/QSOpt/NAEopt/optZ/runZn4k2resExtplus/part092/
9 /p/QSOpt/NAEopt/optZ/runZn4k2resExtplus/part092/
3 /p/QSOpt/NAEopt/optZ/runZn4k2resExtplus/part092/
0 /p/QSOpt/NAEopt/optZ/runZn4k2resExtplus/part092/
1 /p/QSOpt/NAEopt/optZ/runZn4k2resExtplus/part092/
2 /p/QSOpt/NAEopt/optZ/runZn4k2resExtplus/part092/
3 /p/QSOpt/NAEopt/optZ/runZn4k2resExtplus/part092/
4 /p/QSOpt/NAEopt/optZ/runZn4k2resExtplus/part092/
5 /p/QSOpt/NAEopt/optZ/runZn4k2resExtplus/part092/
6 /p/QSOpt/NAEopt/optZ/runZn4k2resExtplus/part092/
7 /p/QSOpt/NAEopt/optZ/runZn4k2resExtplus/part092/
8 /p/QSOpt/NAEopt/optZ/runZn4k2resExtplus/part092/
9 /p/QSOpt/NAEopt/optZ/runZn4k2resExtplus/part092/
4 /p/QSOpt/NAEopt/optZ/runZn4k2resExtplus/part092/
0 /p/QSOpt/NAEopt/optZ/runZn4k2resExtplus/part092/
1 /p/QSOpt/NAEopt/optZ/runZn4k2resExtplus/part092/
2 /p/QSOpt/NAEopt/optZ/runZn4k2resExtplus/part092/
3 /p/QSOpt/NAEopt/optZ/runZn4k2resExtplus/part092/
4 /p/QSOpt/NAEopt/optZ/runZn4k2resExtplus/part092/
5 /p/QSOpt/NAEopt/optZ/runZn4k2resExtplus/part092/
6 /p/QSOpt/NAEopt/optZ/runZn4k2resExtplus/part092/
7 /p/QSOpt/NAEopt/optZ/runZn4k2resExtplus/part092/
8 /p/QSOpt/NAEopt/optZ/runZn4k2resExtplus/part092/
9 /p/QSOpt/NAEopt/optZ/runZn4k2resExtplus/part092/
5 /p/QSOpt/NAEopt/optZ/runZn4k2resExtplus/part092/
0 /p/QSOpt/NAEopt/optZ/runZn4k2resExtplus/part092/
1 /p/QSOpt/NAEopt/optZ/runZn4k2resExtplus/part092/
2 /p/QSOpt/NAEopt/optZ/runZn4k2resExtplus/part092/
3 /p/QSOpt/NAEopt/optZ/runZn4k2resExtplus/part092/
4 /p/QSOpt/NAEopt/optZ/runZn4k2resExtplus/part092/
5 /p/QSOpt/NAEopt/optZ/runZn4k2resExtplus/part092/
6 /p/QSOpt/NAEopt/optZ/runZn4k2resExtplus/part092/
7 /p/QSOpt/NAEopt/optZ/runZn4k2resExtplus/part092/
8 /p/QSOpt/NAEopt/optZ/runZn4k2resExtplus/part092/
9 /p/QSOpt/NAEopt/optZ/runZn4k2resExtplus/part092/
6 /p/QSOpt/NAEopt/optZ/runZn4k2resExtplus/part092/
0 /p/QSOpt/NAEopt/optZ/runZn4k2resExtplus/part092/
1 /p/QSOpt/NAEopt/optZ/runZn4k2resExtplus/part092/
2 /p/QSOpt/NAEopt/optZ/runZn4k2resExtplus/part092/
3 /p/QSOpt/NAEopt/optZ/runZn4k2resExtplus/part092/
4 /p/QSOpt/NAEopt/optZ/runZn4k2resExtplus/part092/
5 /p/QSOpt/NAEopt/optZ/runZn4k2resExtplus/part092/
6 /p/QSOpt/NAEopt/optZ/runZn4k2resExtplus/part092/
7 /p/QSOpt/NAEopt/optZ/runZn4k2resExtplus/part092/
8 /p/QSOpt/NAEopt/optZ/runZn4k2resExtplus/part092/
9 /p/QSOpt/NAEopt/optZ/runZn4k2resExtplus/part092/
7 /p/QSOpt/NAEopt/optZ/runZn4k2resExtplus/part092/
0 /p/QSOpt/NAEopt/optZ/runZn4k2resExtplus/part092/
1 /p/QSOpt/NAEopt/optZ/runZn4k2resExtplus/part092/
2 /p/QSOpt/NAEopt/optZ/runZn4k2resExtplus/part092/
3 /p/QSOpt/NAEopt/optZ/runZn4k2resExtplus/part092/
4 /p/QSOpt/NAEopt/optZ/runZn4k2resExtplus/part092/
5 /p/QSOpt/NAEopt/optZ/runZn4k2resExtplus/part092/
6 /p/QSOpt/NAEopt/optZ/runZn4k2resExtplus/part092/
7 /p/QSOpt/NAEopt/optZ/runZn4k2resExtplus/part092/
8 /p/QSOpt/NAEopt/optZ/runZn4k2resExtplus/part092/
9 /p/QSOpt/NAEopt/optZ/runZn4k2resExtplus/part092/
8 /p/QSOpt/NAEopt/optZ/runZn4k2resExtplus/part092/
0 /p/QSOpt/NAEopt/optZ/runZn4k2resExtplus/part092/
1 /p/QSOpt/NAEopt/optZ/runZn4k2resExtplus/part092/
2 /p/QSOpt/NAEopt/optZ/runZn4k2resExtplus/part092/
3 /p/QSOpt/NAEopt/optZ/runZn4k2resExtplus/part092/
4 /p/QSOpt/NAEopt/optZ/runZn4k2resExtplus/part092/
5 /p/QSOpt/NAEopt/optZ/runZn4k2resExtplus/part092/
6 /p/QSOpt/NAEopt/optZ/runZn4k2resExtplus/part092/
7 /p/QSOpt/NAEopt/optZ/runZn4k2resExtplus/part092/
8 /p/QSOpt/NAEopt/optZ/runZn4k2resExtplus/part092/
9 /p/QSOpt/NAEopt/optZ/runZn4k2resExtplus/part092/
9 /p/QSOpt/NAEopt/optZ/runZn4k2resExtplus/part092/
0 /p/QSOpt/NAEopt/optZ/runZn4k2resExtplus/part092/
1 /p/QSOpt/NAEopt/optZ/runZn4k2resExtplus/part092/
2 /p/QSOpt/NAEopt/optZ/runZn4k2resExtplus/part092/
3 /p/QSOpt/NAEopt/optZ/runZn4k2resExtplus/part092/
4 /p/QSOpt/NAEopt/optZ/runZn4k2resExtplus/part092/
5 /p/QSOpt/NAEopt/optZ/runZn4k2resExtplus/part092/
6 /p/QSOpt/NAEopt/optZ/runZn4k2resExtplus/part092/
7 /p/QSOpt/NAEopt/optZ/runZn4k2resExtplus/part092/
8 /p/QSOpt/NAEopt/optZ/runZn4k2resExtplus/part092/
9 /p/QSOpt/NAEopt/optZ/runZn4k2resExtplus/part092/
10 /p/QSOpt/NAEopt/optZ/runZn4k2resExtplus/part092/
0 /p/QSOpt/NAEopt/optZ/runZn4k2resExtplus/part092/
1 /p/QSOpt/NAEopt/optZ/runZn4k2resExtplus/part092/
2 /p/QSOpt/NAEopt/optZ/runZn4k2resExtplus/part092/
3 /p/QSOpt/NAEopt/optZ/runZn4k2resExtplus/part092/
4 /p/QSOpt/NAEopt/optZ/runZn4k2resExtplus/part092/
5 /p/QSOpt/NAEopt/optZ/runZn4k2resExtplus/part092/
6 /p/QSOpt/NAEopt/optZ/runZn4k2resExtplus/part092/
7 /p/QSOpt/NAEopt/optZ/runZn4k2resExtplus/part092/
8 /p/QSOpt/NAEopt/optZ/runZn4k2resExtplus/part092/
9 /p/QSOpt/NAEopt/optZ/runZn4k2resExtplus/part092/
11 /p/QSOpt/NAEopt/optZ/runZn4k2resExtplus/part092/
0 /p/QSOpt/NAEopt/optZ/runZn4k2resExtplus/part092/
1 /p/QSOpt/NAEopt/optZ/runZn4k2resExtplus/part092/
2 /p/QSOpt/NAEopt/optZ/runZn4k2resExtplus/part092/
3 /p/QSOpt/NAEopt/optZ/runZn4k2resExtplus/part092/
4 /p/QSOpt/NAEopt/optZ/runZn4k2resExtplus/part092/
5 /p/QSOpt/NAEopt/optZ/runZn4k2resExtplus/part092/
6 /p/QSOpt/NAEopt/optZ/runZn4k2resExtplus/part092/
7 /p/QSOpt/NAEopt/optZ/runZn4k2resExtplus/part092/
8 /p/QSOpt/NAEopt/optZ/runZn4k2resExtplus/part092/
9 /p/QSOpt/NAEopt/optZ/runZn4k2resExtplus/part092/
12 /p/QSOpt/NAEopt/optZ/runZn4k2resExtplus/part092/
0 /p/QSOpt/NAEopt/optZ/runZn4k2resExtplus/part092/
1 /p/QSOpt/NAEopt/optZ/runZn4k2resExtplus/part092/
2 /p/QSOpt/NAEopt/optZ/runZn4k2resExtplus/part092/
3 /p/QSOpt/NAEopt/optZ/runZn4k2resExtplus/part092/
4 /p/QSOpt/NAEopt/optZ/runZn4k2resExtplus/part092/
5 /p/QSOpt/NAEopt/optZ/runZn4k2resExtplus/part092/
6 /p/QSOpt/NAEopt/optZ/runZn4k2resExtplus/part092/
7 /p/QSOpt/NAEopt/optZ/runZn4k2resExtplus/part092/
8 /p/QSOpt/NAEopt/optZ/runZn4k2resExtplus/part092/
9 /p/QSOpt/NAEopt/optZ/runZn4k2resExtplus/part092/
13 /p/QSOpt/NAEopt/optZ/runZn4k2resExtplus/part092/
0 /p/QSOpt/NAEopt/optZ/runZn4k2resExtplus/part092/
1 /p/QSOpt/NAEopt/optZ/runZn4k2resExtplus/part092/
2 /p/QSOpt/NAEopt/optZ/runZn4k2resExtplus/part092/
3 /p/QSOpt/NAEopt/optZ/runZn4k2resExtplus/part092/
4 /p/QSOpt/NAEopt/optZ/runZn4k2resExtplus/part092/
5 /p/QSOpt/NAEopt/optZ/runZn4k2resExtplus/part092/
6 /p/QSOpt/NAEopt/optZ/runZn4k2resExtplus/part092/
7 /p/QSOpt/NAEopt/optZ/runZn4k2resExtplus/part092/
8 /p/QSOpt/NAEopt/optZ/runZn4k2resExtplus/part092/
9 /p/QSOpt/NAEopt/optZ/runZn4k2resExtplus/part092/
14 /p/QSOpt/NAEopt/optZ/runZn4k2resExtplus/part092/
