python optAnhark2optZ.py 15 0.36 0.39 10 0.0 0.01200000000000001 /p/QSOpt/NAEopt/optZ/runZn4k2resExtplus/part026/
0 /p/QSOpt/NAEopt/optZ/runZn4k2resExtplus/part026/
1 /p/QSOpt/NAEopt/optZ/runZn4k2resExtplus/part026/
2 /p/QSOpt/NAEopt/optZ/runZn4k2resExtplus/part026/
3 /p/QSOpt/NAEopt/optZ/runZn4k2resExtplus/part026/
4 /p/QSOpt/NAEopt/optZ/runZn4k2resExtplus/part026/
5 /p/QSOpt/NAEopt/optZ/runZn4k2resExtplus/part026/
6 /p/QSOpt/NAEopt/optZ/runZn4k2resExtplus/part026/
7 /p/QSOpt/NAEopt/optZ/runZn4k2resExtplus/part026/
8 /p/QSOpt/NAEopt/optZ/runZn4k2resExtplus/part026/
9 /p/QSOpt/NAEopt/optZ/runZn4k2resExtplus/part026/
0 /p/QSOpt/NAEopt/optZ/runZn4k2resExtplus/part026/
0 /p/QSOpt/NAEopt/optZ/runZn4k2resExtplus/part026/
1 /p/QSOpt/NAEopt/optZ/runZn4k2resExtplus/part026/
2 /p/QSOpt/NAEopt/optZ/runZn4k2resExtplus/part026/
3 /p/QSOpt/NAEopt/optZ/runZn4k2resExtplus/part026/
4 /p/QSOpt/NAEopt/optZ/runZn4k2resExtplus/part026/
5 /p/QSOpt/NAEopt/optZ/runZn4k2resExtplus/part026/
6 /p/QSOpt/NAEopt/optZ/runZn4k2resExtplus/part026/
7 /p/QSOpt/NAEopt/optZ/runZn4k2resExtplus/part026/
8 /p/QSOpt/NAEopt/optZ/runZn4k2resExtplus/part026/
9 /p/QSOpt/NAEopt/optZ/runZn4k2resExtplus/part026/
1 /p/QSOpt/NAEopt/optZ/runZn4k2resExtplus/part026/
0 /p/QSOpt/NAEopt/optZ/runZn4k2resExtplus/part026/
1 /p/QSOpt/NAEopt/optZ/runZn4k2resExtplus/part026/
2 /p/QSOpt/NAEopt/optZ/runZn4k2resExtplus/part026/
3 /p/QSOpt/NAEopt/optZ/runZn4k2resExtplus/part026/
4 /p/QSOpt/NAEopt/optZ/runZn4k2resExtplus/part026/
5 /p/QSOpt/NAEopt/optZ/runZn4k2resExtplus/part026/
6 /p/QSOpt/NAEopt/optZ/runZn4k2resExtplus/part026/
7 /p/QSOpt/NAEopt/optZ/runZn4k2resExtplus/part026/
8 /p/QSOpt/NAEopt/optZ/runZn4k2resExtplus/part026/
9 /p/QSOpt/NAEopt/optZ/runZn4k2resExtplus/part026/
2 /p/QSOpt/NAEopt/optZ/runZn4k2resExtplus/part026/
0 /p/QSOpt/NAEopt/optZ/runZn4k2resExtplus/part026/
1 /p/QSOpt/NAEopt/optZ/runZn4k2resExtplus/part026/
2 /p/QSOpt/NAEopt/optZ/runZn4k2resExtplus/part026/
3 /p/QSOpt/NAEopt/optZ/runZn4k2resExtplus/part026/
4 /p/QSOpt/NAEopt/optZ/runZn4k2resExtplus/part026/
5 /p/QSOpt/NAEopt/optZ/runZn4k2resExtplus/part026/
6 /p/QSOpt/NAEopt/optZ/runZn4k2resExtplus/part026/
7 /p/QSOpt/NAEopt/optZ/runZn4k2resExtplus/part026/
8 /p/QSOpt/NAEopt/optZ/runZn4k2resExtplus/part026/
9 /p/QSOpt/NAEopt/optZ/runZn4k2resExtplus/part026/
3 /p/QSOpt/NAEopt/optZ/runZn4k2resExtplus/part026/
0 /p/QSOpt/NAEopt/optZ/runZn4k2resExtplus/part026/
1 /p/QSOpt/NAEopt/optZ/runZn4k2resExtplus/part026/
2 /p/QSOpt/NAEopt/optZ/runZn4k2resExtplus/part026/
3 /p/QSOpt/NAEopt/optZ/runZn4k2resExtplus/part026/
4 /p/QSOpt/NAEopt/optZ/runZn4k2resExtplus/part026/
5 /p/QSOpt/NAEopt/optZ/runZn4k2resExtplus/part026/
6 /p/QSOpt/NAEopt/optZ/runZn4k2resExtplus/part026/
7 /p/QSOpt/NAEopt/optZ/runZn4k2resExtplus/part026/
8 /p/QSOpt/NAEopt/optZ/runZn4k2resExtplus/part026/
9 /p/QSOpt/NAEopt/optZ/runZn4k2resExtplus/part026/
4 /p/QSOpt/NAEopt/optZ/runZn4k2resExtplus/part026/
0 /p/QSOpt/NAEopt/optZ/runZn4k2resExtplus/part026/
1 /p/QSOpt/NAEopt/optZ/runZn4k2resExtplus/part026/
2 /p/QSOpt/NAEopt/optZ/runZn4k2resExtplus/part026/
3 /p/QSOpt/NAEopt/optZ/runZn4k2resExtplus/part026/
4 /p/QSOpt/NAEopt/optZ/runZn4k2resExtplus/part026/
5 /p/QSOpt/NAEopt/optZ/runZn4k2resExtplus/part026/
6 /p/QSOpt/NAEopt/optZ/runZn4k2resExtplus/part026/
7 /p/QSOpt/NAEopt/optZ/runZn4k2resExtplus/part026/
8 /p/QSOpt/NAEopt/optZ/runZn4k2resExtplus/part026/
9 /p/QSOpt/NAEopt/optZ/runZn4k2resExtplus/part026/
5 /p/QSOpt/NAEopt/optZ/runZn4k2resExtplus/part026/
0 /p/QSOpt/NAEopt/optZ/runZn4k2resExtplus/part026/
1 /p/QSOpt/NAEopt/optZ/runZn4k2resExtplus/part026/
2 /p/QSOpt/NAEopt/optZ/runZn4k2resExtplus/part026/
3 /p/QSOpt/NAEopt/optZ/runZn4k2resExtplus/part026/
4 /p/QSOpt/NAEopt/optZ/runZn4k2resExtplus/part026/
5 /p/QSOpt/NAEopt/optZ/runZn4k2resExtplus/part026/
6 /p/QSOpt/NAEopt/optZ/runZn4k2resExtplus/part026/
7 /p/QSOpt/NAEopt/optZ/runZn4k2resExtplus/part026/
8 /p/QSOpt/NAEopt/optZ/runZn4k2resExtplus/part026/
9 /p/QSOpt/NAEopt/optZ/runZn4k2resExtplus/part026/
6 /p/QSOpt/NAEopt/optZ/runZn4k2resExtplus/part026/
0 /p/QSOpt/NAEopt/optZ/runZn4k2resExtplus/part026/
1 /p/QSOpt/NAEopt/optZ/runZn4k2resExtplus/part026/
2 /p/QSOpt/NAEopt/optZ/runZn4k2resExtplus/part026/
3 /p/QSOpt/NAEopt/optZ/runZn4k2resExtplus/part026/
4 /p/QSOpt/NAEopt/optZ/runZn4k2resExtplus/part026/
5 /p/QSOpt/NAEopt/optZ/runZn4k2resExtplus/part026/
6 /p/QSOpt/NAEopt/optZ/runZn4k2resExtplus/part026/
7 /p/QSOpt/NAEopt/optZ/runZn4k2resExtplus/part026/
8 /p/QSOpt/NAEopt/optZ/runZn4k2resExtplus/part026/
9 /p/QSOpt/NAEopt/optZ/runZn4k2resExtplus/part026/
7 /p/QSOpt/NAEopt/optZ/runZn4k2resExtplus/part026/
0 /p/QSOpt/NAEopt/optZ/runZn4k2resExtplus/part026/
1 /p/QSOpt/NAEopt/optZ/runZn4k2resExtplus/part026/
2 /p/QSOpt/NAEopt/optZ/runZn4k2resExtplus/part026/
3 /p/QSOpt/NAEopt/optZ/runZn4k2resExtplus/part026/
4 /p/QSOpt/NAEopt/optZ/runZn4k2resExtplus/part026/
5 /p/QSOpt/NAEopt/optZ/runZn4k2resExtplus/part026/
6 /p/QSOpt/NAEopt/optZ/runZn4k2resExtplus/part026/
7 /p/QSOpt/NAEopt/optZ/runZn4k2resExtplus/part026/
8 /p/QSOpt/NAEopt/optZ/runZn4k2resExtplus/part026/
9 /p/QSOpt/NAEopt/optZ/runZn4k2resExtplus/part026/
8 /p/QSOpt/NAEopt/optZ/runZn4k2resExtplus/part026/
0 /p/QSOpt/NAEopt/optZ/runZn4k2resExtplus/part026/
1 /p/QSOpt/NAEopt/optZ/runZn4k2resExtplus/part026/
2 /p/QSOpt/NAEopt/optZ/runZn4k2resExtplus/part026/
3 /p/QSOpt/NAEopt/optZ/runZn4k2resExtplus/part026/
4 /p/QSOpt/NAEopt/optZ/runZn4k2resExtplus/part026/
5 /p/QSOpt/NAEopt/optZ/runZn4k2resExtplus/part026/
6 /p/QSOpt/NAEopt/optZ/runZn4k2resExtplus/part026/
7 /p/QSOpt/NAEopt/optZ/runZn4k2resExtplus/part026/
8 /p/QSOpt/NAEopt/optZ/runZn4k2resExtplus/part026/
9 /p/QSOpt/NAEopt/optZ/runZn4k2resExtplus/part026/
9 /p/QSOpt/NAEopt/optZ/runZn4k2resExtplus/part026/
0 /p/QSOpt/NAEopt/optZ/runZn4k2resExtplus/part026/
1 /p/QSOpt/NAEopt/optZ/runZn4k2resExtplus/part026/
2 /p/QSOpt/NAEopt/optZ/runZn4k2resExtplus/part026/
3 /p/QSOpt/NAEopt/optZ/runZn4k2resExtplus/part026/
4 /p/QSOpt/NAEopt/optZ/runZn4k2resExtplus/part026/
5 /p/QSOpt/NAEopt/optZ/runZn4k2resExtplus/part026/
6 /p/QSOpt/NAEopt/optZ/runZn4k2resExtplus/part026/
7 /p/QSOpt/NAEopt/optZ/runZn4k2resExtplus/part026/
8 /p/QSOpt/NAEopt/optZ/runZn4k2resExtplus/part026/
9 /p/QSOpt/NAEopt/optZ/runZn4k2resExtplus/part026/
10 /p/QSOpt/NAEopt/optZ/runZn4k2resExtplus/part026/
0 /p/QSOpt/NAEopt/optZ/runZn4k2resExtplus/part026/
1 /p/QSOpt/NAEopt/optZ/runZn4k2resExtplus/part026/
2 /p/QSOpt/NAEopt/optZ/runZn4k2resExtplus/part026/
3 /p/QSOpt/NAEopt/optZ/runZn4k2resExtplus/part026/
4 /p/QSOpt/NAEopt/optZ/runZn4k2resExtplus/part026/
5 /p/QSOpt/NAEopt/optZ/runZn4k2resExtplus/part026/
6 /p/QSOpt/NAEopt/optZ/runZn4k2resExtplus/part026/
7 /p/QSOpt/NAEopt/optZ/runZn4k2resExtplus/part026/
8 /p/QSOpt/NAEopt/optZ/runZn4k2resExtplus/part026/
9 /p/QSOpt/NAEopt/optZ/runZn4k2resExtplus/part026/
11 /p/QSOpt/NAEopt/optZ/runZn4k2resExtplus/part026/
0 /p/QSOpt/NAEopt/optZ/runZn4k2resExtplus/part026/
1 /p/QSOpt/NAEopt/optZ/runZn4k2resExtplus/part026/
2 /p/QSOpt/NAEopt/optZ/runZn4k2resExtplus/part026/
3 /p/QSOpt/NAEopt/optZ/runZn4k2resExtplus/part026/
4 /p/QSOpt/NAEopt/optZ/runZn4k2resExtplus/part026/
5 /p/QSOpt/NAEopt/optZ/runZn4k2resExtplus/part026/
6 /p/QSOpt/NAEopt/optZ/runZn4k2resExtplus/part026/
7 /p/QSOpt/NAEopt/optZ/runZn4k2resExtplus/part026/
8 /p/QSOpt/NAEopt/optZ/runZn4k2resExtplus/part026/
9 /p/QSOpt/NAEopt/optZ/runZn4k2resExtplus/part026/
12 /p/QSOpt/NAEopt/optZ/runZn4k2resExtplus/part026/
0 /p/QSOpt/NAEopt/optZ/runZn4k2resExtplus/part026/
1 /p/QSOpt/NAEopt/optZ/runZn4k2resExtplus/part026/
2 /p/QSOpt/NAEopt/optZ/runZn4k2resExtplus/part026/
3 /p/QSOpt/NAEopt/optZ/runZn4k2resExtplus/part026/
4 /p/QSOpt/NAEopt/optZ/runZn4k2resExtplus/part026/
5 /p/QSOpt/NAEopt/optZ/runZn4k2resExtplus/part026/
6 /p/QSOpt/NAEopt/optZ/runZn4k2resExtplus/part026/
7 /p/QSOpt/NAEopt/optZ/runZn4k2resExtplus/part026/
8 /p/QSOpt/NAEopt/optZ/runZn4k2resExtplus/part026/
9 /p/QSOpt/NAEopt/optZ/runZn4k2resExtplus/part026/
13 /p/QSOpt/NAEopt/optZ/runZn4k2resExtplus/part026/
0 /p/QSOpt/NAEopt/optZ/runZn4k2resExtplus/part026/
1 /p/QSOpt/NAEopt/optZ/runZn4k2resExtplus/part026/
2 /p/QSOpt/NAEopt/optZ/runZn4k2resExtplus/part026/
3 /p/QSOpt/NAEopt/optZ/runZn4k2resExtplus/part026/
4 /p/QSOpt/NAEopt/optZ/runZn4k2resExtplus/part026/
5 /p/QSOpt/NAEopt/optZ/runZn4k2resExtplus/part026/
6 /p/QSOpt/NAEopt/optZ/runZn4k2resExtplus/part026/
7 /p/QSOpt/NAEopt/optZ/runZn4k2resExtplus/part026/
8 /p/QSOpt/NAEopt/optZ/runZn4k2resExtplus/part026/
9 /p/QSOpt/NAEopt/optZ/runZn4k2resExtplus/part026/
14 /p/QSOpt/NAEopt/optZ/runZn4k2resExtplus/part026/
