python optAnhark2optZ.py 15 0.48 0.51 10 0.01200000000000001 0.024000000000000007 /p/QSOpt/NAEopt/optZ/runZn4k2resExtplus/part067/
0 /p/QSOpt/NAEopt/optZ/runZn4k2resExtplus/part067/
1 /p/QSOpt/NAEopt/optZ/runZn4k2resExtplus/part067/
2 /p/QSOpt/NAEopt/optZ/runZn4k2resExtplus/part067/
3 /p/QSOpt/NAEopt/optZ/runZn4k2resExtplus/part067/
4 /p/QSOpt/NAEopt/optZ/runZn4k2resExtplus/part067/
5 /p/QSOpt/NAEopt/optZ/runZn4k2resExtplus/part067/
6 /p/QSOpt/NAEopt/optZ/runZn4k2resExtplus/part067/
7 /p/QSOpt/NAEopt/optZ/runZn4k2resExtplus/part067/
8 /p/QSOpt/NAEopt/optZ/runZn4k2resExtplus/part067/
9 /p/QSOpt/NAEopt/optZ/runZn4k2resExtplus/part067/
0 /p/QSOpt/NAEopt/optZ/runZn4k2resExtplus/part067/
0 /p/QSOpt/NAEopt/optZ/runZn4k2resExtplus/part067/
1 /p/QSOpt/NAEopt/optZ/runZn4k2resExtplus/part067/
2 /p/QSOpt/NAEopt/optZ/runZn4k2resExtplus/part067/
3 /p/QSOpt/NAEopt/optZ/runZn4k2resExtplus/part067/
4 /p/QSOpt/NAEopt/optZ/runZn4k2resExtplus/part067/
5 /p/QSOpt/NAEopt/optZ/runZn4k2resExtplus/part067/
6 /p/QSOpt/NAEopt/optZ/runZn4k2resExtplus/part067/
7 /p/QSOpt/NAEopt/optZ/runZn4k2resExtplus/part067/
8 /p/QSOpt/NAEopt/optZ/runZn4k2resExtplus/part067/
9 /p/QSOpt/NAEopt/optZ/runZn4k2resExtplus/part067/
1 /p/QSOpt/NAEopt/optZ/runZn4k2resExtplus/part067/
0 /p/QSOpt/NAEopt/optZ/runZn4k2resExtplus/part067/
1 /p/QSOpt/NAEopt/optZ/runZn4k2resExtplus/part067/
2 /p/QSOpt/NAEopt/optZ/runZn4k2resExtplus/part067/
3 /p/QSOpt/NAEopt/optZ/runZn4k2resExtplus/part067/
4 /p/QSOpt/NAEopt/optZ/runZn4k2resExtplus/part067/
5 /p/QSOpt/NAEopt/optZ/runZn4k2resExtplus/part067/
6 /p/QSOpt/NAEopt/optZ/runZn4k2resExtplus/part067/
7 /p/QSOpt/NAEopt/optZ/runZn4k2resExtplus/part067/
8 /p/QSOpt/NAEopt/optZ/runZn4k2resExtplus/part067/
9 /p/QSOpt/NAEopt/optZ/runZn4k2resExtplus/part067/
2 /p/QSOpt/NAEopt/optZ/runZn4k2resExtplus/part067/
0 /p/QSOpt/NAEopt/optZ/runZn4k2resExtplus/part067/
1 /p/QSOpt/NAEopt/optZ/runZn4k2resExtplus/part067/
2 /p/QSOpt/NAEopt/optZ/runZn4k2resExtplus/part067/
3 /p/QSOpt/NAEopt/optZ/runZn4k2resExtplus/part067/
4 /p/QSOpt/NAEopt/optZ/runZn4k2resExtplus/part067/
5 /p/QSOpt/NAEopt/optZ/runZn4k2resExtplus/part067/
6 /p/QSOpt/NAEopt/optZ/runZn4k2resExtplus/part067/
7 /p/QSOpt/NAEopt/optZ/runZn4k2resExtplus/part067/
8 /p/QSOpt/NAEopt/optZ/runZn4k2resExtplus/part067/
9 /p/QSOpt/NAEopt/optZ/runZn4k2resExtplus/part067/
3 /p/QSOpt/NAEopt/optZ/runZn4k2resExtplus/part067/
0 /p/QSOpt/NAEopt/optZ/runZn4k2resExtplus/part067/
1 /p/QSOpt/NAEopt/optZ/runZn4k2resExtplus/part067/
2 /p/QSOpt/NAEopt/optZ/runZn4k2resExtplus/part067/
3 /p/QSOpt/NAEopt/optZ/runZn4k2resExtplus/part067/
4 /p/QSOpt/NAEopt/optZ/runZn4k2resExtplus/part067/
5 /p/QSOpt/NAEopt/optZ/runZn4k2resExtplus/part067/
6 /p/QSOpt/NAEopt/optZ/runZn4k2resExtplus/part067/
7 /p/QSOpt/NAEopt/optZ/runZn4k2resExtplus/part067/
8 /p/QSOpt/NAEopt/optZ/runZn4k2resExtplus/part067/
9 /p/QSOpt/NAEopt/optZ/runZn4k2resExtplus/part067/
4 /p/QSOpt/NAEopt/optZ/runZn4k2resExtplus/part067/
0 /p/QSOpt/NAEopt/optZ/runZn4k2resExtplus/part067/
1 /p/QSOpt/NAEopt/optZ/runZn4k2resExtplus/part067/
2 /p/QSOpt/NAEopt/optZ/runZn4k2resExtplus/part067/
3 /p/QSOpt/NAEopt/optZ/runZn4k2resExtplus/part067/
4 /p/QSOpt/NAEopt/optZ/runZn4k2resExtplus/part067/
5 /p/QSOpt/NAEopt/optZ/runZn4k2resExtplus/part067/
6 /p/QSOpt/NAEopt/optZ/runZn4k2resExtplus/part067/
7 /p/QSOpt/NAEopt/optZ/runZn4k2resExtplus/part067/
8 /p/QSOpt/NAEopt/optZ/runZn4k2resExtplus/part067/
9 /p/QSOpt/NAEopt/optZ/runZn4k2resExtplus/part067/
5 /p/QSOpt/NAEopt/optZ/runZn4k2resExtplus/part067/
0 /p/QSOpt/NAEopt/optZ/runZn4k2resExtplus/part067/
1 /p/QSOpt/NAEopt/optZ/runZn4k2resExtplus/part067/
2 /p/QSOpt/NAEopt/optZ/runZn4k2resExtplus/part067/
3 /p/QSOpt/NAEopt/optZ/runZn4k2resExtplus/part067/
4 /p/QSOpt/NAEopt/optZ/runZn4k2resExtplus/part067/
5 /p/QSOpt/NAEopt/optZ/runZn4k2resExtplus/part067/
6 /p/QSOpt/NAEopt/optZ/runZn4k2resExtplus/part067/
7 /p/QSOpt/NAEopt/optZ/runZn4k2resExtplus/part067/
8 /p/QSOpt/NAEopt/optZ/runZn4k2resExtplus/part067/
9 /p/QSOpt/NAEopt/optZ/runZn4k2resExtplus/part067/
6 /p/QSOpt/NAEopt/optZ/runZn4k2resExtplus/part067/
0 /p/QSOpt/NAEopt/optZ/runZn4k2resExtplus/part067/
1 /p/QSOpt/NAEopt/optZ/runZn4k2resExtplus/part067/
2 /p/QSOpt/NAEopt/optZ/runZn4k2resExtplus/part067/
3 /p/QSOpt/NAEopt/optZ/runZn4k2resExtplus/part067/
4 /p/QSOpt/NAEopt/optZ/runZn4k2resExtplus/part067/
5 /p/QSOpt/NAEopt/optZ/runZn4k2resExtplus/part067/
6 /p/QSOpt/NAEopt/optZ/runZn4k2resExtplus/part067/
7 /p/QSOpt/NAEopt/optZ/runZn4k2resExtplus/part067/
8 /p/QSOpt/NAEopt/optZ/runZn4k2resExtplus/part067/
9 /p/QSOpt/NAEopt/optZ/runZn4k2resExtplus/part067/
7 /p/QSOpt/NAEopt/optZ/runZn4k2resExtplus/part067/
0 /p/QSOpt/NAEopt/optZ/runZn4k2resExtplus/part067/
1 /p/QSOpt/NAEopt/optZ/runZn4k2resExtplus/part067/
2 /p/QSOpt/NAEopt/optZ/runZn4k2resExtplus/part067/
3 /p/QSOpt/NAEopt/optZ/runZn4k2resExtplus/part067/
4 /p/QSOpt/NAEopt/optZ/runZn4k2resExtplus/part067/
5 /p/QSOpt/NAEopt/optZ/runZn4k2resExtplus/part067/
6 /p/QSOpt/NAEopt/optZ/runZn4k2resExtplus/part067/
7 /p/QSOpt/NAEopt/optZ/runZn4k2resExtplus/part067/
8 /p/QSOpt/NAEopt/optZ/runZn4k2resExtplus/part067/
9 /p/QSOpt/NAEopt/optZ/runZn4k2resExtplus/part067/
8 /p/QSOpt/NAEopt/optZ/runZn4k2resExtplus/part067/
0 /p/QSOpt/NAEopt/optZ/runZn4k2resExtplus/part067/
1 /p/QSOpt/NAEopt/optZ/runZn4k2resExtplus/part067/
2 /p/QSOpt/NAEopt/optZ/runZn4k2resExtplus/part067/
3 /p/QSOpt/NAEopt/optZ/runZn4k2resExtplus/part067/
4 /p/QSOpt/NAEopt/optZ/runZn4k2resExtplus/part067/
5 /p/QSOpt/NAEopt/optZ/runZn4k2resExtplus/part067/
6 /p/QSOpt/NAEopt/optZ/runZn4k2resExtplus/part067/
7 /p/QSOpt/NAEopt/optZ/runZn4k2resExtplus/part067/
8 /p/QSOpt/NAEopt/optZ/runZn4k2resExtplus/part067/
9 /p/QSOpt/NAEopt/optZ/runZn4k2resExtplus/part067/
9 /p/QSOpt/NAEopt/optZ/runZn4k2resExtplus/part067/
0 /p/QSOpt/NAEopt/optZ/runZn4k2resExtplus/part067/
1 /p/QSOpt/NAEopt/optZ/runZn4k2resExtplus/part067/
2 /p/QSOpt/NAEopt/optZ/runZn4k2resExtplus/part067/
3 /p/QSOpt/NAEopt/optZ/runZn4k2resExtplus/part067/
4 /p/QSOpt/NAEopt/optZ/runZn4k2resExtplus/part067/
5 /p/QSOpt/NAEopt/optZ/runZn4k2resExtplus/part067/
6 /p/QSOpt/NAEopt/optZ/runZn4k2resExtplus/part067/
7 /p/QSOpt/NAEopt/optZ/runZn4k2resExtplus/part067/
8 /p/QSOpt/NAEopt/optZ/runZn4k2resExtplus/part067/
9 /p/QSOpt/NAEopt/optZ/runZn4k2resExtplus/part067/
10 /p/QSOpt/NAEopt/optZ/runZn4k2resExtplus/part067/
0 /p/QSOpt/NAEopt/optZ/runZn4k2resExtplus/part067/
1 /p/QSOpt/NAEopt/optZ/runZn4k2resExtplus/part067/
2 /p/QSOpt/NAEopt/optZ/runZn4k2resExtplus/part067/
3 /p/QSOpt/NAEopt/optZ/runZn4k2resExtplus/part067/
4 /p/QSOpt/NAEopt/optZ/runZn4k2resExtplus/part067/
5 /p/QSOpt/NAEopt/optZ/runZn4k2resExtplus/part067/
6 /p/QSOpt/NAEopt/optZ/runZn4k2resExtplus/part067/
7 /p/QSOpt/NAEopt/optZ/runZn4k2resExtplus/part067/
8 /p/QSOpt/NAEopt/optZ/runZn4k2resExtplus/part067/
9 /p/QSOpt/NAEopt/optZ/runZn4k2resExtplus/part067/
11 /p/QSOpt/NAEopt/optZ/runZn4k2resExtplus/part067/
0 /p/QSOpt/NAEopt/optZ/runZn4k2resExtplus/part067/
1 /p/QSOpt/NAEopt/optZ/runZn4k2resExtplus/part067/
2 /p/QSOpt/NAEopt/optZ/runZn4k2resExtplus/part067/
3 /p/QSOpt/NAEopt/optZ/runZn4k2resExtplus/part067/
4 /p/QSOpt/NAEopt/optZ/runZn4k2resExtplus/part067/
5 /p/QSOpt/NAEopt/optZ/runZn4k2resExtplus/part067/
6 /p/QSOpt/NAEopt/optZ/runZn4k2resExtplus/part067/
7 /p/QSOpt/NAEopt/optZ/runZn4k2resExtplus/part067/
8 /p/QSOpt/NAEopt/optZ/runZn4k2resExtplus/part067/
9 /p/QSOpt/NAEopt/optZ/runZn4k2resExtplus/part067/
12 /p/QSOpt/NAEopt/optZ/runZn4k2resExtplus/part067/
0 /p/QSOpt/NAEopt/optZ/runZn4k2resExtplus/part067/
1 /p/QSOpt/NAEopt/optZ/runZn4k2resExtplus/part067/
2 /p/QSOpt/NAEopt/optZ/runZn4k2resExtplus/part067/
3 /p/QSOpt/NAEopt/optZ/runZn4k2resExtplus/part067/
4 /p/QSOpt/NAEopt/optZ/runZn4k2resExtplus/part067/
5 /p/QSOpt/NAEopt/optZ/runZn4k2resExtplus/part067/
6 /p/QSOpt/NAEopt/optZ/runZn4k2resExtplus/part067/
7 /p/QSOpt/NAEopt/optZ/runZn4k2resExtplus/part067/
8 /p/QSOpt/NAEopt/optZ/runZn4k2resExtplus/part067/
9 /p/QSOpt/NAEopt/optZ/runZn4k2resExtplus/part067/
13 /p/QSOpt/NAEopt/optZ/runZn4k2resExtplus/part067/
0 /p/QSOpt/NAEopt/optZ/runZn4k2resExtplus/part067/
1 /p/QSOpt/NAEopt/optZ/runZn4k2resExtplus/part067/
2 /p/QSOpt/NAEopt/optZ/runZn4k2resExtplus/part067/
3 /p/QSOpt/NAEopt/optZ/runZn4k2resExtplus/part067/
4 /p/QSOpt/NAEopt/optZ/runZn4k2resExtplus/part067/
5 /p/QSOpt/NAEopt/optZ/runZn4k2resExtplus/part067/
6 /p/QSOpt/NAEopt/optZ/runZn4k2resExtplus/part067/
7 /p/QSOpt/NAEopt/optZ/runZn4k2resExtplus/part067/
8 /p/QSOpt/NAEopt/optZ/runZn4k2resExtplus/part067/
9 /p/QSOpt/NAEopt/optZ/runZn4k2resExtplus/part067/
14 /p/QSOpt/NAEopt/optZ/runZn4k2resExtplus/part067/
