python optAnhark2optZ.py 15 0.32999999999999996 0.36 10 -0.011999999999999997 0.0 /p/QSOpt/NAEopt/optZ/runZn4k2resExtplus/part015/
0 /p/QSOpt/NAEopt/optZ/runZn4k2resExtplus/part015/
1 /p/QSOpt/NAEopt/optZ/runZn4k2resExtplus/part015/
2 /p/QSOpt/NAEopt/optZ/runZn4k2resExtplus/part015/
3 /p/QSOpt/NAEopt/optZ/runZn4k2resExtplus/part015/
4 /p/QSOpt/NAEopt/optZ/runZn4k2resExtplus/part015/
5 /p/QSOpt/NAEopt/optZ/runZn4k2resExtplus/part015/
6 /p/QSOpt/NAEopt/optZ/runZn4k2resExtplus/part015/
7 /p/QSOpt/NAEopt/optZ/runZn4k2resExtplus/part015/
8 /p/QSOpt/NAEopt/optZ/runZn4k2resExtplus/part015/
9 /p/QSOpt/NAEopt/optZ/runZn4k2resExtplus/part015/
0 /p/QSOpt/NAEopt/optZ/runZn4k2resExtplus/part015/
0 /p/QSOpt/NAEopt/optZ/runZn4k2resExtplus/part015/
1 /p/QSOpt/NAEopt/optZ/runZn4k2resExtplus/part015/
2 /p/QSOpt/NAEopt/optZ/runZn4k2resExtplus/part015/
3 /p/QSOpt/NAEopt/optZ/runZn4k2resExtplus/part015/
4 /p/QSOpt/NAEopt/optZ/runZn4k2resExtplus/part015/
5 /p/QSOpt/NAEopt/optZ/runZn4k2resExtplus/part015/
6 /p/QSOpt/NAEopt/optZ/runZn4k2resExtplus/part015/
7 /p/QSOpt/NAEopt/optZ/runZn4k2resExtplus/part015/
8 /p/QSOpt/NAEopt/optZ/runZn4k2resExtplus/part015/
9 /p/QSOpt/NAEopt/optZ/runZn4k2resExtplus/part015/
1 /p/QSOpt/NAEopt/optZ/runZn4k2resExtplus/part015/
0 /p/QSOpt/NAEopt/optZ/runZn4k2resExtplus/part015/
1 /p/QSOpt/NAEopt/optZ/runZn4k2resExtplus/part015/
2 /p/QSOpt/NAEopt/optZ/runZn4k2resExtplus/part015/
3 /p/QSOpt/NAEopt/optZ/runZn4k2resExtplus/part015/
4 /p/QSOpt/NAEopt/optZ/runZn4k2resExtplus/part015/
5 /p/QSOpt/NAEopt/optZ/runZn4k2resExtplus/part015/
6 /p/QSOpt/NAEopt/optZ/runZn4k2resExtplus/part015/
7 /p/QSOpt/NAEopt/optZ/runZn4k2resExtplus/part015/
8 /p/QSOpt/NAEopt/optZ/runZn4k2resExtplus/part015/
9 /p/QSOpt/NAEopt/optZ/runZn4k2resExtplus/part015/
2 /p/QSOpt/NAEopt/optZ/runZn4k2resExtplus/part015/
0 /p/QSOpt/NAEopt/optZ/runZn4k2resExtplus/part015/
1 /p/QSOpt/NAEopt/optZ/runZn4k2resExtplus/part015/
2 /p/QSOpt/NAEopt/optZ/runZn4k2resExtplus/part015/
3 /p/QSOpt/NAEopt/optZ/runZn4k2resExtplus/part015/
4 /p/QSOpt/NAEopt/optZ/runZn4k2resExtplus/part015/
5 /p/QSOpt/NAEopt/optZ/runZn4k2resExtplus/part015/
6 /p/QSOpt/NAEopt/optZ/runZn4k2resExtplus/part015/
7 /p/QSOpt/NAEopt/optZ/runZn4k2resExtplus/part015/
8 /p/QSOpt/NAEopt/optZ/runZn4k2resExtplus/part015/
9 /p/QSOpt/NAEopt/optZ/runZn4k2resExtplus/part015/
3 /p/QSOpt/NAEopt/optZ/runZn4k2resExtplus/part015/
0 /p/QSOpt/NAEopt/optZ/runZn4k2resExtplus/part015/
1 /p/QSOpt/NAEopt/optZ/runZn4k2resExtplus/part015/
2 /p/QSOpt/NAEopt/optZ/runZn4k2resExtplus/part015/
3 /p/QSOpt/NAEopt/optZ/runZn4k2resExtplus/part015/
4 /p/QSOpt/NAEopt/optZ/runZn4k2resExtplus/part015/
5 /p/QSOpt/NAEopt/optZ/runZn4k2resExtplus/part015/
6 /p/QSOpt/NAEopt/optZ/runZn4k2resExtplus/part015/
7 /p/QSOpt/NAEopt/optZ/runZn4k2resExtplus/part015/
8 /p/QSOpt/NAEopt/optZ/runZn4k2resExtplus/part015/
9 /p/QSOpt/NAEopt/optZ/runZn4k2resExtplus/part015/
4 /p/QSOpt/NAEopt/optZ/runZn4k2resExtplus/part015/
0 /p/QSOpt/NAEopt/optZ/runZn4k2resExtplus/part015/
1 /p/QSOpt/NAEopt/optZ/runZn4k2resExtplus/part015/
2 /p/QSOpt/NAEopt/optZ/runZn4k2resExtplus/part015/
3 /p/QSOpt/NAEopt/optZ/runZn4k2resExtplus/part015/
4 /p/QSOpt/NAEopt/optZ/runZn4k2resExtplus/part015/
5 /p/QSOpt/NAEopt/optZ/runZn4k2resExtplus/part015/
6 /p/QSOpt/NAEopt/optZ/runZn4k2resExtplus/part015/
7 /p/QSOpt/NAEopt/optZ/runZn4k2resExtplus/part015/
8 /p/QSOpt/NAEopt/optZ/runZn4k2resExtplus/part015/
9 /p/QSOpt/NAEopt/optZ/runZn4k2resExtplus/part015/
5 /p/QSOpt/NAEopt/optZ/runZn4k2resExtplus/part015/
0 /p/QSOpt/NAEopt/optZ/runZn4k2resExtplus/part015/
1 /p/QSOpt/NAEopt/optZ/runZn4k2resExtplus/part015/
2 /p/QSOpt/NAEopt/optZ/runZn4k2resExtplus/part015/
3 /p/QSOpt/NAEopt/optZ/runZn4k2resExtplus/part015/
4 /p/QSOpt/NAEopt/optZ/runZn4k2resExtplus/part015/
5 /p/QSOpt/NAEopt/optZ/runZn4k2resExtplus/part015/
6 /p/QSOpt/NAEopt/optZ/runZn4k2resExtplus/part015/
7 /p/QSOpt/NAEopt/optZ/runZn4k2resExtplus/part015/
8 /p/QSOpt/NAEopt/optZ/runZn4k2resExtplus/part015/
9 /p/QSOpt/NAEopt/optZ/runZn4k2resExtplus/part015/
6 /p/QSOpt/NAEopt/optZ/runZn4k2resExtplus/part015/
0 /p/QSOpt/NAEopt/optZ/runZn4k2resExtplus/part015/
1 /p/QSOpt/NAEopt/optZ/runZn4k2resExtplus/part015/
2 /p/QSOpt/NAEopt/optZ/runZn4k2resExtplus/part015/
3 /p/QSOpt/NAEopt/optZ/runZn4k2resExtplus/part015/
4 /p/QSOpt/NAEopt/optZ/runZn4k2resExtplus/part015/
5 /p/QSOpt/NAEopt/optZ/runZn4k2resExtplus/part015/
6 /p/QSOpt/NAEopt/optZ/runZn4k2resExtplus/part015/
7 /p/QSOpt/NAEopt/optZ/runZn4k2resExtplus/part015/
8 /p/QSOpt/NAEopt/optZ/runZn4k2resExtplus/part015/
9 /p/QSOpt/NAEopt/optZ/runZn4k2resExtplus/part015/
7 /p/QSOpt/NAEopt/optZ/runZn4k2resExtplus/part015/
0 /p/QSOpt/NAEopt/optZ/runZn4k2resExtplus/part015/
1 /p/QSOpt/NAEopt/optZ/runZn4k2resExtplus/part015/
2 /p/QSOpt/NAEopt/optZ/runZn4k2resExtplus/part015/
3 /p/QSOpt/NAEopt/optZ/runZn4k2resExtplus/part015/
4 /p/QSOpt/NAEopt/optZ/runZn4k2resExtplus/part015/
5 /p/QSOpt/NAEopt/optZ/runZn4k2resExtplus/part015/
6 /p/QSOpt/NAEopt/optZ/runZn4k2resExtplus/part015/
7 /p/QSOpt/NAEopt/optZ/runZn4k2resExtplus/part015/
8 /p/QSOpt/NAEopt/optZ/runZn4k2resExtplus/part015/
9 /p/QSOpt/NAEopt/optZ/runZn4k2resExtplus/part015/
8 /p/QSOpt/NAEopt/optZ/runZn4k2resExtplus/part015/
0 /p/QSOpt/NAEopt/optZ/runZn4k2resExtplus/part015/
1 /p/QSOpt/NAEopt/optZ/runZn4k2resExtplus/part015/
2 /p/QSOpt/NAEopt/optZ/runZn4k2resExtplus/part015/
3 /p/QSOpt/NAEopt/optZ/runZn4k2resExtplus/part015/
4 /p/QSOpt/NAEopt/optZ/runZn4k2resExtplus/part015/
5 /p/QSOpt/NAEopt/optZ/runZn4k2resExtplus/part015/
6 /p/QSOpt/NAEopt/optZ/runZn4k2resExtplus/part015/
7 /p/QSOpt/NAEopt/optZ/runZn4k2resExtplus/part015/
8 /p/QSOpt/NAEopt/optZ/runZn4k2resExtplus/part015/
9 /p/QSOpt/NAEopt/optZ/runZn4k2resExtplus/part015/
9 /p/QSOpt/NAEopt/optZ/runZn4k2resExtplus/part015/
0 /p/QSOpt/NAEopt/optZ/runZn4k2resExtplus/part015/
1 /p/QSOpt/NAEopt/optZ/runZn4k2resExtplus/part015/
2 /p/QSOpt/NAEopt/optZ/runZn4k2resExtplus/part015/
3 /p/QSOpt/NAEopt/optZ/runZn4k2resExtplus/part015/
4 /p/QSOpt/NAEopt/optZ/runZn4k2resExtplus/part015/
5 /p/QSOpt/NAEopt/optZ/runZn4k2resExtplus/part015/
6 /p/QSOpt/NAEopt/optZ/runZn4k2resExtplus/part015/
7 /p/QSOpt/NAEopt/optZ/runZn4k2resExtplus/part015/
8 /p/QSOpt/NAEopt/optZ/runZn4k2resExtplus/part015/
9 /p/QSOpt/NAEopt/optZ/runZn4k2resExtplus/part015/
10 /p/QSOpt/NAEopt/optZ/runZn4k2resExtplus/part015/
0 /p/QSOpt/NAEopt/optZ/runZn4k2resExtplus/part015/
1 /p/QSOpt/NAEopt/optZ/runZn4k2resExtplus/part015/
2 /p/QSOpt/NAEopt/optZ/runZn4k2resExtplus/part015/
3 /p/QSOpt/NAEopt/optZ/runZn4k2resExtplus/part015/
4 /p/QSOpt/NAEopt/optZ/runZn4k2resExtplus/part015/
5 /p/QSOpt/NAEopt/optZ/runZn4k2resExtplus/part015/
6 /p/QSOpt/NAEopt/optZ/runZn4k2resExtplus/part015/
7 /p/QSOpt/NAEopt/optZ/runZn4k2resExtplus/part015/
8 /p/QSOpt/NAEopt/optZ/runZn4k2resExtplus/part015/
9 /p/QSOpt/NAEopt/optZ/runZn4k2resExtplus/part015/
11 /p/QSOpt/NAEopt/optZ/runZn4k2resExtplus/part015/
0 /p/QSOpt/NAEopt/optZ/runZn4k2resExtplus/part015/
1 /p/QSOpt/NAEopt/optZ/runZn4k2resExtplus/part015/
2 /p/QSOpt/NAEopt/optZ/runZn4k2resExtplus/part015/
3 /p/QSOpt/NAEopt/optZ/runZn4k2resExtplus/part015/
4 /p/QSOpt/NAEopt/optZ/runZn4k2resExtplus/part015/
5 /p/QSOpt/NAEopt/optZ/runZn4k2resExtplus/part015/
6 /p/QSOpt/NAEopt/optZ/runZn4k2resExtplus/part015/
7 /p/QSOpt/NAEopt/optZ/runZn4k2resExtplus/part015/
8 /p/QSOpt/NAEopt/optZ/runZn4k2resExtplus/part015/
9 /p/QSOpt/NAEopt/optZ/runZn4k2resExtplus/part015/
12 /p/QSOpt/NAEopt/optZ/runZn4k2resExtplus/part015/
0 /p/QSOpt/NAEopt/optZ/runZn4k2resExtplus/part015/
1 /p/QSOpt/NAEopt/optZ/runZn4k2resExtplus/part015/
2 /p/QSOpt/NAEopt/optZ/runZn4k2resExtplus/part015/
3 /p/QSOpt/NAEopt/optZ/runZn4k2resExtplus/part015/
4 /p/QSOpt/NAEopt/optZ/runZn4k2resExtplus/part015/
5 /p/QSOpt/NAEopt/optZ/runZn4k2resExtplus/part015/
6 /p/QSOpt/NAEopt/optZ/runZn4k2resExtplus/part015/
7 /p/QSOpt/NAEopt/optZ/runZn4k2resExtplus/part015/
8 /p/QSOpt/NAEopt/optZ/runZn4k2resExtplus/part015/
9 /p/QSOpt/NAEopt/optZ/runZn4k2resExtplus/part015/
13 /p/QSOpt/NAEopt/optZ/runZn4k2resExtplus/part015/
0 /p/QSOpt/NAEopt/optZ/runZn4k2resExtplus/part015/
1 /p/QSOpt/NAEopt/optZ/runZn4k2resExtplus/part015/
2 /p/QSOpt/NAEopt/optZ/runZn4k2resExtplus/part015/
3 /p/QSOpt/NAEopt/optZ/runZn4k2resExtplus/part015/
4 /p/QSOpt/NAEopt/optZ/runZn4k2resExtplus/part015/
5 /p/QSOpt/NAEopt/optZ/runZn4k2resExtplus/part015/
6 /p/QSOpt/NAEopt/optZ/runZn4k2resExtplus/part015/
7 /p/QSOpt/NAEopt/optZ/runZn4k2resExtplus/part015/
8 /p/QSOpt/NAEopt/optZ/runZn4k2resExtplus/part015/
9 /p/QSOpt/NAEopt/optZ/runZn4k2resExtplus/part015/
14 /p/QSOpt/NAEopt/optZ/runZn4k2resExtplus/part015/
