python optAnhark2optZ.py 15 0.3 0.32999999999999996 10 0.024000000000000007 0.036000000000000004 /p/QSOpt/NAEopt/optZ/runZn4k2resExtplus/part008/
0 /p/QSOpt/NAEopt/optZ/runZn4k2resExtplus/part008/
1 /p/QSOpt/NAEopt/optZ/runZn4k2resExtplus/part008/
2 /p/QSOpt/NAEopt/optZ/runZn4k2resExtplus/part008/
3 /p/QSOpt/NAEopt/optZ/runZn4k2resExtplus/part008/
4 /p/QSOpt/NAEopt/optZ/runZn4k2resExtplus/part008/
5 /p/QSOpt/NAEopt/optZ/runZn4k2resExtplus/part008/
6 /p/QSOpt/NAEopt/optZ/runZn4k2resExtplus/part008/
7 /p/QSOpt/NAEopt/optZ/runZn4k2resExtplus/part008/
8 /p/QSOpt/NAEopt/optZ/runZn4k2resExtplus/part008/
9 /p/QSOpt/NAEopt/optZ/runZn4k2resExtplus/part008/
0 /p/QSOpt/NAEopt/optZ/runZn4k2resExtplus/part008/
0 /p/QSOpt/NAEopt/optZ/runZn4k2resExtplus/part008/
1 /p/QSOpt/NAEopt/optZ/runZn4k2resExtplus/part008/
2 /p/QSOpt/NAEopt/optZ/runZn4k2resExtplus/part008/
3 /p/QSOpt/NAEopt/optZ/runZn4k2resExtplus/part008/
4 /p/QSOpt/NAEopt/optZ/runZn4k2resExtplus/part008/
5 /p/QSOpt/NAEopt/optZ/runZn4k2resExtplus/part008/
6 /p/QSOpt/NAEopt/optZ/runZn4k2resExtplus/part008/
7 /p/QSOpt/NAEopt/optZ/runZn4k2resExtplus/part008/
8 /p/QSOpt/NAEopt/optZ/runZn4k2resExtplus/part008/
9 /p/QSOpt/NAEopt/optZ/runZn4k2resExtplus/part008/
1 /p/QSOpt/NAEopt/optZ/runZn4k2resExtplus/part008/
0 /p/QSOpt/NAEopt/optZ/runZn4k2resExtplus/part008/
1 /p/QSOpt/NAEopt/optZ/runZn4k2resExtplus/part008/
2 /p/QSOpt/NAEopt/optZ/runZn4k2resExtplus/part008/
3 /p/QSOpt/NAEopt/optZ/runZn4k2resExtplus/part008/
4 /p/QSOpt/NAEopt/optZ/runZn4k2resExtplus/part008/
5 /p/QSOpt/NAEopt/optZ/runZn4k2resExtplus/part008/
6 /p/QSOpt/NAEopt/optZ/runZn4k2resExtplus/part008/
7 /p/QSOpt/NAEopt/optZ/runZn4k2resExtplus/part008/
8 /p/QSOpt/NAEopt/optZ/runZn4k2resExtplus/part008/
9 /p/QSOpt/NAEopt/optZ/runZn4k2resExtplus/part008/
2 /p/QSOpt/NAEopt/optZ/runZn4k2resExtplus/part008/
0 /p/QSOpt/NAEopt/optZ/runZn4k2resExtplus/part008/
1 /p/QSOpt/NAEopt/optZ/runZn4k2resExtplus/part008/
2 /p/QSOpt/NAEopt/optZ/runZn4k2resExtplus/part008/
3 /p/QSOpt/NAEopt/optZ/runZn4k2resExtplus/part008/
4 /p/QSOpt/NAEopt/optZ/runZn4k2resExtplus/part008/
5 /p/QSOpt/NAEopt/optZ/runZn4k2resExtplus/part008/
6 /p/QSOpt/NAEopt/optZ/runZn4k2resExtplus/part008/
7 /p/QSOpt/NAEopt/optZ/runZn4k2resExtplus/part008/
8 /p/QSOpt/NAEopt/optZ/runZn4k2resExtplus/part008/
9 /p/QSOpt/NAEopt/optZ/runZn4k2resExtplus/part008/
3 /p/QSOpt/NAEopt/optZ/runZn4k2resExtplus/part008/
0 /p/QSOpt/NAEopt/optZ/runZn4k2resExtplus/part008/
1 /p/QSOpt/NAEopt/optZ/runZn4k2resExtplus/part008/
2 /p/QSOpt/NAEopt/optZ/runZn4k2resExtplus/part008/
3 /p/QSOpt/NAEopt/optZ/runZn4k2resExtplus/part008/
4 /p/QSOpt/NAEopt/optZ/runZn4k2resExtplus/part008/
5 /p/QSOpt/NAEopt/optZ/runZn4k2resExtplus/part008/
6 /p/QSOpt/NAEopt/optZ/runZn4k2resExtplus/part008/
7 /p/QSOpt/NAEopt/optZ/runZn4k2resExtplus/part008/
8 /p/QSOpt/NAEopt/optZ/runZn4k2resExtplus/part008/
9 /p/QSOpt/NAEopt/optZ/runZn4k2resExtplus/part008/
4 /p/QSOpt/NAEopt/optZ/runZn4k2resExtplus/part008/
0 /p/QSOpt/NAEopt/optZ/runZn4k2resExtplus/part008/
1 /p/QSOpt/NAEopt/optZ/runZn4k2resExtplus/part008/
2 /p/QSOpt/NAEopt/optZ/runZn4k2resExtplus/part008/
3 /p/QSOpt/NAEopt/optZ/runZn4k2resExtplus/part008/
4 /p/QSOpt/NAEopt/optZ/runZn4k2resExtplus/part008/
5 /p/QSOpt/NAEopt/optZ/runZn4k2resExtplus/part008/
6 /p/QSOpt/NAEopt/optZ/runZn4k2resExtplus/part008/
7 /p/QSOpt/NAEopt/optZ/runZn4k2resExtplus/part008/
8 /p/QSOpt/NAEopt/optZ/runZn4k2resExtplus/part008/
9 /p/QSOpt/NAEopt/optZ/runZn4k2resExtplus/part008/
5 /p/QSOpt/NAEopt/optZ/runZn4k2resExtplus/part008/
0 /p/QSOpt/NAEopt/optZ/runZn4k2resExtplus/part008/
1 /p/QSOpt/NAEopt/optZ/runZn4k2resExtplus/part008/
2 /p/QSOpt/NAEopt/optZ/runZn4k2resExtplus/part008/
3 /p/QSOpt/NAEopt/optZ/runZn4k2resExtplus/part008/
4 /p/QSOpt/NAEopt/optZ/runZn4k2resExtplus/part008/
5 /p/QSOpt/NAEopt/optZ/runZn4k2resExtplus/part008/
6 /p/QSOpt/NAEopt/optZ/runZn4k2resExtplus/part008/
7 /p/QSOpt/NAEopt/optZ/runZn4k2resExtplus/part008/
8 /p/QSOpt/NAEopt/optZ/runZn4k2resExtplus/part008/
9 /p/QSOpt/NAEopt/optZ/runZn4k2resExtplus/part008/
6 /p/QSOpt/NAEopt/optZ/runZn4k2resExtplus/part008/
0 /p/QSOpt/NAEopt/optZ/runZn4k2resExtplus/part008/
1 /p/QSOpt/NAEopt/optZ/runZn4k2resExtplus/part008/
2 /p/QSOpt/NAEopt/optZ/runZn4k2resExtplus/part008/
3 /p/QSOpt/NAEopt/optZ/runZn4k2resExtplus/part008/
4 /p/QSOpt/NAEopt/optZ/runZn4k2resExtplus/part008/
5 /p/QSOpt/NAEopt/optZ/runZn4k2resExtplus/part008/
6 /p/QSOpt/NAEopt/optZ/runZn4k2resExtplus/part008/
7 /p/QSOpt/NAEopt/optZ/runZn4k2resExtplus/part008/
8 /p/QSOpt/NAEopt/optZ/runZn4k2resExtplus/part008/
9 /p/QSOpt/NAEopt/optZ/runZn4k2resExtplus/part008/
7 /p/QSOpt/NAEopt/optZ/runZn4k2resExtplus/part008/
0 /p/QSOpt/NAEopt/optZ/runZn4k2resExtplus/part008/
1 /p/QSOpt/NAEopt/optZ/runZn4k2resExtplus/part008/
2 /p/QSOpt/NAEopt/optZ/runZn4k2resExtplus/part008/
3 /p/QSOpt/NAEopt/optZ/runZn4k2resExtplus/part008/
4 /p/QSOpt/NAEopt/optZ/runZn4k2resExtplus/part008/
5 /p/QSOpt/NAEopt/optZ/runZn4k2resExtplus/part008/
6 /p/QSOpt/NAEopt/optZ/runZn4k2resExtplus/part008/
7 /p/QSOpt/NAEopt/optZ/runZn4k2resExtplus/part008/
8 /p/QSOpt/NAEopt/optZ/runZn4k2resExtplus/part008/
9 /p/QSOpt/NAEopt/optZ/runZn4k2resExtplus/part008/
8 /p/QSOpt/NAEopt/optZ/runZn4k2resExtplus/part008/
0 /p/QSOpt/NAEopt/optZ/runZn4k2resExtplus/part008/
1 /p/QSOpt/NAEopt/optZ/runZn4k2resExtplus/part008/
2 /p/QSOpt/NAEopt/optZ/runZn4k2resExtplus/part008/
3 /p/QSOpt/NAEopt/optZ/runZn4k2resExtplus/part008/
4 /p/QSOpt/NAEopt/optZ/runZn4k2resExtplus/part008/
5 /p/QSOpt/NAEopt/optZ/runZn4k2resExtplus/part008/
6 /p/QSOpt/NAEopt/optZ/runZn4k2resExtplus/part008/
7 /p/QSOpt/NAEopt/optZ/runZn4k2resExtplus/part008/
8 /p/QSOpt/NAEopt/optZ/runZn4k2resExtplus/part008/
9 /p/QSOpt/NAEopt/optZ/runZn4k2resExtplus/part008/
9 /p/QSOpt/NAEopt/optZ/runZn4k2resExtplus/part008/
0 /p/QSOpt/NAEopt/optZ/runZn4k2resExtplus/part008/
1 /p/QSOpt/NAEopt/optZ/runZn4k2resExtplus/part008/
2 /p/QSOpt/NAEopt/optZ/runZn4k2resExtplus/part008/
3 /p/QSOpt/NAEopt/optZ/runZn4k2resExtplus/part008/
4 /p/QSOpt/NAEopt/optZ/runZn4k2resExtplus/part008/
5 /p/QSOpt/NAEopt/optZ/runZn4k2resExtplus/part008/
6 /p/QSOpt/NAEopt/optZ/runZn4k2resExtplus/part008/
7 /p/QSOpt/NAEopt/optZ/runZn4k2resExtplus/part008/
8 /p/QSOpt/NAEopt/optZ/runZn4k2resExtplus/part008/
9 /p/QSOpt/NAEopt/optZ/runZn4k2resExtplus/part008/
10 /p/QSOpt/NAEopt/optZ/runZn4k2resExtplus/part008/
0 /p/QSOpt/NAEopt/optZ/runZn4k2resExtplus/part008/
1 /p/QSOpt/NAEopt/optZ/runZn4k2resExtplus/part008/
2 /p/QSOpt/NAEopt/optZ/runZn4k2resExtplus/part008/
3 /p/QSOpt/NAEopt/optZ/runZn4k2resExtplus/part008/
4 /p/QSOpt/NAEopt/optZ/runZn4k2resExtplus/part008/
5 /p/QSOpt/NAEopt/optZ/runZn4k2resExtplus/part008/
6 /p/QSOpt/NAEopt/optZ/runZn4k2resExtplus/part008/
7 /p/QSOpt/NAEopt/optZ/runZn4k2resExtplus/part008/
8 /p/QSOpt/NAEopt/optZ/runZn4k2resExtplus/part008/
9 /p/QSOpt/NAEopt/optZ/runZn4k2resExtplus/part008/
11 /p/QSOpt/NAEopt/optZ/runZn4k2resExtplus/part008/
0 /p/QSOpt/NAEopt/optZ/runZn4k2resExtplus/part008/
1 /p/QSOpt/NAEopt/optZ/runZn4k2resExtplus/part008/
2 /p/QSOpt/NAEopt/optZ/runZn4k2resExtplus/part008/
3 /p/QSOpt/NAEopt/optZ/runZn4k2resExtplus/part008/
4 /p/QSOpt/NAEopt/optZ/runZn4k2resExtplus/part008/
5 /p/QSOpt/NAEopt/optZ/runZn4k2resExtplus/part008/
6 /p/QSOpt/NAEopt/optZ/runZn4k2resExtplus/part008/
7 /p/QSOpt/NAEopt/optZ/runZn4k2resExtplus/part008/
8 /p/QSOpt/NAEopt/optZ/runZn4k2resExtplus/part008/
9 /p/QSOpt/NAEopt/optZ/runZn4k2resExtplus/part008/
12 /p/QSOpt/NAEopt/optZ/runZn4k2resExtplus/part008/
0 /p/QSOpt/NAEopt/optZ/runZn4k2resExtplus/part008/
1 /p/QSOpt/NAEopt/optZ/runZn4k2resExtplus/part008/
2 /p/QSOpt/NAEopt/optZ/runZn4k2resExtplus/part008/
3 /p/QSOpt/NAEopt/optZ/runZn4k2resExtplus/part008/
4 /p/QSOpt/NAEopt/optZ/runZn4k2resExtplus/part008/
5 /p/QSOpt/NAEopt/optZ/runZn4k2resExtplus/part008/
6 /p/QSOpt/NAEopt/optZ/runZn4k2resExtplus/part008/
7 /p/QSOpt/NAEopt/optZ/runZn4k2resExtplus/part008/
8 /p/QSOpt/NAEopt/optZ/runZn4k2resExtplus/part008/
9 /p/QSOpt/NAEopt/optZ/runZn4k2resExtplus/part008/
13 /p/QSOpt/NAEopt/optZ/runZn4k2resExtplus/part008/
0 /p/QSOpt/NAEopt/optZ/runZn4k2resExtplus/part008/
1 /p/QSOpt/NAEopt/optZ/runZn4k2resExtplus/part008/
2 /p/QSOpt/NAEopt/optZ/runZn4k2resExtplus/part008/
3 /p/QSOpt/NAEopt/optZ/runZn4k2resExtplus/part008/
4 /p/QSOpt/NAEopt/optZ/runZn4k2resExtplus/part008/
5 /p/QSOpt/NAEopt/optZ/runZn4k2resExtplus/part008/
6 /p/QSOpt/NAEopt/optZ/runZn4k2resExtplus/part008/
7 /p/QSOpt/NAEopt/optZ/runZn4k2resExtplus/part008/
8 /p/QSOpt/NAEopt/optZ/runZn4k2resExtplus/part008/
9 /p/QSOpt/NAEopt/optZ/runZn4k2resExtplus/part008/
14 /p/QSOpt/NAEopt/optZ/runZn4k2resExtplus/part008/
