python optAnhark2optZ.py 15 0.39 0.42 10 0.0 0.01200000000000001 /p/QSOpt/NAEopt/optZ/runZn4k2resExtplus/part036/
0 /p/QSOpt/NAEopt/optZ/runZn4k2resExtplus/part036/
1 /p/QSOpt/NAEopt/optZ/runZn4k2resExtplus/part036/
2 /p/QSOpt/NAEopt/optZ/runZn4k2resExtplus/part036/
3 /p/QSOpt/NAEopt/optZ/runZn4k2resExtplus/part036/
4 /p/QSOpt/NAEopt/optZ/runZn4k2resExtplus/part036/
5 /p/QSOpt/NAEopt/optZ/runZn4k2resExtplus/part036/
6 /p/QSOpt/NAEopt/optZ/runZn4k2resExtplus/part036/
7 /p/QSOpt/NAEopt/optZ/runZn4k2resExtplus/part036/
8 /p/QSOpt/NAEopt/optZ/runZn4k2resExtplus/part036/
9 /p/QSOpt/NAEopt/optZ/runZn4k2resExtplus/part036/
0 /p/QSOpt/NAEopt/optZ/runZn4k2resExtplus/part036/
0 /p/QSOpt/NAEopt/optZ/runZn4k2resExtplus/part036/
1 /p/QSOpt/NAEopt/optZ/runZn4k2resExtplus/part036/
2 /p/QSOpt/NAEopt/optZ/runZn4k2resExtplus/part036/
3 /p/QSOpt/NAEopt/optZ/runZn4k2resExtplus/part036/
4 /p/QSOpt/NAEopt/optZ/runZn4k2resExtplus/part036/
5 /p/QSOpt/NAEopt/optZ/runZn4k2resExtplus/part036/
6 /p/QSOpt/NAEopt/optZ/runZn4k2resExtplus/part036/
7 /p/QSOpt/NAEopt/optZ/runZn4k2resExtplus/part036/
8 /p/QSOpt/NAEopt/optZ/runZn4k2resExtplus/part036/
9 /p/QSOpt/NAEopt/optZ/runZn4k2resExtplus/part036/
1 /p/QSOpt/NAEopt/optZ/runZn4k2resExtplus/part036/
0 /p/QSOpt/NAEopt/optZ/runZn4k2resExtplus/part036/
1 /p/QSOpt/NAEopt/optZ/runZn4k2resExtplus/part036/
2 /p/QSOpt/NAEopt/optZ/runZn4k2resExtplus/part036/
3 /p/QSOpt/NAEopt/optZ/runZn4k2resExtplus/part036/
4 /p/QSOpt/NAEopt/optZ/runZn4k2resExtplus/part036/
5 /p/QSOpt/NAEopt/optZ/runZn4k2resExtplus/part036/
6 /p/QSOpt/NAEopt/optZ/runZn4k2resExtplus/part036/
7 /p/QSOpt/NAEopt/optZ/runZn4k2resExtplus/part036/
8 /p/QSOpt/NAEopt/optZ/runZn4k2resExtplus/part036/
9 /p/QSOpt/NAEopt/optZ/runZn4k2resExtplus/part036/
2 /p/QSOpt/NAEopt/optZ/runZn4k2resExtplus/part036/
0 /p/QSOpt/NAEopt/optZ/runZn4k2resExtplus/part036/
1 /p/QSOpt/NAEopt/optZ/runZn4k2resExtplus/part036/
2 /p/QSOpt/NAEopt/optZ/runZn4k2resExtplus/part036/
3 /p/QSOpt/NAEopt/optZ/runZn4k2resExtplus/part036/
4 /p/QSOpt/NAEopt/optZ/runZn4k2resExtplus/part036/
5 /p/QSOpt/NAEopt/optZ/runZn4k2resExtplus/part036/
6 /p/QSOpt/NAEopt/optZ/runZn4k2resExtplus/part036/
7 /p/QSOpt/NAEopt/optZ/runZn4k2resExtplus/part036/
8 /p/QSOpt/NAEopt/optZ/runZn4k2resExtplus/part036/
9 /p/QSOpt/NAEopt/optZ/runZn4k2resExtplus/part036/
3 /p/QSOpt/NAEopt/optZ/runZn4k2resExtplus/part036/
0 /p/QSOpt/NAEopt/optZ/runZn4k2resExtplus/part036/
1 /p/QSOpt/NAEopt/optZ/runZn4k2resExtplus/part036/
2 /p/QSOpt/NAEopt/optZ/runZn4k2resExtplus/part036/
3 /p/QSOpt/NAEopt/optZ/runZn4k2resExtplus/part036/
4 /p/QSOpt/NAEopt/optZ/runZn4k2resExtplus/part036/
5 /p/QSOpt/NAEopt/optZ/runZn4k2resExtplus/part036/
6 /p/QSOpt/NAEopt/optZ/runZn4k2resExtplus/part036/
7 /p/QSOpt/NAEopt/optZ/runZn4k2resExtplus/part036/
8 /p/QSOpt/NAEopt/optZ/runZn4k2resExtplus/part036/
9 /p/QSOpt/NAEopt/optZ/runZn4k2resExtplus/part036/
4 /p/QSOpt/NAEopt/optZ/runZn4k2resExtplus/part036/
0 /p/QSOpt/NAEopt/optZ/runZn4k2resExtplus/part036/
1 /p/QSOpt/NAEopt/optZ/runZn4k2resExtplus/part036/
2 /p/QSOpt/NAEopt/optZ/runZn4k2resExtplus/part036/
3 /p/QSOpt/NAEopt/optZ/runZn4k2resExtplus/part036/
4 /p/QSOpt/NAEopt/optZ/runZn4k2resExtplus/part036/
5 /p/QSOpt/NAEopt/optZ/runZn4k2resExtplus/part036/
6 /p/QSOpt/NAEopt/optZ/runZn4k2resExtplus/part036/
7 /p/QSOpt/NAEopt/optZ/runZn4k2resExtplus/part036/
8 /p/QSOpt/NAEopt/optZ/runZn4k2resExtplus/part036/
9 /p/QSOpt/NAEopt/optZ/runZn4k2resExtplus/part036/
5 /p/QSOpt/NAEopt/optZ/runZn4k2resExtplus/part036/
0 /p/QSOpt/NAEopt/optZ/runZn4k2resExtplus/part036/
1 /p/QSOpt/NAEopt/optZ/runZn4k2resExtplus/part036/
2 /p/QSOpt/NAEopt/optZ/runZn4k2resExtplus/part036/
3 /p/QSOpt/NAEopt/optZ/runZn4k2resExtplus/part036/
4 /p/QSOpt/NAEopt/optZ/runZn4k2resExtplus/part036/
5 /p/QSOpt/NAEopt/optZ/runZn4k2resExtplus/part036/
6 /p/QSOpt/NAEopt/optZ/runZn4k2resExtplus/part036/
7 /p/QSOpt/NAEopt/optZ/runZn4k2resExtplus/part036/
8 /p/QSOpt/NAEopt/optZ/runZn4k2resExtplus/part036/
9 /p/QSOpt/NAEopt/optZ/runZn4k2resExtplus/part036/
6 /p/QSOpt/NAEopt/optZ/runZn4k2resExtplus/part036/
0 /p/QSOpt/NAEopt/optZ/runZn4k2resExtplus/part036/
1 /p/QSOpt/NAEopt/optZ/runZn4k2resExtplus/part036/
2 /p/QSOpt/NAEopt/optZ/runZn4k2resExtplus/part036/
3 /p/QSOpt/NAEopt/optZ/runZn4k2resExtplus/part036/
4 /p/QSOpt/NAEopt/optZ/runZn4k2resExtplus/part036/
5 /p/QSOpt/NAEopt/optZ/runZn4k2resExtplus/part036/
6 /p/QSOpt/NAEopt/optZ/runZn4k2resExtplus/part036/
7 /p/QSOpt/NAEopt/optZ/runZn4k2resExtplus/part036/
8 /p/QSOpt/NAEopt/optZ/runZn4k2resExtplus/part036/
9 /p/QSOpt/NAEopt/optZ/runZn4k2resExtplus/part036/
7 /p/QSOpt/NAEopt/optZ/runZn4k2resExtplus/part036/
0 /p/QSOpt/NAEopt/optZ/runZn4k2resExtplus/part036/
1 /p/QSOpt/NAEopt/optZ/runZn4k2resExtplus/part036/
2 /p/QSOpt/NAEopt/optZ/runZn4k2resExtplus/part036/
3 /p/QSOpt/NAEopt/optZ/runZn4k2resExtplus/part036/
4 /p/QSOpt/NAEopt/optZ/runZn4k2resExtplus/part036/
5 /p/QSOpt/NAEopt/optZ/runZn4k2resExtplus/part036/
6 /p/QSOpt/NAEopt/optZ/runZn4k2resExtplus/part036/
7 /p/QSOpt/NAEopt/optZ/runZn4k2resExtplus/part036/
8 /p/QSOpt/NAEopt/optZ/runZn4k2resExtplus/part036/
9 /p/QSOpt/NAEopt/optZ/runZn4k2resExtplus/part036/
8 /p/QSOpt/NAEopt/optZ/runZn4k2resExtplus/part036/
0 /p/QSOpt/NAEopt/optZ/runZn4k2resExtplus/part036/
1 /p/QSOpt/NAEopt/optZ/runZn4k2resExtplus/part036/
2 /p/QSOpt/NAEopt/optZ/runZn4k2resExtplus/part036/
3 /p/QSOpt/NAEopt/optZ/runZn4k2resExtplus/part036/
4 /p/QSOpt/NAEopt/optZ/runZn4k2resExtplus/part036/
5 /p/QSOpt/NAEopt/optZ/runZn4k2resExtplus/part036/
6 /p/QSOpt/NAEopt/optZ/runZn4k2resExtplus/part036/
7 /p/QSOpt/NAEopt/optZ/runZn4k2resExtplus/part036/
8 /p/QSOpt/NAEopt/optZ/runZn4k2resExtplus/part036/
9 /p/QSOpt/NAEopt/optZ/runZn4k2resExtplus/part036/
9 /p/QSOpt/NAEopt/optZ/runZn4k2resExtplus/part036/
0 /p/QSOpt/NAEopt/optZ/runZn4k2resExtplus/part036/
1 /p/QSOpt/NAEopt/optZ/runZn4k2resExtplus/part036/
2 /p/QSOpt/NAEopt/optZ/runZn4k2resExtplus/part036/
3 /p/QSOpt/NAEopt/optZ/runZn4k2resExtplus/part036/
4 /p/QSOpt/NAEopt/optZ/runZn4k2resExtplus/part036/
5 /p/QSOpt/NAEopt/optZ/runZn4k2resExtplus/part036/
6 /p/QSOpt/NAEopt/optZ/runZn4k2resExtplus/part036/
7 /p/QSOpt/NAEopt/optZ/runZn4k2resExtplus/part036/
8 /p/QSOpt/NAEopt/optZ/runZn4k2resExtplus/part036/
9 /p/QSOpt/NAEopt/optZ/runZn4k2resExtplus/part036/
10 /p/QSOpt/NAEopt/optZ/runZn4k2resExtplus/part036/
0 /p/QSOpt/NAEopt/optZ/runZn4k2resExtplus/part036/
1 /p/QSOpt/NAEopt/optZ/runZn4k2resExtplus/part036/
2 /p/QSOpt/NAEopt/optZ/runZn4k2resExtplus/part036/
3 /p/QSOpt/NAEopt/optZ/runZn4k2resExtplus/part036/
4 /p/QSOpt/NAEopt/optZ/runZn4k2resExtplus/part036/
5 /p/QSOpt/NAEopt/optZ/runZn4k2resExtplus/part036/
6 /p/QSOpt/NAEopt/optZ/runZn4k2resExtplus/part036/
7 /p/QSOpt/NAEopt/optZ/runZn4k2resExtplus/part036/
8 /p/QSOpt/NAEopt/optZ/runZn4k2resExtplus/part036/
9 /p/QSOpt/NAEopt/optZ/runZn4k2resExtplus/part036/
11 /p/QSOpt/NAEopt/optZ/runZn4k2resExtplus/part036/
0 /p/QSOpt/NAEopt/optZ/runZn4k2resExtplus/part036/
1 /p/QSOpt/NAEopt/optZ/runZn4k2resExtplus/part036/
2 /p/QSOpt/NAEopt/optZ/runZn4k2resExtplus/part036/
3 /p/QSOpt/NAEopt/optZ/runZn4k2resExtplus/part036/
4 /p/QSOpt/NAEopt/optZ/runZn4k2resExtplus/part036/
5 /p/QSOpt/NAEopt/optZ/runZn4k2resExtplus/part036/
6 /p/QSOpt/NAEopt/optZ/runZn4k2resExtplus/part036/
7 /p/QSOpt/NAEopt/optZ/runZn4k2resExtplus/part036/
8 /p/QSOpt/NAEopt/optZ/runZn4k2resExtplus/part036/
9 /p/QSOpt/NAEopt/optZ/runZn4k2resExtplus/part036/
12 /p/QSOpt/NAEopt/optZ/runZn4k2resExtplus/part036/
0 /p/QSOpt/NAEopt/optZ/runZn4k2resExtplus/part036/
1 /p/QSOpt/NAEopt/optZ/runZn4k2resExtplus/part036/
2 /p/QSOpt/NAEopt/optZ/runZn4k2resExtplus/part036/
3 /p/QSOpt/NAEopt/optZ/runZn4k2resExtplus/part036/
4 /p/QSOpt/NAEopt/optZ/runZn4k2resExtplus/part036/
5 /p/QSOpt/NAEopt/optZ/runZn4k2resExtplus/part036/
6 /p/QSOpt/NAEopt/optZ/runZn4k2resExtplus/part036/
7 /p/QSOpt/NAEopt/optZ/runZn4k2resExtplus/part036/
8 /p/QSOpt/NAEopt/optZ/runZn4k2resExtplus/part036/
9 /p/QSOpt/NAEopt/optZ/runZn4k2resExtplus/part036/
13 /p/QSOpt/NAEopt/optZ/runZn4k2resExtplus/part036/
0 /p/QSOpt/NAEopt/optZ/runZn4k2resExtplus/part036/
1 /p/QSOpt/NAEopt/optZ/runZn4k2resExtplus/part036/
2 /p/QSOpt/NAEopt/optZ/runZn4k2resExtplus/part036/
3 /p/QSOpt/NAEopt/optZ/runZn4k2resExtplus/part036/
4 /p/QSOpt/NAEopt/optZ/runZn4k2resExtplus/part036/
5 /p/QSOpt/NAEopt/optZ/runZn4k2resExtplus/part036/
6 /p/QSOpt/NAEopt/optZ/runZn4k2resExtplus/part036/
7 /p/QSOpt/NAEopt/optZ/runZn4k2resExtplus/part036/
8 /p/QSOpt/NAEopt/optZ/runZn4k2resExtplus/part036/
9 /p/QSOpt/NAEopt/optZ/runZn4k2resExtplus/part036/
14 /p/QSOpt/NAEopt/optZ/runZn4k2resExtplus/part036/
