python optAnhark2optZ.py 15 0.3 0.32999999999999996 10 -0.023999999999999994 -0.011999999999999997 /p/QSOpt/NAEopt/optZ/runZn4k2resExtplus/part004/
0 /p/QSOpt/NAEopt/optZ/runZn4k2resExtplus/part004/
1 /p/QSOpt/NAEopt/optZ/runZn4k2resExtplus/part004/
2 /p/QSOpt/NAEopt/optZ/runZn4k2resExtplus/part004/
3 /p/QSOpt/NAEopt/optZ/runZn4k2resExtplus/part004/
4 /p/QSOpt/NAEopt/optZ/runZn4k2resExtplus/part004/
5 /p/QSOpt/NAEopt/optZ/runZn4k2resExtplus/part004/
6 /p/QSOpt/NAEopt/optZ/runZn4k2resExtplus/part004/
7 /p/QSOpt/NAEopt/optZ/runZn4k2resExtplus/part004/
8 /p/QSOpt/NAEopt/optZ/runZn4k2resExtplus/part004/
9 /p/QSOpt/NAEopt/optZ/runZn4k2resExtplus/part004/
0 /p/QSOpt/NAEopt/optZ/runZn4k2resExtplus/part004/
0 /p/QSOpt/NAEopt/optZ/runZn4k2resExtplus/part004/
1 /p/QSOpt/NAEopt/optZ/runZn4k2resExtplus/part004/
2 /p/QSOpt/NAEopt/optZ/runZn4k2resExtplus/part004/
3 /p/QSOpt/NAEopt/optZ/runZn4k2resExtplus/part004/
4 /p/QSOpt/NAEopt/optZ/runZn4k2resExtplus/part004/
5 /p/QSOpt/NAEopt/optZ/runZn4k2resExtplus/part004/
6 /p/QSOpt/NAEopt/optZ/runZn4k2resExtplus/part004/
7 /p/QSOpt/NAEopt/optZ/runZn4k2resExtplus/part004/
8 /p/QSOpt/NAEopt/optZ/runZn4k2resExtplus/part004/
9 /p/QSOpt/NAEopt/optZ/runZn4k2resExtplus/part004/
1 /p/QSOpt/NAEopt/optZ/runZn4k2resExtplus/part004/
0 /p/QSOpt/NAEopt/optZ/runZn4k2resExtplus/part004/
1 /p/QSOpt/NAEopt/optZ/runZn4k2resExtplus/part004/
2 /p/QSOpt/NAEopt/optZ/runZn4k2resExtplus/part004/
3 /p/QSOpt/NAEopt/optZ/runZn4k2resExtplus/part004/
4 /p/QSOpt/NAEopt/optZ/runZn4k2resExtplus/part004/
5 /p/QSOpt/NAEopt/optZ/runZn4k2resExtplus/part004/
6 /p/QSOpt/NAEopt/optZ/runZn4k2resExtplus/part004/
7 /p/QSOpt/NAEopt/optZ/runZn4k2resExtplus/part004/
8 /p/QSOpt/NAEopt/optZ/runZn4k2resExtplus/part004/
9 /p/QSOpt/NAEopt/optZ/runZn4k2resExtplus/part004/
2 /p/QSOpt/NAEopt/optZ/runZn4k2resExtplus/part004/
0 /p/QSOpt/NAEopt/optZ/runZn4k2resExtplus/part004/
1 /p/QSOpt/NAEopt/optZ/runZn4k2resExtplus/part004/
2 /p/QSOpt/NAEopt/optZ/runZn4k2resExtplus/part004/
3 /p/QSOpt/NAEopt/optZ/runZn4k2resExtplus/part004/
4 /p/QSOpt/NAEopt/optZ/runZn4k2resExtplus/part004/
5 /p/QSOpt/NAEopt/optZ/runZn4k2resExtplus/part004/
6 /p/QSOpt/NAEopt/optZ/runZn4k2resExtplus/part004/
7 /p/QSOpt/NAEopt/optZ/runZn4k2resExtplus/part004/
8 /p/QSOpt/NAEopt/optZ/runZn4k2resExtplus/part004/
9 /p/QSOpt/NAEopt/optZ/runZn4k2resExtplus/part004/
3 /p/QSOpt/NAEopt/optZ/runZn4k2resExtplus/part004/
0 /p/QSOpt/NAEopt/optZ/runZn4k2resExtplus/part004/
1 /p/QSOpt/NAEopt/optZ/runZn4k2resExtplus/part004/
2 /p/QSOpt/NAEopt/optZ/runZn4k2resExtplus/part004/
3 /p/QSOpt/NAEopt/optZ/runZn4k2resExtplus/part004/
4 /p/QSOpt/NAEopt/optZ/runZn4k2resExtplus/part004/
5 /p/QSOpt/NAEopt/optZ/runZn4k2resExtplus/part004/
6 /p/QSOpt/NAEopt/optZ/runZn4k2resExtplus/part004/
7 /p/QSOpt/NAEopt/optZ/runZn4k2resExtplus/part004/
8 /p/QSOpt/NAEopt/optZ/runZn4k2resExtplus/part004/
9 /p/QSOpt/NAEopt/optZ/runZn4k2resExtplus/part004/
4 /p/QSOpt/NAEopt/optZ/runZn4k2resExtplus/part004/
0 /p/QSOpt/NAEopt/optZ/runZn4k2resExtplus/part004/
1 /p/QSOpt/NAEopt/optZ/runZn4k2resExtplus/part004/
2 /p/QSOpt/NAEopt/optZ/runZn4k2resExtplus/part004/
3 /p/QSOpt/NAEopt/optZ/runZn4k2resExtplus/part004/
4 /p/QSOpt/NAEopt/optZ/runZn4k2resExtplus/part004/
5 /p/QSOpt/NAEopt/optZ/runZn4k2resExtplus/part004/
6 /p/QSOpt/NAEopt/optZ/runZn4k2resExtplus/part004/
7 /p/QSOpt/NAEopt/optZ/runZn4k2resExtplus/part004/
8 /p/QSOpt/NAEopt/optZ/runZn4k2resExtplus/part004/
9 /p/QSOpt/NAEopt/optZ/runZn4k2resExtplus/part004/
5 /p/QSOpt/NAEopt/optZ/runZn4k2resExtplus/part004/
0 /p/QSOpt/NAEopt/optZ/runZn4k2resExtplus/part004/
1 /p/QSOpt/NAEopt/optZ/runZn4k2resExtplus/part004/
2 /p/QSOpt/NAEopt/optZ/runZn4k2resExtplus/part004/
3 /p/QSOpt/NAEopt/optZ/runZn4k2resExtplus/part004/
4 /p/QSOpt/NAEopt/optZ/runZn4k2resExtplus/part004/
5 /p/QSOpt/NAEopt/optZ/runZn4k2resExtplus/part004/
6 /p/QSOpt/NAEopt/optZ/runZn4k2resExtplus/part004/
7 /p/QSOpt/NAEopt/optZ/runZn4k2resExtplus/part004/
8 /p/QSOpt/NAEopt/optZ/runZn4k2resExtplus/part004/
9 /p/QSOpt/NAEopt/optZ/runZn4k2resExtplus/part004/
6 /p/QSOpt/NAEopt/optZ/runZn4k2resExtplus/part004/
0 /p/QSOpt/NAEopt/optZ/runZn4k2resExtplus/part004/
1 /p/QSOpt/NAEopt/optZ/runZn4k2resExtplus/part004/
2 /p/QSOpt/NAEopt/optZ/runZn4k2resExtplus/part004/
3 /p/QSOpt/NAEopt/optZ/runZn4k2resExtplus/part004/
4 /p/QSOpt/NAEopt/optZ/runZn4k2resExtplus/part004/
5 /p/QSOpt/NAEopt/optZ/runZn4k2resExtplus/part004/
6 /p/QSOpt/NAEopt/optZ/runZn4k2resExtplus/part004/
7 /p/QSOpt/NAEopt/optZ/runZn4k2resExtplus/part004/
8 /p/QSOpt/NAEopt/optZ/runZn4k2resExtplus/part004/
9 /p/QSOpt/NAEopt/optZ/runZn4k2resExtplus/part004/
7 /p/QSOpt/NAEopt/optZ/runZn4k2resExtplus/part004/
0 /p/QSOpt/NAEopt/optZ/runZn4k2resExtplus/part004/
1 /p/QSOpt/NAEopt/optZ/runZn4k2resExtplus/part004/
2 /p/QSOpt/NAEopt/optZ/runZn4k2resExtplus/part004/
3 /p/QSOpt/NAEopt/optZ/runZn4k2resExtplus/part004/
4 /p/QSOpt/NAEopt/optZ/runZn4k2resExtplus/part004/
5 /p/QSOpt/NAEopt/optZ/runZn4k2resExtplus/part004/
6 /p/QSOpt/NAEopt/optZ/runZn4k2resExtplus/part004/
7 /p/QSOpt/NAEopt/optZ/runZn4k2resExtplus/part004/
8 /p/QSOpt/NAEopt/optZ/runZn4k2resExtplus/part004/
9 /p/QSOpt/NAEopt/optZ/runZn4k2resExtplus/part004/
8 /p/QSOpt/NAEopt/optZ/runZn4k2resExtplus/part004/
0 /p/QSOpt/NAEopt/optZ/runZn4k2resExtplus/part004/
1 /p/QSOpt/NAEopt/optZ/runZn4k2resExtplus/part004/
2 /p/QSOpt/NAEopt/optZ/runZn4k2resExtplus/part004/
3 /p/QSOpt/NAEopt/optZ/runZn4k2resExtplus/part004/
4 /p/QSOpt/NAEopt/optZ/runZn4k2resExtplus/part004/
5 /p/QSOpt/NAEopt/optZ/runZn4k2resExtplus/part004/
6 /p/QSOpt/NAEopt/optZ/runZn4k2resExtplus/part004/
7 /p/QSOpt/NAEopt/optZ/runZn4k2resExtplus/part004/
8 /p/QSOpt/NAEopt/optZ/runZn4k2resExtplus/part004/
9 /p/QSOpt/NAEopt/optZ/runZn4k2resExtplus/part004/
9 /p/QSOpt/NAEopt/optZ/runZn4k2resExtplus/part004/
0 /p/QSOpt/NAEopt/optZ/runZn4k2resExtplus/part004/
1 /p/QSOpt/NAEopt/optZ/runZn4k2resExtplus/part004/
2 /p/QSOpt/NAEopt/optZ/runZn4k2resExtplus/part004/
3 /p/QSOpt/NAEopt/optZ/runZn4k2resExtplus/part004/
4 /p/QSOpt/NAEopt/optZ/runZn4k2resExtplus/part004/
5 /p/QSOpt/NAEopt/optZ/runZn4k2resExtplus/part004/
6 /p/QSOpt/NAEopt/optZ/runZn4k2resExtplus/part004/
7 /p/QSOpt/NAEopt/optZ/runZn4k2resExtplus/part004/
8 /p/QSOpt/NAEopt/optZ/runZn4k2resExtplus/part004/
9 /p/QSOpt/NAEopt/optZ/runZn4k2resExtplus/part004/
10 /p/QSOpt/NAEopt/optZ/runZn4k2resExtplus/part004/
0 /p/QSOpt/NAEopt/optZ/runZn4k2resExtplus/part004/
1 /p/QSOpt/NAEopt/optZ/runZn4k2resExtplus/part004/
2 /p/QSOpt/NAEopt/optZ/runZn4k2resExtplus/part004/
3 /p/QSOpt/NAEopt/optZ/runZn4k2resExtplus/part004/
4 /p/QSOpt/NAEopt/optZ/runZn4k2resExtplus/part004/
5 /p/QSOpt/NAEopt/optZ/runZn4k2resExtplus/part004/
6 /p/QSOpt/NAEopt/optZ/runZn4k2resExtplus/part004/
7 /p/QSOpt/NAEopt/optZ/runZn4k2resExtplus/part004/
8 /p/QSOpt/NAEopt/optZ/runZn4k2resExtplus/part004/
9 /p/QSOpt/NAEopt/optZ/runZn4k2resExtplus/part004/
11 /p/QSOpt/NAEopt/optZ/runZn4k2resExtplus/part004/
0 /p/QSOpt/NAEopt/optZ/runZn4k2resExtplus/part004/
1 /p/QSOpt/NAEopt/optZ/runZn4k2resExtplus/part004/
2 /p/QSOpt/NAEopt/optZ/runZn4k2resExtplus/part004/
3 /p/QSOpt/NAEopt/optZ/runZn4k2resExtplus/part004/
4 /p/QSOpt/NAEopt/optZ/runZn4k2resExtplus/part004/
5 /p/QSOpt/NAEopt/optZ/runZn4k2resExtplus/part004/
6 /p/QSOpt/NAEopt/optZ/runZn4k2resExtplus/part004/
7 /p/QSOpt/NAEopt/optZ/runZn4k2resExtplus/part004/
8 /p/QSOpt/NAEopt/optZ/runZn4k2resExtplus/part004/
9 /p/QSOpt/NAEopt/optZ/runZn4k2resExtplus/part004/
12 /p/QSOpt/NAEopt/optZ/runZn4k2resExtplus/part004/
0 /p/QSOpt/NAEopt/optZ/runZn4k2resExtplus/part004/
1 /p/QSOpt/NAEopt/optZ/runZn4k2resExtplus/part004/
2 /p/QSOpt/NAEopt/optZ/runZn4k2resExtplus/part004/
3 /p/QSOpt/NAEopt/optZ/runZn4k2resExtplus/part004/
4 /p/QSOpt/NAEopt/optZ/runZn4k2resExtplus/part004/
5 /p/QSOpt/NAEopt/optZ/runZn4k2resExtplus/part004/
6 /p/QSOpt/NAEopt/optZ/runZn4k2resExtplus/part004/
7 /p/QSOpt/NAEopt/optZ/runZn4k2resExtplus/part004/
8 /p/QSOpt/NAEopt/optZ/runZn4k2resExtplus/part004/
9 /p/QSOpt/NAEopt/optZ/runZn4k2resExtplus/part004/
13 /p/QSOpt/NAEopt/optZ/runZn4k2resExtplus/part004/
0 /p/QSOpt/NAEopt/optZ/runZn4k2resExtplus/part004/
1 /p/QSOpt/NAEopt/optZ/runZn4k2resExtplus/part004/
2 /p/QSOpt/NAEopt/optZ/runZn4k2resExtplus/part004/
3 /p/QSOpt/NAEopt/optZ/runZn4k2resExtplus/part004/
4 /p/QSOpt/NAEopt/optZ/runZn4k2resExtplus/part004/
5 /p/QSOpt/NAEopt/optZ/runZn4k2resExtplus/part004/
6 /p/QSOpt/NAEopt/optZ/runZn4k2resExtplus/part004/
7 /p/QSOpt/NAEopt/optZ/runZn4k2resExtplus/part004/
8 /p/QSOpt/NAEopt/optZ/runZn4k2resExtplus/part004/
9 /p/QSOpt/NAEopt/optZ/runZn4k2resExtplus/part004/
14 /p/QSOpt/NAEopt/optZ/runZn4k2resExtplus/part004/
