python optAnhark2optZ.py 15 0.32999999999999996 0.36 10 0.01200000000000001 0.024000000000000007 /p/QSOpt/NAEopt/optZ/runZn4k2resExtplus/part017/
0 /p/QSOpt/NAEopt/optZ/runZn4k2resExtplus/part017/
1 /p/QSOpt/NAEopt/optZ/runZn4k2resExtplus/part017/
2 /p/QSOpt/NAEopt/optZ/runZn4k2resExtplus/part017/
3 /p/QSOpt/NAEopt/optZ/runZn4k2resExtplus/part017/
4 /p/QSOpt/NAEopt/optZ/runZn4k2resExtplus/part017/
5 /p/QSOpt/NAEopt/optZ/runZn4k2resExtplus/part017/
6 /p/QSOpt/NAEopt/optZ/runZn4k2resExtplus/part017/
7 /p/QSOpt/NAEopt/optZ/runZn4k2resExtplus/part017/
8 /p/QSOpt/NAEopt/optZ/runZn4k2resExtplus/part017/
9 /p/QSOpt/NAEopt/optZ/runZn4k2resExtplus/part017/
0 /p/QSOpt/NAEopt/optZ/runZn4k2resExtplus/part017/
0 /p/QSOpt/NAEopt/optZ/runZn4k2resExtplus/part017/
1 /p/QSOpt/NAEopt/optZ/runZn4k2resExtplus/part017/
2 /p/QSOpt/NAEopt/optZ/runZn4k2resExtplus/part017/
3 /p/QSOpt/NAEopt/optZ/runZn4k2resExtplus/part017/
4 /p/QSOpt/NAEopt/optZ/runZn4k2resExtplus/part017/
5 /p/QSOpt/NAEopt/optZ/runZn4k2resExtplus/part017/
6 /p/QSOpt/NAEopt/optZ/runZn4k2resExtplus/part017/
7 /p/QSOpt/NAEopt/optZ/runZn4k2resExtplus/part017/
8 /p/QSOpt/NAEopt/optZ/runZn4k2resExtplus/part017/
9 /p/QSOpt/NAEopt/optZ/runZn4k2resExtplus/part017/
1 /p/QSOpt/NAEopt/optZ/runZn4k2resExtplus/part017/
0 /p/QSOpt/NAEopt/optZ/runZn4k2resExtplus/part017/
1 /p/QSOpt/NAEopt/optZ/runZn4k2resExtplus/part017/
2 /p/QSOpt/NAEopt/optZ/runZn4k2resExtplus/part017/
3 /p/QSOpt/NAEopt/optZ/runZn4k2resExtplus/part017/
4 /p/QSOpt/NAEopt/optZ/runZn4k2resExtplus/part017/
5 /p/QSOpt/NAEopt/optZ/runZn4k2resExtplus/part017/
6 /p/QSOpt/NAEopt/optZ/runZn4k2resExtplus/part017/
7 /p/QSOpt/NAEopt/optZ/runZn4k2resExtplus/part017/
8 /p/QSOpt/NAEopt/optZ/runZn4k2resExtplus/part017/
9 /p/QSOpt/NAEopt/optZ/runZn4k2resExtplus/part017/
2 /p/QSOpt/NAEopt/optZ/runZn4k2resExtplus/part017/
0 /p/QSOpt/NAEopt/optZ/runZn4k2resExtplus/part017/
1 /p/QSOpt/NAEopt/optZ/runZn4k2resExtplus/part017/
2 /p/QSOpt/NAEopt/optZ/runZn4k2resExtplus/part017/
3 /p/QSOpt/NAEopt/optZ/runZn4k2resExtplus/part017/
4 /p/QSOpt/NAEopt/optZ/runZn4k2resExtplus/part017/
5 /p/QSOpt/NAEopt/optZ/runZn4k2resExtplus/part017/
6 /p/QSOpt/NAEopt/optZ/runZn4k2resExtplus/part017/
7 /p/QSOpt/NAEopt/optZ/runZn4k2resExtplus/part017/
8 /p/QSOpt/NAEopt/optZ/runZn4k2resExtplus/part017/
9 /p/QSOpt/NAEopt/optZ/runZn4k2resExtplus/part017/
3 /p/QSOpt/NAEopt/optZ/runZn4k2resExtplus/part017/
0 /p/QSOpt/NAEopt/optZ/runZn4k2resExtplus/part017/
1 /p/QSOpt/NAEopt/optZ/runZn4k2resExtplus/part017/
2 /p/QSOpt/NAEopt/optZ/runZn4k2resExtplus/part017/
3 /p/QSOpt/NAEopt/optZ/runZn4k2resExtplus/part017/
4 /p/QSOpt/NAEopt/optZ/runZn4k2resExtplus/part017/
5 /p/QSOpt/NAEopt/optZ/runZn4k2resExtplus/part017/
6 /p/QSOpt/NAEopt/optZ/runZn4k2resExtplus/part017/
7 /p/QSOpt/NAEopt/optZ/runZn4k2resExtplus/part017/
8 /p/QSOpt/NAEopt/optZ/runZn4k2resExtplus/part017/
9 /p/QSOpt/NAEopt/optZ/runZn4k2resExtplus/part017/
4 /p/QSOpt/NAEopt/optZ/runZn4k2resExtplus/part017/
0 /p/QSOpt/NAEopt/optZ/runZn4k2resExtplus/part017/
1 /p/QSOpt/NAEopt/optZ/runZn4k2resExtplus/part017/
2 /p/QSOpt/NAEopt/optZ/runZn4k2resExtplus/part017/
3 /p/QSOpt/NAEopt/optZ/runZn4k2resExtplus/part017/
4 /p/QSOpt/NAEopt/optZ/runZn4k2resExtplus/part017/
5 /p/QSOpt/NAEopt/optZ/runZn4k2resExtplus/part017/
6 /p/QSOpt/NAEopt/optZ/runZn4k2resExtplus/part017/
7 /p/QSOpt/NAEopt/optZ/runZn4k2resExtplus/part017/
8 /p/QSOpt/NAEopt/optZ/runZn4k2resExtplus/part017/
9 /p/QSOpt/NAEopt/optZ/runZn4k2resExtplus/part017/
5 /p/QSOpt/NAEopt/optZ/runZn4k2resExtplus/part017/
0 /p/QSOpt/NAEopt/optZ/runZn4k2resExtplus/part017/
1 /p/QSOpt/NAEopt/optZ/runZn4k2resExtplus/part017/
2 /p/QSOpt/NAEopt/optZ/runZn4k2resExtplus/part017/
3 /p/QSOpt/NAEopt/optZ/runZn4k2resExtplus/part017/
4 /p/QSOpt/NAEopt/optZ/runZn4k2resExtplus/part017/
5 /p/QSOpt/NAEopt/optZ/runZn4k2resExtplus/part017/
6 /p/QSOpt/NAEopt/optZ/runZn4k2resExtplus/part017/
7 /p/QSOpt/NAEopt/optZ/runZn4k2resExtplus/part017/
8 /p/QSOpt/NAEopt/optZ/runZn4k2resExtplus/part017/
9 /p/QSOpt/NAEopt/optZ/runZn4k2resExtplus/part017/
6 /p/QSOpt/NAEopt/optZ/runZn4k2resExtplus/part017/
0 /p/QSOpt/NAEopt/optZ/runZn4k2resExtplus/part017/
1 /p/QSOpt/NAEopt/optZ/runZn4k2resExtplus/part017/
2 /p/QSOpt/NAEopt/optZ/runZn4k2resExtplus/part017/
3 /p/QSOpt/NAEopt/optZ/runZn4k2resExtplus/part017/
4 /p/QSOpt/NAEopt/optZ/runZn4k2resExtplus/part017/
5 /p/QSOpt/NAEopt/optZ/runZn4k2resExtplus/part017/
6 /p/QSOpt/NAEopt/optZ/runZn4k2resExtplus/part017/
7 /p/QSOpt/NAEopt/optZ/runZn4k2resExtplus/part017/
8 /p/QSOpt/NAEopt/optZ/runZn4k2resExtplus/part017/
9 /p/QSOpt/NAEopt/optZ/runZn4k2resExtplus/part017/
7 /p/QSOpt/NAEopt/optZ/runZn4k2resExtplus/part017/
0 /p/QSOpt/NAEopt/optZ/runZn4k2resExtplus/part017/
1 /p/QSOpt/NAEopt/optZ/runZn4k2resExtplus/part017/
2 /p/QSOpt/NAEopt/optZ/runZn4k2resExtplus/part017/
3 /p/QSOpt/NAEopt/optZ/runZn4k2resExtplus/part017/
4 /p/QSOpt/NAEopt/optZ/runZn4k2resExtplus/part017/
5 /p/QSOpt/NAEopt/optZ/runZn4k2resExtplus/part017/
6 /p/QSOpt/NAEopt/optZ/runZn4k2resExtplus/part017/
7 /p/QSOpt/NAEopt/optZ/runZn4k2resExtplus/part017/
8 /p/QSOpt/NAEopt/optZ/runZn4k2resExtplus/part017/
9 /p/QSOpt/NAEopt/optZ/runZn4k2resExtplus/part017/
8 /p/QSOpt/NAEopt/optZ/runZn4k2resExtplus/part017/
0 /p/QSOpt/NAEopt/optZ/runZn4k2resExtplus/part017/
1 /p/QSOpt/NAEopt/optZ/runZn4k2resExtplus/part017/
2 /p/QSOpt/NAEopt/optZ/runZn4k2resExtplus/part017/
3 /p/QSOpt/NAEopt/optZ/runZn4k2resExtplus/part017/
4 /p/QSOpt/NAEopt/optZ/runZn4k2resExtplus/part017/
5 /p/QSOpt/NAEopt/optZ/runZn4k2resExtplus/part017/
6 /p/QSOpt/NAEopt/optZ/runZn4k2resExtplus/part017/
7 /p/QSOpt/NAEopt/optZ/runZn4k2resExtplus/part017/
8 /p/QSOpt/NAEopt/optZ/runZn4k2resExtplus/part017/
9 /p/QSOpt/NAEopt/optZ/runZn4k2resExtplus/part017/
9 /p/QSOpt/NAEopt/optZ/runZn4k2resExtplus/part017/
0 /p/QSOpt/NAEopt/optZ/runZn4k2resExtplus/part017/
1 /p/QSOpt/NAEopt/optZ/runZn4k2resExtplus/part017/
2 /p/QSOpt/NAEopt/optZ/runZn4k2resExtplus/part017/
3 /p/QSOpt/NAEopt/optZ/runZn4k2resExtplus/part017/
4 /p/QSOpt/NAEopt/optZ/runZn4k2resExtplus/part017/
5 /p/QSOpt/NAEopt/optZ/runZn4k2resExtplus/part017/
6 /p/QSOpt/NAEopt/optZ/runZn4k2resExtplus/part017/
7 /p/QSOpt/NAEopt/optZ/runZn4k2resExtplus/part017/
8 /p/QSOpt/NAEopt/optZ/runZn4k2resExtplus/part017/
9 /p/QSOpt/NAEopt/optZ/runZn4k2resExtplus/part017/
10 /p/QSOpt/NAEopt/optZ/runZn4k2resExtplus/part017/
0 /p/QSOpt/NAEopt/optZ/runZn4k2resExtplus/part017/
1 /p/QSOpt/NAEopt/optZ/runZn4k2resExtplus/part017/
2 /p/QSOpt/NAEopt/optZ/runZn4k2resExtplus/part017/
3 /p/QSOpt/NAEopt/optZ/runZn4k2resExtplus/part017/
4 /p/QSOpt/NAEopt/optZ/runZn4k2resExtplus/part017/
5 /p/QSOpt/NAEopt/optZ/runZn4k2resExtplus/part017/
6 /p/QSOpt/NAEopt/optZ/runZn4k2resExtplus/part017/
7 /p/QSOpt/NAEopt/optZ/runZn4k2resExtplus/part017/
8 /p/QSOpt/NAEopt/optZ/runZn4k2resExtplus/part017/
9 /p/QSOpt/NAEopt/optZ/runZn4k2resExtplus/part017/
11 /p/QSOpt/NAEopt/optZ/runZn4k2resExtplus/part017/
0 /p/QSOpt/NAEopt/optZ/runZn4k2resExtplus/part017/
1 /p/QSOpt/NAEopt/optZ/runZn4k2resExtplus/part017/
2 /p/QSOpt/NAEopt/optZ/runZn4k2resExtplus/part017/
3 /p/QSOpt/NAEopt/optZ/runZn4k2resExtplus/part017/
4 /p/QSOpt/NAEopt/optZ/runZn4k2resExtplus/part017/
5 /p/QSOpt/NAEopt/optZ/runZn4k2resExtplus/part017/
6 /p/QSOpt/NAEopt/optZ/runZn4k2resExtplus/part017/
7 /p/QSOpt/NAEopt/optZ/runZn4k2resExtplus/part017/
8 /p/QSOpt/NAEopt/optZ/runZn4k2resExtplus/part017/
9 /p/QSOpt/NAEopt/optZ/runZn4k2resExtplus/part017/
12 /p/QSOpt/NAEopt/optZ/runZn4k2resExtplus/part017/
0 /p/QSOpt/NAEopt/optZ/runZn4k2resExtplus/part017/
1 /p/QSOpt/NAEopt/optZ/runZn4k2resExtplus/part017/
2 /p/QSOpt/NAEopt/optZ/runZn4k2resExtplus/part017/
3 /p/QSOpt/NAEopt/optZ/runZn4k2resExtplus/part017/
4 /p/QSOpt/NAEopt/optZ/runZn4k2resExtplus/part017/
5 /p/QSOpt/NAEopt/optZ/runZn4k2resExtplus/part017/
6 /p/QSOpt/NAEopt/optZ/runZn4k2resExtplus/part017/
7 /p/QSOpt/NAEopt/optZ/runZn4k2resExtplus/part017/
8 /p/QSOpt/NAEopt/optZ/runZn4k2resExtplus/part017/
9 /p/QSOpt/NAEopt/optZ/runZn4k2resExtplus/part017/
13 /p/QSOpt/NAEopt/optZ/runZn4k2resExtplus/part017/
0 /p/QSOpt/NAEopt/optZ/runZn4k2resExtplus/part017/
1 /p/QSOpt/NAEopt/optZ/runZn4k2resExtplus/part017/
2 /p/QSOpt/NAEopt/optZ/runZn4k2resExtplus/part017/
3 /p/QSOpt/NAEopt/optZ/runZn4k2resExtplus/part017/
4 /p/QSOpt/NAEopt/optZ/runZn4k2resExtplus/part017/
5 /p/QSOpt/NAEopt/optZ/runZn4k2resExtplus/part017/
6 /p/QSOpt/NAEopt/optZ/runZn4k2resExtplus/part017/
7 /p/QSOpt/NAEopt/optZ/runZn4k2resExtplus/part017/
8 /p/QSOpt/NAEopt/optZ/runZn4k2resExtplus/part017/
9 /p/QSOpt/NAEopt/optZ/runZn4k2resExtplus/part017/
14 /p/QSOpt/NAEopt/optZ/runZn4k2resExtplus/part017/
