python optAnhark2optZ.py 15 0.39 0.42 10 -0.06 -0.048 /p/QSOpt/NAEopt/optZ/runZn4k2resExtplus/part031/
0 /p/QSOpt/NAEopt/optZ/runZn4k2resExtplus/part031/
1 /p/QSOpt/NAEopt/optZ/runZn4k2resExtplus/part031/
2 /p/QSOpt/NAEopt/optZ/runZn4k2resExtplus/part031/
3 /p/QSOpt/NAEopt/optZ/runZn4k2resExtplus/part031/
4 /p/QSOpt/NAEopt/optZ/runZn4k2resExtplus/part031/
5 /p/QSOpt/NAEopt/optZ/runZn4k2resExtplus/part031/
6 /p/QSOpt/NAEopt/optZ/runZn4k2resExtplus/part031/
7 /p/QSOpt/NAEopt/optZ/runZn4k2resExtplus/part031/
8 /p/QSOpt/NAEopt/optZ/runZn4k2resExtplus/part031/
9 /p/QSOpt/NAEopt/optZ/runZn4k2resExtplus/part031/
0 /p/QSOpt/NAEopt/optZ/runZn4k2resExtplus/part031/
0 /p/QSOpt/NAEopt/optZ/runZn4k2resExtplus/part031/
1 /p/QSOpt/NAEopt/optZ/runZn4k2resExtplus/part031/
2 /p/QSOpt/NAEopt/optZ/runZn4k2resExtplus/part031/
3 /p/QSOpt/NAEopt/optZ/runZn4k2resExtplus/part031/
4 /p/QSOpt/NAEopt/optZ/runZn4k2resExtplus/part031/
5 /p/QSOpt/NAEopt/optZ/runZn4k2resExtplus/part031/
6 /p/QSOpt/NAEopt/optZ/runZn4k2resExtplus/part031/
7 /p/QSOpt/NAEopt/optZ/runZn4k2resExtplus/part031/
8 /p/QSOpt/NAEopt/optZ/runZn4k2resExtplus/part031/
9 /p/QSOpt/NAEopt/optZ/runZn4k2resExtplus/part031/
1 /p/QSOpt/NAEopt/optZ/runZn4k2resExtplus/part031/
0 /p/QSOpt/NAEopt/optZ/runZn4k2resExtplus/part031/
1 /p/QSOpt/NAEopt/optZ/runZn4k2resExtplus/part031/
2 /p/QSOpt/NAEopt/optZ/runZn4k2resExtplus/part031/
3 /p/QSOpt/NAEopt/optZ/runZn4k2resExtplus/part031/
4 /p/QSOpt/NAEopt/optZ/runZn4k2resExtplus/part031/
5 /p/QSOpt/NAEopt/optZ/runZn4k2resExtplus/part031/
6 /p/QSOpt/NAEopt/optZ/runZn4k2resExtplus/part031/
7 /p/QSOpt/NAEopt/optZ/runZn4k2resExtplus/part031/
8 /p/QSOpt/NAEopt/optZ/runZn4k2resExtplus/part031/
9 /p/QSOpt/NAEopt/optZ/runZn4k2resExtplus/part031/
2 /p/QSOpt/NAEopt/optZ/runZn4k2resExtplus/part031/
0 /p/QSOpt/NAEopt/optZ/runZn4k2resExtplus/part031/
1 /p/QSOpt/NAEopt/optZ/runZn4k2resExtplus/part031/
2 /p/QSOpt/NAEopt/optZ/runZn4k2resExtplus/part031/
3 /p/QSOpt/NAEopt/optZ/runZn4k2resExtplus/part031/
4 /p/QSOpt/NAEopt/optZ/runZn4k2resExtplus/part031/
5 /p/QSOpt/NAEopt/optZ/runZn4k2resExtplus/part031/
6 /p/QSOpt/NAEopt/optZ/runZn4k2resExtplus/part031/
7 /p/QSOpt/NAEopt/optZ/runZn4k2resExtplus/part031/
8 /p/QSOpt/NAEopt/optZ/runZn4k2resExtplus/part031/
9 /p/QSOpt/NAEopt/optZ/runZn4k2resExtplus/part031/
3 /p/QSOpt/NAEopt/optZ/runZn4k2resExtplus/part031/
0 /p/QSOpt/NAEopt/optZ/runZn4k2resExtplus/part031/
1 /p/QSOpt/NAEopt/optZ/runZn4k2resExtplus/part031/
2 /p/QSOpt/NAEopt/optZ/runZn4k2resExtplus/part031/
3 /p/QSOpt/NAEopt/optZ/runZn4k2resExtplus/part031/
4 /p/QSOpt/NAEopt/optZ/runZn4k2resExtplus/part031/
5 /p/QSOpt/NAEopt/optZ/runZn4k2resExtplus/part031/
6 /p/QSOpt/NAEopt/optZ/runZn4k2resExtplus/part031/
7 /p/QSOpt/NAEopt/optZ/runZn4k2resExtplus/part031/
8 /p/QSOpt/NAEopt/optZ/runZn4k2resExtplus/part031/
9 /p/QSOpt/NAEopt/optZ/runZn4k2resExtplus/part031/
4 /p/QSOpt/NAEopt/optZ/runZn4k2resExtplus/part031/
0 /p/QSOpt/NAEopt/optZ/runZn4k2resExtplus/part031/
1 /p/QSOpt/NAEopt/optZ/runZn4k2resExtplus/part031/
2 /p/QSOpt/NAEopt/optZ/runZn4k2resExtplus/part031/
3 /p/QSOpt/NAEopt/optZ/runZn4k2resExtplus/part031/
4 /p/QSOpt/NAEopt/optZ/runZn4k2resExtplus/part031/
5 /p/QSOpt/NAEopt/optZ/runZn4k2resExtplus/part031/
6 /p/QSOpt/NAEopt/optZ/runZn4k2resExtplus/part031/
7 /p/QSOpt/NAEopt/optZ/runZn4k2resExtplus/part031/
8 /p/QSOpt/NAEopt/optZ/runZn4k2resExtplus/part031/
9 /p/QSOpt/NAEopt/optZ/runZn4k2resExtplus/part031/
5 /p/QSOpt/NAEopt/optZ/runZn4k2resExtplus/part031/
0 /p/QSOpt/NAEopt/optZ/runZn4k2resExtplus/part031/
1 /p/QSOpt/NAEopt/optZ/runZn4k2resExtplus/part031/
2 /p/QSOpt/NAEopt/optZ/runZn4k2resExtplus/part031/
3 /p/QSOpt/NAEopt/optZ/runZn4k2resExtplus/part031/
4 /p/QSOpt/NAEopt/optZ/runZn4k2resExtplus/part031/
5 /p/QSOpt/NAEopt/optZ/runZn4k2resExtplus/part031/
6 /p/QSOpt/NAEopt/optZ/runZn4k2resExtplus/part031/
7 /p/QSOpt/NAEopt/optZ/runZn4k2resExtplus/part031/
8 /p/QSOpt/NAEopt/optZ/runZn4k2resExtplus/part031/
9 /p/QSOpt/NAEopt/optZ/runZn4k2resExtplus/part031/
6 /p/QSOpt/NAEopt/optZ/runZn4k2resExtplus/part031/
0 /p/QSOpt/NAEopt/optZ/runZn4k2resExtplus/part031/
1 /p/QSOpt/NAEopt/optZ/runZn4k2resExtplus/part031/
2 /p/QSOpt/NAEopt/optZ/runZn4k2resExtplus/part031/
3 /p/QSOpt/NAEopt/optZ/runZn4k2resExtplus/part031/
4 /p/QSOpt/NAEopt/optZ/runZn4k2resExtplus/part031/
5 /p/QSOpt/NAEopt/optZ/runZn4k2resExtplus/part031/
6 /p/QSOpt/NAEopt/optZ/runZn4k2resExtplus/part031/
7 /p/QSOpt/NAEopt/optZ/runZn4k2resExtplus/part031/
8 /p/QSOpt/NAEopt/optZ/runZn4k2resExtplus/part031/
9 /p/QSOpt/NAEopt/optZ/runZn4k2resExtplus/part031/
7 /p/QSOpt/NAEopt/optZ/runZn4k2resExtplus/part031/
0 /p/QSOpt/NAEopt/optZ/runZn4k2resExtplus/part031/
1 /p/QSOpt/NAEopt/optZ/runZn4k2resExtplus/part031/
2 /p/QSOpt/NAEopt/optZ/runZn4k2resExtplus/part031/
3 /p/QSOpt/NAEopt/optZ/runZn4k2resExtplus/part031/
4 /p/QSOpt/NAEopt/optZ/runZn4k2resExtplus/part031/
5 /p/QSOpt/NAEopt/optZ/runZn4k2resExtplus/part031/
6 /p/QSOpt/NAEopt/optZ/runZn4k2resExtplus/part031/
7 /p/QSOpt/NAEopt/optZ/runZn4k2resExtplus/part031/
8 /p/QSOpt/NAEopt/optZ/runZn4k2resExtplus/part031/
9 /p/QSOpt/NAEopt/optZ/runZn4k2resExtplus/part031/
8 /p/QSOpt/NAEopt/optZ/runZn4k2resExtplus/part031/
0 /p/QSOpt/NAEopt/optZ/runZn4k2resExtplus/part031/
1 /p/QSOpt/NAEopt/optZ/runZn4k2resExtplus/part031/
2 /p/QSOpt/NAEopt/optZ/runZn4k2resExtplus/part031/
3 /p/QSOpt/NAEopt/optZ/runZn4k2resExtplus/part031/
4 /p/QSOpt/NAEopt/optZ/runZn4k2resExtplus/part031/
5 /p/QSOpt/NAEopt/optZ/runZn4k2resExtplus/part031/
6 /p/QSOpt/NAEopt/optZ/runZn4k2resExtplus/part031/
7 /p/QSOpt/NAEopt/optZ/runZn4k2resExtplus/part031/
8 /p/QSOpt/NAEopt/optZ/runZn4k2resExtplus/part031/
9 /p/QSOpt/NAEopt/optZ/runZn4k2resExtplus/part031/
9 /p/QSOpt/NAEopt/optZ/runZn4k2resExtplus/part031/
0 /p/QSOpt/NAEopt/optZ/runZn4k2resExtplus/part031/
1 /p/QSOpt/NAEopt/optZ/runZn4k2resExtplus/part031/
2 /p/QSOpt/NAEopt/optZ/runZn4k2resExtplus/part031/
3 /p/QSOpt/NAEopt/optZ/runZn4k2resExtplus/part031/
4 /p/QSOpt/NAEopt/optZ/runZn4k2resExtplus/part031/
5 /p/QSOpt/NAEopt/optZ/runZn4k2resExtplus/part031/
6 /p/QSOpt/NAEopt/optZ/runZn4k2resExtplus/part031/
7 /p/QSOpt/NAEopt/optZ/runZn4k2resExtplus/part031/
8 /p/QSOpt/NAEopt/optZ/runZn4k2resExtplus/part031/
9 /p/QSOpt/NAEopt/optZ/runZn4k2resExtplus/part031/
10 /p/QSOpt/NAEopt/optZ/runZn4k2resExtplus/part031/
0 /p/QSOpt/NAEopt/optZ/runZn4k2resExtplus/part031/
1 /p/QSOpt/NAEopt/optZ/runZn4k2resExtplus/part031/
2 /p/QSOpt/NAEopt/optZ/runZn4k2resExtplus/part031/
3 /p/QSOpt/NAEopt/optZ/runZn4k2resExtplus/part031/
4 /p/QSOpt/NAEopt/optZ/runZn4k2resExtplus/part031/
5 /p/QSOpt/NAEopt/optZ/runZn4k2resExtplus/part031/
6 /p/QSOpt/NAEopt/optZ/runZn4k2resExtplus/part031/
7 /p/QSOpt/NAEopt/optZ/runZn4k2resExtplus/part031/
8 /p/QSOpt/NAEopt/optZ/runZn4k2resExtplus/part031/
9 /p/QSOpt/NAEopt/optZ/runZn4k2resExtplus/part031/
11 /p/QSOpt/NAEopt/optZ/runZn4k2resExtplus/part031/
0 /p/QSOpt/NAEopt/optZ/runZn4k2resExtplus/part031/
1 /p/QSOpt/NAEopt/optZ/runZn4k2resExtplus/part031/
2 /p/QSOpt/NAEopt/optZ/runZn4k2resExtplus/part031/
3 /p/QSOpt/NAEopt/optZ/runZn4k2resExtplus/part031/
4 /p/QSOpt/NAEopt/optZ/runZn4k2resExtplus/part031/
5 /p/QSOpt/NAEopt/optZ/runZn4k2resExtplus/part031/
6 /p/QSOpt/NAEopt/optZ/runZn4k2resExtplus/part031/
7 /p/QSOpt/NAEopt/optZ/runZn4k2resExtplus/part031/
8 /p/QSOpt/NAEopt/optZ/runZn4k2resExtplus/part031/
9 /p/QSOpt/NAEopt/optZ/runZn4k2resExtplus/part031/
12 /p/QSOpt/NAEopt/optZ/runZn4k2resExtplus/part031/
0 /p/QSOpt/NAEopt/optZ/runZn4k2resExtplus/part031/
1 /p/QSOpt/NAEopt/optZ/runZn4k2resExtplus/part031/
2 /p/QSOpt/NAEopt/optZ/runZn4k2resExtplus/part031/
3 /p/QSOpt/NAEopt/optZ/runZn4k2resExtplus/part031/
4 /p/QSOpt/NAEopt/optZ/runZn4k2resExtplus/part031/
5 /p/QSOpt/NAEopt/optZ/runZn4k2resExtplus/part031/
6 /p/QSOpt/NAEopt/optZ/runZn4k2resExtplus/part031/
7 /p/QSOpt/NAEopt/optZ/runZn4k2resExtplus/part031/
8 /p/QSOpt/NAEopt/optZ/runZn4k2resExtplus/part031/
9 /p/QSOpt/NAEopt/optZ/runZn4k2resExtplus/part031/
13 /p/QSOpt/NAEopt/optZ/runZn4k2resExtplus/part031/
0 /p/QSOpt/NAEopt/optZ/runZn4k2resExtplus/part031/
1 /p/QSOpt/NAEopt/optZ/runZn4k2resExtplus/part031/
2 /p/QSOpt/NAEopt/optZ/runZn4k2resExtplus/part031/
3 /p/QSOpt/NAEopt/optZ/runZn4k2resExtplus/part031/
4 /p/QSOpt/NAEopt/optZ/runZn4k2resExtplus/part031/
5 /p/QSOpt/NAEopt/optZ/runZn4k2resExtplus/part031/
6 /p/QSOpt/NAEopt/optZ/runZn4k2resExtplus/part031/
7 /p/QSOpt/NAEopt/optZ/runZn4k2resExtplus/part031/
8 /p/QSOpt/NAEopt/optZ/runZn4k2resExtplus/part031/
9 /p/QSOpt/NAEopt/optZ/runZn4k2resExtplus/part031/
14 /p/QSOpt/NAEopt/optZ/runZn4k2resExtplus/part031/
