python optAnhark2optZ.py 15 0.48 0.51 10 0.0 0.01200000000000001 /p/QSOpt/NAEopt/optZ/runZn4k2resExtplus/part066/
0 /p/QSOpt/NAEopt/optZ/runZn4k2resExtplus/part066/
1 /p/QSOpt/NAEopt/optZ/runZn4k2resExtplus/part066/
2 /p/QSOpt/NAEopt/optZ/runZn4k2resExtplus/part066/
3 /p/QSOpt/NAEopt/optZ/runZn4k2resExtplus/part066/
4 /p/QSOpt/NAEopt/optZ/runZn4k2resExtplus/part066/
5 /p/QSOpt/NAEopt/optZ/runZn4k2resExtplus/part066/
6 /p/QSOpt/NAEopt/optZ/runZn4k2resExtplus/part066/
7 /p/QSOpt/NAEopt/optZ/runZn4k2resExtplus/part066/
8 /p/QSOpt/NAEopt/optZ/runZn4k2resExtplus/part066/
9 /p/QSOpt/NAEopt/optZ/runZn4k2resExtplus/part066/
0 /p/QSOpt/NAEopt/optZ/runZn4k2resExtplus/part066/
0 /p/QSOpt/NAEopt/optZ/runZn4k2resExtplus/part066/
1 /p/QSOpt/NAEopt/optZ/runZn4k2resExtplus/part066/
2 /p/QSOpt/NAEopt/optZ/runZn4k2resExtplus/part066/
3 /p/QSOpt/NAEopt/optZ/runZn4k2resExtplus/part066/
4 /p/QSOpt/NAEopt/optZ/runZn4k2resExtplus/part066/
5 /p/QSOpt/NAEopt/optZ/runZn4k2resExtplus/part066/
6 /p/QSOpt/NAEopt/optZ/runZn4k2resExtplus/part066/
7 /p/QSOpt/NAEopt/optZ/runZn4k2resExtplus/part066/
8 /p/QSOpt/NAEopt/optZ/runZn4k2resExtplus/part066/
9 /p/QSOpt/NAEopt/optZ/runZn4k2resExtplus/part066/
1 /p/QSOpt/NAEopt/optZ/runZn4k2resExtplus/part066/
0 /p/QSOpt/NAEopt/optZ/runZn4k2resExtplus/part066/
1 /p/QSOpt/NAEopt/optZ/runZn4k2resExtplus/part066/
2 /p/QSOpt/NAEopt/optZ/runZn4k2resExtplus/part066/
3 /p/QSOpt/NAEopt/optZ/runZn4k2resExtplus/part066/
4 /p/QSOpt/NAEopt/optZ/runZn4k2resExtplus/part066/
5 /p/QSOpt/NAEopt/optZ/runZn4k2resExtplus/part066/
6 /p/QSOpt/NAEopt/optZ/runZn4k2resExtplus/part066/
7 /p/QSOpt/NAEopt/optZ/runZn4k2resExtplus/part066/
8 /p/QSOpt/NAEopt/optZ/runZn4k2resExtplus/part066/
9 /p/QSOpt/NAEopt/optZ/runZn4k2resExtplus/part066/
2 /p/QSOpt/NAEopt/optZ/runZn4k2resExtplus/part066/
0 /p/QSOpt/NAEopt/optZ/runZn4k2resExtplus/part066/
1 /p/QSOpt/NAEopt/optZ/runZn4k2resExtplus/part066/
2 /p/QSOpt/NAEopt/optZ/runZn4k2resExtplus/part066/
3 /p/QSOpt/NAEopt/optZ/runZn4k2resExtplus/part066/
4 /p/QSOpt/NAEopt/optZ/runZn4k2resExtplus/part066/
5 /p/QSOpt/NAEopt/optZ/runZn4k2resExtplus/part066/
6 /p/QSOpt/NAEopt/optZ/runZn4k2resExtplus/part066/
7 /p/QSOpt/NAEopt/optZ/runZn4k2resExtplus/part066/
8 /p/QSOpt/NAEopt/optZ/runZn4k2resExtplus/part066/
9 /p/QSOpt/NAEopt/optZ/runZn4k2resExtplus/part066/
3 /p/QSOpt/NAEopt/optZ/runZn4k2resExtplus/part066/
0 /p/QSOpt/NAEopt/optZ/runZn4k2resExtplus/part066/
1 /p/QSOpt/NAEopt/optZ/runZn4k2resExtplus/part066/
2 /p/QSOpt/NAEopt/optZ/runZn4k2resExtplus/part066/
3 /p/QSOpt/NAEopt/optZ/runZn4k2resExtplus/part066/
4 /p/QSOpt/NAEopt/optZ/runZn4k2resExtplus/part066/
5 /p/QSOpt/NAEopt/optZ/runZn4k2resExtplus/part066/
6 /p/QSOpt/NAEopt/optZ/runZn4k2resExtplus/part066/
7 /p/QSOpt/NAEopt/optZ/runZn4k2resExtplus/part066/
8 /p/QSOpt/NAEopt/optZ/runZn4k2resExtplus/part066/
9 /p/QSOpt/NAEopt/optZ/runZn4k2resExtplus/part066/
4 /p/QSOpt/NAEopt/optZ/runZn4k2resExtplus/part066/
0 /p/QSOpt/NAEopt/optZ/runZn4k2resExtplus/part066/
1 /p/QSOpt/NAEopt/optZ/runZn4k2resExtplus/part066/
2 /p/QSOpt/NAEopt/optZ/runZn4k2resExtplus/part066/
3 /p/QSOpt/NAEopt/optZ/runZn4k2resExtplus/part066/
4 /p/QSOpt/NAEopt/optZ/runZn4k2resExtplus/part066/
5 /p/QSOpt/NAEopt/optZ/runZn4k2resExtplus/part066/
6 /p/QSOpt/NAEopt/optZ/runZn4k2resExtplus/part066/
7 /p/QSOpt/NAEopt/optZ/runZn4k2resExtplus/part066/
8 /p/QSOpt/NAEopt/optZ/runZn4k2resExtplus/part066/
9 /p/QSOpt/NAEopt/optZ/runZn4k2resExtplus/part066/
5 /p/QSOpt/NAEopt/optZ/runZn4k2resExtplus/part066/
0 /p/QSOpt/NAEopt/optZ/runZn4k2resExtplus/part066/
1 /p/QSOpt/NAEopt/optZ/runZn4k2resExtplus/part066/
2 /p/QSOpt/NAEopt/optZ/runZn4k2resExtplus/part066/
3 /p/QSOpt/NAEopt/optZ/runZn4k2resExtplus/part066/
4 /p/QSOpt/NAEopt/optZ/runZn4k2resExtplus/part066/
5 /p/QSOpt/NAEopt/optZ/runZn4k2resExtplus/part066/
6 /p/QSOpt/NAEopt/optZ/runZn4k2resExtplus/part066/
7 /p/QSOpt/NAEopt/optZ/runZn4k2resExtplus/part066/
8 /p/QSOpt/NAEopt/optZ/runZn4k2resExtplus/part066/
9 /p/QSOpt/NAEopt/optZ/runZn4k2resExtplus/part066/
6 /p/QSOpt/NAEopt/optZ/runZn4k2resExtplus/part066/
0 /p/QSOpt/NAEopt/optZ/runZn4k2resExtplus/part066/
1 /p/QSOpt/NAEopt/optZ/runZn4k2resExtplus/part066/
2 /p/QSOpt/NAEopt/optZ/runZn4k2resExtplus/part066/
3 /p/QSOpt/NAEopt/optZ/runZn4k2resExtplus/part066/
4 /p/QSOpt/NAEopt/optZ/runZn4k2resExtplus/part066/
5 /p/QSOpt/NAEopt/optZ/runZn4k2resExtplus/part066/
6 /p/QSOpt/NAEopt/optZ/runZn4k2resExtplus/part066/
7 /p/QSOpt/NAEopt/optZ/runZn4k2resExtplus/part066/
8 /p/QSOpt/NAEopt/optZ/runZn4k2resExtplus/part066/
9 /p/QSOpt/NAEopt/optZ/runZn4k2resExtplus/part066/
7 /p/QSOpt/NAEopt/optZ/runZn4k2resExtplus/part066/
0 /p/QSOpt/NAEopt/optZ/runZn4k2resExtplus/part066/
1 /p/QSOpt/NAEopt/optZ/runZn4k2resExtplus/part066/
2 /p/QSOpt/NAEopt/optZ/runZn4k2resExtplus/part066/
3 /p/QSOpt/NAEopt/optZ/runZn4k2resExtplus/part066/
4 /p/QSOpt/NAEopt/optZ/runZn4k2resExtplus/part066/
5 /p/QSOpt/NAEopt/optZ/runZn4k2resExtplus/part066/
6 /p/QSOpt/NAEopt/optZ/runZn4k2resExtplus/part066/
7 /p/QSOpt/NAEopt/optZ/runZn4k2resExtplus/part066/
8 /p/QSOpt/NAEopt/optZ/runZn4k2resExtplus/part066/
9 /p/QSOpt/NAEopt/optZ/runZn4k2resExtplus/part066/
8 /p/QSOpt/NAEopt/optZ/runZn4k2resExtplus/part066/
0 /p/QSOpt/NAEopt/optZ/runZn4k2resExtplus/part066/
1 /p/QSOpt/NAEopt/optZ/runZn4k2resExtplus/part066/
2 /p/QSOpt/NAEopt/optZ/runZn4k2resExtplus/part066/
3 /p/QSOpt/NAEopt/optZ/runZn4k2resExtplus/part066/
4 /p/QSOpt/NAEopt/optZ/runZn4k2resExtplus/part066/
5 /p/QSOpt/NAEopt/optZ/runZn4k2resExtplus/part066/
6 /p/QSOpt/NAEopt/optZ/runZn4k2resExtplus/part066/
7 /p/QSOpt/NAEopt/optZ/runZn4k2resExtplus/part066/
8 /p/QSOpt/NAEopt/optZ/runZn4k2resExtplus/part066/
9 /p/QSOpt/NAEopt/optZ/runZn4k2resExtplus/part066/
9 /p/QSOpt/NAEopt/optZ/runZn4k2resExtplus/part066/
0 /p/QSOpt/NAEopt/optZ/runZn4k2resExtplus/part066/
1 /p/QSOpt/NAEopt/optZ/runZn4k2resExtplus/part066/
2 /p/QSOpt/NAEopt/optZ/runZn4k2resExtplus/part066/
3 /p/QSOpt/NAEopt/optZ/runZn4k2resExtplus/part066/
4 /p/QSOpt/NAEopt/optZ/runZn4k2resExtplus/part066/
5 /p/QSOpt/NAEopt/optZ/runZn4k2resExtplus/part066/
6 /p/QSOpt/NAEopt/optZ/runZn4k2resExtplus/part066/
7 /p/QSOpt/NAEopt/optZ/runZn4k2resExtplus/part066/
8 /p/QSOpt/NAEopt/optZ/runZn4k2resExtplus/part066/
9 /p/QSOpt/NAEopt/optZ/runZn4k2resExtplus/part066/
10 /p/QSOpt/NAEopt/optZ/runZn4k2resExtplus/part066/
0 /p/QSOpt/NAEopt/optZ/runZn4k2resExtplus/part066/
1 /p/QSOpt/NAEopt/optZ/runZn4k2resExtplus/part066/
2 /p/QSOpt/NAEopt/optZ/runZn4k2resExtplus/part066/
3 /p/QSOpt/NAEopt/optZ/runZn4k2resExtplus/part066/
4 /p/QSOpt/NAEopt/optZ/runZn4k2resExtplus/part066/
5 /p/QSOpt/NAEopt/optZ/runZn4k2resExtplus/part066/
6 /p/QSOpt/NAEopt/optZ/runZn4k2resExtplus/part066/
7 /p/QSOpt/NAEopt/optZ/runZn4k2resExtplus/part066/
8 /p/QSOpt/NAEopt/optZ/runZn4k2resExtplus/part066/
9 /p/QSOpt/NAEopt/optZ/runZn4k2resExtplus/part066/
11 /p/QSOpt/NAEopt/optZ/runZn4k2resExtplus/part066/
0 /p/QSOpt/NAEopt/optZ/runZn4k2resExtplus/part066/
1 /p/QSOpt/NAEopt/optZ/runZn4k2resExtplus/part066/
2 /p/QSOpt/NAEopt/optZ/runZn4k2resExtplus/part066/
3 /p/QSOpt/NAEopt/optZ/runZn4k2resExtplus/part066/
4 /p/QSOpt/NAEopt/optZ/runZn4k2resExtplus/part066/
5 /p/QSOpt/NAEopt/optZ/runZn4k2resExtplus/part066/
6 /p/QSOpt/NAEopt/optZ/runZn4k2resExtplus/part066/
7 /p/QSOpt/NAEopt/optZ/runZn4k2resExtplus/part066/
8 /p/QSOpt/NAEopt/optZ/runZn4k2resExtplus/part066/
9 /p/QSOpt/NAEopt/optZ/runZn4k2resExtplus/part066/
12 /p/QSOpt/NAEopt/optZ/runZn4k2resExtplus/part066/
0 /p/QSOpt/NAEopt/optZ/runZn4k2resExtplus/part066/
1 /p/QSOpt/NAEopt/optZ/runZn4k2resExtplus/part066/
2 /p/QSOpt/NAEopt/optZ/runZn4k2resExtplus/part066/
3 /p/QSOpt/NAEopt/optZ/runZn4k2resExtplus/part066/
4 /p/QSOpt/NAEopt/optZ/runZn4k2resExtplus/part066/
5 /p/QSOpt/NAEopt/optZ/runZn4k2resExtplus/part066/
6 /p/QSOpt/NAEopt/optZ/runZn4k2resExtplus/part066/
7 /p/QSOpt/NAEopt/optZ/runZn4k2resExtplus/part066/
8 /p/QSOpt/NAEopt/optZ/runZn4k2resExtplus/part066/
9 /p/QSOpt/NAEopt/optZ/runZn4k2resExtplus/part066/
13 /p/QSOpt/NAEopt/optZ/runZn4k2resExtplus/part066/
0 /p/QSOpt/NAEopt/optZ/runZn4k2resExtplus/part066/
1 /p/QSOpt/NAEopt/optZ/runZn4k2resExtplus/part066/
2 /p/QSOpt/NAEopt/optZ/runZn4k2resExtplus/part066/
3 /p/QSOpt/NAEopt/optZ/runZn4k2resExtplus/part066/
4 /p/QSOpt/NAEopt/optZ/runZn4k2resExtplus/part066/
5 /p/QSOpt/NAEopt/optZ/runZn4k2resExtplus/part066/
6 /p/QSOpt/NAEopt/optZ/runZn4k2resExtplus/part066/
7 /p/QSOpt/NAEopt/optZ/runZn4k2resExtplus/part066/
8 /p/QSOpt/NAEopt/optZ/runZn4k2resExtplus/part066/
9 /p/QSOpt/NAEopt/optZ/runZn4k2resExtplus/part066/
14 /p/QSOpt/NAEopt/optZ/runZn4k2resExtplus/part066/
