python optAnhark2optZ.py 15 0.42 0.44999999999999996 10 -0.048 -0.036 /p/QSOpt/NAEopt/optZ/runZn4k2resExtplus/part042/
0 /p/QSOpt/NAEopt/optZ/runZn4k2resExtplus/part042/
1 /p/QSOpt/NAEopt/optZ/runZn4k2resExtplus/part042/
2 /p/QSOpt/NAEopt/optZ/runZn4k2resExtplus/part042/
3 /p/QSOpt/NAEopt/optZ/runZn4k2resExtplus/part042/
4 /p/QSOpt/NAEopt/optZ/runZn4k2resExtplus/part042/
5 /p/QSOpt/NAEopt/optZ/runZn4k2resExtplus/part042/
6 /p/QSOpt/NAEopt/optZ/runZn4k2resExtplus/part042/
7 /p/QSOpt/NAEopt/optZ/runZn4k2resExtplus/part042/
8 /p/QSOpt/NAEopt/optZ/runZn4k2resExtplus/part042/
9 /p/QSOpt/NAEopt/optZ/runZn4k2resExtplus/part042/
0 /p/QSOpt/NAEopt/optZ/runZn4k2resExtplus/part042/
0 /p/QSOpt/NAEopt/optZ/runZn4k2resExtplus/part042/
1 /p/QSOpt/NAEopt/optZ/runZn4k2resExtplus/part042/
2 /p/QSOpt/NAEopt/optZ/runZn4k2resExtplus/part042/
3 /p/QSOpt/NAEopt/optZ/runZn4k2resExtplus/part042/
4 /p/QSOpt/NAEopt/optZ/runZn4k2resExtplus/part042/
5 /p/QSOpt/NAEopt/optZ/runZn4k2resExtplus/part042/
6 /p/QSOpt/NAEopt/optZ/runZn4k2resExtplus/part042/
7 /p/QSOpt/NAEopt/optZ/runZn4k2resExtplus/part042/
8 /p/QSOpt/NAEopt/optZ/runZn4k2resExtplus/part042/
9 /p/QSOpt/NAEopt/optZ/runZn4k2resExtplus/part042/
1 /p/QSOpt/NAEopt/optZ/runZn4k2resExtplus/part042/
0 /p/QSOpt/NAEopt/optZ/runZn4k2resExtplus/part042/
1 /p/QSOpt/NAEopt/optZ/runZn4k2resExtplus/part042/
2 /p/QSOpt/NAEopt/optZ/runZn4k2resExtplus/part042/
3 /p/QSOpt/NAEopt/optZ/runZn4k2resExtplus/part042/
4 /p/QSOpt/NAEopt/optZ/runZn4k2resExtplus/part042/
5 /p/QSOpt/NAEopt/optZ/runZn4k2resExtplus/part042/
6 /p/QSOpt/NAEopt/optZ/runZn4k2resExtplus/part042/
7 /p/QSOpt/NAEopt/optZ/runZn4k2resExtplus/part042/
8 /p/QSOpt/NAEopt/optZ/runZn4k2resExtplus/part042/
9 /p/QSOpt/NAEopt/optZ/runZn4k2resExtplus/part042/
2 /p/QSOpt/NAEopt/optZ/runZn4k2resExtplus/part042/
0 /p/QSOpt/NAEopt/optZ/runZn4k2resExtplus/part042/
1 /p/QSOpt/NAEopt/optZ/runZn4k2resExtplus/part042/
2 /p/QSOpt/NAEopt/optZ/runZn4k2resExtplus/part042/
3 /p/QSOpt/NAEopt/optZ/runZn4k2resExtplus/part042/
4 /p/QSOpt/NAEopt/optZ/runZn4k2resExtplus/part042/
5 /p/QSOpt/NAEopt/optZ/runZn4k2resExtplus/part042/
6 /p/QSOpt/NAEopt/optZ/runZn4k2resExtplus/part042/
7 /p/QSOpt/NAEopt/optZ/runZn4k2resExtplus/part042/
8 /p/QSOpt/NAEopt/optZ/runZn4k2resExtplus/part042/
9 /p/QSOpt/NAEopt/optZ/runZn4k2resExtplus/part042/
3 /p/QSOpt/NAEopt/optZ/runZn4k2resExtplus/part042/
0 /p/QSOpt/NAEopt/optZ/runZn4k2resExtplus/part042/
1 /p/QSOpt/NAEopt/optZ/runZn4k2resExtplus/part042/
2 /p/QSOpt/NAEopt/optZ/runZn4k2resExtplus/part042/
3 /p/QSOpt/NAEopt/optZ/runZn4k2resExtplus/part042/
4 /p/QSOpt/NAEopt/optZ/runZn4k2resExtplus/part042/
5 /p/QSOpt/NAEopt/optZ/runZn4k2resExtplus/part042/
6 /p/QSOpt/NAEopt/optZ/runZn4k2resExtplus/part042/
7 /p/QSOpt/NAEopt/optZ/runZn4k2resExtplus/part042/
8 /p/QSOpt/NAEopt/optZ/runZn4k2resExtplus/part042/
9 /p/QSOpt/NAEopt/optZ/runZn4k2resExtplus/part042/
4 /p/QSOpt/NAEopt/optZ/runZn4k2resExtplus/part042/
0 /p/QSOpt/NAEopt/optZ/runZn4k2resExtplus/part042/
1 /p/QSOpt/NAEopt/optZ/runZn4k2resExtplus/part042/
2 /p/QSOpt/NAEopt/optZ/runZn4k2resExtplus/part042/
3 /p/QSOpt/NAEopt/optZ/runZn4k2resExtplus/part042/
4 /p/QSOpt/NAEopt/optZ/runZn4k2resExtplus/part042/
5 /p/QSOpt/NAEopt/optZ/runZn4k2resExtplus/part042/
6 /p/QSOpt/NAEopt/optZ/runZn4k2resExtplus/part042/
7 /p/QSOpt/NAEopt/optZ/runZn4k2resExtplus/part042/
8 /p/QSOpt/NAEopt/optZ/runZn4k2resExtplus/part042/
9 /p/QSOpt/NAEopt/optZ/runZn4k2resExtplus/part042/
5 /p/QSOpt/NAEopt/optZ/runZn4k2resExtplus/part042/
0 /p/QSOpt/NAEopt/optZ/runZn4k2resExtplus/part042/
1 /p/QSOpt/NAEopt/optZ/runZn4k2resExtplus/part042/
2 /p/QSOpt/NAEopt/optZ/runZn4k2resExtplus/part042/
3 /p/QSOpt/NAEopt/optZ/runZn4k2resExtplus/part042/
4 /p/QSOpt/NAEopt/optZ/runZn4k2resExtplus/part042/
5 /p/QSOpt/NAEopt/optZ/runZn4k2resExtplus/part042/
6 /p/QSOpt/NAEopt/optZ/runZn4k2resExtplus/part042/
7 /p/QSOpt/NAEopt/optZ/runZn4k2resExtplus/part042/
8 /p/QSOpt/NAEopt/optZ/runZn4k2resExtplus/part042/
9 /p/QSOpt/NAEopt/optZ/runZn4k2resExtplus/part042/
6 /p/QSOpt/NAEopt/optZ/runZn4k2resExtplus/part042/
0 /p/QSOpt/NAEopt/optZ/runZn4k2resExtplus/part042/
1 /p/QSOpt/NAEopt/optZ/runZn4k2resExtplus/part042/
2 /p/QSOpt/NAEopt/optZ/runZn4k2resExtplus/part042/
3 /p/QSOpt/NAEopt/optZ/runZn4k2resExtplus/part042/
4 /p/QSOpt/NAEopt/optZ/runZn4k2resExtplus/part042/
5 /p/QSOpt/NAEopt/optZ/runZn4k2resExtplus/part042/
6 /p/QSOpt/NAEopt/optZ/runZn4k2resExtplus/part042/
7 /p/QSOpt/NAEopt/optZ/runZn4k2resExtplus/part042/
8 /p/QSOpt/NAEopt/optZ/runZn4k2resExtplus/part042/
9 /p/QSOpt/NAEopt/optZ/runZn4k2resExtplus/part042/
7 /p/QSOpt/NAEopt/optZ/runZn4k2resExtplus/part042/
0 /p/QSOpt/NAEopt/optZ/runZn4k2resExtplus/part042/
1 /p/QSOpt/NAEopt/optZ/runZn4k2resExtplus/part042/
2 /p/QSOpt/NAEopt/optZ/runZn4k2resExtplus/part042/
3 /p/QSOpt/NAEopt/optZ/runZn4k2resExtplus/part042/
4 /p/QSOpt/NAEopt/optZ/runZn4k2resExtplus/part042/
5 /p/QSOpt/NAEopt/optZ/runZn4k2resExtplus/part042/
6 /p/QSOpt/NAEopt/optZ/runZn4k2resExtplus/part042/
7 /p/QSOpt/NAEopt/optZ/runZn4k2resExtplus/part042/
8 /p/QSOpt/NAEopt/optZ/runZn4k2resExtplus/part042/
9 /p/QSOpt/NAEopt/optZ/runZn4k2resExtplus/part042/
8 /p/QSOpt/NAEopt/optZ/runZn4k2resExtplus/part042/
0 /p/QSOpt/NAEopt/optZ/runZn4k2resExtplus/part042/
1 /p/QSOpt/NAEopt/optZ/runZn4k2resExtplus/part042/
2 /p/QSOpt/NAEopt/optZ/runZn4k2resExtplus/part042/
3 /p/QSOpt/NAEopt/optZ/runZn4k2resExtplus/part042/
4 /p/QSOpt/NAEopt/optZ/runZn4k2resExtplus/part042/
5 /p/QSOpt/NAEopt/optZ/runZn4k2resExtplus/part042/
6 /p/QSOpt/NAEopt/optZ/runZn4k2resExtplus/part042/
7 /p/QSOpt/NAEopt/optZ/runZn4k2resExtplus/part042/
8 /p/QSOpt/NAEopt/optZ/runZn4k2resExtplus/part042/
9 /p/QSOpt/NAEopt/optZ/runZn4k2resExtplus/part042/
9 /p/QSOpt/NAEopt/optZ/runZn4k2resExtplus/part042/
0 /p/QSOpt/NAEopt/optZ/runZn4k2resExtplus/part042/
1 /p/QSOpt/NAEopt/optZ/runZn4k2resExtplus/part042/
2 /p/QSOpt/NAEopt/optZ/runZn4k2resExtplus/part042/
3 /p/QSOpt/NAEopt/optZ/runZn4k2resExtplus/part042/
4 /p/QSOpt/NAEopt/optZ/runZn4k2resExtplus/part042/
5 /p/QSOpt/NAEopt/optZ/runZn4k2resExtplus/part042/
6 /p/QSOpt/NAEopt/optZ/runZn4k2resExtplus/part042/
7 /p/QSOpt/NAEopt/optZ/runZn4k2resExtplus/part042/
8 /p/QSOpt/NAEopt/optZ/runZn4k2resExtplus/part042/
9 /p/QSOpt/NAEopt/optZ/runZn4k2resExtplus/part042/
10 /p/QSOpt/NAEopt/optZ/runZn4k2resExtplus/part042/
0 /p/QSOpt/NAEopt/optZ/runZn4k2resExtplus/part042/
1 /p/QSOpt/NAEopt/optZ/runZn4k2resExtplus/part042/
2 /p/QSOpt/NAEopt/optZ/runZn4k2resExtplus/part042/
3 /p/QSOpt/NAEopt/optZ/runZn4k2resExtplus/part042/
4 /p/QSOpt/NAEopt/optZ/runZn4k2resExtplus/part042/
5 /p/QSOpt/NAEopt/optZ/runZn4k2resExtplus/part042/
6 /p/QSOpt/NAEopt/optZ/runZn4k2resExtplus/part042/
7 /p/QSOpt/NAEopt/optZ/runZn4k2resExtplus/part042/
8 /p/QSOpt/NAEopt/optZ/runZn4k2resExtplus/part042/
9 /p/QSOpt/NAEopt/optZ/runZn4k2resExtplus/part042/
11 /p/QSOpt/NAEopt/optZ/runZn4k2resExtplus/part042/
0 /p/QSOpt/NAEopt/optZ/runZn4k2resExtplus/part042/
1 /p/QSOpt/NAEopt/optZ/runZn4k2resExtplus/part042/
2 /p/QSOpt/NAEopt/optZ/runZn4k2resExtplus/part042/
3 /p/QSOpt/NAEopt/optZ/runZn4k2resExtplus/part042/
4 /p/QSOpt/NAEopt/optZ/runZn4k2resExtplus/part042/
5 /p/QSOpt/NAEopt/optZ/runZn4k2resExtplus/part042/
6 /p/QSOpt/NAEopt/optZ/runZn4k2resExtplus/part042/
7 /p/QSOpt/NAEopt/optZ/runZn4k2resExtplus/part042/
8 /p/QSOpt/NAEopt/optZ/runZn4k2resExtplus/part042/
9 /p/QSOpt/NAEopt/optZ/runZn4k2resExtplus/part042/
12 /p/QSOpt/NAEopt/optZ/runZn4k2resExtplus/part042/
0 /p/QSOpt/NAEopt/optZ/runZn4k2resExtplus/part042/
1 /p/QSOpt/NAEopt/optZ/runZn4k2resExtplus/part042/
2 /p/QSOpt/NAEopt/optZ/runZn4k2resExtplus/part042/
3 /p/QSOpt/NAEopt/optZ/runZn4k2resExtplus/part042/
4 /p/QSOpt/NAEopt/optZ/runZn4k2resExtplus/part042/
5 /p/QSOpt/NAEopt/optZ/runZn4k2resExtplus/part042/
6 /p/QSOpt/NAEopt/optZ/runZn4k2resExtplus/part042/
7 /p/QSOpt/NAEopt/optZ/runZn4k2resExtplus/part042/
8 /p/QSOpt/NAEopt/optZ/runZn4k2resExtplus/part042/
9 /p/QSOpt/NAEopt/optZ/runZn4k2resExtplus/part042/
13 /p/QSOpt/NAEopt/optZ/runZn4k2resExtplus/part042/
0 /p/QSOpt/NAEopt/optZ/runZn4k2resExtplus/part042/
1 /p/QSOpt/NAEopt/optZ/runZn4k2resExtplus/part042/
2 /p/QSOpt/NAEopt/optZ/runZn4k2resExtplus/part042/
3 /p/QSOpt/NAEopt/optZ/runZn4k2resExtplus/part042/
4 /p/QSOpt/NAEopt/optZ/runZn4k2resExtplus/part042/
5 /p/QSOpt/NAEopt/optZ/runZn4k2resExtplus/part042/
6 /p/QSOpt/NAEopt/optZ/runZn4k2resExtplus/part042/
7 /p/QSOpt/NAEopt/optZ/runZn4k2resExtplus/part042/
8 /p/QSOpt/NAEopt/optZ/runZn4k2resExtplus/part042/
9 /p/QSOpt/NAEopt/optZ/runZn4k2resExtplus/part042/
14 /p/QSOpt/NAEopt/optZ/runZn4k2resExtplus/part042/
