python optAnhark2optZ.py 15 0.51 0.54 10 0.048 0.06 /p/QSOpt/NAEopt/optZ/runZn4k2resExtplus/part080/
0 /p/QSOpt/NAEopt/optZ/runZn4k2resExtplus/part080/
1 /p/QSOpt/NAEopt/optZ/runZn4k2resExtplus/part080/
2 /p/QSOpt/NAEopt/optZ/runZn4k2resExtplus/part080/
3 /p/QSOpt/NAEopt/optZ/runZn4k2resExtplus/part080/
4 /p/QSOpt/NAEopt/optZ/runZn4k2resExtplus/part080/
5 /p/QSOpt/NAEopt/optZ/runZn4k2resExtplus/part080/
6 /p/QSOpt/NAEopt/optZ/runZn4k2resExtplus/part080/
7 /p/QSOpt/NAEopt/optZ/runZn4k2resExtplus/part080/
8 /p/QSOpt/NAEopt/optZ/runZn4k2resExtplus/part080/
9 /p/QSOpt/NAEopt/optZ/runZn4k2resExtplus/part080/
0 /p/QSOpt/NAEopt/optZ/runZn4k2resExtplus/part080/
0 /p/QSOpt/NAEopt/optZ/runZn4k2resExtplus/part080/
1 /p/QSOpt/NAEopt/optZ/runZn4k2resExtplus/part080/
2 /p/QSOpt/NAEopt/optZ/runZn4k2resExtplus/part080/
3 /p/QSOpt/NAEopt/optZ/runZn4k2resExtplus/part080/
4 /p/QSOpt/NAEopt/optZ/runZn4k2resExtplus/part080/
5 /p/QSOpt/NAEopt/optZ/runZn4k2resExtplus/part080/
6 /p/QSOpt/NAEopt/optZ/runZn4k2resExtplus/part080/
7 /p/QSOpt/NAEopt/optZ/runZn4k2resExtplus/part080/
8 /p/QSOpt/NAEopt/optZ/runZn4k2resExtplus/part080/
9 /p/QSOpt/NAEopt/optZ/runZn4k2resExtplus/part080/
1 /p/QSOpt/NAEopt/optZ/runZn4k2resExtplus/part080/
0 /p/QSOpt/NAEopt/optZ/runZn4k2resExtplus/part080/
1 /p/QSOpt/NAEopt/optZ/runZn4k2resExtplus/part080/
2 /p/QSOpt/NAEopt/optZ/runZn4k2resExtplus/part080/
3 /p/QSOpt/NAEopt/optZ/runZn4k2resExtplus/part080/
4 /p/QSOpt/NAEopt/optZ/runZn4k2resExtplus/part080/
5 /p/QSOpt/NAEopt/optZ/runZn4k2resExtplus/part080/
6 /p/QSOpt/NAEopt/optZ/runZn4k2resExtplus/part080/
7 /p/QSOpt/NAEopt/optZ/runZn4k2resExtplus/part080/
8 /p/QSOpt/NAEopt/optZ/runZn4k2resExtplus/part080/
9 /p/QSOpt/NAEopt/optZ/runZn4k2resExtplus/part080/
2 /p/QSOpt/NAEopt/optZ/runZn4k2resExtplus/part080/
0 /p/QSOpt/NAEopt/optZ/runZn4k2resExtplus/part080/
1 /p/QSOpt/NAEopt/optZ/runZn4k2resExtplus/part080/
2 /p/QSOpt/NAEopt/optZ/runZn4k2resExtplus/part080/
3 /p/QSOpt/NAEopt/optZ/runZn4k2resExtplus/part080/
4 /p/QSOpt/NAEopt/optZ/runZn4k2resExtplus/part080/
5 /p/QSOpt/NAEopt/optZ/runZn4k2resExtplus/part080/
6 /p/QSOpt/NAEopt/optZ/runZn4k2resExtplus/part080/
7 /p/QSOpt/NAEopt/optZ/runZn4k2resExtplus/part080/
8 /p/QSOpt/NAEopt/optZ/runZn4k2resExtplus/part080/
9 /p/QSOpt/NAEopt/optZ/runZn4k2resExtplus/part080/
3 /p/QSOpt/NAEopt/optZ/runZn4k2resExtplus/part080/
0 /p/QSOpt/NAEopt/optZ/runZn4k2resExtplus/part080/
1 /p/QSOpt/NAEopt/optZ/runZn4k2resExtplus/part080/
2 /p/QSOpt/NAEopt/optZ/runZn4k2resExtplus/part080/
3 /p/QSOpt/NAEopt/optZ/runZn4k2resExtplus/part080/
4 /p/QSOpt/NAEopt/optZ/runZn4k2resExtplus/part080/
5 /p/QSOpt/NAEopt/optZ/runZn4k2resExtplus/part080/
6 /p/QSOpt/NAEopt/optZ/runZn4k2resExtplus/part080/
7 /p/QSOpt/NAEopt/optZ/runZn4k2resExtplus/part080/
8 /p/QSOpt/NAEopt/optZ/runZn4k2resExtplus/part080/
9 /p/QSOpt/NAEopt/optZ/runZn4k2resExtplus/part080/
4 /p/QSOpt/NAEopt/optZ/runZn4k2resExtplus/part080/
0 /p/QSOpt/NAEopt/optZ/runZn4k2resExtplus/part080/
1 /p/QSOpt/NAEopt/optZ/runZn4k2resExtplus/part080/
2 /p/QSOpt/NAEopt/optZ/runZn4k2resExtplus/part080/
3 /p/QSOpt/NAEopt/optZ/runZn4k2resExtplus/part080/
4 /p/QSOpt/NAEopt/optZ/runZn4k2resExtplus/part080/
5 /p/QSOpt/NAEopt/optZ/runZn4k2resExtplus/part080/
6 /p/QSOpt/NAEopt/optZ/runZn4k2resExtplus/part080/
7 /p/QSOpt/NAEopt/optZ/runZn4k2resExtplus/part080/
8 /p/QSOpt/NAEopt/optZ/runZn4k2resExtplus/part080/
9 /p/QSOpt/NAEopt/optZ/runZn4k2resExtplus/part080/
5 /p/QSOpt/NAEopt/optZ/runZn4k2resExtplus/part080/
0 /p/QSOpt/NAEopt/optZ/runZn4k2resExtplus/part080/
1 /p/QSOpt/NAEopt/optZ/runZn4k2resExtplus/part080/
2 /p/QSOpt/NAEopt/optZ/runZn4k2resExtplus/part080/
3 /p/QSOpt/NAEopt/optZ/runZn4k2resExtplus/part080/
4 /p/QSOpt/NAEopt/optZ/runZn4k2resExtplus/part080/
5 /p/QSOpt/NAEopt/optZ/runZn4k2resExtplus/part080/
6 /p/QSOpt/NAEopt/optZ/runZn4k2resExtplus/part080/
7 /p/QSOpt/NAEopt/optZ/runZn4k2resExtplus/part080/
8 /p/QSOpt/NAEopt/optZ/runZn4k2resExtplus/part080/
9 /p/QSOpt/NAEopt/optZ/runZn4k2resExtplus/part080/
6 /p/QSOpt/NAEopt/optZ/runZn4k2resExtplus/part080/
0 /p/QSOpt/NAEopt/optZ/runZn4k2resExtplus/part080/
1 /p/QSOpt/NAEopt/optZ/runZn4k2resExtplus/part080/
2 /p/QSOpt/NAEopt/optZ/runZn4k2resExtplus/part080/
3 /p/QSOpt/NAEopt/optZ/runZn4k2resExtplus/part080/
4 /p/QSOpt/NAEopt/optZ/runZn4k2resExtplus/part080/
5 /p/QSOpt/NAEopt/optZ/runZn4k2resExtplus/part080/
6 /p/QSOpt/NAEopt/optZ/runZn4k2resExtplus/part080/
7 /p/QSOpt/NAEopt/optZ/runZn4k2resExtplus/part080/
8 /p/QSOpt/NAEopt/optZ/runZn4k2resExtplus/part080/
9 /p/QSOpt/NAEopt/optZ/runZn4k2resExtplus/part080/
7 /p/QSOpt/NAEopt/optZ/runZn4k2resExtplus/part080/
0 /p/QSOpt/NAEopt/optZ/runZn4k2resExtplus/part080/
1 /p/QSOpt/NAEopt/optZ/runZn4k2resExtplus/part080/
2 /p/QSOpt/NAEopt/optZ/runZn4k2resExtplus/part080/
3 /p/QSOpt/NAEopt/optZ/runZn4k2resExtplus/part080/
4 /p/QSOpt/NAEopt/optZ/runZn4k2resExtplus/part080/
5 /p/QSOpt/NAEopt/optZ/runZn4k2resExtplus/part080/
6 /p/QSOpt/NAEopt/optZ/runZn4k2resExtplus/part080/
7 /p/QSOpt/NAEopt/optZ/runZn4k2resExtplus/part080/
8 /p/QSOpt/NAEopt/optZ/runZn4k2resExtplus/part080/
9 /p/QSOpt/NAEopt/optZ/runZn4k2resExtplus/part080/
8 /p/QSOpt/NAEopt/optZ/runZn4k2resExtplus/part080/
0 /p/QSOpt/NAEopt/optZ/runZn4k2resExtplus/part080/
1 /p/QSOpt/NAEopt/optZ/runZn4k2resExtplus/part080/
2 /p/QSOpt/NAEopt/optZ/runZn4k2resExtplus/part080/
3 /p/QSOpt/NAEopt/optZ/runZn4k2resExtplus/part080/
4 /p/QSOpt/NAEopt/optZ/runZn4k2resExtplus/part080/
5 /p/QSOpt/NAEopt/optZ/runZn4k2resExtplus/part080/
6 /p/QSOpt/NAEopt/optZ/runZn4k2resExtplus/part080/
7 /p/QSOpt/NAEopt/optZ/runZn4k2resExtplus/part080/
8 /p/QSOpt/NAEopt/optZ/runZn4k2resExtplus/part080/
9 /p/QSOpt/NAEopt/optZ/runZn4k2resExtplus/part080/
9 /p/QSOpt/NAEopt/optZ/runZn4k2resExtplus/part080/
0 /p/QSOpt/NAEopt/optZ/runZn4k2resExtplus/part080/
1 /p/QSOpt/NAEopt/optZ/runZn4k2resExtplus/part080/
2 /p/QSOpt/NAEopt/optZ/runZn4k2resExtplus/part080/
3 /p/QSOpt/NAEopt/optZ/runZn4k2resExtplus/part080/
4 /p/QSOpt/NAEopt/optZ/runZn4k2resExtplus/part080/
5 /p/QSOpt/NAEopt/optZ/runZn4k2resExtplus/part080/
6 /p/QSOpt/NAEopt/optZ/runZn4k2resExtplus/part080/
7 /p/QSOpt/NAEopt/optZ/runZn4k2resExtplus/part080/
8 /p/QSOpt/NAEopt/optZ/runZn4k2resExtplus/part080/
9 /p/QSOpt/NAEopt/optZ/runZn4k2resExtplus/part080/
10 /p/QSOpt/NAEopt/optZ/runZn4k2resExtplus/part080/
0 /p/QSOpt/NAEopt/optZ/runZn4k2resExtplus/part080/
1 /p/QSOpt/NAEopt/optZ/runZn4k2resExtplus/part080/
2 /p/QSOpt/NAEopt/optZ/runZn4k2resExtplus/part080/
3 /p/QSOpt/NAEopt/optZ/runZn4k2resExtplus/part080/
4 /p/QSOpt/NAEopt/optZ/runZn4k2resExtplus/part080/
5 /p/QSOpt/NAEopt/optZ/runZn4k2resExtplus/part080/
6 /p/QSOpt/NAEopt/optZ/runZn4k2resExtplus/part080/
7 /p/QSOpt/NAEopt/optZ/runZn4k2resExtplus/part080/
8 /p/QSOpt/NAEopt/optZ/runZn4k2resExtplus/part080/
9 /p/QSOpt/NAEopt/optZ/runZn4k2resExtplus/part080/
11 /p/QSOpt/NAEopt/optZ/runZn4k2resExtplus/part080/
0 /p/QSOpt/NAEopt/optZ/runZn4k2resExtplus/part080/
1 /p/QSOpt/NAEopt/optZ/runZn4k2resExtplus/part080/
2 /p/QSOpt/NAEopt/optZ/runZn4k2resExtplus/part080/
3 /p/QSOpt/NAEopt/optZ/runZn4k2resExtplus/part080/
4 /p/QSOpt/NAEopt/optZ/runZn4k2resExtplus/part080/
5 /p/QSOpt/NAEopt/optZ/runZn4k2resExtplus/part080/
6 /p/QSOpt/NAEopt/optZ/runZn4k2resExtplus/part080/
7 /p/QSOpt/NAEopt/optZ/runZn4k2resExtplus/part080/
8 /p/QSOpt/NAEopt/optZ/runZn4k2resExtplus/part080/
9 /p/QSOpt/NAEopt/optZ/runZn4k2resExtplus/part080/
12 /p/QSOpt/NAEopt/optZ/runZn4k2resExtplus/part080/
0 /p/QSOpt/NAEopt/optZ/runZn4k2resExtplus/part080/
1 /p/QSOpt/NAEopt/optZ/runZn4k2resExtplus/part080/
2 /p/QSOpt/NAEopt/optZ/runZn4k2resExtplus/part080/
3 /p/QSOpt/NAEopt/optZ/runZn4k2resExtplus/part080/
4 /p/QSOpt/NAEopt/optZ/runZn4k2resExtplus/part080/
5 /p/QSOpt/NAEopt/optZ/runZn4k2resExtplus/part080/
6 /p/QSOpt/NAEopt/optZ/runZn4k2resExtplus/part080/
7 /p/QSOpt/NAEopt/optZ/runZn4k2resExtplus/part080/
8 /p/QSOpt/NAEopt/optZ/runZn4k2resExtplus/part080/
9 /p/QSOpt/NAEopt/optZ/runZn4k2resExtplus/part080/
13 /p/QSOpt/NAEopt/optZ/runZn4k2resExtplus/part080/
0 /p/QSOpt/NAEopt/optZ/runZn4k2resExtplus/part080/
1 /p/QSOpt/NAEopt/optZ/runZn4k2resExtplus/part080/
2 /p/QSOpt/NAEopt/optZ/runZn4k2resExtplus/part080/
3 /p/QSOpt/NAEopt/optZ/runZn4k2resExtplus/part080/
4 /p/QSOpt/NAEopt/optZ/runZn4k2resExtplus/part080/
5 /p/QSOpt/NAEopt/optZ/runZn4k2resExtplus/part080/
6 /p/QSOpt/NAEopt/optZ/runZn4k2resExtplus/part080/
7 /p/QSOpt/NAEopt/optZ/runZn4k2resExtplus/part080/
8 /p/QSOpt/NAEopt/optZ/runZn4k2resExtplus/part080/
9 /p/QSOpt/NAEopt/optZ/runZn4k2resExtplus/part080/
14 /p/QSOpt/NAEopt/optZ/runZn4k2resExtplus/part080/
