python optAnhark2optZ.py 15 0.3 0.32999999999999996 10 -0.036 -0.023999999999999994 /p/QSOpt/NAEopt/optZ/runZn4k2resExtplus/part003/
0 /p/QSOpt/NAEopt/optZ/runZn4k2resExtplus/part003/
1 /p/QSOpt/NAEopt/optZ/runZn4k2resExtplus/part003/
2 /p/QSOpt/NAEopt/optZ/runZn4k2resExtplus/part003/
3 /p/QSOpt/NAEopt/optZ/runZn4k2resExtplus/part003/
4 /p/QSOpt/NAEopt/optZ/runZn4k2resExtplus/part003/
5 /p/QSOpt/NAEopt/optZ/runZn4k2resExtplus/part003/
6 /p/QSOpt/NAEopt/optZ/runZn4k2resExtplus/part003/
7 /p/QSOpt/NAEopt/optZ/runZn4k2resExtplus/part003/
8 /p/QSOpt/NAEopt/optZ/runZn4k2resExtplus/part003/
9 /p/QSOpt/NAEopt/optZ/runZn4k2resExtplus/part003/
0 /p/QSOpt/NAEopt/optZ/runZn4k2resExtplus/part003/
0 /p/QSOpt/NAEopt/optZ/runZn4k2resExtplus/part003/
1 /p/QSOpt/NAEopt/optZ/runZn4k2resExtplus/part003/
2 /p/QSOpt/NAEopt/optZ/runZn4k2resExtplus/part003/
3 /p/QSOpt/NAEopt/optZ/runZn4k2resExtplus/part003/
4 /p/QSOpt/NAEopt/optZ/runZn4k2resExtplus/part003/
5 /p/QSOpt/NAEopt/optZ/runZn4k2resExtplus/part003/
6 /p/QSOpt/NAEopt/optZ/runZn4k2resExtplus/part003/
7 /p/QSOpt/NAEopt/optZ/runZn4k2resExtplus/part003/
8 /p/QSOpt/NAEopt/optZ/runZn4k2resExtplus/part003/
9 /p/QSOpt/NAEopt/optZ/runZn4k2resExtplus/part003/
1 /p/QSOpt/NAEopt/optZ/runZn4k2resExtplus/part003/
0 /p/QSOpt/NAEopt/optZ/runZn4k2resExtplus/part003/
1 /p/QSOpt/NAEopt/optZ/runZn4k2resExtplus/part003/
2 /p/QSOpt/NAEopt/optZ/runZn4k2resExtplus/part003/
3 /p/QSOpt/NAEopt/optZ/runZn4k2resExtplus/part003/
4 /p/QSOpt/NAEopt/optZ/runZn4k2resExtplus/part003/
5 /p/QSOpt/NAEopt/optZ/runZn4k2resExtplus/part003/
6 /p/QSOpt/NAEopt/optZ/runZn4k2resExtplus/part003/
7 /p/QSOpt/NAEopt/optZ/runZn4k2resExtplus/part003/
8 /p/QSOpt/NAEopt/optZ/runZn4k2resExtplus/part003/
9 /p/QSOpt/NAEopt/optZ/runZn4k2resExtplus/part003/
2 /p/QSOpt/NAEopt/optZ/runZn4k2resExtplus/part003/
0 /p/QSOpt/NAEopt/optZ/runZn4k2resExtplus/part003/
1 /p/QSOpt/NAEopt/optZ/runZn4k2resExtplus/part003/
2 /p/QSOpt/NAEopt/optZ/runZn4k2resExtplus/part003/
3 /p/QSOpt/NAEopt/optZ/runZn4k2resExtplus/part003/
4 /p/QSOpt/NAEopt/optZ/runZn4k2resExtplus/part003/
5 /p/QSOpt/NAEopt/optZ/runZn4k2resExtplus/part003/
6 /p/QSOpt/NAEopt/optZ/runZn4k2resExtplus/part003/
7 /p/QSOpt/NAEopt/optZ/runZn4k2resExtplus/part003/
8 /p/QSOpt/NAEopt/optZ/runZn4k2resExtplus/part003/
9 /p/QSOpt/NAEopt/optZ/runZn4k2resExtplus/part003/
3 /p/QSOpt/NAEopt/optZ/runZn4k2resExtplus/part003/
0 /p/QSOpt/NAEopt/optZ/runZn4k2resExtplus/part003/
1 /p/QSOpt/NAEopt/optZ/runZn4k2resExtplus/part003/
2 /p/QSOpt/NAEopt/optZ/runZn4k2resExtplus/part003/
3 /p/QSOpt/NAEopt/optZ/runZn4k2resExtplus/part003/
4 /p/QSOpt/NAEopt/optZ/runZn4k2resExtplus/part003/
5 /p/QSOpt/NAEopt/optZ/runZn4k2resExtplus/part003/
6 /p/QSOpt/NAEopt/optZ/runZn4k2resExtplus/part003/
7 /p/QSOpt/NAEopt/optZ/runZn4k2resExtplus/part003/
8 /p/QSOpt/NAEopt/optZ/runZn4k2resExtplus/part003/
9 /p/QSOpt/NAEopt/optZ/runZn4k2resExtplus/part003/
4 /p/QSOpt/NAEopt/optZ/runZn4k2resExtplus/part003/
0 /p/QSOpt/NAEopt/optZ/runZn4k2resExtplus/part003/
1 /p/QSOpt/NAEopt/optZ/runZn4k2resExtplus/part003/
2 /p/QSOpt/NAEopt/optZ/runZn4k2resExtplus/part003/
3 /p/QSOpt/NAEopt/optZ/runZn4k2resExtplus/part003/
4 /p/QSOpt/NAEopt/optZ/runZn4k2resExtplus/part003/
5 /p/QSOpt/NAEopt/optZ/runZn4k2resExtplus/part003/
6 /p/QSOpt/NAEopt/optZ/runZn4k2resExtplus/part003/
7 /p/QSOpt/NAEopt/optZ/runZn4k2resExtplus/part003/
8 /p/QSOpt/NAEopt/optZ/runZn4k2resExtplus/part003/
9 /p/QSOpt/NAEopt/optZ/runZn4k2resExtplus/part003/
5 /p/QSOpt/NAEopt/optZ/runZn4k2resExtplus/part003/
0 /p/QSOpt/NAEopt/optZ/runZn4k2resExtplus/part003/
1 /p/QSOpt/NAEopt/optZ/runZn4k2resExtplus/part003/
2 /p/QSOpt/NAEopt/optZ/runZn4k2resExtplus/part003/
3 /p/QSOpt/NAEopt/optZ/runZn4k2resExtplus/part003/
4 /p/QSOpt/NAEopt/optZ/runZn4k2resExtplus/part003/
5 /p/QSOpt/NAEopt/optZ/runZn4k2resExtplus/part003/
6 /p/QSOpt/NAEopt/optZ/runZn4k2resExtplus/part003/
7 /p/QSOpt/NAEopt/optZ/runZn4k2resExtplus/part003/
8 /p/QSOpt/NAEopt/optZ/runZn4k2resExtplus/part003/
9 /p/QSOpt/NAEopt/optZ/runZn4k2resExtplus/part003/
6 /p/QSOpt/NAEopt/optZ/runZn4k2resExtplus/part003/
0 /p/QSOpt/NAEopt/optZ/runZn4k2resExtplus/part003/
1 /p/QSOpt/NAEopt/optZ/runZn4k2resExtplus/part003/
2 /p/QSOpt/NAEopt/optZ/runZn4k2resExtplus/part003/
3 /p/QSOpt/NAEopt/optZ/runZn4k2resExtplus/part003/
4 /p/QSOpt/NAEopt/optZ/runZn4k2resExtplus/part003/
5 /p/QSOpt/NAEopt/optZ/runZn4k2resExtplus/part003/
6 /p/QSOpt/NAEopt/optZ/runZn4k2resExtplus/part003/
7 /p/QSOpt/NAEopt/optZ/runZn4k2resExtplus/part003/
8 /p/QSOpt/NAEopt/optZ/runZn4k2resExtplus/part003/
9 /p/QSOpt/NAEopt/optZ/runZn4k2resExtplus/part003/
7 /p/QSOpt/NAEopt/optZ/runZn4k2resExtplus/part003/
0 /p/QSOpt/NAEopt/optZ/runZn4k2resExtplus/part003/
1 /p/QSOpt/NAEopt/optZ/runZn4k2resExtplus/part003/
2 /p/QSOpt/NAEopt/optZ/runZn4k2resExtplus/part003/
3 /p/QSOpt/NAEopt/optZ/runZn4k2resExtplus/part003/
4 /p/QSOpt/NAEopt/optZ/runZn4k2resExtplus/part003/
5 /p/QSOpt/NAEopt/optZ/runZn4k2resExtplus/part003/
6 /p/QSOpt/NAEopt/optZ/runZn4k2resExtplus/part003/
7 /p/QSOpt/NAEopt/optZ/runZn4k2resExtplus/part003/
8 /p/QSOpt/NAEopt/optZ/runZn4k2resExtplus/part003/
9 /p/QSOpt/NAEopt/optZ/runZn4k2resExtplus/part003/
8 /p/QSOpt/NAEopt/optZ/runZn4k2resExtplus/part003/
0 /p/QSOpt/NAEopt/optZ/runZn4k2resExtplus/part003/
1 /p/QSOpt/NAEopt/optZ/runZn4k2resExtplus/part003/
2 /p/QSOpt/NAEopt/optZ/runZn4k2resExtplus/part003/
3 /p/QSOpt/NAEopt/optZ/runZn4k2resExtplus/part003/
4 /p/QSOpt/NAEopt/optZ/runZn4k2resExtplus/part003/
5 /p/QSOpt/NAEopt/optZ/runZn4k2resExtplus/part003/
6 /p/QSOpt/NAEopt/optZ/runZn4k2resExtplus/part003/
7 /p/QSOpt/NAEopt/optZ/runZn4k2resExtplus/part003/
8 /p/QSOpt/NAEopt/optZ/runZn4k2resExtplus/part003/
9 /p/QSOpt/NAEopt/optZ/runZn4k2resExtplus/part003/
9 /p/QSOpt/NAEopt/optZ/runZn4k2resExtplus/part003/
0 /p/QSOpt/NAEopt/optZ/runZn4k2resExtplus/part003/
1 /p/QSOpt/NAEopt/optZ/runZn4k2resExtplus/part003/
2 /p/QSOpt/NAEopt/optZ/runZn4k2resExtplus/part003/
3 /p/QSOpt/NAEopt/optZ/runZn4k2resExtplus/part003/
4 /p/QSOpt/NAEopt/optZ/runZn4k2resExtplus/part003/
5 /p/QSOpt/NAEopt/optZ/runZn4k2resExtplus/part003/
6 /p/QSOpt/NAEopt/optZ/runZn4k2resExtplus/part003/
7 /p/QSOpt/NAEopt/optZ/runZn4k2resExtplus/part003/
8 /p/QSOpt/NAEopt/optZ/runZn4k2resExtplus/part003/
9 /p/QSOpt/NAEopt/optZ/runZn4k2resExtplus/part003/
10 /p/QSOpt/NAEopt/optZ/runZn4k2resExtplus/part003/
0 /p/QSOpt/NAEopt/optZ/runZn4k2resExtplus/part003/
1 /p/QSOpt/NAEopt/optZ/runZn4k2resExtplus/part003/
2 /p/QSOpt/NAEopt/optZ/runZn4k2resExtplus/part003/
3 /p/QSOpt/NAEopt/optZ/runZn4k2resExtplus/part003/
4 /p/QSOpt/NAEopt/optZ/runZn4k2resExtplus/part003/
5 /p/QSOpt/NAEopt/optZ/runZn4k2resExtplus/part003/
6 /p/QSOpt/NAEopt/optZ/runZn4k2resExtplus/part003/
7 /p/QSOpt/NAEopt/optZ/runZn4k2resExtplus/part003/
8 /p/QSOpt/NAEopt/optZ/runZn4k2resExtplus/part003/
9 /p/QSOpt/NAEopt/optZ/runZn4k2resExtplus/part003/
11 /p/QSOpt/NAEopt/optZ/runZn4k2resExtplus/part003/
0 /p/QSOpt/NAEopt/optZ/runZn4k2resExtplus/part003/
1 /p/QSOpt/NAEopt/optZ/runZn4k2resExtplus/part003/
2 /p/QSOpt/NAEopt/optZ/runZn4k2resExtplus/part003/
3 /p/QSOpt/NAEopt/optZ/runZn4k2resExtplus/part003/
4 /p/QSOpt/NAEopt/optZ/runZn4k2resExtplus/part003/
5 /p/QSOpt/NAEopt/optZ/runZn4k2resExtplus/part003/
6 /p/QSOpt/NAEopt/optZ/runZn4k2resExtplus/part003/
7 /p/QSOpt/NAEopt/optZ/runZn4k2resExtplus/part003/
8 /p/QSOpt/NAEopt/optZ/runZn4k2resExtplus/part003/
9 /p/QSOpt/NAEopt/optZ/runZn4k2resExtplus/part003/
12 /p/QSOpt/NAEopt/optZ/runZn4k2resExtplus/part003/
0 /p/QSOpt/NAEopt/optZ/runZn4k2resExtplus/part003/
1 /p/QSOpt/NAEopt/optZ/runZn4k2resExtplus/part003/
2 /p/QSOpt/NAEopt/optZ/runZn4k2resExtplus/part003/
3 /p/QSOpt/NAEopt/optZ/runZn4k2resExtplus/part003/
4 /p/QSOpt/NAEopt/optZ/runZn4k2resExtplus/part003/
5 /p/QSOpt/NAEopt/optZ/runZn4k2resExtplus/part003/
6 /p/QSOpt/NAEopt/optZ/runZn4k2resExtplus/part003/
7 /p/QSOpt/NAEopt/optZ/runZn4k2resExtplus/part003/
8 /p/QSOpt/NAEopt/optZ/runZn4k2resExtplus/part003/
9 /p/QSOpt/NAEopt/optZ/runZn4k2resExtplus/part003/
13 /p/QSOpt/NAEopt/optZ/runZn4k2resExtplus/part003/
0 /p/QSOpt/NAEopt/optZ/runZn4k2resExtplus/part003/
1 /p/QSOpt/NAEopt/optZ/runZn4k2resExtplus/part003/
2 /p/QSOpt/NAEopt/optZ/runZn4k2resExtplus/part003/
3 /p/QSOpt/NAEopt/optZ/runZn4k2resExtplus/part003/
4 /p/QSOpt/NAEopt/optZ/runZn4k2resExtplus/part003/
5 /p/QSOpt/NAEopt/optZ/runZn4k2resExtplus/part003/
6 /p/QSOpt/NAEopt/optZ/runZn4k2resExtplus/part003/
7 /p/QSOpt/NAEopt/optZ/runZn4k2resExtplus/part003/
8 /p/QSOpt/NAEopt/optZ/runZn4k2resExtplus/part003/
9 /p/QSOpt/NAEopt/optZ/runZn4k2resExtplus/part003/
14 /p/QSOpt/NAEopt/optZ/runZn4k2resExtplus/part003/
