python optAnhark2optZ.py 15 0.36 0.39 10 0.024000000000000007 0.036000000000000004 /p/QSOpt/NAEopt/optZ/runZn4k2resExtplus/part028/
0 /p/QSOpt/NAEopt/optZ/runZn4k2resExtplus/part028/
1 /p/QSOpt/NAEopt/optZ/runZn4k2resExtplus/part028/
2 /p/QSOpt/NAEopt/optZ/runZn4k2resExtplus/part028/
3 /p/QSOpt/NAEopt/optZ/runZn4k2resExtplus/part028/
4 /p/QSOpt/NAEopt/optZ/runZn4k2resExtplus/part028/
5 /p/QSOpt/NAEopt/optZ/runZn4k2resExtplus/part028/
6 /p/QSOpt/NAEopt/optZ/runZn4k2resExtplus/part028/
7 /p/QSOpt/NAEopt/optZ/runZn4k2resExtplus/part028/
8 /p/QSOpt/NAEopt/optZ/runZn4k2resExtplus/part028/
9 /p/QSOpt/NAEopt/optZ/runZn4k2resExtplus/part028/
0 /p/QSOpt/NAEopt/optZ/runZn4k2resExtplus/part028/
0 /p/QSOpt/NAEopt/optZ/runZn4k2resExtplus/part028/
1 /p/QSOpt/NAEopt/optZ/runZn4k2resExtplus/part028/
2 /p/QSOpt/NAEopt/optZ/runZn4k2resExtplus/part028/
3 /p/QSOpt/NAEopt/optZ/runZn4k2resExtplus/part028/
4 /p/QSOpt/NAEopt/optZ/runZn4k2resExtplus/part028/
5 /p/QSOpt/NAEopt/optZ/runZn4k2resExtplus/part028/
6 /p/QSOpt/NAEopt/optZ/runZn4k2resExtplus/part028/
7 /p/QSOpt/NAEopt/optZ/runZn4k2resExtplus/part028/
8 /p/QSOpt/NAEopt/optZ/runZn4k2resExtplus/part028/
9 /p/QSOpt/NAEopt/optZ/runZn4k2resExtplus/part028/
1 /p/QSOpt/NAEopt/optZ/runZn4k2resExtplus/part028/
0 /p/QSOpt/NAEopt/optZ/runZn4k2resExtplus/part028/
1 /p/QSOpt/NAEopt/optZ/runZn4k2resExtplus/part028/
2 /p/QSOpt/NAEopt/optZ/runZn4k2resExtplus/part028/
3 /p/QSOpt/NAEopt/optZ/runZn4k2resExtplus/part028/
4 /p/QSOpt/NAEopt/optZ/runZn4k2resExtplus/part028/
5 /p/QSOpt/NAEopt/optZ/runZn4k2resExtplus/part028/
6 /p/QSOpt/NAEopt/optZ/runZn4k2resExtplus/part028/
7 /p/QSOpt/NAEopt/optZ/runZn4k2resExtplus/part028/
8 /p/QSOpt/NAEopt/optZ/runZn4k2resExtplus/part028/
9 /p/QSOpt/NAEopt/optZ/runZn4k2resExtplus/part028/
2 /p/QSOpt/NAEopt/optZ/runZn4k2resExtplus/part028/
0 /p/QSOpt/NAEopt/optZ/runZn4k2resExtplus/part028/
1 /p/QSOpt/NAEopt/optZ/runZn4k2resExtplus/part028/
2 /p/QSOpt/NAEopt/optZ/runZn4k2resExtplus/part028/
3 /p/QSOpt/NAEopt/optZ/runZn4k2resExtplus/part028/
4 /p/QSOpt/NAEopt/optZ/runZn4k2resExtplus/part028/
5 /p/QSOpt/NAEopt/optZ/runZn4k2resExtplus/part028/
6 /p/QSOpt/NAEopt/optZ/runZn4k2resExtplus/part028/
7 /p/QSOpt/NAEopt/optZ/runZn4k2resExtplus/part028/
8 /p/QSOpt/NAEopt/optZ/runZn4k2resExtplus/part028/
9 /p/QSOpt/NAEopt/optZ/runZn4k2resExtplus/part028/
3 /p/QSOpt/NAEopt/optZ/runZn4k2resExtplus/part028/
0 /p/QSOpt/NAEopt/optZ/runZn4k2resExtplus/part028/
1 /p/QSOpt/NAEopt/optZ/runZn4k2resExtplus/part028/
2 /p/QSOpt/NAEopt/optZ/runZn4k2resExtplus/part028/
3 /p/QSOpt/NAEopt/optZ/runZn4k2resExtplus/part028/
4 /p/QSOpt/NAEopt/optZ/runZn4k2resExtplus/part028/
5 /p/QSOpt/NAEopt/optZ/runZn4k2resExtplus/part028/
6 /p/QSOpt/NAEopt/optZ/runZn4k2resExtplus/part028/
7 /p/QSOpt/NAEopt/optZ/runZn4k2resExtplus/part028/
8 /p/QSOpt/NAEopt/optZ/runZn4k2resExtplus/part028/
9 /p/QSOpt/NAEopt/optZ/runZn4k2resExtplus/part028/
4 /p/QSOpt/NAEopt/optZ/runZn4k2resExtplus/part028/
0 /p/QSOpt/NAEopt/optZ/runZn4k2resExtplus/part028/
1 /p/QSOpt/NAEopt/optZ/runZn4k2resExtplus/part028/
2 /p/QSOpt/NAEopt/optZ/runZn4k2resExtplus/part028/
3 /p/QSOpt/NAEopt/optZ/runZn4k2resExtplus/part028/
4 /p/QSOpt/NAEopt/optZ/runZn4k2resExtplus/part028/
5 /p/QSOpt/NAEopt/optZ/runZn4k2resExtplus/part028/
6 /p/QSOpt/NAEopt/optZ/runZn4k2resExtplus/part028/
7 /p/QSOpt/NAEopt/optZ/runZn4k2resExtplus/part028/
8 /p/QSOpt/NAEopt/optZ/runZn4k2resExtplus/part028/
9 /p/QSOpt/NAEopt/optZ/runZn4k2resExtplus/part028/
5 /p/QSOpt/NAEopt/optZ/runZn4k2resExtplus/part028/
0 /p/QSOpt/NAEopt/optZ/runZn4k2resExtplus/part028/
1 /p/QSOpt/NAEopt/optZ/runZn4k2resExtplus/part028/
2 /p/QSOpt/NAEopt/optZ/runZn4k2resExtplus/part028/
3 /p/QSOpt/NAEopt/optZ/runZn4k2resExtplus/part028/
4 /p/QSOpt/NAEopt/optZ/runZn4k2resExtplus/part028/
5 /p/QSOpt/NAEopt/optZ/runZn4k2resExtplus/part028/
6 /p/QSOpt/NAEopt/optZ/runZn4k2resExtplus/part028/
7 /p/QSOpt/NAEopt/optZ/runZn4k2resExtplus/part028/
8 /p/QSOpt/NAEopt/optZ/runZn4k2resExtplus/part028/
9 /p/QSOpt/NAEopt/optZ/runZn4k2resExtplus/part028/
6 /p/QSOpt/NAEopt/optZ/runZn4k2resExtplus/part028/
0 /p/QSOpt/NAEopt/optZ/runZn4k2resExtplus/part028/
1 /p/QSOpt/NAEopt/optZ/runZn4k2resExtplus/part028/
2 /p/QSOpt/NAEopt/optZ/runZn4k2resExtplus/part028/
3 /p/QSOpt/NAEopt/optZ/runZn4k2resExtplus/part028/
4 /p/QSOpt/NAEopt/optZ/runZn4k2resExtplus/part028/
5 /p/QSOpt/NAEopt/optZ/runZn4k2resExtplus/part028/
6 /p/QSOpt/NAEopt/optZ/runZn4k2resExtplus/part028/
7 /p/QSOpt/NAEopt/optZ/runZn4k2resExtplus/part028/
8 /p/QSOpt/NAEopt/optZ/runZn4k2resExtplus/part028/
9 /p/QSOpt/NAEopt/optZ/runZn4k2resExtplus/part028/
7 /p/QSOpt/NAEopt/optZ/runZn4k2resExtplus/part028/
0 /p/QSOpt/NAEopt/optZ/runZn4k2resExtplus/part028/
1 /p/QSOpt/NAEopt/optZ/runZn4k2resExtplus/part028/
2 /p/QSOpt/NAEopt/optZ/runZn4k2resExtplus/part028/
3 /p/QSOpt/NAEopt/optZ/runZn4k2resExtplus/part028/
4 /p/QSOpt/NAEopt/optZ/runZn4k2resExtplus/part028/
5 /p/QSOpt/NAEopt/optZ/runZn4k2resExtplus/part028/
6 /p/QSOpt/NAEopt/optZ/runZn4k2resExtplus/part028/
7 /p/QSOpt/NAEopt/optZ/runZn4k2resExtplus/part028/
8 /p/QSOpt/NAEopt/optZ/runZn4k2resExtplus/part028/
9 /p/QSOpt/NAEopt/optZ/runZn4k2resExtplus/part028/
8 /p/QSOpt/NAEopt/optZ/runZn4k2resExtplus/part028/
0 /p/QSOpt/NAEopt/optZ/runZn4k2resExtplus/part028/
1 /p/QSOpt/NAEopt/optZ/runZn4k2resExtplus/part028/
2 /p/QSOpt/NAEopt/optZ/runZn4k2resExtplus/part028/
3 /p/QSOpt/NAEopt/optZ/runZn4k2resExtplus/part028/
4 /p/QSOpt/NAEopt/optZ/runZn4k2resExtplus/part028/
5 /p/QSOpt/NAEopt/optZ/runZn4k2resExtplus/part028/
6 /p/QSOpt/NAEopt/optZ/runZn4k2resExtplus/part028/
7 /p/QSOpt/NAEopt/optZ/runZn4k2resExtplus/part028/
8 /p/QSOpt/NAEopt/optZ/runZn4k2resExtplus/part028/
9 /p/QSOpt/NAEopt/optZ/runZn4k2resExtplus/part028/
9 /p/QSOpt/NAEopt/optZ/runZn4k2resExtplus/part028/
0 /p/QSOpt/NAEopt/optZ/runZn4k2resExtplus/part028/
1 /p/QSOpt/NAEopt/optZ/runZn4k2resExtplus/part028/
2 /p/QSOpt/NAEopt/optZ/runZn4k2resExtplus/part028/
3 /p/QSOpt/NAEopt/optZ/runZn4k2resExtplus/part028/
4 /p/QSOpt/NAEopt/optZ/runZn4k2resExtplus/part028/
5 /p/QSOpt/NAEopt/optZ/runZn4k2resExtplus/part028/
6 /p/QSOpt/NAEopt/optZ/runZn4k2resExtplus/part028/
7 /p/QSOpt/NAEopt/optZ/runZn4k2resExtplus/part028/
8 /p/QSOpt/NAEopt/optZ/runZn4k2resExtplus/part028/
9 /p/QSOpt/NAEopt/optZ/runZn4k2resExtplus/part028/
10 /p/QSOpt/NAEopt/optZ/runZn4k2resExtplus/part028/
0 /p/QSOpt/NAEopt/optZ/runZn4k2resExtplus/part028/
1 /p/QSOpt/NAEopt/optZ/runZn4k2resExtplus/part028/
2 /p/QSOpt/NAEopt/optZ/runZn4k2resExtplus/part028/
3 /p/QSOpt/NAEopt/optZ/runZn4k2resExtplus/part028/
4 /p/QSOpt/NAEopt/optZ/runZn4k2resExtplus/part028/
5 /p/QSOpt/NAEopt/optZ/runZn4k2resExtplus/part028/
6 /p/QSOpt/NAEopt/optZ/runZn4k2resExtplus/part028/
7 /p/QSOpt/NAEopt/optZ/runZn4k2resExtplus/part028/
8 /p/QSOpt/NAEopt/optZ/runZn4k2resExtplus/part028/
9 /p/QSOpt/NAEopt/optZ/runZn4k2resExtplus/part028/
11 /p/QSOpt/NAEopt/optZ/runZn4k2resExtplus/part028/
0 /p/QSOpt/NAEopt/optZ/runZn4k2resExtplus/part028/
1 /p/QSOpt/NAEopt/optZ/runZn4k2resExtplus/part028/
2 /p/QSOpt/NAEopt/optZ/runZn4k2resExtplus/part028/
3 /p/QSOpt/NAEopt/optZ/runZn4k2resExtplus/part028/
4 /p/QSOpt/NAEopt/optZ/runZn4k2resExtplus/part028/
5 /p/QSOpt/NAEopt/optZ/runZn4k2resExtplus/part028/
6 /p/QSOpt/NAEopt/optZ/runZn4k2resExtplus/part028/
7 /p/QSOpt/NAEopt/optZ/runZn4k2resExtplus/part028/
8 /p/QSOpt/NAEopt/optZ/runZn4k2resExtplus/part028/
9 /p/QSOpt/NAEopt/optZ/runZn4k2resExtplus/part028/
12 /p/QSOpt/NAEopt/optZ/runZn4k2resExtplus/part028/
0 /p/QSOpt/NAEopt/optZ/runZn4k2resExtplus/part028/
1 /p/QSOpt/NAEopt/optZ/runZn4k2resExtplus/part028/
2 /p/QSOpt/NAEopt/optZ/runZn4k2resExtplus/part028/
3 /p/QSOpt/NAEopt/optZ/runZn4k2resExtplus/part028/
4 /p/QSOpt/NAEopt/optZ/runZn4k2resExtplus/part028/
5 /p/QSOpt/NAEopt/optZ/runZn4k2resExtplus/part028/
6 /p/QSOpt/NAEopt/optZ/runZn4k2resExtplus/part028/
7 /p/QSOpt/NAEopt/optZ/runZn4k2resExtplus/part028/
8 /p/QSOpt/NAEopt/optZ/runZn4k2resExtplus/part028/
9 /p/QSOpt/NAEopt/optZ/runZn4k2resExtplus/part028/
13 /p/QSOpt/NAEopt/optZ/runZn4k2resExtplus/part028/
0 /p/QSOpt/NAEopt/optZ/runZn4k2resExtplus/part028/
1 /p/QSOpt/NAEopt/optZ/runZn4k2resExtplus/part028/
2 /p/QSOpt/NAEopt/optZ/runZn4k2resExtplus/part028/
3 /p/QSOpt/NAEopt/optZ/runZn4k2resExtplus/part028/
4 /p/QSOpt/NAEopt/optZ/runZn4k2resExtplus/part028/
5 /p/QSOpt/NAEopt/optZ/runZn4k2resExtplus/part028/
6 /p/QSOpt/NAEopt/optZ/runZn4k2resExtplus/part028/
7 /p/QSOpt/NAEopt/optZ/runZn4k2resExtplus/part028/
8 /p/QSOpt/NAEopt/optZ/runZn4k2resExtplus/part028/
9 /p/QSOpt/NAEopt/optZ/runZn4k2resExtplus/part028/
14 /p/QSOpt/NAEopt/optZ/runZn4k2resExtplus/part028/
