python optAnhark2optZ.py 15 0.44999999999999996 0.48 10 0.048 0.06 /p/QSOpt/NAEopt/optZ/runZn4k2resExtplus/part060/
0 /p/QSOpt/NAEopt/optZ/runZn4k2resExtplus/part060/
1 /p/QSOpt/NAEopt/optZ/runZn4k2resExtplus/part060/
2 /p/QSOpt/NAEopt/optZ/runZn4k2resExtplus/part060/
3 /p/QSOpt/NAEopt/optZ/runZn4k2resExtplus/part060/
4 /p/QSOpt/NAEopt/optZ/runZn4k2resExtplus/part060/
5 /p/QSOpt/NAEopt/optZ/runZn4k2resExtplus/part060/
6 /p/QSOpt/NAEopt/optZ/runZn4k2resExtplus/part060/
7 /p/QSOpt/NAEopt/optZ/runZn4k2resExtplus/part060/
8 /p/QSOpt/NAEopt/optZ/runZn4k2resExtplus/part060/
9 /p/QSOpt/NAEopt/optZ/runZn4k2resExtplus/part060/
0 /p/QSOpt/NAEopt/optZ/runZn4k2resExtplus/part060/
0 /p/QSOpt/NAEopt/optZ/runZn4k2resExtplus/part060/
1 /p/QSOpt/NAEopt/optZ/runZn4k2resExtplus/part060/
2 /p/QSOpt/NAEopt/optZ/runZn4k2resExtplus/part060/
3 /p/QSOpt/NAEopt/optZ/runZn4k2resExtplus/part060/
4 /p/QSOpt/NAEopt/optZ/runZn4k2resExtplus/part060/
5 /p/QSOpt/NAEopt/optZ/runZn4k2resExtplus/part060/
6 /p/QSOpt/NAEopt/optZ/runZn4k2resExtplus/part060/
7 /p/QSOpt/NAEopt/optZ/runZn4k2resExtplus/part060/
8 /p/QSOpt/NAEopt/optZ/runZn4k2resExtplus/part060/
9 /p/QSOpt/NAEopt/optZ/runZn4k2resExtplus/part060/
1 /p/QSOpt/NAEopt/optZ/runZn4k2resExtplus/part060/
0 /p/QSOpt/NAEopt/optZ/runZn4k2resExtplus/part060/
1 /p/QSOpt/NAEopt/optZ/runZn4k2resExtplus/part060/
2 /p/QSOpt/NAEopt/optZ/runZn4k2resExtplus/part060/
3 /p/QSOpt/NAEopt/optZ/runZn4k2resExtplus/part060/
4 /p/QSOpt/NAEopt/optZ/runZn4k2resExtplus/part060/
5 /p/QSOpt/NAEopt/optZ/runZn4k2resExtplus/part060/
6 /p/QSOpt/NAEopt/optZ/runZn4k2resExtplus/part060/
7 /p/QSOpt/NAEopt/optZ/runZn4k2resExtplus/part060/
8 /p/QSOpt/NAEopt/optZ/runZn4k2resExtplus/part060/
9 /p/QSOpt/NAEopt/optZ/runZn4k2resExtplus/part060/
2 /p/QSOpt/NAEopt/optZ/runZn4k2resExtplus/part060/
0 /p/QSOpt/NAEopt/optZ/runZn4k2resExtplus/part060/
1 /p/QSOpt/NAEopt/optZ/runZn4k2resExtplus/part060/
2 /p/QSOpt/NAEopt/optZ/runZn4k2resExtplus/part060/
3 /p/QSOpt/NAEopt/optZ/runZn4k2resExtplus/part060/
4 /p/QSOpt/NAEopt/optZ/runZn4k2resExtplus/part060/
5 /p/QSOpt/NAEopt/optZ/runZn4k2resExtplus/part060/
6 /p/QSOpt/NAEopt/optZ/runZn4k2resExtplus/part060/
7 /p/QSOpt/NAEopt/optZ/runZn4k2resExtplus/part060/
8 /p/QSOpt/NAEopt/optZ/runZn4k2resExtplus/part060/
9 /p/QSOpt/NAEopt/optZ/runZn4k2resExtplus/part060/
3 /p/QSOpt/NAEopt/optZ/runZn4k2resExtplus/part060/
0 /p/QSOpt/NAEopt/optZ/runZn4k2resExtplus/part060/
1 /p/QSOpt/NAEopt/optZ/runZn4k2resExtplus/part060/
2 /p/QSOpt/NAEopt/optZ/runZn4k2resExtplus/part060/
3 /p/QSOpt/NAEopt/optZ/runZn4k2resExtplus/part060/
4 /p/QSOpt/NAEopt/optZ/runZn4k2resExtplus/part060/
5 /p/QSOpt/NAEopt/optZ/runZn4k2resExtplus/part060/
6 /p/QSOpt/NAEopt/optZ/runZn4k2resExtplus/part060/
7 /p/QSOpt/NAEopt/optZ/runZn4k2resExtplus/part060/
8 /p/QSOpt/NAEopt/optZ/runZn4k2resExtplus/part060/
9 /p/QSOpt/NAEopt/optZ/runZn4k2resExtplus/part060/
4 /p/QSOpt/NAEopt/optZ/runZn4k2resExtplus/part060/
0 /p/QSOpt/NAEopt/optZ/runZn4k2resExtplus/part060/
1 /p/QSOpt/NAEopt/optZ/runZn4k2resExtplus/part060/
2 /p/QSOpt/NAEopt/optZ/runZn4k2resExtplus/part060/
3 /p/QSOpt/NAEopt/optZ/runZn4k2resExtplus/part060/
4 /p/QSOpt/NAEopt/optZ/runZn4k2resExtplus/part060/
5 /p/QSOpt/NAEopt/optZ/runZn4k2resExtplus/part060/
6 /p/QSOpt/NAEopt/optZ/runZn4k2resExtplus/part060/
7 /p/QSOpt/NAEopt/optZ/runZn4k2resExtplus/part060/
8 /p/QSOpt/NAEopt/optZ/runZn4k2resExtplus/part060/
9 /p/QSOpt/NAEopt/optZ/runZn4k2resExtplus/part060/
5 /p/QSOpt/NAEopt/optZ/runZn4k2resExtplus/part060/
0 /p/QSOpt/NAEopt/optZ/runZn4k2resExtplus/part060/
1 /p/QSOpt/NAEopt/optZ/runZn4k2resExtplus/part060/
2 /p/QSOpt/NAEopt/optZ/runZn4k2resExtplus/part060/
3 /p/QSOpt/NAEopt/optZ/runZn4k2resExtplus/part060/
4 /p/QSOpt/NAEopt/optZ/runZn4k2resExtplus/part060/
5 /p/QSOpt/NAEopt/optZ/runZn4k2resExtplus/part060/
6 /p/QSOpt/NAEopt/optZ/runZn4k2resExtplus/part060/
7 /p/QSOpt/NAEopt/optZ/runZn4k2resExtplus/part060/
8 /p/QSOpt/NAEopt/optZ/runZn4k2resExtplus/part060/
9 /p/QSOpt/NAEopt/optZ/runZn4k2resExtplus/part060/
6 /p/QSOpt/NAEopt/optZ/runZn4k2resExtplus/part060/
0 /p/QSOpt/NAEopt/optZ/runZn4k2resExtplus/part060/
1 /p/QSOpt/NAEopt/optZ/runZn4k2resExtplus/part060/
2 /p/QSOpt/NAEopt/optZ/runZn4k2resExtplus/part060/
3 /p/QSOpt/NAEopt/optZ/runZn4k2resExtplus/part060/
4 /p/QSOpt/NAEopt/optZ/runZn4k2resExtplus/part060/
5 /p/QSOpt/NAEopt/optZ/runZn4k2resExtplus/part060/
6 /p/QSOpt/NAEopt/optZ/runZn4k2resExtplus/part060/
7 /p/QSOpt/NAEopt/optZ/runZn4k2resExtplus/part060/
8 /p/QSOpt/NAEopt/optZ/runZn4k2resExtplus/part060/
9 /p/QSOpt/NAEopt/optZ/runZn4k2resExtplus/part060/
7 /p/QSOpt/NAEopt/optZ/runZn4k2resExtplus/part060/
0 /p/QSOpt/NAEopt/optZ/runZn4k2resExtplus/part060/
1 /p/QSOpt/NAEopt/optZ/runZn4k2resExtplus/part060/
2 /p/QSOpt/NAEopt/optZ/runZn4k2resExtplus/part060/
3 /p/QSOpt/NAEopt/optZ/runZn4k2resExtplus/part060/
4 /p/QSOpt/NAEopt/optZ/runZn4k2resExtplus/part060/
5 /p/QSOpt/NAEopt/optZ/runZn4k2resExtplus/part060/
6 /p/QSOpt/NAEopt/optZ/runZn4k2resExtplus/part060/
7 /p/QSOpt/NAEopt/optZ/runZn4k2resExtplus/part060/
8 /p/QSOpt/NAEopt/optZ/runZn4k2resExtplus/part060/
9 /p/QSOpt/NAEopt/optZ/runZn4k2resExtplus/part060/
8 /p/QSOpt/NAEopt/optZ/runZn4k2resExtplus/part060/
0 /p/QSOpt/NAEopt/optZ/runZn4k2resExtplus/part060/
1 /p/QSOpt/NAEopt/optZ/runZn4k2resExtplus/part060/
2 /p/QSOpt/NAEopt/optZ/runZn4k2resExtplus/part060/
3 /p/QSOpt/NAEopt/optZ/runZn4k2resExtplus/part060/
4 /p/QSOpt/NAEopt/optZ/runZn4k2resExtplus/part060/
5 /p/QSOpt/NAEopt/optZ/runZn4k2resExtplus/part060/
6 /p/QSOpt/NAEopt/optZ/runZn4k2resExtplus/part060/
7 /p/QSOpt/NAEopt/optZ/runZn4k2resExtplus/part060/
8 /p/QSOpt/NAEopt/optZ/runZn4k2resExtplus/part060/
9 /p/QSOpt/NAEopt/optZ/runZn4k2resExtplus/part060/
9 /p/QSOpt/NAEopt/optZ/runZn4k2resExtplus/part060/
0 /p/QSOpt/NAEopt/optZ/runZn4k2resExtplus/part060/
1 /p/QSOpt/NAEopt/optZ/runZn4k2resExtplus/part060/
2 /p/QSOpt/NAEopt/optZ/runZn4k2resExtplus/part060/
3 /p/QSOpt/NAEopt/optZ/runZn4k2resExtplus/part060/
4 /p/QSOpt/NAEopt/optZ/runZn4k2resExtplus/part060/
5 /p/QSOpt/NAEopt/optZ/runZn4k2resExtplus/part060/
6 /p/QSOpt/NAEopt/optZ/runZn4k2resExtplus/part060/
7 /p/QSOpt/NAEopt/optZ/runZn4k2resExtplus/part060/
8 /p/QSOpt/NAEopt/optZ/runZn4k2resExtplus/part060/
9 /p/QSOpt/NAEopt/optZ/runZn4k2resExtplus/part060/
10 /p/QSOpt/NAEopt/optZ/runZn4k2resExtplus/part060/
0 /p/QSOpt/NAEopt/optZ/runZn4k2resExtplus/part060/
1 /p/QSOpt/NAEopt/optZ/runZn4k2resExtplus/part060/
2 /p/QSOpt/NAEopt/optZ/runZn4k2resExtplus/part060/
3 /p/QSOpt/NAEopt/optZ/runZn4k2resExtplus/part060/
4 /p/QSOpt/NAEopt/optZ/runZn4k2resExtplus/part060/
5 /p/QSOpt/NAEopt/optZ/runZn4k2resExtplus/part060/
6 /p/QSOpt/NAEopt/optZ/runZn4k2resExtplus/part060/
7 /p/QSOpt/NAEopt/optZ/runZn4k2resExtplus/part060/
8 /p/QSOpt/NAEopt/optZ/runZn4k2resExtplus/part060/
9 /p/QSOpt/NAEopt/optZ/runZn4k2resExtplus/part060/
11 /p/QSOpt/NAEopt/optZ/runZn4k2resExtplus/part060/
0 /p/QSOpt/NAEopt/optZ/runZn4k2resExtplus/part060/
1 /p/QSOpt/NAEopt/optZ/runZn4k2resExtplus/part060/
2 /p/QSOpt/NAEopt/optZ/runZn4k2resExtplus/part060/
3 /p/QSOpt/NAEopt/optZ/runZn4k2resExtplus/part060/
4 /p/QSOpt/NAEopt/optZ/runZn4k2resExtplus/part060/
5 /p/QSOpt/NAEopt/optZ/runZn4k2resExtplus/part060/
6 /p/QSOpt/NAEopt/optZ/runZn4k2resExtplus/part060/
7 /p/QSOpt/NAEopt/optZ/runZn4k2resExtplus/part060/
8 /p/QSOpt/NAEopt/optZ/runZn4k2resExtplus/part060/
9 /p/QSOpt/NAEopt/optZ/runZn4k2resExtplus/part060/
12 /p/QSOpt/NAEopt/optZ/runZn4k2resExtplus/part060/
0 /p/QSOpt/NAEopt/optZ/runZn4k2resExtplus/part060/
1 /p/QSOpt/NAEopt/optZ/runZn4k2resExtplus/part060/
2 /p/QSOpt/NAEopt/optZ/runZn4k2resExtplus/part060/
3 /p/QSOpt/NAEopt/optZ/runZn4k2resExtplus/part060/
4 /p/QSOpt/NAEopt/optZ/runZn4k2resExtplus/part060/
5 /p/QSOpt/NAEopt/optZ/runZn4k2resExtplus/part060/
6 /p/QSOpt/NAEopt/optZ/runZn4k2resExtplus/part060/
7 /p/QSOpt/NAEopt/optZ/runZn4k2resExtplus/part060/
8 /p/QSOpt/NAEopt/optZ/runZn4k2resExtplus/part060/
9 /p/QSOpt/NAEopt/optZ/runZn4k2resExtplus/part060/
13 /p/QSOpt/NAEopt/optZ/runZn4k2resExtplus/part060/
0 /p/QSOpt/NAEopt/optZ/runZn4k2resExtplus/part060/
1 /p/QSOpt/NAEopt/optZ/runZn4k2resExtplus/part060/
2 /p/QSOpt/NAEopt/optZ/runZn4k2resExtplus/part060/
3 /p/QSOpt/NAEopt/optZ/runZn4k2resExtplus/part060/
4 /p/QSOpt/NAEopt/optZ/runZn4k2resExtplus/part060/
5 /p/QSOpt/NAEopt/optZ/runZn4k2resExtplus/part060/
6 /p/QSOpt/NAEopt/optZ/runZn4k2resExtplus/part060/
7 /p/QSOpt/NAEopt/optZ/runZn4k2resExtplus/part060/
8 /p/QSOpt/NAEopt/optZ/runZn4k2resExtplus/part060/
9 /p/QSOpt/NAEopt/optZ/runZn4k2resExtplus/part060/
14 /p/QSOpt/NAEopt/optZ/runZn4k2resExtplus/part060/
