python optAnhark2optZ.py 15 0.5700000000000001 0.6 10 0.01200000000000001 0.024000000000000007 /p/QSOpt/NAEopt/optZ/runZn4k2resExtplus/part097/
0 /p/QSOpt/NAEopt/optZ/runZn4k2resExtplus/part097/
1 /p/QSOpt/NAEopt/optZ/runZn4k2resExtplus/part097/
2 /p/QSOpt/NAEopt/optZ/runZn4k2resExtplus/part097/
3 /p/QSOpt/NAEopt/optZ/runZn4k2resExtplus/part097/
4 /p/QSOpt/NAEopt/optZ/runZn4k2resExtplus/part097/
5 /p/QSOpt/NAEopt/optZ/runZn4k2resExtplus/part097/
6 /p/QSOpt/NAEopt/optZ/runZn4k2resExtplus/part097/
7 /p/QSOpt/NAEopt/optZ/runZn4k2resExtplus/part097/
8 /p/QSOpt/NAEopt/optZ/runZn4k2resExtplus/part097/
9 /p/QSOpt/NAEopt/optZ/runZn4k2resExtplus/part097/
0 /p/QSOpt/NAEopt/optZ/runZn4k2resExtplus/part097/
0 /p/QSOpt/NAEopt/optZ/runZn4k2resExtplus/part097/
1 /p/QSOpt/NAEopt/optZ/runZn4k2resExtplus/part097/
2 /p/QSOpt/NAEopt/optZ/runZn4k2resExtplus/part097/
3 /p/QSOpt/NAEopt/optZ/runZn4k2resExtplus/part097/
4 /p/QSOpt/NAEopt/optZ/runZn4k2resExtplus/part097/
5 /p/QSOpt/NAEopt/optZ/runZn4k2resExtplus/part097/
6 /p/QSOpt/NAEopt/optZ/runZn4k2resExtplus/part097/
7 /p/QSOpt/NAEopt/optZ/runZn4k2resExtplus/part097/
8 /p/QSOpt/NAEopt/optZ/runZn4k2resExtplus/part097/
9 /p/QSOpt/NAEopt/optZ/runZn4k2resExtplus/part097/
1 /p/QSOpt/NAEopt/optZ/runZn4k2resExtplus/part097/
0 /p/QSOpt/NAEopt/optZ/runZn4k2resExtplus/part097/
1 /p/QSOpt/NAEopt/optZ/runZn4k2resExtplus/part097/
2 /p/QSOpt/NAEopt/optZ/runZn4k2resExtplus/part097/
3 /p/QSOpt/NAEopt/optZ/runZn4k2resExtplus/part097/
4 /p/QSOpt/NAEopt/optZ/runZn4k2resExtplus/part097/
5 /p/QSOpt/NAEopt/optZ/runZn4k2resExtplus/part097/
6 /p/QSOpt/NAEopt/optZ/runZn4k2resExtplus/part097/
7 /p/QSOpt/NAEopt/optZ/runZn4k2resExtplus/part097/
8 /p/QSOpt/NAEopt/optZ/runZn4k2resExtplus/part097/
9 /p/QSOpt/NAEopt/optZ/runZn4k2resExtplus/part097/
2 /p/QSOpt/NAEopt/optZ/runZn4k2resExtplus/part097/
0 /p/QSOpt/NAEopt/optZ/runZn4k2resExtplus/part097/
1 /p/QSOpt/NAEopt/optZ/runZn4k2resExtplus/part097/
2 /p/QSOpt/NAEopt/optZ/runZn4k2resExtplus/part097/
3 /p/QSOpt/NAEopt/optZ/runZn4k2resExtplus/part097/
4 /p/QSOpt/NAEopt/optZ/runZn4k2resExtplus/part097/
5 /p/QSOpt/NAEopt/optZ/runZn4k2resExtplus/part097/
6 /p/QSOpt/NAEopt/optZ/runZn4k2resExtplus/part097/
7 /p/QSOpt/NAEopt/optZ/runZn4k2resExtplus/part097/
8 /p/QSOpt/NAEopt/optZ/runZn4k2resExtplus/part097/
9 /p/QSOpt/NAEopt/optZ/runZn4k2resExtplus/part097/
3 /p/QSOpt/NAEopt/optZ/runZn4k2resExtplus/part097/
0 /p/QSOpt/NAEopt/optZ/runZn4k2resExtplus/part097/
1 /p/QSOpt/NAEopt/optZ/runZn4k2resExtplus/part097/
2 /p/QSOpt/NAEopt/optZ/runZn4k2resExtplus/part097/
3 /p/QSOpt/NAEopt/optZ/runZn4k2resExtplus/part097/
4 /p/QSOpt/NAEopt/optZ/runZn4k2resExtplus/part097/
5 /p/QSOpt/NAEopt/optZ/runZn4k2resExtplus/part097/
6 /p/QSOpt/NAEopt/optZ/runZn4k2resExtplus/part097/
7 /p/QSOpt/NAEopt/optZ/runZn4k2resExtplus/part097/
8 /p/QSOpt/NAEopt/optZ/runZn4k2resExtplus/part097/
9 /p/QSOpt/NAEopt/optZ/runZn4k2resExtplus/part097/
4 /p/QSOpt/NAEopt/optZ/runZn4k2resExtplus/part097/
0 /p/QSOpt/NAEopt/optZ/runZn4k2resExtplus/part097/
1 /p/QSOpt/NAEopt/optZ/runZn4k2resExtplus/part097/
2 /p/QSOpt/NAEopt/optZ/runZn4k2resExtplus/part097/
3 /p/QSOpt/NAEopt/optZ/runZn4k2resExtplus/part097/
4 /p/QSOpt/NAEopt/optZ/runZn4k2resExtplus/part097/
5 /p/QSOpt/NAEopt/optZ/runZn4k2resExtplus/part097/
6 /p/QSOpt/NAEopt/optZ/runZn4k2resExtplus/part097/
7 /p/QSOpt/NAEopt/optZ/runZn4k2resExtplus/part097/
8 /p/QSOpt/NAEopt/optZ/runZn4k2resExtplus/part097/
9 /p/QSOpt/NAEopt/optZ/runZn4k2resExtplus/part097/
5 /p/QSOpt/NAEopt/optZ/runZn4k2resExtplus/part097/
0 /p/QSOpt/NAEopt/optZ/runZn4k2resExtplus/part097/
1 /p/QSOpt/NAEopt/optZ/runZn4k2resExtplus/part097/
2 /p/QSOpt/NAEopt/optZ/runZn4k2resExtplus/part097/
3 /p/QSOpt/NAEopt/optZ/runZn4k2resExtplus/part097/
4 /p/QSOpt/NAEopt/optZ/runZn4k2resExtplus/part097/
5 /p/QSOpt/NAEopt/optZ/runZn4k2resExtplus/part097/
6 /p/QSOpt/NAEopt/optZ/runZn4k2resExtplus/part097/
7 /p/QSOpt/NAEopt/optZ/runZn4k2resExtplus/part097/
8 /p/QSOpt/NAEopt/optZ/runZn4k2resExtplus/part097/
9 /p/QSOpt/NAEopt/optZ/runZn4k2resExtplus/part097/
6 /p/QSOpt/NAEopt/optZ/runZn4k2resExtplus/part097/
0 /p/QSOpt/NAEopt/optZ/runZn4k2resExtplus/part097/
1 /p/QSOpt/NAEopt/optZ/runZn4k2resExtplus/part097/
2 /p/QSOpt/NAEopt/optZ/runZn4k2resExtplus/part097/
3 /p/QSOpt/NAEopt/optZ/runZn4k2resExtplus/part097/
4 /p/QSOpt/NAEopt/optZ/runZn4k2resExtplus/part097/
5 /p/QSOpt/NAEopt/optZ/runZn4k2resExtplus/part097/
6 /p/QSOpt/NAEopt/optZ/runZn4k2resExtplus/part097/
7 /p/QSOpt/NAEopt/optZ/runZn4k2resExtplus/part097/
8 /p/QSOpt/NAEopt/optZ/runZn4k2resExtplus/part097/
9 /p/QSOpt/NAEopt/optZ/runZn4k2resExtplus/part097/
7 /p/QSOpt/NAEopt/optZ/runZn4k2resExtplus/part097/
0 /p/QSOpt/NAEopt/optZ/runZn4k2resExtplus/part097/
1 /p/QSOpt/NAEopt/optZ/runZn4k2resExtplus/part097/
2 /p/QSOpt/NAEopt/optZ/runZn4k2resExtplus/part097/
3 /p/QSOpt/NAEopt/optZ/runZn4k2resExtplus/part097/
4 /p/QSOpt/NAEopt/optZ/runZn4k2resExtplus/part097/
5 /p/QSOpt/NAEopt/optZ/runZn4k2resExtplus/part097/
6 /p/QSOpt/NAEopt/optZ/runZn4k2resExtplus/part097/
7 /p/QSOpt/NAEopt/optZ/runZn4k2resExtplus/part097/
8 /p/QSOpt/NAEopt/optZ/runZn4k2resExtplus/part097/
9 /p/QSOpt/NAEopt/optZ/runZn4k2resExtplus/part097/
8 /p/QSOpt/NAEopt/optZ/runZn4k2resExtplus/part097/
0 /p/QSOpt/NAEopt/optZ/runZn4k2resExtplus/part097/
1 /p/QSOpt/NAEopt/optZ/runZn4k2resExtplus/part097/
2 /p/QSOpt/NAEopt/optZ/runZn4k2resExtplus/part097/
3 /p/QSOpt/NAEopt/optZ/runZn4k2resExtplus/part097/
4 /p/QSOpt/NAEopt/optZ/runZn4k2resExtplus/part097/
5 /p/QSOpt/NAEopt/optZ/runZn4k2resExtplus/part097/
6 /p/QSOpt/NAEopt/optZ/runZn4k2resExtplus/part097/
7 /p/QSOpt/NAEopt/optZ/runZn4k2resExtplus/part097/
8 /p/QSOpt/NAEopt/optZ/runZn4k2resExtplus/part097/
9 /p/QSOpt/NAEopt/optZ/runZn4k2resExtplus/part097/
9 /p/QSOpt/NAEopt/optZ/runZn4k2resExtplus/part097/
0 /p/QSOpt/NAEopt/optZ/runZn4k2resExtplus/part097/
1 /p/QSOpt/NAEopt/optZ/runZn4k2resExtplus/part097/
2 /p/QSOpt/NAEopt/optZ/runZn4k2resExtplus/part097/
3 /p/QSOpt/NAEopt/optZ/runZn4k2resExtplus/part097/
4 /p/QSOpt/NAEopt/optZ/runZn4k2resExtplus/part097/
5 /p/QSOpt/NAEopt/optZ/runZn4k2resExtplus/part097/
6 /p/QSOpt/NAEopt/optZ/runZn4k2resExtplus/part097/
7 /p/QSOpt/NAEopt/optZ/runZn4k2resExtplus/part097/
8 /p/QSOpt/NAEopt/optZ/runZn4k2resExtplus/part097/
9 /p/QSOpt/NAEopt/optZ/runZn4k2resExtplus/part097/
10 /p/QSOpt/NAEopt/optZ/runZn4k2resExtplus/part097/
0 /p/QSOpt/NAEopt/optZ/runZn4k2resExtplus/part097/
1 /p/QSOpt/NAEopt/optZ/runZn4k2resExtplus/part097/
2 /p/QSOpt/NAEopt/optZ/runZn4k2resExtplus/part097/
3 /p/QSOpt/NAEopt/optZ/runZn4k2resExtplus/part097/
4 /p/QSOpt/NAEopt/optZ/runZn4k2resExtplus/part097/
5 /p/QSOpt/NAEopt/optZ/runZn4k2resExtplus/part097/
6 /p/QSOpt/NAEopt/optZ/runZn4k2resExtplus/part097/
7 /p/QSOpt/NAEopt/optZ/runZn4k2resExtplus/part097/
8 /p/QSOpt/NAEopt/optZ/runZn4k2resExtplus/part097/
9 /p/QSOpt/NAEopt/optZ/runZn4k2resExtplus/part097/
11 /p/QSOpt/NAEopt/optZ/runZn4k2resExtplus/part097/
0 /p/QSOpt/NAEopt/optZ/runZn4k2resExtplus/part097/
1 /p/QSOpt/NAEopt/optZ/runZn4k2resExtplus/part097/
2 /p/QSOpt/NAEopt/optZ/runZn4k2resExtplus/part097/
3 /p/QSOpt/NAEopt/optZ/runZn4k2resExtplus/part097/
4 /p/QSOpt/NAEopt/optZ/runZn4k2resExtplus/part097/
5 /p/QSOpt/NAEopt/optZ/runZn4k2resExtplus/part097/
6 /p/QSOpt/NAEopt/optZ/runZn4k2resExtplus/part097/
7 /p/QSOpt/NAEopt/optZ/runZn4k2resExtplus/part097/
8 /p/QSOpt/NAEopt/optZ/runZn4k2resExtplus/part097/
9 /p/QSOpt/NAEopt/optZ/runZn4k2resExtplus/part097/
12 /p/QSOpt/NAEopt/optZ/runZn4k2resExtplus/part097/
0 /p/QSOpt/NAEopt/optZ/runZn4k2resExtplus/part097/
1 /p/QSOpt/NAEopt/optZ/runZn4k2resExtplus/part097/
2 /p/QSOpt/NAEopt/optZ/runZn4k2resExtplus/part097/
3 /p/QSOpt/NAEopt/optZ/runZn4k2resExtplus/part097/
4 /p/QSOpt/NAEopt/optZ/runZn4k2resExtplus/part097/
5 /p/QSOpt/NAEopt/optZ/runZn4k2resExtplus/part097/
6 /p/QSOpt/NAEopt/optZ/runZn4k2resExtplus/part097/
7 /p/QSOpt/NAEopt/optZ/runZn4k2resExtplus/part097/
8 /p/QSOpt/NAEopt/optZ/runZn4k2resExtplus/part097/
9 /p/QSOpt/NAEopt/optZ/runZn4k2resExtplus/part097/
13 /p/QSOpt/NAEopt/optZ/runZn4k2resExtplus/part097/
0 /p/QSOpt/NAEopt/optZ/runZn4k2resExtplus/part097/
1 /p/QSOpt/NAEopt/optZ/runZn4k2resExtplus/part097/
2 /p/QSOpt/NAEopt/optZ/runZn4k2resExtplus/part097/
3 /p/QSOpt/NAEopt/optZ/runZn4k2resExtplus/part097/
4 /p/QSOpt/NAEopt/optZ/runZn4k2resExtplus/part097/
5 /p/QSOpt/NAEopt/optZ/runZn4k2resExtplus/part097/
6 /p/QSOpt/NAEopt/optZ/runZn4k2resExtplus/part097/
7 /p/QSOpt/NAEopt/optZ/runZn4k2resExtplus/part097/
8 /p/QSOpt/NAEopt/optZ/runZn4k2resExtplus/part097/
9 /p/QSOpt/NAEopt/optZ/runZn4k2resExtplus/part097/
14 /p/QSOpt/NAEopt/optZ/runZn4k2resExtplus/part097/
