python optAnhark2optZ.py 15 0.39 0.42 10 0.01200000000000001 0.024000000000000007 /p/QSOpt/NAEopt/optZ/runZn4k2resExtplus/part037/
0 /p/QSOpt/NAEopt/optZ/runZn4k2resExtplus/part037/
1 /p/QSOpt/NAEopt/optZ/runZn4k2resExtplus/part037/
2 /p/QSOpt/NAEopt/optZ/runZn4k2resExtplus/part037/
3 /p/QSOpt/NAEopt/optZ/runZn4k2resExtplus/part037/
4 /p/QSOpt/NAEopt/optZ/runZn4k2resExtplus/part037/
5 /p/QSOpt/NAEopt/optZ/runZn4k2resExtplus/part037/
6 /p/QSOpt/NAEopt/optZ/runZn4k2resExtplus/part037/
7 /p/QSOpt/NAEopt/optZ/runZn4k2resExtplus/part037/
8 /p/QSOpt/NAEopt/optZ/runZn4k2resExtplus/part037/
9 /p/QSOpt/NAEopt/optZ/runZn4k2resExtplus/part037/
0 /p/QSOpt/NAEopt/optZ/runZn4k2resExtplus/part037/
0 /p/QSOpt/NAEopt/optZ/runZn4k2resExtplus/part037/
1 /p/QSOpt/NAEopt/optZ/runZn4k2resExtplus/part037/
2 /p/QSOpt/NAEopt/optZ/runZn4k2resExtplus/part037/
3 /p/QSOpt/NAEopt/optZ/runZn4k2resExtplus/part037/
4 /p/QSOpt/NAEopt/optZ/runZn4k2resExtplus/part037/
5 /p/QSOpt/NAEopt/optZ/runZn4k2resExtplus/part037/
6 /p/QSOpt/NAEopt/optZ/runZn4k2resExtplus/part037/
7 /p/QSOpt/NAEopt/optZ/runZn4k2resExtplus/part037/
8 /p/QSOpt/NAEopt/optZ/runZn4k2resExtplus/part037/
9 /p/QSOpt/NAEopt/optZ/runZn4k2resExtplus/part037/
1 /p/QSOpt/NAEopt/optZ/runZn4k2resExtplus/part037/
0 /p/QSOpt/NAEopt/optZ/runZn4k2resExtplus/part037/
1 /p/QSOpt/NAEopt/optZ/runZn4k2resExtplus/part037/
2 /p/QSOpt/NAEopt/optZ/runZn4k2resExtplus/part037/
3 /p/QSOpt/NAEopt/optZ/runZn4k2resExtplus/part037/
4 /p/QSOpt/NAEopt/optZ/runZn4k2resExtplus/part037/
5 /p/QSOpt/NAEopt/optZ/runZn4k2resExtplus/part037/
6 /p/QSOpt/NAEopt/optZ/runZn4k2resExtplus/part037/
7 /p/QSOpt/NAEopt/optZ/runZn4k2resExtplus/part037/
8 /p/QSOpt/NAEopt/optZ/runZn4k2resExtplus/part037/
9 /p/QSOpt/NAEopt/optZ/runZn4k2resExtplus/part037/
2 /p/QSOpt/NAEopt/optZ/runZn4k2resExtplus/part037/
0 /p/QSOpt/NAEopt/optZ/runZn4k2resExtplus/part037/
1 /p/QSOpt/NAEopt/optZ/runZn4k2resExtplus/part037/
2 /p/QSOpt/NAEopt/optZ/runZn4k2resExtplus/part037/
3 /p/QSOpt/NAEopt/optZ/runZn4k2resExtplus/part037/
4 /p/QSOpt/NAEopt/optZ/runZn4k2resExtplus/part037/
5 /p/QSOpt/NAEopt/optZ/runZn4k2resExtplus/part037/
6 /p/QSOpt/NAEopt/optZ/runZn4k2resExtplus/part037/
7 /p/QSOpt/NAEopt/optZ/runZn4k2resExtplus/part037/
8 /p/QSOpt/NAEopt/optZ/runZn4k2resExtplus/part037/
9 /p/QSOpt/NAEopt/optZ/runZn4k2resExtplus/part037/
3 /p/QSOpt/NAEopt/optZ/runZn4k2resExtplus/part037/
0 /p/QSOpt/NAEopt/optZ/runZn4k2resExtplus/part037/
1 /p/QSOpt/NAEopt/optZ/runZn4k2resExtplus/part037/
2 /p/QSOpt/NAEopt/optZ/runZn4k2resExtplus/part037/
3 /p/QSOpt/NAEopt/optZ/runZn4k2resExtplus/part037/
4 /p/QSOpt/NAEopt/optZ/runZn4k2resExtplus/part037/
5 /p/QSOpt/NAEopt/optZ/runZn4k2resExtplus/part037/
6 /p/QSOpt/NAEopt/optZ/runZn4k2resExtplus/part037/
7 /p/QSOpt/NAEopt/optZ/runZn4k2resExtplus/part037/
8 /p/QSOpt/NAEopt/optZ/runZn4k2resExtplus/part037/
9 /p/QSOpt/NAEopt/optZ/runZn4k2resExtplus/part037/
4 /p/QSOpt/NAEopt/optZ/runZn4k2resExtplus/part037/
0 /p/QSOpt/NAEopt/optZ/runZn4k2resExtplus/part037/
1 /p/QSOpt/NAEopt/optZ/runZn4k2resExtplus/part037/
2 /p/QSOpt/NAEopt/optZ/runZn4k2resExtplus/part037/
3 /p/QSOpt/NAEopt/optZ/runZn4k2resExtplus/part037/
4 /p/QSOpt/NAEopt/optZ/runZn4k2resExtplus/part037/
5 /p/QSOpt/NAEopt/optZ/runZn4k2resExtplus/part037/
6 /p/QSOpt/NAEopt/optZ/runZn4k2resExtplus/part037/
7 /p/QSOpt/NAEopt/optZ/runZn4k2resExtplus/part037/
8 /p/QSOpt/NAEopt/optZ/runZn4k2resExtplus/part037/
9 /p/QSOpt/NAEopt/optZ/runZn4k2resExtplus/part037/
5 /p/QSOpt/NAEopt/optZ/runZn4k2resExtplus/part037/
0 /p/QSOpt/NAEopt/optZ/runZn4k2resExtplus/part037/
1 /p/QSOpt/NAEopt/optZ/runZn4k2resExtplus/part037/
2 /p/QSOpt/NAEopt/optZ/runZn4k2resExtplus/part037/
3 /p/QSOpt/NAEopt/optZ/runZn4k2resExtplus/part037/
4 /p/QSOpt/NAEopt/optZ/runZn4k2resExtplus/part037/
5 /p/QSOpt/NAEopt/optZ/runZn4k2resExtplus/part037/
6 /p/QSOpt/NAEopt/optZ/runZn4k2resExtplus/part037/
7 /p/QSOpt/NAEopt/optZ/runZn4k2resExtplus/part037/
8 /p/QSOpt/NAEopt/optZ/runZn4k2resExtplus/part037/
9 /p/QSOpt/NAEopt/optZ/runZn4k2resExtplus/part037/
6 /p/QSOpt/NAEopt/optZ/runZn4k2resExtplus/part037/
0 /p/QSOpt/NAEopt/optZ/runZn4k2resExtplus/part037/
1 /p/QSOpt/NAEopt/optZ/runZn4k2resExtplus/part037/
2 /p/QSOpt/NAEopt/optZ/runZn4k2resExtplus/part037/
3 /p/QSOpt/NAEopt/optZ/runZn4k2resExtplus/part037/
4 /p/QSOpt/NAEopt/optZ/runZn4k2resExtplus/part037/
5 /p/QSOpt/NAEopt/optZ/runZn4k2resExtplus/part037/
6 /p/QSOpt/NAEopt/optZ/runZn4k2resExtplus/part037/
7 /p/QSOpt/NAEopt/optZ/runZn4k2resExtplus/part037/
8 /p/QSOpt/NAEopt/optZ/runZn4k2resExtplus/part037/
9 /p/QSOpt/NAEopt/optZ/runZn4k2resExtplus/part037/
7 /p/QSOpt/NAEopt/optZ/runZn4k2resExtplus/part037/
0 /p/QSOpt/NAEopt/optZ/runZn4k2resExtplus/part037/
1 /p/QSOpt/NAEopt/optZ/runZn4k2resExtplus/part037/
2 /p/QSOpt/NAEopt/optZ/runZn4k2resExtplus/part037/
3 /p/QSOpt/NAEopt/optZ/runZn4k2resExtplus/part037/
4 /p/QSOpt/NAEopt/optZ/runZn4k2resExtplus/part037/
5 /p/QSOpt/NAEopt/optZ/runZn4k2resExtplus/part037/
6 /p/QSOpt/NAEopt/optZ/runZn4k2resExtplus/part037/
7 /p/QSOpt/NAEopt/optZ/runZn4k2resExtplus/part037/
8 /p/QSOpt/NAEopt/optZ/runZn4k2resExtplus/part037/
9 /p/QSOpt/NAEopt/optZ/runZn4k2resExtplus/part037/
8 /p/QSOpt/NAEopt/optZ/runZn4k2resExtplus/part037/
0 /p/QSOpt/NAEopt/optZ/runZn4k2resExtplus/part037/
1 /p/QSOpt/NAEopt/optZ/runZn4k2resExtplus/part037/
2 /p/QSOpt/NAEopt/optZ/runZn4k2resExtplus/part037/
3 /p/QSOpt/NAEopt/optZ/runZn4k2resExtplus/part037/
4 /p/QSOpt/NAEopt/optZ/runZn4k2resExtplus/part037/
5 /p/QSOpt/NAEopt/optZ/runZn4k2resExtplus/part037/
6 /p/QSOpt/NAEopt/optZ/runZn4k2resExtplus/part037/
7 /p/QSOpt/NAEopt/optZ/runZn4k2resExtplus/part037/
8 /p/QSOpt/NAEopt/optZ/runZn4k2resExtplus/part037/
9 /p/QSOpt/NAEopt/optZ/runZn4k2resExtplus/part037/
9 /p/QSOpt/NAEopt/optZ/runZn4k2resExtplus/part037/
0 /p/QSOpt/NAEopt/optZ/runZn4k2resExtplus/part037/
1 /p/QSOpt/NAEopt/optZ/runZn4k2resExtplus/part037/
2 /p/QSOpt/NAEopt/optZ/runZn4k2resExtplus/part037/
3 /p/QSOpt/NAEopt/optZ/runZn4k2resExtplus/part037/
4 /p/QSOpt/NAEopt/optZ/runZn4k2resExtplus/part037/
5 /p/QSOpt/NAEopt/optZ/runZn4k2resExtplus/part037/
6 /p/QSOpt/NAEopt/optZ/runZn4k2resExtplus/part037/
7 /p/QSOpt/NAEopt/optZ/runZn4k2resExtplus/part037/
8 /p/QSOpt/NAEopt/optZ/runZn4k2resExtplus/part037/
9 /p/QSOpt/NAEopt/optZ/runZn4k2resExtplus/part037/
10 /p/QSOpt/NAEopt/optZ/runZn4k2resExtplus/part037/
0 /p/QSOpt/NAEopt/optZ/runZn4k2resExtplus/part037/
1 /p/QSOpt/NAEopt/optZ/runZn4k2resExtplus/part037/
2 /p/QSOpt/NAEopt/optZ/runZn4k2resExtplus/part037/
3 /p/QSOpt/NAEopt/optZ/runZn4k2resExtplus/part037/
4 /p/QSOpt/NAEopt/optZ/runZn4k2resExtplus/part037/
5 /p/QSOpt/NAEopt/optZ/runZn4k2resExtplus/part037/
6 /p/QSOpt/NAEopt/optZ/runZn4k2resExtplus/part037/
7 /p/QSOpt/NAEopt/optZ/runZn4k2resExtplus/part037/
8 /p/QSOpt/NAEopt/optZ/runZn4k2resExtplus/part037/
9 /p/QSOpt/NAEopt/optZ/runZn4k2resExtplus/part037/
11 /p/QSOpt/NAEopt/optZ/runZn4k2resExtplus/part037/
0 /p/QSOpt/NAEopt/optZ/runZn4k2resExtplus/part037/
1 /p/QSOpt/NAEopt/optZ/runZn4k2resExtplus/part037/
2 /p/QSOpt/NAEopt/optZ/runZn4k2resExtplus/part037/
3 /p/QSOpt/NAEopt/optZ/runZn4k2resExtplus/part037/
4 /p/QSOpt/NAEopt/optZ/runZn4k2resExtplus/part037/
5 /p/QSOpt/NAEopt/optZ/runZn4k2resExtplus/part037/
6 /p/QSOpt/NAEopt/optZ/runZn4k2resExtplus/part037/
7 /p/QSOpt/NAEopt/optZ/runZn4k2resExtplus/part037/
8 /p/QSOpt/NAEopt/optZ/runZn4k2resExtplus/part037/
9 /p/QSOpt/NAEopt/optZ/runZn4k2resExtplus/part037/
12 /p/QSOpt/NAEopt/optZ/runZn4k2resExtplus/part037/
0 /p/QSOpt/NAEopt/optZ/runZn4k2resExtplus/part037/
1 /p/QSOpt/NAEopt/optZ/runZn4k2resExtplus/part037/
2 /p/QSOpt/NAEopt/optZ/runZn4k2resExtplus/part037/
3 /p/QSOpt/NAEopt/optZ/runZn4k2resExtplus/part037/
4 /p/QSOpt/NAEopt/optZ/runZn4k2resExtplus/part037/
5 /p/QSOpt/NAEopt/optZ/runZn4k2resExtplus/part037/
6 /p/QSOpt/NAEopt/optZ/runZn4k2resExtplus/part037/
7 /p/QSOpt/NAEopt/optZ/runZn4k2resExtplus/part037/
8 /p/QSOpt/NAEopt/optZ/runZn4k2resExtplus/part037/
9 /p/QSOpt/NAEopt/optZ/runZn4k2resExtplus/part037/
13 /p/QSOpt/NAEopt/optZ/runZn4k2resExtplus/part037/
0 /p/QSOpt/NAEopt/optZ/runZn4k2resExtplus/part037/
1 /p/QSOpt/NAEopt/optZ/runZn4k2resExtplus/part037/
2 /p/QSOpt/NAEopt/optZ/runZn4k2resExtplus/part037/
3 /p/QSOpt/NAEopt/optZ/runZn4k2resExtplus/part037/
4 /p/QSOpt/NAEopt/optZ/runZn4k2resExtplus/part037/
5 /p/QSOpt/NAEopt/optZ/runZn4k2resExtplus/part037/
6 /p/QSOpt/NAEopt/optZ/runZn4k2resExtplus/part037/
7 /p/QSOpt/NAEopt/optZ/runZn4k2resExtplus/part037/
8 /p/QSOpt/NAEopt/optZ/runZn4k2resExtplus/part037/
9 /p/QSOpt/NAEopt/optZ/runZn4k2resExtplus/part037/
14 /p/QSOpt/NAEopt/optZ/runZn4k2resExtplus/part037/
