python optAnhark2optZ.py 15 0.44999999999999996 0.48 10 -0.023999999999999994 -0.011999999999999997 /p/QSOpt/NAEopt/optZ/runZn4k2resExtplus/part054/
0 /p/QSOpt/NAEopt/optZ/runZn4k2resExtplus/part054/
1 /p/QSOpt/NAEopt/optZ/runZn4k2resExtplus/part054/
2 /p/QSOpt/NAEopt/optZ/runZn4k2resExtplus/part054/
3 /p/QSOpt/NAEopt/optZ/runZn4k2resExtplus/part054/
4 /p/QSOpt/NAEopt/optZ/runZn4k2resExtplus/part054/
5 /p/QSOpt/NAEopt/optZ/runZn4k2resExtplus/part054/
6 /p/QSOpt/NAEopt/optZ/runZn4k2resExtplus/part054/
7 /p/QSOpt/NAEopt/optZ/runZn4k2resExtplus/part054/
8 /p/QSOpt/NAEopt/optZ/runZn4k2resExtplus/part054/
9 /p/QSOpt/NAEopt/optZ/runZn4k2resExtplus/part054/
0 /p/QSOpt/NAEopt/optZ/runZn4k2resExtplus/part054/
0 /p/QSOpt/NAEopt/optZ/runZn4k2resExtplus/part054/
1 /p/QSOpt/NAEopt/optZ/runZn4k2resExtplus/part054/
2 /p/QSOpt/NAEopt/optZ/runZn4k2resExtplus/part054/
3 /p/QSOpt/NAEopt/optZ/runZn4k2resExtplus/part054/
4 /p/QSOpt/NAEopt/optZ/runZn4k2resExtplus/part054/
5 /p/QSOpt/NAEopt/optZ/runZn4k2resExtplus/part054/
6 /p/QSOpt/NAEopt/optZ/runZn4k2resExtplus/part054/
7 /p/QSOpt/NAEopt/optZ/runZn4k2resExtplus/part054/
8 /p/QSOpt/NAEopt/optZ/runZn4k2resExtplus/part054/
9 /p/QSOpt/NAEopt/optZ/runZn4k2resExtplus/part054/
1 /p/QSOpt/NAEopt/optZ/runZn4k2resExtplus/part054/
0 /p/QSOpt/NAEopt/optZ/runZn4k2resExtplus/part054/
1 /p/QSOpt/NAEopt/optZ/runZn4k2resExtplus/part054/
2 /p/QSOpt/NAEopt/optZ/runZn4k2resExtplus/part054/
3 /p/QSOpt/NAEopt/optZ/runZn4k2resExtplus/part054/
4 /p/QSOpt/NAEopt/optZ/runZn4k2resExtplus/part054/
5 /p/QSOpt/NAEopt/optZ/runZn4k2resExtplus/part054/
6 /p/QSOpt/NAEopt/optZ/runZn4k2resExtplus/part054/
7 /p/QSOpt/NAEopt/optZ/runZn4k2resExtplus/part054/
8 /p/QSOpt/NAEopt/optZ/runZn4k2resExtplus/part054/
9 /p/QSOpt/NAEopt/optZ/runZn4k2resExtplus/part054/
2 /p/QSOpt/NAEopt/optZ/runZn4k2resExtplus/part054/
0 /p/QSOpt/NAEopt/optZ/runZn4k2resExtplus/part054/
1 /p/QSOpt/NAEopt/optZ/runZn4k2resExtplus/part054/
2 /p/QSOpt/NAEopt/optZ/runZn4k2resExtplus/part054/
3 /p/QSOpt/NAEopt/optZ/runZn4k2resExtplus/part054/
4 /p/QSOpt/NAEopt/optZ/runZn4k2resExtplus/part054/
5 /p/QSOpt/NAEopt/optZ/runZn4k2resExtplus/part054/
6 /p/QSOpt/NAEopt/optZ/runZn4k2resExtplus/part054/
7 /p/QSOpt/NAEopt/optZ/runZn4k2resExtplus/part054/
8 /p/QSOpt/NAEopt/optZ/runZn4k2resExtplus/part054/
9 /p/QSOpt/NAEopt/optZ/runZn4k2resExtplus/part054/
3 /p/QSOpt/NAEopt/optZ/runZn4k2resExtplus/part054/
0 /p/QSOpt/NAEopt/optZ/runZn4k2resExtplus/part054/
1 /p/QSOpt/NAEopt/optZ/runZn4k2resExtplus/part054/
2 /p/QSOpt/NAEopt/optZ/runZn4k2resExtplus/part054/
3 /p/QSOpt/NAEopt/optZ/runZn4k2resExtplus/part054/
4 /p/QSOpt/NAEopt/optZ/runZn4k2resExtplus/part054/
5 /p/QSOpt/NAEopt/optZ/runZn4k2resExtplus/part054/
6 /p/QSOpt/NAEopt/optZ/runZn4k2resExtplus/part054/
7 /p/QSOpt/NAEopt/optZ/runZn4k2resExtplus/part054/
8 /p/QSOpt/NAEopt/optZ/runZn4k2resExtplus/part054/
9 /p/QSOpt/NAEopt/optZ/runZn4k2resExtplus/part054/
4 /p/QSOpt/NAEopt/optZ/runZn4k2resExtplus/part054/
0 /p/QSOpt/NAEopt/optZ/runZn4k2resExtplus/part054/
1 /p/QSOpt/NAEopt/optZ/runZn4k2resExtplus/part054/
2 /p/QSOpt/NAEopt/optZ/runZn4k2resExtplus/part054/
3 /p/QSOpt/NAEopt/optZ/runZn4k2resExtplus/part054/
4 /p/QSOpt/NAEopt/optZ/runZn4k2resExtplus/part054/
5 /p/QSOpt/NAEopt/optZ/runZn4k2resExtplus/part054/
6 /p/QSOpt/NAEopt/optZ/runZn4k2resExtplus/part054/
7 /p/QSOpt/NAEopt/optZ/runZn4k2resExtplus/part054/
8 /p/QSOpt/NAEopt/optZ/runZn4k2resExtplus/part054/
9 /p/QSOpt/NAEopt/optZ/runZn4k2resExtplus/part054/
5 /p/QSOpt/NAEopt/optZ/runZn4k2resExtplus/part054/
0 /p/QSOpt/NAEopt/optZ/runZn4k2resExtplus/part054/
1 /p/QSOpt/NAEopt/optZ/runZn4k2resExtplus/part054/
2 /p/QSOpt/NAEopt/optZ/runZn4k2resExtplus/part054/
3 /p/QSOpt/NAEopt/optZ/runZn4k2resExtplus/part054/
4 /p/QSOpt/NAEopt/optZ/runZn4k2resExtplus/part054/
5 /p/QSOpt/NAEopt/optZ/runZn4k2resExtplus/part054/
6 /p/QSOpt/NAEopt/optZ/runZn4k2resExtplus/part054/
7 /p/QSOpt/NAEopt/optZ/runZn4k2resExtplus/part054/
8 /p/QSOpt/NAEopt/optZ/runZn4k2resExtplus/part054/
9 /p/QSOpt/NAEopt/optZ/runZn4k2resExtplus/part054/
6 /p/QSOpt/NAEopt/optZ/runZn4k2resExtplus/part054/
0 /p/QSOpt/NAEopt/optZ/runZn4k2resExtplus/part054/
1 /p/QSOpt/NAEopt/optZ/runZn4k2resExtplus/part054/
2 /p/QSOpt/NAEopt/optZ/runZn4k2resExtplus/part054/
3 /p/QSOpt/NAEopt/optZ/runZn4k2resExtplus/part054/
4 /p/QSOpt/NAEopt/optZ/runZn4k2resExtplus/part054/
5 /p/QSOpt/NAEopt/optZ/runZn4k2resExtplus/part054/
6 /p/QSOpt/NAEopt/optZ/runZn4k2resExtplus/part054/
7 /p/QSOpt/NAEopt/optZ/runZn4k2resExtplus/part054/
8 /p/QSOpt/NAEopt/optZ/runZn4k2resExtplus/part054/
9 /p/QSOpt/NAEopt/optZ/runZn4k2resExtplus/part054/
7 /p/QSOpt/NAEopt/optZ/runZn4k2resExtplus/part054/
0 /p/QSOpt/NAEopt/optZ/runZn4k2resExtplus/part054/
1 /p/QSOpt/NAEopt/optZ/runZn4k2resExtplus/part054/
2 /p/QSOpt/NAEopt/optZ/runZn4k2resExtplus/part054/
3 /p/QSOpt/NAEopt/optZ/runZn4k2resExtplus/part054/
4 /p/QSOpt/NAEopt/optZ/runZn4k2resExtplus/part054/
5 /p/QSOpt/NAEopt/optZ/runZn4k2resExtplus/part054/
6 /p/QSOpt/NAEopt/optZ/runZn4k2resExtplus/part054/
7 /p/QSOpt/NAEopt/optZ/runZn4k2resExtplus/part054/
8 /p/QSOpt/NAEopt/optZ/runZn4k2resExtplus/part054/
9 /p/QSOpt/NAEopt/optZ/runZn4k2resExtplus/part054/
8 /p/QSOpt/NAEopt/optZ/runZn4k2resExtplus/part054/
0 /p/QSOpt/NAEopt/optZ/runZn4k2resExtplus/part054/
1 /p/QSOpt/NAEopt/optZ/runZn4k2resExtplus/part054/
2 /p/QSOpt/NAEopt/optZ/runZn4k2resExtplus/part054/
3 /p/QSOpt/NAEopt/optZ/runZn4k2resExtplus/part054/
4 /p/QSOpt/NAEopt/optZ/runZn4k2resExtplus/part054/
5 /p/QSOpt/NAEopt/optZ/runZn4k2resExtplus/part054/
6 /p/QSOpt/NAEopt/optZ/runZn4k2resExtplus/part054/
7 /p/QSOpt/NAEopt/optZ/runZn4k2resExtplus/part054/
8 /p/QSOpt/NAEopt/optZ/runZn4k2resExtplus/part054/
9 /p/QSOpt/NAEopt/optZ/runZn4k2resExtplus/part054/
9 /p/QSOpt/NAEopt/optZ/runZn4k2resExtplus/part054/
0 /p/QSOpt/NAEopt/optZ/runZn4k2resExtplus/part054/
1 /p/QSOpt/NAEopt/optZ/runZn4k2resExtplus/part054/
2 /p/QSOpt/NAEopt/optZ/runZn4k2resExtplus/part054/
3 /p/QSOpt/NAEopt/optZ/runZn4k2resExtplus/part054/
4 /p/QSOpt/NAEopt/optZ/runZn4k2resExtplus/part054/
5 /p/QSOpt/NAEopt/optZ/runZn4k2resExtplus/part054/
6 /p/QSOpt/NAEopt/optZ/runZn4k2resExtplus/part054/
7 /p/QSOpt/NAEopt/optZ/runZn4k2resExtplus/part054/
8 /p/QSOpt/NAEopt/optZ/runZn4k2resExtplus/part054/
9 /p/QSOpt/NAEopt/optZ/runZn4k2resExtplus/part054/
10 /p/QSOpt/NAEopt/optZ/runZn4k2resExtplus/part054/
0 /p/QSOpt/NAEopt/optZ/runZn4k2resExtplus/part054/
1 /p/QSOpt/NAEopt/optZ/runZn4k2resExtplus/part054/
2 /p/QSOpt/NAEopt/optZ/runZn4k2resExtplus/part054/
3 /p/QSOpt/NAEopt/optZ/runZn4k2resExtplus/part054/
4 /p/QSOpt/NAEopt/optZ/runZn4k2resExtplus/part054/
5 /p/QSOpt/NAEopt/optZ/runZn4k2resExtplus/part054/
6 /p/QSOpt/NAEopt/optZ/runZn4k2resExtplus/part054/
7 /p/QSOpt/NAEopt/optZ/runZn4k2resExtplus/part054/
8 /p/QSOpt/NAEopt/optZ/runZn4k2resExtplus/part054/
9 /p/QSOpt/NAEopt/optZ/runZn4k2resExtplus/part054/
11 /p/QSOpt/NAEopt/optZ/runZn4k2resExtplus/part054/
0 /p/QSOpt/NAEopt/optZ/runZn4k2resExtplus/part054/
1 /p/QSOpt/NAEopt/optZ/runZn4k2resExtplus/part054/
2 /p/QSOpt/NAEopt/optZ/runZn4k2resExtplus/part054/
3 /p/QSOpt/NAEopt/optZ/runZn4k2resExtplus/part054/
4 /p/QSOpt/NAEopt/optZ/runZn4k2resExtplus/part054/
5 /p/QSOpt/NAEopt/optZ/runZn4k2resExtplus/part054/
6 /p/QSOpt/NAEopt/optZ/runZn4k2resExtplus/part054/
7 /p/QSOpt/NAEopt/optZ/runZn4k2resExtplus/part054/
8 /p/QSOpt/NAEopt/optZ/runZn4k2resExtplus/part054/
9 /p/QSOpt/NAEopt/optZ/runZn4k2resExtplus/part054/
12 /p/QSOpt/NAEopt/optZ/runZn4k2resExtplus/part054/
0 /p/QSOpt/NAEopt/optZ/runZn4k2resExtplus/part054/
1 /p/QSOpt/NAEopt/optZ/runZn4k2resExtplus/part054/
2 /p/QSOpt/NAEopt/optZ/runZn4k2resExtplus/part054/
3 /p/QSOpt/NAEopt/optZ/runZn4k2resExtplus/part054/
4 /p/QSOpt/NAEopt/optZ/runZn4k2resExtplus/part054/
5 /p/QSOpt/NAEopt/optZ/runZn4k2resExtplus/part054/
6 /p/QSOpt/NAEopt/optZ/runZn4k2resExtplus/part054/
7 /p/QSOpt/NAEopt/optZ/runZn4k2resExtplus/part054/
8 /p/QSOpt/NAEopt/optZ/runZn4k2resExtplus/part054/
9 /p/QSOpt/NAEopt/optZ/runZn4k2resExtplus/part054/
13 /p/QSOpt/NAEopt/optZ/runZn4k2resExtplus/part054/
0 /p/QSOpt/NAEopt/optZ/runZn4k2resExtplus/part054/
1 /p/QSOpt/NAEopt/optZ/runZn4k2resExtplus/part054/
2 /p/QSOpt/NAEopt/optZ/runZn4k2resExtplus/part054/
3 /p/QSOpt/NAEopt/optZ/runZn4k2resExtplus/part054/
4 /p/QSOpt/NAEopt/optZ/runZn4k2resExtplus/part054/
5 /p/QSOpt/NAEopt/optZ/runZn4k2resExtplus/part054/
6 /p/QSOpt/NAEopt/optZ/runZn4k2resExtplus/part054/
7 /p/QSOpt/NAEopt/optZ/runZn4k2resExtplus/part054/
8 /p/QSOpt/NAEopt/optZ/runZn4k2resExtplus/part054/
9 /p/QSOpt/NAEopt/optZ/runZn4k2resExtplus/part054/
14 /p/QSOpt/NAEopt/optZ/runZn4k2resExtplus/part054/
