python optAnhark2optZ.py 15 0.36 0.39 10 -0.011999999999999997 0.0 /p/QSOpt/NAEopt/optZ/runZn4k2resExtplus/part025/
0 /p/QSOpt/NAEopt/optZ/runZn4k2resExtplus/part025/
1 /p/QSOpt/NAEopt/optZ/runZn4k2resExtplus/part025/
2 /p/QSOpt/NAEopt/optZ/runZn4k2resExtplus/part025/
3 /p/QSOpt/NAEopt/optZ/runZn4k2resExtplus/part025/
4 /p/QSOpt/NAEopt/optZ/runZn4k2resExtplus/part025/
5 /p/QSOpt/NAEopt/optZ/runZn4k2resExtplus/part025/
6 /p/QSOpt/NAEopt/optZ/runZn4k2resExtplus/part025/
7 /p/QSOpt/NAEopt/optZ/runZn4k2resExtplus/part025/
8 /p/QSOpt/NAEopt/optZ/runZn4k2resExtplus/part025/
9 /p/QSOpt/NAEopt/optZ/runZn4k2resExtplus/part025/
0 /p/QSOpt/NAEopt/optZ/runZn4k2resExtplus/part025/
0 /p/QSOpt/NAEopt/optZ/runZn4k2resExtplus/part025/
1 /p/QSOpt/NAEopt/optZ/runZn4k2resExtplus/part025/
2 /p/QSOpt/NAEopt/optZ/runZn4k2resExtplus/part025/
3 /p/QSOpt/NAEopt/optZ/runZn4k2resExtplus/part025/
4 /p/QSOpt/NAEopt/optZ/runZn4k2resExtplus/part025/
5 /p/QSOpt/NAEopt/optZ/runZn4k2resExtplus/part025/
6 /p/QSOpt/NAEopt/optZ/runZn4k2resExtplus/part025/
7 /p/QSOpt/NAEopt/optZ/runZn4k2resExtplus/part025/
8 /p/QSOpt/NAEopt/optZ/runZn4k2resExtplus/part025/
9 /p/QSOpt/NAEopt/optZ/runZn4k2resExtplus/part025/
1 /p/QSOpt/NAEopt/optZ/runZn4k2resExtplus/part025/
0 /p/QSOpt/NAEopt/optZ/runZn4k2resExtplus/part025/
1 /p/QSOpt/NAEopt/optZ/runZn4k2resExtplus/part025/
2 /p/QSOpt/NAEopt/optZ/runZn4k2resExtplus/part025/
3 /p/QSOpt/NAEopt/optZ/runZn4k2resExtplus/part025/
4 /p/QSOpt/NAEopt/optZ/runZn4k2resExtplus/part025/
5 /p/QSOpt/NAEopt/optZ/runZn4k2resExtplus/part025/
6 /p/QSOpt/NAEopt/optZ/runZn4k2resExtplus/part025/
7 /p/QSOpt/NAEopt/optZ/runZn4k2resExtplus/part025/
8 /p/QSOpt/NAEopt/optZ/runZn4k2resExtplus/part025/
9 /p/QSOpt/NAEopt/optZ/runZn4k2resExtplus/part025/
2 /p/QSOpt/NAEopt/optZ/runZn4k2resExtplus/part025/
0 /p/QSOpt/NAEopt/optZ/runZn4k2resExtplus/part025/
1 /p/QSOpt/NAEopt/optZ/runZn4k2resExtplus/part025/
2 /p/QSOpt/NAEopt/optZ/runZn4k2resExtplus/part025/
3 /p/QSOpt/NAEopt/optZ/runZn4k2resExtplus/part025/
4 /p/QSOpt/NAEopt/optZ/runZn4k2resExtplus/part025/
5 /p/QSOpt/NAEopt/optZ/runZn4k2resExtplus/part025/
6 /p/QSOpt/NAEopt/optZ/runZn4k2resExtplus/part025/
7 /p/QSOpt/NAEopt/optZ/runZn4k2resExtplus/part025/
8 /p/QSOpt/NAEopt/optZ/runZn4k2resExtplus/part025/
9 /p/QSOpt/NAEopt/optZ/runZn4k2resExtplus/part025/
3 /p/QSOpt/NAEopt/optZ/runZn4k2resExtplus/part025/
0 /p/QSOpt/NAEopt/optZ/runZn4k2resExtplus/part025/
1 /p/QSOpt/NAEopt/optZ/runZn4k2resExtplus/part025/
2 /p/QSOpt/NAEopt/optZ/runZn4k2resExtplus/part025/
3 /p/QSOpt/NAEopt/optZ/runZn4k2resExtplus/part025/
4 /p/QSOpt/NAEopt/optZ/runZn4k2resExtplus/part025/
5 /p/QSOpt/NAEopt/optZ/runZn4k2resExtplus/part025/
6 /p/QSOpt/NAEopt/optZ/runZn4k2resExtplus/part025/
7 /p/QSOpt/NAEopt/optZ/runZn4k2resExtplus/part025/
8 /p/QSOpt/NAEopt/optZ/runZn4k2resExtplus/part025/
9 /p/QSOpt/NAEopt/optZ/runZn4k2resExtplus/part025/
4 /p/QSOpt/NAEopt/optZ/runZn4k2resExtplus/part025/
0 /p/QSOpt/NAEopt/optZ/runZn4k2resExtplus/part025/
1 /p/QSOpt/NAEopt/optZ/runZn4k2resExtplus/part025/
2 /p/QSOpt/NAEopt/optZ/runZn4k2resExtplus/part025/
3 /p/QSOpt/NAEopt/optZ/runZn4k2resExtplus/part025/
4 /p/QSOpt/NAEopt/optZ/runZn4k2resExtplus/part025/
5 /p/QSOpt/NAEopt/optZ/runZn4k2resExtplus/part025/
6 /p/QSOpt/NAEopt/optZ/runZn4k2resExtplus/part025/
7 /p/QSOpt/NAEopt/optZ/runZn4k2resExtplus/part025/
8 /p/QSOpt/NAEopt/optZ/runZn4k2resExtplus/part025/
9 /p/QSOpt/NAEopt/optZ/runZn4k2resExtplus/part025/
5 /p/QSOpt/NAEopt/optZ/runZn4k2resExtplus/part025/
0 /p/QSOpt/NAEopt/optZ/runZn4k2resExtplus/part025/
1 /p/QSOpt/NAEopt/optZ/runZn4k2resExtplus/part025/
2 /p/QSOpt/NAEopt/optZ/runZn4k2resExtplus/part025/
3 /p/QSOpt/NAEopt/optZ/runZn4k2resExtplus/part025/
4 /p/QSOpt/NAEopt/optZ/runZn4k2resExtplus/part025/
5 /p/QSOpt/NAEopt/optZ/runZn4k2resExtplus/part025/
6 /p/QSOpt/NAEopt/optZ/runZn4k2resExtplus/part025/
7 /p/QSOpt/NAEopt/optZ/runZn4k2resExtplus/part025/
8 /p/QSOpt/NAEopt/optZ/runZn4k2resExtplus/part025/
9 /p/QSOpt/NAEopt/optZ/runZn4k2resExtplus/part025/
6 /p/QSOpt/NAEopt/optZ/runZn4k2resExtplus/part025/
0 /p/QSOpt/NAEopt/optZ/runZn4k2resExtplus/part025/
1 /p/QSOpt/NAEopt/optZ/runZn4k2resExtplus/part025/
2 /p/QSOpt/NAEopt/optZ/runZn4k2resExtplus/part025/
3 /p/QSOpt/NAEopt/optZ/runZn4k2resExtplus/part025/
4 /p/QSOpt/NAEopt/optZ/runZn4k2resExtplus/part025/
5 /p/QSOpt/NAEopt/optZ/runZn4k2resExtplus/part025/
6 /p/QSOpt/NAEopt/optZ/runZn4k2resExtplus/part025/
7 /p/QSOpt/NAEopt/optZ/runZn4k2resExtplus/part025/
8 /p/QSOpt/NAEopt/optZ/runZn4k2resExtplus/part025/
9 /p/QSOpt/NAEopt/optZ/runZn4k2resExtplus/part025/
7 /p/QSOpt/NAEopt/optZ/runZn4k2resExtplus/part025/
0 /p/QSOpt/NAEopt/optZ/runZn4k2resExtplus/part025/
1 /p/QSOpt/NAEopt/optZ/runZn4k2resExtplus/part025/
2 /p/QSOpt/NAEopt/optZ/runZn4k2resExtplus/part025/
3 /p/QSOpt/NAEopt/optZ/runZn4k2resExtplus/part025/
4 /p/QSOpt/NAEopt/optZ/runZn4k2resExtplus/part025/
5 /p/QSOpt/NAEopt/optZ/runZn4k2resExtplus/part025/
6 /p/QSOpt/NAEopt/optZ/runZn4k2resExtplus/part025/
7 /p/QSOpt/NAEopt/optZ/runZn4k2resExtplus/part025/
8 /p/QSOpt/NAEopt/optZ/runZn4k2resExtplus/part025/
9 /p/QSOpt/NAEopt/optZ/runZn4k2resExtplus/part025/
8 /p/QSOpt/NAEopt/optZ/runZn4k2resExtplus/part025/
0 /p/QSOpt/NAEopt/optZ/runZn4k2resExtplus/part025/
1 /p/QSOpt/NAEopt/optZ/runZn4k2resExtplus/part025/
2 /p/QSOpt/NAEopt/optZ/runZn4k2resExtplus/part025/
3 /p/QSOpt/NAEopt/optZ/runZn4k2resExtplus/part025/
4 /p/QSOpt/NAEopt/optZ/runZn4k2resExtplus/part025/
5 /p/QSOpt/NAEopt/optZ/runZn4k2resExtplus/part025/
6 /p/QSOpt/NAEopt/optZ/runZn4k2resExtplus/part025/
7 /p/QSOpt/NAEopt/optZ/runZn4k2resExtplus/part025/
8 /p/QSOpt/NAEopt/optZ/runZn4k2resExtplus/part025/
9 /p/QSOpt/NAEopt/optZ/runZn4k2resExtplus/part025/
9 /p/QSOpt/NAEopt/optZ/runZn4k2resExtplus/part025/
0 /p/QSOpt/NAEopt/optZ/runZn4k2resExtplus/part025/
1 /p/QSOpt/NAEopt/optZ/runZn4k2resExtplus/part025/
2 /p/QSOpt/NAEopt/optZ/runZn4k2resExtplus/part025/
3 /p/QSOpt/NAEopt/optZ/runZn4k2resExtplus/part025/
4 /p/QSOpt/NAEopt/optZ/runZn4k2resExtplus/part025/
5 /p/QSOpt/NAEopt/optZ/runZn4k2resExtplus/part025/
6 /p/QSOpt/NAEopt/optZ/runZn4k2resExtplus/part025/
7 /p/QSOpt/NAEopt/optZ/runZn4k2resExtplus/part025/
8 /p/QSOpt/NAEopt/optZ/runZn4k2resExtplus/part025/
9 /p/QSOpt/NAEopt/optZ/runZn4k2resExtplus/part025/
10 /p/QSOpt/NAEopt/optZ/runZn4k2resExtplus/part025/
0 /p/QSOpt/NAEopt/optZ/runZn4k2resExtplus/part025/
1 /p/QSOpt/NAEopt/optZ/runZn4k2resExtplus/part025/
2 /p/QSOpt/NAEopt/optZ/runZn4k2resExtplus/part025/
3 /p/QSOpt/NAEopt/optZ/runZn4k2resExtplus/part025/
4 /p/QSOpt/NAEopt/optZ/runZn4k2resExtplus/part025/
5 /p/QSOpt/NAEopt/optZ/runZn4k2resExtplus/part025/
6 /p/QSOpt/NAEopt/optZ/runZn4k2resExtplus/part025/
7 /p/QSOpt/NAEopt/optZ/runZn4k2resExtplus/part025/
8 /p/QSOpt/NAEopt/optZ/runZn4k2resExtplus/part025/
9 /p/QSOpt/NAEopt/optZ/runZn4k2resExtplus/part025/
11 /p/QSOpt/NAEopt/optZ/runZn4k2resExtplus/part025/
0 /p/QSOpt/NAEopt/optZ/runZn4k2resExtplus/part025/
1 /p/QSOpt/NAEopt/optZ/runZn4k2resExtplus/part025/
2 /p/QSOpt/NAEopt/optZ/runZn4k2resExtplus/part025/
3 /p/QSOpt/NAEopt/optZ/runZn4k2resExtplus/part025/
4 /p/QSOpt/NAEopt/optZ/runZn4k2resExtplus/part025/
5 /p/QSOpt/NAEopt/optZ/runZn4k2resExtplus/part025/
6 /p/QSOpt/NAEopt/optZ/runZn4k2resExtplus/part025/
7 /p/QSOpt/NAEopt/optZ/runZn4k2resExtplus/part025/
8 /p/QSOpt/NAEopt/optZ/runZn4k2resExtplus/part025/
9 /p/QSOpt/NAEopt/optZ/runZn4k2resExtplus/part025/
12 /p/QSOpt/NAEopt/optZ/runZn4k2resExtplus/part025/
0 /p/QSOpt/NAEopt/optZ/runZn4k2resExtplus/part025/
1 /p/QSOpt/NAEopt/optZ/runZn4k2resExtplus/part025/
2 /p/QSOpt/NAEopt/optZ/runZn4k2resExtplus/part025/
3 /p/QSOpt/NAEopt/optZ/runZn4k2resExtplus/part025/
4 /p/QSOpt/NAEopt/optZ/runZn4k2resExtplus/part025/
5 /p/QSOpt/NAEopt/optZ/runZn4k2resExtplus/part025/
6 /p/QSOpt/NAEopt/optZ/runZn4k2resExtplus/part025/
7 /p/QSOpt/NAEopt/optZ/runZn4k2resExtplus/part025/
8 /p/QSOpt/NAEopt/optZ/runZn4k2resExtplus/part025/
9 /p/QSOpt/NAEopt/optZ/runZn4k2resExtplus/part025/
13 /p/QSOpt/NAEopt/optZ/runZn4k2resExtplus/part025/
0 /p/QSOpt/NAEopt/optZ/runZn4k2resExtplus/part025/
1 /p/QSOpt/NAEopt/optZ/runZn4k2resExtplus/part025/
2 /p/QSOpt/NAEopt/optZ/runZn4k2resExtplus/part025/
3 /p/QSOpt/NAEopt/optZ/runZn4k2resExtplus/part025/
4 /p/QSOpt/NAEopt/optZ/runZn4k2resExtplus/part025/
5 /p/QSOpt/NAEopt/optZ/runZn4k2resExtplus/part025/
6 /p/QSOpt/NAEopt/optZ/runZn4k2resExtplus/part025/
7 /p/QSOpt/NAEopt/optZ/runZn4k2resExtplus/part025/
8 /p/QSOpt/NAEopt/optZ/runZn4k2resExtplus/part025/
9 /p/QSOpt/NAEopt/optZ/runZn4k2resExtplus/part025/
14 /p/QSOpt/NAEopt/optZ/runZn4k2resExtplus/part025/
