python optAnhark2optZ.py 15 0.39 0.42 10 -0.048 -0.036 /p/QSOpt/NAEopt/optZ/runZn4k2resExtplus/part032/
0 /p/QSOpt/NAEopt/optZ/runZn4k2resExtplus/part032/
1 /p/QSOpt/NAEopt/optZ/runZn4k2resExtplus/part032/
2 /p/QSOpt/NAEopt/optZ/runZn4k2resExtplus/part032/
3 /p/QSOpt/NAEopt/optZ/runZn4k2resExtplus/part032/
4 /p/QSOpt/NAEopt/optZ/runZn4k2resExtplus/part032/
5 /p/QSOpt/NAEopt/optZ/runZn4k2resExtplus/part032/
6 /p/QSOpt/NAEopt/optZ/runZn4k2resExtplus/part032/
7 /p/QSOpt/NAEopt/optZ/runZn4k2resExtplus/part032/
8 /p/QSOpt/NAEopt/optZ/runZn4k2resExtplus/part032/
9 /p/QSOpt/NAEopt/optZ/runZn4k2resExtplus/part032/
0 /p/QSOpt/NAEopt/optZ/runZn4k2resExtplus/part032/
0 /p/QSOpt/NAEopt/optZ/runZn4k2resExtplus/part032/
1 /p/QSOpt/NAEopt/optZ/runZn4k2resExtplus/part032/
2 /p/QSOpt/NAEopt/optZ/runZn4k2resExtplus/part032/
3 /p/QSOpt/NAEopt/optZ/runZn4k2resExtplus/part032/
4 /p/QSOpt/NAEopt/optZ/runZn4k2resExtplus/part032/
5 /p/QSOpt/NAEopt/optZ/runZn4k2resExtplus/part032/
6 /p/QSOpt/NAEopt/optZ/runZn4k2resExtplus/part032/
7 /p/QSOpt/NAEopt/optZ/runZn4k2resExtplus/part032/
8 /p/QSOpt/NAEopt/optZ/runZn4k2resExtplus/part032/
9 /p/QSOpt/NAEopt/optZ/runZn4k2resExtplus/part032/
1 /p/QSOpt/NAEopt/optZ/runZn4k2resExtplus/part032/
0 /p/QSOpt/NAEopt/optZ/runZn4k2resExtplus/part032/
1 /p/QSOpt/NAEopt/optZ/runZn4k2resExtplus/part032/
2 /p/QSOpt/NAEopt/optZ/runZn4k2resExtplus/part032/
3 /p/QSOpt/NAEopt/optZ/runZn4k2resExtplus/part032/
4 /p/QSOpt/NAEopt/optZ/runZn4k2resExtplus/part032/
5 /p/QSOpt/NAEopt/optZ/runZn4k2resExtplus/part032/
6 /p/QSOpt/NAEopt/optZ/runZn4k2resExtplus/part032/
7 /p/QSOpt/NAEopt/optZ/runZn4k2resExtplus/part032/
8 /p/QSOpt/NAEopt/optZ/runZn4k2resExtplus/part032/
9 /p/QSOpt/NAEopt/optZ/runZn4k2resExtplus/part032/
2 /p/QSOpt/NAEopt/optZ/runZn4k2resExtplus/part032/
0 /p/QSOpt/NAEopt/optZ/runZn4k2resExtplus/part032/
1 /p/QSOpt/NAEopt/optZ/runZn4k2resExtplus/part032/
2 /p/QSOpt/NAEopt/optZ/runZn4k2resExtplus/part032/
3 /p/QSOpt/NAEopt/optZ/runZn4k2resExtplus/part032/
4 /p/QSOpt/NAEopt/optZ/runZn4k2resExtplus/part032/
5 /p/QSOpt/NAEopt/optZ/runZn4k2resExtplus/part032/
6 /p/QSOpt/NAEopt/optZ/runZn4k2resExtplus/part032/
7 /p/QSOpt/NAEopt/optZ/runZn4k2resExtplus/part032/
8 /p/QSOpt/NAEopt/optZ/runZn4k2resExtplus/part032/
9 /p/QSOpt/NAEopt/optZ/runZn4k2resExtplus/part032/
3 /p/QSOpt/NAEopt/optZ/runZn4k2resExtplus/part032/
0 /p/QSOpt/NAEopt/optZ/runZn4k2resExtplus/part032/
1 /p/QSOpt/NAEopt/optZ/runZn4k2resExtplus/part032/
2 /p/QSOpt/NAEopt/optZ/runZn4k2resExtplus/part032/
3 /p/QSOpt/NAEopt/optZ/runZn4k2resExtplus/part032/
4 /p/QSOpt/NAEopt/optZ/runZn4k2resExtplus/part032/
5 /p/QSOpt/NAEopt/optZ/runZn4k2resExtplus/part032/
6 /p/QSOpt/NAEopt/optZ/runZn4k2resExtplus/part032/
7 /p/QSOpt/NAEopt/optZ/runZn4k2resExtplus/part032/
8 /p/QSOpt/NAEopt/optZ/runZn4k2resExtplus/part032/
9 /p/QSOpt/NAEopt/optZ/runZn4k2resExtplus/part032/
4 /p/QSOpt/NAEopt/optZ/runZn4k2resExtplus/part032/
0 /p/QSOpt/NAEopt/optZ/runZn4k2resExtplus/part032/
1 /p/QSOpt/NAEopt/optZ/runZn4k2resExtplus/part032/
2 /p/QSOpt/NAEopt/optZ/runZn4k2resExtplus/part032/
3 /p/QSOpt/NAEopt/optZ/runZn4k2resExtplus/part032/
4 /p/QSOpt/NAEopt/optZ/runZn4k2resExtplus/part032/
5 /p/QSOpt/NAEopt/optZ/runZn4k2resExtplus/part032/
6 /p/QSOpt/NAEopt/optZ/runZn4k2resExtplus/part032/
7 /p/QSOpt/NAEopt/optZ/runZn4k2resExtplus/part032/
8 /p/QSOpt/NAEopt/optZ/runZn4k2resExtplus/part032/
9 /p/QSOpt/NAEopt/optZ/runZn4k2resExtplus/part032/
5 /p/QSOpt/NAEopt/optZ/runZn4k2resExtplus/part032/
0 /p/QSOpt/NAEopt/optZ/runZn4k2resExtplus/part032/
1 /p/QSOpt/NAEopt/optZ/runZn4k2resExtplus/part032/
2 /p/QSOpt/NAEopt/optZ/runZn4k2resExtplus/part032/
3 /p/QSOpt/NAEopt/optZ/runZn4k2resExtplus/part032/
4 /p/QSOpt/NAEopt/optZ/runZn4k2resExtplus/part032/
5 /p/QSOpt/NAEopt/optZ/runZn4k2resExtplus/part032/
6 /p/QSOpt/NAEopt/optZ/runZn4k2resExtplus/part032/
7 /p/QSOpt/NAEopt/optZ/runZn4k2resExtplus/part032/
8 /p/QSOpt/NAEopt/optZ/runZn4k2resExtplus/part032/
9 /p/QSOpt/NAEopt/optZ/runZn4k2resExtplus/part032/
6 /p/QSOpt/NAEopt/optZ/runZn4k2resExtplus/part032/
0 /p/QSOpt/NAEopt/optZ/runZn4k2resExtplus/part032/
1 /p/QSOpt/NAEopt/optZ/runZn4k2resExtplus/part032/
2 /p/QSOpt/NAEopt/optZ/runZn4k2resExtplus/part032/
3 /p/QSOpt/NAEopt/optZ/runZn4k2resExtplus/part032/
4 /p/QSOpt/NAEopt/optZ/runZn4k2resExtplus/part032/
5 /p/QSOpt/NAEopt/optZ/runZn4k2resExtplus/part032/
6 /p/QSOpt/NAEopt/optZ/runZn4k2resExtplus/part032/
7 /p/QSOpt/NAEopt/optZ/runZn4k2resExtplus/part032/
8 /p/QSOpt/NAEopt/optZ/runZn4k2resExtplus/part032/
9 /p/QSOpt/NAEopt/optZ/runZn4k2resExtplus/part032/
7 /p/QSOpt/NAEopt/optZ/runZn4k2resExtplus/part032/
0 /p/QSOpt/NAEopt/optZ/runZn4k2resExtplus/part032/
1 /p/QSOpt/NAEopt/optZ/runZn4k2resExtplus/part032/
2 /p/QSOpt/NAEopt/optZ/runZn4k2resExtplus/part032/
3 /p/QSOpt/NAEopt/optZ/runZn4k2resExtplus/part032/
4 /p/QSOpt/NAEopt/optZ/runZn4k2resExtplus/part032/
5 /p/QSOpt/NAEopt/optZ/runZn4k2resExtplus/part032/
6 /p/QSOpt/NAEopt/optZ/runZn4k2resExtplus/part032/
7 /p/QSOpt/NAEopt/optZ/runZn4k2resExtplus/part032/
8 /p/QSOpt/NAEopt/optZ/runZn4k2resExtplus/part032/
9 /p/QSOpt/NAEopt/optZ/runZn4k2resExtplus/part032/
8 /p/QSOpt/NAEopt/optZ/runZn4k2resExtplus/part032/
0 /p/QSOpt/NAEopt/optZ/runZn4k2resExtplus/part032/
1 /p/QSOpt/NAEopt/optZ/runZn4k2resExtplus/part032/
2 /p/QSOpt/NAEopt/optZ/runZn4k2resExtplus/part032/
3 /p/QSOpt/NAEopt/optZ/runZn4k2resExtplus/part032/
4 /p/QSOpt/NAEopt/optZ/runZn4k2resExtplus/part032/
5 /p/QSOpt/NAEopt/optZ/runZn4k2resExtplus/part032/
6 /p/QSOpt/NAEopt/optZ/runZn4k2resExtplus/part032/
7 /p/QSOpt/NAEopt/optZ/runZn4k2resExtplus/part032/
8 /p/QSOpt/NAEopt/optZ/runZn4k2resExtplus/part032/
9 /p/QSOpt/NAEopt/optZ/runZn4k2resExtplus/part032/
9 /p/QSOpt/NAEopt/optZ/runZn4k2resExtplus/part032/
0 /p/QSOpt/NAEopt/optZ/runZn4k2resExtplus/part032/
1 /p/QSOpt/NAEopt/optZ/runZn4k2resExtplus/part032/
2 /p/QSOpt/NAEopt/optZ/runZn4k2resExtplus/part032/
3 /p/QSOpt/NAEopt/optZ/runZn4k2resExtplus/part032/
4 /p/QSOpt/NAEopt/optZ/runZn4k2resExtplus/part032/
5 /p/QSOpt/NAEopt/optZ/runZn4k2resExtplus/part032/
6 /p/QSOpt/NAEopt/optZ/runZn4k2resExtplus/part032/
7 /p/QSOpt/NAEopt/optZ/runZn4k2resExtplus/part032/
8 /p/QSOpt/NAEopt/optZ/runZn4k2resExtplus/part032/
9 /p/QSOpt/NAEopt/optZ/runZn4k2resExtplus/part032/
10 /p/QSOpt/NAEopt/optZ/runZn4k2resExtplus/part032/
0 /p/QSOpt/NAEopt/optZ/runZn4k2resExtplus/part032/
1 /p/QSOpt/NAEopt/optZ/runZn4k2resExtplus/part032/
2 /p/QSOpt/NAEopt/optZ/runZn4k2resExtplus/part032/
3 /p/QSOpt/NAEopt/optZ/runZn4k2resExtplus/part032/
4 /p/QSOpt/NAEopt/optZ/runZn4k2resExtplus/part032/
5 /p/QSOpt/NAEopt/optZ/runZn4k2resExtplus/part032/
6 /p/QSOpt/NAEopt/optZ/runZn4k2resExtplus/part032/
7 /p/QSOpt/NAEopt/optZ/runZn4k2resExtplus/part032/
8 /p/QSOpt/NAEopt/optZ/runZn4k2resExtplus/part032/
9 /p/QSOpt/NAEopt/optZ/runZn4k2resExtplus/part032/
11 /p/QSOpt/NAEopt/optZ/runZn4k2resExtplus/part032/
0 /p/QSOpt/NAEopt/optZ/runZn4k2resExtplus/part032/
1 /p/QSOpt/NAEopt/optZ/runZn4k2resExtplus/part032/
2 /p/QSOpt/NAEopt/optZ/runZn4k2resExtplus/part032/
3 /p/QSOpt/NAEopt/optZ/runZn4k2resExtplus/part032/
4 /p/QSOpt/NAEopt/optZ/runZn4k2resExtplus/part032/
5 /p/QSOpt/NAEopt/optZ/runZn4k2resExtplus/part032/
6 /p/QSOpt/NAEopt/optZ/runZn4k2resExtplus/part032/
7 /p/QSOpt/NAEopt/optZ/runZn4k2resExtplus/part032/
8 /p/QSOpt/NAEopt/optZ/runZn4k2resExtplus/part032/
9 /p/QSOpt/NAEopt/optZ/runZn4k2resExtplus/part032/
12 /p/QSOpt/NAEopt/optZ/runZn4k2resExtplus/part032/
0 /p/QSOpt/NAEopt/optZ/runZn4k2resExtplus/part032/
1 /p/QSOpt/NAEopt/optZ/runZn4k2resExtplus/part032/
2 /p/QSOpt/NAEopt/optZ/runZn4k2resExtplus/part032/
3 /p/QSOpt/NAEopt/optZ/runZn4k2resExtplus/part032/
4 /p/QSOpt/NAEopt/optZ/runZn4k2resExtplus/part032/
5 /p/QSOpt/NAEopt/optZ/runZn4k2resExtplus/part032/
6 /p/QSOpt/NAEopt/optZ/runZn4k2resExtplus/part032/
7 /p/QSOpt/NAEopt/optZ/runZn4k2resExtplus/part032/
8 /p/QSOpt/NAEopt/optZ/runZn4k2resExtplus/part032/
9 /p/QSOpt/NAEopt/optZ/runZn4k2resExtplus/part032/
13 /p/QSOpt/NAEopt/optZ/runZn4k2resExtplus/part032/
0 /p/QSOpt/NAEopt/optZ/runZn4k2resExtplus/part032/
1 /p/QSOpt/NAEopt/optZ/runZn4k2resExtplus/part032/
2 /p/QSOpt/NAEopt/optZ/runZn4k2resExtplus/part032/
3 /p/QSOpt/NAEopt/optZ/runZn4k2resExtplus/part032/
4 /p/QSOpt/NAEopt/optZ/runZn4k2resExtplus/part032/
5 /p/QSOpt/NAEopt/optZ/runZn4k2resExtplus/part032/
6 /p/QSOpt/NAEopt/optZ/runZn4k2resExtplus/part032/
7 /p/QSOpt/NAEopt/optZ/runZn4k2resExtplus/part032/
8 /p/QSOpt/NAEopt/optZ/runZn4k2resExtplus/part032/
9 /p/QSOpt/NAEopt/optZ/runZn4k2resExtplus/part032/
14 /p/QSOpt/NAEopt/optZ/runZn4k2resExtplus/part032/
