python optAnhark2optZ.py 15 0.54 0.5700000000000001 10 -0.011999999999999997 0.0 /p/QSOpt/NAEopt/optZ/runZn4k2resExtplus/part085/
0 /p/QSOpt/NAEopt/optZ/runZn4k2resExtplus/part085/
1 /p/QSOpt/NAEopt/optZ/runZn4k2resExtplus/part085/
2 /p/QSOpt/NAEopt/optZ/runZn4k2resExtplus/part085/
3 /p/QSOpt/NAEopt/optZ/runZn4k2resExtplus/part085/
4 /p/QSOpt/NAEopt/optZ/runZn4k2resExtplus/part085/
5 /p/QSOpt/NAEopt/optZ/runZn4k2resExtplus/part085/
6 /p/QSOpt/NAEopt/optZ/runZn4k2resExtplus/part085/
7 /p/QSOpt/NAEopt/optZ/runZn4k2resExtplus/part085/
8 /p/QSOpt/NAEopt/optZ/runZn4k2resExtplus/part085/
9 /p/QSOpt/NAEopt/optZ/runZn4k2resExtplus/part085/
0 /p/QSOpt/NAEopt/optZ/runZn4k2resExtplus/part085/
0 /p/QSOpt/NAEopt/optZ/runZn4k2resExtplus/part085/
1 /p/QSOpt/NAEopt/optZ/runZn4k2resExtplus/part085/
2 /p/QSOpt/NAEopt/optZ/runZn4k2resExtplus/part085/
3 /p/QSOpt/NAEopt/optZ/runZn4k2resExtplus/part085/
4 /p/QSOpt/NAEopt/optZ/runZn4k2resExtplus/part085/
5 /p/QSOpt/NAEopt/optZ/runZn4k2resExtplus/part085/
6 /p/QSOpt/NAEopt/optZ/runZn4k2resExtplus/part085/
7 /p/QSOpt/NAEopt/optZ/runZn4k2resExtplus/part085/
8 /p/QSOpt/NAEopt/optZ/runZn4k2resExtplus/part085/
9 /p/QSOpt/NAEopt/optZ/runZn4k2resExtplus/part085/
1 /p/QSOpt/NAEopt/optZ/runZn4k2resExtplus/part085/
0 /p/QSOpt/NAEopt/optZ/runZn4k2resExtplus/part085/
1 /p/QSOpt/NAEopt/optZ/runZn4k2resExtplus/part085/
2 /p/QSOpt/NAEopt/optZ/runZn4k2resExtplus/part085/
3 /p/QSOpt/NAEopt/optZ/runZn4k2resExtplus/part085/
4 /p/QSOpt/NAEopt/optZ/runZn4k2resExtplus/part085/
5 /p/QSOpt/NAEopt/optZ/runZn4k2resExtplus/part085/
6 /p/QSOpt/NAEopt/optZ/runZn4k2resExtplus/part085/
7 /p/QSOpt/NAEopt/optZ/runZn4k2resExtplus/part085/
8 /p/QSOpt/NAEopt/optZ/runZn4k2resExtplus/part085/
9 /p/QSOpt/NAEopt/optZ/runZn4k2resExtplus/part085/
2 /p/QSOpt/NAEopt/optZ/runZn4k2resExtplus/part085/
0 /p/QSOpt/NAEopt/optZ/runZn4k2resExtplus/part085/
1 /p/QSOpt/NAEopt/optZ/runZn4k2resExtplus/part085/
2 /p/QSOpt/NAEopt/optZ/runZn4k2resExtplus/part085/
3 /p/QSOpt/NAEopt/optZ/runZn4k2resExtplus/part085/
4 /p/QSOpt/NAEopt/optZ/runZn4k2resExtplus/part085/
5 /p/QSOpt/NAEopt/optZ/runZn4k2resExtplus/part085/
6 /p/QSOpt/NAEopt/optZ/runZn4k2resExtplus/part085/
7 /p/QSOpt/NAEopt/optZ/runZn4k2resExtplus/part085/
8 /p/QSOpt/NAEopt/optZ/runZn4k2resExtplus/part085/
9 /p/QSOpt/NAEopt/optZ/runZn4k2resExtplus/part085/
3 /p/QSOpt/NAEopt/optZ/runZn4k2resExtplus/part085/
0 /p/QSOpt/NAEopt/optZ/runZn4k2resExtplus/part085/
1 /p/QSOpt/NAEopt/optZ/runZn4k2resExtplus/part085/
2 /p/QSOpt/NAEopt/optZ/runZn4k2resExtplus/part085/
3 /p/QSOpt/NAEopt/optZ/runZn4k2resExtplus/part085/
4 /p/QSOpt/NAEopt/optZ/runZn4k2resExtplus/part085/
5 /p/QSOpt/NAEopt/optZ/runZn4k2resExtplus/part085/
6 /p/QSOpt/NAEopt/optZ/runZn4k2resExtplus/part085/
7 /p/QSOpt/NAEopt/optZ/runZn4k2resExtplus/part085/
8 /p/QSOpt/NAEopt/optZ/runZn4k2resExtplus/part085/
9 /p/QSOpt/NAEopt/optZ/runZn4k2resExtplus/part085/
4 /p/QSOpt/NAEopt/optZ/runZn4k2resExtplus/part085/
0 /p/QSOpt/NAEopt/optZ/runZn4k2resExtplus/part085/
1 /p/QSOpt/NAEopt/optZ/runZn4k2resExtplus/part085/
2 /p/QSOpt/NAEopt/optZ/runZn4k2resExtplus/part085/
3 /p/QSOpt/NAEopt/optZ/runZn4k2resExtplus/part085/
4 /p/QSOpt/NAEopt/optZ/runZn4k2resExtplus/part085/
5 /p/QSOpt/NAEopt/optZ/runZn4k2resExtplus/part085/
6 /p/QSOpt/NAEopt/optZ/runZn4k2resExtplus/part085/
7 /p/QSOpt/NAEopt/optZ/runZn4k2resExtplus/part085/
8 /p/QSOpt/NAEopt/optZ/runZn4k2resExtplus/part085/
9 /p/QSOpt/NAEopt/optZ/runZn4k2resExtplus/part085/
5 /p/QSOpt/NAEopt/optZ/runZn4k2resExtplus/part085/
0 /p/QSOpt/NAEopt/optZ/runZn4k2resExtplus/part085/
1 /p/QSOpt/NAEopt/optZ/runZn4k2resExtplus/part085/
2 /p/QSOpt/NAEopt/optZ/runZn4k2resExtplus/part085/
3 /p/QSOpt/NAEopt/optZ/runZn4k2resExtplus/part085/
4 /p/QSOpt/NAEopt/optZ/runZn4k2resExtplus/part085/
5 /p/QSOpt/NAEopt/optZ/runZn4k2resExtplus/part085/
6 /p/QSOpt/NAEopt/optZ/runZn4k2resExtplus/part085/
7 /p/QSOpt/NAEopt/optZ/runZn4k2resExtplus/part085/
8 /p/QSOpt/NAEopt/optZ/runZn4k2resExtplus/part085/
9 /p/QSOpt/NAEopt/optZ/runZn4k2resExtplus/part085/
6 /p/QSOpt/NAEopt/optZ/runZn4k2resExtplus/part085/
0 /p/QSOpt/NAEopt/optZ/runZn4k2resExtplus/part085/
1 /p/QSOpt/NAEopt/optZ/runZn4k2resExtplus/part085/
2 /p/QSOpt/NAEopt/optZ/runZn4k2resExtplus/part085/
3 /p/QSOpt/NAEopt/optZ/runZn4k2resExtplus/part085/
4 /p/QSOpt/NAEopt/optZ/runZn4k2resExtplus/part085/
5 /p/QSOpt/NAEopt/optZ/runZn4k2resExtplus/part085/
6 /p/QSOpt/NAEopt/optZ/runZn4k2resExtplus/part085/
7 /p/QSOpt/NAEopt/optZ/runZn4k2resExtplus/part085/
8 /p/QSOpt/NAEopt/optZ/runZn4k2resExtplus/part085/
9 /p/QSOpt/NAEopt/optZ/runZn4k2resExtplus/part085/
7 /p/QSOpt/NAEopt/optZ/runZn4k2resExtplus/part085/
0 /p/QSOpt/NAEopt/optZ/runZn4k2resExtplus/part085/
1 /p/QSOpt/NAEopt/optZ/runZn4k2resExtplus/part085/
2 /p/QSOpt/NAEopt/optZ/runZn4k2resExtplus/part085/
3 /p/QSOpt/NAEopt/optZ/runZn4k2resExtplus/part085/
4 /p/QSOpt/NAEopt/optZ/runZn4k2resExtplus/part085/
5 /p/QSOpt/NAEopt/optZ/runZn4k2resExtplus/part085/
6 /p/QSOpt/NAEopt/optZ/runZn4k2resExtplus/part085/
7 /p/QSOpt/NAEopt/optZ/runZn4k2resExtplus/part085/
8 /p/QSOpt/NAEopt/optZ/runZn4k2resExtplus/part085/
9 /p/QSOpt/NAEopt/optZ/runZn4k2resExtplus/part085/
8 /p/QSOpt/NAEopt/optZ/runZn4k2resExtplus/part085/
0 /p/QSOpt/NAEopt/optZ/runZn4k2resExtplus/part085/
1 /p/QSOpt/NAEopt/optZ/runZn4k2resExtplus/part085/
2 /p/QSOpt/NAEopt/optZ/runZn4k2resExtplus/part085/
3 /p/QSOpt/NAEopt/optZ/runZn4k2resExtplus/part085/
4 /p/QSOpt/NAEopt/optZ/runZn4k2resExtplus/part085/
5 /p/QSOpt/NAEopt/optZ/runZn4k2resExtplus/part085/
6 /p/QSOpt/NAEopt/optZ/runZn4k2resExtplus/part085/
7 /p/QSOpt/NAEopt/optZ/runZn4k2resExtplus/part085/
8 /p/QSOpt/NAEopt/optZ/runZn4k2resExtplus/part085/
9 /p/QSOpt/NAEopt/optZ/runZn4k2resExtplus/part085/
9 /p/QSOpt/NAEopt/optZ/runZn4k2resExtplus/part085/
0 /p/QSOpt/NAEopt/optZ/runZn4k2resExtplus/part085/
1 /p/QSOpt/NAEopt/optZ/runZn4k2resExtplus/part085/
2 /p/QSOpt/NAEopt/optZ/runZn4k2resExtplus/part085/
3 /p/QSOpt/NAEopt/optZ/runZn4k2resExtplus/part085/
4 /p/QSOpt/NAEopt/optZ/runZn4k2resExtplus/part085/
5 /p/QSOpt/NAEopt/optZ/runZn4k2resExtplus/part085/
6 /p/QSOpt/NAEopt/optZ/runZn4k2resExtplus/part085/
7 /p/QSOpt/NAEopt/optZ/runZn4k2resExtplus/part085/
8 /p/QSOpt/NAEopt/optZ/runZn4k2resExtplus/part085/
9 /p/QSOpt/NAEopt/optZ/runZn4k2resExtplus/part085/
10 /p/QSOpt/NAEopt/optZ/runZn4k2resExtplus/part085/
0 /p/QSOpt/NAEopt/optZ/runZn4k2resExtplus/part085/
1 /p/QSOpt/NAEopt/optZ/runZn4k2resExtplus/part085/
2 /p/QSOpt/NAEopt/optZ/runZn4k2resExtplus/part085/
3 /p/QSOpt/NAEopt/optZ/runZn4k2resExtplus/part085/
4 /p/QSOpt/NAEopt/optZ/runZn4k2resExtplus/part085/
5 /p/QSOpt/NAEopt/optZ/runZn4k2resExtplus/part085/
6 /p/QSOpt/NAEopt/optZ/runZn4k2resExtplus/part085/
7 /p/QSOpt/NAEopt/optZ/runZn4k2resExtplus/part085/
8 /p/QSOpt/NAEopt/optZ/runZn4k2resExtplus/part085/
9 /p/QSOpt/NAEopt/optZ/runZn4k2resExtplus/part085/
11 /p/QSOpt/NAEopt/optZ/runZn4k2resExtplus/part085/
0 /p/QSOpt/NAEopt/optZ/runZn4k2resExtplus/part085/
1 /p/QSOpt/NAEopt/optZ/runZn4k2resExtplus/part085/
2 /p/QSOpt/NAEopt/optZ/runZn4k2resExtplus/part085/
3 /p/QSOpt/NAEopt/optZ/runZn4k2resExtplus/part085/
4 /p/QSOpt/NAEopt/optZ/runZn4k2resExtplus/part085/
5 /p/QSOpt/NAEopt/optZ/runZn4k2resExtplus/part085/
6 /p/QSOpt/NAEopt/optZ/runZn4k2resExtplus/part085/
7 /p/QSOpt/NAEopt/optZ/runZn4k2resExtplus/part085/
8 /p/QSOpt/NAEopt/optZ/runZn4k2resExtplus/part085/
9 /p/QSOpt/NAEopt/optZ/runZn4k2resExtplus/part085/
12 /p/QSOpt/NAEopt/optZ/runZn4k2resExtplus/part085/
0 /p/QSOpt/NAEopt/optZ/runZn4k2resExtplus/part085/
1 /p/QSOpt/NAEopt/optZ/runZn4k2resExtplus/part085/
2 /p/QSOpt/NAEopt/optZ/runZn4k2resExtplus/part085/
3 /p/QSOpt/NAEopt/optZ/runZn4k2resExtplus/part085/
4 /p/QSOpt/NAEopt/optZ/runZn4k2resExtplus/part085/
5 /p/QSOpt/NAEopt/optZ/runZn4k2resExtplus/part085/
6 /p/QSOpt/NAEopt/optZ/runZn4k2resExtplus/part085/
7 /p/QSOpt/NAEopt/optZ/runZn4k2resExtplus/part085/
8 /p/QSOpt/NAEopt/optZ/runZn4k2resExtplus/part085/
9 /p/QSOpt/NAEopt/optZ/runZn4k2resExtplus/part085/
13 /p/QSOpt/NAEopt/optZ/runZn4k2resExtplus/part085/
0 /p/QSOpt/NAEopt/optZ/runZn4k2resExtplus/part085/
1 /p/QSOpt/NAEopt/optZ/runZn4k2resExtplus/part085/
2 /p/QSOpt/NAEopt/optZ/runZn4k2resExtplus/part085/
3 /p/QSOpt/NAEopt/optZ/runZn4k2resExtplus/part085/
4 /p/QSOpt/NAEopt/optZ/runZn4k2resExtplus/part085/
5 /p/QSOpt/NAEopt/optZ/runZn4k2resExtplus/part085/
6 /p/QSOpt/NAEopt/optZ/runZn4k2resExtplus/part085/
7 /p/QSOpt/NAEopt/optZ/runZn4k2resExtplus/part085/
8 /p/QSOpt/NAEopt/optZ/runZn4k2resExtplus/part085/
9 /p/QSOpt/NAEopt/optZ/runZn4k2resExtplus/part085/
14 /p/QSOpt/NAEopt/optZ/runZn4k2resExtplus/part085/
