python optAnhark2optZ.py 15 0.42 0.44999999999999996 10 0.048 0.06 /p/QSOpt/NAEopt/optZ/runZn4k2resExtplus/part050/
0 /p/QSOpt/NAEopt/optZ/runZn4k2resExtplus/part050/
1 /p/QSOpt/NAEopt/optZ/runZn4k2resExtplus/part050/
2 /p/QSOpt/NAEopt/optZ/runZn4k2resExtplus/part050/
3 /p/QSOpt/NAEopt/optZ/runZn4k2resExtplus/part050/
4 /p/QSOpt/NAEopt/optZ/runZn4k2resExtplus/part050/
5 /p/QSOpt/NAEopt/optZ/runZn4k2resExtplus/part050/
6 /p/QSOpt/NAEopt/optZ/runZn4k2resExtplus/part050/
7 /p/QSOpt/NAEopt/optZ/runZn4k2resExtplus/part050/
8 /p/QSOpt/NAEopt/optZ/runZn4k2resExtplus/part050/
9 /p/QSOpt/NAEopt/optZ/runZn4k2resExtplus/part050/
0 /p/QSOpt/NAEopt/optZ/runZn4k2resExtplus/part050/
0 /p/QSOpt/NAEopt/optZ/runZn4k2resExtplus/part050/
1 /p/QSOpt/NAEopt/optZ/runZn4k2resExtplus/part050/
2 /p/QSOpt/NAEopt/optZ/runZn4k2resExtplus/part050/
3 /p/QSOpt/NAEopt/optZ/runZn4k2resExtplus/part050/
4 /p/QSOpt/NAEopt/optZ/runZn4k2resExtplus/part050/
5 /p/QSOpt/NAEopt/optZ/runZn4k2resExtplus/part050/
6 /p/QSOpt/NAEopt/optZ/runZn4k2resExtplus/part050/
7 /p/QSOpt/NAEopt/optZ/runZn4k2resExtplus/part050/
8 /p/QSOpt/NAEopt/optZ/runZn4k2resExtplus/part050/
9 /p/QSOpt/NAEopt/optZ/runZn4k2resExtplus/part050/
1 /p/QSOpt/NAEopt/optZ/runZn4k2resExtplus/part050/
0 /p/QSOpt/NAEopt/optZ/runZn4k2resExtplus/part050/
1 /p/QSOpt/NAEopt/optZ/runZn4k2resExtplus/part050/
2 /p/QSOpt/NAEopt/optZ/runZn4k2resExtplus/part050/
3 /p/QSOpt/NAEopt/optZ/runZn4k2resExtplus/part050/
4 /p/QSOpt/NAEopt/optZ/runZn4k2resExtplus/part050/
5 /p/QSOpt/NAEopt/optZ/runZn4k2resExtplus/part050/
6 /p/QSOpt/NAEopt/optZ/runZn4k2resExtplus/part050/
7 /p/QSOpt/NAEopt/optZ/runZn4k2resExtplus/part050/
8 /p/QSOpt/NAEopt/optZ/runZn4k2resExtplus/part050/
9 /p/QSOpt/NAEopt/optZ/runZn4k2resExtplus/part050/
2 /p/QSOpt/NAEopt/optZ/runZn4k2resExtplus/part050/
0 /p/QSOpt/NAEopt/optZ/runZn4k2resExtplus/part050/
1 /p/QSOpt/NAEopt/optZ/runZn4k2resExtplus/part050/
2 /p/QSOpt/NAEopt/optZ/runZn4k2resExtplus/part050/
3 /p/QSOpt/NAEopt/optZ/runZn4k2resExtplus/part050/
4 /p/QSOpt/NAEopt/optZ/runZn4k2resExtplus/part050/
5 /p/QSOpt/NAEopt/optZ/runZn4k2resExtplus/part050/
6 /p/QSOpt/NAEopt/optZ/runZn4k2resExtplus/part050/
7 /p/QSOpt/NAEopt/optZ/runZn4k2resExtplus/part050/
8 /p/QSOpt/NAEopt/optZ/runZn4k2resExtplus/part050/
9 /p/QSOpt/NAEopt/optZ/runZn4k2resExtplus/part050/
3 /p/QSOpt/NAEopt/optZ/runZn4k2resExtplus/part050/
0 /p/QSOpt/NAEopt/optZ/runZn4k2resExtplus/part050/
1 /p/QSOpt/NAEopt/optZ/runZn4k2resExtplus/part050/
2 /p/QSOpt/NAEopt/optZ/runZn4k2resExtplus/part050/
3 /p/QSOpt/NAEopt/optZ/runZn4k2resExtplus/part050/
4 /p/QSOpt/NAEopt/optZ/runZn4k2resExtplus/part050/
5 /p/QSOpt/NAEopt/optZ/runZn4k2resExtplus/part050/
6 /p/QSOpt/NAEopt/optZ/runZn4k2resExtplus/part050/
7 /p/QSOpt/NAEopt/optZ/runZn4k2resExtplus/part050/
8 /p/QSOpt/NAEopt/optZ/runZn4k2resExtplus/part050/
9 /p/QSOpt/NAEopt/optZ/runZn4k2resExtplus/part050/
4 /p/QSOpt/NAEopt/optZ/runZn4k2resExtplus/part050/
0 /p/QSOpt/NAEopt/optZ/runZn4k2resExtplus/part050/
1 /p/QSOpt/NAEopt/optZ/runZn4k2resExtplus/part050/
2 /p/QSOpt/NAEopt/optZ/runZn4k2resExtplus/part050/
3 /p/QSOpt/NAEopt/optZ/runZn4k2resExtplus/part050/
4 /p/QSOpt/NAEopt/optZ/runZn4k2resExtplus/part050/
5 /p/QSOpt/NAEopt/optZ/runZn4k2resExtplus/part050/
6 /p/QSOpt/NAEopt/optZ/runZn4k2resExtplus/part050/
7 /p/QSOpt/NAEopt/optZ/runZn4k2resExtplus/part050/
8 /p/QSOpt/NAEopt/optZ/runZn4k2resExtplus/part050/
9 /p/QSOpt/NAEopt/optZ/runZn4k2resExtplus/part050/
5 /p/QSOpt/NAEopt/optZ/runZn4k2resExtplus/part050/
0 /p/QSOpt/NAEopt/optZ/runZn4k2resExtplus/part050/
1 /p/QSOpt/NAEopt/optZ/runZn4k2resExtplus/part050/
2 /p/QSOpt/NAEopt/optZ/runZn4k2resExtplus/part050/
3 /p/QSOpt/NAEopt/optZ/runZn4k2resExtplus/part050/
4 /p/QSOpt/NAEopt/optZ/runZn4k2resExtplus/part050/
5 /p/QSOpt/NAEopt/optZ/runZn4k2resExtplus/part050/
6 /p/QSOpt/NAEopt/optZ/runZn4k2resExtplus/part050/
7 /p/QSOpt/NAEopt/optZ/runZn4k2resExtplus/part050/
8 /p/QSOpt/NAEopt/optZ/runZn4k2resExtplus/part050/
9 /p/QSOpt/NAEopt/optZ/runZn4k2resExtplus/part050/
6 /p/QSOpt/NAEopt/optZ/runZn4k2resExtplus/part050/
0 /p/QSOpt/NAEopt/optZ/runZn4k2resExtplus/part050/
1 /p/QSOpt/NAEopt/optZ/runZn4k2resExtplus/part050/
2 /p/QSOpt/NAEopt/optZ/runZn4k2resExtplus/part050/
3 /p/QSOpt/NAEopt/optZ/runZn4k2resExtplus/part050/
4 /p/QSOpt/NAEopt/optZ/runZn4k2resExtplus/part050/
5 /p/QSOpt/NAEopt/optZ/runZn4k2resExtplus/part050/
6 /p/QSOpt/NAEopt/optZ/runZn4k2resExtplus/part050/
7 /p/QSOpt/NAEopt/optZ/runZn4k2resExtplus/part050/
8 /p/QSOpt/NAEopt/optZ/runZn4k2resExtplus/part050/
9 /p/QSOpt/NAEopt/optZ/runZn4k2resExtplus/part050/
7 /p/QSOpt/NAEopt/optZ/runZn4k2resExtplus/part050/
0 /p/QSOpt/NAEopt/optZ/runZn4k2resExtplus/part050/
1 /p/QSOpt/NAEopt/optZ/runZn4k2resExtplus/part050/
2 /p/QSOpt/NAEopt/optZ/runZn4k2resExtplus/part050/
3 /p/QSOpt/NAEopt/optZ/runZn4k2resExtplus/part050/
4 /p/QSOpt/NAEopt/optZ/runZn4k2resExtplus/part050/
5 /p/QSOpt/NAEopt/optZ/runZn4k2resExtplus/part050/
6 /p/QSOpt/NAEopt/optZ/runZn4k2resExtplus/part050/
7 /p/QSOpt/NAEopt/optZ/runZn4k2resExtplus/part050/
8 /p/QSOpt/NAEopt/optZ/runZn4k2resExtplus/part050/
9 /p/QSOpt/NAEopt/optZ/runZn4k2resExtplus/part050/
8 /p/QSOpt/NAEopt/optZ/runZn4k2resExtplus/part050/
0 /p/QSOpt/NAEopt/optZ/runZn4k2resExtplus/part050/
1 /p/QSOpt/NAEopt/optZ/runZn4k2resExtplus/part050/
2 /p/QSOpt/NAEopt/optZ/runZn4k2resExtplus/part050/
3 /p/QSOpt/NAEopt/optZ/runZn4k2resExtplus/part050/
4 /p/QSOpt/NAEopt/optZ/runZn4k2resExtplus/part050/
5 /p/QSOpt/NAEopt/optZ/runZn4k2resExtplus/part050/
6 /p/QSOpt/NAEopt/optZ/runZn4k2resExtplus/part050/
7 /p/QSOpt/NAEopt/optZ/runZn4k2resExtplus/part050/
8 /p/QSOpt/NAEopt/optZ/runZn4k2resExtplus/part050/
9 /p/QSOpt/NAEopt/optZ/runZn4k2resExtplus/part050/
9 /p/QSOpt/NAEopt/optZ/runZn4k2resExtplus/part050/
0 /p/QSOpt/NAEopt/optZ/runZn4k2resExtplus/part050/
1 /p/QSOpt/NAEopt/optZ/runZn4k2resExtplus/part050/
2 /p/QSOpt/NAEopt/optZ/runZn4k2resExtplus/part050/
3 /p/QSOpt/NAEopt/optZ/runZn4k2resExtplus/part050/
4 /p/QSOpt/NAEopt/optZ/runZn4k2resExtplus/part050/
5 /p/QSOpt/NAEopt/optZ/runZn4k2resExtplus/part050/
6 /p/QSOpt/NAEopt/optZ/runZn4k2resExtplus/part050/
7 /p/QSOpt/NAEopt/optZ/runZn4k2resExtplus/part050/
8 /p/QSOpt/NAEopt/optZ/runZn4k2resExtplus/part050/
9 /p/QSOpt/NAEopt/optZ/runZn4k2resExtplus/part050/
10 /p/QSOpt/NAEopt/optZ/runZn4k2resExtplus/part050/
0 /p/QSOpt/NAEopt/optZ/runZn4k2resExtplus/part050/
1 /p/QSOpt/NAEopt/optZ/runZn4k2resExtplus/part050/
2 /p/QSOpt/NAEopt/optZ/runZn4k2resExtplus/part050/
3 /p/QSOpt/NAEopt/optZ/runZn4k2resExtplus/part050/
4 /p/QSOpt/NAEopt/optZ/runZn4k2resExtplus/part050/
5 /p/QSOpt/NAEopt/optZ/runZn4k2resExtplus/part050/
6 /p/QSOpt/NAEopt/optZ/runZn4k2resExtplus/part050/
7 /p/QSOpt/NAEopt/optZ/runZn4k2resExtplus/part050/
8 /p/QSOpt/NAEopt/optZ/runZn4k2resExtplus/part050/
9 /p/QSOpt/NAEopt/optZ/runZn4k2resExtplus/part050/
11 /p/QSOpt/NAEopt/optZ/runZn4k2resExtplus/part050/
0 /p/QSOpt/NAEopt/optZ/runZn4k2resExtplus/part050/
1 /p/QSOpt/NAEopt/optZ/runZn4k2resExtplus/part050/
2 /p/QSOpt/NAEopt/optZ/runZn4k2resExtplus/part050/
3 /p/QSOpt/NAEopt/optZ/runZn4k2resExtplus/part050/
4 /p/QSOpt/NAEopt/optZ/runZn4k2resExtplus/part050/
5 /p/QSOpt/NAEopt/optZ/runZn4k2resExtplus/part050/
6 /p/QSOpt/NAEopt/optZ/runZn4k2resExtplus/part050/
7 /p/QSOpt/NAEopt/optZ/runZn4k2resExtplus/part050/
8 /p/QSOpt/NAEopt/optZ/runZn4k2resExtplus/part050/
9 /p/QSOpt/NAEopt/optZ/runZn4k2resExtplus/part050/
12 /p/QSOpt/NAEopt/optZ/runZn4k2resExtplus/part050/
0 /p/QSOpt/NAEopt/optZ/runZn4k2resExtplus/part050/
1 /p/QSOpt/NAEopt/optZ/runZn4k2resExtplus/part050/
2 /p/QSOpt/NAEopt/optZ/runZn4k2resExtplus/part050/
3 /p/QSOpt/NAEopt/optZ/runZn4k2resExtplus/part050/
4 /p/QSOpt/NAEopt/optZ/runZn4k2resExtplus/part050/
5 /p/QSOpt/NAEopt/optZ/runZn4k2resExtplus/part050/
6 /p/QSOpt/NAEopt/optZ/runZn4k2resExtplus/part050/
7 /p/QSOpt/NAEopt/optZ/runZn4k2resExtplus/part050/
8 /p/QSOpt/NAEopt/optZ/runZn4k2resExtplus/part050/
9 /p/QSOpt/NAEopt/optZ/runZn4k2resExtplus/part050/
13 /p/QSOpt/NAEopt/optZ/runZn4k2resExtplus/part050/
0 /p/QSOpt/NAEopt/optZ/runZn4k2resExtplus/part050/
1 /p/QSOpt/NAEopt/optZ/runZn4k2resExtplus/part050/
2 /p/QSOpt/NAEopt/optZ/runZn4k2resExtplus/part050/
3 /p/QSOpt/NAEopt/optZ/runZn4k2resExtplus/part050/
4 /p/QSOpt/NAEopt/optZ/runZn4k2resExtplus/part050/
5 /p/QSOpt/NAEopt/optZ/runZn4k2resExtplus/part050/
6 /p/QSOpt/NAEopt/optZ/runZn4k2resExtplus/part050/
7 /p/QSOpt/NAEopt/optZ/runZn4k2resExtplus/part050/
8 /p/QSOpt/NAEopt/optZ/runZn4k2resExtplus/part050/
9 /p/QSOpt/NAEopt/optZ/runZn4k2resExtplus/part050/
14 /p/QSOpt/NAEopt/optZ/runZn4k2resExtplus/part050/
