python optAnhark2optZ.py 15 0.3 0.32999999999999996 10 0.01200000000000001 0.024000000000000007 /p/QSOpt/NAEopt/optZ/runZn4k2resExtplus/part007/
0 /p/QSOpt/NAEopt/optZ/runZn4k2resExtplus/part007/
1 /p/QSOpt/NAEopt/optZ/runZn4k2resExtplus/part007/
2 /p/QSOpt/NAEopt/optZ/runZn4k2resExtplus/part007/
3 /p/QSOpt/NAEopt/optZ/runZn4k2resExtplus/part007/
4 /p/QSOpt/NAEopt/optZ/runZn4k2resExtplus/part007/
5 /p/QSOpt/NAEopt/optZ/runZn4k2resExtplus/part007/
6 /p/QSOpt/NAEopt/optZ/runZn4k2resExtplus/part007/
7 /p/QSOpt/NAEopt/optZ/runZn4k2resExtplus/part007/
8 /p/QSOpt/NAEopt/optZ/runZn4k2resExtplus/part007/
9 /p/QSOpt/NAEopt/optZ/runZn4k2resExtplus/part007/
0 /p/QSOpt/NAEopt/optZ/runZn4k2resExtplus/part007/
0 /p/QSOpt/NAEopt/optZ/runZn4k2resExtplus/part007/
1 /p/QSOpt/NAEopt/optZ/runZn4k2resExtplus/part007/
2 /p/QSOpt/NAEopt/optZ/runZn4k2resExtplus/part007/
3 /p/QSOpt/NAEopt/optZ/runZn4k2resExtplus/part007/
4 /p/QSOpt/NAEopt/optZ/runZn4k2resExtplus/part007/
5 /p/QSOpt/NAEopt/optZ/runZn4k2resExtplus/part007/
6 /p/QSOpt/NAEopt/optZ/runZn4k2resExtplus/part007/
7 /p/QSOpt/NAEopt/optZ/runZn4k2resExtplus/part007/
8 /p/QSOpt/NAEopt/optZ/runZn4k2resExtplus/part007/
9 /p/QSOpt/NAEopt/optZ/runZn4k2resExtplus/part007/
1 /p/QSOpt/NAEopt/optZ/runZn4k2resExtplus/part007/
0 /p/QSOpt/NAEopt/optZ/runZn4k2resExtplus/part007/
1 /p/QSOpt/NAEopt/optZ/runZn4k2resExtplus/part007/
2 /p/QSOpt/NAEopt/optZ/runZn4k2resExtplus/part007/
3 /p/QSOpt/NAEopt/optZ/runZn4k2resExtplus/part007/
4 /p/QSOpt/NAEopt/optZ/runZn4k2resExtplus/part007/
5 /p/QSOpt/NAEopt/optZ/runZn4k2resExtplus/part007/
6 /p/QSOpt/NAEopt/optZ/runZn4k2resExtplus/part007/
7 /p/QSOpt/NAEopt/optZ/runZn4k2resExtplus/part007/
8 /p/QSOpt/NAEopt/optZ/runZn4k2resExtplus/part007/
9 /p/QSOpt/NAEopt/optZ/runZn4k2resExtplus/part007/
2 /p/QSOpt/NAEopt/optZ/runZn4k2resExtplus/part007/
0 /p/QSOpt/NAEopt/optZ/runZn4k2resExtplus/part007/
1 /p/QSOpt/NAEopt/optZ/runZn4k2resExtplus/part007/
2 /p/QSOpt/NAEopt/optZ/runZn4k2resExtplus/part007/
3 /p/QSOpt/NAEopt/optZ/runZn4k2resExtplus/part007/
4 /p/QSOpt/NAEopt/optZ/runZn4k2resExtplus/part007/
5 /p/QSOpt/NAEopt/optZ/runZn4k2resExtplus/part007/
6 /p/QSOpt/NAEopt/optZ/runZn4k2resExtplus/part007/
7 /p/QSOpt/NAEopt/optZ/runZn4k2resExtplus/part007/
8 /p/QSOpt/NAEopt/optZ/runZn4k2resExtplus/part007/
9 /p/QSOpt/NAEopt/optZ/runZn4k2resExtplus/part007/
3 /p/QSOpt/NAEopt/optZ/runZn4k2resExtplus/part007/
0 /p/QSOpt/NAEopt/optZ/runZn4k2resExtplus/part007/
1 /p/QSOpt/NAEopt/optZ/runZn4k2resExtplus/part007/
2 /p/QSOpt/NAEopt/optZ/runZn4k2resExtplus/part007/
3 /p/QSOpt/NAEopt/optZ/runZn4k2resExtplus/part007/
4 /p/QSOpt/NAEopt/optZ/runZn4k2resExtplus/part007/
5 /p/QSOpt/NAEopt/optZ/runZn4k2resExtplus/part007/
6 /p/QSOpt/NAEopt/optZ/runZn4k2resExtplus/part007/
7 /p/QSOpt/NAEopt/optZ/runZn4k2resExtplus/part007/
8 /p/QSOpt/NAEopt/optZ/runZn4k2resExtplus/part007/
9 /p/QSOpt/NAEopt/optZ/runZn4k2resExtplus/part007/
4 /p/QSOpt/NAEopt/optZ/runZn4k2resExtplus/part007/
0 /p/QSOpt/NAEopt/optZ/runZn4k2resExtplus/part007/
1 /p/QSOpt/NAEopt/optZ/runZn4k2resExtplus/part007/
2 /p/QSOpt/NAEopt/optZ/runZn4k2resExtplus/part007/
3 /p/QSOpt/NAEopt/optZ/runZn4k2resExtplus/part007/
4 /p/QSOpt/NAEopt/optZ/runZn4k2resExtplus/part007/
5 /p/QSOpt/NAEopt/optZ/runZn4k2resExtplus/part007/
6 /p/QSOpt/NAEopt/optZ/runZn4k2resExtplus/part007/
7 /p/QSOpt/NAEopt/optZ/runZn4k2resExtplus/part007/
8 /p/QSOpt/NAEopt/optZ/runZn4k2resExtplus/part007/
9 /p/QSOpt/NAEopt/optZ/runZn4k2resExtplus/part007/
5 /p/QSOpt/NAEopt/optZ/runZn4k2resExtplus/part007/
0 /p/QSOpt/NAEopt/optZ/runZn4k2resExtplus/part007/
1 /p/QSOpt/NAEopt/optZ/runZn4k2resExtplus/part007/
2 /p/QSOpt/NAEopt/optZ/runZn4k2resExtplus/part007/
3 /p/QSOpt/NAEopt/optZ/runZn4k2resExtplus/part007/
4 /p/QSOpt/NAEopt/optZ/runZn4k2resExtplus/part007/
5 /p/QSOpt/NAEopt/optZ/runZn4k2resExtplus/part007/
6 /p/QSOpt/NAEopt/optZ/runZn4k2resExtplus/part007/
7 /p/QSOpt/NAEopt/optZ/runZn4k2resExtplus/part007/
8 /p/QSOpt/NAEopt/optZ/runZn4k2resExtplus/part007/
9 /p/QSOpt/NAEopt/optZ/runZn4k2resExtplus/part007/
6 /p/QSOpt/NAEopt/optZ/runZn4k2resExtplus/part007/
0 /p/QSOpt/NAEopt/optZ/runZn4k2resExtplus/part007/
1 /p/QSOpt/NAEopt/optZ/runZn4k2resExtplus/part007/
2 /p/QSOpt/NAEopt/optZ/runZn4k2resExtplus/part007/
3 /p/QSOpt/NAEopt/optZ/runZn4k2resExtplus/part007/
4 /p/QSOpt/NAEopt/optZ/runZn4k2resExtplus/part007/
5 /p/QSOpt/NAEopt/optZ/runZn4k2resExtplus/part007/
6 /p/QSOpt/NAEopt/optZ/runZn4k2resExtplus/part007/
7 /p/QSOpt/NAEopt/optZ/runZn4k2resExtplus/part007/
8 /p/QSOpt/NAEopt/optZ/runZn4k2resExtplus/part007/
9 /p/QSOpt/NAEopt/optZ/runZn4k2resExtplus/part007/
7 /p/QSOpt/NAEopt/optZ/runZn4k2resExtplus/part007/
0 /p/QSOpt/NAEopt/optZ/runZn4k2resExtplus/part007/
1 /p/QSOpt/NAEopt/optZ/runZn4k2resExtplus/part007/
2 /p/QSOpt/NAEopt/optZ/runZn4k2resExtplus/part007/
3 /p/QSOpt/NAEopt/optZ/runZn4k2resExtplus/part007/
4 /p/QSOpt/NAEopt/optZ/runZn4k2resExtplus/part007/
5 /p/QSOpt/NAEopt/optZ/runZn4k2resExtplus/part007/
6 /p/QSOpt/NAEopt/optZ/runZn4k2resExtplus/part007/
7 /p/QSOpt/NAEopt/optZ/runZn4k2resExtplus/part007/
8 /p/QSOpt/NAEopt/optZ/runZn4k2resExtplus/part007/
9 /p/QSOpt/NAEopt/optZ/runZn4k2resExtplus/part007/
8 /p/QSOpt/NAEopt/optZ/runZn4k2resExtplus/part007/
0 /p/QSOpt/NAEopt/optZ/runZn4k2resExtplus/part007/
1 /p/QSOpt/NAEopt/optZ/runZn4k2resExtplus/part007/
2 /p/QSOpt/NAEopt/optZ/runZn4k2resExtplus/part007/
3 /p/QSOpt/NAEopt/optZ/runZn4k2resExtplus/part007/
4 /p/QSOpt/NAEopt/optZ/runZn4k2resExtplus/part007/
5 /p/QSOpt/NAEopt/optZ/runZn4k2resExtplus/part007/
6 /p/QSOpt/NAEopt/optZ/runZn4k2resExtplus/part007/
7 /p/QSOpt/NAEopt/optZ/runZn4k2resExtplus/part007/
8 /p/QSOpt/NAEopt/optZ/runZn4k2resExtplus/part007/
9 /p/QSOpt/NAEopt/optZ/runZn4k2resExtplus/part007/
9 /p/QSOpt/NAEopt/optZ/runZn4k2resExtplus/part007/
0 /p/QSOpt/NAEopt/optZ/runZn4k2resExtplus/part007/
1 /p/QSOpt/NAEopt/optZ/runZn4k2resExtplus/part007/
2 /p/QSOpt/NAEopt/optZ/runZn4k2resExtplus/part007/
3 /p/QSOpt/NAEopt/optZ/runZn4k2resExtplus/part007/
4 /p/QSOpt/NAEopt/optZ/runZn4k2resExtplus/part007/
5 /p/QSOpt/NAEopt/optZ/runZn4k2resExtplus/part007/
6 /p/QSOpt/NAEopt/optZ/runZn4k2resExtplus/part007/
7 /p/QSOpt/NAEopt/optZ/runZn4k2resExtplus/part007/
8 /p/QSOpt/NAEopt/optZ/runZn4k2resExtplus/part007/
9 /p/QSOpt/NAEopt/optZ/runZn4k2resExtplus/part007/
10 /p/QSOpt/NAEopt/optZ/runZn4k2resExtplus/part007/
0 /p/QSOpt/NAEopt/optZ/runZn4k2resExtplus/part007/
1 /p/QSOpt/NAEopt/optZ/runZn4k2resExtplus/part007/
2 /p/QSOpt/NAEopt/optZ/runZn4k2resExtplus/part007/
3 /p/QSOpt/NAEopt/optZ/runZn4k2resExtplus/part007/
4 /p/QSOpt/NAEopt/optZ/runZn4k2resExtplus/part007/
5 /p/QSOpt/NAEopt/optZ/runZn4k2resExtplus/part007/
6 /p/QSOpt/NAEopt/optZ/runZn4k2resExtplus/part007/
7 /p/QSOpt/NAEopt/optZ/runZn4k2resExtplus/part007/
8 /p/QSOpt/NAEopt/optZ/runZn4k2resExtplus/part007/
9 /p/QSOpt/NAEopt/optZ/runZn4k2resExtplus/part007/
11 /p/QSOpt/NAEopt/optZ/runZn4k2resExtplus/part007/
0 /p/QSOpt/NAEopt/optZ/runZn4k2resExtplus/part007/
1 /p/QSOpt/NAEopt/optZ/runZn4k2resExtplus/part007/
2 /p/QSOpt/NAEopt/optZ/runZn4k2resExtplus/part007/
3 /p/QSOpt/NAEopt/optZ/runZn4k2resExtplus/part007/
4 /p/QSOpt/NAEopt/optZ/runZn4k2resExtplus/part007/
5 /p/QSOpt/NAEopt/optZ/runZn4k2resExtplus/part007/
6 /p/QSOpt/NAEopt/optZ/runZn4k2resExtplus/part007/
7 /p/QSOpt/NAEopt/optZ/runZn4k2resExtplus/part007/
8 /p/QSOpt/NAEopt/optZ/runZn4k2resExtplus/part007/
9 /p/QSOpt/NAEopt/optZ/runZn4k2resExtplus/part007/
12 /p/QSOpt/NAEopt/optZ/runZn4k2resExtplus/part007/
0 /p/QSOpt/NAEopt/optZ/runZn4k2resExtplus/part007/
1 /p/QSOpt/NAEopt/optZ/runZn4k2resExtplus/part007/
2 /p/QSOpt/NAEopt/optZ/runZn4k2resExtplus/part007/
3 /p/QSOpt/NAEopt/optZ/runZn4k2resExtplus/part007/
4 /p/QSOpt/NAEopt/optZ/runZn4k2resExtplus/part007/
5 /p/QSOpt/NAEopt/optZ/runZn4k2resExtplus/part007/
6 /p/QSOpt/NAEopt/optZ/runZn4k2resExtplus/part007/
7 /p/QSOpt/NAEopt/optZ/runZn4k2resExtplus/part007/
8 /p/QSOpt/NAEopt/optZ/runZn4k2resExtplus/part007/
9 /p/QSOpt/NAEopt/optZ/runZn4k2resExtplus/part007/
13 /p/QSOpt/NAEopt/optZ/runZn4k2resExtplus/part007/
0 /p/QSOpt/NAEopt/optZ/runZn4k2resExtplus/part007/
1 /p/QSOpt/NAEopt/optZ/runZn4k2resExtplus/part007/
2 /p/QSOpt/NAEopt/optZ/runZn4k2resExtplus/part007/
3 /p/QSOpt/NAEopt/optZ/runZn4k2resExtplus/part007/
4 /p/QSOpt/NAEopt/optZ/runZn4k2resExtplus/part007/
5 /p/QSOpt/NAEopt/optZ/runZn4k2resExtplus/part007/
6 /p/QSOpt/NAEopt/optZ/runZn4k2resExtplus/part007/
7 /p/QSOpt/NAEopt/optZ/runZn4k2resExtplus/part007/
8 /p/QSOpt/NAEopt/optZ/runZn4k2resExtplus/part007/
9 /p/QSOpt/NAEopt/optZ/runZn4k2resExtplus/part007/
14 /p/QSOpt/NAEopt/optZ/runZn4k2resExtplus/part007/
