python optAnhark2optZ.py 15 0.48 0.51 10 -0.048 -0.036 /p/QSOpt/NAEopt/optZ/runZn4k2resExtplus/part062/
0 /p/QSOpt/NAEopt/optZ/runZn4k2resExtplus/part062/
1 /p/QSOpt/NAEopt/optZ/runZn4k2resExtplus/part062/
2 /p/QSOpt/NAEopt/optZ/runZn4k2resExtplus/part062/
3 /p/QSOpt/NAEopt/optZ/runZn4k2resExtplus/part062/
4 /p/QSOpt/NAEopt/optZ/runZn4k2resExtplus/part062/
5 /p/QSOpt/NAEopt/optZ/runZn4k2resExtplus/part062/
6 /p/QSOpt/NAEopt/optZ/runZn4k2resExtplus/part062/
7 /p/QSOpt/NAEopt/optZ/runZn4k2resExtplus/part062/
8 /p/QSOpt/NAEopt/optZ/runZn4k2resExtplus/part062/
9 /p/QSOpt/NAEopt/optZ/runZn4k2resExtplus/part062/
0 /p/QSOpt/NAEopt/optZ/runZn4k2resExtplus/part062/
0 /p/QSOpt/NAEopt/optZ/runZn4k2resExtplus/part062/
1 /p/QSOpt/NAEopt/optZ/runZn4k2resExtplus/part062/
2 /p/QSOpt/NAEopt/optZ/runZn4k2resExtplus/part062/
3 /p/QSOpt/NAEopt/optZ/runZn4k2resExtplus/part062/
4 /p/QSOpt/NAEopt/optZ/runZn4k2resExtplus/part062/
5 /p/QSOpt/NAEopt/optZ/runZn4k2resExtplus/part062/
6 /p/QSOpt/NAEopt/optZ/runZn4k2resExtplus/part062/
7 /p/QSOpt/NAEopt/optZ/runZn4k2resExtplus/part062/
8 /p/QSOpt/NAEopt/optZ/runZn4k2resExtplus/part062/
9 /p/QSOpt/NAEopt/optZ/runZn4k2resExtplus/part062/
1 /p/QSOpt/NAEopt/optZ/runZn4k2resExtplus/part062/
0 /p/QSOpt/NAEopt/optZ/runZn4k2resExtplus/part062/
1 /p/QSOpt/NAEopt/optZ/runZn4k2resExtplus/part062/
2 /p/QSOpt/NAEopt/optZ/runZn4k2resExtplus/part062/
3 /p/QSOpt/NAEopt/optZ/runZn4k2resExtplus/part062/
4 /p/QSOpt/NAEopt/optZ/runZn4k2resExtplus/part062/
5 /p/QSOpt/NAEopt/optZ/runZn4k2resExtplus/part062/
6 /p/QSOpt/NAEopt/optZ/runZn4k2resExtplus/part062/
7 /p/QSOpt/NAEopt/optZ/runZn4k2resExtplus/part062/
8 /p/QSOpt/NAEopt/optZ/runZn4k2resExtplus/part062/
9 /p/QSOpt/NAEopt/optZ/runZn4k2resExtplus/part062/
2 /p/QSOpt/NAEopt/optZ/runZn4k2resExtplus/part062/
0 /p/QSOpt/NAEopt/optZ/runZn4k2resExtplus/part062/
1 /p/QSOpt/NAEopt/optZ/runZn4k2resExtplus/part062/
2 /p/QSOpt/NAEopt/optZ/runZn4k2resExtplus/part062/
3 /p/QSOpt/NAEopt/optZ/runZn4k2resExtplus/part062/
4 /p/QSOpt/NAEopt/optZ/runZn4k2resExtplus/part062/
5 /p/QSOpt/NAEopt/optZ/runZn4k2resExtplus/part062/
6 /p/QSOpt/NAEopt/optZ/runZn4k2resExtplus/part062/
7 /p/QSOpt/NAEopt/optZ/runZn4k2resExtplus/part062/
8 /p/QSOpt/NAEopt/optZ/runZn4k2resExtplus/part062/
9 /p/QSOpt/NAEopt/optZ/runZn4k2resExtplus/part062/
3 /p/QSOpt/NAEopt/optZ/runZn4k2resExtplus/part062/
0 /p/QSOpt/NAEopt/optZ/runZn4k2resExtplus/part062/
1 /p/QSOpt/NAEopt/optZ/runZn4k2resExtplus/part062/
2 /p/QSOpt/NAEopt/optZ/runZn4k2resExtplus/part062/
3 /p/QSOpt/NAEopt/optZ/runZn4k2resExtplus/part062/
4 /p/QSOpt/NAEopt/optZ/runZn4k2resExtplus/part062/
5 /p/QSOpt/NAEopt/optZ/runZn4k2resExtplus/part062/
6 /p/QSOpt/NAEopt/optZ/runZn4k2resExtplus/part062/
7 /p/QSOpt/NAEopt/optZ/runZn4k2resExtplus/part062/
8 /p/QSOpt/NAEopt/optZ/runZn4k2resExtplus/part062/
9 /p/QSOpt/NAEopt/optZ/runZn4k2resExtplus/part062/
4 /p/QSOpt/NAEopt/optZ/runZn4k2resExtplus/part062/
0 /p/QSOpt/NAEopt/optZ/runZn4k2resExtplus/part062/
1 /p/QSOpt/NAEopt/optZ/runZn4k2resExtplus/part062/
2 /p/QSOpt/NAEopt/optZ/runZn4k2resExtplus/part062/
3 /p/QSOpt/NAEopt/optZ/runZn4k2resExtplus/part062/
4 /p/QSOpt/NAEopt/optZ/runZn4k2resExtplus/part062/
5 /p/QSOpt/NAEopt/optZ/runZn4k2resExtplus/part062/
6 /p/QSOpt/NAEopt/optZ/runZn4k2resExtplus/part062/
7 /p/QSOpt/NAEopt/optZ/runZn4k2resExtplus/part062/
8 /p/QSOpt/NAEopt/optZ/runZn4k2resExtplus/part062/
9 /p/QSOpt/NAEopt/optZ/runZn4k2resExtplus/part062/
5 /p/QSOpt/NAEopt/optZ/runZn4k2resExtplus/part062/
0 /p/QSOpt/NAEopt/optZ/runZn4k2resExtplus/part062/
1 /p/QSOpt/NAEopt/optZ/runZn4k2resExtplus/part062/
2 /p/QSOpt/NAEopt/optZ/runZn4k2resExtplus/part062/
3 /p/QSOpt/NAEopt/optZ/runZn4k2resExtplus/part062/
4 /p/QSOpt/NAEopt/optZ/runZn4k2resExtplus/part062/
5 /p/QSOpt/NAEopt/optZ/runZn4k2resExtplus/part062/
6 /p/QSOpt/NAEopt/optZ/runZn4k2resExtplus/part062/
7 /p/QSOpt/NAEopt/optZ/runZn4k2resExtplus/part062/
8 /p/QSOpt/NAEopt/optZ/runZn4k2resExtplus/part062/
9 /p/QSOpt/NAEopt/optZ/runZn4k2resExtplus/part062/
6 /p/QSOpt/NAEopt/optZ/runZn4k2resExtplus/part062/
0 /p/QSOpt/NAEopt/optZ/runZn4k2resExtplus/part062/
1 /p/QSOpt/NAEopt/optZ/runZn4k2resExtplus/part062/
2 /p/QSOpt/NAEopt/optZ/runZn4k2resExtplus/part062/
3 /p/QSOpt/NAEopt/optZ/runZn4k2resExtplus/part062/
4 /p/QSOpt/NAEopt/optZ/runZn4k2resExtplus/part062/
5 /p/QSOpt/NAEopt/optZ/runZn4k2resExtplus/part062/
6 /p/QSOpt/NAEopt/optZ/runZn4k2resExtplus/part062/
7 /p/QSOpt/NAEopt/optZ/runZn4k2resExtplus/part062/
8 /p/QSOpt/NAEopt/optZ/runZn4k2resExtplus/part062/
9 /p/QSOpt/NAEopt/optZ/runZn4k2resExtplus/part062/
7 /p/QSOpt/NAEopt/optZ/runZn4k2resExtplus/part062/
0 /p/QSOpt/NAEopt/optZ/runZn4k2resExtplus/part062/
1 /p/QSOpt/NAEopt/optZ/runZn4k2resExtplus/part062/
2 /p/QSOpt/NAEopt/optZ/runZn4k2resExtplus/part062/
3 /p/QSOpt/NAEopt/optZ/runZn4k2resExtplus/part062/
4 /p/QSOpt/NAEopt/optZ/runZn4k2resExtplus/part062/
5 /p/QSOpt/NAEopt/optZ/runZn4k2resExtplus/part062/
6 /p/QSOpt/NAEopt/optZ/runZn4k2resExtplus/part062/
7 /p/QSOpt/NAEopt/optZ/runZn4k2resExtplus/part062/
8 /p/QSOpt/NAEopt/optZ/runZn4k2resExtplus/part062/
9 /p/QSOpt/NAEopt/optZ/runZn4k2resExtplus/part062/
8 /p/QSOpt/NAEopt/optZ/runZn4k2resExtplus/part062/
0 /p/QSOpt/NAEopt/optZ/runZn4k2resExtplus/part062/
1 /p/QSOpt/NAEopt/optZ/runZn4k2resExtplus/part062/
2 /p/QSOpt/NAEopt/optZ/runZn4k2resExtplus/part062/
3 /p/QSOpt/NAEopt/optZ/runZn4k2resExtplus/part062/
4 /p/QSOpt/NAEopt/optZ/runZn4k2resExtplus/part062/
5 /p/QSOpt/NAEopt/optZ/runZn4k2resExtplus/part062/
6 /p/QSOpt/NAEopt/optZ/runZn4k2resExtplus/part062/
7 /p/QSOpt/NAEopt/optZ/runZn4k2resExtplus/part062/
8 /p/QSOpt/NAEopt/optZ/runZn4k2resExtplus/part062/
9 /p/QSOpt/NAEopt/optZ/runZn4k2resExtplus/part062/
9 /p/QSOpt/NAEopt/optZ/runZn4k2resExtplus/part062/
0 /p/QSOpt/NAEopt/optZ/runZn4k2resExtplus/part062/
1 /p/QSOpt/NAEopt/optZ/runZn4k2resExtplus/part062/
2 /p/QSOpt/NAEopt/optZ/runZn4k2resExtplus/part062/
3 /p/QSOpt/NAEopt/optZ/runZn4k2resExtplus/part062/
4 /p/QSOpt/NAEopt/optZ/runZn4k2resExtplus/part062/
5 /p/QSOpt/NAEopt/optZ/runZn4k2resExtplus/part062/
6 /p/QSOpt/NAEopt/optZ/runZn4k2resExtplus/part062/
7 /p/QSOpt/NAEopt/optZ/runZn4k2resExtplus/part062/
8 /p/QSOpt/NAEopt/optZ/runZn4k2resExtplus/part062/
9 /p/QSOpt/NAEopt/optZ/runZn4k2resExtplus/part062/
10 /p/QSOpt/NAEopt/optZ/runZn4k2resExtplus/part062/
0 /p/QSOpt/NAEopt/optZ/runZn4k2resExtplus/part062/
1 /p/QSOpt/NAEopt/optZ/runZn4k2resExtplus/part062/
2 /p/QSOpt/NAEopt/optZ/runZn4k2resExtplus/part062/
3 /p/QSOpt/NAEopt/optZ/runZn4k2resExtplus/part062/
4 /p/QSOpt/NAEopt/optZ/runZn4k2resExtplus/part062/
5 /p/QSOpt/NAEopt/optZ/runZn4k2resExtplus/part062/
6 /p/QSOpt/NAEopt/optZ/runZn4k2resExtplus/part062/
7 /p/QSOpt/NAEopt/optZ/runZn4k2resExtplus/part062/
8 /p/QSOpt/NAEopt/optZ/runZn4k2resExtplus/part062/
9 /p/QSOpt/NAEopt/optZ/runZn4k2resExtplus/part062/
11 /p/QSOpt/NAEopt/optZ/runZn4k2resExtplus/part062/
0 /p/QSOpt/NAEopt/optZ/runZn4k2resExtplus/part062/
1 /p/QSOpt/NAEopt/optZ/runZn4k2resExtplus/part062/
2 /p/QSOpt/NAEopt/optZ/runZn4k2resExtplus/part062/
3 /p/QSOpt/NAEopt/optZ/runZn4k2resExtplus/part062/
4 /p/QSOpt/NAEopt/optZ/runZn4k2resExtplus/part062/
5 /p/QSOpt/NAEopt/optZ/runZn4k2resExtplus/part062/
6 /p/QSOpt/NAEopt/optZ/runZn4k2resExtplus/part062/
7 /p/QSOpt/NAEopt/optZ/runZn4k2resExtplus/part062/
8 /p/QSOpt/NAEopt/optZ/runZn4k2resExtplus/part062/
9 /p/QSOpt/NAEopt/optZ/runZn4k2resExtplus/part062/
12 /p/QSOpt/NAEopt/optZ/runZn4k2resExtplus/part062/
0 /p/QSOpt/NAEopt/optZ/runZn4k2resExtplus/part062/
1 /p/QSOpt/NAEopt/optZ/runZn4k2resExtplus/part062/
2 /p/QSOpt/NAEopt/optZ/runZn4k2resExtplus/part062/
3 /p/QSOpt/NAEopt/optZ/runZn4k2resExtplus/part062/
4 /p/QSOpt/NAEopt/optZ/runZn4k2resExtplus/part062/
5 /p/QSOpt/NAEopt/optZ/runZn4k2resExtplus/part062/
6 /p/QSOpt/NAEopt/optZ/runZn4k2resExtplus/part062/
7 /p/QSOpt/NAEopt/optZ/runZn4k2resExtplus/part062/
8 /p/QSOpt/NAEopt/optZ/runZn4k2resExtplus/part062/
9 /p/QSOpt/NAEopt/optZ/runZn4k2resExtplus/part062/
13 /p/QSOpt/NAEopt/optZ/runZn4k2resExtplus/part062/
0 /p/QSOpt/NAEopt/optZ/runZn4k2resExtplus/part062/
1 /p/QSOpt/NAEopt/optZ/runZn4k2resExtplus/part062/
2 /p/QSOpt/NAEopt/optZ/runZn4k2resExtplus/part062/
3 /p/QSOpt/NAEopt/optZ/runZn4k2resExtplus/part062/
4 /p/QSOpt/NAEopt/optZ/runZn4k2resExtplus/part062/
5 /p/QSOpt/NAEopt/optZ/runZn4k2resExtplus/part062/
6 /p/QSOpt/NAEopt/optZ/runZn4k2resExtplus/part062/
7 /p/QSOpt/NAEopt/optZ/runZn4k2resExtplus/part062/
8 /p/QSOpt/NAEopt/optZ/runZn4k2resExtplus/part062/
9 /p/QSOpt/NAEopt/optZ/runZn4k2resExtplus/part062/
14 /p/QSOpt/NAEopt/optZ/runZn4k2resExtplus/part062/
