python optAnhark2optZ.py 15 0.51 0.54 10 0.01200000000000001 0.024000000000000007 /p/QSOpt/NAEopt/optZ/runZn4k2resExtplus/part077/
0 /p/QSOpt/NAEopt/optZ/runZn4k2resExtplus/part077/
1 /p/QSOpt/NAEopt/optZ/runZn4k2resExtplus/part077/
2 /p/QSOpt/NAEopt/optZ/runZn4k2resExtplus/part077/
3 /p/QSOpt/NAEopt/optZ/runZn4k2resExtplus/part077/
4 /p/QSOpt/NAEopt/optZ/runZn4k2resExtplus/part077/
5 /p/QSOpt/NAEopt/optZ/runZn4k2resExtplus/part077/
6 /p/QSOpt/NAEopt/optZ/runZn4k2resExtplus/part077/
7 /p/QSOpt/NAEopt/optZ/runZn4k2resExtplus/part077/
8 /p/QSOpt/NAEopt/optZ/runZn4k2resExtplus/part077/
9 /p/QSOpt/NAEopt/optZ/runZn4k2resExtplus/part077/
0 /p/QSOpt/NAEopt/optZ/runZn4k2resExtplus/part077/
0 /p/QSOpt/NAEopt/optZ/runZn4k2resExtplus/part077/
1 /p/QSOpt/NAEopt/optZ/runZn4k2resExtplus/part077/
2 /p/QSOpt/NAEopt/optZ/runZn4k2resExtplus/part077/
3 /p/QSOpt/NAEopt/optZ/runZn4k2resExtplus/part077/
4 /p/QSOpt/NAEopt/optZ/runZn4k2resExtplus/part077/
5 /p/QSOpt/NAEopt/optZ/runZn4k2resExtplus/part077/
6 /p/QSOpt/NAEopt/optZ/runZn4k2resExtplus/part077/
7 /p/QSOpt/NAEopt/optZ/runZn4k2resExtplus/part077/
8 /p/QSOpt/NAEopt/optZ/runZn4k2resExtplus/part077/
9 /p/QSOpt/NAEopt/optZ/runZn4k2resExtplus/part077/
1 /p/QSOpt/NAEopt/optZ/runZn4k2resExtplus/part077/
0 /p/QSOpt/NAEopt/optZ/runZn4k2resExtplus/part077/
1 /p/QSOpt/NAEopt/optZ/runZn4k2resExtplus/part077/
2 /p/QSOpt/NAEopt/optZ/runZn4k2resExtplus/part077/
3 /p/QSOpt/NAEopt/optZ/runZn4k2resExtplus/part077/
4 /p/QSOpt/NAEopt/optZ/runZn4k2resExtplus/part077/
5 /p/QSOpt/NAEopt/optZ/runZn4k2resExtplus/part077/
6 /p/QSOpt/NAEopt/optZ/runZn4k2resExtplus/part077/
7 /p/QSOpt/NAEopt/optZ/runZn4k2resExtplus/part077/
8 /p/QSOpt/NAEopt/optZ/runZn4k2resExtplus/part077/
9 /p/QSOpt/NAEopt/optZ/runZn4k2resExtplus/part077/
2 /p/QSOpt/NAEopt/optZ/runZn4k2resExtplus/part077/
0 /p/QSOpt/NAEopt/optZ/runZn4k2resExtplus/part077/
1 /p/QSOpt/NAEopt/optZ/runZn4k2resExtplus/part077/
2 /p/QSOpt/NAEopt/optZ/runZn4k2resExtplus/part077/
3 /p/QSOpt/NAEopt/optZ/runZn4k2resExtplus/part077/
4 /p/QSOpt/NAEopt/optZ/runZn4k2resExtplus/part077/
5 /p/QSOpt/NAEopt/optZ/runZn4k2resExtplus/part077/
6 /p/QSOpt/NAEopt/optZ/runZn4k2resExtplus/part077/
7 /p/QSOpt/NAEopt/optZ/runZn4k2resExtplus/part077/
8 /p/QSOpt/NAEopt/optZ/runZn4k2resExtplus/part077/
9 /p/QSOpt/NAEopt/optZ/runZn4k2resExtplus/part077/
3 /p/QSOpt/NAEopt/optZ/runZn4k2resExtplus/part077/
0 /p/QSOpt/NAEopt/optZ/runZn4k2resExtplus/part077/
1 /p/QSOpt/NAEopt/optZ/runZn4k2resExtplus/part077/
2 /p/QSOpt/NAEopt/optZ/runZn4k2resExtplus/part077/
3 /p/QSOpt/NAEopt/optZ/runZn4k2resExtplus/part077/
4 /p/QSOpt/NAEopt/optZ/runZn4k2resExtplus/part077/
5 /p/QSOpt/NAEopt/optZ/runZn4k2resExtplus/part077/
6 /p/QSOpt/NAEopt/optZ/runZn4k2resExtplus/part077/
7 /p/QSOpt/NAEopt/optZ/runZn4k2resExtplus/part077/
8 /p/QSOpt/NAEopt/optZ/runZn4k2resExtplus/part077/
9 /p/QSOpt/NAEopt/optZ/runZn4k2resExtplus/part077/
4 /p/QSOpt/NAEopt/optZ/runZn4k2resExtplus/part077/
0 /p/QSOpt/NAEopt/optZ/runZn4k2resExtplus/part077/
1 /p/QSOpt/NAEopt/optZ/runZn4k2resExtplus/part077/
2 /p/QSOpt/NAEopt/optZ/runZn4k2resExtplus/part077/
3 /p/QSOpt/NAEopt/optZ/runZn4k2resExtplus/part077/
4 /p/QSOpt/NAEopt/optZ/runZn4k2resExtplus/part077/
5 /p/QSOpt/NAEopt/optZ/runZn4k2resExtplus/part077/
6 /p/QSOpt/NAEopt/optZ/runZn4k2resExtplus/part077/
7 /p/QSOpt/NAEopt/optZ/runZn4k2resExtplus/part077/
8 /p/QSOpt/NAEopt/optZ/runZn4k2resExtplus/part077/
9 /p/QSOpt/NAEopt/optZ/runZn4k2resExtplus/part077/
5 /p/QSOpt/NAEopt/optZ/runZn4k2resExtplus/part077/
0 /p/QSOpt/NAEopt/optZ/runZn4k2resExtplus/part077/
1 /p/QSOpt/NAEopt/optZ/runZn4k2resExtplus/part077/
2 /p/QSOpt/NAEopt/optZ/runZn4k2resExtplus/part077/
3 /p/QSOpt/NAEopt/optZ/runZn4k2resExtplus/part077/
4 /p/QSOpt/NAEopt/optZ/runZn4k2resExtplus/part077/
5 /p/QSOpt/NAEopt/optZ/runZn4k2resExtplus/part077/
6 /p/QSOpt/NAEopt/optZ/runZn4k2resExtplus/part077/
7 /p/QSOpt/NAEopt/optZ/runZn4k2resExtplus/part077/
8 /p/QSOpt/NAEopt/optZ/runZn4k2resExtplus/part077/
9 /p/QSOpt/NAEopt/optZ/runZn4k2resExtplus/part077/
6 /p/QSOpt/NAEopt/optZ/runZn4k2resExtplus/part077/
0 /p/QSOpt/NAEopt/optZ/runZn4k2resExtplus/part077/
1 /p/QSOpt/NAEopt/optZ/runZn4k2resExtplus/part077/
2 /p/QSOpt/NAEopt/optZ/runZn4k2resExtplus/part077/
3 /p/QSOpt/NAEopt/optZ/runZn4k2resExtplus/part077/
4 /p/QSOpt/NAEopt/optZ/runZn4k2resExtplus/part077/
5 /p/QSOpt/NAEopt/optZ/runZn4k2resExtplus/part077/
6 /p/QSOpt/NAEopt/optZ/runZn4k2resExtplus/part077/
7 /p/QSOpt/NAEopt/optZ/runZn4k2resExtplus/part077/
8 /p/QSOpt/NAEopt/optZ/runZn4k2resExtplus/part077/
9 /p/QSOpt/NAEopt/optZ/runZn4k2resExtplus/part077/
7 /p/QSOpt/NAEopt/optZ/runZn4k2resExtplus/part077/
0 /p/QSOpt/NAEopt/optZ/runZn4k2resExtplus/part077/
1 /p/QSOpt/NAEopt/optZ/runZn4k2resExtplus/part077/
2 /p/QSOpt/NAEopt/optZ/runZn4k2resExtplus/part077/
3 /p/QSOpt/NAEopt/optZ/runZn4k2resExtplus/part077/
4 /p/QSOpt/NAEopt/optZ/runZn4k2resExtplus/part077/
5 /p/QSOpt/NAEopt/optZ/runZn4k2resExtplus/part077/
6 /p/QSOpt/NAEopt/optZ/runZn4k2resExtplus/part077/
7 /p/QSOpt/NAEopt/optZ/runZn4k2resExtplus/part077/
8 /p/QSOpt/NAEopt/optZ/runZn4k2resExtplus/part077/
9 /p/QSOpt/NAEopt/optZ/runZn4k2resExtplus/part077/
8 /p/QSOpt/NAEopt/optZ/runZn4k2resExtplus/part077/
0 /p/QSOpt/NAEopt/optZ/runZn4k2resExtplus/part077/
1 /p/QSOpt/NAEopt/optZ/runZn4k2resExtplus/part077/
2 /p/QSOpt/NAEopt/optZ/runZn4k2resExtplus/part077/
3 /p/QSOpt/NAEopt/optZ/runZn4k2resExtplus/part077/
4 /p/QSOpt/NAEopt/optZ/runZn4k2resExtplus/part077/
5 /p/QSOpt/NAEopt/optZ/runZn4k2resExtplus/part077/
6 /p/QSOpt/NAEopt/optZ/runZn4k2resExtplus/part077/
7 /p/QSOpt/NAEopt/optZ/runZn4k2resExtplus/part077/
8 /p/QSOpt/NAEopt/optZ/runZn4k2resExtplus/part077/
9 /p/QSOpt/NAEopt/optZ/runZn4k2resExtplus/part077/
9 /p/QSOpt/NAEopt/optZ/runZn4k2resExtplus/part077/
0 /p/QSOpt/NAEopt/optZ/runZn4k2resExtplus/part077/
1 /p/QSOpt/NAEopt/optZ/runZn4k2resExtplus/part077/
2 /p/QSOpt/NAEopt/optZ/runZn4k2resExtplus/part077/
3 /p/QSOpt/NAEopt/optZ/runZn4k2resExtplus/part077/
4 /p/QSOpt/NAEopt/optZ/runZn4k2resExtplus/part077/
5 /p/QSOpt/NAEopt/optZ/runZn4k2resExtplus/part077/
6 /p/QSOpt/NAEopt/optZ/runZn4k2resExtplus/part077/
7 /p/QSOpt/NAEopt/optZ/runZn4k2resExtplus/part077/
8 /p/QSOpt/NAEopt/optZ/runZn4k2resExtplus/part077/
9 /p/QSOpt/NAEopt/optZ/runZn4k2resExtplus/part077/
10 /p/QSOpt/NAEopt/optZ/runZn4k2resExtplus/part077/
0 /p/QSOpt/NAEopt/optZ/runZn4k2resExtplus/part077/
1 /p/QSOpt/NAEopt/optZ/runZn4k2resExtplus/part077/
2 /p/QSOpt/NAEopt/optZ/runZn4k2resExtplus/part077/
3 /p/QSOpt/NAEopt/optZ/runZn4k2resExtplus/part077/
4 /p/QSOpt/NAEopt/optZ/runZn4k2resExtplus/part077/
5 /p/QSOpt/NAEopt/optZ/runZn4k2resExtplus/part077/
6 /p/QSOpt/NAEopt/optZ/runZn4k2resExtplus/part077/
7 /p/QSOpt/NAEopt/optZ/runZn4k2resExtplus/part077/
8 /p/QSOpt/NAEopt/optZ/runZn4k2resExtplus/part077/
9 /p/QSOpt/NAEopt/optZ/runZn4k2resExtplus/part077/
11 /p/QSOpt/NAEopt/optZ/runZn4k2resExtplus/part077/
0 /p/QSOpt/NAEopt/optZ/runZn4k2resExtplus/part077/
1 /p/QSOpt/NAEopt/optZ/runZn4k2resExtplus/part077/
2 /p/QSOpt/NAEopt/optZ/runZn4k2resExtplus/part077/
3 /p/QSOpt/NAEopt/optZ/runZn4k2resExtplus/part077/
4 /p/QSOpt/NAEopt/optZ/runZn4k2resExtplus/part077/
5 /p/QSOpt/NAEopt/optZ/runZn4k2resExtplus/part077/
6 /p/QSOpt/NAEopt/optZ/runZn4k2resExtplus/part077/
7 /p/QSOpt/NAEopt/optZ/runZn4k2resExtplus/part077/
8 /p/QSOpt/NAEopt/optZ/runZn4k2resExtplus/part077/
9 /p/QSOpt/NAEopt/optZ/runZn4k2resExtplus/part077/
12 /p/QSOpt/NAEopt/optZ/runZn4k2resExtplus/part077/
0 /p/QSOpt/NAEopt/optZ/runZn4k2resExtplus/part077/
1 /p/QSOpt/NAEopt/optZ/runZn4k2resExtplus/part077/
2 /p/QSOpt/NAEopt/optZ/runZn4k2resExtplus/part077/
3 /p/QSOpt/NAEopt/optZ/runZn4k2resExtplus/part077/
4 /p/QSOpt/NAEopt/optZ/runZn4k2resExtplus/part077/
5 /p/QSOpt/NAEopt/optZ/runZn4k2resExtplus/part077/
6 /p/QSOpt/NAEopt/optZ/runZn4k2resExtplus/part077/
7 /p/QSOpt/NAEopt/optZ/runZn4k2resExtplus/part077/
8 /p/QSOpt/NAEopt/optZ/runZn4k2resExtplus/part077/
9 /p/QSOpt/NAEopt/optZ/runZn4k2resExtplus/part077/
13 /p/QSOpt/NAEopt/optZ/runZn4k2resExtplus/part077/
0 /p/QSOpt/NAEopt/optZ/runZn4k2resExtplus/part077/
1 /p/QSOpt/NAEopt/optZ/runZn4k2resExtplus/part077/
2 /p/QSOpt/NAEopt/optZ/runZn4k2resExtplus/part077/
3 /p/QSOpt/NAEopt/optZ/runZn4k2resExtplus/part077/
4 /p/QSOpt/NAEopt/optZ/runZn4k2resExtplus/part077/
5 /p/QSOpt/NAEopt/optZ/runZn4k2resExtplus/part077/
6 /p/QSOpt/NAEopt/optZ/runZn4k2resExtplus/part077/
7 /p/QSOpt/NAEopt/optZ/runZn4k2resExtplus/part077/
8 /p/QSOpt/NAEopt/optZ/runZn4k2resExtplus/part077/
9 /p/QSOpt/NAEopt/optZ/runZn4k2resExtplus/part077/
14 /p/QSOpt/NAEopt/optZ/runZn4k2resExtplus/part077/
