python optAnhark2optZ.py 15 0.3 0.32999999999999996 10 0.0 0.01200000000000001 /p/QSOpt/NAEopt/optZ/runZn4k2resExtplus/part006/
0 /p/QSOpt/NAEopt/optZ/runZn4k2resExtplus/part006/
1 /p/QSOpt/NAEopt/optZ/runZn4k2resExtplus/part006/
2 /p/QSOpt/NAEopt/optZ/runZn4k2resExtplus/part006/
3 /p/QSOpt/NAEopt/optZ/runZn4k2resExtplus/part006/
4 /p/QSOpt/NAEopt/optZ/runZn4k2resExtplus/part006/
5 /p/QSOpt/NAEopt/optZ/runZn4k2resExtplus/part006/
6 /p/QSOpt/NAEopt/optZ/runZn4k2resExtplus/part006/
7 /p/QSOpt/NAEopt/optZ/runZn4k2resExtplus/part006/
8 /p/QSOpt/NAEopt/optZ/runZn4k2resExtplus/part006/
9 /p/QSOpt/NAEopt/optZ/runZn4k2resExtplus/part006/
0 /p/QSOpt/NAEopt/optZ/runZn4k2resExtplus/part006/
0 /p/QSOpt/NAEopt/optZ/runZn4k2resExtplus/part006/
1 /p/QSOpt/NAEopt/optZ/runZn4k2resExtplus/part006/
2 /p/QSOpt/NAEopt/optZ/runZn4k2resExtplus/part006/
3 /p/QSOpt/NAEopt/optZ/runZn4k2resExtplus/part006/
4 /p/QSOpt/NAEopt/optZ/runZn4k2resExtplus/part006/
5 /p/QSOpt/NAEopt/optZ/runZn4k2resExtplus/part006/
6 /p/QSOpt/NAEopt/optZ/runZn4k2resExtplus/part006/
7 /p/QSOpt/NAEopt/optZ/runZn4k2resExtplus/part006/
8 /p/QSOpt/NAEopt/optZ/runZn4k2resExtplus/part006/
9 /p/QSOpt/NAEopt/optZ/runZn4k2resExtplus/part006/
1 /p/QSOpt/NAEopt/optZ/runZn4k2resExtplus/part006/
0 /p/QSOpt/NAEopt/optZ/runZn4k2resExtplus/part006/
1 /p/QSOpt/NAEopt/optZ/runZn4k2resExtplus/part006/
2 /p/QSOpt/NAEopt/optZ/runZn4k2resExtplus/part006/
3 /p/QSOpt/NAEopt/optZ/runZn4k2resExtplus/part006/
4 /p/QSOpt/NAEopt/optZ/runZn4k2resExtplus/part006/
5 /p/QSOpt/NAEopt/optZ/runZn4k2resExtplus/part006/
6 /p/QSOpt/NAEopt/optZ/runZn4k2resExtplus/part006/
7 /p/QSOpt/NAEopt/optZ/runZn4k2resExtplus/part006/
8 /p/QSOpt/NAEopt/optZ/runZn4k2resExtplus/part006/
9 /p/QSOpt/NAEopt/optZ/runZn4k2resExtplus/part006/
2 /p/QSOpt/NAEopt/optZ/runZn4k2resExtplus/part006/
0 /p/QSOpt/NAEopt/optZ/runZn4k2resExtplus/part006/
1 /p/QSOpt/NAEopt/optZ/runZn4k2resExtplus/part006/
2 /p/QSOpt/NAEopt/optZ/runZn4k2resExtplus/part006/
3 /p/QSOpt/NAEopt/optZ/runZn4k2resExtplus/part006/
4 /p/QSOpt/NAEopt/optZ/runZn4k2resExtplus/part006/
5 /p/QSOpt/NAEopt/optZ/runZn4k2resExtplus/part006/
6 /p/QSOpt/NAEopt/optZ/runZn4k2resExtplus/part006/
7 /p/QSOpt/NAEopt/optZ/runZn4k2resExtplus/part006/
8 /p/QSOpt/NAEopt/optZ/runZn4k2resExtplus/part006/
9 /p/QSOpt/NAEopt/optZ/runZn4k2resExtplus/part006/
3 /p/QSOpt/NAEopt/optZ/runZn4k2resExtplus/part006/
0 /p/QSOpt/NAEopt/optZ/runZn4k2resExtplus/part006/
1 /p/QSOpt/NAEopt/optZ/runZn4k2resExtplus/part006/
2 /p/QSOpt/NAEopt/optZ/runZn4k2resExtplus/part006/
3 /p/QSOpt/NAEopt/optZ/runZn4k2resExtplus/part006/
4 /p/QSOpt/NAEopt/optZ/runZn4k2resExtplus/part006/
5 /p/QSOpt/NAEopt/optZ/runZn4k2resExtplus/part006/
6 /p/QSOpt/NAEopt/optZ/runZn4k2resExtplus/part006/
7 /p/QSOpt/NAEopt/optZ/runZn4k2resExtplus/part006/
8 /p/QSOpt/NAEopt/optZ/runZn4k2resExtplus/part006/
9 /p/QSOpt/NAEopt/optZ/runZn4k2resExtplus/part006/
4 /p/QSOpt/NAEopt/optZ/runZn4k2resExtplus/part006/
0 /p/QSOpt/NAEopt/optZ/runZn4k2resExtplus/part006/
1 /p/QSOpt/NAEopt/optZ/runZn4k2resExtplus/part006/
2 /p/QSOpt/NAEopt/optZ/runZn4k2resExtplus/part006/
3 /p/QSOpt/NAEopt/optZ/runZn4k2resExtplus/part006/
4 /p/QSOpt/NAEopt/optZ/runZn4k2resExtplus/part006/
5 /p/QSOpt/NAEopt/optZ/runZn4k2resExtplus/part006/
6 /p/QSOpt/NAEopt/optZ/runZn4k2resExtplus/part006/
7 /p/QSOpt/NAEopt/optZ/runZn4k2resExtplus/part006/
8 /p/QSOpt/NAEopt/optZ/runZn4k2resExtplus/part006/
9 /p/QSOpt/NAEopt/optZ/runZn4k2resExtplus/part006/
5 /p/QSOpt/NAEopt/optZ/runZn4k2resExtplus/part006/
0 /p/QSOpt/NAEopt/optZ/runZn4k2resExtplus/part006/
1 /p/QSOpt/NAEopt/optZ/runZn4k2resExtplus/part006/
2 /p/QSOpt/NAEopt/optZ/runZn4k2resExtplus/part006/
3 /p/QSOpt/NAEopt/optZ/runZn4k2resExtplus/part006/
4 /p/QSOpt/NAEopt/optZ/runZn4k2resExtplus/part006/
5 /p/QSOpt/NAEopt/optZ/runZn4k2resExtplus/part006/
6 /p/QSOpt/NAEopt/optZ/runZn4k2resExtplus/part006/
7 /p/QSOpt/NAEopt/optZ/runZn4k2resExtplus/part006/
8 /p/QSOpt/NAEopt/optZ/runZn4k2resExtplus/part006/
9 /p/QSOpt/NAEopt/optZ/runZn4k2resExtplus/part006/
6 /p/QSOpt/NAEopt/optZ/runZn4k2resExtplus/part006/
0 /p/QSOpt/NAEopt/optZ/runZn4k2resExtplus/part006/
1 /p/QSOpt/NAEopt/optZ/runZn4k2resExtplus/part006/
2 /p/QSOpt/NAEopt/optZ/runZn4k2resExtplus/part006/
3 /p/QSOpt/NAEopt/optZ/runZn4k2resExtplus/part006/
4 /p/QSOpt/NAEopt/optZ/runZn4k2resExtplus/part006/
5 /p/QSOpt/NAEopt/optZ/runZn4k2resExtplus/part006/
6 /p/QSOpt/NAEopt/optZ/runZn4k2resExtplus/part006/
7 /p/QSOpt/NAEopt/optZ/runZn4k2resExtplus/part006/
8 /p/QSOpt/NAEopt/optZ/runZn4k2resExtplus/part006/
9 /p/QSOpt/NAEopt/optZ/runZn4k2resExtplus/part006/
7 /p/QSOpt/NAEopt/optZ/runZn4k2resExtplus/part006/
0 /p/QSOpt/NAEopt/optZ/runZn4k2resExtplus/part006/
1 /p/QSOpt/NAEopt/optZ/runZn4k2resExtplus/part006/
2 /p/QSOpt/NAEopt/optZ/runZn4k2resExtplus/part006/
3 /p/QSOpt/NAEopt/optZ/runZn4k2resExtplus/part006/
4 /p/QSOpt/NAEopt/optZ/runZn4k2resExtplus/part006/
5 /p/QSOpt/NAEopt/optZ/runZn4k2resExtplus/part006/
6 /p/QSOpt/NAEopt/optZ/runZn4k2resExtplus/part006/
7 /p/QSOpt/NAEopt/optZ/runZn4k2resExtplus/part006/
8 /p/QSOpt/NAEopt/optZ/runZn4k2resExtplus/part006/
9 /p/QSOpt/NAEopt/optZ/runZn4k2resExtplus/part006/
8 /p/QSOpt/NAEopt/optZ/runZn4k2resExtplus/part006/
0 /p/QSOpt/NAEopt/optZ/runZn4k2resExtplus/part006/
1 /p/QSOpt/NAEopt/optZ/runZn4k2resExtplus/part006/
2 /p/QSOpt/NAEopt/optZ/runZn4k2resExtplus/part006/
3 /p/QSOpt/NAEopt/optZ/runZn4k2resExtplus/part006/
4 /p/QSOpt/NAEopt/optZ/runZn4k2resExtplus/part006/
5 /p/QSOpt/NAEopt/optZ/runZn4k2resExtplus/part006/
6 /p/QSOpt/NAEopt/optZ/runZn4k2resExtplus/part006/
7 /p/QSOpt/NAEopt/optZ/runZn4k2resExtplus/part006/
8 /p/QSOpt/NAEopt/optZ/runZn4k2resExtplus/part006/
9 /p/QSOpt/NAEopt/optZ/runZn4k2resExtplus/part006/
9 /p/QSOpt/NAEopt/optZ/runZn4k2resExtplus/part006/
0 /p/QSOpt/NAEopt/optZ/runZn4k2resExtplus/part006/
1 /p/QSOpt/NAEopt/optZ/runZn4k2resExtplus/part006/
2 /p/QSOpt/NAEopt/optZ/runZn4k2resExtplus/part006/
3 /p/QSOpt/NAEopt/optZ/runZn4k2resExtplus/part006/
4 /p/QSOpt/NAEopt/optZ/runZn4k2resExtplus/part006/
5 /p/QSOpt/NAEopt/optZ/runZn4k2resExtplus/part006/
6 /p/QSOpt/NAEopt/optZ/runZn4k2resExtplus/part006/
7 /p/QSOpt/NAEopt/optZ/runZn4k2resExtplus/part006/
8 /p/QSOpt/NAEopt/optZ/runZn4k2resExtplus/part006/
9 /p/QSOpt/NAEopt/optZ/runZn4k2resExtplus/part006/
10 /p/QSOpt/NAEopt/optZ/runZn4k2resExtplus/part006/
0 /p/QSOpt/NAEopt/optZ/runZn4k2resExtplus/part006/
1 /p/QSOpt/NAEopt/optZ/runZn4k2resExtplus/part006/
2 /p/QSOpt/NAEopt/optZ/runZn4k2resExtplus/part006/
3 /p/QSOpt/NAEopt/optZ/runZn4k2resExtplus/part006/
4 /p/QSOpt/NAEopt/optZ/runZn4k2resExtplus/part006/
5 /p/QSOpt/NAEopt/optZ/runZn4k2resExtplus/part006/
6 /p/QSOpt/NAEopt/optZ/runZn4k2resExtplus/part006/
7 /p/QSOpt/NAEopt/optZ/runZn4k2resExtplus/part006/
8 /p/QSOpt/NAEopt/optZ/runZn4k2resExtplus/part006/
9 /p/QSOpt/NAEopt/optZ/runZn4k2resExtplus/part006/
11 /p/QSOpt/NAEopt/optZ/runZn4k2resExtplus/part006/
0 /p/QSOpt/NAEopt/optZ/runZn4k2resExtplus/part006/
1 /p/QSOpt/NAEopt/optZ/runZn4k2resExtplus/part006/
2 /p/QSOpt/NAEopt/optZ/runZn4k2resExtplus/part006/
3 /p/QSOpt/NAEopt/optZ/runZn4k2resExtplus/part006/
4 /p/QSOpt/NAEopt/optZ/runZn4k2resExtplus/part006/
5 /p/QSOpt/NAEopt/optZ/runZn4k2resExtplus/part006/
6 /p/QSOpt/NAEopt/optZ/runZn4k2resExtplus/part006/
7 /p/QSOpt/NAEopt/optZ/runZn4k2resExtplus/part006/
8 /p/QSOpt/NAEopt/optZ/runZn4k2resExtplus/part006/
9 /p/QSOpt/NAEopt/optZ/runZn4k2resExtplus/part006/
12 /p/QSOpt/NAEopt/optZ/runZn4k2resExtplus/part006/
0 /p/QSOpt/NAEopt/optZ/runZn4k2resExtplus/part006/
1 /p/QSOpt/NAEopt/optZ/runZn4k2resExtplus/part006/
2 /p/QSOpt/NAEopt/optZ/runZn4k2resExtplus/part006/
3 /p/QSOpt/NAEopt/optZ/runZn4k2resExtplus/part006/
4 /p/QSOpt/NAEopt/optZ/runZn4k2resExtplus/part006/
5 /p/QSOpt/NAEopt/optZ/runZn4k2resExtplus/part006/
6 /p/QSOpt/NAEopt/optZ/runZn4k2resExtplus/part006/
7 /p/QSOpt/NAEopt/optZ/runZn4k2resExtplus/part006/
8 /p/QSOpt/NAEopt/optZ/runZn4k2resExtplus/part006/
9 /p/QSOpt/NAEopt/optZ/runZn4k2resExtplus/part006/
13 /p/QSOpt/NAEopt/optZ/runZn4k2resExtplus/part006/
0 /p/QSOpt/NAEopt/optZ/runZn4k2resExtplus/part006/
1 /p/QSOpt/NAEopt/optZ/runZn4k2resExtplus/part006/
2 /p/QSOpt/NAEopt/optZ/runZn4k2resExtplus/part006/
3 /p/QSOpt/NAEopt/optZ/runZn4k2resExtplus/part006/
4 /p/QSOpt/NAEopt/optZ/runZn4k2resExtplus/part006/
5 /p/QSOpt/NAEopt/optZ/runZn4k2resExtplus/part006/
6 /p/QSOpt/NAEopt/optZ/runZn4k2resExtplus/part006/
7 /p/QSOpt/NAEopt/optZ/runZn4k2resExtplus/part006/
8 /p/QSOpt/NAEopt/optZ/runZn4k2resExtplus/part006/
9 /p/QSOpt/NAEopt/optZ/runZn4k2resExtplus/part006/
14 /p/QSOpt/NAEopt/optZ/runZn4k2resExtplus/part006/
