python optAnhark2optZ.py 15 0.42 0.44999999999999996 10 0.024000000000000007 0.036000000000000004 /p/QSOpt/NAEopt/optZ/runZn4k2resExtplus/part048/
0 /p/QSOpt/NAEopt/optZ/runZn4k2resExtplus/part048/
1 /p/QSOpt/NAEopt/optZ/runZn4k2resExtplus/part048/
2 /p/QSOpt/NAEopt/optZ/runZn4k2resExtplus/part048/
3 /p/QSOpt/NAEopt/optZ/runZn4k2resExtplus/part048/
4 /p/QSOpt/NAEopt/optZ/runZn4k2resExtplus/part048/
5 /p/QSOpt/NAEopt/optZ/runZn4k2resExtplus/part048/
6 /p/QSOpt/NAEopt/optZ/runZn4k2resExtplus/part048/
7 /p/QSOpt/NAEopt/optZ/runZn4k2resExtplus/part048/
8 /p/QSOpt/NAEopt/optZ/runZn4k2resExtplus/part048/
9 /p/QSOpt/NAEopt/optZ/runZn4k2resExtplus/part048/
0 /p/QSOpt/NAEopt/optZ/runZn4k2resExtplus/part048/
0 /p/QSOpt/NAEopt/optZ/runZn4k2resExtplus/part048/
1 /p/QSOpt/NAEopt/optZ/runZn4k2resExtplus/part048/
2 /p/QSOpt/NAEopt/optZ/runZn4k2resExtplus/part048/
3 /p/QSOpt/NAEopt/optZ/runZn4k2resExtplus/part048/
4 /p/QSOpt/NAEopt/optZ/runZn4k2resExtplus/part048/
5 /p/QSOpt/NAEopt/optZ/runZn4k2resExtplus/part048/
6 /p/QSOpt/NAEopt/optZ/runZn4k2resExtplus/part048/
7 /p/QSOpt/NAEopt/optZ/runZn4k2resExtplus/part048/
8 /p/QSOpt/NAEopt/optZ/runZn4k2resExtplus/part048/
9 /p/QSOpt/NAEopt/optZ/runZn4k2resExtplus/part048/
1 /p/QSOpt/NAEopt/optZ/runZn4k2resExtplus/part048/
0 /p/QSOpt/NAEopt/optZ/runZn4k2resExtplus/part048/
1 /p/QSOpt/NAEopt/optZ/runZn4k2resExtplus/part048/
2 /p/QSOpt/NAEopt/optZ/runZn4k2resExtplus/part048/
3 /p/QSOpt/NAEopt/optZ/runZn4k2resExtplus/part048/
4 /p/QSOpt/NAEopt/optZ/runZn4k2resExtplus/part048/
5 /p/QSOpt/NAEopt/optZ/runZn4k2resExtplus/part048/
6 /p/QSOpt/NAEopt/optZ/runZn4k2resExtplus/part048/
7 /p/QSOpt/NAEopt/optZ/runZn4k2resExtplus/part048/
8 /p/QSOpt/NAEopt/optZ/runZn4k2resExtplus/part048/
9 /p/QSOpt/NAEopt/optZ/runZn4k2resExtplus/part048/
2 /p/QSOpt/NAEopt/optZ/runZn4k2resExtplus/part048/
0 /p/QSOpt/NAEopt/optZ/runZn4k2resExtplus/part048/
1 /p/QSOpt/NAEopt/optZ/runZn4k2resExtplus/part048/
2 /p/QSOpt/NAEopt/optZ/runZn4k2resExtplus/part048/
3 /p/QSOpt/NAEopt/optZ/runZn4k2resExtplus/part048/
4 /p/QSOpt/NAEopt/optZ/runZn4k2resExtplus/part048/
5 /p/QSOpt/NAEopt/optZ/runZn4k2resExtplus/part048/
6 /p/QSOpt/NAEopt/optZ/runZn4k2resExtplus/part048/
7 /p/QSOpt/NAEopt/optZ/runZn4k2resExtplus/part048/
8 /p/QSOpt/NAEopt/optZ/runZn4k2resExtplus/part048/
9 /p/QSOpt/NAEopt/optZ/runZn4k2resExtplus/part048/
3 /p/QSOpt/NAEopt/optZ/runZn4k2resExtplus/part048/
0 /p/QSOpt/NAEopt/optZ/runZn4k2resExtplus/part048/
1 /p/QSOpt/NAEopt/optZ/runZn4k2resExtplus/part048/
2 /p/QSOpt/NAEopt/optZ/runZn4k2resExtplus/part048/
3 /p/QSOpt/NAEopt/optZ/runZn4k2resExtplus/part048/
4 /p/QSOpt/NAEopt/optZ/runZn4k2resExtplus/part048/
5 /p/QSOpt/NAEopt/optZ/runZn4k2resExtplus/part048/
6 /p/QSOpt/NAEopt/optZ/runZn4k2resExtplus/part048/
7 /p/QSOpt/NAEopt/optZ/runZn4k2resExtplus/part048/
8 /p/QSOpt/NAEopt/optZ/runZn4k2resExtplus/part048/
9 /p/QSOpt/NAEopt/optZ/runZn4k2resExtplus/part048/
4 /p/QSOpt/NAEopt/optZ/runZn4k2resExtplus/part048/
0 /p/QSOpt/NAEopt/optZ/runZn4k2resExtplus/part048/
1 /p/QSOpt/NAEopt/optZ/runZn4k2resExtplus/part048/
2 /p/QSOpt/NAEopt/optZ/runZn4k2resExtplus/part048/
3 /p/QSOpt/NAEopt/optZ/runZn4k2resExtplus/part048/
4 /p/QSOpt/NAEopt/optZ/runZn4k2resExtplus/part048/
5 /p/QSOpt/NAEopt/optZ/runZn4k2resExtplus/part048/
6 /p/QSOpt/NAEopt/optZ/runZn4k2resExtplus/part048/
7 /p/QSOpt/NAEopt/optZ/runZn4k2resExtplus/part048/
8 /p/QSOpt/NAEopt/optZ/runZn4k2resExtplus/part048/
9 /p/QSOpt/NAEopt/optZ/runZn4k2resExtplus/part048/
5 /p/QSOpt/NAEopt/optZ/runZn4k2resExtplus/part048/
0 /p/QSOpt/NAEopt/optZ/runZn4k2resExtplus/part048/
1 /p/QSOpt/NAEopt/optZ/runZn4k2resExtplus/part048/
2 /p/QSOpt/NAEopt/optZ/runZn4k2resExtplus/part048/
3 /p/QSOpt/NAEopt/optZ/runZn4k2resExtplus/part048/
4 /p/QSOpt/NAEopt/optZ/runZn4k2resExtplus/part048/
5 /p/QSOpt/NAEopt/optZ/runZn4k2resExtplus/part048/
6 /p/QSOpt/NAEopt/optZ/runZn4k2resExtplus/part048/
7 /p/QSOpt/NAEopt/optZ/runZn4k2resExtplus/part048/
8 /p/QSOpt/NAEopt/optZ/runZn4k2resExtplus/part048/
9 /p/QSOpt/NAEopt/optZ/runZn4k2resExtplus/part048/
6 /p/QSOpt/NAEopt/optZ/runZn4k2resExtplus/part048/
0 /p/QSOpt/NAEopt/optZ/runZn4k2resExtplus/part048/
1 /p/QSOpt/NAEopt/optZ/runZn4k2resExtplus/part048/
2 /p/QSOpt/NAEopt/optZ/runZn4k2resExtplus/part048/
3 /p/QSOpt/NAEopt/optZ/runZn4k2resExtplus/part048/
4 /p/QSOpt/NAEopt/optZ/runZn4k2resExtplus/part048/
5 /p/QSOpt/NAEopt/optZ/runZn4k2resExtplus/part048/
6 /p/QSOpt/NAEopt/optZ/runZn4k2resExtplus/part048/
7 /p/QSOpt/NAEopt/optZ/runZn4k2resExtplus/part048/
8 /p/QSOpt/NAEopt/optZ/runZn4k2resExtplus/part048/
9 /p/QSOpt/NAEopt/optZ/runZn4k2resExtplus/part048/
7 /p/QSOpt/NAEopt/optZ/runZn4k2resExtplus/part048/
0 /p/QSOpt/NAEopt/optZ/runZn4k2resExtplus/part048/
1 /p/QSOpt/NAEopt/optZ/runZn4k2resExtplus/part048/
2 /p/QSOpt/NAEopt/optZ/runZn4k2resExtplus/part048/
3 /p/QSOpt/NAEopt/optZ/runZn4k2resExtplus/part048/
4 /p/QSOpt/NAEopt/optZ/runZn4k2resExtplus/part048/
5 /p/QSOpt/NAEopt/optZ/runZn4k2resExtplus/part048/
6 /p/QSOpt/NAEopt/optZ/runZn4k2resExtplus/part048/
7 /p/QSOpt/NAEopt/optZ/runZn4k2resExtplus/part048/
8 /p/QSOpt/NAEopt/optZ/runZn4k2resExtplus/part048/
9 /p/QSOpt/NAEopt/optZ/runZn4k2resExtplus/part048/
8 /p/QSOpt/NAEopt/optZ/runZn4k2resExtplus/part048/
0 /p/QSOpt/NAEopt/optZ/runZn4k2resExtplus/part048/
1 /p/QSOpt/NAEopt/optZ/runZn4k2resExtplus/part048/
2 /p/QSOpt/NAEopt/optZ/runZn4k2resExtplus/part048/
3 /p/QSOpt/NAEopt/optZ/runZn4k2resExtplus/part048/
4 /p/QSOpt/NAEopt/optZ/runZn4k2resExtplus/part048/
5 /p/QSOpt/NAEopt/optZ/runZn4k2resExtplus/part048/
6 /p/QSOpt/NAEopt/optZ/runZn4k2resExtplus/part048/
7 /p/QSOpt/NAEopt/optZ/runZn4k2resExtplus/part048/
8 /p/QSOpt/NAEopt/optZ/runZn4k2resExtplus/part048/
9 /p/QSOpt/NAEopt/optZ/runZn4k2resExtplus/part048/
9 /p/QSOpt/NAEopt/optZ/runZn4k2resExtplus/part048/
0 /p/QSOpt/NAEopt/optZ/runZn4k2resExtplus/part048/
1 /p/QSOpt/NAEopt/optZ/runZn4k2resExtplus/part048/
2 /p/QSOpt/NAEopt/optZ/runZn4k2resExtplus/part048/
3 /p/QSOpt/NAEopt/optZ/runZn4k2resExtplus/part048/
4 /p/QSOpt/NAEopt/optZ/runZn4k2resExtplus/part048/
5 /p/QSOpt/NAEopt/optZ/runZn4k2resExtplus/part048/
6 /p/QSOpt/NAEopt/optZ/runZn4k2resExtplus/part048/
7 /p/QSOpt/NAEopt/optZ/runZn4k2resExtplus/part048/
8 /p/QSOpt/NAEopt/optZ/runZn4k2resExtplus/part048/
9 /p/QSOpt/NAEopt/optZ/runZn4k2resExtplus/part048/
10 /p/QSOpt/NAEopt/optZ/runZn4k2resExtplus/part048/
0 /p/QSOpt/NAEopt/optZ/runZn4k2resExtplus/part048/
1 /p/QSOpt/NAEopt/optZ/runZn4k2resExtplus/part048/
2 /p/QSOpt/NAEopt/optZ/runZn4k2resExtplus/part048/
3 /p/QSOpt/NAEopt/optZ/runZn4k2resExtplus/part048/
4 /p/QSOpt/NAEopt/optZ/runZn4k2resExtplus/part048/
5 /p/QSOpt/NAEopt/optZ/runZn4k2resExtplus/part048/
6 /p/QSOpt/NAEopt/optZ/runZn4k2resExtplus/part048/
7 /p/QSOpt/NAEopt/optZ/runZn4k2resExtplus/part048/
8 /p/QSOpt/NAEopt/optZ/runZn4k2resExtplus/part048/
9 /p/QSOpt/NAEopt/optZ/runZn4k2resExtplus/part048/
11 /p/QSOpt/NAEopt/optZ/runZn4k2resExtplus/part048/
0 /p/QSOpt/NAEopt/optZ/runZn4k2resExtplus/part048/
1 /p/QSOpt/NAEopt/optZ/runZn4k2resExtplus/part048/
2 /p/QSOpt/NAEopt/optZ/runZn4k2resExtplus/part048/
3 /p/QSOpt/NAEopt/optZ/runZn4k2resExtplus/part048/
4 /p/QSOpt/NAEopt/optZ/runZn4k2resExtplus/part048/
5 /p/QSOpt/NAEopt/optZ/runZn4k2resExtplus/part048/
6 /p/QSOpt/NAEopt/optZ/runZn4k2resExtplus/part048/
7 /p/QSOpt/NAEopt/optZ/runZn4k2resExtplus/part048/
8 /p/QSOpt/NAEopt/optZ/runZn4k2resExtplus/part048/
9 /p/QSOpt/NAEopt/optZ/runZn4k2resExtplus/part048/
12 /p/QSOpt/NAEopt/optZ/runZn4k2resExtplus/part048/
0 /p/QSOpt/NAEopt/optZ/runZn4k2resExtplus/part048/
1 /p/QSOpt/NAEopt/optZ/runZn4k2resExtplus/part048/
2 /p/QSOpt/NAEopt/optZ/runZn4k2resExtplus/part048/
3 /p/QSOpt/NAEopt/optZ/runZn4k2resExtplus/part048/
4 /p/QSOpt/NAEopt/optZ/runZn4k2resExtplus/part048/
5 /p/QSOpt/NAEopt/optZ/runZn4k2resExtplus/part048/
6 /p/QSOpt/NAEopt/optZ/runZn4k2resExtplus/part048/
7 /p/QSOpt/NAEopt/optZ/runZn4k2resExtplus/part048/
8 /p/QSOpt/NAEopt/optZ/runZn4k2resExtplus/part048/
9 /p/QSOpt/NAEopt/optZ/runZn4k2resExtplus/part048/
13 /p/QSOpt/NAEopt/optZ/runZn4k2resExtplus/part048/
0 /p/QSOpt/NAEopt/optZ/runZn4k2resExtplus/part048/
1 /p/QSOpt/NAEopt/optZ/runZn4k2resExtplus/part048/
2 /p/QSOpt/NAEopt/optZ/runZn4k2resExtplus/part048/
3 /p/QSOpt/NAEopt/optZ/runZn4k2resExtplus/part048/
4 /p/QSOpt/NAEopt/optZ/runZn4k2resExtplus/part048/
5 /p/QSOpt/NAEopt/optZ/runZn4k2resExtplus/part048/
6 /p/QSOpt/NAEopt/optZ/runZn4k2resExtplus/part048/
7 /p/QSOpt/NAEopt/optZ/runZn4k2resExtplus/part048/
8 /p/QSOpt/NAEopt/optZ/runZn4k2resExtplus/part048/
9 /p/QSOpt/NAEopt/optZ/runZn4k2resExtplus/part048/
14 /p/QSOpt/NAEopt/optZ/runZn4k2resExtplus/part048/
