python optAnhark2optZ.py 15 0.5700000000000001 0.6 10 0.024000000000000007 0.036000000000000004 /p/QSOpt/NAEopt/optZ/runZn4k2resExtplus/part098/
/p/QSOpt/NAEopt/pyQSC/qsc/r_singularity.py:451: UserWarning:   Difference between linear solution 170557.9025486814 and quadratic solution 170557.90256323313 is 1.4551740605384111e-05
  warnings.warn("  Difference between linear solution {} and quadratic solution {} is {}".format(linear_solutions[0], quadratic_solutions[0], diff))
/p/QSOpt/NAEopt/pyQSC/qsc/r_singularity.py:451: UserWarning:   Difference between linear solution 0.840794467265494 and quadratic solution 0.7213539752439837 is 0.1194404920215103
  warnings.warn("  Difference between linear solution {} and quadratic solution {} is {}".format(linear_solutions[0], quadratic_solutions[0], diff))
/p/QSOpt/NAEopt/pyQSC/qsc/r_singularity.py:451: UserWarning:   Difference between linear solution 0.721343457280025 and quadratic solution 0.7213539752470761 is 1.0517967051093535e-05
  warnings.warn("  Difference between linear solution {} and quadratic solution {} is {}".format(linear_solutions[0], quadratic_solutions[0], diff))
0 /p/QSOpt/NAEopt/optZ/runZn4k2resExtplus/part098/
1 /p/QSOpt/NAEopt/optZ/runZn4k2resExtplus/part098/
2 /p/QSOpt/NAEopt/optZ/runZn4k2resExtplus/part098/
3 /p/QSOpt/NAEopt/optZ/runZn4k2resExtplus/part098/
4 /p/QSOpt/NAEopt/optZ/runZn4k2resExtplus/part098/
5 /p/QSOpt/NAEopt/optZ/runZn4k2resExtplus/part098/
6 /p/QSOpt/NAEopt/optZ/runZn4k2resExtplus/part098/
7 /p/QSOpt/NAEopt/optZ/runZn4k2resExtplus/part098/
8 /p/QSOpt/NAEopt/optZ/runZn4k2resExtplus/part098/
9 /p/QSOpt/NAEopt/optZ/runZn4k2resExtplus/part098/
0 /p/QSOpt/NAEopt/optZ/runZn4k2resExtplus/part098/
0 /p/QSOpt/NAEopt/optZ/runZn4k2resExtplus/part098/
1 /p/QSOpt/NAEopt/optZ/runZn4k2resExtplus/part098/
2 /p/QSOpt/NAEopt/optZ/runZn4k2resExtplus/part098/
3 /p/QSOpt/NAEopt/optZ/runZn4k2resExtplus/part098/
4 /p/QSOpt/NAEopt/optZ/runZn4k2resExtplus/part098/
5 /p/QSOpt/NAEopt/optZ/runZn4k2resExtplus/part098/
6 /p/QSOpt/NAEopt/optZ/runZn4k2resExtplus/part098/
7 /p/QSOpt/NAEopt/optZ/runZn4k2resExtplus/part098/
8 /p/QSOpt/NAEopt/optZ/runZn4k2resExtplus/part098/
9 /p/QSOpt/NAEopt/optZ/runZn4k2resExtplus/part098/
1 /p/QSOpt/NAEopt/optZ/runZn4k2resExtplus/part098/
0 /p/QSOpt/NAEopt/optZ/runZn4k2resExtplus/part098/
1 /p/QSOpt/NAEopt/optZ/runZn4k2resExtplus/part098/
2 /p/QSOpt/NAEopt/optZ/runZn4k2resExtplus/part098/
3 /p/QSOpt/NAEopt/optZ/runZn4k2resExtplus/part098/
4 /p/QSOpt/NAEopt/optZ/runZn4k2resExtplus/part098/
5 /p/QSOpt/NAEopt/optZ/runZn4k2resExtplus/part098/
6 /p/QSOpt/NAEopt/optZ/runZn4k2resExtplus/part098/
7 /p/QSOpt/NAEopt/optZ/runZn4k2resExtplus/part098/
8 /p/QSOpt/NAEopt/optZ/runZn4k2resExtplus/part098/
9 /p/QSOpt/NAEopt/optZ/runZn4k2resExtplus/part098/
2 /p/QSOpt/NAEopt/optZ/runZn4k2resExtplus/part098/
0 /p/QSOpt/NAEopt/optZ/runZn4k2resExtplus/part098/
1 /p/QSOpt/NAEopt/optZ/runZn4k2resExtplus/part098/
2 /p/QSOpt/NAEopt/optZ/runZn4k2resExtplus/part098/
3 /p/QSOpt/NAEopt/optZ/runZn4k2resExtplus/part098/
4 /p/QSOpt/NAEopt/optZ/runZn4k2resExtplus/part098/
5 /p/QSOpt/NAEopt/optZ/runZn4k2resExtplus/part098/
6 /p/QSOpt/NAEopt/optZ/runZn4k2resExtplus/part098/
7 /p/QSOpt/NAEopt/optZ/runZn4k2resExtplus/part098/
8 /p/QSOpt/NAEopt/optZ/runZn4k2resExtplus/part098/
9 /p/QSOpt/NAEopt/optZ/runZn4k2resExtplus/part098/
3 /p/QSOpt/NAEopt/optZ/runZn4k2resExtplus/part098/
0 /p/QSOpt/NAEopt/optZ/runZn4k2resExtplus/part098/
1 /p/QSOpt/NAEopt/optZ/runZn4k2resExtplus/part098/
2 /p/QSOpt/NAEopt/optZ/runZn4k2resExtplus/part098/
3 /p/QSOpt/NAEopt/optZ/runZn4k2resExtplus/part098/
4 /p/QSOpt/NAEopt/optZ/runZn4k2resExtplus/part098/
5 /p/QSOpt/NAEopt/optZ/runZn4k2resExtplus/part098/
6 /p/QSOpt/NAEopt/optZ/runZn4k2resExtplus/part098/
7 /p/QSOpt/NAEopt/optZ/runZn4k2resExtplus/part098/
8 /p/QSOpt/NAEopt/optZ/runZn4k2resExtplus/part098/
9 /p/QSOpt/NAEopt/optZ/runZn4k2resExtplus/part098/
4 /p/QSOpt/NAEopt/optZ/runZn4k2resExtplus/part098/
0 /p/QSOpt/NAEopt/optZ/runZn4k2resExtplus/part098/
1 /p/QSOpt/NAEopt/optZ/runZn4k2resExtplus/part098/
2 /p/QSOpt/NAEopt/optZ/runZn4k2resExtplus/part098/
3 /p/QSOpt/NAEopt/optZ/runZn4k2resExtplus/part098/
4 /p/QSOpt/NAEopt/optZ/runZn4k2resExtplus/part098/
5 /p/QSOpt/NAEopt/optZ/runZn4k2resExtplus/part098/
6 /p/QSOpt/NAEopt/optZ/runZn4k2resExtplus/part098/
7 /p/QSOpt/NAEopt/optZ/runZn4k2resExtplus/part098/
8 /p/QSOpt/NAEopt/optZ/runZn4k2resExtplus/part098/
9 /p/QSOpt/NAEopt/optZ/runZn4k2resExtplus/part098/
5 /p/QSOpt/NAEopt/optZ/runZn4k2resExtplus/part098/
0 /p/QSOpt/NAEopt/optZ/runZn4k2resExtplus/part098/
1 /p/QSOpt/NAEopt/optZ/runZn4k2resExtplus/part098/
2 /p/QSOpt/NAEopt/optZ/runZn4k2resExtplus/part098/
3 /p/QSOpt/NAEopt/optZ/runZn4k2resExtplus/part098/
4 /p/QSOpt/NAEopt/optZ/runZn4k2resExtplus/part098/
5 /p/QSOpt/NAEopt/optZ/runZn4k2resExtplus/part098/
6 /p/QSOpt/NAEopt/optZ/runZn4k2resExtplus/part098/
7 /p/QSOpt/NAEopt/optZ/runZn4k2resExtplus/part098/
8 /p/QSOpt/NAEopt/optZ/runZn4k2resExtplus/part098/
9 /p/QSOpt/NAEopt/optZ/runZn4k2resExtplus/part098/
6 /p/QSOpt/NAEopt/optZ/runZn4k2resExtplus/part098/
0 /p/QSOpt/NAEopt/optZ/runZn4k2resExtplus/part098/
1 /p/QSOpt/NAEopt/optZ/runZn4k2resExtplus/part098/
2 /p/QSOpt/NAEopt/optZ/runZn4k2resExtplus/part098/
3 /p/QSOpt/NAEopt/optZ/runZn4k2resExtplus/part098/
4 /p/QSOpt/NAEopt/optZ/runZn4k2resExtplus/part098/
5 /p/QSOpt/NAEopt/optZ/runZn4k2resExtplus/part098/
6 /p/QSOpt/NAEopt/optZ/runZn4k2resExtplus/part098/
7 /p/QSOpt/NAEopt/optZ/runZn4k2resExtplus/part098/
8 /p/QSOpt/NAEopt/optZ/runZn4k2resExtplus/part098/
9 /p/QSOpt/NAEopt/optZ/runZn4k2resExtplus/part098/
7 /p/QSOpt/NAEopt/optZ/runZn4k2resExtplus/part098/
0 /p/QSOpt/NAEopt/optZ/runZn4k2resExtplus/part098/
1 /p/QSOpt/NAEopt/optZ/runZn4k2resExtplus/part098/
2 /p/QSOpt/NAEopt/optZ/runZn4k2resExtplus/part098/
3 /p/QSOpt/NAEopt/optZ/runZn4k2resExtplus/part098/
4 /p/QSOpt/NAEopt/optZ/runZn4k2resExtplus/part098/
5 /p/QSOpt/NAEopt/optZ/runZn4k2resExtplus/part098/
6 /p/QSOpt/NAEopt/optZ/runZn4k2resExtplus/part098/
7 /p/QSOpt/NAEopt/optZ/runZn4k2resExtplus/part098/
8 /p/QSOpt/NAEopt/optZ/runZn4k2resExtplus/part098/
9 /p/QSOpt/NAEopt/optZ/runZn4k2resExtplus/part098/
8 /p/QSOpt/NAEopt/optZ/runZn4k2resExtplus/part098/
0 /p/QSOpt/NAEopt/optZ/runZn4k2resExtplus/part098/
1 /p/QSOpt/NAEopt/optZ/runZn4k2resExtplus/part098/
2 /p/QSOpt/NAEopt/optZ/runZn4k2resExtplus/part098/
3 /p/QSOpt/NAEopt/optZ/runZn4k2resExtplus/part098/
4 /p/QSOpt/NAEopt/optZ/runZn4k2resExtplus/part098/
5 /p/QSOpt/NAEopt/optZ/runZn4k2resExtplus/part098/
6 /p/QSOpt/NAEopt/optZ/runZn4k2resExtplus/part098/
7 /p/QSOpt/NAEopt/optZ/runZn4k2resExtplus/part098/
8 /p/QSOpt/NAEopt/optZ/runZn4k2resExtplus/part098/
9 /p/QSOpt/NAEopt/optZ/runZn4k2resExtplus/part098/
9 /p/QSOpt/NAEopt/optZ/runZn4k2resExtplus/part098/
0 /p/QSOpt/NAEopt/optZ/runZn4k2resExtplus/part098/
1 /p/QSOpt/NAEopt/optZ/runZn4k2resExtplus/part098/
2 /p/QSOpt/NAEopt/optZ/runZn4k2resExtplus/part098/
3 /p/QSOpt/NAEopt/optZ/runZn4k2resExtplus/part098/
4 /p/QSOpt/NAEopt/optZ/runZn4k2resExtplus/part098/
5 /p/QSOpt/NAEopt/optZ/runZn4k2resExtplus/part098/
6 /p/QSOpt/NAEopt/optZ/runZn4k2resExtplus/part098/
7 /p/QSOpt/NAEopt/optZ/runZn4k2resExtplus/part098/
8 /p/QSOpt/NAEopt/optZ/runZn4k2resExtplus/part098/
9 /p/QSOpt/NAEopt/optZ/runZn4k2resExtplus/part098/
10 /p/QSOpt/NAEopt/optZ/runZn4k2resExtplus/part098/
0 /p/QSOpt/NAEopt/optZ/runZn4k2resExtplus/part098/
1 /p/QSOpt/NAEopt/optZ/runZn4k2resExtplus/part098/
2 /p/QSOpt/NAEopt/optZ/runZn4k2resExtplus/part098/
3 /p/QSOpt/NAEopt/optZ/runZn4k2resExtplus/part098/
4 /p/QSOpt/NAEopt/optZ/runZn4k2resExtplus/part098/
5 /p/QSOpt/NAEopt/optZ/runZn4k2resExtplus/part098/
6 /p/QSOpt/NAEopt/optZ/runZn4k2resExtplus/part098/
7 /p/QSOpt/NAEopt/optZ/runZn4k2resExtplus/part098/
8 /p/QSOpt/NAEopt/optZ/runZn4k2resExtplus/part098/
9 /p/QSOpt/NAEopt/optZ/runZn4k2resExtplus/part098/
11 /p/QSOpt/NAEopt/optZ/runZn4k2resExtplus/part098/
0 /p/QSOpt/NAEopt/optZ/runZn4k2resExtplus/part098/
1 /p/QSOpt/NAEopt/optZ/runZn4k2resExtplus/part098/
2 /p/QSOpt/NAEopt/optZ/runZn4k2resExtplus/part098/
3 /p/QSOpt/NAEopt/optZ/runZn4k2resExtplus/part098/
4 /p/QSOpt/NAEopt/optZ/runZn4k2resExtplus/part098/
5 /p/QSOpt/NAEopt/optZ/runZn4k2resExtplus/part098/
6 /p/QSOpt/NAEopt/optZ/runZn4k2resExtplus/part098/
7 /p/QSOpt/NAEopt/optZ/runZn4k2resExtplus/part098/
8 /p/QSOpt/NAEopt/optZ/runZn4k2resExtplus/part098/
9 /p/QSOpt/NAEopt/optZ/runZn4k2resExtplus/part098/
12 /p/QSOpt/NAEopt/optZ/runZn4k2resExtplus/part098/
0 /p/QSOpt/NAEopt/optZ/runZn4k2resExtplus/part098/
1 /p/QSOpt/NAEopt/optZ/runZn4k2resExtplus/part098/
2 /p/QSOpt/NAEopt/optZ/runZn4k2resExtplus/part098/
3 /p/QSOpt/NAEopt/optZ/runZn4k2resExtplus/part098/
4 /p/QSOpt/NAEopt/optZ/runZn4k2resExtplus/part098/
5 /p/QSOpt/NAEopt/optZ/runZn4k2resExtplus/part098/
6 /p/QSOpt/NAEopt/optZ/runZn4k2resExtplus/part098/
7 /p/QSOpt/NAEopt/optZ/runZn4k2resExtplus/part098/
8 /p/QSOpt/NAEopt/optZ/runZn4k2resExtplus/part098/
9 /p/QSOpt/NAEopt/optZ/runZn4k2resExtplus/part098/
13 /p/QSOpt/NAEopt/optZ/runZn4k2resExtplus/part098/
0 /p/QSOpt/NAEopt/optZ/runZn4k2resExtplus/part098/
1 /p/QSOpt/NAEopt/optZ/runZn4k2resExtplus/part098/
2 /p/QSOpt/NAEopt/optZ/runZn4k2resExtplus/part098/
3 /p/QSOpt/NAEopt/optZ/runZn4k2resExtplus/part098/
4 /p/QSOpt/NAEopt/optZ/runZn4k2resExtplus/part098/
5 /p/QSOpt/NAEopt/optZ/runZn4k2resExtplus/part098/
6 /p/QSOpt/NAEopt/optZ/runZn4k2resExtplus/part098/
7 /p/QSOpt/NAEopt/optZ/runZn4k2resExtplus/part098/
8 /p/QSOpt/NAEopt/optZ/runZn4k2resExtplus/part098/
9 /p/QSOpt/NAEopt/optZ/runZn4k2resExtplus/part098/
14 /p/QSOpt/NAEopt/optZ/runZn4k2resExtplus/part098/
