python optAnhark2optZ.py 15 0.51 0.54 10 -0.036 -0.023999999999999994 /p/QSOpt/NAEopt/optZ/runZn4k2resExtplus/part073/
0 /p/QSOpt/NAEopt/optZ/runZn4k2resExtplus/part073/
1 /p/QSOpt/NAEopt/optZ/runZn4k2resExtplus/part073/
2 /p/QSOpt/NAEopt/optZ/runZn4k2resExtplus/part073/
3 /p/QSOpt/NAEopt/optZ/runZn4k2resExtplus/part073/
4 /p/QSOpt/NAEopt/optZ/runZn4k2resExtplus/part073/
5 /p/QSOpt/NAEopt/optZ/runZn4k2resExtplus/part073/
6 /p/QSOpt/NAEopt/optZ/runZn4k2resExtplus/part073/
7 /p/QSOpt/NAEopt/optZ/runZn4k2resExtplus/part073/
8 /p/QSOpt/NAEopt/optZ/runZn4k2resExtplus/part073/
9 /p/QSOpt/NAEopt/optZ/runZn4k2resExtplus/part073/
0 /p/QSOpt/NAEopt/optZ/runZn4k2resExtplus/part073/
0 /p/QSOpt/NAEopt/optZ/runZn4k2resExtplus/part073/
1 /p/QSOpt/NAEopt/optZ/runZn4k2resExtplus/part073/
2 /p/QSOpt/NAEopt/optZ/runZn4k2resExtplus/part073/
3 /p/QSOpt/NAEopt/optZ/runZn4k2resExtplus/part073/
4 /p/QSOpt/NAEopt/optZ/runZn4k2resExtplus/part073/
5 /p/QSOpt/NAEopt/optZ/runZn4k2resExtplus/part073/
6 /p/QSOpt/NAEopt/optZ/runZn4k2resExtplus/part073/
7 /p/QSOpt/NAEopt/optZ/runZn4k2resExtplus/part073/
8 /p/QSOpt/NAEopt/optZ/runZn4k2resExtplus/part073/
9 /p/QSOpt/NAEopt/optZ/runZn4k2resExtplus/part073/
1 /p/QSOpt/NAEopt/optZ/runZn4k2resExtplus/part073/
0 /p/QSOpt/NAEopt/optZ/runZn4k2resExtplus/part073/
1 /p/QSOpt/NAEopt/optZ/runZn4k2resExtplus/part073/
2 /p/QSOpt/NAEopt/optZ/runZn4k2resExtplus/part073/
3 /p/QSOpt/NAEopt/optZ/runZn4k2resExtplus/part073/
4 /p/QSOpt/NAEopt/optZ/runZn4k2resExtplus/part073/
5 /p/QSOpt/NAEopt/optZ/runZn4k2resExtplus/part073/
6 /p/QSOpt/NAEopt/optZ/runZn4k2resExtplus/part073/
7 /p/QSOpt/NAEopt/optZ/runZn4k2resExtplus/part073/
8 /p/QSOpt/NAEopt/optZ/runZn4k2resExtplus/part073/
9 /p/QSOpt/NAEopt/optZ/runZn4k2resExtplus/part073/
2 /p/QSOpt/NAEopt/optZ/runZn4k2resExtplus/part073/
0 /p/QSOpt/NAEopt/optZ/runZn4k2resExtplus/part073/
1 /p/QSOpt/NAEopt/optZ/runZn4k2resExtplus/part073/
2 /p/QSOpt/NAEopt/optZ/runZn4k2resExtplus/part073/
3 /p/QSOpt/NAEopt/optZ/runZn4k2resExtplus/part073/
4 /p/QSOpt/NAEopt/optZ/runZn4k2resExtplus/part073/
5 /p/QSOpt/NAEopt/optZ/runZn4k2resExtplus/part073/
6 /p/QSOpt/NAEopt/optZ/runZn4k2resExtplus/part073/
7 /p/QSOpt/NAEopt/optZ/runZn4k2resExtplus/part073/
8 /p/QSOpt/NAEopt/optZ/runZn4k2resExtplus/part073/
9 /p/QSOpt/NAEopt/optZ/runZn4k2resExtplus/part073/
3 /p/QSOpt/NAEopt/optZ/runZn4k2resExtplus/part073/
0 /p/QSOpt/NAEopt/optZ/runZn4k2resExtplus/part073/
1 /p/QSOpt/NAEopt/optZ/runZn4k2resExtplus/part073/
2 /p/QSOpt/NAEopt/optZ/runZn4k2resExtplus/part073/
3 /p/QSOpt/NAEopt/optZ/runZn4k2resExtplus/part073/
4 /p/QSOpt/NAEopt/optZ/runZn4k2resExtplus/part073/
5 /p/QSOpt/NAEopt/optZ/runZn4k2resExtplus/part073/
6 /p/QSOpt/NAEopt/optZ/runZn4k2resExtplus/part073/
7 /p/QSOpt/NAEopt/optZ/runZn4k2resExtplus/part073/
8 /p/QSOpt/NAEopt/optZ/runZn4k2resExtplus/part073/
9 /p/QSOpt/NAEopt/optZ/runZn4k2resExtplus/part073/
4 /p/QSOpt/NAEopt/optZ/runZn4k2resExtplus/part073/
0 /p/QSOpt/NAEopt/optZ/runZn4k2resExtplus/part073/
1 /p/QSOpt/NAEopt/optZ/runZn4k2resExtplus/part073/
2 /p/QSOpt/NAEopt/optZ/runZn4k2resExtplus/part073/
3 /p/QSOpt/NAEopt/optZ/runZn4k2resExtplus/part073/
4 /p/QSOpt/NAEopt/optZ/runZn4k2resExtplus/part073/
5 /p/QSOpt/NAEopt/optZ/runZn4k2resExtplus/part073/
6 /p/QSOpt/NAEopt/optZ/runZn4k2resExtplus/part073/
7 /p/QSOpt/NAEopt/optZ/runZn4k2resExtplus/part073/
8 /p/QSOpt/NAEopt/optZ/runZn4k2resExtplus/part073/
9 /p/QSOpt/NAEopt/optZ/runZn4k2resExtplus/part073/
5 /p/QSOpt/NAEopt/optZ/runZn4k2resExtplus/part073/
0 /p/QSOpt/NAEopt/optZ/runZn4k2resExtplus/part073/
1 /p/QSOpt/NAEopt/optZ/runZn4k2resExtplus/part073/
2 /p/QSOpt/NAEopt/optZ/runZn4k2resExtplus/part073/
3 /p/QSOpt/NAEopt/optZ/runZn4k2resExtplus/part073/
4 /p/QSOpt/NAEopt/optZ/runZn4k2resExtplus/part073/
5 /p/QSOpt/NAEopt/optZ/runZn4k2resExtplus/part073/
6 /p/QSOpt/NAEopt/optZ/runZn4k2resExtplus/part073/
7 /p/QSOpt/NAEopt/optZ/runZn4k2resExtplus/part073/
8 /p/QSOpt/NAEopt/optZ/runZn4k2resExtplus/part073/
9 /p/QSOpt/NAEopt/optZ/runZn4k2resExtplus/part073/
6 /p/QSOpt/NAEopt/optZ/runZn4k2resExtplus/part073/
0 /p/QSOpt/NAEopt/optZ/runZn4k2resExtplus/part073/
1 /p/QSOpt/NAEopt/optZ/runZn4k2resExtplus/part073/
2 /p/QSOpt/NAEopt/optZ/runZn4k2resExtplus/part073/
3 /p/QSOpt/NAEopt/optZ/runZn4k2resExtplus/part073/
4 /p/QSOpt/NAEopt/optZ/runZn4k2resExtplus/part073/
5 /p/QSOpt/NAEopt/optZ/runZn4k2resExtplus/part073/
6 /p/QSOpt/NAEopt/optZ/runZn4k2resExtplus/part073/
7 /p/QSOpt/NAEopt/optZ/runZn4k2resExtplus/part073/
8 /p/QSOpt/NAEopt/optZ/runZn4k2resExtplus/part073/
9 /p/QSOpt/NAEopt/optZ/runZn4k2resExtplus/part073/
7 /p/QSOpt/NAEopt/optZ/runZn4k2resExtplus/part073/
0 /p/QSOpt/NAEopt/optZ/runZn4k2resExtplus/part073/
1 /p/QSOpt/NAEopt/optZ/runZn4k2resExtplus/part073/
2 /p/QSOpt/NAEopt/optZ/runZn4k2resExtplus/part073/
3 /p/QSOpt/NAEopt/optZ/runZn4k2resExtplus/part073/
4 /p/QSOpt/NAEopt/optZ/runZn4k2resExtplus/part073/
5 /p/QSOpt/NAEopt/optZ/runZn4k2resExtplus/part073/
6 /p/QSOpt/NAEopt/optZ/runZn4k2resExtplus/part073/
7 /p/QSOpt/NAEopt/optZ/runZn4k2resExtplus/part073/
8 /p/QSOpt/NAEopt/optZ/runZn4k2resExtplus/part073/
9 /p/QSOpt/NAEopt/optZ/runZn4k2resExtplus/part073/
8 /p/QSOpt/NAEopt/optZ/runZn4k2resExtplus/part073/
0 /p/QSOpt/NAEopt/optZ/runZn4k2resExtplus/part073/
1 /p/QSOpt/NAEopt/optZ/runZn4k2resExtplus/part073/
2 /p/QSOpt/NAEopt/optZ/runZn4k2resExtplus/part073/
3 /p/QSOpt/NAEopt/optZ/runZn4k2resExtplus/part073/
4 /p/QSOpt/NAEopt/optZ/runZn4k2resExtplus/part073/
5 /p/QSOpt/NAEopt/optZ/runZn4k2resExtplus/part073/
6 /p/QSOpt/NAEopt/optZ/runZn4k2resExtplus/part073/
7 /p/QSOpt/NAEopt/optZ/runZn4k2resExtplus/part073/
8 /p/QSOpt/NAEopt/optZ/runZn4k2resExtplus/part073/
9 /p/QSOpt/NAEopt/optZ/runZn4k2resExtplus/part073/
9 /p/QSOpt/NAEopt/optZ/runZn4k2resExtplus/part073/
0 /p/QSOpt/NAEopt/optZ/runZn4k2resExtplus/part073/
1 /p/QSOpt/NAEopt/optZ/runZn4k2resExtplus/part073/
2 /p/QSOpt/NAEopt/optZ/runZn4k2resExtplus/part073/
3 /p/QSOpt/NAEopt/optZ/runZn4k2resExtplus/part073/
4 /p/QSOpt/NAEopt/optZ/runZn4k2resExtplus/part073/
5 /p/QSOpt/NAEopt/optZ/runZn4k2resExtplus/part073/
6 /p/QSOpt/NAEopt/optZ/runZn4k2resExtplus/part073/
7 /p/QSOpt/NAEopt/optZ/runZn4k2resExtplus/part073/
8 /p/QSOpt/NAEopt/optZ/runZn4k2resExtplus/part073/
9 /p/QSOpt/NAEopt/optZ/runZn4k2resExtplus/part073/
10 /p/QSOpt/NAEopt/optZ/runZn4k2resExtplus/part073/
0 /p/QSOpt/NAEopt/optZ/runZn4k2resExtplus/part073/
1 /p/QSOpt/NAEopt/optZ/runZn4k2resExtplus/part073/
2 /p/QSOpt/NAEopt/optZ/runZn4k2resExtplus/part073/
3 /p/QSOpt/NAEopt/optZ/runZn4k2resExtplus/part073/
4 /p/QSOpt/NAEopt/optZ/runZn4k2resExtplus/part073/
5 /p/QSOpt/NAEopt/optZ/runZn4k2resExtplus/part073/
6 /p/QSOpt/NAEopt/optZ/runZn4k2resExtplus/part073/
7 /p/QSOpt/NAEopt/optZ/runZn4k2resExtplus/part073/
8 /p/QSOpt/NAEopt/optZ/runZn4k2resExtplus/part073/
9 /p/QSOpt/NAEopt/optZ/runZn4k2resExtplus/part073/
11 /p/QSOpt/NAEopt/optZ/runZn4k2resExtplus/part073/
0 /p/QSOpt/NAEopt/optZ/runZn4k2resExtplus/part073/
1 /p/QSOpt/NAEopt/optZ/runZn4k2resExtplus/part073/
2 /p/QSOpt/NAEopt/optZ/runZn4k2resExtplus/part073/
3 /p/QSOpt/NAEopt/optZ/runZn4k2resExtplus/part073/
4 /p/QSOpt/NAEopt/optZ/runZn4k2resExtplus/part073/
5 /p/QSOpt/NAEopt/optZ/runZn4k2resExtplus/part073/
6 /p/QSOpt/NAEopt/optZ/runZn4k2resExtplus/part073/
7 /p/QSOpt/NAEopt/optZ/runZn4k2resExtplus/part073/
8 /p/QSOpt/NAEopt/optZ/runZn4k2resExtplus/part073/
9 /p/QSOpt/NAEopt/optZ/runZn4k2resExtplus/part073/
12 /p/QSOpt/NAEopt/optZ/runZn4k2resExtplus/part073/
0 /p/QSOpt/NAEopt/optZ/runZn4k2resExtplus/part073/
1 /p/QSOpt/NAEopt/optZ/runZn4k2resExtplus/part073/
2 /p/QSOpt/NAEopt/optZ/runZn4k2resExtplus/part073/
3 /p/QSOpt/NAEopt/optZ/runZn4k2resExtplus/part073/
4 /p/QSOpt/NAEopt/optZ/runZn4k2resExtplus/part073/
5 /p/QSOpt/NAEopt/optZ/runZn4k2resExtplus/part073/
6 /p/QSOpt/NAEopt/optZ/runZn4k2resExtplus/part073/
7 /p/QSOpt/NAEopt/optZ/runZn4k2resExtplus/part073/
8 /p/QSOpt/NAEopt/optZ/runZn4k2resExtplus/part073/
9 /p/QSOpt/NAEopt/optZ/runZn4k2resExtplus/part073/
13 /p/QSOpt/NAEopt/optZ/runZn4k2resExtplus/part073/
0 /p/QSOpt/NAEopt/optZ/runZn4k2resExtplus/part073/
1 /p/QSOpt/NAEopt/optZ/runZn4k2resExtplus/part073/
2 /p/QSOpt/NAEopt/optZ/runZn4k2resExtplus/part073/
3 /p/QSOpt/NAEopt/optZ/runZn4k2resExtplus/part073/
4 /p/QSOpt/NAEopt/optZ/runZn4k2resExtplus/part073/
5 /p/QSOpt/NAEopt/optZ/runZn4k2resExtplus/part073/
6 /p/QSOpt/NAEopt/optZ/runZn4k2resExtplus/part073/
7 /p/QSOpt/NAEopt/optZ/runZn4k2resExtplus/part073/
8 /p/QSOpt/NAEopt/optZ/runZn4k2resExtplus/part073/
9 /p/QSOpt/NAEopt/optZ/runZn4k2resExtplus/part073/
14 /p/QSOpt/NAEopt/optZ/runZn4k2resExtplus/part073/
