python optAnhark2optZ.py 15 0.51 0.54 10 -0.023999999999999994 -0.011999999999999997 /p/QSOpt/NAEopt/optZ/runZn4k2resExtplus/part074/
0 /p/QSOpt/NAEopt/optZ/runZn4k2resExtplus/part074/
1 /p/QSOpt/NAEopt/optZ/runZn4k2resExtplus/part074/
2 /p/QSOpt/NAEopt/optZ/runZn4k2resExtplus/part074/
3 /p/QSOpt/NAEopt/optZ/runZn4k2resExtplus/part074/
4 /p/QSOpt/NAEopt/optZ/runZn4k2resExtplus/part074/
5 /p/QSOpt/NAEopt/optZ/runZn4k2resExtplus/part074/
6 /p/QSOpt/NAEopt/optZ/runZn4k2resExtplus/part074/
7 /p/QSOpt/NAEopt/optZ/runZn4k2resExtplus/part074/
8 /p/QSOpt/NAEopt/optZ/runZn4k2resExtplus/part074/
9 /p/QSOpt/NAEopt/optZ/runZn4k2resExtplus/part074/
0 /p/QSOpt/NAEopt/optZ/runZn4k2resExtplus/part074/
0 /p/QSOpt/NAEopt/optZ/runZn4k2resExtplus/part074/
1 /p/QSOpt/NAEopt/optZ/runZn4k2resExtplus/part074/
2 /p/QSOpt/NAEopt/optZ/runZn4k2resExtplus/part074/
3 /p/QSOpt/NAEopt/optZ/runZn4k2resExtplus/part074/
4 /p/QSOpt/NAEopt/optZ/runZn4k2resExtplus/part074/
5 /p/QSOpt/NAEopt/optZ/runZn4k2resExtplus/part074/
6 /p/QSOpt/NAEopt/optZ/runZn4k2resExtplus/part074/
7 /p/QSOpt/NAEopt/optZ/runZn4k2resExtplus/part074/
8 /p/QSOpt/NAEopt/optZ/runZn4k2resExtplus/part074/
9 /p/QSOpt/NAEopt/optZ/runZn4k2resExtplus/part074/
1 /p/QSOpt/NAEopt/optZ/runZn4k2resExtplus/part074/
0 /p/QSOpt/NAEopt/optZ/runZn4k2resExtplus/part074/
1 /p/QSOpt/NAEopt/optZ/runZn4k2resExtplus/part074/
2 /p/QSOpt/NAEopt/optZ/runZn4k2resExtplus/part074/
3 /p/QSOpt/NAEopt/optZ/runZn4k2resExtplus/part074/
4 /p/QSOpt/NAEopt/optZ/runZn4k2resExtplus/part074/
5 /p/QSOpt/NAEopt/optZ/runZn4k2resExtplus/part074/
6 /p/QSOpt/NAEopt/optZ/runZn4k2resExtplus/part074/
7 /p/QSOpt/NAEopt/optZ/runZn4k2resExtplus/part074/
8 /p/QSOpt/NAEopt/optZ/runZn4k2resExtplus/part074/
9 /p/QSOpt/NAEopt/optZ/runZn4k2resExtplus/part074/
2 /p/QSOpt/NAEopt/optZ/runZn4k2resExtplus/part074/
0 /p/QSOpt/NAEopt/optZ/runZn4k2resExtplus/part074/
1 /p/QSOpt/NAEopt/optZ/runZn4k2resExtplus/part074/
2 /p/QSOpt/NAEopt/optZ/runZn4k2resExtplus/part074/
3 /p/QSOpt/NAEopt/optZ/runZn4k2resExtplus/part074/
4 /p/QSOpt/NAEopt/optZ/runZn4k2resExtplus/part074/
5 /p/QSOpt/NAEopt/optZ/runZn4k2resExtplus/part074/
6 /p/QSOpt/NAEopt/optZ/runZn4k2resExtplus/part074/
7 /p/QSOpt/NAEopt/optZ/runZn4k2resExtplus/part074/
8 /p/QSOpt/NAEopt/optZ/runZn4k2resExtplus/part074/
9 /p/QSOpt/NAEopt/optZ/runZn4k2resExtplus/part074/
3 /p/QSOpt/NAEopt/optZ/runZn4k2resExtplus/part074/
0 /p/QSOpt/NAEopt/optZ/runZn4k2resExtplus/part074/
1 /p/QSOpt/NAEopt/optZ/runZn4k2resExtplus/part074/
2 /p/QSOpt/NAEopt/optZ/runZn4k2resExtplus/part074/
3 /p/QSOpt/NAEopt/optZ/runZn4k2resExtplus/part074/
4 /p/QSOpt/NAEopt/optZ/runZn4k2resExtplus/part074/
5 /p/QSOpt/NAEopt/optZ/runZn4k2resExtplus/part074/
6 /p/QSOpt/NAEopt/optZ/runZn4k2resExtplus/part074/
7 /p/QSOpt/NAEopt/optZ/runZn4k2resExtplus/part074/
8 /p/QSOpt/NAEopt/optZ/runZn4k2resExtplus/part074/
9 /p/QSOpt/NAEopt/optZ/runZn4k2resExtplus/part074/
4 /p/QSOpt/NAEopt/optZ/runZn4k2resExtplus/part074/
0 /p/QSOpt/NAEopt/optZ/runZn4k2resExtplus/part074/
1 /p/QSOpt/NAEopt/optZ/runZn4k2resExtplus/part074/
2 /p/QSOpt/NAEopt/optZ/runZn4k2resExtplus/part074/
3 /p/QSOpt/NAEopt/optZ/runZn4k2resExtplus/part074/
4 /p/QSOpt/NAEopt/optZ/runZn4k2resExtplus/part074/
5 /p/QSOpt/NAEopt/optZ/runZn4k2resExtplus/part074/
6 /p/QSOpt/NAEopt/optZ/runZn4k2resExtplus/part074/
7 /p/QSOpt/NAEopt/optZ/runZn4k2resExtplus/part074/
8 /p/QSOpt/NAEopt/optZ/runZn4k2resExtplus/part074/
9 /p/QSOpt/NAEopt/optZ/runZn4k2resExtplus/part074/
5 /p/QSOpt/NAEopt/optZ/runZn4k2resExtplus/part074/
0 /p/QSOpt/NAEopt/optZ/runZn4k2resExtplus/part074/
1 /p/QSOpt/NAEopt/optZ/runZn4k2resExtplus/part074/
2 /p/QSOpt/NAEopt/optZ/runZn4k2resExtplus/part074/
3 /p/QSOpt/NAEopt/optZ/runZn4k2resExtplus/part074/
4 /p/QSOpt/NAEopt/optZ/runZn4k2resExtplus/part074/
5 /p/QSOpt/NAEopt/optZ/runZn4k2resExtplus/part074/
6 /p/QSOpt/NAEopt/optZ/runZn4k2resExtplus/part074/
7 /p/QSOpt/NAEopt/optZ/runZn4k2resExtplus/part074/
8 /p/QSOpt/NAEopt/optZ/runZn4k2resExtplus/part074/
9 /p/QSOpt/NAEopt/optZ/runZn4k2resExtplus/part074/
6 /p/QSOpt/NAEopt/optZ/runZn4k2resExtplus/part074/
0 /p/QSOpt/NAEopt/optZ/runZn4k2resExtplus/part074/
1 /p/QSOpt/NAEopt/optZ/runZn4k2resExtplus/part074/
2 /p/QSOpt/NAEopt/optZ/runZn4k2resExtplus/part074/
3 /p/QSOpt/NAEopt/optZ/runZn4k2resExtplus/part074/
4 /p/QSOpt/NAEopt/optZ/runZn4k2resExtplus/part074/
5 /p/QSOpt/NAEopt/optZ/runZn4k2resExtplus/part074/
6 /p/QSOpt/NAEopt/optZ/runZn4k2resExtplus/part074/
7 /p/QSOpt/NAEopt/optZ/runZn4k2resExtplus/part074/
8 /p/QSOpt/NAEopt/optZ/runZn4k2resExtplus/part074/
9 /p/QSOpt/NAEopt/optZ/runZn4k2resExtplus/part074/
7 /p/QSOpt/NAEopt/optZ/runZn4k2resExtplus/part074/
0 /p/QSOpt/NAEopt/optZ/runZn4k2resExtplus/part074/
1 /p/QSOpt/NAEopt/optZ/runZn4k2resExtplus/part074/
2 /p/QSOpt/NAEopt/optZ/runZn4k2resExtplus/part074/
3 /p/QSOpt/NAEopt/optZ/runZn4k2resExtplus/part074/
4 /p/QSOpt/NAEopt/optZ/runZn4k2resExtplus/part074/
5 /p/QSOpt/NAEopt/optZ/runZn4k2resExtplus/part074/
6 /p/QSOpt/NAEopt/optZ/runZn4k2resExtplus/part074/
7 /p/QSOpt/NAEopt/optZ/runZn4k2resExtplus/part074/
8 /p/QSOpt/NAEopt/optZ/runZn4k2resExtplus/part074/
9 /p/QSOpt/NAEopt/optZ/runZn4k2resExtplus/part074/
8 /p/QSOpt/NAEopt/optZ/runZn4k2resExtplus/part074/
0 /p/QSOpt/NAEopt/optZ/runZn4k2resExtplus/part074/
1 /p/QSOpt/NAEopt/optZ/runZn4k2resExtplus/part074/
2 /p/QSOpt/NAEopt/optZ/runZn4k2resExtplus/part074/
3 /p/QSOpt/NAEopt/optZ/runZn4k2resExtplus/part074/
4 /p/QSOpt/NAEopt/optZ/runZn4k2resExtplus/part074/
5 /p/QSOpt/NAEopt/optZ/runZn4k2resExtplus/part074/
6 /p/QSOpt/NAEopt/optZ/runZn4k2resExtplus/part074/
7 /p/QSOpt/NAEopt/optZ/runZn4k2resExtplus/part074/
8 /p/QSOpt/NAEopt/optZ/runZn4k2resExtplus/part074/
9 /p/QSOpt/NAEopt/optZ/runZn4k2resExtplus/part074/
9 /p/QSOpt/NAEopt/optZ/runZn4k2resExtplus/part074/
0 /p/QSOpt/NAEopt/optZ/runZn4k2resExtplus/part074/
1 /p/QSOpt/NAEopt/optZ/runZn4k2resExtplus/part074/
2 /p/QSOpt/NAEopt/optZ/runZn4k2resExtplus/part074/
3 /p/QSOpt/NAEopt/optZ/runZn4k2resExtplus/part074/
4 /p/QSOpt/NAEopt/optZ/runZn4k2resExtplus/part074/
5 /p/QSOpt/NAEopt/optZ/runZn4k2resExtplus/part074/
6 /p/QSOpt/NAEopt/optZ/runZn4k2resExtplus/part074/
7 /p/QSOpt/NAEopt/optZ/runZn4k2resExtplus/part074/
8 /p/QSOpt/NAEopt/optZ/runZn4k2resExtplus/part074/
9 /p/QSOpt/NAEopt/optZ/runZn4k2resExtplus/part074/
10 /p/QSOpt/NAEopt/optZ/runZn4k2resExtplus/part074/
0 /p/QSOpt/NAEopt/optZ/runZn4k2resExtplus/part074/
1 /p/QSOpt/NAEopt/optZ/runZn4k2resExtplus/part074/
2 /p/QSOpt/NAEopt/optZ/runZn4k2resExtplus/part074/
3 /p/QSOpt/NAEopt/optZ/runZn4k2resExtplus/part074/
4 /p/QSOpt/NAEopt/optZ/runZn4k2resExtplus/part074/
5 /p/QSOpt/NAEopt/optZ/runZn4k2resExtplus/part074/
6 /p/QSOpt/NAEopt/optZ/runZn4k2resExtplus/part074/
7 /p/QSOpt/NAEopt/optZ/runZn4k2resExtplus/part074/
8 /p/QSOpt/NAEopt/optZ/runZn4k2resExtplus/part074/
9 /p/QSOpt/NAEopt/optZ/runZn4k2resExtplus/part074/
11 /p/QSOpt/NAEopt/optZ/runZn4k2resExtplus/part074/
0 /p/QSOpt/NAEopt/optZ/runZn4k2resExtplus/part074/
1 /p/QSOpt/NAEopt/optZ/runZn4k2resExtplus/part074/
2 /p/QSOpt/NAEopt/optZ/runZn4k2resExtplus/part074/
3 /p/QSOpt/NAEopt/optZ/runZn4k2resExtplus/part074/
4 /p/QSOpt/NAEopt/optZ/runZn4k2resExtplus/part074/
5 /p/QSOpt/NAEopt/optZ/runZn4k2resExtplus/part074/
6 /p/QSOpt/NAEopt/optZ/runZn4k2resExtplus/part074/
7 /p/QSOpt/NAEopt/optZ/runZn4k2resExtplus/part074/
8 /p/QSOpt/NAEopt/optZ/runZn4k2resExtplus/part074/
9 /p/QSOpt/NAEopt/optZ/runZn4k2resExtplus/part074/
12 /p/QSOpt/NAEopt/optZ/runZn4k2resExtplus/part074/
0 /p/QSOpt/NAEopt/optZ/runZn4k2resExtplus/part074/
1 /p/QSOpt/NAEopt/optZ/runZn4k2resExtplus/part074/
2 /p/QSOpt/NAEopt/optZ/runZn4k2resExtplus/part074/
3 /p/QSOpt/NAEopt/optZ/runZn4k2resExtplus/part074/
4 /p/QSOpt/NAEopt/optZ/runZn4k2resExtplus/part074/
5 /p/QSOpt/NAEopt/optZ/runZn4k2resExtplus/part074/
6 /p/QSOpt/NAEopt/optZ/runZn4k2resExtplus/part074/
7 /p/QSOpt/NAEopt/optZ/runZn4k2resExtplus/part074/
8 /p/QSOpt/NAEopt/optZ/runZn4k2resExtplus/part074/
9 /p/QSOpt/NAEopt/optZ/runZn4k2resExtplus/part074/
13 /p/QSOpt/NAEopt/optZ/runZn4k2resExtplus/part074/
0 /p/QSOpt/NAEopt/optZ/runZn4k2resExtplus/part074/
1 /p/QSOpt/NAEopt/optZ/runZn4k2resExtplus/part074/
2 /p/QSOpt/NAEopt/optZ/runZn4k2resExtplus/part074/
3 /p/QSOpt/NAEopt/optZ/runZn4k2resExtplus/part074/
4 /p/QSOpt/NAEopt/optZ/runZn4k2resExtplus/part074/
5 /p/QSOpt/NAEopt/optZ/runZn4k2resExtplus/part074/
6 /p/QSOpt/NAEopt/optZ/runZn4k2resExtplus/part074/
7 /p/QSOpt/NAEopt/optZ/runZn4k2resExtplus/part074/
8 /p/QSOpt/NAEopt/optZ/runZn4k2resExtplus/part074/
9 /p/QSOpt/NAEopt/optZ/runZn4k2resExtplus/part074/
14 /p/QSOpt/NAEopt/optZ/runZn4k2resExtplus/part074/
